[2025-08-13T03:00:00.171Z] 2025-08-13 05:00:00 [CLIENT DISCORD] [32m🌙 Tâches de la nuit exécutées ![39m
[2025-08-13T03:00:00.208Z] 2025-08-13 05:00:00 [DEBUG] 📦 Checking version from local...
[2025-08-13T03:00:00.212Z] 2025-08-13 05:00:00 [CLIENT DISCORD] 📦 Nom : catherine
[2025-08-13T03:00:00.213Z] 2025-08-13 05:00:00 [CLIENT DISCORD] 🕒 Version locale : 2.1.2
[2025-08-13T03:00:00.214Z] 2025-08-13 05:00:00 [DEBUG] 🌐 Checking version from GitHub...
[2025-08-13T03:00:00.223Z] 2025-08-13 05:00:00 [WARN] [REBOOT] Attention, Catherine redémarre (checker les logs). Instruction reboot.js
[2025-08-13T03:00:08.732Z] 2025-08-13 05:00:08 [CLIENT DISCORD] Les modules [32mloggers[39m ont correctement été exportés.
[2025-08-13T03:00:08.770Z] [EVENT] 2025-08-13 05:00:08 [📅 EVENT NOTIFY] Chargé : guildBanAdd
[2025-08-13T03:00:08.772Z] [EVENT] 2025-08-13 05:00:08 [📅 EVENT NOTIFY] Chargé : guildBanRemove
[2025-08-13T03:00:08.773Z] [EVENT] 2025-08-13 05:00:08 [📅 EVENT NOTIFY] Chargé : guildMemberAdd
[2025-08-13T03:00:08.775Z] [EVENT] 2025-08-13 05:00:08 [📅 EVENT NOTIFY] Chargé : guildMemberRemove
[2025-08-13T03:00:08.781Z] 2025-08-13 05:00:08 [CLIENT DISCORD] Les modules  [32mutils.js[39m [0m ont correctement été exporté.[0m
[2025-08-13T03:00:10.091Z] 2025-08-13 05:00:10 [CLIENT DISCORD] L'interaction  [32mbuttons.js[39m [0m ont correctement été exporté.[0m
[2025-08-13T03:00:10.395Z] 2025-08-13 05:00:10 [CLIENT DISCORD] L'interaction  [32mmodals.js[39m [0m ont correctement été exporté.[0m
[2025-08-13T03:00:10.396Z] [EVENT] 2025-08-13 05:00:10 [📅 EVENT NOTIFY] Chargé : interactionCreate
[2025-08-13T03:00:10.402Z] [EVENT] 2025-08-13 05:00:10 [📅 EVENT NOTIFY] Chargé : messageCreate
[2025-08-13T03:00:10.405Z] [EVENT] 2025-08-13 05:00:10 [📅 EVENT NOTIFY] Chargé : messageDelete
[2025-08-13T03:00:10.408Z] [EVENT] 2025-08-13 05:00:10 [📅 EVENT NOTIFY] Chargé : messageUpdate
[2025-08-13T03:00:10.430Z] 2025-08-13 05:00:10 [CLIENT DISCORD] Les modules  [32mcommands.js[39m [0m ont correctement été exporté.[0m
[2025-08-13T03:00:10.443Z] [EVENT] 2025-08-13 05:00:10 [📅 EVENT NOTIFY] Chargé : ready
[2025-08-13T03:00:10.444Z] [EVENT] 2025-08-13 05:00:10 [📅 EVENT NOTIFY] Chargé : voiceStateUpdate
[2025-08-13T03:00:10.448Z] [COMMANDS] 2025-08-13 05:00:10 [📌 COMMANDS NOTIFY] Chargée : ban
[2025-08-13T03:00:10.449Z] [COMMANDS] 2025-08-13 05:00:10 [📌 COMMANDS NOTIFY] Chargée : clear
[2025-08-13T03:00:10.450Z] [COMMANDS] 2025-08-13 05:00:10 [📌 COMMANDS NOTIFY] Chargée : createreport
[2025-08-13T03:00:10.451Z] [COMMANDS] 2025-08-13 05:00:10 [📌 COMMANDS NOTIFY] Chargée : div
[2025-08-13T03:00:10.452Z] [COMMANDS] 2025-08-13 05:00:10 [📌 COMMANDS NOTIFY] Chargée : help
[2025-08-13T03:00:10.453Z] [COMMANDS] 2025-08-13 05:00:10 [📌 COMMANDS NOTIFY] Chargée : info
[2025-08-13T03:00:10.454Z] [COMMANDS] 2025-08-13 05:00:10 [📌 COMMANDS NOTIFY] Chargée : infoshift
[2025-08-13T03:00:10.455Z] [COMMANDS] 2025-08-13 05:00:10 [📌 COMMANDS NOTIFY] Chargée : kick
[2025-08-13T03:00:10.457Z] [COMMANDS] 2025-08-13 05:00:10 [📌 COMMANDS NOTIFY] Chargée : mute
[2025-08-13T03:00:10.459Z] [COMMANDS] 2025-08-13 05:00:10 [📌 COMMANDS NOTIFY] Chargée : openservice
[2025-08-13T03:00:10.462Z] [COMMANDS] 2025-08-13 05:00:10 [📌 COMMANDS NOTIFY] Chargée : pex
[2025-08-13T03:00:10.492Z] [COMMANDS] 2025-08-13 05:00:10 [📌 COMMANDS NOTIFY] Chargée : play
[2025-08-13T03:00:10.493Z] [COMMANDS] 2025-08-13 05:00:10 [📌 COMMANDS NOTIFY] Chargée : promote
[2025-08-13T03:00:10.494Z] [COMMANDS] 2025-08-13 05:00:10 [📌 COMMANDS NOTIFY] Chargée : recruit
[2025-08-13T03:00:10.495Z] [COMMANDS] 2025-08-13 05:00:10 [📌 COMMANDS NOTIFY] Chargée : rename
[2025-08-13T03:00:10.497Z] [COMMANDS] 2025-08-13 05:00:10 [📌 COMMANDS NOTIFY] Chargée : role
[2025-08-13T03:00:10.498Z] [COMMANDS] 2025-08-13 05:00:10 [📌 COMMANDS NOTIFY] Chargée : send
[2025-08-13T03:00:10.499Z] [COMMANDS] 2025-08-13 05:00:10 [📌 COMMANDS NOTIFY] Chargée : shift
[2025-08-13T03:00:10.501Z] [COMMANDS] 2025-08-13 05:00:10 [📌 COMMANDS NOTIFY] Chargée : ticket
[2025-08-13T03:00:10.502Z] [COMMANDS] 2025-08-13 05:00:10 [📌 COMMANDS NOTIFY] Chargée : userinfo
[2025-08-13T03:00:10.503Z] [COMMANDS] 2025-08-13 05:00:10 [📌 COMMANDS NOTIFY] Chargée : warn
[2025-08-13T03:00:10.508Z] 2025-08-13 05:00:10 [CLIENT DISCORD] [42m[30mChargement des informations du package.[39m[49m
[42m[30m[39m[49m [46m[PACKAGE][49m [32mAuth. : François 🌸[39m
[32m[39m [46m[PACKAGE][49m [32mDepd. : axios, chalk, cron, discord-html-transcripts, discord-player, discord.js, distube, dotenv, express, express-session, form-data, fs, googleapis, luxon, node-cron, node-fetch, ora, patch, path, pdf-lib, pdfkit, play-dl, readline, rl, uuid[39m
[32m[39m [46m[PACKAGE][49m [32mDesc. : Official Bot Catherine for 911 Community.[39m
[32m[39m [46m[PACKAGE][49m [32mLisc. : ISC[39m
[32m[39m [46m[PACKAGE][49m [32mMain. : index.js[39m
[32m[39m [46m[PACKAGE][49m [32mName. : catherine[39m
[32m[39m [46m[PACKAGE][49m [32mScrp. : {"test":"echo \"Error: no test specified\" && exit 1","start":"node server.js"}[39m
[32m[39m [46m[PACKAGE][49m [32mVers. : 2.1.2[39m
[32m[39m [46m[PACKAGE][49m [32mPatch Note. : **[PN - 07/06]** *Passage 2.0 with new patch (shift, tabs... new commands handler)*[39m
[32m[39m
[2025-08-13T03:00:11.527Z] 2025-08-13 05:00:11 [DEBUG] 📦 Checking version from local...
[2025-08-13T03:00:11.528Z] 2025-08-13 05:00:11 [CLIENT DISCORD] 📦 Nom : catherine
[2025-08-13T03:00:11.528Z] 2025-08-13 05:00:11 [CLIENT DISCORD] 🕒 Version locale : 2.1.2
[2025-08-13T03:00:11.528Z] 2025-08-13 05:00:11 [DEBUG] 🌐 Checking version from GitHub...
[2025-08-13T03:00:11.749Z] 2025-08-13 05:00:11 [CLIENT DISCORD] 📦 Nom GitHub : catherine
[2025-08-13T03:00:11.750Z] 2025-08-13 05:00:11 [CLIENT DISCORD] 🕒 Version distante : 2.1.2
[2025-08-13T03:00:11.751Z] [INFO] 2025-08-13 05:00:11 [ℹ️ INFO NOTIFY] ✅ Les versions sont identiques.
[2025-08-13T03:00:11.751Z] 2025-08-13 05:00:11 [CLIENT DISCORD] [34m==============================[39m
[2025-08-13T03:00:11.751Z] 2025-08-13 05:00:11 [CLIENT DISCORD] [32m🚀 Démarrage du bot...[39m
[2025-08-13T03:00:11.751Z] 2025-08-13 05:00:11 [CLIENT DISCORD] [33m🔗 Connexion à Discord API...[39m
[2025-08-13T03:00:11.751Z] 2025-08-13 05:00:11 [CLIENT DISCORD] [36m✅ Bot RP en ligne ! Connecté en tant que 293 | Catherine#8045[39m
[2025-08-13T03:00:11.752Z] 2025-08-13 05:00:11 [CLIENT DISCORD] [34m==============================[39m
[34m[39m
[2025-08-13T03:00:11.764Z] 2025-08-13 05:00:11 [CLIENT DISCORD] [player] Initialisation du Player terminée.
[2025-08-13T03:00:11.769Z] 2025-08-13 05:00:11 [CLIENT DISCORD] [player] Extracteurs chargés avec succès.
[2025-08-13T03:00:11.769Z] 2025-08-13 05:00:11 [CLIENT DISCORD] 📥 Serveur trouvé : Georgia State Police (GSP)
[2025-08-13T03:00:11.952Z] 2025-08-13 05:00:11 [CLIENT DISCORD] 🔍 Commandes déjà présentes : play, rules, createreport, div, role, info, pex, openservice, infoshift, recruit, help, ban, ticket, shutdown, userinfo, send, clear, kick, warn, mute, rename, shift, promote
[2025-08-13T03:00:11.955Z] 2025-08-13 05:00:11 [WARN] ⚠️ Les commandes sont déjà enregistrées. Lance avec 'debug' pour forcer l'écrasement.
[2025-08-13T03:00:11.957Z] 2025-08-13 05:00:11 [CLIENT DISCORD] 🎮 Statut et activité mis à jour.
[2025-08-13T03:00:11.958Z] 2025-08-13 05:00:11 [CLIENT DISCORD] 📌 Mode de lancement : [33mAucun[39m
[2025-08-13T03:00:11.959Z] 2025-08-13 05:00:11 [CLIENT DISCORD] ✅ Bot prêt en tant que 293 | Catherine#8045
[2025-08-13T06:00:00.182Z] 2025-08-13 08:00:00 [CLIENT DISCORD] [32m🌅 Tâches du matin exécutées ![39m
[2025-08-13T06:00:00.216Z] 2025-08-13 08:00:00 [CLIENT DISCORD] [Cron] 🕒 Démarrage de la régénération automatique de la hiérarchie (tabs)...
[2025-08-13T06:00:00.224Z] 2025-08-13 08:00:00 [CLIENT DISCORD] [Cron] 🕒 Démarrage de la régénération automatique de la hiérarchie... (div)
[2025-08-13T06:00:00.228Z] 2025-08-13 08:00:00 [CLIENT DISCORD] 🔍 Vérification des règles...
[2025-08-13T06:00:00.244Z] 2025-08-13 08:00:00 [DEBUG] 📦 Checking version from local...
[2025-08-13T06:00:00.246Z] 2025-08-13 08:00:00 [CLIENT DISCORD] 📦 Nom : catherine
[2025-08-13T06:00:00.247Z] 2025-08-13 08:00:00 [CLIENT DISCORD] 🕒 Version locale : 2.1.2
[2025-08-13T06:00:00.249Z] 2025-08-13 08:00:00 [DEBUG] 🌐 Checking version from GitHub...
[2025-08-13T06:00:00.297Z] 2025-08-13 08:00:00 [CLIENT DISCORD] ✅ rules_1.txt inchangé, pas de mise à jour.
[2025-08-13T06:00:00.298Z] 2025-08-13 08:00:00 [CLIENT DISCORD] ✅ rules_2.txt inchangé, pas de mise à jour.
[2025-08-13T06:00:00.300Z] 2025-08-13 08:00:00 [CLIENT DISCORD] ✅ Vérification des règles terminée.
[2025-08-13T06:00:00.386Z] 2025-08-13 08:00:00 [CLIENT DISCORD] [EXPORT] access.json mis à jour avec 13 exécutif(s), 3 superviseur(s) et 2 commandement(s)
[2025-08-13T06:00:00.592Z] 2025-08-13 08:00:00 [CLIENT DISCORD] 📦 Nom GitHub : catherine
[2025-08-13T06:00:00.593Z] 2025-08-13 08:00:00 [CLIENT DISCORD] 🕒 Version distante : 2.1.2
[2025-08-13T06:00:00.595Z] [INFO] 2025-08-13 08:00:00 [ℹ️ INFO NOTIFY] ✅ Les versions sont identiques.
[2025-08-13T06:00:00.941Z] [NOTIFY] 2025-08-13 08:00:00 [🟢 SOFT NOTIFY] Message DIV supprimé
[2025-08-13T06:00:01.233Z] [NOTIFY] 2025-08-13 08:00:01 [🟢 SOFT NOTIFY] Message TABS supprimé
[2025-08-13T06:00:04.969Z] 2025-08-13 08:00:04 [CLIENT DISCORD] [✅] Hiérarchie DIV envoyée.
[2025-08-13T06:00:04.972Z] 2025-08-13 08:00:04 [CLIENT DISCORD] [Cron] 🕒 Fin de la régénération automatique de la hiérarchie.
[2025-08-13T06:00:06.085Z] 2025-08-13 08:00:06 [CLIENT DISCORD] [✅] Hiérarchie TABS envoyée.
[2025-08-13T06:00:06.086Z] 2025-08-13 08:00:06 [CLIENT DISCORD] [Cron] 🕒 Fin de la régénération automatique de la hiérarchie.
[2025-08-13T14:00:00.125Z] 2025-08-13 16:00:00 [CLIENT DISCORD] [32m🌇 Tâches du soir exécutées ![39m
[2025-08-13T14:00:00.148Z] 2025-08-13 16:00:00 [CLIENT DISCORD] [Cron] 🕒 Démarrage de la régénération automatique de la hiérarchie (tabs)...
[2025-08-13T14:00:00.153Z] 2025-08-13 16:00:00 [CLIENT DISCORD] [Cron] 🕒 Démarrage de la régénération automatique de la hiérarchie... (div)
[2025-08-13T14:00:00.156Z] 2025-08-13 16:00:00 [CLIENT DISCORD] 🔍 Vérification des règles...
[2025-08-13T14:00:00.167Z] 2025-08-13 16:00:00 [DEBUG] 📦 Checking version from local...
[2025-08-13T14:00:00.170Z] 2025-08-13 16:00:00 [CLIENT DISCORD] 📦 Nom : catherine
[2025-08-13T14:00:00.171Z] 2025-08-13 16:00:00 [CLIENT DISCORD] 🕒 Version locale : 2.1.2
[2025-08-13T14:00:00.173Z] 2025-08-13 16:00:00 [DEBUG] 🌐 Checking version from GitHub...
[2025-08-13T14:00:00.225Z] 2025-08-13 16:00:00 [CLIENT DISCORD] ✅ rules_1.txt inchangé, pas de mise à jour.
[2025-08-13T14:00:00.226Z] 2025-08-13 16:00:00 [CLIENT DISCORD] ✅ rules_2.txt inchangé, pas de mise à jour.
[2025-08-13T14:00:00.227Z] 2025-08-13 16:00:00 [CLIENT DISCORD] ✅ Vérification des règles terminée.
[2025-08-13T14:00:00.307Z] 2025-08-13 16:00:00 [CLIENT DISCORD] [EXPORT] access.json mis à jour avec 13 exécutif(s), 3 superviseur(s) et 2 commandement(s)
[2025-08-13T14:00:00.514Z] [NOTIFY] 2025-08-13 16:00:00 [🟢 SOFT NOTIFY] Message DIV supprimé
[2025-08-13T14:00:00.547Z] 2025-08-13 16:00:00 [CLIENT DISCORD] 📦 Nom GitHub : catherine
[2025-08-13T14:00:00.548Z] 2025-08-13 16:00:00 [CLIENT DISCORD] 🕒 Version distante : 2.1.2
[2025-08-13T14:00:00.553Z] [INFO] 2025-08-13 16:00:00 [ℹ️ INFO NOTIFY] ✅ Les versions sont identiques.
[2025-08-13T14:00:00.857Z] [NOTIFY] 2025-08-13 16:00:00 [🟢 SOFT NOTIFY] Message TABS supprimé
[2025-08-13T14:00:02.401Z] 2025-08-13 16:00:02 [CLIENT DISCORD] [✅] Hiérarchie DIV envoyée.
[2025-08-13T14:00:02.402Z] 2025-08-13 16:00:02 [CLIENT DISCORD] [Cron] 🕒 Fin de la régénération automatique de la hiérarchie.
[2025-08-13T14:00:03.231Z] 2025-08-13 16:00:03 [CLIENT DISCORD] [✅] Hiérarchie TABS envoyée.
[2025-08-13T14:00:03.301Z] 2025-08-13 16:00:03 [CLIENT DISCORD] [Cron] 🕒 Fin de la régénération automatique de la hiérarchie.
