[2025-09-24T08:39:48.821Z] 2025-09-24 10:39:48 [CLIENT DISCORD] Les modules [32mloggers[39m ont correctement été exportés.
[2025-09-24T08:39:48.822Z] 2025-09-24 10:39:48 [DEBUG] 📦 Checking version from local...
[2025-09-24T08:39:48.822Z] 2025-09-24 10:39:48 [CLIENT DISCORD] 📦 Nom : catherine
[2025-09-24T08:39:48.822Z] 2025-09-24 10:39:48 [CLIENT DISCORD] 🕒 Version locale : 2.3.1
[2025-09-24T08:39:48.822Z] 2025-09-24 10:39:48 [DEBUG] 🌐 Checking version from GitHub...
[2025-09-24T08:39:48.842Z] [EVENT] 2025-09-24 10:39:48 [📅 EVENT NOTIFY] Chargé : guildBanAdd
[2025-09-24T08:39:48.842Z] [EVENT] 2025-09-24 10:39:48 [📅 EVENT NOTIFY] Chargé : guildBanRemove
[2025-09-24T08:39:48.843Z] [EVENT] 2025-09-24 10:39:48 [📅 EVENT NOTIFY] Chargé : guildMemberAdd
[2025-09-24T08:39:48.843Z] [EVENT] 2025-09-24 10:39:48 [📅 EVENT NOTIFY] Chargé : guildMemberRemove
[2025-09-24T08:39:48.844Z] 2025-09-24 10:39:48 [CLIENT DISCORD] Les modules  [32mutils.js[39m [0m ont correctement été exporté.[0m
[2025-09-24T08:39:49.020Z] 2025-09-24 10:39:49 [CLIENT DISCORD] L'interaction  [32mbuttons.js[39m [0m ont correctement été exporté.[0m
[2025-09-24T08:39:49.073Z] 2025-09-24 10:39:49 [CLIENT DISCORD] L'interaction  [32mmodals.js[39m [0m ont correctement été exporté.[0m
[2025-09-24T08:39:49.073Z] [EVENT] 2025-09-24 10:39:49 [📅 EVENT NOTIFY] Chargé : interactionCreate
[2025-09-24T08:39:49.074Z] [EVENT] 2025-09-24 10:39:49 [📅 EVENT NOTIFY] Chargé : messageCreate
[2025-09-24T08:39:49.074Z] [EVENT] 2025-09-24 10:39:49 [📅 EVENT NOTIFY] Chargé : messageDelete
[2025-09-24T08:39:49.075Z] [EVENT] 2025-09-24 10:39:49 [📅 EVENT NOTIFY] Chargé : messageUpdate
[2025-09-24T08:39:49.078Z] 2025-09-24 10:39:49 [CLIENT DISCORD] Les modules  [32mcommands.js[39m [0m ont correctement été exporté.[0m
[2025-09-24T08:39:49.081Z] [EVENT] 2025-09-24 10:39:49 [📅 EVENT NOTIFY] Chargé : ready
[2025-09-24T08:39:49.082Z] [EVENT] 2025-09-24 10:39:49 [📅 EVENT NOTIFY] Chargé : voiceStateUpdate
[2025-09-24T08:39:49.083Z] [COMMANDS] 2025-09-24 10:39:49 [📌 COMMANDS NOTIFY] Chargée : ban
[2025-09-24T08:39:49.083Z] [COMMANDS] 2025-09-24 10:39:49 [📌 COMMANDS NOTIFY] Chargée : clear
[2025-09-24T08:39:49.084Z] [COMMANDS] 2025-09-24 10:39:49 [📌 COMMANDS NOTIFY] Chargée : createreport
[2025-09-24T08:39:49.084Z] [COMMANDS] 2025-09-24 10:39:49 [📌 COMMANDS NOTIFY] Chargée : div
[2025-09-24T08:39:49.085Z] [COMMANDS] 2025-09-24 10:39:49 [📌 COMMANDS NOTIFY] Chargée : help
[2025-09-24T08:39:49.085Z] [COMMANDS] 2025-09-24 10:39:49 [📌 COMMANDS NOTIFY] Chargée : info
[2025-09-24T08:39:49.085Z] [COMMANDS] 2025-09-24 10:39:49 [📌 COMMANDS NOTIFY] Chargée : infoshift
[2025-09-24T08:39:49.086Z] [COMMANDS] 2025-09-24 10:39:49 [📌 COMMANDS NOTIFY] Chargée : kick
[2025-09-24T08:39:49.086Z] [COMMANDS] 2025-09-24 10:39:49 [📌 COMMANDS NOTIFY] Chargée : mute
[2025-09-24T08:39:49.086Z] [COMMANDS] 2025-09-24 10:39:49 [📌 COMMANDS NOTIFY] Chargée : openservice
[2025-09-24T08:39:49.087Z] [COMMANDS] 2025-09-24 10:39:49 [📌 COMMANDS NOTIFY] Chargée : pex
[2025-09-24T08:39:49.091Z] [COMMANDS] 2025-09-24 10:39:49 [📌 COMMANDS NOTIFY] Chargée : play
[2025-09-24T08:39:49.092Z] [COMMANDS] 2025-09-24 10:39:49 [📌 COMMANDS NOTIFY] Chargée : promote
[2025-09-24T08:39:49.092Z] [COMMANDS] 2025-09-24 10:39:49 [📌 COMMANDS NOTIFY] Chargée : recruit
[2025-09-24T08:39:49.093Z] [COMMANDS] 2025-09-24 10:39:49 [📌 COMMANDS NOTIFY] Chargée : rename
[2025-09-24T08:39:49.093Z] [COMMANDS] 2025-09-24 10:39:49 [📌 COMMANDS NOTIFY] Chargée : role
[2025-09-24T08:39:49.094Z] [COMMANDS] 2025-09-24 10:39:49 [📌 COMMANDS NOTIFY] Chargée : send
[2025-09-24T08:39:49.094Z] [COMMANDS] 2025-09-24 10:39:49 [📌 COMMANDS NOTIFY] Chargée : shift
[2025-09-24T08:39:49.095Z] [COMMANDS] 2025-09-24 10:39:49 [📌 COMMANDS NOTIFY] Chargée : ticket
[2025-09-24T08:39:49.095Z] [COMMANDS] 2025-09-24 10:39:49 [📌 COMMANDS NOTIFY] Chargée : userinfo
[2025-09-24T08:39:49.095Z] [COMMANDS] 2025-09-24 10:39:49 [📌 COMMANDS NOTIFY] Chargée : warn
[2025-09-24T08:39:49.096Z] 2025-09-24 10:39:49 [CLIENT DISCORD] [42m[30mChargement des informations du package.[39m[49m
[42m[30m[39m[49m [46m[PACKAGE][49m [32mAuth. : François 🌸[39m
[32m[39m [46m[PACKAGE][49m [32mDepd. : axios, chalk, cron, discord-html-transcripts, discord-player, discord.js, distube, dotenv, express, express-session, form-data, fs, googleapis, luxon, multer, node-cron, node-fetch, ora, patch, path, pdf-lib, pdfkit, play-dl, readline, rl, uuid[39m
[32m[39m [46m[PACKAGE][49m [32mDesc. : Official Bot Catherine for 911 Community.[39m
[32m[39m [46m[PACKAGE][49m [32mLisc. : ISC[39m
[32m[39m [46m[PACKAGE][49m [32mMain. : index.js[39m
[32m[39m [46m[PACKAGE][49m [32mName. : catherine[39m
[32m[39m [46m[PACKAGE][49m [32mScrp. : {"test":"echo \"Error: no test specified\" && exit 1","start":"node server.js"}[39m
[32m[39m [46m[PACKAGE][49m [32mVers. : 2.3.1[39m
[32m[39m [46m[PACKAGE][49m [32mPatch Note. : **[PN - 07/06]** *Passage 2.0 with new patch (shift, tabs... new commands handler)*[39m
[32m[39m
[2025-09-24T08:39:49.467Z] 2025-09-24 10:39:49 [CLIENT DISCORD] 📦 Nom GitHub : catherine
[2025-09-24T08:39:49.467Z] 2025-09-24 10:39:49 [CLIENT DISCORD] 🕒 Version distante : 2.2
[2025-09-24T08:39:49.468Z] 2025-09-24 10:39:49 [WARN] ⚠️ Les versions diffèrent : locale (2.3.1) ≠ distante (2.2)
[2025-09-24T08:39:49.993Z] 2025-09-24 10:39:49 [DEBUG] 📦 Checking version from local...
[2025-09-24T08:39:49.993Z] 2025-09-24 10:39:49 [CLIENT DISCORD] 📦 Nom : catherine
[2025-09-24T08:39:49.993Z] 2025-09-24 10:39:49 [CLIENT DISCORD] 🕒 Version locale : 2.3.1
[2025-09-24T08:39:49.993Z] 2025-09-24 10:39:49 [DEBUG] 🌐 Checking version from GitHub...
[2025-09-24T08:39:50.258Z] 2025-09-24 10:39:50 [CLIENT DISCORD] 📦 Nom GitHub : catherine
[2025-09-24T08:39:50.259Z] 2025-09-24 10:39:50 [CLIENT DISCORD] 🕒 Version distante : 2.2
[2025-09-24T08:39:50.259Z] 2025-09-24 10:39:50 [WARN] ⚠️ Les versions diffèrent : locale (2.3.1) ≠ distante (2.2)
[2025-09-24T08:39:50.259Z] 2025-09-24 10:39:50 [CLIENT DISCORD] [34m==============================[39m
[2025-09-24T08:39:50.260Z] 2025-09-24 10:39:50 [CLIENT DISCORD] [32m🚀 Démarrage du bot...[39m
[2025-09-24T08:39:50.260Z] 2025-09-24 10:39:50 [CLIENT DISCORD] [33m🔗 Connexion à Discord API...[39m
[2025-09-24T08:39:50.260Z] 2025-09-24 10:39:50 [CLIENT DISCORD] [36m✅ Bot RP en ligne ! Connecté en tant que 293 | Catherine#8045[39m
[2025-09-24T08:39:50.261Z] 2025-09-24 10:39:50 [CLIENT DISCORD] [34m==============================[39m
[34m[39m
[2025-09-24T08:39:50.268Z] 2025-09-24 10:39:50 [CLIENT DISCORD] [player] Initialisation du Player terminée.
[2025-09-24T08:39:50.269Z] 2025-09-24 10:39:50 [CLIENT DISCORD] [player] Extracteurs chargés avec succès.
[2025-09-24T08:39:50.269Z] 2025-09-24 10:39:50 [CLIENT DISCORD] 📥 Serveur trouvé : Los Santos Sheriff Department
[2025-09-24T08:39:50.463Z] 2025-09-24 10:39:50 [CLIENT DISCORD] 🔍 Commandes déjà présentes : play, rules, createreport, div, role, info, pex, openservice, infoshift, recruit, help, ban, ticket, shutdown, userinfo, send, clear, kick, warn, mute, rename, shift, promote
[2025-09-24T08:39:50.463Z] 2025-09-24 10:39:50 [WARN] ⚠️ Les commandes sont déjà enregistrées. Lance avec 'debug' pour forcer l'écrasement.
[2025-09-24T08:39:50.463Z] 2025-09-24 10:39:50 [CLIENT DISCORD] 🎮 Statut et activité mis à jour.
[2025-09-24T08:39:50.463Z] 2025-09-24 10:39:50 [CLIENT DISCORD] 📌 Mode de lancement : [33mAucun[39m
[2025-09-24T08:39:50.463Z] 2025-09-24 10:39:50 [CLIENT DISCORD] ✅ Bot prêt en tant que 293 | Catherine#8045
[2025-09-24T08:39:50.465Z] 2025-09-24 10:39:50 [CLIENT DISCORD] [Cron] 🕒 Démarrage de la régénération automatique de la hiérarchie (tabs)...
[2025-09-24T08:39:50.465Z] 2025-09-24 10:39:50 [CLIENT DISCORD] [Cron] 🕒 Démarrage de la régénération automatique de la hiérarchie... (div)
[2025-09-24T08:39:52.000Z] 2025-09-24 10:39:51 [WARN] [!] (DIV) Ancien message non trouvé ou déjà supprimé.
[2025-09-24T08:39:52.198Z] 2025-09-24 10:39:52 [WARN] [!] (TABS) Ancien message non trouvé ou déjà supprimé.
[2025-09-24T08:39:52.920Z] 2025-09-24 10:39:52 [CLIENT DISCORD] [✅] Hiérarchie DIV envoyée.
[2025-09-24T08:39:52.921Z] 2025-09-24 10:39:52 [CLIENT DISCORD] [Cron] 🕒 Fin de la régénération automatique de la hiérarchie.
[2025-09-24T08:39:53.605Z] 2025-09-24 10:39:53 [CLIENT DISCORD] [✅] Hiérarchie TABS envoyée.
[2025-09-24T08:39:53.605Z] 2025-09-24 10:39:53 [CLIENT DISCORD] [Cron] 🕒 Fin de la régénération automatique de la hiérarchie.
[2025-09-24T08:42:43.032Z] 2025-09-24 10:42:43 [CLIENT DISCORD] Les modules [32mloggers[39m ont correctement été exportés.
[2025-09-24T08:42:43.033Z] 2025-09-24 10:42:43 [DEBUG] 📦 Checking version from local...
[2025-09-24T08:42:43.033Z] 2025-09-24 10:42:43 [CLIENT DISCORD] 📦 Nom : catherine
[2025-09-24T08:42:43.034Z] 2025-09-24 10:42:43 [CLIENT DISCORD] 🕒 Version locale : 2.3.1
[2025-09-24T08:42:43.034Z] 2025-09-24 10:42:43 [DEBUG] 🌐 Checking version from GitHub...
[2025-09-24T08:42:43.057Z] [EVENT] 2025-09-24 10:42:43 [📅 EVENT NOTIFY] Chargé : guildBanAdd
[2025-09-24T08:42:43.058Z] [EVENT] 2025-09-24 10:42:43 [📅 EVENT NOTIFY] Chargé : guildBanRemove
[2025-09-24T08:42:43.058Z] [EVENT] 2025-09-24 10:42:43 [📅 EVENT NOTIFY] Chargé : guildMemberAdd
[2025-09-24T08:42:43.058Z] [EVENT] 2025-09-24 10:42:43 [📅 EVENT NOTIFY] Chargé : guildMemberRemove
[2025-09-24T08:42:43.059Z] 2025-09-24 10:42:43 [CLIENT DISCORD] Les modules  [32mutils.js[39m [0m ont correctement été exporté.[0m
[2025-09-24T08:42:43.202Z] 2025-09-24 10:42:43 [CLIENT DISCORD] L'interaction  [32mbuttons.js[39m [0m ont correctement été exporté.[0m
[2025-09-24T08:42:43.245Z] 2025-09-24 10:42:43 [CLIENT DISCORD] L'interaction  [32mmodals.js[39m [0m ont correctement été exporté.[0m
[2025-09-24T08:42:43.245Z] [EVENT] 2025-09-24 10:42:43 [📅 EVENT NOTIFY] Chargé : interactionCreate
[2025-09-24T08:42:43.245Z] [EVENT] 2025-09-24 10:42:43 [📅 EVENT NOTIFY] Chargé : messageCreate
[2025-09-24T08:42:43.245Z] [EVENT] 2025-09-24 10:42:43 [📅 EVENT NOTIFY] Chargé : messageDelete
[2025-09-24T08:42:43.246Z] [EVENT] 2025-09-24 10:42:43 [📅 EVENT NOTIFY] Chargé : messageUpdate
[2025-09-24T08:42:43.253Z] 2025-09-24 10:42:43 [CLIENT DISCORD] Les modules  [32mcommands.js[39m [0m ont correctement été exporté.[0m
[2025-09-24T08:42:43.256Z] [EVENT] 2025-09-24 10:42:43 [📅 EVENT NOTIFY] Chargé : ready
[2025-09-24T08:42:43.256Z] [EVENT] 2025-09-24 10:42:43 [📅 EVENT NOTIFY] Chargé : voiceStateUpdate
[2025-09-24T08:42:43.257Z] [COMMANDS] 2025-09-24 10:42:43 [📌 COMMANDS NOTIFY] Chargée : ban
[2025-09-24T08:42:43.257Z] [COMMANDS] 2025-09-24 10:42:43 [📌 COMMANDS NOTIFY] Chargée : clear
[2025-09-24T08:42:43.257Z] [COMMANDS] 2025-09-24 10:42:43 [📌 COMMANDS NOTIFY] Chargée : createreport
[2025-09-24T08:42:43.257Z] [COMMANDS] 2025-09-24 10:42:43 [📌 COMMANDS NOTIFY] Chargée : div
[2025-09-24T08:42:43.257Z] [COMMANDS] 2025-09-24 10:42:43 [📌 COMMANDS NOTIFY] Chargée : help
[2025-09-24T08:42:43.258Z] [COMMANDS] 2025-09-24 10:42:43 [📌 COMMANDS NOTIFY] Chargée : info
[2025-09-24T08:42:43.258Z] [COMMANDS] 2025-09-24 10:42:43 [📌 COMMANDS NOTIFY] Chargée : infoshift
[2025-09-24T08:42:43.258Z] [COMMANDS] 2025-09-24 10:42:43 [📌 COMMANDS NOTIFY] Chargée : kick
[2025-09-24T08:42:43.258Z] [COMMANDS] 2025-09-24 10:42:43 [📌 COMMANDS NOTIFY] Chargée : mute
[2025-09-24T08:42:43.259Z] [COMMANDS] 2025-09-24 10:42:43 [📌 COMMANDS NOTIFY] Chargée : openservice
[2025-09-24T08:42:43.259Z] [COMMANDS] 2025-09-24 10:42:43 [📌 COMMANDS NOTIFY] Chargée : pex
[2025-09-24T08:42:43.262Z] [COMMANDS] 2025-09-24 10:42:43 [📌 COMMANDS NOTIFY] Chargée : play
[2025-09-24T08:42:43.262Z] [COMMANDS] 2025-09-24 10:42:43 [📌 COMMANDS NOTIFY] Chargée : promote
[2025-09-24T08:42:43.262Z] [COMMANDS] 2025-09-24 10:42:43 [📌 COMMANDS NOTIFY] Chargée : recruit
[2025-09-24T08:42:43.263Z] [COMMANDS] 2025-09-24 10:42:43 [📌 COMMANDS NOTIFY] Chargée : rename
[2025-09-24T08:42:43.263Z] [COMMANDS] 2025-09-24 10:42:43 [📌 COMMANDS NOTIFY] Chargée : role
[2025-09-24T08:42:43.263Z] [COMMANDS] 2025-09-24 10:42:43 [📌 COMMANDS NOTIFY] Chargée : send
[2025-09-24T08:42:43.263Z] [COMMANDS] 2025-09-24 10:42:43 [📌 COMMANDS NOTIFY] Chargée : shift
[2025-09-24T08:42:43.264Z] [COMMANDS] 2025-09-24 10:42:43 [📌 COMMANDS NOTIFY] Chargée : ticket
[2025-09-24T08:42:43.264Z] [COMMANDS] 2025-09-24 10:42:43 [📌 COMMANDS NOTIFY] Chargée : userinfo
[2025-09-24T08:42:43.264Z] [COMMANDS] 2025-09-24 10:42:43 [📌 COMMANDS NOTIFY] Chargée : warn
[2025-09-24T08:42:43.265Z] 2025-09-24 10:42:43 [CLIENT DISCORD] [42m[30mChargement des informations du package.[39m[49m
[42m[30m[39m[49m [46m[PACKAGE][49m [32mAuth. : François 🌸[39m
[32m[39m [46m[PACKAGE][49m [32mDepd. : axios, chalk, cron, discord-html-transcripts, discord-player, discord.js, distube, dotenv, express, express-session, form-data, fs, googleapis, luxon, multer, node-cron, node-fetch, ora, patch, path, pdf-lib, pdfkit, play-dl, readline, rl, uuid[39m
[32m[39m [46m[PACKAGE][49m [32mDesc. : Official Bot Catherine for 911 Community.[39m
[32m[39m [46m[PACKAGE][49m [32mLisc. : ISC[39m
[32m[39m [46m[PACKAGE][49m [32mMain. : index.js[39m
[32m[39m [46m[PACKAGE][49m [32mName. : catherine[39m
[32m[39m [46m[PACKAGE][49m [32mScrp. : {"test":"echo \"Error: no test specified\" && exit 1","start":"node server.js"}[39m
[32m[39m [46m[PACKAGE][49m [32mVers. : 2.3.1[39m
[32m[39m [46m[PACKAGE][49m [32mPatch Note. : **[PN - 07/06]** *Passage 2.0 with new patch (shift, tabs... new commands handler)*[39m
[32m[39m
[2025-09-24T08:42:43.548Z] 2025-09-24 10:42:43 [CLIENT DISCORD] 📦 Nom GitHub : catherine
[2025-09-24T08:42:43.548Z] 2025-09-24 10:42:43 [CLIENT DISCORD] 🕒 Version distante : 2.2
[2025-09-24T08:42:43.549Z] 2025-09-24 10:42:43 [WARN] ⚠️ Les versions diffèrent : locale (2.3.1) ≠ distante (2.2)
[2025-09-24T08:42:44.025Z] 2025-09-24 10:42:44 [DEBUG] 📦 Checking version from local...
[2025-09-24T08:42:44.026Z] 2025-09-24 10:42:44 [CLIENT DISCORD] 📦 Nom : catherine
[2025-09-24T08:42:44.026Z] 2025-09-24 10:42:44 [CLIENT DISCORD] 🕒 Version locale : 2.3.1
[2025-09-24T08:42:44.026Z] 2025-09-24 10:42:44 [DEBUG] 🌐 Checking version from GitHub...
[2025-09-24T08:42:44.217Z] 2025-09-24 10:42:44 [CLIENT DISCORD] 📦 Nom GitHub : catherine
[2025-09-24T08:42:44.218Z] 2025-09-24 10:42:44 [CLIENT DISCORD] 🕒 Version distante : 2.2
[2025-09-24T08:42:44.219Z] 2025-09-24 10:42:44 [WARN] ⚠️ Les versions diffèrent : locale (2.3.1) ≠ distante (2.2)
[2025-09-24T08:42:44.219Z] 2025-09-24 10:42:44 [CLIENT DISCORD] [34m==============================[39m
[2025-09-24T08:42:44.219Z] 2025-09-24 10:42:44 [CLIENT DISCORD] [32m🚀 Démarrage du bot...[39m
[2025-09-24T08:42:44.219Z] 2025-09-24 10:42:44 [CLIENT DISCORD] [33m🔗 Connexion à Discord API...[39m
[2025-09-24T08:42:44.219Z] 2025-09-24 10:42:44 [CLIENT DISCORD] [36m✅ Bot RP en ligne ! Connecté en tant que 293 | Catherine#8045[39m
[2025-09-24T08:42:44.220Z] 2025-09-24 10:42:44 [CLIENT DISCORD] [34m==============================[39m
[34m[39m
[2025-09-24T08:42:44.225Z] 2025-09-24 10:42:44 [CLIENT DISCORD] [player] Initialisation du Player terminée.
[2025-09-24T08:42:44.226Z] 2025-09-24 10:42:44 [CLIENT DISCORD] [player] Extracteurs chargés avec succès.
[2025-09-24T08:42:44.226Z] 2025-09-24 10:42:44 [CLIENT DISCORD] 📥 Serveur trouvé : Los Santos Sheriff Department
[2025-09-24T08:42:44.416Z] 2025-09-24 10:42:44 [CLIENT DISCORD] 🔍 Commandes déjà présentes : play, rules, createreport, div, role, info, pex, openservice, infoshift, recruit, help, ban, ticket, shutdown, userinfo, send, clear, kick, warn, mute, rename, shift, promote
[2025-09-24T08:42:44.416Z] 2025-09-24 10:42:44 [WARN] ⚠️ Les commandes sont déjà enregistrées. Lance avec 'debug' pour forcer l'écrasement.
[2025-09-24T08:42:44.417Z] 2025-09-24 10:42:44 [CLIENT DISCORD] 🎮 Statut et activité mis à jour.
[2025-09-24T08:42:44.417Z] 2025-09-24 10:42:44 [CLIENT DISCORD] 📌 Mode de lancement : [33mAucun[39m
[2025-09-24T08:42:44.417Z] 2025-09-24 10:42:44 [CLIENT DISCORD] ✅ Bot prêt en tant que 293 | Catherine#8045
[2025-09-24T08:42:44.420Z] 2025-09-24 10:42:44 [CLIENT DISCORD] [Cron] 🕒 Démarrage de la régénération automatique de la hiérarchie (tabs)...
[2025-09-24T08:42:44.421Z] 2025-09-24 10:42:44 [CLIENT DISCORD] [Cron] 🕒 Démarrage de la régénération automatique de la hiérarchie... (div)
[2025-09-24T08:42:44.942Z] [NOTIFY] 2025-09-24 10:42:44 [🟢 SOFT NOTIFY] Message DIV supprimé
[2025-09-24T08:42:45.210Z] [NOTIFY] 2025-09-24 10:42:45 [🟢 SOFT NOTIFY] Message TABS supprimé
[2025-09-24T08:42:45.670Z] 2025-09-24 10:42:45 [CLIENT DISCORD] [✅] Hiérarchie DIV envoyée.
[2025-09-24T08:42:45.670Z] 2025-09-24 10:42:45 [CLIENT DISCORD] [Cron] 🕒 Fin de la régénération automatique de la hiérarchie.
[2025-09-24T08:42:46.078Z] 2025-09-24 10:42:46 [CLIENT DISCORD] [✅] Hiérarchie TABS envoyée.
[2025-09-24T08:42:46.078Z] 2025-09-24 10:42:46 [CLIENT DISCORD] [Cron] 🕒 Fin de la régénération automatique de la hiérarchie.
[2025-09-24T08:47:42.689Z] 2025-09-24 10:47:42 [CLIENT DISCORD] Les modules [32mloggers[39m ont correctement été exportés.
[2025-09-24T08:47:42.690Z] 2025-09-24 10:47:42 [DEBUG] 📦 Checking version from local...
[2025-09-24T08:47:42.690Z] 2025-09-24 10:47:42 [CLIENT DISCORD] 📦 Nom : catherine
[2025-09-24T08:47:42.690Z] 2025-09-24 10:47:42 [CLIENT DISCORD] 🕒 Version locale : 2.3.1
[2025-09-24T08:47:42.690Z] 2025-09-24 10:47:42 [DEBUG] 🌐 Checking version from GitHub...
[2025-09-24T08:47:42.712Z] [EVENT] 2025-09-24 10:47:42 [📅 EVENT NOTIFY] Chargé : guildBanAdd
[2025-09-24T08:47:42.712Z] [EVENT] 2025-09-24 10:47:42 [📅 EVENT NOTIFY] Chargé : guildBanRemove
[2025-09-24T08:47:42.712Z] [EVENT] 2025-09-24 10:47:42 [📅 EVENT NOTIFY] Chargé : guildMemberAdd
[2025-09-24T08:47:42.713Z] [EVENT] 2025-09-24 10:47:42 [📅 EVENT NOTIFY] Chargé : guildMemberRemove
[2025-09-24T08:47:42.713Z] 2025-09-24 10:47:42 [CLIENT DISCORD] Les modules  [32mutils.js[39m [0m ont correctement été exporté.[0m
[2025-09-24T08:47:42.832Z] 2025-09-24 10:47:42 [CLIENT DISCORD] L'interaction  [32mbuttons.js[39m [0m ont correctement été exporté.[0m
[2025-09-24T08:47:42.878Z] 2025-09-24 10:47:42 [CLIENT DISCORD] L'interaction  [32mmodals.js[39m [0m ont correctement été exporté.[0m
[2025-09-24T08:47:42.878Z] [EVENT] 2025-09-24 10:47:42 [📅 EVENT NOTIFY] Chargé : interactionCreate
[2025-09-24T08:47:42.879Z] [EVENT] 2025-09-24 10:47:42 [📅 EVENT NOTIFY] Chargé : messageCreate
[2025-09-24T08:47:42.879Z] [EVENT] 2025-09-24 10:47:42 [📅 EVENT NOTIFY] Chargé : messageDelete
[2025-09-24T08:47:42.879Z] [EVENT] 2025-09-24 10:47:42 [📅 EVENT NOTIFY] Chargé : messageUpdate
[2025-09-24T08:47:42.883Z] 2025-09-24 10:47:42 [CLIENT DISCORD] Les modules  [32mcommands.js[39m [0m ont correctement été exporté.[0m
[2025-09-24T08:47:42.886Z] [EVENT] 2025-09-24 10:47:42 [📅 EVENT NOTIFY] Chargé : ready
[2025-09-24T08:47:42.886Z] [EVENT] 2025-09-24 10:47:42 [📅 EVENT NOTIFY] Chargé : voiceStateUpdate
[2025-09-24T08:47:42.887Z] [COMMANDS] 2025-09-24 10:47:42 [📌 COMMANDS NOTIFY] Chargée : ban
[2025-09-24T08:47:42.887Z] [COMMANDS] 2025-09-24 10:47:42 [📌 COMMANDS NOTIFY] Chargée : clear
[2025-09-24T08:47:42.887Z] [COMMANDS] 2025-09-24 10:47:42 [📌 COMMANDS NOTIFY] Chargée : createreport
[2025-09-24T08:47:42.887Z] [COMMANDS] 2025-09-24 10:47:42 [📌 COMMANDS NOTIFY] Chargée : div
[2025-09-24T08:47:42.887Z] [COMMANDS] 2025-09-24 10:47:42 [📌 COMMANDS NOTIFY] Chargée : help
[2025-09-24T08:47:42.888Z] [COMMANDS] 2025-09-24 10:47:42 [📌 COMMANDS NOTIFY] Chargée : info
[2025-09-24T08:47:42.888Z] [COMMANDS] 2025-09-24 10:47:42 [📌 COMMANDS NOTIFY] Chargée : infoshift
[2025-09-24T08:47:42.888Z] [COMMANDS] 2025-09-24 10:47:42 [📌 COMMANDS NOTIFY] Chargée : kick
[2025-09-24T08:47:42.888Z] [COMMANDS] 2025-09-24 10:47:42 [📌 COMMANDS NOTIFY] Chargée : mute
[2025-09-24T08:47:42.889Z] [COMMANDS] 2025-09-24 10:47:42 [📌 COMMANDS NOTIFY] Chargée : openservice
[2025-09-24T08:47:42.889Z] [COMMANDS] 2025-09-24 10:47:42 [📌 COMMANDS NOTIFY] Chargée : pex
[2025-09-24T08:47:42.892Z] [COMMANDS] 2025-09-24 10:47:42 [📌 COMMANDS NOTIFY] Chargée : play
[2025-09-24T08:47:42.892Z] [COMMANDS] 2025-09-24 10:47:42 [📌 COMMANDS NOTIFY] Chargée : promote
[2025-09-24T08:47:42.893Z] [COMMANDS] 2025-09-24 10:47:42 [📌 COMMANDS NOTIFY] Chargée : recruit
[2025-09-24T08:47:42.893Z] [COMMANDS] 2025-09-24 10:47:42 [📌 COMMANDS NOTIFY] Chargée : rename
[2025-09-24T08:47:42.893Z] [COMMANDS] 2025-09-24 10:47:42 [📌 COMMANDS NOTIFY] Chargée : role
[2025-09-24T08:47:42.893Z] [COMMANDS] 2025-09-24 10:47:42 [📌 COMMANDS NOTIFY] Chargée : send
[2025-09-24T08:47:42.894Z] [COMMANDS] 2025-09-24 10:47:42 [📌 COMMANDS NOTIFY] Chargée : shift
[2025-09-24T08:47:42.894Z] [COMMANDS] 2025-09-24 10:47:42 [📌 COMMANDS NOTIFY] Chargée : ticket
[2025-09-24T08:47:42.895Z] [COMMANDS] 2025-09-24 10:47:42 [📌 COMMANDS NOTIFY] Chargée : userinfo
[2025-09-24T08:47:42.895Z] [COMMANDS] 2025-09-24 10:47:42 [📌 COMMANDS NOTIFY] Chargée : warn
[2025-09-24T08:47:42.896Z] 2025-09-24 10:47:42 [CLIENT DISCORD] [42m[30mChargement des informations du package.[39m[49m
[42m[30m[39m[49m [46m[PACKAGE][49m [32mAuth. : François 🌸[39m
[32m[39m [46m[PACKAGE][49m [32mDepd. : axios, chalk, cron, discord-html-transcripts, discord-player, discord.js, distube, dotenv, express, express-session, form-data, fs, googleapis, luxon, multer, node-cron, node-fetch, ora, patch, path, pdf-lib, pdfkit, play-dl, readline, rl, uuid[39m
[32m[39m [46m[PACKAGE][49m [32mDesc. : Official Bot Catherine for 911 Community.[39m
[32m[39m [46m[PACKAGE][49m [32mLisc. : ISC[39m
[32m[39m [46m[PACKAGE][49m [32mMain. : index.js[39m
[32m[39m [46m[PACKAGE][49m [32mName. : catherine[39m
[32m[39m [46m[PACKAGE][49m [32mScrp. : {"test":"echo \"Error: no test specified\" && exit 1","start":"node server.js"}[39m
[32m[39m [46m[PACKAGE][49m [32mVers. : 2.3.1[39m
[32m[39m [46m[PACKAGE][49m [32mPatch Note. : **[PN - 07/06]** *Passage 2.0 with new patch (shift, tabs... new commands handler)*[39m
[32m[39m
[2025-09-24T08:47:43.192Z] 2025-09-24 10:47:43 [CLIENT DISCORD] 📦 Nom GitHub : catherine
[2025-09-24T08:47:43.192Z] 2025-09-24 10:47:43 [CLIENT DISCORD] 🕒 Version distante : 2.2
[2025-09-24T08:47:43.193Z] 2025-09-24 10:47:43 [WARN] ⚠️ Les versions diffèrent : locale (2.3.1) ≠ distante (2.2)
[2025-09-24T08:47:43.786Z] 2025-09-24 10:47:43 [DEBUG] 📦 Checking version from local...
[2025-09-24T08:47:43.786Z] 2025-09-24 10:47:43 [CLIENT DISCORD] 📦 Nom : catherine
[2025-09-24T08:47:43.786Z] 2025-09-24 10:47:43 [CLIENT DISCORD] 🕒 Version locale : 2.3.1
[2025-09-24T08:47:43.786Z] 2025-09-24 10:47:43 [DEBUG] 🌐 Checking version from GitHub...
[2025-09-24T08:47:44.116Z] 2025-09-24 10:47:44 [CLIENT DISCORD] 📦 Nom GitHub : catherine
[2025-09-24T08:47:44.116Z] 2025-09-24 10:47:44 [CLIENT DISCORD] 🕒 Version distante : 2.2
[2025-09-24T08:47:44.117Z] 2025-09-24 10:47:44 [WARN] ⚠️ Les versions diffèrent : locale (2.3.1) ≠ distante (2.2)
[2025-09-24T08:47:44.117Z] 2025-09-24 10:47:44 [CLIENT DISCORD] [34m==============================[39m
[2025-09-24T08:47:44.117Z] 2025-09-24 10:47:44 [CLIENT DISCORD] [32m🚀 Démarrage du bot...[39m
[2025-09-24T08:47:44.117Z] 2025-09-24 10:47:44 [CLIENT DISCORD] [33m🔗 Connexion à Discord API...[39m
[2025-09-24T08:47:44.117Z] 2025-09-24 10:47:44 [CLIENT DISCORD] [36m✅ Bot RP en ligne ! Connecté en tant que 293 | Catherine#8045[39m
[2025-09-24T08:47:44.118Z] 2025-09-24 10:47:44 [CLIENT DISCORD] [34m==============================[39m
[34m[39m
[2025-09-24T08:47:44.122Z] 2025-09-24 10:47:44 [CLIENT DISCORD] [player] Initialisation du Player terminée.
[2025-09-24T08:47:44.123Z] 2025-09-24 10:47:44 [CLIENT DISCORD] [player] Extracteurs chargés avec succès.
[2025-09-24T08:47:44.123Z] 2025-09-24 10:47:44 [CLIENT DISCORD] 📥 Serveur trouvé : Los Santos Sheriff Department
[2025-09-24T08:47:44.353Z] 2025-09-24 10:47:44 [CLIENT DISCORD] 🔍 Commandes déjà présentes : play, rules, createreport, div, role, info, pex, openservice, infoshift, recruit, help, ban, ticket, shutdown, userinfo, send, clear, kick, warn, mute, rename, shift, promote
[2025-09-24T08:47:44.353Z] 2025-09-24 10:47:44 [WARN] ⚠️ Les commandes sont déjà enregistrées. Lance avec 'debug' pour forcer l'écrasement.
[2025-09-24T08:47:44.354Z] 2025-09-24 10:47:44 [CLIENT DISCORD] 🎮 Statut et activité mis à jour.
[2025-09-24T08:47:44.354Z] 2025-09-24 10:47:44 [CLIENT DISCORD] 📌 Mode de lancement : [33mAucun[39m
[2025-09-24T08:47:44.354Z] 2025-09-24 10:47:44 [CLIENT DISCORD] ✅ Bot prêt en tant que 293 | Catherine#8045
[2025-09-24T08:47:44.358Z] 2025-09-24 10:47:44 [CLIENT DISCORD] [Cron] 🕒 Démarrage de la régénération automatique de la hiérarchie (tabs)...
[2025-09-24T08:47:44.359Z] 2025-09-24 10:47:44 [CLIENT DISCORD] [Cron] 🕒 Démarrage de la régénération automatique de la hiérarchie... (div)
[2025-09-24T08:47:44.816Z] [NOTIFY] 2025-09-24 10:47:44 [🟢 SOFT NOTIFY] Message DIV supprimé
[2025-09-24T08:47:45.084Z] [NOTIFY] 2025-09-24 10:47:45 [🟢 SOFT NOTIFY] Message TABS supprimé
[2025-09-24T08:47:45.549Z] 2025-09-24 10:47:45 [CLIENT DISCORD] [✅] Hiérarchie DIV envoyée.
[2025-09-24T08:47:45.549Z] 2025-09-24 10:47:45 [CLIENT DISCORD] [Cron] 🕒 Fin de la régénération automatique de la hiérarchie.
[2025-09-24T08:47:46.111Z] 2025-09-24 10:47:46 [CLIENT DISCORD] [✅] Hiérarchie TABS envoyée.
[2025-09-24T08:47:46.112Z] 2025-09-24 10:47:46 [CLIENT DISCORD] [Cron] 🕒 Fin de la régénération automatique de la hiérarchie.
[2025-09-24T08:50:25.211Z] 2025-09-24 10:50:25 [CLIENT DISCORD] Les modules [32mloggers[39m ont correctement été exportés.
[2025-09-24T08:50:25.212Z] 2025-09-24 10:50:25 [DEBUG] 📦 Checking version from local...
[2025-09-24T08:50:25.212Z] 2025-09-24 10:50:25 [CLIENT DISCORD] 📦 Nom : catherine
[2025-09-24T08:50:25.212Z] 2025-09-24 10:50:25 [CLIENT DISCORD] 🕒 Version locale : 2.3.1
[2025-09-24T08:50:25.212Z] 2025-09-24 10:50:25 [DEBUG] 🌐 Checking version from GitHub...
[2025-09-24T08:50:25.234Z] [EVENT] 2025-09-24 10:50:25 [📅 EVENT NOTIFY] Chargé : guildBanAdd
[2025-09-24T08:50:25.234Z] [EVENT] 2025-09-24 10:50:25 [📅 EVENT NOTIFY] Chargé : guildBanRemove
[2025-09-24T08:50:25.234Z] [EVENT] 2025-09-24 10:50:25 [📅 EVENT NOTIFY] Chargé : guildMemberAdd
[2025-09-24T08:50:25.234Z] [EVENT] 2025-09-24 10:50:25 [📅 EVENT NOTIFY] Chargé : guildMemberRemove
[2025-09-24T08:50:25.235Z] 2025-09-24 10:50:25 [CLIENT DISCORD] Les modules  [32mutils.js[39m [0m ont correctement été exporté.[0m
[2025-09-24T08:50:25.359Z] 2025-09-24 10:50:25 [CLIENT DISCORD] L'interaction  [32mbuttons.js[39m [0m ont correctement été exporté.[0m
[2025-09-24T08:50:25.408Z] 2025-09-24 10:50:25 [CLIENT DISCORD] L'interaction  [32mmodals.js[39m [0m ont correctement été exporté.[0m
[2025-09-24T08:50:25.409Z] [EVENT] 2025-09-24 10:50:25 [📅 EVENT NOTIFY] Chargé : interactionCreate
[2025-09-24T08:50:25.409Z] [EVENT] 2025-09-24 10:50:25 [📅 EVENT NOTIFY] Chargé : messageCreate
[2025-09-24T08:50:25.409Z] [EVENT] 2025-09-24 10:50:25 [📅 EVENT NOTIFY] Chargé : messageDelete
[2025-09-24T08:50:25.409Z] [EVENT] 2025-09-24 10:50:25 [📅 EVENT NOTIFY] Chargé : messageUpdate
[2025-09-24T08:50:25.413Z] 2025-09-24 10:50:25 [CLIENT DISCORD] Les modules  [32mcommands.js[39m [0m ont correctement été exporté.[0m
[2025-09-24T08:50:25.416Z] [EVENT] 2025-09-24 10:50:25 [📅 EVENT NOTIFY] Chargé : ready
[2025-09-24T08:50:25.416Z] [EVENT] 2025-09-24 10:50:25 [📅 EVENT NOTIFY] Chargé : voiceStateUpdate
[2025-09-24T08:50:25.417Z] [COMMANDS] 2025-09-24 10:50:25 [📌 COMMANDS NOTIFY] Chargée : ban
[2025-09-24T08:50:25.417Z] [COMMANDS] 2025-09-24 10:50:25 [📌 COMMANDS NOTIFY] Chargée : clear
[2025-09-24T08:50:25.417Z] [COMMANDS] 2025-09-24 10:50:25 [📌 COMMANDS NOTIFY] Chargée : createreport
[2025-09-24T08:50:25.417Z] [COMMANDS] 2025-09-24 10:50:25 [📌 COMMANDS NOTIFY] Chargée : div
[2025-09-24T08:50:25.417Z] [COMMANDS] 2025-09-24 10:50:25 [📌 COMMANDS NOTIFY] Chargée : help
[2025-09-24T08:50:25.418Z] [COMMANDS] 2025-09-24 10:50:25 [📌 COMMANDS NOTIFY] Chargée : info
[2025-09-24T08:50:25.418Z] [COMMANDS] 2025-09-24 10:50:25 [📌 COMMANDS NOTIFY] Chargée : infoshift
[2025-09-24T08:50:25.418Z] [COMMANDS] 2025-09-24 10:50:25 [📌 COMMANDS NOTIFY] Chargée : kick
[2025-09-24T08:50:25.418Z] [COMMANDS] 2025-09-24 10:50:25 [📌 COMMANDS NOTIFY] Chargée : mute
[2025-09-24T08:50:25.419Z] [COMMANDS] 2025-09-24 10:50:25 [📌 COMMANDS NOTIFY] Chargée : openservice
[2025-09-24T08:50:25.419Z] [COMMANDS] 2025-09-24 10:50:25 [📌 COMMANDS NOTIFY] Chargée : pex
[2025-09-24T08:50:25.422Z] [COMMANDS] 2025-09-24 10:50:25 [📌 COMMANDS NOTIFY] Chargée : play
[2025-09-24T08:50:25.422Z] [COMMANDS] 2025-09-24 10:50:25 [📌 COMMANDS NOTIFY] Chargée : promote
[2025-09-24T08:50:25.423Z] [COMMANDS] 2025-09-24 10:50:25 [📌 COMMANDS NOTIFY] Chargée : recruit
[2025-09-24T08:50:25.423Z] [COMMANDS] 2025-09-24 10:50:25 [📌 COMMANDS NOTIFY] Chargée : rename
[2025-09-24T08:50:25.423Z] [COMMANDS] 2025-09-24 10:50:25 [📌 COMMANDS NOTIFY] Chargée : role
[2025-09-24T08:50:25.423Z] [COMMANDS] 2025-09-24 10:50:25 [📌 COMMANDS NOTIFY] Chargée : send
[2025-09-24T08:50:25.424Z] [COMMANDS] 2025-09-24 10:50:25 [📌 COMMANDS NOTIFY] Chargée : shift
[2025-09-24T08:50:25.425Z] [COMMANDS] 2025-09-24 10:50:25 [📌 COMMANDS NOTIFY] Chargée : ticket
[2025-09-24T08:50:25.425Z] [COMMANDS] 2025-09-24 10:50:25 [📌 COMMANDS NOTIFY] Chargée : userinfo
[2025-09-24T08:50:25.425Z] [COMMANDS] 2025-09-24 10:50:25 [📌 COMMANDS NOTIFY] Chargée : warn
[2025-09-24T08:50:25.426Z] 2025-09-24 10:50:25 [CLIENT DISCORD] [42m[30mChargement des informations du package.[39m[49m
[42m[30m[39m[49m [46m[PACKAGE][49m [32mAuth. : François 🌸[39m
[32m[39m [46m[PACKAGE][49m [32mDepd. : axios, chalk, cron, discord-html-transcripts, discord-player, discord.js, distube, dotenv, express, express-session, form-data, fs, googleapis, luxon, multer, node-cron, node-fetch, ora, patch, path, pdf-lib, pdfkit, play-dl, readline, rl, uuid[39m
[32m[39m [46m[PACKAGE][49m [32mDesc. : Official Bot Catherine for 911 Community.[39m
[32m[39m [46m[PACKAGE][49m [32mLisc. : ISC[39m
[32m[39m [46m[PACKAGE][49m [32mMain. : index.js[39m
[32m[39m [46m[PACKAGE][49m [32mName. : catherine[39m
[32m[39m [46m[PACKAGE][49m [32mScrp. : {"test":"echo \"Error: no test specified\" && exit 1","start":"node server.js"}[39m
[32m[39m [46m[PACKAGE][49m [32mVers. : 2.3.1[39m
[32m[39m [46m[PACKAGE][49m [32mPatch Note. : **[PN - 07/06]** *Passage 2.0 with new patch (shift, tabs... new commands handler)*[39m
[32m[39m
[2025-09-24T08:50:25.891Z] 2025-09-24 10:50:25 [CLIENT DISCORD] 📦 Nom GitHub : catherine
[2025-09-24T08:50:25.891Z] 2025-09-24 10:50:25 [CLIENT DISCORD] 🕒 Version distante : 2.2
[2025-09-24T08:50:25.893Z] 2025-09-24 10:50:25 [WARN] ⚠️ Les versions diffèrent : locale (2.3.1) ≠ distante (2.2)
[2025-09-24T08:50:26.838Z] 2025-09-24 10:50:26 [DEBUG] 📦 Checking version from local...
[2025-09-24T08:50:26.838Z] 2025-09-24 10:50:26 [CLIENT DISCORD] 📦 Nom : catherine
[2025-09-24T08:50:26.838Z] 2025-09-24 10:50:26 [CLIENT DISCORD] 🕒 Version locale : 2.3.1
[2025-09-24T08:50:26.838Z] 2025-09-24 10:50:26 [DEBUG] 🌐 Checking version from GitHub...
[2025-09-24T08:50:27.082Z] 2025-09-24 10:50:27 [CLIENT DISCORD] 📦 Nom GitHub : catherine
[2025-09-24T08:50:27.082Z] 2025-09-24 10:50:27 [CLIENT DISCORD] 🕒 Version distante : 2.2
[2025-09-24T08:50:27.083Z] 2025-09-24 10:50:27 [WARN] ⚠️ Les versions diffèrent : locale (2.3.1) ≠ distante (2.2)
[2025-09-24T08:50:27.083Z] 2025-09-24 10:50:27 [CLIENT DISCORD] [34m==============================[39m
[2025-09-24T08:50:27.083Z] 2025-09-24 10:50:27 [CLIENT DISCORD] [32m🚀 Démarrage du bot...[39m
[2025-09-24T08:50:27.083Z] 2025-09-24 10:50:27 [CLIENT DISCORD] [33m🔗 Connexion à Discord API...[39m
[2025-09-24T08:50:27.083Z] 2025-09-24 10:50:27 [CLIENT DISCORD] [36m✅ Bot RP en ligne ! Connecté en tant que 293 | Catherine#8045[39m
[2025-09-24T08:50:27.083Z] 2025-09-24 10:50:27 [CLIENT DISCORD] [34m==============================[39m
[34m[39m
[2025-09-24T08:50:27.089Z] 2025-09-24 10:50:27 [CLIENT DISCORD] [player] Initialisation du Player terminée.
[2025-09-24T08:50:27.091Z] 2025-09-24 10:50:27 [CLIENT DISCORD] [player] Extracteurs chargés avec succès.
[2025-09-24T08:50:27.091Z] 2025-09-24 10:50:27 [CLIENT DISCORD] 📥 Serveur trouvé : Los Santos Sheriff Department
[2025-09-24T08:50:27.326Z] 2025-09-24 10:50:27 [CLIENT DISCORD] 🔍 Commandes déjà présentes : play, rules, createreport, div, role, info, pex, openservice, infoshift, recruit, help, ban, ticket, shutdown, userinfo, send, clear, kick, warn, mute, rename, shift, promote
[2025-09-24T08:50:27.326Z] 2025-09-24 10:50:27 [WARN] ⚠️ Les commandes sont déjà enregistrées. Lance avec 'debug' pour forcer l'écrasement.
[2025-09-24T08:50:27.327Z] 2025-09-24 10:50:27 [CLIENT DISCORD] 🎮 Statut et activité mis à jour.
[2025-09-24T08:50:27.327Z] 2025-09-24 10:50:27 [CLIENT DISCORD] 📌 Mode de lancement : [33mAucun[39m
[2025-09-24T08:50:27.327Z] 2025-09-24 10:50:27 [CLIENT DISCORD] ✅ Bot prêt en tant que 293 | Catherine#8045
[2025-09-24T08:50:27.330Z] 2025-09-24 10:50:27 [CLIENT DISCORD] [Cron] 🕒 Démarrage de la régénération automatique de la hiérarchie (tabs)...
[2025-09-24T08:50:27.330Z] 2025-09-24 10:50:27 [CLIENT DISCORD] [Cron] 🕒 Démarrage de la régénération automatique de la hiérarchie... (div)
[2025-09-24T08:50:27.875Z] [NOTIFY] 2025-09-24 10:50:27 [🟢 SOFT NOTIFY] Message DIV supprimé
[2025-09-24T08:50:28.148Z] [NOTIFY] 2025-09-24 10:50:28 [🟢 SOFT NOTIFY] Message TABS supprimé
[2025-09-24T08:50:28.558Z] 2025-09-24 10:50:28 [CLIENT DISCORD] [✅] Hiérarchie DIV envoyée.
[2025-09-24T08:50:28.558Z] 2025-09-24 10:50:28 [CLIENT DISCORD] [Cron] 🕒 Fin de la régénération automatique de la hiérarchie.
[2025-09-24T08:50:28.985Z] 2025-09-24 10:50:28 [CLIENT DISCORD] [✅] Hiérarchie TABS envoyée.
[2025-09-24T08:50:28.985Z] 2025-09-24 10:50:28 [CLIENT DISCORD] [Cron] 🕒 Fin de la régénération automatique de la hiérarchie.
[2025-09-24T08:52:01.797Z] 2025-09-24 10:52:01 [CLIENT DISCORD] Les modules [32mloggers[39m ont correctement été exportés.
[2025-09-24T08:52:01.798Z] 2025-09-24 10:52:01 [DEBUG] 📦 Checking version from local...
[2025-09-24T08:52:01.798Z] 2025-09-24 10:52:01 [CLIENT DISCORD] 📦 Nom : catherine
[2025-09-24T08:52:01.798Z] 2025-09-24 10:52:01 [CLIENT DISCORD] 🕒 Version locale : 2.3.1
[2025-09-24T08:52:01.798Z] 2025-09-24 10:52:01 [DEBUG] 🌐 Checking version from GitHub...
[2025-09-24T08:52:01.819Z] [EVENT] 2025-09-24 10:52:01 [📅 EVENT NOTIFY] Chargé : guildBanAdd
[2025-09-24T08:52:01.820Z] [EVENT] 2025-09-24 10:52:01 [📅 EVENT NOTIFY] Chargé : guildBanRemove
[2025-09-24T08:52:01.820Z] [EVENT] 2025-09-24 10:52:01 [📅 EVENT NOTIFY] Chargé : guildMemberAdd
[2025-09-24T08:52:01.820Z] [EVENT] 2025-09-24 10:52:01 [📅 EVENT NOTIFY] Chargé : guildMemberRemove
[2025-09-24T08:52:01.821Z] 2025-09-24 10:52:01 [CLIENT DISCORD] Les modules  [32mutils.js[39m [0m ont correctement été exporté.[0m
[2025-09-24T08:52:01.952Z] 2025-09-24 10:52:01 [CLIENT DISCORD] L'interaction  [32mbuttons.js[39m [0m ont correctement été exporté.[0m
[2025-09-24T08:52:02.001Z] 2025-09-24 10:52:02 [CLIENT DISCORD] L'interaction  [32mmodals.js[39m [0m ont correctement été exporté.[0m
[2025-09-24T08:52:02.001Z] [EVENT] 2025-09-24 10:52:02 [📅 EVENT NOTIFY] Chargé : interactionCreate
[2025-09-24T08:52:02.002Z] [EVENT] 2025-09-24 10:52:02 [📅 EVENT NOTIFY] Chargé : messageCreate
[2025-09-24T08:52:02.002Z] [EVENT] 2025-09-24 10:52:02 [📅 EVENT NOTIFY] Chargé : messageDelete
[2025-09-24T08:52:02.002Z] [EVENT] 2025-09-24 10:52:02 [📅 EVENT NOTIFY] Chargé : messageUpdate
[2025-09-24T08:52:02.011Z] 2025-09-24 10:52:02 [CLIENT DISCORD] Les modules  [32mcommands.js[39m [0m ont correctement été exporté.[0m
[2025-09-24T08:52:02.014Z] [EVENT] 2025-09-24 10:52:02 [📅 EVENT NOTIFY] Chargé : ready
[2025-09-24T08:52:02.014Z] [EVENT] 2025-09-24 10:52:02 [📅 EVENT NOTIFY] Chargé : voiceStateUpdate
[2025-09-24T08:52:02.015Z] [COMMANDS] 2025-09-24 10:52:02 [📌 COMMANDS NOTIFY] Chargée : ban
[2025-09-24T08:52:02.015Z] [COMMANDS] 2025-09-24 10:52:02 [📌 COMMANDS NOTIFY] Chargée : clear
[2025-09-24T08:52:02.016Z] [COMMANDS] 2025-09-24 10:52:02 [📌 COMMANDS NOTIFY] Chargée : createreport
[2025-09-24T08:52:02.016Z] [COMMANDS] 2025-09-24 10:52:02 [📌 COMMANDS NOTIFY] Chargée : div
[2025-09-24T08:52:02.016Z] [COMMANDS] 2025-09-24 10:52:02 [📌 COMMANDS NOTIFY] Chargée : help
[2025-09-24T08:52:02.017Z] [COMMANDS] 2025-09-24 10:52:02 [📌 COMMANDS NOTIFY] Chargée : info
[2025-09-24T08:52:02.017Z] [COMMANDS] 2025-09-24 10:52:02 [📌 COMMANDS NOTIFY] Chargée : infoshift
[2025-09-24T08:52:02.018Z] [COMMANDS] 2025-09-24 10:52:02 [📌 COMMANDS NOTIFY] Chargée : kick
[2025-09-24T08:52:02.018Z] [COMMANDS] 2025-09-24 10:52:02 [📌 COMMANDS NOTIFY] Chargée : mute
[2025-09-24T08:52:02.018Z] [COMMANDS] 2025-09-24 10:52:02 [📌 COMMANDS NOTIFY] Chargée : openservice
[2025-09-24T08:52:02.019Z] [COMMANDS] 2025-09-24 10:52:02 [📌 COMMANDS NOTIFY] Chargée : pex
[2025-09-24T08:52:02.023Z] [COMMANDS] 2025-09-24 10:52:02 [📌 COMMANDS NOTIFY] Chargée : play
[2025-09-24T08:52:02.023Z] [COMMANDS] 2025-09-24 10:52:02 [📌 COMMANDS NOTIFY] Chargée : promote
[2025-09-24T08:52:02.024Z] [COMMANDS] 2025-09-24 10:52:02 [📌 COMMANDS NOTIFY] Chargée : recruit
[2025-09-24T08:52:02.024Z] [COMMANDS] 2025-09-24 10:52:02 [📌 COMMANDS NOTIFY] Chargée : rename
[2025-09-24T08:52:02.024Z] [COMMANDS] 2025-09-24 10:52:02 [📌 COMMANDS NOTIFY] Chargée : role
[2025-09-24T08:52:02.024Z] [COMMANDS] 2025-09-24 10:52:02 [📌 COMMANDS NOTIFY] Chargée : send
[2025-09-24T08:52:02.025Z] [COMMANDS] 2025-09-24 10:52:02 [📌 COMMANDS NOTIFY] Chargée : shift
[2025-09-24T08:52:02.025Z] [COMMANDS] 2025-09-24 10:52:02 [📌 COMMANDS NOTIFY] Chargée : ticket
[2025-09-24T08:52:02.025Z] [COMMANDS] 2025-09-24 10:52:02 [📌 COMMANDS NOTIFY] Chargée : userinfo
[2025-09-24T08:52:02.026Z] [COMMANDS] 2025-09-24 10:52:02 [📌 COMMANDS NOTIFY] Chargée : warn
[2025-09-24T08:52:02.026Z] 2025-09-24 10:52:02 [CLIENT DISCORD] [42m[30mChargement des informations du package.[39m[49m
[42m[30m[39m[49m [46m[PACKAGE][49m [32mAuth. : François 🌸[39m
[32m[39m [46m[PACKAGE][49m [32mDepd. : axios, chalk, cron, discord-html-transcripts, discord-player, discord.js, distube, dotenv, express, express-session, form-data, fs, googleapis, luxon, multer, node-cron, node-fetch, ora, patch, path, pdf-lib, pdfkit, play-dl, readline, rl, uuid[39m
[32m[39m [46m[PACKAGE][49m [32mDesc. : Official Bot Catherine for 911 Community.[39m
[32m[39m [46m[PACKAGE][49m [32mLisc. : ISC[39m
[32m[39m [46m[PACKAGE][49m [32mMain. : index.js[39m
[32m[39m [46m[PACKAGE][49m [32mName. : catherine[39m
[32m[39m [46m[PACKAGE][49m [32mScrp. : {"test":"echo \"Error: no test specified\" && exit 1","start":"node server.js"}[39m
[32m[39m [46m[PACKAGE][49m [32mVers. : 2.3.1[39m
[32m[39m [46m[PACKAGE][49m [32mPatch Note. : **[PN - 07/06]** *Passage 2.0 with new patch (shift, tabs... new commands handler)*[39m
[32m[39m
[2025-09-24T08:52:02.324Z] 2025-09-24 10:52:02 [CLIENT DISCORD] 📦 Nom GitHub : catherine
[2025-09-24T08:52:02.325Z] 2025-09-24 10:52:02 [CLIENT DISCORD] 🕒 Version distante : 2.2
[2025-09-24T08:52:02.325Z] 2025-09-24 10:52:02 [WARN] ⚠️ Les versions diffèrent : locale (2.3.1) ≠ distante (2.2)
[2025-09-24T08:52:02.857Z] 2025-09-24 10:52:02 [DEBUG] 📦 Checking version from local...
[2025-09-24T08:52:02.857Z] 2025-09-24 10:52:02 [CLIENT DISCORD] 📦 Nom : catherine
[2025-09-24T08:52:02.857Z] 2025-09-24 10:52:02 [CLIENT DISCORD] 🕒 Version locale : 2.3.1
[2025-09-24T08:52:02.857Z] 2025-09-24 10:52:02 [DEBUG] 🌐 Checking version from GitHub...
[2025-09-24T08:52:03.052Z] 2025-09-24 10:52:03 [CLIENT DISCORD] 📦 Nom GitHub : catherine
[2025-09-24T08:52:03.052Z] 2025-09-24 10:52:03 [CLIENT DISCORD] 🕒 Version distante : 2.2
[2025-09-24T08:52:03.052Z] 2025-09-24 10:52:03 [WARN] ⚠️ Les versions diffèrent : locale (2.3.1) ≠ distante (2.2)
[2025-09-24T08:52:03.052Z] 2025-09-24 10:52:03 [CLIENT DISCORD] [34m==============================[39m
[2025-09-24T08:52:03.053Z] 2025-09-24 10:52:03 [CLIENT DISCORD] [32m🚀 Démarrage du bot...[39m
[2025-09-24T08:52:03.053Z] 2025-09-24 10:52:03 [CLIENT DISCORD] [33m🔗 Connexion à Discord API...[39m
[2025-09-24T08:52:03.053Z] 2025-09-24 10:52:03 [CLIENT DISCORD] [36m✅ Bot RP en ligne ! Connecté en tant que 293 | Catherine#8045[39m
[2025-09-24T08:52:03.053Z] 2025-09-24 10:52:03 [CLIENT DISCORD] [34m==============================[39m
[34m[39m
[2025-09-24T08:52:03.060Z] 2025-09-24 10:52:03 [CLIENT DISCORD] [player] Initialisation du Player terminée.
[2025-09-24T08:52:03.061Z] 2025-09-24 10:52:03 [CLIENT DISCORD] [player] Extracteurs chargés avec succès.
[2025-09-24T08:52:03.061Z] 2025-09-24 10:52:03 [CLIENT DISCORD] 📥 Serveur trouvé : Los Santos Sheriff Department
[2025-09-24T08:52:03.361Z] 2025-09-24 10:52:03 [CLIENT DISCORD] 🔍 Commandes déjà présentes : play, rules, createreport, div, role, info, pex, openservice, infoshift, recruit, help, ban, ticket, shutdown, userinfo, send, clear, kick, warn, mute, rename, shift, promote
[2025-09-24T08:52:03.361Z] 2025-09-24 10:52:03 [WARN] ⚠️ Les commandes sont déjà enregistrées. Lance avec 'debug' pour forcer l'écrasement.
[2025-09-24T08:52:03.361Z] 2025-09-24 10:52:03 [CLIENT DISCORD] 🎮 Statut et activité mis à jour.
[2025-09-24T08:52:03.362Z] 2025-09-24 10:52:03 [CLIENT DISCORD] 📌 Mode de lancement : [33mAucun[39m
[2025-09-24T08:52:03.362Z] 2025-09-24 10:52:03 [CLIENT DISCORD] ✅ Bot prêt en tant que 293 | Catherine#8045
[2025-09-24T08:52:03.364Z] 2025-09-24 10:52:03 [CLIENT DISCORD] [Cron] 🕒 Démarrage de la régénération automatique de la hiérarchie (tabs)...
[2025-09-24T08:52:03.364Z] 2025-09-24 10:52:03 [CLIENT DISCORD] [Cron] 🕒 Démarrage de la régénération automatique de la hiérarchie... (div)
[2025-09-24T08:52:03.914Z] [NOTIFY] 2025-09-24 10:52:03 [🟢 SOFT NOTIFY] Message DIV supprimé
[2025-09-24T08:52:04.217Z] [NOTIFY] 2025-09-24 10:52:04 [🟢 SOFT NOTIFY] Message TABS supprimé
[2025-09-24T08:52:04.593Z] 2025-09-24 10:52:04 [CLIENT DISCORD] [✅] Hiérarchie DIV envoyée.
[2025-09-24T08:52:04.594Z] 2025-09-24 10:52:04 [CLIENT DISCORD] [Cron] 🕒 Fin de la régénération automatique de la hiérarchie.
[2025-09-24T08:52:05.187Z] 2025-09-24 10:52:05 [CLIENT DISCORD] [✅] Hiérarchie TABS envoyée.
[2025-09-24T08:52:05.188Z] 2025-09-24 10:52:05 [CLIENT DISCORD] [Cron] 🕒 Fin de la régénération automatique de la hiérarchie.
[2025-09-24T21:38:56.178Z] 2025-09-24 23:38:56 [CLIENT DISCORD] Les modules [32mloggers[39m ont correctement été exportés.
[2025-09-24T21:38:56.180Z] 2025-09-24 23:38:56 [DEBUG] 📦 Checking version from local...
[2025-09-24T21:38:56.182Z] 2025-09-24 23:38:56 [CLIENT DISCORD] 📦 Nom : catherine
[2025-09-24T21:38:56.183Z] 2025-09-24 23:38:56 [CLIENT DISCORD] 🕒 Version locale : 2.3.1
[2025-09-24T21:38:56.184Z] 2025-09-24 23:38:56 [DEBUG] 🌐 Checking version from GitHub...
[2025-09-24T21:38:56.263Z] [EVENT] 2025-09-24 23:38:56 [📅 EVENT NOTIFY] Chargé : guildBanAdd
[2025-09-24T21:38:56.266Z] [EVENT] 2025-09-24 23:38:56 [📅 EVENT NOTIFY] Chargé : guildBanRemove
[2025-09-24T21:38:56.267Z] [EVENT] 2025-09-24 23:38:56 [📅 EVENT NOTIFY] Chargé : guildMemberAdd
[2025-09-24T21:38:56.269Z] [EVENT] 2025-09-24 23:38:56 [📅 EVENT NOTIFY] Chargé : guildMemberRemove
[2025-09-24T21:38:56.273Z] 2025-09-24 23:38:56 [CLIENT DISCORD] Les modules  [32mutils.js[39m [0m ont correctement été exporté.[0m
[2025-09-24T21:38:57.038Z] 2025-09-24 23:38:57 [CLIENT DISCORD] L'interaction  [32mbuttons.js[39m [0m ont correctement été exporté.[0m
[2025-09-24T21:38:57.226Z] 2025-09-24 23:38:57 [CLIENT DISCORD] L'interaction  [32mmodals.js[39m [0m ont correctement été exporté.[0m
[2025-09-24T21:38:57.228Z] [EVENT] 2025-09-24 23:38:57 [📅 EVENT NOTIFY] Chargé : interactionCreate
[2025-09-24T21:38:57.230Z] [EVENT] 2025-09-24 23:38:57 [📅 EVENT NOTIFY] Chargé : messageCreate
[2025-09-24T21:38:57.232Z] [EVENT] 2025-09-24 23:38:57 [📅 EVENT NOTIFY] Chargé : messageDelete
[2025-09-24T21:38:57.234Z] [EVENT] 2025-09-24 23:38:57 [📅 EVENT NOTIFY] Chargé : messageUpdate
[2025-09-24T21:38:57.261Z] 2025-09-24 23:38:57 [CLIENT DISCORD] Les modules  [32mcommands.js[39m [0m ont correctement été exporté.[0m
[2025-09-24T21:38:57.280Z] [EVENT] 2025-09-24 23:38:57 [📅 EVENT NOTIFY] Chargé : ready
[2025-09-24T21:38:57.282Z] [EVENT] 2025-09-24 23:38:57 [📅 EVENT NOTIFY] Chargé : voiceStateUpdate
[2025-09-24T21:38:57.288Z] [COMMANDS] 2025-09-24 23:38:57 [📌 COMMANDS NOTIFY] Chargée : ban
[2025-09-24T21:38:57.290Z] [COMMANDS] 2025-09-24 23:38:57 [📌 COMMANDS NOTIFY] Chargée : clear
[2025-09-24T21:38:57.292Z] [COMMANDS] 2025-09-24 23:38:57 [📌 COMMANDS NOTIFY] Chargée : createreport
[2025-09-24T21:38:57.294Z] [COMMANDS] 2025-09-24 23:38:57 [📌 COMMANDS NOTIFY] Chargée : div
[2025-09-24T21:38:57.297Z] [COMMANDS] 2025-09-24 23:38:57 [📌 COMMANDS NOTIFY] Chargée : help
[2025-09-24T21:38:57.299Z] [COMMANDS] 2025-09-24 23:38:57 [📌 COMMANDS NOTIFY] Chargée : info
[2025-09-24T21:38:57.301Z] [COMMANDS] 2025-09-24 23:38:57 [📌 COMMANDS NOTIFY] Chargée : infoshift
[2025-09-24T21:38:57.304Z] [COMMANDS] 2025-09-24 23:38:57 [📌 COMMANDS NOTIFY] Chargée : kick
[2025-09-24T21:38:57.306Z] [COMMANDS] 2025-09-24 23:38:57 [📌 COMMANDS NOTIFY] Chargée : mute
[2025-09-24T21:38:57.308Z] [COMMANDS] 2025-09-24 23:38:57 [📌 COMMANDS NOTIFY] Chargée : openservice
[2025-09-24T21:38:57.311Z] [COMMANDS] 2025-09-24 23:38:57 [📌 COMMANDS NOTIFY] Chargée : pex
[2025-09-24T21:38:57.326Z] [COMMANDS] 2025-09-24 23:38:57 [📌 COMMANDS NOTIFY] Chargée : play
[2025-09-24T21:38:57.328Z] [COMMANDS] 2025-09-24 23:38:57 [📌 COMMANDS NOTIFY] Chargée : promote
[2025-09-24T21:38:57.331Z] [COMMANDS] 2025-09-24 23:38:57 [📌 COMMANDS NOTIFY] Chargée : recruit
[2025-09-24T21:38:57.333Z] [COMMANDS] 2025-09-24 23:38:57 [📌 COMMANDS NOTIFY] Chargée : rename
[2025-09-24T21:38:57.335Z] [COMMANDS] 2025-09-24 23:38:57 [📌 COMMANDS NOTIFY] Chargée : role
[2025-09-24T21:38:57.337Z] [COMMANDS] 2025-09-24 23:38:57 [📌 COMMANDS NOTIFY] Chargée : send
[2025-09-24T21:38:57.340Z] [COMMANDS] 2025-09-24 23:38:57 [📌 COMMANDS NOTIFY] Chargée : shift
[2025-09-24T21:38:57.343Z] [COMMANDS] 2025-09-24 23:38:57 [📌 COMMANDS NOTIFY] Chargée : ticket
[2025-09-24T21:38:57.346Z] [COMMANDS] 2025-09-24 23:38:57 [📌 COMMANDS NOTIFY] Chargée : userinfo
[2025-09-24T21:38:57.348Z] [COMMANDS] 2025-09-24 23:38:57 [📌 COMMANDS NOTIFY] Chargée : warn
[2025-09-24T21:38:57.355Z] 2025-09-24 23:38:57 [CLIENT DISCORD] [42m[30mChargement des informations du package.[39m[49m
[42m[30m[39m[49m [46m[PACKAGE][49m [32mAuth. : François 🌸[39m
[32m[39m [46m[PACKAGE][49m [32mDepd. : axios, chalk, cron, discord-html-transcripts, discord-player, discord.js, distube, dotenv, express, express-session, form-data, fs, googleapis, luxon, multer, node-cron, node-fetch, ora, patch, path, pdf-lib, pdfkit, play-dl, readline, rl, uuid[39m
[32m[39m [46m[PACKAGE][49m [32mDesc. : Official Bot Catherine for 911 Community.[39m
[32m[39m [46m[PACKAGE][49m [32mLisc. : ISC[39m
[32m[39m [46m[PACKAGE][49m [32mMain. : index.js[39m
[32m[39m [46m[PACKAGE][49m [32mName. : catherine[39m
[32m[39m [46m[PACKAGE][49m [32mScrp. : {"test":"echo \"Error: no test specified\" && exit 1","start":"node server.js"}[39m
[32m[39m [46m[PACKAGE][49m [32mVers. : 2.3.1[39m
[32m[39m [46m[PACKAGE][49m [32mPatch Note. : **[PN - 07/06]** *Passage 2.0 with new patch (shift, tabs... new commands handler)*[39m
[32m[39m
[2025-09-24T21:38:57.687Z] 2025-09-24 23:38:57 [CLIENT DISCORD] 📦 Nom GitHub : catherine
[2025-09-24T21:38:57.688Z] 2025-09-24 23:38:57 [CLIENT DISCORD] 🕒 Version distante : 2.2
[2025-09-24T21:38:57.690Z] 2025-09-24 23:38:57 [WARN] ⚠️ Les versions diffèrent : locale (2.3.1) ≠ distante (2.2)
[2025-09-24T21:38:58.048Z] 2025-09-24 23:38:58 [DEBUG] 📦 Checking version from local...
[2025-09-24T21:38:58.050Z] 2025-09-24 23:38:58 [CLIENT DISCORD] 📦 Nom : catherine
[2025-09-24T21:38:58.051Z] 2025-09-24 23:38:58 [CLIENT DISCORD] 🕒 Version locale : 2.3.1
[2025-09-24T21:38:58.052Z] 2025-09-24 23:38:58 [DEBUG] 🌐 Checking version from GitHub...
[2025-09-24T21:38:58.057Z] 2025-09-24 23:38:58 [ERROR] (node:417367) DeprecationWarning: The ready event has been renamed to clientReady to distinguish it from the gateway READY event and will only emit under that name in v15. Please use clientReady instead.
(Use `node --trace-deprecation ...` to show where the warning was created)
[2025-09-24T21:38:58.308Z] 2025-09-24 23:38:58 [CLIENT DISCORD] 📦 Nom GitHub : catherine
[2025-09-24T21:38:58.310Z] 2025-09-24 23:38:58 [CLIENT DISCORD] 🕒 Version distante : 2.2
[2025-09-24T21:38:58.311Z] 2025-09-24 23:38:58 [WARN] ⚠️ Les versions diffèrent : locale (2.3.1) ≠ distante (2.2)
[2025-09-24T21:38:58.312Z] 2025-09-24 23:38:58 [CLIENT DISCORD] [34m==============================[39m
[2025-09-24T21:38:58.313Z] 2025-09-24 23:38:58 [CLIENT DISCORD] [32m🚀 Démarrage du bot...[39m
[2025-09-24T21:38:58.314Z] 2025-09-24 23:38:58 [CLIENT DISCORD] [33m🔗 Connexion à Discord API...[39m
[2025-09-24T21:38:58.316Z] 2025-09-24 23:38:58 [CLIENT DISCORD] [36m✅ Bot RP en ligne ! Connecté en tant que 293 | Catherine#8045[39m
[2025-09-24T21:38:58.317Z] 2025-09-24 23:38:58 [CLIENT DISCORD] [34m==============================[39m
[34m[39m
[2025-09-24T21:38:58.326Z] 2025-09-24 23:38:58 [CLIENT DISCORD] [player] Initialisation du Player terminée.
[2025-09-24T21:38:58.330Z] 2025-09-24 23:38:58 [CLIENT DISCORD] [player] Extracteurs chargés avec succès.
[2025-09-24T21:38:58.331Z] 2025-09-24 23:38:58 [CLIENT DISCORD] 📥 Serveur trouvé : Los Santos Sheriff Department
[2025-09-24T21:38:58.510Z] 2025-09-24 23:38:58 [CLIENT DISCORD] 🔍 Commandes déjà présentes : play, rules, createreport, div, role, info, pex, openservice, infoshift, recruit, help, ban, ticket, shutdown, userinfo, send, clear, kick, warn, mute, rename, shift, promote
[2025-09-24T21:38:58.510Z] 2025-09-24 23:38:58 [WARN] ⚠️ Les commandes sont déjà enregistrées. Lance avec 'debug' pour forcer l'écrasement.
[2025-09-24T21:38:58.511Z] 2025-09-24 23:38:58 [CLIENT DISCORD] 🎮 Statut et activité mis à jour.
[2025-09-24T21:38:58.511Z] 2025-09-24 23:38:58 [CLIENT DISCORD] 📌 Mode de lancement : [33mAucun[39m
[2025-09-24T21:38:58.512Z] 2025-09-24 23:38:58 [CLIENT DISCORD] ✅ Bot prêt en tant que 293 | Catherine#8045
[2025-09-24T21:38:58.515Z] 2025-09-24 23:38:58 [CLIENT DISCORD] [Cron] 🕒 Démarrage de la régénération automatique de la hiérarchie (tabs)...
[2025-09-24T21:38:58.515Z] 2025-09-24 23:38:58 [CLIENT DISCORD] [Cron] 🕒 Démarrage de la régénération automatique de la hiérarchie... (div)
[2025-09-24T21:38:58.951Z] [NOTIFY] 2025-09-24 23:38:58 [🟢 SOFT NOTIFY] Message DIV supprimé
[2025-09-24T21:38:59.184Z] [NOTIFY] 2025-09-24 23:38:59 [🟢 SOFT NOTIFY] Message TABS supprimé
[2025-09-24T21:38:59.575Z] 2025-09-24 23:38:59 [CLIENT DISCORD] [✅] Hiérarchie DIV envoyée.
[2025-09-24T21:38:59.576Z] 2025-09-24 23:38:59 [CLIENT DISCORD] [Cron] 🕒 Fin de la régénération automatique de la hiérarchie.
[2025-09-24T21:39:00.199Z] 2025-09-24 23:39:00 [CLIENT DISCORD] [✅] Hiérarchie TABS envoyée.
[2025-09-24T21:39:00.200Z] 2025-09-24 23:39:00 [CLIENT DISCORD] [Cron] 🕒 Fin de la régénération automatique de la hiérarchie.
