[2025-07-30T03:00:00.171Z] 2025-07-30 05:00:00 [CLIENT DISCORD] [32m🌙 Tâches de la nuit exécutées ![39m
[2025-07-30T03:00:00.217Z] 2025-07-30 05:00:00 [DEBUG] 📦 Checking version from local...
[2025-07-30T03:00:00.219Z] 2025-07-30 05:00:00 [CLIENT DISCORD] 📦 Nom : catherine
[2025-07-30T03:00:00.220Z] 2025-07-30 05:00:00 [CLIENT DISCORD] 🕒 Version locale : 2.1.2
[2025-07-30T03:00:00.221Z] 2025-07-30 05:00:00 [DEBUG] 🌐 Checking version from GitHub...
[2025-07-30T03:00:00.275Z] 2025-07-30 05:00:00 [WARN] [REBOOT] Attention, Catherine redémarre (checker les logs). Instruction reboot.js
[2025-07-30T03:00:09.490Z] 2025-07-30 05:00:09 [CLIENT DISCORD] Les modules [32mloggers[39m ont correctement été exportés.
[2025-07-30T03:00:09.540Z] [EVENT] 2025-07-30 05:00:09 [📅 EVENT NOTIFY] Chargé : guildBanAdd
[2025-07-30T03:00:09.541Z] [EVENT] 2025-07-30 05:00:09 [📅 EVENT NOTIFY] Chargé : guildBanRemove
[2025-07-30T03:00:09.543Z] [EVENT] 2025-07-30 05:00:09 [📅 EVENT NOTIFY] Chargé : guildMemberAdd
[2025-07-30T03:00:09.544Z] [EVENT] 2025-07-30 05:00:09 [📅 EVENT NOTIFY] Chargé : guildMemberRemove
[2025-07-30T03:00:09.548Z] 2025-07-30 05:00:09 [CLIENT DISCORD] Les modules  [32mutils.js[39m [0m ont correctement été exporté.[0m
[2025-07-30T03:00:10.722Z] 2025-07-30 05:00:10 [CLIENT DISCORD] L'interaction  [32mbuttons.js[39m [0m ont correctement été exporté.[0m
[2025-07-30T03:00:10.904Z] 2025-07-30 05:00:10 [CLIENT DISCORD] L'interaction  [32mmodals.js[39m [0m ont correctement été exporté.[0m
[2025-07-30T03:00:10.906Z] [EVENT] 2025-07-30 05:00:10 [📅 EVENT NOTIFY] Chargé : interactionCreate
[2025-07-30T03:00:10.908Z] [EVENT] 2025-07-30 05:00:10 [📅 EVENT NOTIFY] Chargé : messageCreate
[2025-07-30T03:00:10.910Z] [EVENT] 2025-07-30 05:00:10 [📅 EVENT NOTIFY] Chargé : messageDelete
[2025-07-30T03:00:10.911Z] [EVENT] 2025-07-30 05:00:10 [📅 EVENT NOTIFY] Chargé : messageUpdate
[2025-07-30T03:00:10.922Z] 2025-07-30 05:00:10 [CLIENT DISCORD] Les modules  [32mcommands.js[39m [0m ont correctement été exporté.[0m
[2025-07-30T03:00:10.934Z] [EVENT] 2025-07-30 05:00:10 [📅 EVENT NOTIFY] Chargé : ready
[2025-07-30T03:00:10.935Z] [EVENT] 2025-07-30 05:00:10 [📅 EVENT NOTIFY] Chargé : voiceStateUpdate
[2025-07-30T03:00:10.941Z] [COMMANDS] 2025-07-30 05:00:10 [📌 COMMANDS NOTIFY] Chargée : ban
[2025-07-30T03:00:10.942Z] [COMMANDS] 2025-07-30 05:00:10 [📌 COMMANDS NOTIFY] Chargée : clear
[2025-07-30T03:00:10.944Z] [COMMANDS] 2025-07-30 05:00:10 [📌 COMMANDS NOTIFY] Chargée : createreport
[2025-07-30T03:00:10.946Z] [COMMANDS] 2025-07-30 05:00:10 [📌 COMMANDS NOTIFY] Chargée : div
[2025-07-30T03:00:10.947Z] [COMMANDS] 2025-07-30 05:00:10 [📌 COMMANDS NOTIFY] Chargée : help
[2025-07-30T03:00:10.949Z] [COMMANDS] 2025-07-30 05:00:10 [📌 COMMANDS NOTIFY] Chargée : info
[2025-07-30T03:00:10.951Z] [COMMANDS] 2025-07-30 05:00:10 [📌 COMMANDS NOTIFY] Chargée : infoshift
[2025-07-30T03:00:10.953Z] [COMMANDS] 2025-07-30 05:00:10 [📌 COMMANDS NOTIFY] Chargée : kick
[2025-07-30T03:00:10.954Z] [COMMANDS] 2025-07-30 05:00:10 [📌 COMMANDS NOTIFY] Chargée : mute
[2025-07-30T03:00:10.956Z] [COMMANDS] 2025-07-30 05:00:10 [📌 COMMANDS NOTIFY] Chargée : openservice
[2025-07-30T03:00:10.958Z] [COMMANDS] 2025-07-30 05:00:10 [📌 COMMANDS NOTIFY] Chargée : pex
[2025-07-30T03:00:10.967Z] [COMMANDS] 2025-07-30 05:00:10 [📌 COMMANDS NOTIFY] Chargée : play
[2025-07-30T03:00:10.969Z] [COMMANDS] 2025-07-30 05:00:10 [📌 COMMANDS NOTIFY] Chargée : promote
[2025-07-30T03:00:10.970Z] [COMMANDS] 2025-07-30 05:00:10 [📌 COMMANDS NOTIFY] Chargée : recruit
[2025-07-30T03:00:10.972Z] [COMMANDS] 2025-07-30 05:00:10 [📌 COMMANDS NOTIFY] Chargée : rename
[2025-07-30T03:00:10.974Z] [COMMANDS] 2025-07-30 05:00:10 [📌 COMMANDS NOTIFY] Chargée : role
[2025-07-30T03:00:10.976Z] [COMMANDS] 2025-07-30 05:00:10 [📌 COMMANDS NOTIFY] Chargée : send
[2025-07-30T03:00:10.977Z] [COMMANDS] 2025-07-30 05:00:10 [📌 COMMANDS NOTIFY] Chargée : shift
[2025-07-30T03:00:10.980Z] [COMMANDS] 2025-07-30 05:00:10 [📌 COMMANDS NOTIFY] Chargée : ticket
[2025-07-30T03:00:10.982Z] [COMMANDS] 2025-07-30 05:00:10 [📌 COMMANDS NOTIFY] Chargée : userinfo
[2025-07-30T03:00:10.983Z] [COMMANDS] 2025-07-30 05:00:10 [📌 COMMANDS NOTIFY] Chargée : warn
[2025-07-30T03:00:10.989Z] 2025-07-30 05:00:10 [CLIENT DISCORD] [42m[30mChargement des informations du package.[39m[49m
[42m[30m[39m[49m [46m[PACKAGE][49m [32mAuth. : François 🌸[39m
[32m[39m [46m[PACKAGE][49m [32mDepd. : axios, chalk, cron, discord-html-transcripts, discord-player, discord.js, distube, dotenv, express, express-session, form-data, fs, googleapis, luxon, node-cron, node-fetch, ora, patch, path, pdf-lib, pdfkit, play-dl, readline, rl, uuid[39m
[32m[39m [46m[PACKAGE][49m [32mDesc. : Official Bot Catherine for 911 Community.[39m
[32m[39m [46m[PACKAGE][49m [32mLisc. : ISC[39m
[32m[39m [46m[PACKAGE][49m [32mMain. : index.js[39m
[32m[39m [46m[PACKAGE][49m [32mName. : catherine[39m
[32m[39m [46m[PACKAGE][49m [32mScrp. : {"test":"echo \"Error: no test specified\" && exit 1","start":"node server.js"}[39m
[32m[39m [46m[PACKAGE][49m [32mVers. : 2.1.2[39m
[32m[39m [46m[PACKAGE][49m [32mPatch Note. : **[PN - 07/06]** *Passage 2.0 with new patch (shift, tabs... new commands handler)*[39m
[32m[39m
[2025-07-30T03:00:12.149Z] 2025-07-30 05:00:12 [DEBUG] 📦 Checking version from local...
[2025-07-30T03:00:12.150Z] 2025-07-30 05:00:12 [CLIENT DISCORD] 📦 Nom : catherine
[2025-07-30T03:00:12.150Z] 2025-07-30 05:00:12 [CLIENT DISCORD] 🕒 Version locale : 2.1.2
[2025-07-30T03:00:12.151Z] 2025-07-30 05:00:12 [DEBUG] 🌐 Checking version from GitHub...
[2025-07-30T03:00:12.381Z] 2025-07-30 05:00:12 [CLIENT DISCORD] 📦 Nom GitHub : catherine
[2025-07-30T03:00:12.382Z] 2025-07-30 05:00:12 [CLIENT DISCORD] 🕒 Version distante : 2.1.2
[2025-07-30T03:00:12.383Z] [INFO] 2025-07-30 05:00:12 [ℹ️ INFO NOTIFY] ✅ Les versions sont identiques.
[2025-07-30T03:00:12.383Z] 2025-07-30 05:00:12 [CLIENT DISCORD] [34m==============================[39m
[2025-07-30T03:00:12.384Z] 2025-07-30 05:00:12 [CLIENT DISCORD] [32m🚀 Démarrage du bot...[39m
[2025-07-30T03:00:12.384Z] 2025-07-30 05:00:12 [CLIENT DISCORD] [33m🔗 Connexion à Discord API...[39m
[2025-07-30T03:00:12.384Z] 2025-07-30 05:00:12 [CLIENT DISCORD] [36m✅ Bot RP en ligne ! Connecté en tant que 293 | Catherine#8045[39m
[2025-07-30T03:00:12.384Z] 2025-07-30 05:00:12 [CLIENT DISCORD] [34m==============================[39m
[34m[39m
[2025-07-30T03:00:12.394Z] 2025-07-30 05:00:12 [CLIENT DISCORD] [player] Initialisation du Player terminée.
[2025-07-30T03:00:12.398Z] 2025-07-30 05:00:12 [CLIENT DISCORD] [player] Extracteurs chargés avec succès.
[2025-07-30T03:00:12.398Z] 2025-07-30 05:00:12 [CLIENT DISCORD] 📥 Serveur trouvé : Georgia State Police (GSP)
[2025-07-30T03:00:12.639Z] 2025-07-30 05:00:12 [CLIENT DISCORD] 🔍 Commandes déjà présentes : play, rules, createreport, div, role, info, pex, openservice, infoshift, recruit, help, ban, ticket, shutdown, userinfo, send, clear, kick, warn, mute, rename, shift, promote
[2025-07-30T03:00:12.640Z] 2025-07-30 05:00:12 [WARN] ⚠️ Les commandes sont déjà enregistrées. Lance avec 'debug' pour forcer l'écrasement.
[2025-07-30T03:00:12.640Z] 2025-07-30 05:00:12 [CLIENT DISCORD] 🎮 Statut et activité mis à jour.
[2025-07-30T03:00:12.640Z] 2025-07-30 05:00:12 [CLIENT DISCORD] 📌 Mode de lancement : [33mAucun[39m
[2025-07-30T03:00:12.641Z] 2025-07-30 05:00:12 [CLIENT DISCORD] ✅ Bot prêt en tant que 293 | Catherine#8045
[2025-07-30T06:00:00.213Z] 2025-07-30 08:00:00 [CLIENT DISCORD] [32m🌅 Tâches du matin exécutées ![39m
[2025-07-30T06:00:00.256Z] 2025-07-30 08:00:00 [CLIENT DISCORD] [Cron] 🕒 Démarrage de la régénération automatique de la hiérarchie (tabs)...
[2025-07-30T06:00:00.267Z] 2025-07-30 08:00:00 [CLIENT DISCORD] [Cron] 🕒 Démarrage de la régénération automatique de la hiérarchie... (div)
[2025-07-30T06:00:00.272Z] 2025-07-30 08:00:00 [CLIENT DISCORD] 🔍 Vérification des règles...
[2025-07-30T06:00:00.292Z] 2025-07-30 08:00:00 [DEBUG] 📦 Checking version from local...
[2025-07-30T06:00:00.294Z] 2025-07-30 08:00:00 [CLIENT DISCORD] 📦 Nom : catherine
[2025-07-30T06:00:00.295Z] 2025-07-30 08:00:00 [CLIENT DISCORD] 🕒 Version locale : 2.1.2
[2025-07-30T06:00:00.295Z] 2025-07-30 08:00:00 [DEBUG] 🌐 Checking version from GitHub...
[2025-07-30T06:00:00.402Z] 2025-07-30 08:00:00 [CLIENT DISCORD] ✅ rules_1.txt inchangé, pas de mise à jour.
[2025-07-30T06:00:00.404Z] 2025-07-30 08:00:00 [CLIENT DISCORD] ✅ rules_2.txt inchangé, pas de mise à jour.
[2025-07-30T06:00:00.405Z] 2025-07-30 08:00:00 [CLIENT DISCORD] ✅ Vérification des règles terminée.
[2025-07-30T06:00:00.484Z] 2025-07-30 08:00:00 [CLIENT DISCORD] [EXPORT] access.json mis à jour avec 13 exécutif(s), 3 superviseur(s) et 2 commandement(s)
[2025-07-30T06:00:00.752Z] 2025-07-30 08:00:00 [CLIENT DISCORD] 📦 Nom GitHub : catherine
[2025-07-30T06:00:00.753Z] 2025-07-30 08:00:00 [CLIENT DISCORD] 🕒 Version distante : 2.1.2
[2025-07-30T06:00:00.755Z] [INFO] 2025-07-30 08:00:00 [ℹ️ INFO NOTIFY] ✅ Les versions sont identiques.
[2025-07-30T06:00:00.936Z] [NOTIFY] 2025-07-30 08:00:00 [🟢 SOFT NOTIFY] Message DIV supprimé
[2025-07-30T06:00:01.140Z] [NOTIFY] 2025-07-30 08:00:01 [🟢 SOFT NOTIFY] Message TABS supprimé
[2025-07-30T06:00:03.298Z] 2025-07-30 08:00:03 [CLIENT DISCORD] [✅] Hiérarchie DIV envoyée.
[2025-07-30T06:00:03.304Z] 2025-07-30 08:00:03 [CLIENT DISCORD] [Cron] 🕒 Fin de la régénération automatique de la hiérarchie.
[2025-07-30T06:00:03.837Z] 2025-07-30 08:00:03 [CLIENT DISCORD] [✅] Hiérarchie TABS envoyée.
[2025-07-30T06:00:03.843Z] 2025-07-30 08:00:03 [CLIENT DISCORD] [Cron] 🕒 Fin de la régénération automatique de la hiérarchie.
[2025-07-30T10:10:21.350Z] 2025-07-30 12:10:21 [CLIENT DISCORD] [BUTTON] timoty0710 a exécuté l'interaction bouton rulescheck dans 1252234244760141874
[2025-07-30T10:10:30.572Z] 2025-07-30 12:10:30 [ERROR] (node:76477) Warning: Supplying "ephemeral" for interaction response options is deprecated. Utilize flags instead.
(Use `node --trace-warnings ...` to show where the warning was created)
[2025-07-30T10:10:30.810Z] 2025-07-30 12:10:30 [CLIENT DISCORD] [MODAL] timoty0710 a exécuté l'interaction modal rulesModal dans 1252234244760141874
[2025-07-30T14:00:00.133Z] 2025-07-30 16:00:00 [CLIENT DISCORD] [32m🌇 Tâches du soir exécutées ![39m
[2025-07-30T14:00:00.151Z] 2025-07-30 16:00:00 [CLIENT DISCORD] [Cron] 🕒 Démarrage de la régénération automatique de la hiérarchie (tabs)...
[2025-07-30T14:00:00.158Z] 2025-07-30 16:00:00 [CLIENT DISCORD] [Cron] 🕒 Démarrage de la régénération automatique de la hiérarchie... (div)
[2025-07-30T14:00:00.162Z] 2025-07-30 16:00:00 [CLIENT DISCORD] 🔍 Vérification des règles...
[2025-07-30T14:00:00.174Z] 2025-07-30 16:00:00 [DEBUG] 📦 Checking version from local...
[2025-07-30T14:00:00.176Z] 2025-07-30 16:00:00 [CLIENT DISCORD] 📦 Nom : catherine
[2025-07-30T14:00:00.177Z] 2025-07-30 16:00:00 [CLIENT DISCORD] 🕒 Version locale : 2.1.2
[2025-07-30T14:00:00.178Z] 2025-07-30 16:00:00 [DEBUG] 🌐 Checking version from GitHub...
[2025-07-30T14:00:00.221Z] 2025-07-30 16:00:00 [CLIENT DISCORD] ✅ rules_1.txt inchangé, pas de mise à jour.
[2025-07-30T14:00:00.223Z] 2025-07-30 16:00:00 [CLIENT DISCORD] ✅ rules_2.txt inchangé, pas de mise à jour.
[2025-07-30T14:00:00.224Z] 2025-07-30 16:00:00 [CLIENT DISCORD] ✅ Vérification des règles terminée.
[2025-07-30T14:00:00.301Z] 2025-07-30 16:00:00 [CLIENT DISCORD] [EXPORT] access.json mis à jour avec 13 exécutif(s), 3 superviseur(s) et 2 commandement(s)
[2025-07-30T14:00:00.461Z] 2025-07-30 16:00:00 [CLIENT DISCORD] 📦 Nom GitHub : catherine
[2025-07-30T14:00:00.463Z] 2025-07-30 16:00:00 [CLIENT DISCORD] 🕒 Version distante : 2.1.2
[2025-07-30T14:00:00.464Z] [INFO] 2025-07-30 16:00:00 [ℹ️ INFO NOTIFY] ✅ Les versions sont identiques.
[2025-07-30T14:00:00.587Z] [NOTIFY] 2025-07-30 16:00:00 [🟢 SOFT NOTIFY] Message DIV supprimé
[2025-07-30T14:00:00.975Z] [NOTIFY] 2025-07-30 16:00:00 [🟢 SOFT NOTIFY] Message TABS supprimé
[2025-07-30T14:00:02.329Z] 2025-07-30 16:00:02 [CLIENT DISCORD] [✅] Hiérarchie DIV envoyée.
[2025-07-30T14:00:02.331Z] 2025-07-30 16:00:02 [CLIENT DISCORD] [Cron] 🕒 Fin de la régénération automatique de la hiérarchie.
[2025-07-30T14:00:02.931Z] 2025-07-30 16:00:02 [CLIENT DISCORD] [✅] Hiérarchie TABS envoyée.
[2025-07-30T14:00:02.933Z] 2025-07-30 16:00:02 [CLIENT DISCORD] [Cron] 🕒 Fin de la régénération automatique de la hiérarchie.
