[2025-08-03T03:00:00.165Z] 2025-08-03 05:00:00 [CLIENT DISCORD] [32m🌙 Tâches de la nuit exécutées ![39m
[2025-08-03T03:00:00.203Z] 2025-08-03 05:00:00 [DEBUG] 📦 Checking version from local...
[2025-08-03T03:00:00.206Z] 2025-08-03 05:00:00 [CLIENT DISCORD] 📦 Nom : catherine
[2025-08-03T03:00:00.207Z] 2025-08-03 05:00:00 [CLIENT DISCORD] 🕒 Version locale : 2.1.2
[2025-08-03T03:00:00.208Z] 2025-08-03 05:00:00 [DEBUG] 🌐 Checking version from GitHub...
[2025-08-03T03:00:00.215Z] 2025-08-03 05:00:00 [WARN] [REBOOT] Attention, Catherine redémarre (checker les logs). Instruction reboot.js
[2025-08-03T03:00:09.296Z] 2025-08-03 05:00:09 [CLIENT DISCORD] Les modules [32mloggers[39m ont correctement été exportés.
[2025-08-03T03:00:09.334Z] [EVENT] 2025-08-03 05:00:09 [📅 EVENT NOTIFY] Chargé : guildBanAdd
[2025-08-03T03:00:09.335Z] [EVENT] 2025-08-03 05:00:09 [📅 EVENT NOTIFY] Chargé : guildBanRemove
[2025-08-03T03:00:09.336Z] [EVENT] 2025-08-03 05:00:09 [📅 EVENT NOTIFY] Chargé : guildMemberAdd
[2025-08-03T03:00:09.337Z] [EVENT] 2025-08-03 05:00:09 [📅 EVENT NOTIFY] Chargé : guildMemberRemove
[2025-08-03T03:00:09.341Z] 2025-08-03 05:00:09 [CLIENT DISCORD] Les modules  [32mutils.js[39m [0m ont correctement été exporté.[0m
[2025-08-03T03:00:10.379Z] 2025-08-03 05:00:10 [CLIENT DISCORD] L'interaction  [32mbuttons.js[39m [0m ont correctement été exporté.[0m
[2025-08-03T03:00:10.904Z] 2025-08-03 05:00:10 [CLIENT DISCORD] L'interaction  [32mmodals.js[39m [0m ont correctement été exporté.[0m
[2025-08-03T03:00:10.904Z] [EVENT] 2025-08-03 05:00:10 [📅 EVENT NOTIFY] Chargé : interactionCreate
[2025-08-03T03:00:10.905Z] [EVENT] 2025-08-03 05:00:10 [📅 EVENT NOTIFY] Chargé : messageCreate
[2025-08-03T03:00:10.906Z] [EVENT] 2025-08-03 05:00:10 [📅 EVENT NOTIFY] Chargé : messageDelete
[2025-08-03T03:00:10.907Z] [EVENT] 2025-08-03 05:00:10 [📅 EVENT NOTIFY] Chargé : messageUpdate
[2025-08-03T03:00:10.944Z] 2025-08-03 05:00:10 [CLIENT DISCORD] Les modules  [32mcommands.js[39m [0m ont correctement été exporté.[0m
[2025-08-03T03:00:10.981Z] [EVENT] 2025-08-03 05:00:10 [📅 EVENT NOTIFY] Chargé : ready
[2025-08-03T03:00:10.982Z] [EVENT] 2025-08-03 05:00:10 [📅 EVENT NOTIFY] Chargé : voiceStateUpdate
[2025-08-03T03:00:10.993Z] [COMMANDS] 2025-08-03 05:00:10 [📌 COMMANDS NOTIFY] Chargée : ban
[2025-08-03T03:00:10.995Z] [COMMANDS] 2025-08-03 05:00:10 [📌 COMMANDS NOTIFY] Chargée : clear
[2025-08-03T03:00:10.998Z] [COMMANDS] 2025-08-03 05:00:10 [📌 COMMANDS NOTIFY] Chargée : createreport
[2025-08-03T03:00:11.002Z] [COMMANDS] 2025-08-03 05:00:11 [📌 COMMANDS NOTIFY] Chargée : div
[2025-08-03T03:00:11.006Z] [COMMANDS] 2025-08-03 05:00:11 [📌 COMMANDS NOTIFY] Chargée : help
[2025-08-03T03:00:11.009Z] [COMMANDS] 2025-08-03 05:00:11 [📌 COMMANDS NOTIFY] Chargée : info
[2025-08-03T03:00:11.012Z] [COMMANDS] 2025-08-03 05:00:11 [📌 COMMANDS NOTIFY] Chargée : infoshift
[2025-08-03T03:00:11.015Z] [COMMANDS] 2025-08-03 05:00:11 [📌 COMMANDS NOTIFY] Chargée : kick
[2025-08-03T03:00:11.019Z] [COMMANDS] 2025-08-03 05:00:11 [📌 COMMANDS NOTIFY] Chargée : mute
[2025-08-03T03:00:11.022Z] [COMMANDS] 2025-08-03 05:00:11 [📌 COMMANDS NOTIFY] Chargée : openservice
[2025-08-03T03:00:11.026Z] [COMMANDS] 2025-08-03 05:00:11 [📌 COMMANDS NOTIFY] Chargée : pex
[2025-08-03T03:00:11.061Z] [COMMANDS] 2025-08-03 05:00:11 [📌 COMMANDS NOTIFY] Chargée : play
[2025-08-03T03:00:11.064Z] [COMMANDS] 2025-08-03 05:00:11 [📌 COMMANDS NOTIFY] Chargée : promote
[2025-08-03T03:00:11.067Z] [COMMANDS] 2025-08-03 05:00:11 [📌 COMMANDS NOTIFY] Chargée : recruit
[2025-08-03T03:00:11.069Z] [COMMANDS] 2025-08-03 05:00:11 [📌 COMMANDS NOTIFY] Chargée : rename
[2025-08-03T03:00:11.070Z] [COMMANDS] 2025-08-03 05:00:11 [📌 COMMANDS NOTIFY] Chargée : role
[2025-08-03T03:00:11.073Z] [COMMANDS] 2025-08-03 05:00:11 [📌 COMMANDS NOTIFY] Chargée : send
[2025-08-03T03:00:11.075Z] [COMMANDS] 2025-08-03 05:00:11 [📌 COMMANDS NOTIFY] Chargée : shift
[2025-08-03T03:00:11.082Z] [COMMANDS] 2025-08-03 05:00:11 [📌 COMMANDS NOTIFY] Chargée : ticket
[2025-08-03T03:00:11.086Z] [COMMANDS] 2025-08-03 05:00:11 [📌 COMMANDS NOTIFY] Chargée : userinfo
[2025-08-03T03:00:11.088Z] [COMMANDS] 2025-08-03 05:00:11 [📌 COMMANDS NOTIFY] Chargée : warn
[2025-08-03T03:00:11.098Z] 2025-08-03 05:00:11 [CLIENT DISCORD] [42m[30mChargement des informations du package.[39m[49m
[42m[30m[39m[49m [46m[PACKAGE][49m [32mAuth. : François 🌸[39m
[32m[39m [46m[PACKAGE][49m [32mDepd. : axios, chalk, cron, discord-html-transcripts, discord-player, discord.js, distube, dotenv, express, express-session, form-data, fs, googleapis, luxon, node-cron, node-fetch, ora, patch, path, pdf-lib, pdfkit, play-dl, readline, rl, uuid[39m
[32m[39m [46m[PACKAGE][49m [32mDesc. : Official Bot Catherine for 911 Community.[39m
[32m[39m [46m[PACKAGE][49m [32mLisc. : ISC[39m
[32m[39m [46m[PACKAGE][49m [32mMain. : index.js[39m
[32m[39m [46m[PACKAGE][49m [32mName. : catherine[39m
[32m[39m [46m[PACKAGE][49m [32mScrp. : {"test":"echo \"Error: no test specified\" && exit 1","start":"node server.js"}[39m
[32m[39m [46m[PACKAGE][49m [32mVers. : 2.1.2[39m
[32m[39m [46m[PACKAGE][49m [32mPatch Note. : **[PN - 07/06]** *Passage 2.0 with new patch (shift, tabs... new commands handler)*[39m
[32m[39m
[2025-08-03T03:00:12.179Z] 2025-08-03 05:00:12 [DEBUG] 📦 Checking version from local...
[2025-08-03T03:00:12.180Z] 2025-08-03 05:00:12 [CLIENT DISCORD] 📦 Nom : catherine
[2025-08-03T03:00:12.181Z] 2025-08-03 05:00:12 [CLIENT DISCORD] 🕒 Version locale : 2.1.2
[2025-08-03T03:00:12.182Z] 2025-08-03 05:00:12 [DEBUG] 🌐 Checking version from GitHub...
[2025-08-03T03:00:12.426Z] 2025-08-03 05:00:12 [CLIENT DISCORD] 📦 Nom GitHub : catherine
[2025-08-03T03:00:12.428Z] 2025-08-03 05:00:12 [CLIENT DISCORD] 🕒 Version distante : 2.1.2
[2025-08-03T03:00:12.429Z] [INFO] 2025-08-03 05:00:12 [ℹ️ INFO NOTIFY] ✅ Les versions sont identiques.
[2025-08-03T03:00:12.430Z] 2025-08-03 05:00:12 [CLIENT DISCORD] [34m==============================[39m
[2025-08-03T03:00:12.431Z] 2025-08-03 05:00:12 [CLIENT DISCORD] [32m🚀 Démarrage du bot...[39m
[2025-08-03T03:00:12.432Z] 2025-08-03 05:00:12 [CLIENT DISCORD] [33m🔗 Connexion à Discord API...[39m
[2025-08-03T03:00:12.433Z] 2025-08-03 05:00:12 [CLIENT DISCORD] [36m✅ Bot RP en ligne ! Connecté en tant que 293 | Catherine#8045[39m
[2025-08-03T03:00:12.434Z] 2025-08-03 05:00:12 [CLIENT DISCORD] [34m==============================[39m
[34m[39m
[2025-08-03T03:00:12.445Z] 2025-08-03 05:00:12 [CLIENT DISCORD] [player] Initialisation du Player terminée.
[2025-08-03T03:00:12.450Z] 2025-08-03 05:00:12 [CLIENT DISCORD] [player] Extracteurs chargés avec succès.
[2025-08-03T03:00:12.451Z] 2025-08-03 05:00:12 [CLIENT DISCORD] 📥 Serveur trouvé : Georgia State Police (GSP)
[2025-08-03T03:00:12.652Z] 2025-08-03 05:00:12 [CLIENT DISCORD] 🔍 Commandes déjà présentes : play, rules, createreport, div, role, info, pex, openservice, infoshift, recruit, help, ban, ticket, shutdown, userinfo, send, clear, kick, warn, mute, rename, shift, promote
[2025-08-03T03:00:12.655Z] 2025-08-03 05:00:12 [WARN] ⚠️ Les commandes sont déjà enregistrées. Lance avec 'debug' pour forcer l'écrasement.
[2025-08-03T03:00:12.656Z] 2025-08-03 05:00:12 [CLIENT DISCORD] 🎮 Statut et activité mis à jour.
[2025-08-03T03:00:12.657Z] 2025-08-03 05:00:12 [CLIENT DISCORD] 📌 Mode de lancement : [33mAucun[39m
[2025-08-03T03:00:12.658Z] 2025-08-03 05:00:12 [CLIENT DISCORD] ✅ Bot prêt en tant que 293 | Catherine#8045
[2025-08-03T06:00:00.175Z] 2025-08-03 08:00:00 [CLIENT DISCORD] [32m🌅 Tâches du matin exécutées ![39m
[2025-08-03T06:00:00.209Z] 2025-08-03 08:00:00 [CLIENT DISCORD] [Cron] 🕒 Démarrage de la régénération automatique de la hiérarchie (tabs)...
[2025-08-03T06:00:00.216Z] 2025-08-03 08:00:00 [CLIENT DISCORD] [Cron] 🕒 Démarrage de la régénération automatique de la hiérarchie... (div)
[2025-08-03T06:00:00.221Z] 2025-08-03 08:00:00 [CLIENT DISCORD] 🔍 Vérification des règles...
[2025-08-03T06:00:00.240Z] 2025-08-03 08:00:00 [DEBUG] 📦 Checking version from local...
[2025-08-03T06:00:00.242Z] 2025-08-03 08:00:00 [CLIENT DISCORD] 📦 Nom : catherine
[2025-08-03T06:00:00.243Z] 2025-08-03 08:00:00 [CLIENT DISCORD] 🕒 Version locale : 2.1.2
[2025-08-03T06:00:00.245Z] 2025-08-03 08:00:00 [DEBUG] 🌐 Checking version from GitHub...
[2025-08-03T06:00:00.316Z] 2025-08-03 08:00:00 [CLIENT DISCORD] ✅ rules_1.txt inchangé, pas de mise à jour.
[2025-08-03T06:00:00.318Z] 2025-08-03 08:00:00 [CLIENT DISCORD] ✅ rules_2.txt inchangé, pas de mise à jour.
[2025-08-03T06:00:00.320Z] 2025-08-03 08:00:00 [CLIENT DISCORD] ✅ Vérification des règles terminée.
[2025-08-03T06:00:00.392Z] 2025-08-03 08:00:00 [CLIENT DISCORD] [EXPORT] access.json mis à jour avec 13 exécutif(s), 3 superviseur(s) et 2 commandement(s)
[2025-08-03T06:00:00.542Z] 2025-08-03 08:00:00 [CLIENT DISCORD] 📦 Nom GitHub : catherine
[2025-08-03T06:00:00.543Z] 2025-08-03 08:00:00 [CLIENT DISCORD] 🕒 Version distante : 2.1.2
[2025-08-03T06:00:00.544Z] [INFO] 2025-08-03 08:00:00 [ℹ️ INFO NOTIFY] ✅ Les versions sont identiques.
[2025-08-03T06:00:01.223Z] [NOTIFY] 2025-08-03 08:00:01 [🟢 SOFT NOTIFY] Message DIV supprimé
[2025-08-03T06:00:01.420Z] [NOTIFY] 2025-08-03 08:00:01 [🟢 SOFT NOTIFY] Message TABS supprimé
[2025-08-03T06:00:03.460Z] 2025-08-03 08:00:03 [CLIENT DISCORD] [✅] Hiérarchie DIV envoyée.
[2025-08-03T06:00:03.461Z] 2025-08-03 08:00:03 [CLIENT DISCORD] [Cron] 🕒 Fin de la régénération automatique de la hiérarchie.
[2025-08-03T06:00:04.043Z] 2025-08-03 08:00:04 [CLIENT DISCORD] [✅] Hiérarchie TABS envoyée.
[2025-08-03T06:00:04.044Z] 2025-08-03 08:00:04 [CLIENT DISCORD] [Cron] 🕒 Fin de la régénération automatique de la hiérarchie.
[2025-08-03T14:00:00.097Z] 2025-08-03 16:00:00 [CLIENT DISCORD] [32m🌇 Tâches du soir exécutées ![39m
[2025-08-03T14:00:00.101Z] 2025-08-03 16:00:00 [CLIENT DISCORD] [Cron] 🕒 Démarrage de la régénération automatique de la hiérarchie (tabs)...
[2025-08-03T14:00:00.103Z] 2025-08-03 16:00:00 [CLIENT DISCORD] [Cron] 🕒 Démarrage de la régénération automatique de la hiérarchie... (div)
[2025-08-03T14:00:00.103Z] 2025-08-03 16:00:00 [CLIENT DISCORD] 🔍 Vérification des règles...
[2025-08-03T14:00:00.106Z] 2025-08-03 16:00:00 [DEBUG] 📦 Checking version from local...
[2025-08-03T14:00:00.107Z] 2025-08-03 16:00:00 [CLIENT DISCORD] 📦 Nom : catherine
[2025-08-03T14:00:00.107Z] 2025-08-03 16:00:00 [CLIENT DISCORD] 🕒 Version locale : 2.1.2
[2025-08-03T14:00:00.107Z] 2025-08-03 16:00:00 [DEBUG] 🌐 Checking version from GitHub...
[2025-08-03T14:00:00.125Z] 2025-08-03 16:00:00 [CLIENT DISCORD] ✅ rules_1.txt inchangé, pas de mise à jour.
[2025-08-03T14:00:00.125Z] 2025-08-03 16:00:00 [CLIENT DISCORD] ✅ rules_2.txt inchangé, pas de mise à jour.
[2025-08-03T14:00:00.125Z] 2025-08-03 16:00:00 [CLIENT DISCORD] ✅ Vérification des règles terminée.
[2025-08-03T14:00:00.211Z] 2025-08-03 16:00:00 [CLIENT DISCORD] [EXPORT] access.json mis à jour avec 13 exécutif(s), 3 superviseur(s) et 2 commandement(s)
[2025-08-03T14:00:00.414Z] 2025-08-03 16:00:00 [CLIENT DISCORD] 📦 Nom GitHub : catherine
[2025-08-03T14:00:00.416Z] 2025-08-03 16:00:00 [CLIENT DISCORD] 🕒 Version distante : 2.1.2
[2025-08-03T14:00:00.417Z] [INFO] 2025-08-03 16:00:00 [ℹ️ INFO NOTIFY] ✅ Les versions sont identiques.
[2025-08-03T14:00:00.445Z] [NOTIFY] 2025-08-03 16:00:00 [🟢 SOFT NOTIFY] Message DIV supprimé
[2025-08-03T14:00:00.685Z] [NOTIFY] 2025-08-03 16:00:00 [🟢 SOFT NOTIFY] Message TABS supprimé
[2025-08-03T14:00:03.021Z] 2025-08-03 16:00:03 [CLIENT DISCORD] [✅] Hiérarchie DIV envoyée.
[2025-08-03T14:00:03.027Z] 2025-08-03 16:00:03 [CLIENT DISCORD] [Cron] 🕒 Fin de la régénération automatique de la hiérarchie.
[2025-08-03T14:00:03.391Z] 2025-08-03 16:00:03 [CLIENT DISCORD] [✅] Hiérarchie TABS envoyée.
[2025-08-03T14:00:03.392Z] 2025-08-03 16:00:03 [CLIENT DISCORD] [Cron] 🕒 Fin de la régénération automatique de la hiérarchie.
