[2025-09-25T00:37:37.316Z] 2025-09-25 02:37:37 [CLIENT DISCORD] [32m[MEMBER ADD] icemove est arrivé à 9/25/2025, 12:37:37 AM[39m
[2025-09-25T00:37:53.242Z] 2025-09-25 02:37:53 [CLIENT DISCORD] [94m[MESSAGE_SENT][39m [32micemove[39m [0ma envoyé[0m [32m*Aucun contenu*[39m [0mdans[0m [32mmoderator-only[39m
[2025-09-25T00:37:58.039Z] 2025-09-25 02:37:58 [CLIENT DISCORD] [BUTTON] icemove a exécuté l'interaction bouton rulescheck dans 1252234244760141874
[2025-09-25T00:38:10.572Z] 2025-09-25 02:38:10 [ERROR] (node:417367) Warning: Supplying "ephemeral" for interaction response options is deprecated. Utilize flags instead.
[2025-09-25T00:38:10.771Z] 2025-09-25 02:38:10 [CLIENT DISCORD] [MODAL] icemove a exécuté l'interaction modal rulesModal dans 1252234244760141874
[2025-09-25T03:00:00.113Z] 2025-09-25 05:00:00 [CLIENT DISCORD] [32m🌙 Tâches de la nuit exécutées ![39m
[2025-09-25T03:00:00.139Z] 2025-09-25 05:00:00 [DEBUG] 📦 Checking version from local...
[2025-09-25T03:00:00.142Z] 2025-09-25 05:00:00 [CLIENT DISCORD] 📦 Nom : catherine
[2025-09-25T03:00:00.143Z] 2025-09-25 05:00:00 [CLIENT DISCORD] 🕒 Version locale : 2.3.1
[2025-09-25T03:00:00.144Z] 2025-09-25 05:00:00 [DEBUG] 🌐 Checking version from GitHub...
[2025-09-25T03:00:00.150Z] 2025-09-25 05:00:00 [WARN] [REBOOT] Attention, Catherine redémarre (checker les logs). Instruction reboot.js
[2025-09-25T03:00:09.153Z] 2025-09-25 05:00:09 [CLIENT DISCORD] Les modules [32mloggers[39m ont correctement été exportés.
[2025-09-25T03:00:09.155Z] 2025-09-25 05:00:09 [DEBUG] 📦 Checking version from local...
[2025-09-25T03:00:09.156Z] 2025-09-25 05:00:09 [CLIENT DISCORD] 📦 Nom : catherine
[2025-09-25T03:00:09.156Z] 2025-09-25 05:00:09 [CLIENT DISCORD] 🕒 Version locale : 2.3.1
[2025-09-25T03:00:09.156Z] 2025-09-25 05:00:09 [DEBUG] 🌐 Checking version from GitHub...
[2025-09-25T03:00:09.256Z] [EVENT] 2025-09-25 05:00:09 [📅 EVENT NOTIFY] Chargé : guildBanAdd
[2025-09-25T03:00:09.258Z] [EVENT] 2025-09-25 05:00:09 [📅 EVENT NOTIFY] Chargé : guildBanRemove
[2025-09-25T03:00:09.259Z] [EVENT] 2025-09-25 05:00:09 [📅 EVENT NOTIFY] Chargé : guildMemberAdd
[2025-09-25T03:00:09.261Z] [EVENT] 2025-09-25 05:00:09 [📅 EVENT NOTIFY] Chargé : guildMemberRemove
[2025-09-25T03:00:09.264Z] 2025-09-25 05:00:09 [CLIENT DISCORD] Les modules  [32mutils.js[39m [0m ont correctement été exporté.[0m
[2025-09-25T03:00:10.052Z] 2025-09-25 05:00:10 [CLIENT DISCORD] L'interaction  [32mbuttons.js[39m [0m ont correctement été exporté.[0m
[2025-09-25T03:00:10.217Z] 2025-09-25 05:00:10 [CLIENT DISCORD] L'interaction  [32mmodals.js[39m [0m ont correctement été exporté.[0m
[2025-09-25T03:00:10.218Z] [EVENT] 2025-09-25 05:00:10 [📅 EVENT NOTIFY] Chargé : interactionCreate
[2025-09-25T03:00:10.219Z] [EVENT] 2025-09-25 05:00:10 [📅 EVENT NOTIFY] Chargé : messageCreate
[2025-09-25T03:00:10.222Z] [EVENT] 2025-09-25 05:00:10 [📅 EVENT NOTIFY] Chargé : messageDelete
[2025-09-25T03:00:10.224Z] [EVENT] 2025-09-25 05:00:10 [📅 EVENT NOTIFY] Chargé : messageUpdate
[2025-09-25T03:00:10.254Z] 2025-09-25 05:00:10 [CLIENT DISCORD] Les modules  [32mcommands.js[39m [0m ont correctement été exporté.[0m
[2025-09-25T03:00:10.280Z] [EVENT] 2025-09-25 05:00:10 [📅 EVENT NOTIFY] Chargé : ready
[2025-09-25T03:00:10.281Z] [EVENT] 2025-09-25 05:00:10 [📅 EVENT NOTIFY] Chargé : voiceStateUpdate
[2025-09-25T03:00:10.287Z] [COMMANDS] 2025-09-25 05:00:10 [📌 COMMANDS NOTIFY] Chargée : ban
[2025-09-25T03:00:10.289Z] [COMMANDS] 2025-09-25 05:00:10 [📌 COMMANDS NOTIFY] Chargée : clear
[2025-09-25T03:00:10.291Z] [COMMANDS] 2025-09-25 05:00:10 [📌 COMMANDS NOTIFY] Chargée : createreport
[2025-09-25T03:00:10.292Z] [COMMANDS] 2025-09-25 05:00:10 [📌 COMMANDS NOTIFY] Chargée : div
[2025-09-25T03:00:10.295Z] [COMMANDS] 2025-09-25 05:00:10 [📌 COMMANDS NOTIFY] Chargée : help
[2025-09-25T03:00:10.297Z] [COMMANDS] 2025-09-25 05:00:10 [📌 COMMANDS NOTIFY] Chargée : info
[2025-09-25T03:00:10.299Z] [COMMANDS] 2025-09-25 05:00:10 [📌 COMMANDS NOTIFY] Chargée : infoshift
[2025-09-25T03:00:10.301Z] [COMMANDS] 2025-09-25 05:00:10 [📌 COMMANDS NOTIFY] Chargée : kick
[2025-09-25T03:00:10.303Z] [COMMANDS] 2025-09-25 05:00:10 [📌 COMMANDS NOTIFY] Chargée : mute
[2025-09-25T03:00:10.306Z] [COMMANDS] 2025-09-25 05:00:10 [📌 COMMANDS NOTIFY] Chargée : openservice
[2025-09-25T03:00:10.309Z] [COMMANDS] 2025-09-25 05:00:10 [📌 COMMANDS NOTIFY] Chargée : pex
[2025-09-25T03:00:10.324Z] [COMMANDS] 2025-09-25 05:00:10 [📌 COMMANDS NOTIFY] Chargée : play
[2025-09-25T03:00:10.326Z] [COMMANDS] 2025-09-25 05:00:10 [📌 COMMANDS NOTIFY] Chargée : promote
[2025-09-25T03:00:10.327Z] [COMMANDS] 2025-09-25 05:00:10 [📌 COMMANDS NOTIFY] Chargée : recruit
[2025-09-25T03:00:10.329Z] [COMMANDS] 2025-09-25 05:00:10 [📌 COMMANDS NOTIFY] Chargée : rename
[2025-09-25T03:00:10.330Z] [COMMANDS] 2025-09-25 05:00:10 [📌 COMMANDS NOTIFY] Chargée : role
[2025-09-25T03:00:10.331Z] [COMMANDS] 2025-09-25 05:00:10 [📌 COMMANDS NOTIFY] Chargée : send
[2025-09-25T03:00:10.335Z] [COMMANDS] 2025-09-25 05:00:10 [📌 COMMANDS NOTIFY] Chargée : shift
[2025-09-25T03:00:10.340Z] [COMMANDS] 2025-09-25 05:00:10 [📌 COMMANDS NOTIFY] Chargée : ticket
[2025-09-25T03:00:10.343Z] [COMMANDS] 2025-09-25 05:00:10 [📌 COMMANDS NOTIFY] Chargée : userinfo
[2025-09-25T03:00:10.345Z] [COMMANDS] 2025-09-25 05:00:10 [📌 COMMANDS NOTIFY] Chargée : warn
[2025-09-25T03:00:10.350Z] 2025-09-25 05:00:10 [CLIENT DISCORD] [42m[30mChargement des informations du package.[39m[49m
[42m[30m[39m[49m [46m[PACKAGE][49m [32mAuth. : François 🌸[39m
[32m[39m [46m[PACKAGE][49m [32mDepd. : axios, chalk, cron, discord-html-transcripts, discord-player, discord.js, distube, dotenv, express, express-session, form-data, fs, googleapis, luxon, multer, node-cron, node-fetch, ora, patch, path, pdf-lib, pdfkit, play-dl, readline, rl, uuid[39m
[32m[39m [46m[PACKAGE][49m [32mDesc. : Official Bot Catherine for 911 Community.[39m
[32m[39m [46m[PACKAGE][49m [32mLisc. : ISC[39m
[32m[39m [46m[PACKAGE][49m [32mMain. : index.js[39m
[32m[39m [46m[PACKAGE][49m [32mName. : catherine[39m
[32m[39m [46m[PACKAGE][49m [32mScrp. : {"test":"echo \"Error: no test specified\" && exit 1","start":"node server.js"}[39m
[32m[39m [46m[PACKAGE][49m [32mVers. : 2.3.1[39m
[32m[39m [46m[PACKAGE][49m [32mPatch Note. : **[PN - 07/06]** *Passage 2.0 with new patch (shift, tabs... new commands handler)*[39m
[32m[39m
[2025-09-25T03:00:10.717Z] 2025-09-25 05:00:10 [CLIENT DISCORD] 📦 Nom GitHub : catherine
[2025-09-25T03:00:10.718Z] 2025-09-25 05:00:10 [CLIENT DISCORD] 🕒 Version distante : 2.2
[2025-09-25T03:00:10.719Z] 2025-09-25 05:00:10 [WARN] ⚠️ Les versions diffèrent : locale (2.3.1) ≠ distante (2.2)
[2025-09-25T03:00:11.713Z] 2025-09-25 05:00:11 [DEBUG] 📦 Checking version from local...
[2025-09-25T03:00:11.714Z] 2025-09-25 05:00:11 [CLIENT DISCORD] 📦 Nom : catherine
[2025-09-25T03:00:11.715Z] 2025-09-25 05:00:11 [CLIENT DISCORD] 🕒 Version locale : 2.3.1
[2025-09-25T03:00:11.716Z] 2025-09-25 05:00:11 [DEBUG] 🌐 Checking version from GitHub...
[2025-09-25T03:00:11.719Z] 2025-09-25 05:00:11 [ERROR] (node:418717) DeprecationWarning: The ready event has been renamed to clientReady to distinguish it from the gateway READY event and will only emit under that name in v15. Please use clientReady instead.
(Use `node --trace-deprecation ...` to show where the warning was created)
[2025-09-25T03:00:11.955Z] 2025-09-25 05:00:11 [CLIENT DISCORD] 📦 Nom GitHub : catherine
[2025-09-25T03:00:11.956Z] 2025-09-25 05:00:11 [CLIENT DISCORD] 🕒 Version distante : 2.2
[2025-09-25T03:00:11.957Z] 2025-09-25 05:00:11 [WARN] ⚠️ Les versions diffèrent : locale (2.3.1) ≠ distante (2.2)
[2025-09-25T03:00:11.958Z] 2025-09-25 05:00:11 [CLIENT DISCORD] [34m==============================[39m
[2025-09-25T03:00:11.959Z] 2025-09-25 05:00:11 [CLIENT DISCORD] [32m🚀 Démarrage du bot...[39m
[2025-09-25T03:00:11.960Z] 2025-09-25 05:00:11 [CLIENT DISCORD] [33m🔗 Connexion à Discord API...[39m
[2025-09-25T03:00:11.961Z] 2025-09-25 05:00:11 [CLIENT DISCORD] [36m✅ Bot RP en ligne ! Connecté en tant que 293 | Catherine#8045[39m
[2025-09-25T03:00:11.962Z] 2025-09-25 05:00:11 [CLIENT DISCORD] [34m==============================[39m
[34m[39m
[2025-09-25T03:00:11.973Z] 2025-09-25 05:00:11 [CLIENT DISCORD] [player] Initialisation du Player terminée.
[2025-09-25T03:00:11.977Z] 2025-09-25 05:00:11 [CLIENT DISCORD] [player] Extracteurs chargés avec succès.
[2025-09-25T03:00:11.978Z] 2025-09-25 05:00:11 [CLIENT DISCORD] 📥 Serveur trouvé : Los Santos Sheriff Department
[2025-09-25T03:00:12.197Z] 2025-09-25 05:00:12 [CLIENT DISCORD] 🔍 Commandes déjà présentes : play, rules, createreport, div, role, info, pex, openservice, infoshift, recruit, help, ban, ticket, shutdown, userinfo, send, clear, kick, warn, mute, rename, shift, promote
[2025-09-25T03:00:12.200Z] 2025-09-25 05:00:12 [WARN] ⚠️ Les commandes sont déjà enregistrées. Lance avec 'debug' pour forcer l'écrasement.
[2025-09-25T03:00:12.202Z] 2025-09-25 05:00:12 [CLIENT DISCORD] 🎮 Statut et activité mis à jour.
[2025-09-25T03:00:12.203Z] 2025-09-25 05:00:12 [CLIENT DISCORD] 📌 Mode de lancement : [33mAucun[39m
[2025-09-25T03:00:12.204Z] 2025-09-25 05:00:12 [CLIENT DISCORD] ✅ Bot prêt en tant que 293 | Catherine#8045
[2025-09-25T03:00:12.210Z] 2025-09-25 05:00:12 [CLIENT DISCORD] [Cron] 🕒 Démarrage de la régénération automatique de la hiérarchie (tabs)...
[2025-09-25T03:00:12.211Z] 2025-09-25 05:00:12 [CLIENT DISCORD] [Cron] 🕒 Démarrage de la régénération automatique de la hiérarchie... (div)
[2025-09-25T03:00:12.759Z] [NOTIFY] 2025-09-25 05:00:12 [🟢 SOFT NOTIFY] Message DIV supprimé
[2025-09-25T03:00:13.098Z] [NOTIFY] 2025-09-25 05:00:13 [🟢 SOFT NOTIFY] Message TABS supprimé
[2025-09-25T03:00:13.512Z] 2025-09-25 05:00:13 [CLIENT DISCORD] [✅] Hiérarchie DIV envoyée.
[2025-09-25T03:00:13.514Z] 2025-09-25 05:00:13 [CLIENT DISCORD] [Cron] 🕒 Fin de la régénération automatique de la hiérarchie.
[2025-09-25T03:00:13.969Z] 2025-09-25 05:00:13 [CLIENT DISCORD] [✅] Hiérarchie TABS envoyée.
[2025-09-25T03:00:13.970Z] 2025-09-25 05:00:13 [CLIENT DISCORD] [Cron] 🕒 Fin de la régénération automatique de la hiérarchie.
[2025-09-25T06:00:00.167Z] 2025-09-25 08:00:00 [CLIENT DISCORD] [32m🌅 Tâches du matin exécutées ![39m
[2025-09-25T06:00:00.185Z] 2025-09-25 08:00:00 [CLIENT DISCORD] [Cron] 🕒 Démarrage de la régénération automatique de la hiérarchie (tabs)...
[2025-09-25T06:00:00.189Z] 2025-09-25 08:00:00 [CLIENT DISCORD] [Cron] 🕒 Démarrage de la régénération automatique de la hiérarchie... (div)
[2025-09-25T06:00:00.195Z] 2025-09-25 08:00:00 [CLIENT DISCORD] 🔍 Vérification des règles...
[2025-09-25T06:00:00.206Z] 2025-09-25 08:00:00 [DEBUG] 📦 Checking version from local...
[2025-09-25T06:00:00.208Z] 2025-09-25 08:00:00 [CLIENT DISCORD] 📦 Nom : catherine
[2025-09-25T06:00:00.209Z] 2025-09-25 08:00:00 [CLIENT DISCORD] 🕒 Version locale : 2.3.1
[2025-09-25T06:00:00.210Z] 2025-09-25 08:00:00 [DEBUG] 🌐 Checking version from GitHub...
[2025-09-25T06:00:00.274Z] 2025-09-25 08:00:00 [CLIENT DISCORD] ✅ rules_1.txt inchangé, pas de mise à jour.
[2025-09-25T06:00:00.275Z] 2025-09-25 08:00:00 [CLIENT DISCORD] ✅ rules_2.txt inchangé, pas de mise à jour.
[2025-09-25T06:00:00.277Z] 2025-09-25 08:00:00 [CLIENT DISCORD] ✅ Vérification des règles terminée.
[2025-09-25T06:00:00.334Z] 2025-09-25 08:00:00 [CLIENT DISCORD] [EXPORT] access.json mis à jour avec 13 exécutif(s), 2 superviseur(s) et 3 commandement(s)
[2025-09-25T06:00:00.529Z] 2025-09-25 08:00:00 [CLIENT DISCORD] 📦 Nom GitHub : catherine
[2025-09-25T06:00:00.530Z] 2025-09-25 08:00:00 [CLIENT DISCORD] 🕒 Version distante : 2.2
[2025-09-25T06:00:00.531Z] 2025-09-25 08:00:00 [WARN] ⚠️ Les versions diffèrent : locale (2.3.1) ≠ distante (2.2)
[2025-09-25T06:00:00.571Z] [NOTIFY] 2025-09-25 08:00:00 [🟢 SOFT NOTIFY] Message DIV supprimé
[2025-09-25T06:00:00.897Z] [NOTIFY] 2025-09-25 08:00:00 [🟢 SOFT NOTIFY] Message TABS supprimé
[2025-09-25T06:00:01.969Z] 2025-09-25 08:00:01 [CLIENT DISCORD] [✅] Hiérarchie DIV envoyée.
[2025-09-25T06:00:01.971Z] 2025-09-25 08:00:01 [CLIENT DISCORD] [Cron] 🕒 Fin de la régénération automatique de la hiérarchie.
[2025-09-25T06:00:02.318Z] 2025-09-25 08:00:02 [CLIENT DISCORD] [✅] Hiérarchie TABS envoyée.
[2025-09-25T06:00:02.319Z] 2025-09-25 08:00:02 [CLIENT DISCORD] [Cron] 🕒 Fin de la régénération automatique de la hiérarchie.
[2025-09-25T11:18:02.569Z] 2025-09-25 13:18:02 [CLIENT DISCORD] Message privé reçu, prompt : yo
[2025-09-25T11:18:02.713Z] 2025-09-25 13:18:02 [ERROR] Erreur avec le serveur IA : {
  "cause": {
    "errno": -111,
    "code": "ECONNREFUSED",
    "syscall": "connect",
    "address": "::1",
    "port": 5000
  }
}
[2025-09-25T11:18:03.179Z] 2025-09-25 13:18:03 [CLIENT DISCORD] [94m[MESSAGE_SENT][39m [32mfrancois.piano[39m [0ma envoyé[0m [32myo[39m [0mdans[0m [32mundefined[39m
