[2025-09-05T03:00:00.142Z] 2025-09-05 05:00:00 [CLIENT DISCORD] [32m🌙 Tâches de la nuit exécutées ![39m
[2025-09-05T03:00:00.175Z] 2025-09-05 05:00:00 [DEBUG] 📦 Checking version from local...
[2025-09-05T03:00:00.177Z] 2025-09-05 05:00:00 [CLIENT DISCORD] 📦 Nom : catherine
[2025-09-05T03:00:00.178Z] 2025-09-05 05:00:00 [CLIENT DISCORD] 🕒 Version locale : 2.1.2
[2025-09-05T03:00:00.179Z] 2025-09-05 05:00:00 [DEBUG] 🌐 Checking version from GitHub...
[2025-09-05T03:00:00.188Z] 2025-09-05 05:00:00 [WARN] [REBOOT] Attention, Catherine redémarre (checker les logs). Instruction reboot.js
[2025-09-05T03:00:08.389Z] 2025-09-05 05:00:08 [CLIENT DISCORD] Les modules [32mloggers[39m ont correctement été exportés.
[2025-09-05T03:00:08.432Z] [EVENT] 2025-09-05 05:00:08 [📅 EVENT NOTIFY] Chargé : guildBanAdd
[2025-09-05T03:00:08.433Z] [EVENT] 2025-09-05 05:00:08 [📅 EVENT NOTIFY] Chargé : guildBanRemove
[2025-09-05T03:00:08.435Z] [EVENT] 2025-09-05 05:00:08 [📅 EVENT NOTIFY] Chargé : guildMemberAdd
[2025-09-05T03:00:08.436Z] [EVENT] 2025-09-05 05:00:08 [📅 EVENT NOTIFY] Chargé : guildMemberRemove
[2025-09-05T03:00:08.439Z] 2025-09-05 05:00:08 [CLIENT DISCORD] Les modules  [32mutils.js[39m [0m ont correctement été exporté.[0m
[2025-09-05T03:00:09.444Z] 2025-09-05 05:00:09 [CLIENT DISCORD] L'interaction  [32mbuttons.js[39m [0m ont correctement été exporté.[0m
[2025-09-05T03:00:09.725Z] 2025-09-05 05:00:09 [CLIENT DISCORD] L'interaction  [32mmodals.js[39m [0m ont correctement été exporté.[0m
[2025-09-05T03:00:09.727Z] [EVENT] 2025-09-05 05:00:09 [📅 EVENT NOTIFY] Chargé : interactionCreate
[2025-09-05T03:00:09.730Z] [EVENT] 2025-09-05 05:00:09 [📅 EVENT NOTIFY] Chargé : messageCreate
[2025-09-05T03:00:09.733Z] [EVENT] 2025-09-05 05:00:09 [📅 EVENT NOTIFY] Chargé : messageDelete
[2025-09-05T03:00:09.736Z] [EVENT] 2025-09-05 05:00:09 [📅 EVENT NOTIFY] Chargé : messageUpdate
[2025-09-05T03:00:09.772Z] 2025-09-05 05:00:09 [CLIENT DISCORD] Les modules  [32mcommands.js[39m [0m ont correctement été exporté.[0m
[2025-09-05T03:00:09.801Z] [EVENT] 2025-09-05 05:00:09 [📅 EVENT NOTIFY] Chargé : ready
[2025-09-05T03:00:09.803Z] [EVENT] 2025-09-05 05:00:09 [📅 EVENT NOTIFY] Chargé : voiceStateUpdate
[2025-09-05T03:00:09.810Z] [COMMANDS] 2025-09-05 05:00:09 [📌 COMMANDS NOTIFY] Chargée : ban
[2025-09-05T03:00:09.812Z] [COMMANDS] 2025-09-05 05:00:09 [📌 COMMANDS NOTIFY] Chargée : clear
[2025-09-05T03:00:09.815Z] [COMMANDS] 2025-09-05 05:00:09 [📌 COMMANDS NOTIFY] Chargée : createreport
[2025-09-05T03:00:09.818Z] [COMMANDS] 2025-09-05 05:00:09 [📌 COMMANDS NOTIFY] Chargée : div
[2025-09-05T03:00:09.820Z] [COMMANDS] 2025-09-05 05:00:09 [📌 COMMANDS NOTIFY] Chargée : help
[2025-09-05T03:00:09.822Z] [COMMANDS] 2025-09-05 05:00:09 [📌 COMMANDS NOTIFY] Chargée : info
[2025-09-05T03:00:09.825Z] [COMMANDS] 2025-09-05 05:00:09 [📌 COMMANDS NOTIFY] Chargée : infoshift
[2025-09-05T03:00:09.827Z] [COMMANDS] 2025-09-05 05:00:09 [📌 COMMANDS NOTIFY] Chargée : kick
[2025-09-05T03:00:09.830Z] [COMMANDS] 2025-09-05 05:00:09 [📌 COMMANDS NOTIFY] Chargée : mute
[2025-09-05T03:00:09.832Z] [COMMANDS] 2025-09-05 05:00:09 [📌 COMMANDS NOTIFY] Chargée : openservice
[2025-09-05T03:00:09.835Z] [COMMANDS] 2025-09-05 05:00:09 [📌 COMMANDS NOTIFY] Chargée : pex
[2025-09-05T03:00:09.856Z] [COMMANDS] 2025-09-05 05:00:09 [📌 COMMANDS NOTIFY] Chargée : play
[2025-09-05T03:00:09.859Z] [COMMANDS] 2025-09-05 05:00:09 [📌 COMMANDS NOTIFY] Chargée : promote
[2025-09-05T03:00:09.862Z] [COMMANDS] 2025-09-05 05:00:09 [📌 COMMANDS NOTIFY] Chargée : recruit
[2025-09-05T03:00:09.864Z] [COMMANDS] 2025-09-05 05:00:09 [📌 COMMANDS NOTIFY] Chargée : rename
[2025-09-05T03:00:09.866Z] [COMMANDS] 2025-09-05 05:00:09 [📌 COMMANDS NOTIFY] Chargée : role
[2025-09-05T03:00:09.869Z] [COMMANDS] 2025-09-05 05:00:09 [📌 COMMANDS NOTIFY] Chargée : send
[2025-09-05T03:00:09.871Z] [COMMANDS] 2025-09-05 05:00:09 [📌 COMMANDS NOTIFY] Chargée : shift
[2025-09-05T03:00:09.875Z] [COMMANDS] 2025-09-05 05:00:09 [📌 COMMANDS NOTIFY] Chargée : ticket
[2025-09-05T03:00:09.878Z] [COMMANDS] 2025-09-05 05:00:09 [📌 COMMANDS NOTIFY] Chargée : userinfo
[2025-09-05T03:00:09.880Z] [COMMANDS] 2025-09-05 05:00:09 [📌 COMMANDS NOTIFY] Chargée : warn
[2025-09-05T03:00:09.887Z] 2025-09-05 05:00:09 [CLIENT DISCORD] [42m[30mChargement des informations du package.[39m[49m
[42m[30m[39m[49m [46m[PACKAGE][49m [32mAuth. : François 🌸[39m
[32m[39m [46m[PACKAGE][49m [32mDepd. : axios, chalk, cron, discord-html-transcripts, discord-player, discord.js, distube, dotenv, express, express-session, form-data, fs, googleapis, luxon, node-cron, node-fetch, ora, patch, path, pdf-lib, pdfkit, play-dl, readline, rl, uuid[39m
[32m[39m [46m[PACKAGE][49m [32mDesc. : Official Bot Catherine for 911 Community.[39m
[32m[39m [46m[PACKAGE][49m [32mLisc. : ISC[39m
[32m[39m [46m[PACKAGE][49m [32mMain. : index.js[39m
[32m[39m [46m[PACKAGE][49m [32mName. : catherine[39m
[32m[39m [46m[PACKAGE][49m [32mScrp. : {"test":"echo \"Error: no test specified\" && exit 1","start":"node server.js"}[39m
[32m[39m [46m[PACKAGE][49m [32mVers. : 2.1.2[39m
[32m[39m [46m[PACKAGE][49m [32mPatch Note. : **[PN - 07/06]** *Passage 2.0 with new patch (shift, tabs... new commands handler)*[39m
[32m[39m
[2025-09-05T03:00:11.059Z] 2025-09-05 05:00:11 [DEBUG] 📦 Checking version from local...
[2025-09-05T03:00:11.060Z] 2025-09-05 05:00:11 [CLIENT DISCORD] 📦 Nom : catherine
[2025-09-05T03:00:11.060Z] 2025-09-05 05:00:11 [CLIENT DISCORD] 🕒 Version locale : 2.1.2
[2025-09-05T03:00:11.060Z] 2025-09-05 05:00:11 [DEBUG] 🌐 Checking version from GitHub...
[2025-09-05T03:00:11.307Z] 2025-09-05 05:00:11 [CLIENT DISCORD] 📦 Nom GitHub : catherine
[2025-09-05T03:00:11.308Z] 2025-09-05 05:00:11 [CLIENT DISCORD] 🕒 Version distante : 2.1.2
[2025-09-05T03:00:11.309Z] [INFO] 2025-09-05 05:00:11 [ℹ️ INFO NOTIFY] ✅ Les versions sont identiques.
[2025-09-05T03:00:11.310Z] 2025-09-05 05:00:11 [CLIENT DISCORD] [34m==============================[39m
[2025-09-05T03:00:11.311Z] 2025-09-05 05:00:11 [CLIENT DISCORD] [32m🚀 Démarrage du bot...[39m
[2025-09-05T03:00:11.312Z] 2025-09-05 05:00:11 [CLIENT DISCORD] [33m🔗 Connexion à Discord API...[39m
[2025-09-05T03:00:11.313Z] 2025-09-05 05:00:11 [CLIENT DISCORD] [36m✅ Bot RP en ligne ! Connecté en tant que 293 | Catherine#8045[39m
[2025-09-05T03:00:11.315Z] 2025-09-05 05:00:11 [CLIENT DISCORD] [34m==============================[39m
[34m[39m
[2025-09-05T03:00:11.324Z] 2025-09-05 05:00:11 [CLIENT DISCORD] [player] Initialisation du Player terminée.
[2025-09-05T03:00:11.327Z] 2025-09-05 05:00:11 [CLIENT DISCORD] [player] Extracteurs chargés avec succès.
[2025-09-05T03:00:11.328Z] 2025-09-05 05:00:11 [CLIENT DISCORD] 📥 Serveur trouvé : Georgia State Police (GSP)
[2025-09-05T03:00:11.502Z] 2025-09-05 05:00:11 [CLIENT DISCORD] 🔍 Commandes déjà présentes : play, rules, createreport, div, role, info, pex, openservice, infoshift, recruit, help, ban, ticket, shutdown, userinfo, send, clear, kick, warn, mute, rename, shift, promote
[2025-09-05T03:00:11.503Z] 2025-09-05 05:00:11 [WARN] ⚠️ Les commandes sont déjà enregistrées. Lance avec 'debug' pour forcer l'écrasement.
[2025-09-05T03:00:11.503Z] 2025-09-05 05:00:11 [CLIENT DISCORD] 🎮 Statut et activité mis à jour.
[2025-09-05T03:00:11.504Z] 2025-09-05 05:00:11 [CLIENT DISCORD] 📌 Mode de lancement : [33mAucun[39m
[2025-09-05T03:00:11.504Z] 2025-09-05 05:00:11 [CLIENT DISCORD] ✅ Bot prêt en tant que 293 | Catherine#8045
[2025-09-05T06:00:00.172Z] 2025-09-05 08:00:00 [CLIENT DISCORD] [32m🌅 Tâches du matin exécutées ![39m
[2025-09-05T06:00:00.209Z] 2025-09-05 08:00:00 [CLIENT DISCORD] [Cron] 🕒 Démarrage de la régénération automatique de la hiérarchie (tabs)...
[2025-09-05T06:00:00.219Z] 2025-09-05 08:00:00 [CLIENT DISCORD] [Cron] 🕒 Démarrage de la régénération automatique de la hiérarchie... (div)
[2025-09-05T06:00:00.223Z] 2025-09-05 08:00:00 [CLIENT DISCORD] 🔍 Vérification des règles...
[2025-09-05T06:00:00.240Z] 2025-09-05 08:00:00 [DEBUG] 📦 Checking version from local...
[2025-09-05T06:00:00.242Z] 2025-09-05 08:00:00 [CLIENT DISCORD] 📦 Nom : catherine
[2025-09-05T06:00:00.243Z] 2025-09-05 08:00:00 [CLIENT DISCORD] 🕒 Version locale : 2.1.2
[2025-09-05T06:00:00.245Z] 2025-09-05 08:00:00 [DEBUG] 🌐 Checking version from GitHub...
[2025-09-05T06:00:00.323Z] 2025-09-05 08:00:00 [CLIENT DISCORD] ✅ rules_1.txt inchangé, pas de mise à jour.
[2025-09-05T06:00:00.325Z] 2025-09-05 08:00:00 [CLIENT DISCORD] ✅ rules_2.txt inchangé, pas de mise à jour.
[2025-09-05T06:00:00.326Z] 2025-09-05 08:00:00 [CLIENT DISCORD] ✅ Vérification des règles terminée.
[2025-09-05T06:00:00.399Z] 2025-09-05 08:00:00 [CLIENT DISCORD] [EXPORT] access.json mis à jour avec 13 exécutif(s), 3 superviseur(s) et 2 commandement(s)
[2025-09-05T06:00:00.583Z] 2025-09-05 08:00:00 [CLIENT DISCORD] 📦 Nom GitHub : catherine
[2025-09-05T06:00:00.583Z] 2025-09-05 08:00:00 [CLIENT DISCORD] 🕒 Version distante : 2.1.2
[2025-09-05T06:00:00.584Z] [INFO] 2025-09-05 08:00:00 [ℹ️ INFO NOTIFY] ✅ Les versions sont identiques.
[2025-09-05T06:00:00.949Z] [NOTIFY] 2025-09-05 08:00:00 [🟢 SOFT NOTIFY] Message DIV supprimé
[2025-09-05T06:00:01.266Z] [NOTIFY] 2025-09-05 08:00:01 [🟢 SOFT NOTIFY] Message TABS supprimé
[2025-09-05T06:00:02.141Z] 2025-09-05 08:00:02 [CLIENT DISCORD] [✅] Hiérarchie DIV envoyée.
[2025-09-05T06:00:02.142Z] 2025-09-05 08:00:02 [CLIENT DISCORD] [Cron] 🕒 Fin de la régénération automatique de la hiérarchie.
[2025-09-05T06:00:02.428Z] 2025-09-05 08:00:02 [CLIENT DISCORD] [✅] Hiérarchie TABS envoyée.
[2025-09-05T06:00:02.431Z] 2025-09-05 08:00:02 [CLIENT DISCORD] [Cron] 🕒 Fin de la régénération automatique de la hiérarchie.
[2025-09-05T14:00:00.135Z] 2025-09-05 16:00:00 [CLIENT DISCORD] [32m🌇 Tâches du soir exécutées ![39m
[2025-09-05T14:00:00.153Z] 2025-09-05 16:00:00 [CLIENT DISCORD] [Cron] 🕒 Démarrage de la régénération automatique de la hiérarchie (tabs)...
[2025-09-05T14:00:00.156Z] 2025-09-05 16:00:00 [CLIENT DISCORD] [Cron] 🕒 Démarrage de la régénération automatique de la hiérarchie... (div)
[2025-09-05T14:00:00.157Z] 2025-09-05 16:00:00 [CLIENT DISCORD] 🔍 Vérification des règles...
[2025-09-05T14:00:00.165Z] 2025-09-05 16:00:00 [DEBUG] 📦 Checking version from local...
[2025-09-05T14:00:00.168Z] 2025-09-05 16:00:00 [CLIENT DISCORD] 📦 Nom : catherine
[2025-09-05T14:00:00.168Z] 2025-09-05 16:00:00 [CLIENT DISCORD] 🕒 Version locale : 2.1.2
[2025-09-05T14:00:00.169Z] 2025-09-05 16:00:00 [DEBUG] 🌐 Checking version from GitHub...
[2025-09-05T14:00:00.213Z] 2025-09-05 16:00:00 [CLIENT DISCORD] ✅ rules_1.txt inchangé, pas de mise à jour.
[2025-09-05T14:00:00.215Z] 2025-09-05 16:00:00 [CLIENT DISCORD] ✅ rules_2.txt inchangé, pas de mise à jour.
[2025-09-05T14:00:00.216Z] 2025-09-05 16:00:00 [CLIENT DISCORD] ✅ Vérification des règles terminée.
[2025-09-05T14:00:00.288Z] 2025-09-05 16:00:00 [CLIENT DISCORD] [EXPORT] access.json mis à jour avec 13 exécutif(s), 3 superviseur(s) et 2 commandement(s)
[2025-09-05T14:00:00.496Z] 2025-09-05 16:00:00 [CLIENT DISCORD] 📦 Nom GitHub : catherine
[2025-09-05T14:00:00.497Z] 2025-09-05 16:00:00 [CLIENT DISCORD] 🕒 Version distante : 2.1.2
[2025-09-05T14:00:00.498Z] [INFO] 2025-09-05 16:00:00 [ℹ️ INFO NOTIFY] ✅ Les versions sont identiques.
[2025-09-05T14:00:00.691Z] [NOTIFY] 2025-09-05 16:00:00 [🟢 SOFT NOTIFY] Message DIV supprimé
[2025-09-05T14:00:00.922Z] [NOTIFY] 2025-09-05 16:00:00 [🟢 SOFT NOTIFY] Message TABS supprimé
[2025-09-05T14:00:01.951Z] 2025-09-05 16:00:01 [CLIENT DISCORD] [✅] Hiérarchie DIV envoyée.
[2025-09-05T14:00:01.955Z] 2025-09-05 16:00:01 [CLIENT DISCORD] [Cron] 🕒 Fin de la régénération automatique de la hiérarchie.
[2025-09-05T14:00:02.307Z] 2025-09-05 16:00:02 [CLIENT DISCORD] [✅] Hiérarchie TABS envoyée.
[2025-09-05T14:00:02.311Z] 2025-09-05 16:00:02 [CLIENT DISCORD] [Cron] 🕒 Fin de la régénération automatique de la hiérarchie.
