[2025-07-17T03:00:00.153Z] 2025-07-17 05:00:00 [CLIENT DISCORD] [32m🌙 Tâches de la nuit exécutées ![39m
[2025-07-17T03:00:00.184Z] 2025-07-17 05:00:00 [DEBUG] 📦 Checking version from local...
[2025-07-17T03:00:00.186Z] 2025-07-17 05:00:00 [CLIENT DISCORD] 📦 Nom : catherine
[2025-07-17T03:00:00.187Z] 2025-07-17 05:00:00 [CLIENT DISCORD] 🕒 Version locale : 2.1.2
[2025-07-17T03:00:00.187Z] 2025-07-17 05:00:00 [DEBUG] 🌐 Checking version from GitHub...
[2025-07-17T03:00:00.193Z] 2025-07-17 05:00:00 [WARN] [REBOOT] Attention, Catherine redémarre (checker les logs). Instruction reboot.js
[2025-07-17T03:00:08.634Z] 2025-07-17 05:00:08 [CLIENT DISCORD] Les modules [32mloggers[39m ont correctement été exportés.
[2025-07-17T03:00:08.670Z] [EVENT] 2025-07-17 05:00:08 [📅 EVENT NOTIFY] Chargé : guildBanAdd
[2025-07-17T03:00:08.671Z] [EVENT] 2025-07-17 05:00:08 [📅 EVENT NOTIFY] Chargé : guildBanRemove
[2025-07-17T03:00:08.672Z] [EVENT] 2025-07-17 05:00:08 [📅 EVENT NOTIFY] Chargé : guildMemberAdd
[2025-07-17T03:00:08.673Z] [EVENT] 2025-07-17 05:00:08 [📅 EVENT NOTIFY] Chargé : guildMemberRemove
[2025-07-17T03:00:08.676Z] 2025-07-17 05:00:08 [CLIENT DISCORD] Les modules  [32mutils.js[39m [0m ont correctement été exporté.[0m
[2025-07-17T03:00:09.410Z] 2025-07-17 05:00:09 [CLIENT DISCORD] L'interaction  [32mbuttons.js[39m [0m ont correctement été exporté.[0m
[2025-07-17T03:00:09.661Z] 2025-07-17 05:00:09 [CLIENT DISCORD] L'interaction  [32mmodals.js[39m [0m ont correctement été exporté.[0m
[2025-07-17T03:00:09.661Z] [EVENT] 2025-07-17 05:00:09 [📅 EVENT NOTIFY] Chargé : interactionCreate
[2025-07-17T03:00:09.662Z] [EVENT] 2025-07-17 05:00:09 [📅 EVENT NOTIFY] Chargé : messageCreate
[2025-07-17T03:00:09.663Z] [EVENT] 2025-07-17 05:00:09 [📅 EVENT NOTIFY] Chargé : messageDelete
[2025-07-17T03:00:09.664Z] [EVENT] 2025-07-17 05:00:09 [📅 EVENT NOTIFY] Chargé : messageUpdate
[2025-07-17T03:00:09.676Z] 2025-07-17 05:00:09 [CLIENT DISCORD] Les modules  [32mcommands.js[39m [0m ont correctement été exporté.[0m
[2025-07-17T03:00:09.687Z] [EVENT] 2025-07-17 05:00:09 [📅 EVENT NOTIFY] Chargé : ready
[2025-07-17T03:00:09.688Z] [EVENT] 2025-07-17 05:00:09 [📅 EVENT NOTIFY] Chargé : voiceStateUpdate
[2025-07-17T03:00:09.692Z] [COMMANDS] 2025-07-17 05:00:09 [📌 COMMANDS NOTIFY] Chargée : ban
[2025-07-17T03:00:09.693Z] [COMMANDS] 2025-07-17 05:00:09 [📌 COMMANDS NOTIFY] Chargée : clear
[2025-07-17T03:00:09.694Z] [COMMANDS] 2025-07-17 05:00:09 [📌 COMMANDS NOTIFY] Chargée : createreport
[2025-07-17T03:00:09.694Z] [COMMANDS] 2025-07-17 05:00:09 [📌 COMMANDS NOTIFY] Chargée : div
[2025-07-17T03:00:09.695Z] [COMMANDS] 2025-07-17 05:00:09 [📌 COMMANDS NOTIFY] Chargée : help
[2025-07-17T03:00:09.696Z] [COMMANDS] 2025-07-17 05:00:09 [📌 COMMANDS NOTIFY] Chargée : info
[2025-07-17T03:00:09.696Z] [COMMANDS] 2025-07-17 05:00:09 [📌 COMMANDS NOTIFY] Chargée : infoshift
[2025-07-17T03:00:09.697Z] [COMMANDS] 2025-07-17 05:00:09 [📌 COMMANDS NOTIFY] Chargée : kick
[2025-07-17T03:00:09.698Z] [COMMANDS] 2025-07-17 05:00:09 [📌 COMMANDS NOTIFY] Chargée : mute
[2025-07-17T03:00:09.699Z] [COMMANDS] 2025-07-17 05:00:09 [📌 COMMANDS NOTIFY] Chargée : openservice
[2025-07-17T03:00:09.700Z] [COMMANDS] 2025-07-17 05:00:09 [📌 COMMANDS NOTIFY] Chargée : pex
[2025-07-17T03:00:09.719Z] [COMMANDS] 2025-07-17 05:00:09 [📌 COMMANDS NOTIFY] Chargée : play
[2025-07-17T03:00:09.721Z] [COMMANDS] 2025-07-17 05:00:09 [📌 COMMANDS NOTIFY] Chargée : promote
[2025-07-17T03:00:09.722Z] [COMMANDS] 2025-07-17 05:00:09 [📌 COMMANDS NOTIFY] Chargée : recruit
[2025-07-17T03:00:09.723Z] [COMMANDS] 2025-07-17 05:00:09 [📌 COMMANDS NOTIFY] Chargée : rename
[2025-07-17T03:00:09.724Z] [COMMANDS] 2025-07-17 05:00:09 [📌 COMMANDS NOTIFY] Chargée : role
[2025-07-17T03:00:09.724Z] [COMMANDS] 2025-07-17 05:00:09 [📌 COMMANDS NOTIFY] Chargée : send
[2025-07-17T03:00:09.725Z] [COMMANDS] 2025-07-17 05:00:09 [📌 COMMANDS NOTIFY] Chargée : shift
[2025-07-17T03:00:09.726Z] [COMMANDS] 2025-07-17 05:00:09 [📌 COMMANDS NOTIFY] Chargée : ticket
[2025-07-17T03:00:09.727Z] [COMMANDS] 2025-07-17 05:00:09 [📌 COMMANDS NOTIFY] Chargée : userinfo
[2025-07-17T03:00:09.728Z] [COMMANDS] 2025-07-17 05:00:09 [📌 COMMANDS NOTIFY] Chargée : warn
[2025-07-17T03:00:09.732Z] 2025-07-17 05:00:09 [CLIENT DISCORD] [42m[30mChargement des informations du package.[39m[49m
[42m[30m[39m[49m [46m[PACKAGE][49m [32mAuth. : François 🌸[39m
[32m[39m [46m[PACKAGE][49m [32mDepd. : axios, chalk, cron, discord-html-transcripts, discord-player, discord.js, distube, dotenv, express, express-session, form-data, fs, googleapis, luxon, node-cron, node-fetch, ora, patch, path, pdf-lib, pdfkit, play-dl, readline, rl, uuid[39m
[32m[39m [46m[PACKAGE][49m [32mDesc. : Official Bot Catherine for 911 Community.[39m
[32m[39m [46m[PACKAGE][49m [32mLisc. : ISC[39m
[32m[39m [46m[PACKAGE][49m [32mMain. : index.js[39m
[32m[39m [46m[PACKAGE][49m [32mName. : catherine[39m
[32m[39m [46m[PACKAGE][49m [32mScrp. : {"test":"echo \"Error: no test specified\" && exit 1","start":"node server.js"}[39m
[32m[39m [46m[PACKAGE][49m [32mVers. : 2.1.2[39m
[32m[39m [46m[PACKAGE][49m [32mPatch Note. : **[PN - 07/06]** *Passage 2.0 with new patch (shift, tabs... new commands handler)*[39m
[32m[39m
[2025-07-17T03:00:10.642Z] 2025-07-17 05:00:10 [DEBUG] 📦 Checking version from local...
[2025-07-17T03:00:10.643Z] 2025-07-17 05:00:10 [CLIENT DISCORD] 📦 Nom : catherine
[2025-07-17T03:00:10.643Z] 2025-07-17 05:00:10 [CLIENT DISCORD] 🕒 Version locale : 2.1.2
[2025-07-17T03:00:10.643Z] 2025-07-17 05:00:10 [DEBUG] 🌐 Checking version from GitHub...
[2025-07-17T03:00:10.890Z] 2025-07-17 05:00:10 [CLIENT DISCORD] 📦 Nom GitHub : catherine
[2025-07-17T03:00:10.891Z] 2025-07-17 05:00:10 [CLIENT DISCORD] 🕒 Version distante : 2.1.2
[2025-07-17T03:00:10.891Z] [INFO] 2025-07-17 05:00:10 [ℹ️ INFO NOTIFY] ✅ Les versions sont identiques.
[2025-07-17T03:00:10.891Z] 2025-07-17 05:00:10 [CLIENT DISCORD] [34m==============================[39m
[2025-07-17T03:00:10.891Z] 2025-07-17 05:00:10 [CLIENT DISCORD] [32m🚀 Démarrage du bot...[39m
[2025-07-17T03:00:10.892Z] 2025-07-17 05:00:10 [CLIENT DISCORD] [33m🔗 Connexion à Discord API...[39m
[2025-07-17T03:00:10.893Z] 2025-07-17 05:00:10 [CLIENT DISCORD] [36m✅ Bot RP en ligne ! Connecté en tant que 293 | Catherine#8045[39m
[2025-07-17T03:00:10.893Z] 2025-07-17 05:00:10 [CLIENT DISCORD] [34m==============================[39m
[34m[39m
[2025-07-17T03:00:10.906Z] 2025-07-17 05:00:10 [CLIENT DISCORD] [player] Initialisation du Player terminée.
[2025-07-17T03:00:10.912Z] 2025-07-17 05:00:10 [CLIENT DISCORD] [player] Extracteurs chargés avec succès.
[2025-07-17T03:00:10.912Z] 2025-07-17 05:00:10 [CLIENT DISCORD] 📥 Serveur trouvé : Georgia State Police (GSP)
[2025-07-17T03:00:11.146Z] 2025-07-17 05:00:11 [CLIENT DISCORD] 🔍 Commandes déjà présentes : play, rules, createreport, div, role, info, pex, openservice, infoshift, recruit, help, ban, ticket, shutdown, userinfo, send, clear, kick, warn, mute, rename, shift, promote
[2025-07-17T03:00:11.147Z] 2025-07-17 05:00:11 [WARN] ⚠️ Les commandes sont déjà enregistrées. Lance avec 'debug' pour forcer l'écrasement.
[2025-07-17T03:00:11.147Z] 2025-07-17 05:00:11 [CLIENT DISCORD] 🎮 Statut et activité mis à jour.
[2025-07-17T03:00:11.148Z] 2025-07-17 05:00:11 [CLIENT DISCORD] 📌 Mode de lancement : [33mAucun[39m
[2025-07-17T03:00:11.148Z] 2025-07-17 05:00:11 [CLIENT DISCORD] ✅ Bot prêt en tant que 293 | Catherine#8045
[2025-07-17T06:00:00.152Z] 2025-07-17 08:00:00 [CLIENT DISCORD] [32m🌅 Tâches du matin exécutées ![39m
[2025-07-17T06:00:00.185Z] 2025-07-17 08:00:00 [CLIENT DISCORD] [Cron] 🕒 Démarrage de la régénération automatique de la hiérarchie (tabs)...
[2025-07-17T06:00:00.195Z] 2025-07-17 08:00:00 [CLIENT DISCORD] [Cron] 🕒 Démarrage de la régénération automatique de la hiérarchie... (div)
[2025-07-17T06:00:00.201Z] 2025-07-17 08:00:00 [CLIENT DISCORD] 🔍 Vérification des règles...
[2025-07-17T06:00:00.217Z] 2025-07-17 08:00:00 [DEBUG] 📦 Checking version from local...
[2025-07-17T06:00:00.220Z] 2025-07-17 08:00:00 [CLIENT DISCORD] 📦 Nom : catherine
[2025-07-17T06:00:00.221Z] 2025-07-17 08:00:00 [CLIENT DISCORD] 🕒 Version locale : 2.1.2
[2025-07-17T06:00:00.222Z] 2025-07-17 08:00:00 [DEBUG] 🌐 Checking version from GitHub...
[2025-07-17T06:00:00.273Z] 2025-07-17 08:00:00 [CLIENT DISCORD] ✅ rules_1.txt inchangé, pas de mise à jour.
[2025-07-17T06:00:00.277Z] 2025-07-17 08:00:00 [CLIENT DISCORD] ✅ rules_2.txt inchangé, pas de mise à jour.
[2025-07-17T06:00:00.278Z] 2025-07-17 08:00:00 [CLIENT DISCORD] ✅ Vérification des règles terminée.
[2025-07-17T06:00:00.352Z] 2025-07-17 08:00:00 [CLIENT DISCORD] [EXPORT] access.json mis à jour avec 13 exécutif(s), 3 superviseur(s) et 2 commandement(s)
[2025-07-17T06:00:00.544Z] 2025-07-17 08:00:00 [CLIENT DISCORD] 📦 Nom GitHub : catherine
[2025-07-17T06:00:00.545Z] 2025-07-17 08:00:00 [CLIENT DISCORD] 🕒 Version distante : 2.1.2
[2025-07-17T06:00:00.547Z] [INFO] 2025-07-17 08:00:00 [ℹ️ INFO NOTIFY] ✅ Les versions sont identiques.
[2025-07-17T06:00:00.839Z] [NOTIFY] 2025-07-17 08:00:00 [🟢 SOFT NOTIFY] Message DIV supprimé
[2025-07-17T06:00:01.117Z] [NOTIFY] 2025-07-17 08:00:01 [🟢 SOFT NOTIFY] Message TABS supprimé
[2025-07-17T06:00:02.639Z] 2025-07-17 08:00:02 [CLIENT DISCORD] [✅] Hiérarchie DIV envoyée.
[2025-07-17T06:00:02.643Z] 2025-07-17 08:00:02 [CLIENT DISCORD] [Cron] 🕒 Fin de la régénération automatique de la hiérarchie.
[2025-07-17T06:00:03.218Z] 2025-07-17 08:00:03 [CLIENT DISCORD] [✅] Hiérarchie TABS envoyée.
[2025-07-17T06:00:03.218Z] 2025-07-17 08:00:03 [CLIENT DISCORD] [Cron] 🕒 Fin de la régénération automatique de la hiérarchie.
[2025-07-17T14:00:00.132Z] 2025-07-17 16:00:00 [CLIENT DISCORD] [32m🌇 Tâches du soir exécutées ![39m
[2025-07-17T14:00:00.146Z] 2025-07-17 16:00:00 [CLIENT DISCORD] [Cron] 🕒 Démarrage de la régénération automatique de la hiérarchie (tabs)...
[2025-07-17T14:00:00.149Z] 2025-07-17 16:00:00 [CLIENT DISCORD] [Cron] 🕒 Démarrage de la régénération automatique de la hiérarchie... (div)
[2025-07-17T14:00:00.152Z] 2025-07-17 16:00:00 [CLIENT DISCORD] 🔍 Vérification des règles...
[2025-07-17T14:00:00.167Z] 2025-07-17 16:00:00 [DEBUG] 📦 Checking version from local...
[2025-07-17T14:00:00.170Z] 2025-07-17 16:00:00 [CLIENT DISCORD] 📦 Nom : catherine
[2025-07-17T14:00:00.170Z] 2025-07-17 16:00:00 [CLIENT DISCORD] 🕒 Version locale : 2.1.2
[2025-07-17T14:00:00.171Z] 2025-07-17 16:00:00 [DEBUG] 🌐 Checking version from GitHub...
[2025-07-17T14:00:00.254Z] 2025-07-17 16:00:00 [CLIENT DISCORD] ✅ rules_1.txt inchangé, pas de mise à jour.
[2025-07-17T14:00:00.263Z] 2025-07-17 16:00:00 [CLIENT DISCORD] ✅ rules_2.txt inchangé, pas de mise à jour.
[2025-07-17T14:00:00.264Z] 2025-07-17 16:00:00 [CLIENT DISCORD] ✅ Vérification des règles terminée.
[2025-07-17T14:00:00.293Z] 2025-07-17 16:00:00 [CLIENT DISCORD] [EXPORT] access.json mis à jour avec 13 exécutif(s), 3 superviseur(s) et 2 commandement(s)
[2025-07-17T14:00:00.504Z] 2025-07-17 16:00:00 [CLIENT DISCORD] 📦 Nom GitHub : catherine
[2025-07-17T14:00:00.505Z] 2025-07-17 16:00:00 [CLIENT DISCORD] 🕒 Version distante : 2.1.2
[2025-07-17T14:00:00.506Z] [INFO] 2025-07-17 16:00:00 [ℹ️ INFO NOTIFY] ✅ Les versions sont identiques.
[2025-07-17T14:00:00.524Z] [NOTIFY] 2025-07-17 16:00:00 [🟢 SOFT NOTIFY] Message DIV supprimé
[2025-07-17T14:00:00.860Z] [NOTIFY] 2025-07-17 16:00:00 [🟢 SOFT NOTIFY] Message TABS supprimé
[2025-07-17T14:00:01.146Z] 2025-07-17 16:00:01 [CLIENT DISCORD] ✅ Données écrites dans config.json
[2025-07-17T14:00:02.165Z] 2025-07-17 16:00:02 [CLIENT DISCORD] [✅] Hiérarchie DIV envoyée.
[2025-07-17T14:00:02.171Z] 2025-07-17 16:00:02 [CLIENT DISCORD] [Cron] 🕒 Fin de la régénération automatique de la hiérarchie.
[2025-07-17T14:00:02.570Z] 2025-07-17 16:00:02 [CLIENT DISCORD] [✅] Hiérarchie TABS envoyée.
[2025-07-17T14:00:02.575Z] 2025-07-17 16:00:02 [CLIENT DISCORD] [Cron] 🕒 Fin de la régénération automatique de la hiérarchie.
[2025-07-17T20:33:42.276Z] 2025-07-17 22:33:42 [CLIENT DISCORD] [94m[MESSAGE_SENT][39m [32m66atshina.enid[39m [0ma envoyé[0m [32mbonsoir tout le monde comment allez-vous ??[39m [0mdans[0m [32m💬-discussion-hrp[39m
