[2025-08-15T03:00:00.223Z] 2025-08-15 05:00:00 [CLIENT DISCORD] [32m🌙 Tâches de la nuit exécutées ![39m
[2025-08-15T03:00:00.270Z] 2025-08-15 05:00:00 [DEBUG] 📦 Checking version from local...
[2025-08-15T03:00:00.273Z] 2025-08-15 05:00:00 [CLIENT DISCORD] 📦 Nom : catherine
[2025-08-15T03:00:00.274Z] 2025-08-15 05:00:00 [CLIENT DISCORD] 🕒 Version locale : 2.1.2
[2025-08-15T03:00:00.275Z] 2025-08-15 05:00:00 [DEBUG] 🌐 Checking version from GitHub...
[2025-08-15T03:00:00.330Z] 2025-08-15 05:00:00 [WARN] [REBOOT] Attention, Catherine redémarre (checker les logs). Instruction reboot.js
[2025-08-15T03:00:09.020Z] 2025-08-15 05:00:08 [CLIENT DISCORD] Les modules [32mloggers[39m ont correctement été exportés.
[2025-08-15T03:00:09.057Z] [EVENT] 2025-08-15 05:00:09 [📅 EVENT NOTIFY] Chargé : guildBanAdd
[2025-08-15T03:00:09.058Z] [EVENT] 2025-08-15 05:00:09 [📅 EVENT NOTIFY] Chargé : guildBanRemove
[2025-08-15T03:00:09.059Z] [EVENT] 2025-08-15 05:00:09 [📅 EVENT NOTIFY] Chargé : guildMemberAdd
[2025-08-15T03:00:09.061Z] [EVENT] 2025-08-15 05:00:09 [📅 EVENT NOTIFY] Chargé : guildMemberRemove
[2025-08-15T03:00:09.063Z] 2025-08-15 05:00:09 [CLIENT DISCORD] Les modules  [32mutils.js[39m [0m ont correctement été exporté.[0m
[2025-08-15T03:00:10.234Z] 2025-08-15 05:00:10 [CLIENT DISCORD] L'interaction  [32mbuttons.js[39m [0m ont correctement été exporté.[0m
[2025-08-15T03:00:10.630Z] 2025-08-15 05:00:10 [CLIENT DISCORD] L'interaction  [32mmodals.js[39m [0m ont correctement été exporté.[0m
[2025-08-15T03:00:10.632Z] [EVENT] 2025-08-15 05:00:10 [📅 EVENT NOTIFY] Chargé : interactionCreate
[2025-08-15T03:00:10.636Z] [EVENT] 2025-08-15 05:00:10 [📅 EVENT NOTIFY] Chargé : messageCreate
[2025-08-15T03:00:10.638Z] [EVENT] 2025-08-15 05:00:10 [📅 EVENT NOTIFY] Chargé : messageDelete
[2025-08-15T03:00:10.640Z] [EVENT] 2025-08-15 05:00:10 [📅 EVENT NOTIFY] Chargé : messageUpdate
[2025-08-15T03:00:10.685Z] 2025-08-15 05:00:10 [CLIENT DISCORD] Les modules  [32mcommands.js[39m [0m ont correctement été exporté.[0m
[2025-08-15T03:00:10.712Z] [EVENT] 2025-08-15 05:00:10 [📅 EVENT NOTIFY] Chargé : ready
[2025-08-15T03:00:10.714Z] [EVENT] 2025-08-15 05:00:10 [📅 EVENT NOTIFY] Chargé : voiceStateUpdate
[2025-08-15T03:00:10.720Z] [COMMANDS] 2025-08-15 05:00:10 [📌 COMMANDS NOTIFY] Chargée : ban
[2025-08-15T03:00:10.721Z] [COMMANDS] 2025-08-15 05:00:10 [📌 COMMANDS NOTIFY] Chargée : clear
[2025-08-15T03:00:10.723Z] [COMMANDS] 2025-08-15 05:00:10 [📌 COMMANDS NOTIFY] Chargée : createreport
[2025-08-15T03:00:10.725Z] [COMMANDS] 2025-08-15 05:00:10 [📌 COMMANDS NOTIFY] Chargée : div
[2025-08-15T03:00:10.726Z] [COMMANDS] 2025-08-15 05:00:10 [📌 COMMANDS NOTIFY] Chargée : help
[2025-08-15T03:00:10.728Z] [COMMANDS] 2025-08-15 05:00:10 [📌 COMMANDS NOTIFY] Chargée : info
[2025-08-15T03:00:10.729Z] [COMMANDS] 2025-08-15 05:00:10 [📌 COMMANDS NOTIFY] Chargée : infoshift
[2025-08-15T03:00:10.731Z] [COMMANDS] 2025-08-15 05:00:10 [📌 COMMANDS NOTIFY] Chargée : kick
[2025-08-15T03:00:10.732Z] [COMMANDS] 2025-08-15 05:00:10 [📌 COMMANDS NOTIFY] Chargée : mute
[2025-08-15T03:00:10.733Z] [COMMANDS] 2025-08-15 05:00:10 [📌 COMMANDS NOTIFY] Chargée : openservice
[2025-08-15T03:00:10.735Z] [COMMANDS] 2025-08-15 05:00:10 [📌 COMMANDS NOTIFY] Chargée : pex
[2025-08-15T03:00:10.744Z] [COMMANDS] 2025-08-15 05:00:10 [📌 COMMANDS NOTIFY] Chargée : play
[2025-08-15T03:00:10.745Z] [COMMANDS] 2025-08-15 05:00:10 [📌 COMMANDS NOTIFY] Chargée : promote
[2025-08-15T03:00:10.747Z] [COMMANDS] 2025-08-15 05:00:10 [📌 COMMANDS NOTIFY] Chargée : recruit
[2025-08-15T03:00:10.749Z] [COMMANDS] 2025-08-15 05:00:10 [📌 COMMANDS NOTIFY] Chargée : rename
[2025-08-15T03:00:10.750Z] [COMMANDS] 2025-08-15 05:00:10 [📌 COMMANDS NOTIFY] Chargée : role
[2025-08-15T03:00:10.752Z] [COMMANDS] 2025-08-15 05:00:10 [📌 COMMANDS NOTIFY] Chargée : send
[2025-08-15T03:00:10.754Z] [COMMANDS] 2025-08-15 05:00:10 [📌 COMMANDS NOTIFY] Chargée : shift
[2025-08-15T03:00:10.756Z] [COMMANDS] 2025-08-15 05:00:10 [📌 COMMANDS NOTIFY] Chargée : ticket
[2025-08-15T03:00:10.758Z] [COMMANDS] 2025-08-15 05:00:10 [📌 COMMANDS NOTIFY] Chargée : userinfo
[2025-08-15T03:00:10.759Z] [COMMANDS] 2025-08-15 05:00:10 [📌 COMMANDS NOTIFY] Chargée : warn
[2025-08-15T03:00:10.763Z] 2025-08-15 05:00:10 [CLIENT DISCORD] [42m[30mChargement des informations du package.[39m[49m
[42m[30m[39m[49m [46m[PACKAGE][49m [32mAuth. : François 🌸[39m
[32m[39m [46m[PACKAGE][49m [32mDepd. : axios, chalk, cron, discord-html-transcripts, discord-player, discord.js, distube, dotenv, express, express-session, form-data, fs, googleapis, luxon, node-cron, node-fetch, ora, patch, path, pdf-lib, pdfkit, play-dl, readline, rl, uuid[39m
[32m[39m [46m[PACKAGE][49m [32mDesc. : Official Bot Catherine for 911 Community.[39m
[32m[39m [46m[PACKAGE][49m [32mLisc. : ISC[39m
[32m[39m [46m[PACKAGE][49m [32mMain. : index.js[39m
[32m[39m [46m[PACKAGE][49m [32mName. : catherine[39m
[32m[39m [46m[PACKAGE][49m [32mScrp. : {"test":"echo \"Error: no test specified\" && exit 1","start":"node server.js"}[39m
[32m[39m [46m[PACKAGE][49m [32mVers. : 2.1.2[39m
[32m[39m [46m[PACKAGE][49m [32mPatch Note. : **[PN - 07/06]** *Passage 2.0 with new patch (shift, tabs... new commands handler)*[39m
[32m[39m
[2025-08-15T03:00:11.740Z] 2025-08-15 05:00:11 [DEBUG] 📦 Checking version from local...
[2025-08-15T03:00:11.741Z] 2025-08-15 05:00:11 [CLIENT DISCORD] 📦 Nom : catherine
[2025-08-15T03:00:11.742Z] 2025-08-15 05:00:11 [CLIENT DISCORD] 🕒 Version locale : 2.1.2
[2025-08-15T03:00:11.743Z] 2025-08-15 05:00:11 [DEBUG] 🌐 Checking version from GitHub...
[2025-08-15T03:00:12.040Z] 2025-08-15 05:00:12 [CLIENT DISCORD] 📦 Nom GitHub : catherine
[2025-08-15T03:00:12.040Z] 2025-08-15 05:00:12 [CLIENT DISCORD] 🕒 Version distante : 2.1.2
[2025-08-15T03:00:12.041Z] [INFO] 2025-08-15 05:00:12 [ℹ️ INFO NOTIFY] ✅ Les versions sont identiques.
[2025-08-15T03:00:12.041Z] 2025-08-15 05:00:12 [CLIENT DISCORD] [34m==============================[39m
[2025-08-15T03:00:12.041Z] 2025-08-15 05:00:12 [CLIENT DISCORD] [32m🚀 Démarrage du bot...[39m
[2025-08-15T03:00:12.042Z] 2025-08-15 05:00:12 [CLIENT DISCORD] [33m🔗 Connexion à Discord API...[39m
[2025-08-15T03:00:12.042Z] 2025-08-15 05:00:12 [CLIENT DISCORD] [36m✅ Bot RP en ligne ! Connecté en tant que 293 | Catherine#8045[39m
[2025-08-15T03:00:12.042Z] 2025-08-15 05:00:12 [CLIENT DISCORD] [34m==============================[39m
[34m[39m
[2025-08-15T03:00:12.053Z] 2025-08-15 05:00:12 [CLIENT DISCORD] [player] Initialisation du Player terminée.
[2025-08-15T03:00:12.056Z] 2025-08-15 05:00:12 [CLIENT DISCORD] [player] Extracteurs chargés avec succès.
[2025-08-15T03:00:12.057Z] 2025-08-15 05:00:12 [CLIENT DISCORD] 📥 Serveur trouvé : Georgia State Police (GSP)
[2025-08-15T03:00:12.368Z] 2025-08-15 05:00:12 [CLIENT DISCORD] 🔍 Commandes déjà présentes : play, rules, createreport, div, role, info, pex, openservice, infoshift, recruit, help, ban, ticket, shutdown, userinfo, send, clear, kick, warn, mute, rename, shift, promote
[2025-08-15T03:00:12.371Z] 2025-08-15 05:00:12 [WARN] ⚠️ Les commandes sont déjà enregistrées. Lance avec 'debug' pour forcer l'écrasement.
[2025-08-15T03:00:12.373Z] 2025-08-15 05:00:12 [CLIENT DISCORD] 🎮 Statut et activité mis à jour.
[2025-08-15T03:00:12.374Z] 2025-08-15 05:00:12 [CLIENT DISCORD] 📌 Mode de lancement : [33mAucun[39m
[2025-08-15T03:00:12.375Z] 2025-08-15 05:00:12 [CLIENT DISCORD] ✅ Bot prêt en tant que 293 | Catherine#8045
[2025-08-15T06:00:00.181Z] 2025-08-15 08:00:00 [CLIENT DISCORD] [32m🌅 Tâches du matin exécutées ![39m
[2025-08-15T06:00:00.215Z] 2025-08-15 08:00:00 [CLIENT DISCORD] [Cron] 🕒 Démarrage de la régénération automatique de la hiérarchie (tabs)...
[2025-08-15T06:00:00.221Z] 2025-08-15 08:00:00 [CLIENT DISCORD] [Cron] 🕒 Démarrage de la régénération automatique de la hiérarchie... (div)
[2025-08-15T06:00:00.225Z] 2025-08-15 08:00:00 [CLIENT DISCORD] 🔍 Vérification des règles...
[2025-08-15T06:00:00.244Z] 2025-08-15 08:00:00 [DEBUG] 📦 Checking version from local...
[2025-08-15T06:00:00.246Z] 2025-08-15 08:00:00 [CLIENT DISCORD] 📦 Nom : catherine
[2025-08-15T06:00:00.247Z] 2025-08-15 08:00:00 [CLIENT DISCORD] 🕒 Version locale : 2.1.2
[2025-08-15T06:00:00.247Z] 2025-08-15 08:00:00 [DEBUG] 🌐 Checking version from GitHub...
[2025-08-15T06:00:00.341Z] 2025-08-15 08:00:00 [CLIENT DISCORD] ✅ rules_1.txt inchangé, pas de mise à jour.
[2025-08-15T06:00:00.345Z] 2025-08-15 08:00:00 [CLIENT DISCORD] ✅ rules_2.txt inchangé, pas de mise à jour.
[2025-08-15T06:00:00.347Z] 2025-08-15 08:00:00 [CLIENT DISCORD] ✅ Vérification des règles terminée.
[2025-08-15T06:00:00.423Z] 2025-08-15 08:00:00 [CLIENT DISCORD] [EXPORT] access.json mis à jour avec 13 exécutif(s), 3 superviseur(s) et 2 commandement(s)
[2025-08-15T06:00:00.648Z] 2025-08-15 08:00:00 [CLIENT DISCORD] 📦 Nom GitHub : catherine
[2025-08-15T06:00:00.651Z] 2025-08-15 08:00:00 [CLIENT DISCORD] 🕒 Version distante : 2.1.2
[2025-08-15T06:00:00.653Z] [INFO] 2025-08-15 08:00:00 [ℹ️ INFO NOTIFY] ✅ Les versions sont identiques.
[2025-08-15T06:00:00.975Z] [NOTIFY] 2025-08-15 08:00:00 [🟢 SOFT NOTIFY] Message DIV supprimé
[2025-08-15T06:00:01.251Z] [NOTIFY] 2025-08-15 08:00:01 [🟢 SOFT NOTIFY] Message TABS supprimé
[2025-08-15T06:00:03.995Z] 2025-08-15 08:00:03 [CLIENT DISCORD] [✅] Hiérarchie DIV envoyée.
[2025-08-15T06:00:04.024Z] 2025-08-15 08:00:04 [CLIENT DISCORD] [Cron] 🕒 Fin de la régénération automatique de la hiérarchie.
[2025-08-15T06:00:04.709Z] 2025-08-15 08:00:04 [CLIENT DISCORD] [✅] Hiérarchie TABS envoyée.
[2025-08-15T06:00:04.712Z] 2025-08-15 08:00:04 [CLIENT DISCORD] [Cron] 🕒 Fin de la régénération automatique de la hiérarchie.
[2025-08-15T14:00:00.102Z] 2025-08-15 16:00:00 [CLIENT DISCORD] [32m🌇 Tâches du soir exécutées ![39m
[2025-08-15T14:00:00.107Z] 2025-08-15 16:00:00 [CLIENT DISCORD] [Cron] 🕒 Démarrage de la régénération automatique de la hiérarchie (tabs)...
[2025-08-15T14:00:00.109Z] 2025-08-15 16:00:00 [CLIENT DISCORD] [Cron] 🕒 Démarrage de la régénération automatique de la hiérarchie... (div)
[2025-08-15T14:00:00.110Z] 2025-08-15 16:00:00 [CLIENT DISCORD] 🔍 Vérification des règles...
[2025-08-15T14:00:00.113Z] 2025-08-15 16:00:00 [DEBUG] 📦 Checking version from local...
[2025-08-15T14:00:00.115Z] 2025-08-15 16:00:00 [CLIENT DISCORD] 📦 Nom : catherine
[2025-08-15T14:00:00.118Z] 2025-08-15 16:00:00 [CLIENT DISCORD] 🕒 Version locale : 2.1.2
[2025-08-15T14:00:00.119Z] 2025-08-15 16:00:00 [DEBUG] 🌐 Checking version from GitHub...
[2025-08-15T14:00:00.143Z] 2025-08-15 16:00:00 [CLIENT DISCORD] ✅ rules_1.txt inchangé, pas de mise à jour.
[2025-08-15T14:00:00.147Z] 2025-08-15 16:00:00 [CLIENT DISCORD] ✅ rules_2.txt inchangé, pas de mise à jour.
[2025-08-15T14:00:00.148Z] 2025-08-15 16:00:00 [CLIENT DISCORD] ✅ Vérification des règles terminée.
[2025-08-15T14:00:00.248Z] 2025-08-15 16:00:00 [CLIENT DISCORD] [EXPORT] access.json mis à jour avec 13 exécutif(s), 3 superviseur(s) et 2 commandement(s)
[2025-08-15T14:00:00.383Z] 2025-08-15 16:00:00 [CLIENT DISCORD] 📦 Nom GitHub : catherine
[2025-08-15T14:00:00.384Z] 2025-08-15 16:00:00 [CLIENT DISCORD] 🕒 Version distante : 2.1.2
[2025-08-15T14:00:00.385Z] [INFO] 2025-08-15 16:00:00 [ℹ️ INFO NOTIFY] ✅ Les versions sont identiques.
[2025-08-15T14:00:00.530Z] [NOTIFY] 2025-08-15 16:00:00 [🟢 SOFT NOTIFY] Message DIV supprimé
[2025-08-15T14:00:00.731Z] [NOTIFY] 2025-08-15 16:00:00 [🟢 SOFT NOTIFY] Message TABS supprimé
[2025-08-15T14:00:02.117Z] 2025-08-15 16:00:02 [CLIENT DISCORD] [✅] Hiérarchie DIV envoyée.
[2025-08-15T14:00:02.120Z] 2025-08-15 16:00:02 [CLIENT DISCORD] [Cron] 🕒 Fin de la régénération automatique de la hiérarchie.
[2025-08-15T14:00:02.336Z] 2025-08-15 16:00:02 [CLIENT DISCORD] [✅] Hiérarchie TABS envoyée.
[2025-08-15T14:00:02.398Z] 2025-08-15 16:00:02 [CLIENT DISCORD] [Cron] 🕒 Fin de la régénération automatique de la hiérarchie.
