[2025-08-08T03:00:00.172Z] 2025-08-08 05:00:00 [CLIENT DISCORD] [32m🌙 Tâches de la nuit exécutées ![39m
[2025-08-08T03:00:00.214Z] 2025-08-08 05:00:00 [DEBUG] 📦 Checking version from local...
[2025-08-08T03:00:00.216Z] 2025-08-08 05:00:00 [CLIENT DISCORD] 📦 Nom : catherine
[2025-08-08T03:00:00.216Z] 2025-08-08 05:00:00 [CLIENT DISCORD] 🕒 Version locale : 2.1.2
[2025-08-08T03:00:00.217Z] 2025-08-08 05:00:00 [DEBUG] 🌐 Checking version from GitHub...
[2025-08-08T03:00:00.223Z] 2025-08-08 05:00:00 [WARN] [REBOOT] Attention, Catherine redémarre (checker les logs). Instruction reboot.js
[2025-08-08T03:00:08.748Z] 2025-08-08 05:00:08 [CLIENT DISCORD] Les modules [32mloggers[39m ont correctement été exportés.
[2025-08-08T03:00:08.787Z] [EVENT] 2025-08-08 05:00:08 [📅 EVENT NOTIFY] Chargé : guildBanAdd
[2025-08-08T03:00:08.789Z] [EVENT] 2025-08-08 05:00:08 [📅 EVENT NOTIFY] Chargé : guildBanRemove
[2025-08-08T03:00:08.791Z] [EVENT] 2025-08-08 05:00:08 [📅 EVENT NOTIFY] Chargé : guildMemberAdd
[2025-08-08T03:00:08.794Z] [EVENT] 2025-08-08 05:00:08 [📅 EVENT NOTIFY] Chargé : guildMemberRemove
[2025-08-08T03:00:08.802Z] 2025-08-08 05:00:08 [CLIENT DISCORD] Les modules  [32mutils.js[39m [0m ont correctement été exporté.[0m
[2025-08-08T03:00:09.557Z] 2025-08-08 05:00:09 [CLIENT DISCORD] L'interaction  [32mbuttons.js[39m [0m ont correctement été exporté.[0m
[2025-08-08T03:00:09.883Z] 2025-08-08 05:00:09 [CLIENT DISCORD] L'interaction  [32mmodals.js[39m [0m ont correctement été exporté.[0m
[2025-08-08T03:00:09.886Z] [EVENT] 2025-08-08 05:00:09 [📅 EVENT NOTIFY] Chargé : interactionCreate
[2025-08-08T03:00:09.889Z] [EVENT] 2025-08-08 05:00:09 [📅 EVENT NOTIFY] Chargé : messageCreate
[2025-08-08T03:00:09.892Z] [EVENT] 2025-08-08 05:00:09 [📅 EVENT NOTIFY] Chargé : messageDelete
[2025-08-08T03:00:09.894Z] [EVENT] 2025-08-08 05:00:09 [📅 EVENT NOTIFY] Chargé : messageUpdate
[2025-08-08T03:00:09.935Z] 2025-08-08 05:00:09 [CLIENT DISCORD] Les modules  [32mcommands.js[39m [0m ont correctement été exporté.[0m
[2025-08-08T03:00:09.959Z] [EVENT] 2025-08-08 05:00:09 [📅 EVENT NOTIFY] Chargé : ready
[2025-08-08T03:00:09.961Z] [EVENT] 2025-08-08 05:00:09 [📅 EVENT NOTIFY] Chargé : voiceStateUpdate
[2025-08-08T03:00:09.970Z] [COMMANDS] 2025-08-08 05:00:09 [📌 COMMANDS NOTIFY] Chargée : ban
[2025-08-08T03:00:09.972Z] [COMMANDS] 2025-08-08 05:00:09 [📌 COMMANDS NOTIFY] Chargée : clear
[2025-08-08T03:00:09.974Z] [COMMANDS] 2025-08-08 05:00:09 [📌 COMMANDS NOTIFY] Chargée : createreport
[2025-08-08T03:00:09.977Z] [COMMANDS] 2025-08-08 05:00:09 [📌 COMMANDS NOTIFY] Chargée : div
[2025-08-08T03:00:09.980Z] [COMMANDS] 2025-08-08 05:00:09 [📌 COMMANDS NOTIFY] Chargée : help
[2025-08-08T03:00:09.983Z] [COMMANDS] 2025-08-08 05:00:09 [📌 COMMANDS NOTIFY] Chargée : info
[2025-08-08T03:00:09.986Z] [COMMANDS] 2025-08-08 05:00:09 [📌 COMMANDS NOTIFY] Chargée : infoshift
[2025-08-08T03:00:09.988Z] [COMMANDS] 2025-08-08 05:00:09 [📌 COMMANDS NOTIFY] Chargée : kick
[2025-08-08T03:00:09.992Z] [COMMANDS] 2025-08-08 05:00:09 [📌 COMMANDS NOTIFY] Chargée : mute
[2025-08-08T03:00:09.994Z] [COMMANDS] 2025-08-08 05:00:09 [📌 COMMANDS NOTIFY] Chargée : openservice
[2025-08-08T03:00:09.997Z] [COMMANDS] 2025-08-08 05:00:09 [📌 COMMANDS NOTIFY] Chargée : pex
[2025-08-08T03:00:10.020Z] [COMMANDS] 2025-08-08 05:00:10 [📌 COMMANDS NOTIFY] Chargée : play
[2025-08-08T03:00:10.022Z] [COMMANDS] 2025-08-08 05:00:10 [📌 COMMANDS NOTIFY] Chargée : promote
[2025-08-08T03:00:10.025Z] [COMMANDS] 2025-08-08 05:00:10 [📌 COMMANDS NOTIFY] Chargée : recruit
[2025-08-08T03:00:10.027Z] [COMMANDS] 2025-08-08 05:00:10 [📌 COMMANDS NOTIFY] Chargée : rename
[2025-08-08T03:00:10.028Z] [COMMANDS] 2025-08-08 05:00:10 [📌 COMMANDS NOTIFY] Chargée : role
[2025-08-08T03:00:10.030Z] [COMMANDS] 2025-08-08 05:00:10 [📌 COMMANDS NOTIFY] Chargée : send
[2025-08-08T03:00:10.033Z] [COMMANDS] 2025-08-08 05:00:10 [📌 COMMANDS NOTIFY] Chargée : shift
[2025-08-08T03:00:10.038Z] [COMMANDS] 2025-08-08 05:00:10 [📌 COMMANDS NOTIFY] Chargée : ticket
[2025-08-08T03:00:10.041Z] [COMMANDS] 2025-08-08 05:00:10 [📌 COMMANDS NOTIFY] Chargée : userinfo
[2025-08-08T03:00:10.046Z] [COMMANDS] 2025-08-08 05:00:10 [📌 COMMANDS NOTIFY] Chargée : warn
[2025-08-08T03:00:10.053Z] 2025-08-08 05:00:10 [CLIENT DISCORD] [42m[30mChargement des informations du package.[39m[49m
[42m[30m[39m[49m [46m[PACKAGE][49m [32mAuth. : François 🌸[39m
[32m[39m [46m[PACKAGE][49m [32mDepd. : axios, chalk, cron, discord-html-transcripts, discord-player, discord.js, distube, dotenv, express, express-session, form-data, fs, googleapis, luxon, node-cron, node-fetch, ora, patch, path, pdf-lib, pdfkit, play-dl, readline, rl, uuid[39m
[32m[39m [46m[PACKAGE][49m [32mDesc. : Official Bot Catherine for 911 Community.[39m
[32m[39m [46m[PACKAGE][49m [32mLisc. : ISC[39m
[32m[39m [46m[PACKAGE][49m [32mMain. : index.js[39m
[32m[39m [46m[PACKAGE][49m [32mName. : catherine[39m
[32m[39m [46m[PACKAGE][49m [32mScrp. : {"test":"echo \"Error: no test specified\" && exit 1","start":"node server.js"}[39m
[32m[39m [46m[PACKAGE][49m [32mVers. : 2.1.2[39m
[32m[39m [46m[PACKAGE][49m [32mPatch Note. : **[PN - 07/06]** *Passage 2.0 with new patch (shift, tabs... new commands handler)*[39m
[32m[39m
[2025-08-08T03:00:11.099Z] 2025-08-08 05:00:11 [DEBUG] 📦 Checking version from local...
[2025-08-08T03:00:11.101Z] 2025-08-08 05:00:11 [CLIENT DISCORD] 📦 Nom : catherine
[2025-08-08T03:00:11.101Z] 2025-08-08 05:00:11 [CLIENT DISCORD] 🕒 Version locale : 2.1.2
[2025-08-08T03:00:11.102Z] 2025-08-08 05:00:11 [DEBUG] 🌐 Checking version from GitHub...
[2025-08-08T03:00:11.350Z] 2025-08-08 05:00:11 [CLIENT DISCORD] 📦 Nom GitHub : catherine
[2025-08-08T03:00:11.351Z] 2025-08-08 05:00:11 [CLIENT DISCORD] 🕒 Version distante : 2.1.2
[2025-08-08T03:00:11.351Z] [INFO] 2025-08-08 05:00:11 [ℹ️ INFO NOTIFY] ✅ Les versions sont identiques.
[2025-08-08T03:00:11.351Z] 2025-08-08 05:00:11 [CLIENT DISCORD] [34m==============================[39m
[2025-08-08T03:00:11.352Z] 2025-08-08 05:00:11 [CLIENT DISCORD] [32m🚀 Démarrage du bot...[39m
[2025-08-08T03:00:11.352Z] 2025-08-08 05:00:11 [CLIENT DISCORD] [33m🔗 Connexion à Discord API...[39m
[2025-08-08T03:00:11.352Z] 2025-08-08 05:00:11 [CLIENT DISCORD] [36m✅ Bot RP en ligne ! Connecté en tant que 293 | Catherine#8045[39m
[2025-08-08T03:00:11.352Z] 2025-08-08 05:00:11 [CLIENT DISCORD] [34m==============================[39m
[34m[39m
[2025-08-08T03:00:11.362Z] 2025-08-08 05:00:11 [CLIENT DISCORD] [player] Initialisation du Player terminée.
[2025-08-08T03:00:11.366Z] 2025-08-08 05:00:11 [CLIENT DISCORD] [player] Extracteurs chargés avec succès.
[2025-08-08T03:00:11.366Z] 2025-08-08 05:00:11 [CLIENT DISCORD] 📥 Serveur trouvé : Georgia State Police (GSP)
[2025-08-08T03:00:11.547Z] 2025-08-08 05:00:11 [CLIENT DISCORD] 🔍 Commandes déjà présentes : play, rules, createreport, div, role, info, pex, openservice, infoshift, recruit, help, ban, ticket, shutdown, userinfo, send, clear, kick, warn, mute, rename, shift, promote
[2025-08-08T03:00:11.548Z] 2025-08-08 05:00:11 [WARN] ⚠️ Les commandes sont déjà enregistrées. Lance avec 'debug' pour forcer l'écrasement.
[2025-08-08T03:00:11.548Z] 2025-08-08 05:00:11 [CLIENT DISCORD] 🎮 Statut et activité mis à jour.
[2025-08-08T03:00:11.548Z] 2025-08-08 05:00:11 [CLIENT DISCORD] 📌 Mode de lancement : [33mAucun[39m
[2025-08-08T03:00:11.549Z] 2025-08-08 05:00:11 [CLIENT DISCORD] ✅ Bot prêt en tant que 293 | Catherine#8045
[2025-08-08T06:00:00.176Z] 2025-08-08 08:00:00 [CLIENT DISCORD] [32m🌅 Tâches du matin exécutées ![39m
[2025-08-08T06:00:00.208Z] 2025-08-08 08:00:00 [CLIENT DISCORD] [Cron] 🕒 Démarrage de la régénération automatique de la hiérarchie (tabs)...
[2025-08-08T06:00:00.215Z] 2025-08-08 08:00:00 [CLIENT DISCORD] [Cron] 🕒 Démarrage de la régénération automatique de la hiérarchie... (div)
[2025-08-08T06:00:00.220Z] 2025-08-08 08:00:00 [CLIENT DISCORD] 🔍 Vérification des règles...
[2025-08-08T06:00:00.238Z] 2025-08-08 08:00:00 [DEBUG] 📦 Checking version from local...
[2025-08-08T06:00:00.240Z] 2025-08-08 08:00:00 [CLIENT DISCORD] 📦 Nom : catherine
[2025-08-08T06:00:00.240Z] 2025-08-08 08:00:00 [CLIENT DISCORD] 🕒 Version locale : 2.1.2
[2025-08-08T06:00:00.241Z] 2025-08-08 08:00:00 [DEBUG] 🌐 Checking version from GitHub...
[2025-08-08T06:00:00.302Z] 2025-08-08 08:00:00 [CLIENT DISCORD] ✅ rules_1.txt inchangé, pas de mise à jour.
[2025-08-08T06:00:00.303Z] 2025-08-08 08:00:00 [CLIENT DISCORD] ✅ rules_2.txt inchangé, pas de mise à jour.
[2025-08-08T06:00:00.303Z] 2025-08-08 08:00:00 [CLIENT DISCORD] ✅ Vérification des règles terminée.
[2025-08-08T06:00:00.369Z] 2025-08-08 08:00:00 [CLIENT DISCORD] [EXPORT] access.json mis à jour avec 13 exécutif(s), 3 superviseur(s) et 2 commandement(s)
[2025-08-08T06:00:00.582Z] 2025-08-08 08:00:00 [CLIENT DISCORD] 📦 Nom GitHub : catherine
[2025-08-08T06:00:00.584Z] 2025-08-08 08:00:00 [CLIENT DISCORD] 🕒 Version distante : 2.1.2
[2025-08-08T06:00:00.587Z] [INFO] 2025-08-08 08:00:00 [ℹ️ INFO NOTIFY] ✅ Les versions sont identiques.
[2025-08-08T06:00:00.966Z] [NOTIFY] 2025-08-08 08:00:00 [🟢 SOFT NOTIFY] Message DIV supprimé
[2025-08-08T06:00:01.225Z] [NOTIFY] 2025-08-08 08:00:01 [🟢 SOFT NOTIFY] Message TABS supprimé
[2025-08-08T06:00:04.158Z] 2025-08-08 08:00:04 [CLIENT DISCORD] [✅] Hiérarchie DIV envoyée.
[2025-08-08T06:00:04.163Z] 2025-08-08 08:00:04 [CLIENT DISCORD] [Cron] 🕒 Fin de la régénération automatique de la hiérarchie.
[2025-08-08T06:00:04.796Z] 2025-08-08 08:00:04 [CLIENT DISCORD] [✅] Hiérarchie TABS envoyée.
[2025-08-08T06:00:04.797Z] 2025-08-08 08:00:04 [CLIENT DISCORD] [Cron] 🕒 Fin de la régénération automatique de la hiérarchie.
[2025-08-08T14:00:00.100Z] 2025-08-08 16:00:00 [CLIENT DISCORD] [32m🌇 Tâches du soir exécutées ![39m
[2025-08-08T14:00:00.103Z] 2025-08-08 16:00:00 [CLIENT DISCORD] [Cron] 🕒 Démarrage de la régénération automatique de la hiérarchie (tabs)...
[2025-08-08T14:00:00.104Z] 2025-08-08 16:00:00 [CLIENT DISCORD] [Cron] 🕒 Démarrage de la régénération automatique de la hiérarchie... (div)
[2025-08-08T14:00:00.104Z] 2025-08-08 16:00:00 [CLIENT DISCORD] 🔍 Vérification des règles...
[2025-08-08T14:00:00.108Z] 2025-08-08 16:00:00 [DEBUG] 📦 Checking version from local...
[2025-08-08T14:00:00.108Z] 2025-08-08 16:00:00 [CLIENT DISCORD] 📦 Nom : catherine
[2025-08-08T14:00:00.109Z] 2025-08-08 16:00:00 [CLIENT DISCORD] 🕒 Version locale : 2.1.2
[2025-08-08T14:00:00.109Z] 2025-08-08 16:00:00 [DEBUG] 🌐 Checking version from GitHub...
[2025-08-08T14:00:00.143Z] 2025-08-08 16:00:00 [CLIENT DISCORD] ✅ rules_1.txt inchangé, pas de mise à jour.
[2025-08-08T14:00:00.143Z] 2025-08-08 16:00:00 [CLIENT DISCORD] ✅ rules_2.txt inchangé, pas de mise à jour.
[2025-08-08T14:00:00.144Z] 2025-08-08 16:00:00 [CLIENT DISCORD] ✅ Vérification des règles terminée.
[2025-08-08T14:00:00.239Z] 2025-08-08 16:00:00 [CLIENT DISCORD] [EXPORT] access.json mis à jour avec 13 exécutif(s), 3 superviseur(s) et 2 commandement(s)
[2025-08-08T14:00:00.413Z] 2025-08-08 16:00:00 [CLIENT DISCORD] 📦 Nom GitHub : catherine
[2025-08-08T14:00:00.414Z] 2025-08-08 16:00:00 [CLIENT DISCORD] 🕒 Version distante : 2.1.2
[2025-08-08T14:00:00.415Z] [INFO] 2025-08-08 16:00:00 [ℹ️ INFO NOTIFY] ✅ Les versions sont identiques.
[2025-08-08T14:00:00.503Z] [NOTIFY] 2025-08-08 16:00:00 [🟢 SOFT NOTIFY] Message DIV supprimé
[2025-08-08T14:00:00.749Z] [NOTIFY] 2025-08-08 16:00:00 [🟢 SOFT NOTIFY] Message TABS supprimé
[2025-08-08T14:00:03.779Z] 2025-08-08 16:00:03 [CLIENT DISCORD] [✅] Hiérarchie DIV envoyée.
[2025-08-08T14:00:03.784Z] 2025-08-08 16:00:03 [CLIENT DISCORD] [Cron] 🕒 Fin de la régénération automatique de la hiérarchie.
[2025-08-08T14:00:05.941Z] 2025-08-08 16:00:05 [CLIENT DISCORD] [✅] Hiérarchie TABS envoyée.
[2025-08-08T14:00:05.943Z] 2025-08-08 16:00:05 [CLIENT DISCORD] [Cron] 🕒 Fin de la régénération automatique de la hiérarchie.
