[2025-08-27T03:00:00.171Z] 2025-08-27 05:00:00 [CLIENT DISCORD] [32m🌙 Tâches de la nuit exécutées ![39m
[2025-08-27T03:00:00.207Z] 2025-08-27 05:00:00 [DEBUG] 📦 Checking version from local...
[2025-08-27T03:00:00.209Z] 2025-08-27 05:00:00 [CLIENT DISCORD] 📦 Nom : catherine
[2025-08-27T03:00:00.210Z] 2025-08-27 05:00:00 [CLIENT DISCORD] 🕒 Version locale : 2.1.2
[2025-08-27T03:00:00.214Z] 2025-08-27 05:00:00 [DEBUG] 🌐 Checking version from GitHub...
[2025-08-27T03:00:00.231Z] 2025-08-27 05:00:00 [WARN] [REBOOT] Attention, Catherine redémarre (checker les logs). Instruction reboot.js
[2025-08-27T03:00:08.568Z] 2025-08-27 05:00:08 [CLIENT DISCORD] Les modules [32mloggers[39m ont correctement été exportés.
[2025-08-27T03:00:08.603Z] [EVENT] 2025-08-27 05:00:08 [📅 EVENT NOTIFY] Chargé : guildBanAdd
[2025-08-27T03:00:08.604Z] [EVENT] 2025-08-27 05:00:08 [📅 EVENT NOTIFY] Chargé : guildBanRemove
[2025-08-27T03:00:08.606Z] [EVENT] 2025-08-27 05:00:08 [📅 EVENT NOTIFY] Chargé : guildMemberAdd
[2025-08-27T03:00:08.608Z] [EVENT] 2025-08-27 05:00:08 [📅 EVENT NOTIFY] Chargé : guildMemberRemove
[2025-08-27T03:00:08.612Z] 2025-08-27 05:00:08 [CLIENT DISCORD] Les modules  [32mutils.js[39m [0m ont correctement été exporté.[0m
[2025-08-27T03:00:09.593Z] 2025-08-27 05:00:09 [CLIENT DISCORD] L'interaction  [32mbuttons.js[39m [0m ont correctement été exporté.[0m
[2025-08-27T03:00:10.027Z] 2025-08-27 05:00:10 [CLIENT DISCORD] L'interaction  [32mmodals.js[39m [0m ont correctement été exporté.[0m
[2025-08-27T03:00:10.029Z] [EVENT] 2025-08-27 05:00:10 [📅 EVENT NOTIFY] Chargé : interactionCreate
[2025-08-27T03:00:10.032Z] [EVENT] 2025-08-27 05:00:10 [📅 EVENT NOTIFY] Chargé : messageCreate
[2025-08-27T03:00:10.035Z] [EVENT] 2025-08-27 05:00:10 [📅 EVENT NOTIFY] Chargé : messageDelete
[2025-08-27T03:00:10.037Z] [EVENT] 2025-08-27 05:00:10 [📅 EVENT NOTIFY] Chargé : messageUpdate
[2025-08-27T03:00:10.081Z] 2025-08-27 05:00:10 [CLIENT DISCORD] Les modules  [32mcommands.js[39m [0m ont correctement été exporté.[0m
[2025-08-27T03:00:10.114Z] [EVENT] 2025-08-27 05:00:10 [📅 EVENT NOTIFY] Chargé : ready
[2025-08-27T03:00:10.115Z] [EVENT] 2025-08-27 05:00:10 [📅 EVENT NOTIFY] Chargé : voiceStateUpdate
[2025-08-27T03:00:10.124Z] [COMMANDS] 2025-08-27 05:00:10 [📌 COMMANDS NOTIFY] Chargée : ban
[2025-08-27T03:00:10.125Z] [COMMANDS] 2025-08-27 05:00:10 [📌 COMMANDS NOTIFY] Chargée : clear
[2025-08-27T03:00:10.127Z] [COMMANDS] 2025-08-27 05:00:10 [📌 COMMANDS NOTIFY] Chargée : createreport
[2025-08-27T03:00:10.130Z] [COMMANDS] 2025-08-27 05:00:10 [📌 COMMANDS NOTIFY] Chargée : div
[2025-08-27T03:00:10.132Z] [COMMANDS] 2025-08-27 05:00:10 [📌 COMMANDS NOTIFY] Chargée : help
[2025-08-27T03:00:10.135Z] [COMMANDS] 2025-08-27 05:00:10 [📌 COMMANDS NOTIFY] Chargée : info
[2025-08-27T03:00:10.138Z] [COMMANDS] 2025-08-27 05:00:10 [📌 COMMANDS NOTIFY] Chargée : infoshift
[2025-08-27T03:00:10.140Z] [COMMANDS] 2025-08-27 05:00:10 [📌 COMMANDS NOTIFY] Chargée : kick
[2025-08-27T03:00:10.143Z] [COMMANDS] 2025-08-27 05:00:10 [📌 COMMANDS NOTIFY] Chargée : mute
[2025-08-27T03:00:10.145Z] [COMMANDS] 2025-08-27 05:00:10 [📌 COMMANDS NOTIFY] Chargée : openservice
[2025-08-27T03:00:10.147Z] [COMMANDS] 2025-08-27 05:00:10 [📌 COMMANDS NOTIFY] Chargée : pex
[2025-08-27T03:00:10.166Z] [COMMANDS] 2025-08-27 05:00:10 [📌 COMMANDS NOTIFY] Chargée : play
[2025-08-27T03:00:10.167Z] [COMMANDS] 2025-08-27 05:00:10 [📌 COMMANDS NOTIFY] Chargée : promote
[2025-08-27T03:00:10.170Z] [COMMANDS] 2025-08-27 05:00:10 [📌 COMMANDS NOTIFY] Chargée : recruit
[2025-08-27T03:00:10.172Z] [COMMANDS] 2025-08-27 05:00:10 [📌 COMMANDS NOTIFY] Chargée : rename
[2025-08-27T03:00:10.175Z] [COMMANDS] 2025-08-27 05:00:10 [📌 COMMANDS NOTIFY] Chargée : role
[2025-08-27T03:00:10.177Z] [COMMANDS] 2025-08-27 05:00:10 [📌 COMMANDS NOTIFY] Chargée : send
[2025-08-27T03:00:10.180Z] [COMMANDS] 2025-08-27 05:00:10 [📌 COMMANDS NOTIFY] Chargée : shift
[2025-08-27T03:00:10.186Z] [COMMANDS] 2025-08-27 05:00:10 [📌 COMMANDS NOTIFY] Chargée : ticket
[2025-08-27T03:00:10.189Z] [COMMANDS] 2025-08-27 05:00:10 [📌 COMMANDS NOTIFY] Chargée : userinfo
[2025-08-27T03:00:10.191Z] [COMMANDS] 2025-08-27 05:00:10 [📌 COMMANDS NOTIFY] Chargée : warn
[2025-08-27T03:00:10.198Z] 2025-08-27 05:00:10 [CLIENT DISCORD] [42m[30mChargement des informations du package.[39m[49m
[42m[30m[39m[49m [46m[PACKAGE][49m [32mAuth. : François 🌸[39m
[32m[39m [46m[PACKAGE][49m [32mDepd. : axios, chalk, cron, discord-html-transcripts, discord-player, discord.js, distube, dotenv, express, express-session, form-data, fs, googleapis, luxon, node-cron, node-fetch, ora, patch, path, pdf-lib, pdfkit, play-dl, readline, rl, uuid[39m
[32m[39m [46m[PACKAGE][49m [32mDesc. : Official Bot Catherine for 911 Community.[39m
[32m[39m [46m[PACKAGE][49m [32mLisc. : ISC[39m
[32m[39m [46m[PACKAGE][49m [32mMain. : index.js[39m
[32m[39m [46m[PACKAGE][49m [32mName. : catherine[39m
[32m[39m [46m[PACKAGE][49m [32mScrp. : {"test":"echo \"Error: no test specified\" && exit 1","start":"node server.js"}[39m
[32m[39m [46m[PACKAGE][49m [32mVers. : 2.1.2[39m
[32m[39m [46m[PACKAGE][49m [32mPatch Note. : **[PN - 07/06]** *Passage 2.0 with new patch (shift, tabs... new commands handler)*[39m
[32m[39m
[2025-08-27T03:00:11.109Z] 2025-08-27 05:00:11 [DEBUG] 📦 Checking version from local...
[2025-08-27T03:00:11.109Z] 2025-08-27 05:00:11 [CLIENT DISCORD] 📦 Nom : catherine
[2025-08-27T03:00:11.110Z] 2025-08-27 05:00:11 [CLIENT DISCORD] 🕒 Version locale : 2.1.2
[2025-08-27T03:00:11.110Z] 2025-08-27 05:00:11 [DEBUG] 🌐 Checking version from GitHub...
[2025-08-27T03:00:11.414Z] 2025-08-27 05:00:11 [CLIENT DISCORD] 📦 Nom GitHub : catherine
[2025-08-27T03:00:11.414Z] 2025-08-27 05:00:11 [CLIENT DISCORD] 🕒 Version distante : 2.1.2
[2025-08-27T03:00:11.415Z] [INFO] 2025-08-27 05:00:11 [ℹ️ INFO NOTIFY] ✅ Les versions sont identiques.
[2025-08-27T03:00:11.415Z] 2025-08-27 05:00:11 [CLIENT DISCORD] [34m==============================[39m
[2025-08-27T03:00:11.415Z] 2025-08-27 05:00:11 [CLIENT DISCORD] [32m🚀 Démarrage du bot...[39m
[2025-08-27T03:00:11.415Z] 2025-08-27 05:00:11 [CLIENT DISCORD] [33m🔗 Connexion à Discord API...[39m
[2025-08-27T03:00:11.416Z] 2025-08-27 05:00:11 [CLIENT DISCORD] [36m✅ Bot RP en ligne ! Connecté en tant que 293 | Catherine#8045[39m
[2025-08-27T03:00:11.416Z] 2025-08-27 05:00:11 [CLIENT DISCORD] [34m==============================[39m
[34m[39m
[2025-08-27T03:00:11.424Z] 2025-08-27 05:00:11 [CLIENT DISCORD] [player] Initialisation du Player terminée.
[2025-08-27T03:00:11.429Z] 2025-08-27 05:00:11 [CLIENT DISCORD] [player] Extracteurs chargés avec succès.
[2025-08-27T03:00:11.429Z] 2025-08-27 05:00:11 [CLIENT DISCORD] 📥 Serveur trouvé : Georgia State Police (GSP)
[2025-08-27T03:00:11.604Z] 2025-08-27 05:00:11 [CLIENT DISCORD] 🔍 Commandes déjà présentes : play, rules, createreport, div, role, info, pex, openservice, infoshift, recruit, help, ban, ticket, shutdown, userinfo, send, clear, kick, warn, mute, rename, shift, promote
[2025-08-27T03:00:11.605Z] 2025-08-27 05:00:11 [WARN] ⚠️ Les commandes sont déjà enregistrées. Lance avec 'debug' pour forcer l'écrasement.
[2025-08-27T03:00:11.606Z] 2025-08-27 05:00:11 [CLIENT DISCORD] 🎮 Statut et activité mis à jour.
[2025-08-27T03:00:11.606Z] 2025-08-27 05:00:11 [CLIENT DISCORD] 📌 Mode de lancement : [33mAucun[39m
[2025-08-27T03:00:11.606Z] 2025-08-27 05:00:11 [CLIENT DISCORD] ✅ Bot prêt en tant que 293 | Catherine#8045
[2025-08-27T06:00:00.157Z] 2025-08-27 08:00:00 [CLIENT DISCORD] [32m🌅 Tâches du matin exécutées ![39m
[2025-08-27T06:00:00.186Z] 2025-08-27 08:00:00 [CLIENT DISCORD] [Cron] 🕒 Démarrage de la régénération automatique de la hiérarchie (tabs)...
[2025-08-27T06:00:00.194Z] 2025-08-27 08:00:00 [CLIENT DISCORD] [Cron] 🕒 Démarrage de la régénération automatique de la hiérarchie... (div)
[2025-08-27T06:00:00.198Z] 2025-08-27 08:00:00 [CLIENT DISCORD] 🔍 Vérification des règles...
[2025-08-27T06:00:00.216Z] 2025-08-27 08:00:00 [DEBUG] 📦 Checking version from local...
[2025-08-27T06:00:00.218Z] 2025-08-27 08:00:00 [CLIENT DISCORD] 📦 Nom : catherine
[2025-08-27T06:00:00.218Z] 2025-08-27 08:00:00 [CLIENT DISCORD] 🕒 Version locale : 2.1.2
[2025-08-27T06:00:00.219Z] 2025-08-27 08:00:00 [DEBUG] 🌐 Checking version from GitHub...
[2025-08-27T06:00:00.317Z] 2025-08-27 08:00:00 [CLIENT DISCORD] ✅ rules_1.txt inchangé, pas de mise à jour.
[2025-08-27T06:00:00.319Z] 2025-08-27 08:00:00 [CLIENT DISCORD] ✅ rules_2.txt inchangé, pas de mise à jour.
[2025-08-27T06:00:00.319Z] 2025-08-27 08:00:00 [CLIENT DISCORD] ✅ Vérification des règles terminée.
[2025-08-27T06:00:00.383Z] 2025-08-27 08:00:00 [CLIENT DISCORD] [EXPORT] access.json mis à jour avec 13 exécutif(s), 3 superviseur(s) et 2 commandement(s)
[2025-08-27T06:00:00.590Z] 2025-08-27 08:00:00 [CLIENT DISCORD] 📦 Nom GitHub : catherine
[2025-08-27T06:00:00.592Z] 2025-08-27 08:00:00 [CLIENT DISCORD] 🕒 Version distante : 2.1.2
[2025-08-27T06:00:00.593Z] [INFO] 2025-08-27 08:00:00 [ℹ️ INFO NOTIFY] ✅ Les versions sont identiques.
[2025-08-27T06:00:00.804Z] [NOTIFY] 2025-08-27 08:00:00 [🟢 SOFT NOTIFY] Message DIV supprimé
[2025-08-27T06:00:01.081Z] [NOTIFY] 2025-08-27 08:00:01 [🟢 SOFT NOTIFY] Message TABS supprimé
[2025-08-27T06:00:02.377Z] 2025-08-27 08:00:02 [CLIENT DISCORD] [✅] Hiérarchie DIV envoyée.
[2025-08-27T06:00:02.379Z] 2025-08-27 08:00:02 [CLIENT DISCORD] [Cron] 🕒 Fin de la régénération automatique de la hiérarchie.
[2025-08-27T06:00:03.019Z] 2025-08-27 08:00:03 [CLIENT DISCORD] [✅] Hiérarchie TABS envoyée.
[2025-08-27T06:00:03.043Z] 2025-08-27 08:00:03 [CLIENT DISCORD] [Cron] 🕒 Fin de la régénération automatique de la hiérarchie.
[2025-08-27T08:15:34.457Z] 2025-08-27 10:15:34 [CLIENT DISCORD] [94m[MESSAGE_SENT][39m [32mfrancois.piano[39m [0ma envoyé[0m [32my'a l'alternative de Keegan[39m [0mdans[0m [32m🪖-supervision[39m
[2025-08-27T14:00:00.168Z] 2025-08-27 16:00:00 [CLIENT DISCORD] [32m🌇 Tâches du soir exécutées ![39m
[2025-08-27T14:00:00.189Z] 2025-08-27 16:00:00 [CLIENT DISCORD] [Cron] 🕒 Démarrage de la régénération automatique de la hiérarchie (tabs)...
[2025-08-27T14:00:00.193Z] 2025-08-27 16:00:00 [CLIENT DISCORD] [Cron] 🕒 Démarrage de la régénération automatique de la hiérarchie... (div)
[2025-08-27T14:00:00.194Z] 2025-08-27 16:00:00 [CLIENT DISCORD] 🔍 Vérification des règles...
[2025-08-27T14:00:00.206Z] 2025-08-27 16:00:00 [DEBUG] 📦 Checking version from local...
[2025-08-27T14:00:00.208Z] 2025-08-27 16:00:00 [CLIENT DISCORD] 📦 Nom : catherine
[2025-08-27T14:00:00.208Z] 2025-08-27 16:00:00 [CLIENT DISCORD] 🕒 Version locale : 2.1.2
[2025-08-27T14:00:00.209Z] 2025-08-27 16:00:00 [DEBUG] 🌐 Checking version from GitHub...
[2025-08-27T14:00:00.308Z] 2025-08-27 16:00:00 [CLIENT DISCORD] ✅ rules_1.txt inchangé, pas de mise à jour.
[2025-08-27T14:00:00.311Z] 2025-08-27 16:00:00 [CLIENT DISCORD] ✅ rules_2.txt inchangé, pas de mise à jour.
[2025-08-27T14:00:00.312Z] 2025-08-27 16:00:00 [CLIENT DISCORD] ✅ Vérification des règles terminée.
[2025-08-27T14:00:00.376Z] 2025-08-27 16:00:00 [CLIENT DISCORD] [EXPORT] access.json mis à jour avec 13 exécutif(s), 3 superviseur(s) et 2 commandement(s)
[2025-08-27T14:00:00.573Z] 2025-08-27 16:00:00 [CLIENT DISCORD] 📦 Nom GitHub : catherine
[2025-08-27T14:00:00.574Z] 2025-08-27 16:00:00 [CLIENT DISCORD] 🕒 Version distante : 2.1.2
[2025-08-27T14:00:00.576Z] [INFO] 2025-08-27 16:00:00 [ℹ️ INFO NOTIFY] ✅ Les versions sont identiques.
[2025-08-27T14:00:00.723Z] [NOTIFY] 2025-08-27 16:00:00 [🟢 SOFT NOTIFY] Message DIV supprimé
[2025-08-27T14:00:01.031Z] [NOTIFY] 2025-08-27 16:00:01 [🟢 SOFT NOTIFY] Message TABS supprimé
[2025-08-27T14:00:04.859Z] 2025-08-27 16:00:04 [CLIENT DISCORD] [✅] Hiérarchie DIV envoyée.
[2025-08-27T14:00:04.862Z] 2025-08-27 16:00:04 [CLIENT DISCORD] [Cron] 🕒 Fin de la régénération automatique de la hiérarchie.
[2025-08-27T14:00:05.158Z] 2025-08-27 16:00:05 [CLIENT DISCORD] [✅] Hiérarchie TABS envoyée.
[2025-08-27T14:00:05.165Z] 2025-08-27 16:00:05 [CLIENT DISCORD] [Cron] 🕒 Fin de la régénération automatique de la hiérarchie.
