[2025-09-19T03:00:00.127Z] 2025-09-19 05:00:00 [CLIENT DISCORD] [32m🌙 Tâches de la nuit exécutées ![39m
[2025-09-19T03:00:00.153Z] 2025-09-19 05:00:00 [DEBUG] 📦 Checking version from local...
[2025-09-19T03:00:00.157Z] 2025-09-19 05:00:00 [CLIENT DISCORD] 📦 Nom : catherine
[2025-09-19T03:00:00.158Z] 2025-09-19 05:00:00 [CLIENT DISCORD] 🕒 Version locale : 2.2
[2025-09-19T03:00:00.159Z] 2025-09-19 05:00:00 [DEBUG] 🌐 Checking version from GitHub...
[2025-09-19T03:00:00.167Z] 2025-09-19 05:00:00 [WARN] [REBOOT] Attention, Catherine redémarre (checker les logs). Instruction reboot.js
[2025-09-19T03:00:08.056Z] 2025-09-19 05:00:07 [CLIENT DISCORD] Les modules [32mloggers[39m ont correctement été exportés.
[2025-09-19T03:00:08.098Z] [EVENT] 2025-09-19 05:00:08 [📅 EVENT NOTIFY] Chargé : guildBanAdd
[2025-09-19T03:00:08.099Z] [EVENT] 2025-09-19 05:00:08 [📅 EVENT NOTIFY] Chargé : guildBanRemove
[2025-09-19T03:00:08.100Z] [EVENT] 2025-09-19 05:00:08 [📅 EVENT NOTIFY] Chargé : guildMemberAdd
[2025-09-19T03:00:08.101Z] [EVENT] 2025-09-19 05:00:08 [📅 EVENT NOTIFY] Chargé : guildMemberRemove
[2025-09-19T03:00:08.104Z] 2025-09-19 05:00:08 [CLIENT DISCORD] Les modules  [32mutils.js[39m [0m ont correctement été exporté.[0m
[2025-09-19T03:00:09.114Z] 2025-09-19 05:00:09 [CLIENT DISCORD] L'interaction  [32mbuttons.js[39m [0m ont correctement été exporté.[0m
[2025-09-19T03:00:09.274Z] 2025-09-19 05:00:09 [CLIENT DISCORD] L'interaction  [32mmodals.js[39m [0m ont correctement été exporté.[0m
[2025-09-19T03:00:09.275Z] [EVENT] 2025-09-19 05:00:09 [📅 EVENT NOTIFY] Chargé : interactionCreate
[2025-09-19T03:00:09.276Z] [EVENT] 2025-09-19 05:00:09 [📅 EVENT NOTIFY] Chargé : messageCreate
[2025-09-19T03:00:09.277Z] [EVENT] 2025-09-19 05:00:09 [📅 EVENT NOTIFY] Chargé : messageDelete
[2025-09-19T03:00:09.278Z] [EVENT] 2025-09-19 05:00:09 [📅 EVENT NOTIFY] Chargé : messageUpdate
[2025-09-19T03:00:09.288Z] 2025-09-19 05:00:09 [CLIENT DISCORD] Les modules  [32mcommands.js[39m [0m ont correctement été exporté.[0m
[2025-09-19T03:00:09.298Z] [EVENT] 2025-09-19 05:00:09 [📅 EVENT NOTIFY] Chargé : ready
[2025-09-19T03:00:09.299Z] [EVENT] 2025-09-19 05:00:09 [📅 EVENT NOTIFY] Chargé : voiceStateUpdate
[2025-09-19T03:00:09.303Z] [COMMANDS] 2025-09-19 05:00:09 [📌 COMMANDS NOTIFY] Chargée : ban
[2025-09-19T03:00:09.304Z] [COMMANDS] 2025-09-19 05:00:09 [📌 COMMANDS NOTIFY] Chargée : clear
[2025-09-19T03:00:09.305Z] [COMMANDS] 2025-09-19 05:00:09 [📌 COMMANDS NOTIFY] Chargée : createreport
[2025-09-19T03:00:09.306Z] [COMMANDS] 2025-09-19 05:00:09 [📌 COMMANDS NOTIFY] Chargée : div
[2025-09-19T03:00:09.307Z] [COMMANDS] 2025-09-19 05:00:09 [📌 COMMANDS NOTIFY] Chargée : help
[2025-09-19T03:00:09.308Z] [COMMANDS] 2025-09-19 05:00:09 [📌 COMMANDS NOTIFY] Chargée : info
[2025-09-19T03:00:09.309Z] [COMMANDS] 2025-09-19 05:00:09 [📌 COMMANDS NOTIFY] Chargée : infoshift
[2025-09-19T03:00:09.310Z] [COMMANDS] 2025-09-19 05:00:09 [📌 COMMANDS NOTIFY] Chargée : kick
[2025-09-19T03:00:09.311Z] [COMMANDS] 2025-09-19 05:00:09 [📌 COMMANDS NOTIFY] Chargée : mute
[2025-09-19T03:00:09.312Z] [COMMANDS] 2025-09-19 05:00:09 [📌 COMMANDS NOTIFY] Chargée : openservice
[2025-09-19T03:00:09.313Z] [COMMANDS] 2025-09-19 05:00:09 [📌 COMMANDS NOTIFY] Chargée : pex
[2025-09-19T03:00:09.329Z] [COMMANDS] 2025-09-19 05:00:09 [📌 COMMANDS NOTIFY] Chargée : play
[2025-09-19T03:00:09.331Z] [COMMANDS] 2025-09-19 05:00:09 [📌 COMMANDS NOTIFY] Chargée : promote
[2025-09-19T03:00:09.332Z] [COMMANDS] 2025-09-19 05:00:09 [📌 COMMANDS NOTIFY] Chargée : recruit
[2025-09-19T03:00:09.334Z] [COMMANDS] 2025-09-19 05:00:09 [📌 COMMANDS NOTIFY] Chargée : rename
[2025-09-19T03:00:09.335Z] [COMMANDS] 2025-09-19 05:00:09 [📌 COMMANDS NOTIFY] Chargée : role
[2025-09-19T03:00:09.337Z] [COMMANDS] 2025-09-19 05:00:09 [📌 COMMANDS NOTIFY] Chargée : send
[2025-09-19T03:00:09.339Z] [COMMANDS] 2025-09-19 05:00:09 [📌 COMMANDS NOTIFY] Chargée : shift
[2025-09-19T03:00:09.343Z] [COMMANDS] 2025-09-19 05:00:09 [📌 COMMANDS NOTIFY] Chargée : ticket
[2025-09-19T03:00:09.346Z] [COMMANDS] 2025-09-19 05:00:09 [📌 COMMANDS NOTIFY] Chargée : userinfo
[2025-09-19T03:00:09.348Z] [COMMANDS] 2025-09-19 05:00:09 [📌 COMMANDS NOTIFY] Chargée : warn
[2025-09-19T03:00:09.353Z] 2025-09-19 05:00:09 [CLIENT DISCORD] [42m[30mChargement des informations du package.[39m[49m
[42m[30m[39m[49m [46m[PACKAGE][49m [32mAuth. : François 🌸[39m
[32m[39m [46m[PACKAGE][49m [32mDepd. : axios, chalk, cron, discord-html-transcripts, discord-player, discord.js, distube, dotenv, express, express-session, form-data, fs, googleapis, luxon, node-cron, node-fetch, ora, patch, path, pdf-lib, pdfkit, play-dl, readline, rl, uuid[39m
[32m[39m [46m[PACKAGE][49m [32mDesc. : Official Bot Catherine for 911 Community.[39m
[32m[39m [46m[PACKAGE][49m [32mLisc. : ISC[39m
[32m[39m [46m[PACKAGE][49m [32mMain. : index.js[39m
[32m[39m [46m[PACKAGE][49m [32mName. : catherine[39m
[32m[39m [46m[PACKAGE][49m [32mScrp. : {"test":"echo \"Error: no test specified\" && exit 1","start":"node server.js"}[39m
[32m[39m [46m[PACKAGE][49m [32mVers. : 2.2[39m
[32m[39m [46m[PACKAGE][49m [32mPatch Note. : **[PN - 07/06]** *Passage 2.0 with new patch (shift, tabs... new commands handler)*[39m
[32m[39m
[2025-09-19T03:00:10.232Z] 2025-09-19 05:00:10 [DEBUG] 📦 Checking version from local...
[2025-09-19T03:00:10.233Z] 2025-09-19 05:00:10 [CLIENT DISCORD] 📦 Nom : catherine
[2025-09-19T03:00:10.234Z] 2025-09-19 05:00:10 [CLIENT DISCORD] 🕒 Version locale : 2.2
[2025-09-19T03:00:10.235Z] 2025-09-19 05:00:10 [DEBUG] 🌐 Checking version from GitHub...
[2025-09-19T03:00:10.239Z] 2025-09-19 05:00:10 [ERROR] (node:391874) DeprecationWarning: The ready event has been renamed to clientReady to distinguish it from the gateway READY event and will only emit under that name in v15. Please use clientReady instead.
(Use `node --trace-deprecation ...` to show where the warning was created)
[2025-09-19T03:00:10.503Z] 2025-09-19 05:00:10 [CLIENT DISCORD] 📦 Nom GitHub : catherine
[2025-09-19T03:00:10.503Z] 2025-09-19 05:00:10 [CLIENT DISCORD] 🕒 Version distante : 2.2
[2025-09-19T03:00:10.504Z] [INFO] 2025-09-19 05:00:10 [ℹ️ INFO NOTIFY] ✅ Les versions sont identiques.
[2025-09-19T03:00:10.504Z] 2025-09-19 05:00:10 [CLIENT DISCORD] [34m==============================[39m
[2025-09-19T03:00:10.504Z] 2025-09-19 05:00:10 [CLIENT DISCORD] [32m🚀 Démarrage du bot...[39m
[2025-09-19T03:00:10.505Z] 2025-09-19 05:00:10 [CLIENT DISCORD] [33m🔗 Connexion à Discord API...[39m
[2025-09-19T03:00:10.505Z] 2025-09-19 05:00:10 [CLIENT DISCORD] [36m✅ Bot RP en ligne ! Connecté en tant que 293 | Catherine#8045[39m
[2025-09-19T03:00:10.505Z] 2025-09-19 05:00:10 [CLIENT DISCORD] [34m==============================[39m
[34m[39m
[2025-09-19T03:00:10.515Z] 2025-09-19 05:00:10 [CLIENT DISCORD] [player] Initialisation du Player terminée.
[2025-09-19T03:00:10.518Z] 2025-09-19 05:00:10 [CLIENT DISCORD] [player] Extracteurs chargés avec succès.
[2025-09-19T03:00:10.519Z] 2025-09-19 05:00:10 [CLIENT DISCORD] 📥 Serveur trouvé : Los Santos Sheriff Department
[2025-09-19T03:00:10.708Z] 2025-09-19 05:00:10 [CLIENT DISCORD] 🔍 Commandes déjà présentes : play, rules, createreport, div, role, info, pex, openservice, infoshift, recruit, help, ban, ticket, shutdown, userinfo, send, clear, kick, warn, mute, rename, shift, promote
[2025-09-19T03:00:10.709Z] 2025-09-19 05:00:10 [WARN] ⚠️ Les commandes sont déjà enregistrées. Lance avec 'debug' pour forcer l'écrasement.
[2025-09-19T03:00:10.709Z] 2025-09-19 05:00:10 [CLIENT DISCORD] 🎮 Statut et activité mis à jour.
[2025-09-19T03:00:10.709Z] 2025-09-19 05:00:10 [CLIENT DISCORD] 📌 Mode de lancement : [33mAucun[39m
[2025-09-19T03:00:10.709Z] 2025-09-19 05:00:10 [CLIENT DISCORD] ✅ Bot prêt en tant que 293 | Catherine#8045
[2025-09-19T05:58:43.119Z] 2025-09-19 07:58:43 [CLIENT DISCORD] [94m[MESSAGE_SENT][39m [32mfrancois.piano[39m [0ma envoyé[0m [32mBonsoir,[39m
[32m[39m
[32mMerci de votre message.[39m
[32m[39m
[32mLe Procureur m'enverra les mandats d'arrêts aujourd'hui.[39m
[32m[39m
[32mBonne fin de journée.[39m
[32m[39m
[32mLt. Lennon.[39m [0mdans[0m [32m🔰-cmd-speedyytb[39m
[2025-09-19T06:00:00.089Z] 2025-09-19 08:00:00 [CLIENT DISCORD] [32m🌅 Tâches du matin exécutées ![39m
[2025-09-19T06:00:00.096Z] 2025-09-19 08:00:00 [CLIENT DISCORD] [Cron] 🕒 Démarrage de la régénération automatique de la hiérarchie (tabs)...
[2025-09-19T06:00:00.102Z] 2025-09-19 08:00:00 [CLIENT DISCORD] [Cron] 🕒 Démarrage de la régénération automatique de la hiérarchie... (div)
[2025-09-19T06:00:00.106Z] 2025-09-19 08:00:00 [CLIENT DISCORD] 🔍 Vérification des règles...
[2025-09-19T06:00:00.117Z] 2025-09-19 08:00:00 [DEBUG] 📦 Checking version from local...
[2025-09-19T06:00:00.119Z] 2025-09-19 08:00:00 [CLIENT DISCORD] 📦 Nom : catherine
[2025-09-19T06:00:00.120Z] 2025-09-19 08:00:00 [CLIENT DISCORD] 🕒 Version locale : 2.2
[2025-09-19T06:00:00.121Z] 2025-09-19 08:00:00 [DEBUG] 🌐 Checking version from GitHub...
[2025-09-19T06:00:00.143Z] 2025-09-19 08:00:00 [CLIENT DISCORD] ✅ rules_1.txt inchangé, pas de mise à jour.
[2025-09-19T06:00:00.144Z] 2025-09-19 08:00:00 [CLIENT DISCORD] ✅ rules_2.txt inchangé, pas de mise à jour.
[2025-09-19T06:00:00.146Z] 2025-09-19 08:00:00 [CLIENT DISCORD] ✅ Vérification des règles terminée.
[2025-09-19T06:00:00.264Z] 2025-09-19 08:00:00 [CLIENT DISCORD] [EXPORT] access.json mis à jour avec 13 exécutif(s), 2 superviseur(s) et 3 commandement(s)
[2025-09-19T06:00:00.370Z] 2025-09-19 08:00:00 [CLIENT DISCORD] 📦 Nom GitHub : catherine
[2025-09-19T06:00:00.370Z] 2025-09-19 08:00:00 [CLIENT DISCORD] 🕒 Version distante : 2.2
[2025-09-19T06:00:00.371Z] [INFO] 2025-09-19 08:00:00 [ℹ️ INFO NOTIFY] ✅ Les versions sont identiques.
[2025-09-19T06:00:00.673Z] [NOTIFY] 2025-09-19 08:00:00 [🟢 SOFT NOTIFY] Message DIV supprimé
[2025-09-19T06:00:00.857Z] [NOTIFY] 2025-09-19 08:00:00 [🟢 SOFT NOTIFY] Message TABS supprimé
[2025-09-19T06:00:01.710Z] 2025-09-19 08:00:01 [CLIENT DISCORD] [✅] Hiérarchie DIV envoyée.
[2025-09-19T06:00:01.712Z] 2025-09-19 08:00:01 [CLIENT DISCORD] [Cron] 🕒 Fin de la régénération automatique de la hiérarchie.
[2025-09-19T06:00:02.185Z] 2025-09-19 08:00:02 [CLIENT DISCORD] [✅] Hiérarchie TABS envoyée.
[2025-09-19T06:00:02.186Z] 2025-09-19 08:00:02 [CLIENT DISCORD] [Cron] 🕒 Fin de la régénération automatique de la hiérarchie.
[2025-09-19T07:26:19.607Z] 2025-09-19 09:26:19 [CLIENT DISCORD] [94m[MESSAGE_SENT][39m [32mfrancois.piano[39m [0ma envoyé[0m [32mVous avez immobilisé le véhicule ? <@729389796270800948>[39m [0mdans[0m [32mRapport de Contravention WOODS Curtis | SLW816 | 18/09/25[39m
[2025-09-19T10:42:48.657Z] 2025-09-19 12:42:48 [CLIENT DISCORD] [94m[MESSAGE_SENT][39m [32mfrancois.piano[39m [0ma envoyé[0m [32m# <:Logo_LSCSD:1414975735164305499> Official statement from the Sandy Shore Station, Lieutenant Lennon[39m
[32m# <:Logo_LSCSD:1414975735164305499> Official notice from the Detective Division, Commander Lennon[39m
[32m> ## NOTE DE SERVICE N°5 • Avis de recherche[39m
[32m> ## *Los Santos Sheriff Department*[39m
[32m*<@&1259234502866108456>*[39m
[32m[39m
[32mBonjour,[39m
[32m[39m
[32m> Hier a eu lieu une altércation implquant **JEAN PICHON** et **CURTIS WOODS**.[39m
[32m> [39m
[32m> Ces hommes sont recherchés et considéré comme dangereux et armé.[39m
[32m> [39m
[32m> Le <@&1354881043349635193> devrait nous délivrer le mandat d'arrêt dans la journée.[39m
[32m[39m
[32m<@449432156595552257>, Ass. Chief 03, Chief Detective Division.[39m
[32m[39m
[32m-# <@449432156595552257>, Assistant Chief of Sandy Shore Station,[39m
[32m-# 🇺🇸 Lieutenant of Los Santos Sheriff Department,[39m
[32m-# <:LSSDemblem:815757431430447114>  Commander of LSSD Detective Division,[39m
[32m-# <:BCSO:1238448088520196227>  Lieutenant of Internal Investigation Affairs.[39m [0mdans[0m [32m📢-annonce[39m
[2025-09-19T10:43:09.045Z] 2025-09-19 12:43:09 [CLIENT DISCORD] [MESSAGE UPDATED] francois.piano a modifié un message dans #📢-annonce: "# <:Logo_LSCSD:1414975735164305499> Official statement from the Sandy Shore Station, Lieutenant Lennon
# <:Logo_LSCSD:1414975735164305499> Official notice from the Detective Division, Commander Lennon
> ## NOTE DE SERVICE N°5 • Avis de recherche
> ## *Los Santos Sheriff Department*
*<@&1259234502866108456>*

Bonjour,

> Hier a eu lieu une altércation implquant **JEAN PICHON** et **CURTIS WOODS**.
> 
> Ces hommes sont recherchés et considéré comme dangereux et armé.
> 
> Le <@&1354881043349635193> devrait nous délivrer le mandat d'arrêt dans la journée.

<@449432156595552257>, Ass. Chief 03, Chief Detective Division.

-# <@449432156595552257>, Assistant Chief of Sandy Shore Station,
-# 🇺🇸 Lieutenant of Los Santos Sheriff Department,
-# <:LSSDemblem:815757431430447114>  Commander of LSSD Detective Division,
-# <:BCSO:1238448088520196227>  Lieutenant of Internal Investigation Affairs." → "# <:Logo_LSCSD:1414975735164305499> Official statement from the Sandy Shore Station, Lieutenant Lennon
# <:Logo_LSCSD:1414975735164305499> Official notice from the Detective Division, Commander Lennon
> ## NOTE DE SERVICE N°5 • Avis de recherche
> ## *Los Santos Sheriff Department*
*<@&1259234502866108456>*

Bonjour,

> Hier a eu lieu une altércation implquant **JEAN PICHON** et **CURTIS WOODS**.
> 
> Ces hommes sont recherchés et considérés comme dangereux et armé.
> 
> Le <@&1354881043349635193> devrait nous délivrer le mandat d'arrêt dans la journée.

<@449432156595552257>, Ass. Chief 03, Chief Detective Division.

-# <@449432156595552257>, Assistant Chief of Sandy Shore Station,
-# 🇺🇸 Lieutenant of Los Santos Sheriff Department,
-# <:LSSDemblem:815757431430447114>  Commander of LSSD Detective Division,
-# <:BCSO:1238448088520196227>  Lieutenant of Internal Investigation Affairs."
[2025-09-19T10:43:40.188Z] 2025-09-19 12:43:40 [CLIENT DISCORD] [94m[MESSAGE_SENT][39m [32mfrancois.piano[39m [0ma envoyé[0m [32m*Aucun contenu*[39m [0mdans[0m [32mJean Pichon[39m
[2025-09-19T10:43:42.977Z] 2025-09-19 12:43:42 [CLIENT DISCORD] [94m[MESSAGE_SENT][39m [32mfrancois.piano[39m [0ma envoyé[0m [32m*Aucun contenu*[39m [0mdans[0m [32mCurtis Wood[39m
[2025-09-19T11:26:46.025Z] 2025-09-19 13:26:46 [CLIENT DISCORD] [94m[MESSAGE_SENT][39m [32mfrancois.piano[39m [0ma envoyé[0m [32mhttps://docs.google.com/document/d/1UTIuC_drEVF-Sz6CoNZzjx1_cS-9e4nJDmEKdtsWl8s/edit?usp=sharing[39m [0mdans[0m [32mPO 19/09 - WOODS PICHON[39m
[2025-09-19T11:26:52.912Z] 2025-09-19 13:26:52 [CLIENT DISCORD] [94m[MESSAGE_SENT][39m [32mfrancois.piano[39m [0ma envoyé[0m [32m<@729389796270800948> <@794334752165330964>[39m [0mdans[0m [32mPO 19/09 - WOODS PICHON[39m
[2025-09-19T11:44:04.109Z] 2025-09-19 13:44:04 [CLIENT DISCORD] [94m[MESSAGE_SENT][39m [32m66atshina.enid[39m [0ma envoyé[0m [32msalut[39m [0mdans[0m [32m💬-discussion-hrp[39m
[2025-09-19T12:07:52.726Z] 2025-09-19 14:07:52 [CLIENT DISCORD] [94m[MESSAGE_SENT][39m [32mspeedy.ytb[39m [0ma envoyé[0m [32mbonjour <@449432156595552257> ,[39m
[32m[39m
[32mje ocnstate que sur votre avis de recherche pour M pichon, vous avez noté pichon julien, neanmoins le prenom de M pichon est jean pichon,[39m
[32m[39m
[32mcordialement capitain 169 LSPD[39m [0mdans[0m [32m🔰-cmd-speedyytb[39m
[2025-09-19T12:36:13.148Z] 2025-09-19 14:36:13 [ERROR] [31mErreur lors de la récupération des logs d'audit :[39m {
  "requestBody": {},
  "rawError": {
    "message": "Invalid Form Body",
    "code": 50035,
    "errors": {
      "action_type": {
        "_errors": [
          {
            "code": "NUMBER_TYPE_COERCE",
            "message": "Value \"MESSAGE_DELETE\" is not int32."
          }
        ]
      }
    }
  },
  "code": 50035,
  "status": 400,
  "method": "GET",
  "url": "https://discord.com/api/v10/guilds/1252231195312259073/audit-logs?limit=1&action_type=MESSAGE_DELETE"
}
[2025-09-19T12:36:13.150Z] 2025-09-19 14:36:13 [CLIENT DISCORD] [94m[MESSAGE_REMOVE][39m [32mfrancois.piano[39m [0m→ supprimé par[0m [32mInconnu[39m [0mdans[0m [32mJean Pichon[39m
[2025-09-19T12:53:19.093Z] 2025-09-19 14:53:19 [CLIENT DISCORD] [94m[MESSAGE_SENT][39m [32mmathiieeuu[39m [0ma envoyé[0m [32mNon[39m [0mdans[0m [32mRapport de Contravention WOODS Curtis | SLW816 | 18/09/25[39m
[2025-09-19T13:00:27.576Z] 2025-09-19 15:00:27 [CLIENT DISCORD] [94m[MESSAGE_SENT][39m [32mfrancois.piano[39m [0ma envoyé[0m [32mvous avez indiqué une conduite sans permis ?[39m [0mdans[0m [32mRapport de Contravention WOODS Curtis | SLW816 | 18/09/25[39m
[2025-09-19T13:20:29.808Z] 2025-09-19 15:20:29 [CLIENT DISCORD] [94m[MESSAGE_SENT][39m [32mrory.p71[39m [0ma envoyé[0m [32mhttps://docs.google.com/document/d/17nNU04hJD1KcoZ3tFAQVfod8V-3O1X6so6L725Q0ATQ/edit?usp=sharing[39m [0mdans[0m [32mFusillade 18/09 - Hernandez, Di Ravello[39m
[2025-09-19T14:00:00.085Z] 2025-09-19 16:00:00 [CLIENT DISCORD] [32m🌇 Tâches du soir exécutées ![39m
[2025-09-19T14:00:00.086Z] 2025-09-19 16:00:00 [CLIENT DISCORD] [Cron] 🕒 Démarrage de la régénération automatique de la hiérarchie (tabs)...
[2025-09-19T14:00:00.088Z] 2025-09-19 16:00:00 [CLIENT DISCORD] [Cron] 🕒 Démarrage de la régénération automatique de la hiérarchie... (div)
[2025-09-19T14:00:00.088Z] 2025-09-19 16:00:00 [CLIENT DISCORD] 🔍 Vérification des règles...
[2025-09-19T14:00:00.094Z] 2025-09-19 16:00:00 [DEBUG] 📦 Checking version from local...
[2025-09-19T14:00:00.099Z] 2025-09-19 16:00:00 [CLIENT DISCORD] 📦 Nom : catherine
[2025-09-19T14:00:00.100Z] 2025-09-19 16:00:00 [CLIENT DISCORD] 🕒 Version locale : 2.2
[2025-09-19T14:00:00.100Z] 2025-09-19 16:00:00 [DEBUG] 🌐 Checking version from GitHub...
[2025-09-19T14:00:00.132Z] 2025-09-19 16:00:00 [CLIENT DISCORD] ✅ rules_1.txt inchangé, pas de mise à jour.
[2025-09-19T14:00:00.134Z] 2025-09-19 16:00:00 [CLIENT DISCORD] ✅ rules_2.txt inchangé, pas de mise à jour.
[2025-09-19T14:00:00.134Z] 2025-09-19 16:00:00 [CLIENT DISCORD] ✅ Vérification des règles terminée.
[2025-09-19T14:00:00.215Z] 2025-09-19 16:00:00 [CLIENT DISCORD] [EXPORT] access.json mis à jour avec 13 exécutif(s), 2 superviseur(s) et 3 commandement(s)
[2025-09-19T14:00:00.421Z] 2025-09-19 16:00:00 [CLIENT DISCORD] 📦 Nom GitHub : catherine
[2025-09-19T14:00:00.422Z] 2025-09-19 16:00:00 [CLIENT DISCORD] 🕒 Version distante : 2.2
[2025-09-19T14:00:00.422Z] [INFO] 2025-09-19 16:00:00 [ℹ️ INFO NOTIFY] ✅ Les versions sont identiques.
[2025-09-19T14:00:00.453Z] [NOTIFY] 2025-09-19 16:00:00 [🟢 SOFT NOTIFY] Message DIV supprimé
[2025-09-19T14:00:00.775Z] 2025-09-19 16:00:00 [CLIENT DISCORD] ✅ Données écrites dans config.json
[2025-09-19T14:00:01.031Z] [NOTIFY] 2025-09-19 16:00:01 [🟢 SOFT NOTIFY] Message TABS supprimé
[2025-09-19T14:00:01.629Z] 2025-09-19 16:00:01 [CLIENT DISCORD] [✅] Hiérarchie DIV envoyée.
[2025-09-19T14:00:01.630Z] 2025-09-19 16:00:01 [CLIENT DISCORD] [Cron] 🕒 Fin de la régénération automatique de la hiérarchie.
[2025-09-19T14:00:02.279Z] 2025-09-19 16:00:02 [CLIENT DISCORD] [✅] Hiérarchie TABS envoyée.
[2025-09-19T14:00:02.280Z] 2025-09-19 16:00:02 [CLIENT DISCORD] [Cron] 🕒 Fin de la régénération automatique de la hiérarchie.
[2025-09-19T14:00:16.173Z] 2025-09-19 16:00:16 [CLIENT DISCORD] 🔵 Interaction détectée : yes
[2025-09-19T14:00:16.174Z] 2025-09-19 16:00:16 [CLIENT DISCORD] 🟢 clientData trouvé : {
  "messageId": "1418597500167913632",
  "participants": {
    "yes": [],
    "no": [],
    "maybe": []
  }
}
[2025-09-19T14:00:16.177Z] 2025-09-19 16:00:16 [CLIENT DISCORD] 📌 ID du message enregistré : 1418597500167913632
[2025-09-19T14:00:16.178Z] 2025-09-19 16:00:16 [CLIENT DISCORD] 📌 ID du message de l'interaction : 1418597500167913632
[2025-09-19T14:00:16.179Z] 2025-09-19 16:00:16 [CLIENT DISCORD] 🟢 Avant modification des participants : {
  "yes": [],
  "no": [],
  "maybe": []
}
[2025-09-19T14:00:16.181Z] 2025-09-19 16:00:16 [CLIENT DISCORD] 🟢 Après modification des participants : {
  "yes": [
    "4893-LT | Sean Lennon"
  ],
  "no": [],
  "maybe": []
}
[2025-09-19T14:00:16.185Z] 2025-09-19 16:00:16 [CLIENT DISCORD] 🟢 Embed mis à jour : {
  "title": "Qui sera présent ce soir ?",
  "description": "Veuillez indiquer votre présence en appuyant sur un bouton ci-dessous.",
  "color": 44678,
  "fields": [
    {
      "name": "✅ Oui",
      "value": "`4893-LT | Sean Lennon`",
      "inline": true
    },
    {
      "name": "❌ Non",
      "value": "Aucun",
      "inline": true
    },
    {
      "name": "🤔 Peut-être",
      "value": "Aucun",
      "inline": true
    }
  ]
}
[2025-09-19T14:00:17.420Z] 2025-09-19 16:00:17 [CLIENT DISCORD] [BUTTON] francois.piano a exécuté l'interaction bouton yes dans 1347963262892904469
[2025-09-19T14:08:06.664Z] 2025-09-19 16:08:06 [CLIENT DISCORD] 🔵 Interaction détectée : maybe
[2025-09-19T14:08:06.666Z] 2025-09-19 16:08:06 [CLIENT DISCORD] 🟢 clientData trouvé : {
  "messageId": "1418597500167913632",
  "participants": {
    "yes": [
      "4893-LT | Sean Lennon"
    ],
    "no": [],
    "maybe": []
  }
}
[2025-09-19T14:08:06.670Z] 2025-09-19 16:08:06 [CLIENT DISCORD] 📌 ID du message enregistré : 1418597500167913632
[2025-09-19T14:08:06.671Z] 2025-09-19 16:08:06 [CLIENT DISCORD] 📌 ID du message de l'interaction : 1418597500167913632
[2025-09-19T14:08:06.672Z] 2025-09-19 16:08:06 [CLIENT DISCORD] 🟢 Avant modification des participants : {
  "yes": [
    "4893-LT | Sean Lennon"
  ],
  "no": [],
  "maybe": []
}
[2025-09-19T14:08:06.674Z] 2025-09-19 16:08:06 [CLIENT DISCORD] 🟢 Après modification des participants : {
  "yes": [
    "4893-LT | Sean Lennon"
  ],
  "no": [],
  "maybe": [
    "7271-C | Rory Crowner"
  ]
}
[2025-09-19T14:08:06.678Z] 2025-09-19 16:08:06 [CLIENT DISCORD] 🟢 Embed mis à jour : {
  "title": "Qui sera présent ce soir ?",
  "description": "Veuillez indiquer votre présence en appuyant sur un bouton ci-dessous.",
  "color": 44678,
  "fields": [
    {
      "name": "✅ Oui",
      "value": "`4893-LT | Sean Lennon`",
      "inline": true
    },
    {
      "name": "❌ Non",
      "value": "Aucun",
      "inline": true
    },
    {
      "name": "🤔 Peut-être",
      "value": "`7271-C | Rory Crowner`",
      "inline": true
    }
  ]
}
[2025-09-19T14:08:07.184Z] 2025-09-19 16:08:07 [CLIENT DISCORD] [BUTTON] rory.p71 a exécuté l'interaction bouton maybe dans 1347963262892904469
[2025-09-19T14:39:41.574Z] 2025-09-19 16:39:41 [CLIENT DISCORD] 🔵 Interaction détectée : yes
[2025-09-19T14:39:41.575Z] 2025-09-19 16:39:41 [CLIENT DISCORD] 🟢 clientData trouvé : {
  "messageId": "1418597500167913632",
  "participants": {
    "yes": [
      "4893-LT | Sean Lennon"
    ],
    "no": [],
    "maybe": [
      "7271-C | Rory Crowner"
    ]
  }
}
[2025-09-19T14:39:41.580Z] 2025-09-19 16:39:41 [CLIENT DISCORD] 📌 ID du message enregistré : 1418597500167913632
[2025-09-19T14:39:41.581Z] 2025-09-19 16:39:41 [CLIENT DISCORD] 📌 ID du message de l'interaction : 1418597500167913632
[2025-09-19T14:39:41.582Z] 2025-09-19 16:39:41 [CLIENT DISCORD] 🟢 Avant modification des participants : {
  "yes": [
    "4893-LT | Sean Lennon"
  ],
  "no": [],
  "maybe": [
    "7271-C | Rory Crowner"
  ]
}
[2025-09-19T14:39:41.586Z] 2025-09-19 16:39:41 [CLIENT DISCORD] 🟢 Après modification des participants : {
  "yes": [
    "4893-LT | Sean Lennon",
    "3862-SGT | Matthew Lewis"
  ],
  "no": [],
  "maybe": [
    "7271-C | Rory Crowner"
  ]
}
[2025-09-19T14:39:41.591Z] 2025-09-19 16:39:41 [CLIENT DISCORD] 🟢 Embed mis à jour : {
  "title": "Qui sera présent ce soir ?",
  "description": "Veuillez indiquer votre présence en appuyant sur un bouton ci-dessous.",
  "color": 44678,
  "fields": [
    {
      "name": "✅ Oui",
      "value": "`4893-LT | Sean Lennon`, `3862-SGT | Matthew Lewis`",
      "inline": true
    },
    {
      "name": "❌ Non",
      "value": "Aucun",
      "inline": true
    },
    {
      "name": "🤔 Peut-être",
      "value": "`7271-C | Rory Crowner`",
      "inline": true
    }
  ]
}
[2025-09-19T14:39:42.328Z] 2025-09-19 16:39:42 [CLIENT DISCORD] [BUTTON] mathiieeuu a exécuté l'interaction bouton yes dans 1347963262892904469
[2025-09-19T14:53:30.723Z] 2025-09-19 16:53:30 [CLIENT DISCORD] 🔵 Interaction détectée : no
[2025-09-19T14:53:30.725Z] 2025-09-19 16:53:30 [CLIENT DISCORD] 🟢 clientData trouvé : {
  "messageId": "1418597500167913632",
  "participants": {
    "yes": [
      "4893-LT | Sean Lennon",
      "3862-SGT | Matthew Lewis"
    ],
    "no": [],
    "maybe": [
      "7271-C | Rory Crowner"
    ]
  }
}
[2025-09-19T14:53:30.731Z] 2025-09-19 16:53:30 [CLIENT DISCORD] 📌 ID du message enregistré : 1418597500167913632
[2025-09-19T14:53:30.732Z] 2025-09-19 16:53:30 [CLIENT DISCORD] 📌 ID du message de l'interaction : 1418597500167913632
[2025-09-19T14:53:30.734Z] 2025-09-19 16:53:30 [CLIENT DISCORD] 🟢 Avant modification des participants : {
  "yes": [
    "4893-LT | Sean Lennon",
    "3862-SGT | Matthew Lewis"
  ],
  "no": [],
  "maybe": [
    "7271-C | Rory Crowner"
  ]
}
[2025-09-19T14:53:30.738Z] 2025-09-19 16:53:30 [CLIENT DISCORD] 🟢 Après modification des participants : {
  "yes": [
    "4893-LT | Sean Lennon",
    "3862-SGT | Matthew Lewis"
  ],
  "no": [
    "7271-C | Rory Crowner"
  ],
  "maybe": []
}
[2025-09-19T14:53:30.742Z] 2025-09-19 16:53:30 [CLIENT DISCORD] 🟢 Embed mis à jour : {
  "title": "Qui sera présent ce soir ?",
  "description": "Veuillez indiquer votre présence en appuyant sur un bouton ci-dessous.",
  "color": 44678,
  "fields": [
    {
      "name": "✅ Oui",
      "value": "`4893-LT | Sean Lennon`, `3862-SGT | Matthew Lewis`",
      "inline": true
    },
    {
      "name": "❌ Non",
      "value": "`7271-C | Rory Crowner`",
      "inline": true
    },
    {
      "name": "🤔 Peut-être",
      "value": "Aucun",
      "inline": true
    }
  ]
}
[2025-09-19T14:53:31.182Z] 2025-09-19 16:53:31 [CLIENT DISCORD] [BUTTON] rory.p71 a exécuté l'interaction bouton no dans 1347963262892904469
[2025-09-19T14:54:05.580Z] 2025-09-19 16:54:05 [CLIENT DISCORD] [94m[MESSAGE_SENT][39m [32mrory.p71[39m [0ma envoyé[0m [32mJe pourrais pas être là ce soir j'ai un repas de famille : /[39m [0mdans[0m [32m🪖-supervision[39m
[2025-09-19T14:54:59.933Z] 2025-09-19 16:54:59 [CLIENT DISCORD] [94m[MESSAGE_SENT][39m [32mfrancois.piano[39m [0ma envoyé[0m [32mtqt[39m [0mdans[0m [32m🪖-supervision[39m
[2025-09-19T14:55:55.646Z] 2025-09-19 16:55:55 [CLIENT DISCORD] [94m[MESSAGE_SENT][39m [32mfrancois.piano[39m [0ma envoyé[0m [32mHello![39m [0mdans[0m [32m💬-discussion-hrp[39m
[2025-09-19T14:56:54.344Z] 2025-09-19 16:56:54 [CLIENT DISCORD] [94m[MESSAGE_SENT][39m [32mfrancois.piano[39m [0ma envoyé[0m [32mD'ailleurs, mettez bien à jour vos pseudos Discord avec les matricules svp, NdS n°1[39m [0mdans[0m [32m💬-discussion-hrp[39m
[2025-09-19T14:57:32.070Z] 2025-09-19 16:57:32 [CLIENT DISCORD] 🔵 Interaction détectée : no
[2025-09-19T14:57:32.070Z] 2025-09-19 16:57:32 [CLIENT DISCORD] 🟢 clientData trouvé : {
  "messageId": "1418597500167913632",
  "participants": {
    "yes": [
      "4893-LT | Sean Lennon",
      "3862-SGT | Matthew Lewis"
    ],
    "no": [
      "7271-C | Rory Crowner"
    ],
    "maybe": []
  }
}
[2025-09-19T14:57:32.071Z] 2025-09-19 16:57:32 [CLIENT DISCORD] 📌 ID du message enregistré : 1418597500167913632
[2025-09-19T14:57:32.071Z] 2025-09-19 16:57:32 [CLIENT DISCORD] 📌 ID du message de l'interaction : 1417510336701005986
[2025-09-19T14:57:32.071Z] 2025-09-19 16:57:32 [CLIENT DISCORD] 🔴 Le message de l'interaction ne correspond pas !
[2025-09-19T14:57:32.072Z] 2025-09-19 16:57:32 [CLIENT DISCORD] [BUTTON] francois.piano a exécuté l'interaction bouton no dans 1347963262892904469
[2025-09-19T15:18:07.642Z] 2025-09-19 17:18:07 [CLIENT DISCORD] [94m[MESSAGE_SENT][39m [32mmathiieeuu[39m [0ma envoyé[0m [32mahh si si j'avais pas capté[39m [0mdans[0m [32mRapport de Contravention WOODS Curtis | SLW816 | 18/09/25[39m
[2025-09-19T15:36:38.251Z] 2025-09-19 17:36:38 [CLIENT DISCORD] [94m[MESSAGE_SENT][39m [32mfrancois.piano[39m [0ma envoyé[0m [32md'accord 😅 allez sur le PARS et remplissez le SAHP 580[39m [0mdans[0m [32mRapport de Contravention WOODS Curtis | SLW816 | 18/09/25[39m
[2025-09-19T17:05:56.982Z] 2025-09-19 19:05:56 [CLIENT DISCORD] [94m[MESSAGE_SENT][39m [32mfrancois.piano[39m [0ma envoyé[0m [32mErratum du JEAN PICHON[39m [0mdans[0m [32m📢-annonce[39m
[2025-09-19T17:06:03.782Z] 2025-09-19 19:06:03 [CLIENT DISCORD] [94m[MESSAGE_SENT][39m [32mfrancois.piano[39m [0ma envoyé[0m [32m*Aucun contenu*[39m [0mdans[0m [32mJean Pichon[39m
[2025-09-19T18:15:42.217Z] 2025-09-19 20:15:42 [CLIENT DISCORD] [94m[MESSAGE_SENT][39m [32mfrancois.piano[39m [0ma envoyé[0m [32m# <:Logo_LSCSD:1414975735164305499> Official statement from the Sandy Shore Station, Lieutenant Lennon[39m
[32m> ## NOTE DE SERVICE N°6 • Rapport SAHP[39m
[32m> ## *Los Santos Sheriff Department*[39m
[32m*<@&1259234502866108456>*[39m
[32m[39m
[32mBonjour,[39m
[32m[39m
[32m> Sur le PARS, dans la section (Introduction *Lien Utile*)[https://docs.google.com/document/d/1Zxyx0Vo6oOOpu-nJ8xz0K1qLOuFp_hR6dT7WlTRcHzY/edit?tab=t.0], vous trouverez deux nouveaux rapports "formulaire" à remplir.[39m
[32m[39m
[32m> Vous trouverez les circonstances pour chaque rapport dans le PARS (en recherchant "SAHP" sur le document).[39m
[32m[39m
[32m[39m
[32mJe vous remercie de votre compréhension.[39m
[32m[39m
[32mNB : J'en profite pour vous demandez la mise à jour de vos matricules.[39m
[32m[39m
[32m<@449432156595552257>, Ass. Chief 03, Chief Detective Division.[39m
[32m[39m
[32m-# <@449432156595552257>, Assistant Chief of Sandy Shore Station,[39m
[32m-# 🇺🇸 Lieutenant of Los Santos Sheriff Department,[39m
[32m-# <:LSSDemblem:815757431430447114>  Commander of LSSD Detective Division,[39m
[32m-# <:BCSO:1238448088520196227>  Lieutenant of Internal Investigation Affairs.[39m [0mdans[0m [32m📢-annonce[39m
[2025-09-19T18:24:36.102Z] 2025-09-19 20:24:36 [CLIENT DISCORD] [94m[MESSAGE_SENT][39m [32mfrancois.piano[39m [0ma envoyé[0m [32m# <:Logo_LSCSD:1414975735164305499>  RAPPEL SUR LES RAPORTS D'INTERVENTION <:Logo_LSCSD:1414975735164305499> [39m
[32m[39m
[32m> Vous êtes tous, quelque soit le grade, prié de compléter un rapport après **chaque** intervention. [39m
[32m[39m
[32m### 📚 Rapport de contravention[39m
[32m> Retrouvez ci joint un formulaire de contravention à remplir après chaque contrôle routier ayant abouti sur une contravention.[39m
[32m> Vous cliquerez sur **New Post**, metterez en titre le **NOM PRENOM PLAQUE** de la personne concerné par la contravention puis enverrez une capture d'écran de votre documents. Ingame, vous metterez ensuite dans le CAD une nouvelle annotation dans le fichier de la personne avec l'immatriculation du véhicule conduit lors de l'interpellation. Vous pouvez également mettre une nouvelle annotation dans le fichier du véhicule conduit.[39m
[32m[39m
[32m### 📜 Rapport d'Intervention[39m
[32m> Après chaque intervention impliquant un suivi judificiaire, un meurtre, un plainte ou une bavure doit être suivie d'un Rapport d'Intervention. Vous écrirez à la main l'intégralité d...[39m [0mdans[0m [32m📜 Rappel sur les raports[39m
[2025-09-19T18:24:48.516Z] 2025-09-19 20:24:48 [CLIENT DISCORD] [94m[MESSAGE_SENT][39m [32mfrancois.piano[39m [0ma envoyé[0m [32mCi joint un exemple de comment remplir le **Google Docs** ci dessus. **__*Ne pas modifier le reste.*__**[39m [0mdans[0m [32m📜 Rappel sur les raports[39m
[2025-09-19T18:25:20.786Z] 2025-09-19 20:25:20 [CLIENT DISCORD] [94m[MESSAGE_SENT][39m [32mfrancois.piano[39m [0ma envoyé[0m [32m```diff[39m
[32m+ Mise à jour de #rappel-sur-les-rapports. Merci de lire dans l'onglet Rapport.[39m
[32m```[39m [0mdans[0m [32m📢-annonce[39m
[2025-09-19T18:27:11.569Z] 2025-09-19 20:27:11 [CLIENT DISCORD] [MESSAGE UPDATED] francois.piano a modifié un message dans #📜 Rappel sur les raports: "# <:Logo_LSCSD:1414975735164305499>  RAPPEL SUR LES RAPORTS D'INTERVENTION <:Logo_LSCSD:1414975735164305499> 

> Vous êtes tous, quelque soit le grade, prié de compléter un rapport après **chaque** intervention. 

### 📚 Rapport de contravention
> Retrouvez ci joint un formulaire de contravention à remplir après chaque contrôle routier ayant abouti sur une contravention.
> Vous cliquerez sur **New Post**, metterez en titre le **NOM PRENOM PLAQUE** de la personne concerné par la contravention puis enverrez une capture d'écran de votre documents. Ingame, vous metterez ensuite dans le CAD une nouvelle annotation dans le fichier de la personne avec l'immatriculation du véhicule conduit lors de l'interpellation. Vous pouvez également mettre une nouvelle annotation dans le fichier du véhicule conduit.

### 📜 Rapport d'Intervention
> Après chaque intervention impliquant un suivi judificiaire, un meurtre, un plainte ou une bavure doit être suivie d'un Rapport d'Intervention. Vous écrirez à la main l'intégralité d..." → "# <:Logo_LSCSD:1414975735164305499>  RAPPEL SUR LES RAPORTS D'INTERVENTION <:Logo_LSCSD:1414975735164305499> 

> Vous êtes tous, quelque soit le grade, prié de compléter un rapport après **chaque** intervention. 

### 📚 Rapport de contravention
> Retrouvez ci joint un formulaire de contravention à remplir après chaque contrôle routier ayant abouti sur une contravention.
> Vous cliquerez sur **New Post**, metterez en titre le **NOM PRENOM PLAQUE** de la personne concerné par la contravention puis enverrez une capture d'écran de votre documents. Ingame, vous metterez ensuite dans le CAD une nouvelle annotation dans le fichier de la personne avec l'immatriculation du véhicule conduit lors de l'interpellation. Vous pouvez également mettre une nouvelle annotation dans le fichier du véhicule conduit.

### 📜 Rapport d'Intervention
> Après chaque intervention impliquant un suivi judificiaire, un meurtre, un plainte ou une bavure doit être suivie d'un Rapport d'Intervention. Vous écrirez à la main l'intégralité d..."
[2025-09-19T18:27:27.325Z] 2025-09-19 20:27:27 [CLIENT DISCORD] [MESSAGE UPDATED] francois.piano a modifié un message dans #📜 Rappel sur les raports: "# <:Logo_LSCSD:1414975735164305499>  RAPPEL SUR LES RAPORTS D'INTERVENTION <:Logo_LSCSD:1414975735164305499> 

> Vous êtes tous, quelque soit le grade, prié de compléter un rapport après **chaque** intervention. 

### 📚 Rapport de contravention
> Retrouvez ci joint un formulaire de contravention à remplir après chaque contrôle routier ayant abouti sur une contravention.
> Vous cliquerez sur **New Post**, metterez en titre le **NOM PRENOM PLAQUE** de la personne concerné par la contravention puis enverrez une capture d'écran de votre documents. Ingame, vous metterez ensuite dans le CAD une nouvelle annotation dans le fichier de la personne avec l'immatriculation du véhicule conduit lors de l'interpellation. Vous pouvez également mettre une nouvelle annotation dans le fichier du véhicule conduit.

### 📜 Rapport d'Intervention
> Après chaque intervention impliquant un suivi judificiaire, un meurtre, un plainte ou une bavure doit être suivie d'un Rapport d'Intervention. Vous écrirez à la main l'intégralité d..." → "# <:Logo_LSCSD:1414975735164305499>  RAPPEL SUR LES RAPORTS D'INTERVENTION <:Logo_LSCSD:1414975735164305499> 

> Vous êtes tous, quelque soit le grade, prié de compléter un rapport après **chaque** intervention. 

### 📚 Rapport de contravention
> Retrouvez ci joint un formulaire de contravention à remplir après chaque contrôle routier ayant abouti sur une contravention.
> Vous cliquerez sur **New Post**, metterez en titre le **NOM PRENOM PLAQUE** de la personne concerné par la contravention puis enverrez une capture d'écran de votre documents. Ingame, vous metterez ensuite dans le CAD une nouvelle annotation dans le fichier de la personne avec l'immatriculation du véhicule conduit lors de l'interpellation. Vous pouvez également mettre une nouvelle annotation dans le fichier du véhicule conduit.

### 📜 Rapport d'Intervention
> Après chaque intervention impliquant un suivi judificiaire, un meurtre, un plainte ou une bavure doit être suivie d'un Rapport d'Intervention. Vous écrirez à la main l'intégralité d..."
[2025-09-19T18:27:52.142Z] 2025-09-19 20:27:52 [CLIENT DISCORD] [MESSAGE UPDATED] francois.piano a modifié un message dans #📢-annonce: "# <:Logo_LSCSD:1414975735164305499> Official statement from the Sandy Shore Station, Lieutenant Lennon
> ## NOTE DE SERVICE N°6 • Rapport SAHP
> ## *Los Santos Sheriff Department*
*<@&1259234502866108456>*

Bonjour,

> Sur le PARS, dans la section (Introduction *Lien Utile*)[https://docs.google.com/document/d/1Zxyx0Vo6oOOpu-nJ8xz0K1qLOuFp_hR6dT7WlTRcHzY/edit?tab=t.0], vous trouverez deux nouveaux rapports "formulaire" à remplir.

> Vous trouverez les circonstances pour chaque rapport dans le PARS (en recherchant "SAHP" sur le document).


Je vous remercie de votre compréhension.

NB : J'en profite pour vous demandez la mise à jour de vos matricules.

<@449432156595552257>, Ass. Chief 03, Chief Detective Division.

-# <@449432156595552257>, Assistant Chief of Sandy Shore Station,
-# 🇺🇸 Lieutenant of Los Santos Sheriff Department,
-# <:LSSDemblem:815757431430447114>  Commander of LSSD Detective Division,
-# <:BCSO:1238448088520196227>  Lieutenant of Internal Investigation Affairs." → "# <:Logo_LSCSD:1414975735164305499> Official statement from the Sandy Shore Station, Lieutenant Lennon
> ## NOTE DE SERVICE N°6 • Rapport SAHP
> ## *Los Santos Sheriff Department*
*<@&1259234502866108456>*

Bonjour,

> Sur le PARS, dans la section [Introduction *Lien Utile*](https://docs.google.com/document/d/1Zxyx0Vo6oOOpu-nJ8xz0K1qLOuFp_hR6dT7WlTRcHzY/edit?tab=t.0), vous trouverez deux nouveaux rapports "formulaire" à remplir.

> Vous trouverez les circonstances pour chaque rapport dans le PARS (en recherchant "SAHP" sur le document).


Je vous remercie de votre compréhension.

NB : J'en profite pour vous demandez la mise à jour de vos matricules.

<@449432156595552257>, Ass. Chief 03, Chief Detective Division.

-# <@449432156595552257>, Assistant Chief of Sandy Shore Station,
-# 🇺🇸 Lieutenant of Los Santos Sheriff Department,
-# <:LSSDemblem:815757431430447114>  Commander of LSSD Detective Division,
-# <:BCSO:1238448088520196227>  Lieutenant of Internal Investigation Affairs."
[2025-09-19T18:31:36.193Z] 2025-09-19 20:31:36 [CLIENT DISCORD] [94m[MESSAGE_SENT][39m [32mfrancois.piano[39m [0ma envoyé[0m [32m# <:Logo_LSCSD:1414975735164305499> RAPPORT DE CONTRAVENTION <:Logo_LSCSD:1414975735164305499> [39m
[32m[39m
[32mIls sont tous disponibles sur le [**P.A.R.S.**](https://docs.google.com/document/d/1Zxyx0Vo6oOOpu-nJ8xz0K1qLOuFp_hR6dT7WlTRcHzY/edit?tab=t.0) dans le volume **Introduction**, chapitre III **Lien Utile**.[39m
[32m[39m
[32mVous enverrez ici les rapports de [**Contravention**](https://docs.google.com/document/d/1UsEwQT8GJQYev4armk4S6LGEfXymeV2gnOAZpzknYWE/edit?tab=t.0), [**SAHP-180**](https://docs.google.com/document/d/1Dpv7PcyDgqKb0bpr_M5zyPFc5wFosfbAYILt6OdbQ6Q/edit?tab=t.0) et [**SAHP-555**](https://docs.google.com/document/d/1F7JZ_DiKax5uYg7aySOzBWvrKYQ03TThm-0my0xxn5Y/edit?tab=t.0)[39m
[32m[39m
[32mVous créerez un poste comportant le nom et prénom du citoyens, la plaque d'immatriculation et la date.[39m [0mdans[0m [32m📜 Exemple[39m
[2025-09-19T18:32:17.955Z] 2025-09-19 20:32:17 [CLIENT DISCORD] [MESSAGE UPDATED] francois.piano a modifié un message dans #📜 Rappel sur les raports: "# <:Logo_LSCSD:1414975735164305499>  RAPPEL SUR LES RAPORTS D'INTERVENTION <:Logo_LSCSD:1414975735164305499> 

> Vous êtes tous, quelque soit le grade, prié de compléter un rapport après **chaque** intervention. 

### 📚 Rapport de contravention
> Retrouvez ci joint un formulaire de contravention à remplir après chaque contrôle routier ayant abouti sur une contravention.
> Vous cliquerez sur **New Post**, metterez en titre le **NOM PRENOM PLAQUE** de la personne concerné par la contravention puis enverrez une capture d'écran de votre documents. Ingame, vous metterez ensuite dans le CAD une nouvelle annotation dans le fichier de la personne avec l'immatriculation du véhicule conduit lors de l'interpellation. Vous pouvez également mettre une nouvelle annotation dans le fichier du véhicule conduit.

### 📜 Rapport d'Intervention
> Après chaque intervention impliquant un suivi judificiaire, un meurtre, un plainte ou une bavure doit être suivie d'un Rapport d'Intervention. Vous écrirez à la main l'intégralité d..." → "# <:Logo_LSCSD:1414975735164305499>  RAPPEL SUR LES RAPORTS D'INTERVENTION <:Logo_LSCSD:1414975735164305499> 

> Vous êtes tous, quelque soit le grade, prié de compléter un rapport après **chaque** intervention. 

### 📚 Rapport de contravention
> Retrouvez ci joint un formulaire de contravention à remplir après chaque contrôle routier ayant abouti sur une contravention.
> Vous cliquerez sur **New Post**, metterez en titre le **NOM PRENOM PLAQUE** de la personne concerné par la contravention puis enverrez une capture d'écran de votre documents. Ingame, vous metterez ensuite dans le CAD une nouvelle annotation dans le fichier de la personne avec l'immatriculation du véhicule conduit lors de l'interpellation. Vous pouvez également mettre une nouvelle annotation dans le fichier du véhicule conduit.

### 📜 Rapport d'Intervention
> Après chaque intervention impliquant un suivi judificiaire, un meurtre, un plainte ou une bavure doit être suivie d'un Rapport d'Intervention. Vous écrirez à la main l'intégralité d..."
[2025-09-19T18:32:40.365Z] 2025-09-19 20:32:40 [CLIENT DISCORD] [MESSAGE UPDATED] francois.piano a modifié un message dans #📜 Rappel sur les raports: "# <:Logo_LSCSD:1414975735164305499>  RAPPEL SUR LES RAPORTS D'INTERVENTION <:Logo_LSCSD:1414975735164305499> 

> Vous êtes tous, quelque soit le grade, prié de compléter un rapport après **chaque** intervention. 

### 📚 Rapport de contravention
> Retrouvez ci joint un formulaire de contravention à remplir après chaque contrôle routier ayant abouti sur une contravention.
> Vous cliquerez sur **New Post**, metterez en titre le **NOM PRENOM PLAQUE** de la personne concerné par la contravention puis enverrez une capture d'écran de votre documents. Ingame, vous metterez ensuite dans le CAD une nouvelle annotation dans le fichier de la personne avec l'immatriculation du véhicule conduit lors de l'interpellation. Vous pouvez également mettre une nouvelle annotation dans le fichier du véhicule conduit.

### 📜 Rapport d'Intervention
> Après chaque intervention impliquant un suivi judificiaire, un meurtre, un plainte ou une bavure doit être suivie d'un Rapport d'Intervention. Vous écrirez à la main l'intégralité d..." → "# <:Logo_LSCSD:1414975735164305499>  RAPPEL SUR LES RAPORTS D'INTERVENTION <:Logo_LSCSD:1414975735164305499> 

> Vous êtes tous, quelque soit le grade, prié de compléter un rapport après **chaque** intervention. 

### 📚 Rapport de contravention (à envoyer dans <#1370563389650374788>)
> Retrouvez ci joint un formulaire de contravention à remplir après chaque contrôle routier ayant abouti sur une contravention.
> Vous cliquerez sur **New Post**, metterez en titre le **NOM PRENOM PLAQUE** de la personne concerné par la contravention puis enverrez une capture d'écran de votre documents. Ingame, vous metterez ensuite dans le CAD une nouvelle annotation dans le fichier de la personne avec l'immatriculation du véhicule conduit lors de l'interpellation. Vous pouvez également mettre une nouvelle annotation dans le fichier du véhicule conduit.

### 📜 Rapport d'Intervention (à envoyer ici)
> Après chaque intervention impliquant un suivi judificiaire, un meurtre, un plainte ou une bavure doit être suivie d'un Rappor..."
[2025-09-19T18:33:04.688Z] 2025-09-19 20:33:04 [CLIENT DISCORD] [94m[COMMAND][39m [32mfrancois.piano[39m [0ma exécuté la commande[0m [32mshift[39m [0mdans[0m [32m📠-radio[39m
[2025-09-19T18:33:04.690Z] 2025-09-19 20:33:04 [CLIENT DISCORD] [42m✅ Utilisateur 449432156595552257 bypass les permissions.[49m
[2025-09-19T18:33:05.991Z] 2025-09-19 20:33:05 [ERROR] (node:391874) Warning: Supplying "ephemeral" for interaction response options is deprecated. Utilize flags instead.
[2025-09-19T18:57:22.778Z] 2025-09-19 20:57:22 [CLIENT DISCORD] 🔵 Interaction détectée : no
[2025-09-19T18:57:22.779Z] 2025-09-19 20:57:22 [CLIENT DISCORD] 🟢 clientData trouvé : {
  "messageId": "1418597500167913632",
  "participants": {
    "yes": [
      "4893-LT | Sean Lennon",
      "3862-SGT | Matthew Lewis"
    ],
    "no": [
      "7271-C | Rory Crowner"
    ],
    "maybe": []
  }
}
[2025-09-19T18:57:22.780Z] 2025-09-19 20:57:22 [CLIENT DISCORD] 📌 ID du message enregistré : 1418597500167913632
[2025-09-19T18:57:22.781Z] 2025-09-19 20:57:22 [CLIENT DISCORD] 📌 ID du message de l'interaction : 1418597500167913632
[2025-09-19T18:57:22.781Z] 2025-09-19 20:57:22 [CLIENT DISCORD] 🟢 Avant modification des participants : {
  "yes": [
    "4893-LT | Sean Lennon",
    "3862-SGT | Matthew Lewis"
  ],
  "no": [
    "7271-C | Rory Crowner"
  ],
  "maybe": []
}
[2025-09-19T18:57:22.781Z] 2025-09-19 20:57:22 [CLIENT DISCORD] 🟢 Après modification des participants : {
  "yes": [
    "4893-LT | Sean Lennon",
    "3862-SGT | Matthew Lewis"
  ],
  "no": [
    "7271-C | Rory Crowner",
    "1228-FTO | Pablo Mendes"
  ],
  "maybe": []
}
[2025-09-19T18:57:22.783Z] 2025-09-19 20:57:22 [CLIENT DISCORD] 🟢 Embed mis à jour : {
  "title": "Qui sera présent ce soir ?",
  "description": "Veuillez indiquer votre présence en appuyant sur un bouton ci-dessous.",
  "color": 44678,
  "fields": [
    {
      "name": "✅ Oui",
      "value": "`4893-LT | Sean Lennon`, `3862-SGT | Matthew Lewis`",
      "inline": true
    },
    {
      "name": "❌ Non",
      "value": "`7271-C | Rory Crowner`, `1228-FTO | Pablo Mendes`",
      "inline": true
    },
    {
      "name": "🤔 Peut-être",
      "value": "Aucun",
      "inline": true
    }
  ]
}
[2025-09-19T18:57:23.194Z] 2025-09-19 20:57:23 [CLIENT DISCORD] [BUTTON] natael_mds a exécuté l'interaction bouton no dans 1347963262892904469
[2025-09-19T19:13:15.660Z] 2025-09-19 21:13:15 [CLIENT DISCORD] 🔵 Interaction détectée : no
[2025-09-19T19:13:15.660Z] 2025-09-19 21:13:15 [CLIENT DISCORD] 🟢 clientData trouvé : {
  "messageId": "1418597500167913632",
  "participants": {
    "yes": [
      "4893-LT | Sean Lennon",
      "3862-SGT | Matthew Lewis"
    ],
    "no": [
      "7271-C | Rory Crowner",
      "1228-FTO | Pablo Mendes"
    ],
    "maybe": []
  }
}
[2025-09-19T19:13:15.661Z] 2025-09-19 21:13:15 [CLIENT DISCORD] 📌 ID du message enregistré : 1418597500167913632
[2025-09-19T19:13:15.661Z] 2025-09-19 21:13:15 [CLIENT DISCORD] 📌 ID du message de l'interaction : 1418597500167913632
[2025-09-19T19:13:15.661Z] 2025-09-19 21:13:15 [CLIENT DISCORD] 🟢 Avant modification des participants : {
  "yes": [
    "4893-LT | Sean Lennon",
    "3862-SGT | Matthew Lewis"
  ],
  "no": [
    "7271-C | Rory Crowner",
    "1228-FTO | Pablo Mendes"
  ],
  "maybe": []
}
[2025-09-19T19:13:15.662Z] 2025-09-19 21:13:15 [CLIENT DISCORD] 🟢 Après modification des participants : {
  "yes": [
    "3862-SGT | Matthew Lewis"
  ],
  "no": [
    "7271-C | Rory Crowner",
    "1228-FTO | Pablo Mendes",
    "4893-LT | Sean Lennon"
  ],
  "maybe": []
}
[2025-09-19T19:13:15.662Z] 2025-09-19 21:13:15 [CLIENT DISCORD] 🟢 Embed mis à jour : {
  "title": "Qui sera présent ce soir ?",
  "description": "Veuillez indiquer votre présence en appuyant sur un bouton ci-dessous.",
  "color": 44678,
  "fields": [
    {
      "name": "✅ Oui",
      "value": "`3862-SGT | Matthew Lewis`",
      "inline": true
    },
    {
      "name": "❌ Non",
      "value": "`7271-C | Rory Crowner`, `1228-FTO | Pablo Mendes`, `4893-LT | Sean Lennon`",
      "inline": true
    },
    {
      "name": "🤔 Peut-être",
      "value": "Aucun",
      "inline": true
    }
  ]
}
[2025-09-19T19:13:16.094Z] 2025-09-19 21:13:16 [CLIENT DISCORD] [BUTTON] francois.piano a exécuté l'interaction bouton no dans 1347963262892904469
[2025-09-19T19:26:51.534Z] 2025-09-19 21:26:51 [CLIENT DISCORD] [94m[MESSAGE_SENT][39m [32mkeegan_rp[39m [0ma envoyé[0m [32mHello, [39m
[32m[39m
[32m<@&1389020184211226625> [39m
[32m[39m
[32mJe vous annonce mon départ du staff et probablement du serveur. J'y réfléchis encore. [39m
[32m[39m
[32mY'a des choses que je ne tolère pas dont le fameux "Je suis fondateur, je fais ce que je veux". [39m
[32m[39m
[32mComment montrer l'exemple à des joueurs quand les admins du serveur font ce qu'ils veulent ? [39m
[32mC'est tout simplement inadmissible. [39m
[32m[39m
[32mLe nombre de staff qui n'abuse pas de leur perm se compte sur une seule et unique main. ✋ [39m
[32m[39m
[32mC'est dommage d'en arriver là mais pour certains d'entre vous, vous dites "amen" à bcp de choses et quand ces choses se retournent contre vous en RP, faut tout de suite tout changer pour vous avantager. [39m
[32m[39m
[32mJe n'ai pas envie de débattre plus longtemps que ça. Je pensais que mon debrief avec Titanium le soir de la réunion changerait quelque chose mais **rien** n'a changé. [39m
[32m[39m
[32mC'est une décision peut-être à chaud, je l'admets, mais je pense qu'au fond de moi, elle est réfléchie. [39m
[32m[39m
[32mÇa vous fera un gars en moins dans le légal, qui se bat pour une cohérence réaliste d'un vrai se...[39m [0mdans[0m [32m💬-discussion-hrp[39m
[2025-09-19T20:16:50.680Z] 2025-09-19 22:16:50 [CLIENT DISCORD] [94m[MESSAGE_SENT][39m [32mkeegan_rp[39m [0ma envoyé[0m [32mJe suis franchement désolé de vous avoir embarqué là-dedans. [39m
[32mÀ un moment, ils m'écoutaient et je pensais avoir réussi à leur inculquer le RP réaliste et immersif dans la tête, vu que c'était leur objectif initial. [39m
[32m[39m
[32mEt pourtant, toutes les règles et le cadrage RP légal ont été validé, donc pour moi, c'était clair comme de l'eau...[39m
[32m[39m
[32mForce est de constater que le RP réaliste ne doit aller que dans un seul sens et j'en suis sincèrement désolé. [39m
[32m[39m
[32mVous avez le droit de me jeter des pierres, je l'accepte.[39m [0mdans[0m [32m💬-discussion-hrp[39m
[2025-09-19T20:17:55.632Z] 2025-09-19 22:17:55 [CLIENT DISCORD] [94m[MESSAGE_SENT][39m [32mkeegan_rp[39m [0ma envoyé[0m [32mEt pourtant, le deal initial, c'était ça (ce qu'ils ont validé et mis sur leur site d'ailleurs) :[39m
[32m[39m
[32mhttps://docs.google.com/document/d/1QpWrzx7tHp2qLsDSSCsKuVwh8K4_Nxgcceefr7xbraE/edit?usp=drivesdk[39m [0mdans[0m [32m💬-discussion-hrp[39m
[2025-09-19T20:19:06.943Z] 2025-09-19 22:19:06 [CLIENT DISCORD] [94m[MESSAGE_SENT][39m [32mkeegan_rp[39m [0ma envoyé[0m [32m<@794334752165330964> <@449432156595552257>[39m [0mdans[0m [32m💬-discussion-hrp[39m
[2025-09-19T20:36:53.479Z] 2025-09-19 22:36:53 [CLIENT DISCORD] [94m[MESSAGE_SENT][39m [32mrory.p71[39m [0ma envoyé[0m [32mJe comprends pas de soucis[39m [0mdans[0m [32m💬-discussion-hrp[39m
[2025-09-19T20:53:24.717Z] 2025-09-19 22:53:24 [CLIENT DISCORD] [94m[MESSAGE_SENT][39m [32mfrancois.piano[39m [0ma envoyé[0m [32mputain quand c'est pas les gugus de membre qui font de la merde c'est les staffs quoi[39m [0mdans[0m [32m💬-discussion-hrp[39m
[2025-09-19T20:53:33.520Z] 2025-09-19 22:53:33 [CLIENT DISCORD] [94m[MESSAGE_SENT][39m [32mfrancois.piano[39m [0ma envoyé[0m [32mallons nous enfin trouver un serveur correct 😂[39m [0mdans[0m [32m💬-discussion-hrp[39m
[2025-09-19T20:58:35.364Z] 2025-09-19 22:58:35 [CLIENT DISCORD] [94m[MESSAGE_SENT][39m [32mkeegan_rp[39m [0ma envoyé[0m [32mDésolé les copaingues d'être parti du serveur mais vous connaissez les raisons qui m'ont poussé à partir[39m [0mdans[0m [32m💬-discussion[39m
[2025-09-19T21:02:00.599Z] 2025-09-19 23:02:00 [CLIENT DISCORD] [94m[COMMAND][39m [32mfrancois.piano[39m [0ma exécuté la commande[0m [32mticket[39m [0mdans[0m [32minternal-affairs[39m
[2025-09-19T21:02:00.601Z] 2025-09-19 23:02:00 [CLIENT DISCORD] [42m✅ Utilisateur 449432156595552257 bypass les permissions.[49m
[2025-09-19T21:02:18.530Z] 2025-09-19 23:02:18 [CLIENT DISCORD] [94m[COMMAND][39m [32mfrancois.piano[39m [0ma exécuté la commande[0m [32mticket[39m [0mdans[0m [32minternal-affairs[39m
[2025-09-19T21:02:18.530Z] 2025-09-19 23:02:18 [CLIENT DISCORD] [42m✅ Utilisateur 449432156595552257 bypass les permissions.[49m
[2025-09-19T21:02:18.539Z] 2025-09-19 23:02:18 [DEBUG] ticket.json avant modification: {
  "1393302039496495104": {
    "users": [
      "449432156595552257"
    ],
    "type": "recruit_modal",
    "ticketname": "👥recruit-993--sean-lennon",
    "islock": false,
    "isarchived": false,
    "nb": 93
  },
  "1393302043023642800": {
    "users": [
      "449432156595552257"
    ],
    "type": "recruit_modal",
    "ticketname": "👥recruit-993--sean-lennon",
    "islock": false,
    "isarchived": false,
    "nb": 94
  },
  "1393302766599934114": {
    "users": [
      "449432156595552257"
    ],
    "type": "recruit_modal",
    "ticketname": "👥recruit-993--sean-lennon",
    "islock": false,
    "isarchived": false,
    "nb": 95
  },
  "1393305286969786511": {
    "users": [
      "449432156595552257"
    ],
    "type": "recruit_modal",
    "ticketname": "👥recruit-993--sean-lennon",
    "islock": false,
    "isarchived": false,
    "nb": 98
  },
  "1393695201964458104": {
    "users": [
      "449432156595552257",
      "433966775240097792"
    ],
    "auth": "François 🌺",
    "type": "cmd",
    "ticketname": "🔰-cmd-francoispiano",
    "islock": false,
    "isarchived": false,
    "nb": 99,
    "delete": "waiting"
  },
  "1417240232247558245": {
    "users": [
      "553899291362721793"
    ],
    "auth": "Nata3l_",
    "type": "cmd",
    "ticketname": "🔰-cmd-natael_mds",
    "islock": false,
    "isarchived": false,
    "nb": 100
  },
  "1417243895347286016": {
    "users": [
      "1347944146496917505"
    ],
    "type": "unknown"
  },
  "1417584778378743809": {
    "users": [
      "815216042363715604"
    ],
    "type": "unknown",
    "isarchived": true
  },
  "1418357504177340586": {
    "users": [
      "530996290327412747"
    ],
    "auth": "speedy",
    "type": "cmd",
    "ticketname": "🔰-cmd-speedyytb",
    "islock": false,
    "isarchived": false,
    "nb": 101
  }
}
[2025-09-19T21:02:18.577Z] 2025-09-19 23:02:18 [DEBUG] Ajout de l'utilisateur 1347944146496917505...
[2025-09-19T21:02:18.582Z] 2025-09-19 23:02:18 [DEBUG] ticket.json après modification: {
  "1393302039496495104": {
    "users": [
      "449432156595552257"
    ],
    "type": "recruit_modal",
    "ticketname": "👥recruit-993--sean-lennon",
    "islock": false,
    "isarchived": false,
    "nb": 93
  },
  "1393302043023642800": {
    "users": [
      "449432156595552257"
    ],
    "type": "recruit_modal",
    "ticketname": "👥recruit-993--sean-lennon",
    "islock": false,
    "isarchived": false,
    "nb": 94
  },
  "1393302766599934114": {
    "users": [
      "449432156595552257"
    ],
    "type": "recruit_modal",
    "ticketname": "👥recruit-993--sean-lennon",
    "islock": false,
    "isarchived": false,
    "nb": 95
  },
  "1393305286969786511": {
    "users": [
      "449432156595552257"
    ],
    "type": "recruit_modal",
    "ticketname": "👥recruit-993--sean-lennon",
    "islock": false,
    "isarchived": false,
    "nb": 98
  },
  "1393695201964458104": {
    "users": [
      "449432156595552257",
      "433966775240097792"
    ],
    "auth": "François 🌺",
    "type": "cmd",
    "ticketname": "🔰-cmd-francoispiano",
    "islock": false,
    "isarchived": false,
    "nb": 99,
    "delete": "waiting"
  },
  "1417240232247558245": {
    "users": [
      "553899291362721793"
    ],
    "auth": "Nata3l_",
    "type": "cmd",
    "ticketname": "🔰-cmd-natael_mds",
    "islock": false,
    "isarchived": false,
    "nb": 100
  },
  "1417243895347286016": {
    "users": [
      "1347944146496917505"
    ],
    "type": "unknown"
  },
  "1417584778378743809": {
    "users": [
      "815216042363715604",
      "1347944146496917505"
    ],
    "type": "unknown",
    "isarchived": true
  },
  "1418357504177340586": {
    "users": [
      "530996290327412747"
    ],
    "auth": "speedy",
    "type": "cmd",
    "ticketname": "🔰-cmd-speedyytb",
    "islock": false,
    "isarchived": false,
    "nb": 101
  }
}
[2025-09-19T21:02:18.636Z] 2025-09-19 23:02:18 [CLIENT DISCORD] ✅ Fichier ticket.json enregistré avec succès !
[2025-09-19T21:04:45.000Z] 2025-09-19 23:04:44 [CLIENT DISCORD] [94m[MESSAGE_SENT][39m [32mrory.p71[39m [0ma envoyé[0m [32men tout cas toi et speedy êtes les bienvenus ici[39m [0mdans[0m [32m💬-discussion-hrp[39m
[2025-09-19T21:05:22.585Z] 2025-09-19 23:05:22 [CLIENT DISCORD] [94m[MESSAGE_SENT][39m [32mkeegan_rp[39m [0ma envoyé[0m [32mmerci ❤️[39m [0mdans[0m [32m💬-discussion-hrp[39m
[2025-09-19T21:05:26.036Z] 2025-09-19 23:05:26 [CLIENT DISCORD] [94m[MESSAGE_SENT][39m [32mfrancois.piano[39m [0ma envoyé[0m [32mSgt Keegan à la Detectove moi je dis[39m [0mdans[0m [32m💬-discussion-hrp[39m
[2025-09-19T21:06:33.107Z] 2025-09-19 23:06:33 [CLIENT DISCORD] [94m[MESSAGE_SENT][39m [32mkeegan_rp[39m [0ma envoyé[0m [32mhttps://www.agora-project.net/ <@449432156595552257>[39m [0mdans[0m [32m💬-discussion-hrp[39m
[2025-09-19T21:10:06.425Z] 2025-09-19 23:10:06 [CLIENT DISCORD] [94m[MESSAGE_SENT][39m [32mrory.p71[39m [0ma envoyé[0m [32mje suis pour[39m [0mdans[0m [32m💬-discussion-hrp[39m
[2025-09-19T21:11:16.462Z] 2025-09-19 23:11:16 [CLIENT DISCORD] [94m[MESSAGE_SENT][39m [32mrory.p71[39m [0ma envoyé[0m [32mCARLITO EST PASSE STAFF ??? CE CON QUI JOUE NI PAIN NI FEAR NI RIEN ????[39m [0mdans[0m [32m💬-discussion-hrp[39m
[2025-09-19T21:11:38.907Z] 2025-09-19 23:11:38 [CLIENT DISCORD] [94m[MESSAGE_SENT][39m [32mkeegan_rp[39m [0ma envoyé[0m [32mpas étonnant, c'est pour "aider" curtis au dev askip[39m [0mdans[0m [32m💬-discussion-hrp[39m
[2025-09-19T21:11:49.033Z] 2025-09-19 23:11:49 [CLIENT DISCORD] [94m[MESSAGE_SENT][39m [32mfrancois.piano[39m [0ma envoyé[0m [32m"dev"[39m [0mdans[0m [32m💬-discussion-hrp[39m
[2025-09-19T21:11:52.608Z] 2025-09-19 23:11:52 [CLIENT DISCORD] [94m[MESSAGE_SENT][39m [32mkeegan_rp[39m [0ma envoyé[0m [32malors que curtis refuse h24 l'aide des devs, j'lui avais proposé un mec de confiance à l'époque et il l'avait refusé[39m [0mdans[0m [32m💬-discussion-hrp[39m
[2025-09-19T21:13:00.504Z] 2025-09-19 23:13:00 [CLIENT DISCORD] [94m[MESSAGE_SENT][39m [32mkeegan_rp[39m [0ma envoyé[0m [32mY'a des staffs qui vont se barrer, tkt pas[39m [0mdans[0m [32m💬-discussion-hrp[39m
[2025-09-19T21:13:00.553Z] 2025-09-19 23:13:00 [CLIENT DISCORD] [94m[MESSAGE_SENT][39m [32mrory.p71[39m [0ma envoyé[0m [32my'a pas fivePD mais à l'envers pour le rp illégal ? cest ce qu'il leur faut[39m [0mdans[0m [32m💬-discussion-hrp[39m
[2025-09-19T21:13:08.624Z] 2025-09-19 23:13:08 [CLIENT DISCORD] [94m[MESSAGE_SENT][39m [32mkeegan_rp[39m [0ma envoyé[0m [32mY vont se retrouver entre mecs illégaux[39m [0mdans[0m [32m💬-discussion-hrp[39m
[2025-09-19T21:13:18.616Z] 2025-09-19 23:13:18 [CLIENT DISCORD] [94m[MESSAGE_SENT][39m [32mfrancois.piano[39m [0ma envoyé[0m [32msix PD[39m [0mdans[0m [32m💬-discussion-hrp[39m
[2025-09-19T21:13:22.027Z] 2025-09-19 23:13:22 [CLIENT DISCORD] [94m[MESSAGE_SENT][39m [32mrory.p71[39m [0ma envoyé[0m [32mle serveur va crever[39m [0mdans[0m [32m💬-discussion-hrp[39m
[2025-09-19T21:13:26.195Z] 2025-09-19 23:13:26 [CLIENT DISCORD] [94m[MESSAGE_SENT][39m [32mfrancois.piano[39m [0ma envoyé[0m [32mà ne pas sortir de son contextte[39m [0mdans[0m [32m💬-discussion-hrp[39m
[2025-09-19T21:13:27.755Z] 2025-09-19 23:13:27 [CLIENT DISCORD] [MESSAGE UPDATED] francois.piano a modifié un message dans #💬-discussion-hrp: "à ne pas sortir de son contextte" → "à ne pas sortir de son contexte"
[2025-09-19T21:13:35.402Z] 2025-09-19 23:13:35 [CLIENT DISCORD] [94m[MESSAGE_SENT][39m [32mrory.p71[39m [0ma envoyé[0m [32mavec respect, ta gueule lieutenant[39m [0mdans[0m [32m💬-discussion-hrp[39m
[2025-09-19T21:14:08.821Z] 2025-09-19 23:14:08 [CLIENT DISCORD] [94m[MESSAGE_SENT][39m [32mfrancois.piano[39m [0ma envoyé[0m [32mavec amour, réciproquement Captain[39m [0mdans[0m [32m💬-discussion-hrp[39m
[2025-09-19T21:38:35.548Z] 2025-09-19 23:38:35 [CLIENT DISCORD] 🔵 Interaction détectée : no
[2025-09-19T21:38:35.549Z] 2025-09-19 23:38:35 [CLIENT DISCORD] 🟢 clientData trouvé : {
  "messageId": "1418597500167913632",
  "participants": {
    "yes": [
      "3862-SGT | Matthew Lewis"
    ],
    "no": [
      "7271-C | Rory Crowner",
      "1228-FTO | Pablo Mendes",
      "4893-LT | Sean Lennon"
    ],
    "maybe": []
  }
}
[2025-09-19T21:38:35.554Z] 2025-09-19 23:38:35 [CLIENT DISCORD] 📌 ID du message enregistré : 1418597500167913632
[2025-09-19T21:38:35.555Z] 2025-09-19 23:38:35 [CLIENT DISCORD] 📌 ID du message de l'interaction : 1418597500167913632
[2025-09-19T21:38:35.556Z] 2025-09-19 23:38:35 [CLIENT DISCORD] 🟢 Avant modification des participants : {
  "yes": [
    "3862-SGT | Matthew Lewis"
  ],
  "no": [
    "7271-C | Rory Crowner",
    "1228-FTO | Pablo Mendes",
    "4893-LT | Sean Lennon"
  ],
  "maybe": []
}
[2025-09-19T21:38:35.561Z] 2025-09-19 23:38:35 [CLIENT DISCORD] 🟢 Après modification des participants : {
  "yes": [
    "3862-SGT | Matthew Lewis"
  ],
  "no": [
    "7271-C | Rory Crowner",
    "1228-FTO | Pablo Mendes",
    "4893-LT | Sean Lennon",
    "2215-DPT | James Garcia"
  ],
  "maybe": []
}
[2025-09-19T21:38:35.566Z] 2025-09-19 23:38:35 [CLIENT DISCORD] 🟢 Embed mis à jour : {
  "title": "Qui sera présent ce soir ?",
  "description": "Veuillez indiquer votre présence en appuyant sur un bouton ci-dessous.",
  "color": 44678,
  "fields": [
    {
      "name": "✅ Oui",
      "value": "`3862-SGT | Matthew Lewis`",
      "inline": true
    },
    {
      "name": "❌ Non",
      "value": "`7271-C | Rory Crowner`, `1228-FTO | Pablo Mendes`, `4893-LT | Sean Lennon`, `2215-DPT | James Garcia`",
      "inline": true
    },
    {
      "name": "🤔 Peut-être",
      "value": "Aucun",
      "inline": true
    }
  ]
}
[2025-09-19T21:38:35.959Z] 2025-09-19 23:38:35 [CLIENT DISCORD] [BUTTON] khalil35 a exécuté l'interaction bouton no dans 1347963262892904469
[2025-09-19T21:42:24.554Z] 2025-09-19 23:42:24 [CLIENT DISCORD] [94m[COMMAND][39m [32mfrancois.piano[39m [0ma exécuté la commande[0m [32mrole[39m [0mdans[0m [32mmoderator-only[39m
[2025-09-19T21:42:24.555Z] 2025-09-19 23:42:24 [CLIENT DISCORD] [42m✅ Utilisateur 449432156595552257 bypass les permissions.[49m
[2025-09-19T21:42:35.447Z] 2025-09-19 23:42:35 [CLIENT DISCORD] [94m[COMMAND][39m [32mfrancois.piano[39m [0ma exécuté la commande[0m [32mrole[39m [0mdans[0m [32mmoderator-only[39m
[2025-09-19T21:42:35.449Z] 2025-09-19 23:42:35 [CLIENT DISCORD] [42m✅ Utilisateur 449432156595552257 bypass les permissions.[49m
[2025-09-19T21:54:22.939Z] 2025-09-19 23:54:22 [CLIENT DISCORD] 📩 Affichage du modal : recruit_modal
[2025-09-19T21:54:23.136Z] 2025-09-19 23:54:23 [CLIENT DISCORD] [BUTTON] francois.piano a exécuté l'interaction bouton recruit dans 1252239174610718782
[2025-09-19T23:53:36.842Z] 2025-09-20 01:53:36 [CLIENT DISCORD] [32m[MEMBER ADD] honeybean6974 est arrivé à 9/19/2025, 11:53:36 PM[39m
[2025-09-19T23:55:12.671Z] 2025-09-20 01:55:12 [CLIENT DISCORD] [94m[MESSAGE_SENT][39m [32mkeegan_rp[39m [0ma envoyé[0m [32mOncle Dan qui tape à la porte d'entrée, est un mec sympa, il n'arrive pas à valider le règlement [39m
[32m[39m
[32m<@310374975087312896> et <@530996290327412747> sont avec moi[39m [0mdans[0m [32m💬-discussion[39m
[2025-09-19T23:55:30.355Z] 2025-09-20 01:55:30 [CLIENT DISCORD] [94m[MESSAGE_SENT][39m [32mkeegan_rp[39m [0ma envoyé[0m [32mÇa devait être le DoJ avant que je le reprenne temporairement[39m [0mdans[0m [32m💬-discussion[39m
