[2025-07-27T03:00:00.128Z] 2025-07-27 05:00:00 [CLIENT DISCORD] [32m🌙 Tâches de la nuit exécutées ![39m
[2025-07-27T03:00:00.163Z] 2025-07-27 05:00:00 [DEBUG] 📦 Checking version from local...
[2025-07-27T03:00:00.165Z] 2025-07-27 05:00:00 [CLIENT DISCORD] 📦 Nom : catherine
[2025-07-27T03:00:00.166Z] 2025-07-27 05:00:00 [CLIENT DISCORD] 🕒 Version locale : 2.1.2
[2025-07-27T03:00:00.166Z] 2025-07-27 05:00:00 [DEBUG] 🌐 Checking version from GitHub...
[2025-07-27T03:00:00.174Z] 2025-07-27 05:00:00 [WARN] [REBOOT] Attention, Catherine redémarre (checker les logs). Instruction reboot.js
[2025-07-27T03:00:08.405Z] 2025-07-27 05:00:08 [CLIENT DISCORD] Les modules [32mloggers[39m ont correctement été exportés.
[2025-07-27T03:00:08.439Z] [EVENT] 2025-07-27 05:00:08 [📅 EVENT NOTIFY] Chargé : guildBanAdd
[2025-07-27T03:00:08.440Z] [EVENT] 2025-07-27 05:00:08 [📅 EVENT NOTIFY] Chargé : guildBanRemove
[2025-07-27T03:00:08.442Z] [EVENT] 2025-07-27 05:00:08 [📅 EVENT NOTIFY] Chargé : guildMemberAdd
[2025-07-27T03:00:08.445Z] [EVENT] 2025-07-27 05:00:08 [📅 EVENT NOTIFY] Chargé : guildMemberRemove
[2025-07-27T03:00:08.448Z] 2025-07-27 05:00:08 [CLIENT DISCORD] Les modules  [32mutils.js[39m [0m ont correctement été exporté.[0m
[2025-07-27T03:00:09.470Z] 2025-07-27 05:00:09 [CLIENT DISCORD] L'interaction  [32mbuttons.js[39m [0m ont correctement été exporté.[0m
[2025-07-27T03:00:09.612Z] 2025-07-27 05:00:09 [CLIENT DISCORD] L'interaction  [32mmodals.js[39m [0m ont correctement été exporté.[0m
[2025-07-27T03:00:09.614Z] [EVENT] 2025-07-27 05:00:09 [📅 EVENT NOTIFY] Chargé : interactionCreate
[2025-07-27T03:00:09.616Z] [EVENT] 2025-07-27 05:00:09 [📅 EVENT NOTIFY] Chargé : messageCreate
[2025-07-27T03:00:09.617Z] [EVENT] 2025-07-27 05:00:09 [📅 EVENT NOTIFY] Chargé : messageDelete
[2025-07-27T03:00:09.619Z] [EVENT] 2025-07-27 05:00:09 [📅 EVENT NOTIFY] Chargé : messageUpdate
[2025-07-27T03:00:09.630Z] 2025-07-27 05:00:09 [CLIENT DISCORD] Les modules  [32mcommands.js[39m [0m ont correctement été exporté.[0m
[2025-07-27T03:00:09.642Z] [EVENT] 2025-07-27 05:00:09 [📅 EVENT NOTIFY] Chargé : ready
[2025-07-27T03:00:09.643Z] [EVENT] 2025-07-27 05:00:09 [📅 EVENT NOTIFY] Chargé : voiceStateUpdate
[2025-07-27T03:00:09.648Z] [COMMANDS] 2025-07-27 05:00:09 [📌 COMMANDS NOTIFY] Chargée : ban
[2025-07-27T03:00:09.649Z] [COMMANDS] 2025-07-27 05:00:09 [📌 COMMANDS NOTIFY] Chargée : clear
[2025-07-27T03:00:09.651Z] [COMMANDS] 2025-07-27 05:00:09 [📌 COMMANDS NOTIFY] Chargée : createreport
[2025-07-27T03:00:09.652Z] [COMMANDS] 2025-07-27 05:00:09 [📌 COMMANDS NOTIFY] Chargée : div
[2025-07-27T03:00:09.654Z] [COMMANDS] 2025-07-27 05:00:09 [📌 COMMANDS NOTIFY] Chargée : help
[2025-07-27T03:00:09.655Z] [COMMANDS] 2025-07-27 05:00:09 [📌 COMMANDS NOTIFY] Chargée : info
[2025-07-27T03:00:09.656Z] [COMMANDS] 2025-07-27 05:00:09 [📌 COMMANDS NOTIFY] Chargée : infoshift
[2025-07-27T03:00:09.658Z] [COMMANDS] 2025-07-27 05:00:09 [📌 COMMANDS NOTIFY] Chargée : kick
[2025-07-27T03:00:09.659Z] [COMMANDS] 2025-07-27 05:00:09 [📌 COMMANDS NOTIFY] Chargée : mute
[2025-07-27T03:00:09.661Z] [COMMANDS] 2025-07-27 05:00:09 [📌 COMMANDS NOTIFY] Chargée : openservice
[2025-07-27T03:00:09.663Z] [COMMANDS] 2025-07-27 05:00:09 [📌 COMMANDS NOTIFY] Chargée : pex
[2025-07-27T03:00:09.672Z] [COMMANDS] 2025-07-27 05:00:09 [📌 COMMANDS NOTIFY] Chargée : play
[2025-07-27T03:00:09.673Z] [COMMANDS] 2025-07-27 05:00:09 [📌 COMMANDS NOTIFY] Chargée : promote
[2025-07-27T03:00:09.675Z] [COMMANDS] 2025-07-27 05:00:09 [📌 COMMANDS NOTIFY] Chargée : recruit
[2025-07-27T03:00:09.676Z] [COMMANDS] 2025-07-27 05:00:09 [📌 COMMANDS NOTIFY] Chargée : rename
[2025-07-27T03:00:09.677Z] [COMMANDS] 2025-07-27 05:00:09 [📌 COMMANDS NOTIFY] Chargée : role
[2025-07-27T03:00:09.679Z] [COMMANDS] 2025-07-27 05:00:09 [📌 COMMANDS NOTIFY] Chargée : send
[2025-07-27T03:00:09.680Z] [COMMANDS] 2025-07-27 05:00:09 [📌 COMMANDS NOTIFY] Chargée : shift
[2025-07-27T03:00:09.683Z] [COMMANDS] 2025-07-27 05:00:09 [📌 COMMANDS NOTIFY] Chargée : ticket
[2025-07-27T03:00:09.684Z] [COMMANDS] 2025-07-27 05:00:09 [📌 COMMANDS NOTIFY] Chargée : userinfo
[2025-07-27T03:00:09.686Z] [COMMANDS] 2025-07-27 05:00:09 [📌 COMMANDS NOTIFY] Chargée : warn
[2025-07-27T03:00:09.691Z] 2025-07-27 05:00:09 [CLIENT DISCORD] [42m[30mChargement des informations du package.[39m[49m
[42m[30m[39m[49m [46m[PACKAGE][49m [32mAuth. : François 🌸[39m
[32m[39m [46m[PACKAGE][49m [32mDepd. : axios, chalk, cron, discord-html-transcripts, discord-player, discord.js, distube, dotenv, express, express-session, form-data, fs, googleapis, luxon, node-cron, node-fetch, ora, patch, path, pdf-lib, pdfkit, play-dl, readline, rl, uuid[39m
[32m[39m [46m[PACKAGE][49m [32mDesc. : Official Bot Catherine for 911 Community.[39m
[32m[39m [46m[PACKAGE][49m [32mLisc. : ISC[39m
[32m[39m [46m[PACKAGE][49m [32mMain. : index.js[39m
[32m[39m [46m[PACKAGE][49m [32mName. : catherine[39m
[32m[39m [46m[PACKAGE][49m [32mScrp. : {"test":"echo \"Error: no test specified\" && exit 1","start":"node server.js"}[39m
[32m[39m [46m[PACKAGE][49m [32mVers. : 2.1.2[39m
[32m[39m [46m[PACKAGE][49m [32mPatch Note. : **[PN - 07/06]** *Passage 2.0 with new patch (shift, tabs... new commands handler)*[39m
[32m[39m
[2025-07-27T03:00:10.642Z] 2025-07-27 05:00:10 [DEBUG] 📦 Checking version from local...
[2025-07-27T03:00:10.642Z] 2025-07-27 05:00:10 [CLIENT DISCORD] 📦 Nom : catherine
[2025-07-27T03:00:10.642Z] 2025-07-27 05:00:10 [CLIENT DISCORD] 🕒 Version locale : 2.1.2
[2025-07-27T03:00:10.643Z] 2025-07-27 05:00:10 [DEBUG] 🌐 Checking version from GitHub...
[2025-07-27T03:00:10.861Z] 2025-07-27 05:00:10 [CLIENT DISCORD] 📦 Nom GitHub : catherine
[2025-07-27T03:00:10.862Z] 2025-07-27 05:00:10 [CLIENT DISCORD] 🕒 Version distante : 2.1.2
[2025-07-27T03:00:10.863Z] [INFO] 2025-07-27 05:00:10 [ℹ️ INFO NOTIFY] ✅ Les versions sont identiques.
[2025-07-27T03:00:10.865Z] 2025-07-27 05:00:10 [CLIENT DISCORD] [34m==============================[39m
[2025-07-27T03:00:10.866Z] 2025-07-27 05:00:10 [CLIENT DISCORD] [32m🚀 Démarrage du bot...[39m
[2025-07-27T03:00:10.867Z] 2025-07-27 05:00:10 [CLIENT DISCORD] [33m🔗 Connexion à Discord API...[39m
[2025-07-27T03:00:10.868Z] 2025-07-27 05:00:10 [CLIENT DISCORD] [36m✅ Bot RP en ligne ! Connecté en tant que 293 | Catherine#8045[39m
[2025-07-27T03:00:10.870Z] 2025-07-27 05:00:10 [CLIENT DISCORD] [34m==============================[39m
[34m[39m
[2025-07-27T03:00:10.880Z] 2025-07-27 05:00:10 [CLIENT DISCORD] [player] Initialisation du Player terminée.
[2025-07-27T03:00:10.884Z] 2025-07-27 05:00:10 [CLIENT DISCORD] [player] Extracteurs chargés avec succès.
[2025-07-27T03:00:10.885Z] 2025-07-27 05:00:10 [CLIENT DISCORD] 📥 Serveur trouvé : Georgia State Police (GSP)
[2025-07-27T03:00:11.151Z] 2025-07-27 05:00:11 [CLIENT DISCORD] 🔍 Commandes déjà présentes : play, rules, createreport, div, role, info, pex, openservice, infoshift, recruit, help, ban, ticket, shutdown, userinfo, send, clear, kick, warn, mute, rename, shift, promote
[2025-07-27T03:00:11.153Z] 2025-07-27 05:00:11 [WARN] ⚠️ Les commandes sont déjà enregistrées. Lance avec 'debug' pour forcer l'écrasement.
[2025-07-27T03:00:11.155Z] 2025-07-27 05:00:11 [CLIENT DISCORD] 🎮 Statut et activité mis à jour.
[2025-07-27T03:00:11.156Z] 2025-07-27 05:00:11 [CLIENT DISCORD] 📌 Mode de lancement : [33mAucun[39m
[2025-07-27T03:00:11.157Z] 2025-07-27 05:00:11 [CLIENT DISCORD] ✅ Bot prêt en tant que 293 | Catherine#8045
[2025-07-27T06:00:00.177Z] 2025-07-27 08:00:00 [CLIENT DISCORD] [32m🌅 Tâches du matin exécutées ![39m
[2025-07-27T06:00:00.218Z] 2025-07-27 08:00:00 [CLIENT DISCORD] [Cron] 🕒 Démarrage de la régénération automatique de la hiérarchie (tabs)...
[2025-07-27T06:00:00.228Z] 2025-07-27 08:00:00 [CLIENT DISCORD] [Cron] 🕒 Démarrage de la régénération automatique de la hiérarchie... (div)
[2025-07-27T06:00:00.235Z] 2025-07-27 08:00:00 [CLIENT DISCORD] 🔍 Vérification des règles...
[2025-07-27T06:00:00.256Z] 2025-07-27 08:00:00 [DEBUG] 📦 Checking version from local...
[2025-07-27T06:00:00.259Z] 2025-07-27 08:00:00 [CLIENT DISCORD] 📦 Nom : catherine
[2025-07-27T06:00:00.260Z] 2025-07-27 08:00:00 [CLIENT DISCORD] 🕒 Version locale : 2.1.2
[2025-07-27T06:00:00.261Z] 2025-07-27 08:00:00 [DEBUG] 🌐 Checking version from GitHub...
[2025-07-27T06:00:00.343Z] 2025-07-27 08:00:00 [CLIENT DISCORD] ✅ rules_1.txt inchangé, pas de mise à jour.
[2025-07-27T06:00:00.347Z] 2025-07-27 08:00:00 [CLIENT DISCORD] ✅ rules_2.txt inchangé, pas de mise à jour.
[2025-07-27T06:00:00.348Z] 2025-07-27 08:00:00 [CLIENT DISCORD] ✅ Vérification des règles terminée.
[2025-07-27T06:00:00.426Z] 2025-07-27 08:00:00 [CLIENT DISCORD] [EXPORT] access.json mis à jour avec 13 exécutif(s), 3 superviseur(s) et 2 commandement(s)
[2025-07-27T06:00:00.598Z] 2025-07-27 08:00:00 [CLIENT DISCORD] 📦 Nom GitHub : catherine
[2025-07-27T06:00:00.599Z] 2025-07-27 08:00:00 [CLIENT DISCORD] 🕒 Version distante : 2.1.2
[2025-07-27T06:00:00.599Z] [INFO] 2025-07-27 08:00:00 [ℹ️ INFO NOTIFY] ✅ Les versions sont identiques.
[2025-07-27T06:00:00.882Z] [NOTIFY] 2025-07-27 08:00:00 [🟢 SOFT NOTIFY] Message DIV supprimé
[2025-07-27T06:00:01.171Z] [NOTIFY] 2025-07-27 08:00:01 [🟢 SOFT NOTIFY] Message TABS supprimé
[2025-07-27T06:00:04.975Z] 2025-07-27 08:00:04 [CLIENT DISCORD] [✅] Hiérarchie DIV envoyée.
[2025-07-27T06:00:04.977Z] 2025-07-27 08:00:04 [CLIENT DISCORD] [Cron] 🕒 Fin de la régénération automatique de la hiérarchie.
[2025-07-27T06:00:05.577Z] 2025-07-27 08:00:05 [CLIENT DISCORD] [✅] Hiérarchie TABS envoyée.
[2025-07-27T06:00:05.577Z] 2025-07-27 08:00:05 [CLIENT DISCORD] [Cron] 🕒 Fin de la régénération automatique de la hiérarchie.
[2025-07-27T14:00:00.128Z] 2025-07-27 16:00:00 [CLIENT DISCORD] [32m🌇 Tâches du soir exécutées ![39m
[2025-07-27T14:00:00.143Z] 2025-07-27 16:00:00 [CLIENT DISCORD] [Cron] 🕒 Démarrage de la régénération automatique de la hiérarchie (tabs)...
[2025-07-27T14:00:00.146Z] 2025-07-27 16:00:00 [CLIENT DISCORD] [Cron] 🕒 Démarrage de la régénération automatique de la hiérarchie... (div)
[2025-07-27T14:00:00.148Z] 2025-07-27 16:00:00 [CLIENT DISCORD] 🔍 Vérification des règles...
[2025-07-27T14:00:00.156Z] 2025-07-27 16:00:00 [DEBUG] 📦 Checking version from local...
[2025-07-27T14:00:00.157Z] 2025-07-27 16:00:00 [CLIENT DISCORD] 📦 Nom : catherine
[2025-07-27T14:00:00.158Z] 2025-07-27 16:00:00 [CLIENT DISCORD] 🕒 Version locale : 2.1.2
[2025-07-27T14:00:00.159Z] 2025-07-27 16:00:00 [DEBUG] 🌐 Checking version from GitHub...
[2025-07-27T14:00:00.212Z] 2025-07-27 16:00:00 [CLIENT DISCORD] ✅ rules_1.txt inchangé, pas de mise à jour.
[2025-07-27T14:00:00.213Z] 2025-07-27 16:00:00 [CLIENT DISCORD] ✅ rules_2.txt inchangé, pas de mise à jour.
[2025-07-27T14:00:00.213Z] 2025-07-27 16:00:00 [CLIENT DISCORD] ✅ Vérification des règles terminée.
[2025-07-27T14:00:00.291Z] 2025-07-27 16:00:00 [CLIENT DISCORD] [EXPORT] access.json mis à jour avec 13 exécutif(s), 3 superviseur(s) et 2 commandement(s)
[2025-07-27T14:00:00.437Z] 2025-07-27 16:00:00 [CLIENT DISCORD] 📦 Nom GitHub : catherine
[2025-07-27T14:00:00.444Z] 2025-07-27 16:00:00 [CLIENT DISCORD] 🕒 Version distante : 2.1.2
[2025-07-27T14:00:00.446Z] [INFO] 2025-07-27 16:00:00 [ℹ️ INFO NOTIFY] ✅ Les versions sont identiques.
[2025-07-27T14:00:00.536Z] [NOTIFY] 2025-07-27 16:00:00 [🟢 SOFT NOTIFY] Message DIV supprimé
[2025-07-27T14:00:00.840Z] [NOTIFY] 2025-07-27 16:00:00 [🟢 SOFT NOTIFY] Message TABS supprimé
[2025-07-27T14:00:02.486Z] 2025-07-27 16:00:02 [CLIENT DISCORD] [✅] Hiérarchie DIV envoyée.
[2025-07-27T14:00:02.488Z] 2025-07-27 16:00:02 [CLIENT DISCORD] [Cron] 🕒 Fin de la régénération automatique de la hiérarchie.
[2025-07-27T14:00:02.771Z] 2025-07-27 16:00:02 [CLIENT DISCORD] [✅] Hiérarchie TABS envoyée.
[2025-07-27T14:00:02.771Z] 2025-07-27 16:00:02 [CLIENT DISCORD] [Cron] 🕒 Fin de la régénération automatique de la hiérarchie.
[2025-07-27T14:02:49.162Z] 2025-07-27 16:02:49 [CLIENT DISCORD] [31m[MEMBER REMOVE] thinblueduty est parti à 7/27/2025, 2:02:49 PM[39m
[2025-07-27T18:56:19.490Z] 2025-07-27 20:56:19 [CLIENT DISCORD] [94m[MESSAGE_SENT][39m [32mfrancois.piano[39m [0ma envoyé[0m [32m0[39m [0mdans[0m [32mlog-file[39m
[2025-07-27T18:56:22.810Z] 2025-07-27 20:56:22 [ERROR] [31mErreur lors de la récupération des logs d'audit :[39m {
  "requestBody": {},
  "rawError": {
    "message": "Invalid Form Body",
    "code": 50035,
    "errors": {
      "action_type": {
        "_errors": [
          {
            "code": "NUMBER_TYPE_COERCE",
            "message": "Value \"MESSAGE_DELETE\" is not int."
          }
        ]
      }
    }
  },
  "code": 50035,
  "status": 400,
  "method": "GET",
  "url": "https://discord.com/api/v10/guilds/1252231195312259073/audit-logs?limit=1&action_type=MESSAGE_DELETE"
}
[2025-07-27T18:56:22.812Z] 2025-07-27 20:56:22 [CLIENT DISCORD] [94m[MESSAGE_REMOVE][39m [32mfrancois.piano[39m [0m→ supprimé par[0m [32mInconnu[39m [0mdans[0m [32mlog-file[39m
