[2025-07-26T03:00:00.140Z] 2025-07-26 05:00:00 [CLIENT DISCORD] [32m🌙 Tâches de la nuit exécutées ![39m
[2025-07-26T03:00:00.167Z] 2025-07-26 05:00:00 [DEBUG] 📦 Checking version from local...
[2025-07-26T03:00:00.169Z] 2025-07-26 05:00:00 [CLIENT DISCORD] 📦 Nom : catherine
[2025-07-26T03:00:00.170Z] 2025-07-26 05:00:00 [CLIENT DISCORD] 🕒 Version locale : 2.1.2
[2025-07-26T03:00:00.171Z] 2025-07-26 05:00:00 [DEBUG] 🌐 Checking version from GitHub...
[2025-07-26T03:00:00.179Z] 2025-07-26 05:00:00 [WARN] [REBOOT] Attention, Catherine redémarre (checker les logs). Instruction reboot.js
[2025-07-26T03:00:08.468Z] 2025-07-26 05:00:08 [CLIENT DISCORD] Les modules [32mloggers[39m ont correctement été exportés.
[2025-07-26T03:00:08.523Z] [EVENT] 2025-07-26 05:00:08 [📅 EVENT NOTIFY] Chargé : guildBanAdd
[2025-07-26T03:00:08.526Z] [EVENT] 2025-07-26 05:00:08 [📅 EVENT NOTIFY] Chargé : guildBanRemove
[2025-07-26T03:00:08.528Z] [EVENT] 2025-07-26 05:00:08 [📅 EVENT NOTIFY] Chargé : guildMemberAdd
[2025-07-26T03:00:08.530Z] [EVENT] 2025-07-26 05:00:08 [📅 EVENT NOTIFY] Chargé : guildMemberRemove
[2025-07-26T03:00:08.544Z] 2025-07-26 05:00:08 [CLIENT DISCORD] Les modules  [32mutils.js[39m [0m ont correctement été exporté.[0m
[2025-07-26T03:00:09.145Z] 2025-07-26 05:00:09 [CLIENT DISCORD] L'interaction  [32mbuttons.js[39m [0m ont correctement été exporté.[0m
[2025-07-26T03:00:09.448Z] 2025-07-26 05:00:09 [CLIENT DISCORD] L'interaction  [32mmodals.js[39m [0m ont correctement été exporté.[0m
[2025-07-26T03:00:09.450Z] [EVENT] 2025-07-26 05:00:09 [📅 EVENT NOTIFY] Chargé : interactionCreate
[2025-07-26T03:00:09.452Z] [EVENT] 2025-07-26 05:00:09 [📅 EVENT NOTIFY] Chargé : messageCreate
[2025-07-26T03:00:09.454Z] [EVENT] 2025-07-26 05:00:09 [📅 EVENT NOTIFY] Chargé : messageDelete
[2025-07-26T03:00:09.456Z] [EVENT] 2025-07-26 05:00:09 [📅 EVENT NOTIFY] Chargé : messageUpdate
[2025-07-26T03:00:09.484Z] 2025-07-26 05:00:09 [CLIENT DISCORD] Les modules  [32mcommands.js[39m [0m ont correctement été exporté.[0m
[2025-07-26T03:00:09.502Z] [EVENT] 2025-07-26 05:00:09 [📅 EVENT NOTIFY] Chargé : ready
[2025-07-26T03:00:09.504Z] [EVENT] 2025-07-26 05:00:09 [📅 EVENT NOTIFY] Chargé : voiceStateUpdate
[2025-07-26T03:00:09.511Z] [COMMANDS] 2025-07-26 05:00:09 [📌 COMMANDS NOTIFY] Chargée : ban
[2025-07-26T03:00:09.513Z] [COMMANDS] 2025-07-26 05:00:09 [📌 COMMANDS NOTIFY] Chargée : clear
[2025-07-26T03:00:09.515Z] [COMMANDS] 2025-07-26 05:00:09 [📌 COMMANDS NOTIFY] Chargée : createreport
[2025-07-26T03:00:09.517Z] [COMMANDS] 2025-07-26 05:00:09 [📌 COMMANDS NOTIFY] Chargée : div
[2025-07-26T03:00:09.519Z] [COMMANDS] 2025-07-26 05:00:09 [📌 COMMANDS NOTIFY] Chargée : help
[2025-07-26T03:00:09.521Z] [COMMANDS] 2025-07-26 05:00:09 [📌 COMMANDS NOTIFY] Chargée : info
[2025-07-26T03:00:09.522Z] [COMMANDS] 2025-07-26 05:00:09 [📌 COMMANDS NOTIFY] Chargée : infoshift
[2025-07-26T03:00:09.524Z] [COMMANDS] 2025-07-26 05:00:09 [📌 COMMANDS NOTIFY] Chargée : kick
[2025-07-26T03:00:09.526Z] [COMMANDS] 2025-07-26 05:00:09 [📌 COMMANDS NOTIFY] Chargée : mute
[2025-07-26T03:00:09.527Z] [COMMANDS] 2025-07-26 05:00:09 [📌 COMMANDS NOTIFY] Chargée : openservice
[2025-07-26T03:00:09.529Z] [COMMANDS] 2025-07-26 05:00:09 [📌 COMMANDS NOTIFY] Chargée : pex
[2025-07-26T03:00:09.548Z] [COMMANDS] 2025-07-26 05:00:09 [📌 COMMANDS NOTIFY] Chargée : play
[2025-07-26T03:00:09.551Z] [COMMANDS] 2025-07-26 05:00:09 [📌 COMMANDS NOTIFY] Chargée : promote
[2025-07-26T03:00:09.553Z] [COMMANDS] 2025-07-26 05:00:09 [📌 COMMANDS NOTIFY] Chargée : recruit
[2025-07-26T03:00:09.555Z] [COMMANDS] 2025-07-26 05:00:09 [📌 COMMANDS NOTIFY] Chargée : rename
[2025-07-26T03:00:09.557Z] [COMMANDS] 2025-07-26 05:00:09 [📌 COMMANDS NOTIFY] Chargée : role
[2025-07-26T03:00:09.559Z] [COMMANDS] 2025-07-26 05:00:09 [📌 COMMANDS NOTIFY] Chargée : send
[2025-07-26T03:00:09.561Z] [COMMANDS] 2025-07-26 05:00:09 [📌 COMMANDS NOTIFY] Chargée : shift
[2025-07-26T03:00:09.565Z] [COMMANDS] 2025-07-26 05:00:09 [📌 COMMANDS NOTIFY] Chargée : ticket
[2025-07-26T03:00:09.568Z] [COMMANDS] 2025-07-26 05:00:09 [📌 COMMANDS NOTIFY] Chargée : userinfo
[2025-07-26T03:00:09.571Z] [COMMANDS] 2025-07-26 05:00:09 [📌 COMMANDS NOTIFY] Chargée : warn
[2025-07-26T03:00:09.577Z] 2025-07-26 05:00:09 [CLIENT DISCORD] [42m[30mChargement des informations du package.[39m[49m
[42m[30m[39m[49m [46m[PACKAGE][49m [32mAuth. : François 🌸[39m
[32m[39m [46m[PACKAGE][49m [32mDepd. : axios, chalk, cron, discord-html-transcripts, discord-player, discord.js, distube, dotenv, express, express-session, form-data, fs, googleapis, luxon, node-cron, node-fetch, ora, patch, path, pdf-lib, pdfkit, play-dl, readline, rl, uuid[39m
[32m[39m [46m[PACKAGE][49m [32mDesc. : Official Bot Catherine for 911 Community.[39m
[32m[39m [46m[PACKAGE][49m [32mLisc. : ISC[39m
[32m[39m [46m[PACKAGE][49m [32mMain. : index.js[39m
[32m[39m [46m[PACKAGE][49m [32mName. : catherine[39m
[32m[39m [46m[PACKAGE][49m [32mScrp. : {"test":"echo \"Error: no test specified\" && exit 1","start":"node server.js"}[39m
[32m[39m [46m[PACKAGE][49m [32mVers. : 2.1.2[39m
[32m[39m [46m[PACKAGE][49m [32mPatch Note. : **[PN - 07/06]** *Passage 2.0 with new patch (shift, tabs... new commands handler)*[39m
[32m[39m
[2025-07-26T03:00:10.644Z] 2025-07-26 05:00:10 [DEBUG] 📦 Checking version from local...
[2025-07-26T03:00:10.646Z] 2025-07-26 05:00:10 [CLIENT DISCORD] 📦 Nom : catherine
[2025-07-26T03:00:10.646Z] 2025-07-26 05:00:10 [CLIENT DISCORD] 🕒 Version locale : 2.1.2
[2025-07-26T03:00:10.648Z] 2025-07-26 05:00:10 [DEBUG] 🌐 Checking version from GitHub...
[2025-07-26T03:00:10.867Z] 2025-07-26 05:00:10 [CLIENT DISCORD] 📦 Nom GitHub : catherine
[2025-07-26T03:00:10.868Z] 2025-07-26 05:00:10 [CLIENT DISCORD] 🕒 Version distante : 2.1.2
[2025-07-26T03:00:10.868Z] [INFO] 2025-07-26 05:00:10 [ℹ️ INFO NOTIFY] ✅ Les versions sont identiques.
[2025-07-26T03:00:10.869Z] 2025-07-26 05:00:10 [CLIENT DISCORD] [34m==============================[39m
[2025-07-26T03:00:10.869Z] 2025-07-26 05:00:10 [CLIENT DISCORD] [32m🚀 Démarrage du bot...[39m
[2025-07-26T03:00:10.869Z] 2025-07-26 05:00:10 [CLIENT DISCORD] [33m🔗 Connexion à Discord API...[39m
[2025-07-26T03:00:10.869Z] 2025-07-26 05:00:10 [CLIENT DISCORD] [36m✅ Bot RP en ligne ! Connecté en tant que 293 | Catherine#8045[39m
[2025-07-26T03:00:10.870Z] 2025-07-26 05:00:10 [CLIENT DISCORD] [34m==============================[39m
[34m[39m
[2025-07-26T03:00:10.883Z] 2025-07-26 05:00:10 [CLIENT DISCORD] [player] Initialisation du Player terminée.
[2025-07-26T03:00:10.886Z] 2025-07-26 05:00:10 [CLIENT DISCORD] [player] Extracteurs chargés avec succès.
[2025-07-26T03:00:10.886Z] 2025-07-26 05:00:10 [CLIENT DISCORD] 📥 Serveur trouvé : Georgia State Police (GSP)
[2025-07-26T03:00:11.134Z] 2025-07-26 05:00:11 [CLIENT DISCORD] 🔍 Commandes déjà présentes : play, rules, createreport, div, role, info, pex, openservice, infoshift, recruit, help, ban, ticket, shutdown, userinfo, send, clear, kick, warn, mute, rename, shift, promote
[2025-07-26T03:00:11.137Z] 2025-07-26 05:00:11 [WARN] ⚠️ Les commandes sont déjà enregistrées. Lance avec 'debug' pour forcer l'écrasement.
[2025-07-26T03:00:11.139Z] 2025-07-26 05:00:11 [CLIENT DISCORD] 🎮 Statut et activité mis à jour.
[2025-07-26T03:00:11.140Z] 2025-07-26 05:00:11 [CLIENT DISCORD] 📌 Mode de lancement : [33mAucun[39m
[2025-07-26T03:00:11.141Z] 2025-07-26 05:00:11 [CLIENT DISCORD] ✅ Bot prêt en tant que 293 | Catherine#8045
[2025-07-26T06:00:00.149Z] 2025-07-26 08:00:00 [CLIENT DISCORD] [32m🌅 Tâches du matin exécutées ![39m
[2025-07-26T06:00:00.179Z] 2025-07-26 08:00:00 [CLIENT DISCORD] [Cron] 🕒 Démarrage de la régénération automatique de la hiérarchie (tabs)...
[2025-07-26T06:00:00.188Z] 2025-07-26 08:00:00 [CLIENT DISCORD] [Cron] 🕒 Démarrage de la régénération automatique de la hiérarchie... (div)
[2025-07-26T06:00:00.192Z] 2025-07-26 08:00:00 [CLIENT DISCORD] 🔍 Vérification des règles...
[2025-07-26T06:00:00.208Z] 2025-07-26 08:00:00 [DEBUG] 📦 Checking version from local...
[2025-07-26T06:00:00.210Z] 2025-07-26 08:00:00 [CLIENT DISCORD] 📦 Nom : catherine
[2025-07-26T06:00:00.211Z] 2025-07-26 08:00:00 [CLIENT DISCORD] 🕒 Version locale : 2.1.2
[2025-07-26T06:00:00.212Z] 2025-07-26 08:00:00 [DEBUG] 🌐 Checking version from GitHub...
[2025-07-26T06:00:00.270Z] 2025-07-26 08:00:00 [CLIENT DISCORD] ✅ rules_1.txt inchangé, pas de mise à jour.
[2025-07-26T06:00:00.272Z] 2025-07-26 08:00:00 [CLIENT DISCORD] ✅ rules_2.txt inchangé, pas de mise à jour.
[2025-07-26T06:00:00.272Z] 2025-07-26 08:00:00 [CLIENT DISCORD] ✅ Vérification des règles terminée.
[2025-07-26T06:00:00.357Z] 2025-07-26 08:00:00 [CLIENT DISCORD] [EXPORT] access.json mis à jour avec 13 exécutif(s), 3 superviseur(s) et 2 commandement(s)
[2025-07-26T06:00:00.496Z] 2025-07-26 08:00:00 [CLIENT DISCORD] 📦 Nom GitHub : catherine
[2025-07-26T06:00:00.498Z] 2025-07-26 08:00:00 [CLIENT DISCORD] 🕒 Version distante : 2.1.2
[2025-07-26T06:00:00.499Z] [INFO] 2025-07-26 08:00:00 [ℹ️ INFO NOTIFY] ✅ Les versions sont identiques.
[2025-07-26T06:00:01.081Z] [NOTIFY] 2025-07-26 08:00:01 [🟢 SOFT NOTIFY] Message DIV supprimé
[2025-07-26T06:00:01.476Z] [NOTIFY] 2025-07-26 08:00:01 [🟢 SOFT NOTIFY] Message TABS supprimé
[2025-07-26T06:00:02.818Z] 2025-07-26 08:00:02 [CLIENT DISCORD] [✅] Hiérarchie DIV envoyée.
[2025-07-26T06:00:02.824Z] 2025-07-26 08:00:02 [CLIENT DISCORD] [Cron] 🕒 Fin de la régénération automatique de la hiérarchie.
[2025-07-26T06:00:03.081Z] 2025-07-26 08:00:03 [CLIENT DISCORD] [✅] Hiérarchie TABS envoyée.
[2025-07-26T06:00:03.091Z] 2025-07-26 08:00:03 [CLIENT DISCORD] [Cron] 🕒 Fin de la régénération automatique de la hiérarchie.
[2025-07-26T14:00:00.112Z] 2025-07-26 16:00:00 [CLIENT DISCORD] [32m🌇 Tâches du soir exécutées ![39m
[2025-07-26T14:00:00.116Z] 2025-07-26 16:00:00 [CLIENT DISCORD] [Cron] 🕒 Démarrage de la régénération automatique de la hiérarchie (tabs)...
[2025-07-26T14:00:00.117Z] 2025-07-26 16:00:00 [CLIENT DISCORD] [Cron] 🕒 Démarrage de la régénération automatique de la hiérarchie... (div)
[2025-07-26T14:00:00.117Z] 2025-07-26 16:00:00 [CLIENT DISCORD] 🔍 Vérification des règles...
[2025-07-26T14:00:00.120Z] 2025-07-26 16:00:00 [DEBUG] 📦 Checking version from local...
[2025-07-26T14:00:00.121Z] 2025-07-26 16:00:00 [CLIENT DISCORD] 📦 Nom : catherine
[2025-07-26T14:00:00.121Z] 2025-07-26 16:00:00 [CLIENT DISCORD] 🕒 Version locale : 2.1.2
[2025-07-26T14:00:00.122Z] 2025-07-26 16:00:00 [DEBUG] 🌐 Checking version from GitHub...
[2025-07-26T14:00:00.150Z] 2025-07-26 16:00:00 [CLIENT DISCORD] ✅ rules_1.txt inchangé, pas de mise à jour.
[2025-07-26T14:00:00.152Z] 2025-07-26 16:00:00 [CLIENT DISCORD] ✅ rules_2.txt inchangé, pas de mise à jour.
[2025-07-26T14:00:00.153Z] 2025-07-26 16:00:00 [CLIENT DISCORD] ✅ Vérification des règles terminée.
[2025-07-26T14:00:00.240Z] 2025-07-26 16:00:00 [CLIENT DISCORD] [EXPORT] access.json mis à jour avec 13 exécutif(s), 3 superviseur(s) et 2 commandement(s)
[2025-07-26T14:00:00.382Z] 2025-07-26 16:00:00 [CLIENT DISCORD] 📦 Nom GitHub : catherine
[2025-07-26T14:00:00.384Z] 2025-07-26 16:00:00 [CLIENT DISCORD] 🕒 Version distante : 2.1.2
[2025-07-26T14:00:00.385Z] [INFO] 2025-07-26 16:00:00 [ℹ️ INFO NOTIFY] ✅ Les versions sont identiques.
[2025-07-26T14:00:00.513Z] [NOTIFY] 2025-07-26 16:00:00 [🟢 SOFT NOTIFY] Message DIV supprimé
[2025-07-26T14:00:00.907Z] [NOTIFY] 2025-07-26 16:00:00 [🟢 SOFT NOTIFY] Message TABS supprimé
[2025-07-26T14:00:02.394Z] 2025-07-26 16:00:02 [CLIENT DISCORD] [✅] Hiérarchie DIV envoyée.
[2025-07-26T14:00:02.396Z] 2025-07-26 16:00:02 [CLIENT DISCORD] [Cron] 🕒 Fin de la régénération automatique de la hiérarchie.
[2025-07-26T14:00:02.995Z] 2025-07-26 16:00:02 [CLIENT DISCORD] [✅] Hiérarchie TABS envoyée.
[2025-07-26T14:00:02.999Z] 2025-07-26 16:00:02 [CLIENT DISCORD] [Cron] 🕒 Fin de la régénération automatique de la hiérarchie.
