[2025-08-02T03:00:00.168Z] 2025-08-02 05:00:00 [CLIENT DISCORD] [32m🌙 Tâches de la nuit exécutées ![39m
[2025-08-02T03:00:00.201Z] 2025-08-02 05:00:00 [DEBUG] 📦 Checking version from local...
[2025-08-02T03:00:00.205Z] 2025-08-02 05:00:00 [CLIENT DISCORD] 📦 Nom : catherine
[2025-08-02T03:00:00.206Z] 2025-08-02 05:00:00 [CLIENT DISCORD] 🕒 Version locale : 2.1.2
[2025-08-02T03:00:00.207Z] 2025-08-02 05:00:00 [DEBUG] 🌐 Checking version from GitHub...
[2025-08-02T03:00:00.212Z] 2025-08-02 05:00:00 [WARN] [REBOOT] Attention, Catherine redémarre (checker les logs). Instruction reboot.js
[2025-08-02T03:00:08.568Z] 2025-08-02 05:00:08 [CLIENT DISCORD] Les modules [32mloggers[39m ont correctement été exportés.
[2025-08-02T03:00:08.640Z] [EVENT] 2025-08-02 05:00:08 [📅 EVENT NOTIFY] Chargé : guildBanAdd
[2025-08-02T03:00:08.643Z] [EVENT] 2025-08-02 05:00:08 [📅 EVENT NOTIFY] Chargé : guildBanRemove
[2025-08-02T03:00:08.646Z] [EVENT] 2025-08-02 05:00:08 [📅 EVENT NOTIFY] Chargé : guildMemberAdd
[2025-08-02T03:00:08.650Z] [EVENT] 2025-08-02 05:00:08 [📅 EVENT NOTIFY] Chargé : guildMemberRemove
[2025-08-02T03:00:08.655Z] 2025-08-02 05:00:08 [CLIENT DISCORD] Les modules  [32mutils.js[39m [0m ont correctement été exporté.[0m
[2025-08-02T03:00:09.693Z] 2025-08-02 05:00:09 [CLIENT DISCORD] L'interaction  [32mbuttons.js[39m [0m ont correctement été exporté.[0m
[2025-08-02T03:00:09.952Z] 2025-08-02 05:00:09 [CLIENT DISCORD] L'interaction  [32mmodals.js[39m [0m ont correctement été exporté.[0m
[2025-08-02T03:00:09.954Z] [EVENT] 2025-08-02 05:00:09 [📅 EVENT NOTIFY] Chargé : interactionCreate
[2025-08-02T03:00:09.957Z] [EVENT] 2025-08-02 05:00:09 [📅 EVENT NOTIFY] Chargé : messageCreate
[2025-08-02T03:00:09.960Z] [EVENT] 2025-08-02 05:00:09 [📅 EVENT NOTIFY] Chargé : messageDelete
[2025-08-02T03:00:09.963Z] [EVENT] 2025-08-02 05:00:09 [📅 EVENT NOTIFY] Chargé : messageUpdate
[2025-08-02T03:00:10.000Z] 2025-08-02 05:00:09 [CLIENT DISCORD] Les modules  [32mcommands.js[39m [0m ont correctement été exporté.[0m
[2025-08-02T03:00:10.029Z] [EVENT] 2025-08-02 05:00:10 [📅 EVENT NOTIFY] Chargé : ready
[2025-08-02T03:00:10.030Z] [EVENT] 2025-08-02 05:00:10 [📅 EVENT NOTIFY] Chargé : voiceStateUpdate
[2025-08-02T03:00:10.038Z] [COMMANDS] 2025-08-02 05:00:10 [📌 COMMANDS NOTIFY] Chargée : ban
[2025-08-02T03:00:10.039Z] [COMMANDS] 2025-08-02 05:00:10 [📌 COMMANDS NOTIFY] Chargée : clear
[2025-08-02T03:00:10.042Z] [COMMANDS] 2025-08-02 05:00:10 [📌 COMMANDS NOTIFY] Chargée : createreport
[2025-08-02T03:00:10.044Z] [COMMANDS] 2025-08-02 05:00:10 [📌 COMMANDS NOTIFY] Chargée : div
[2025-08-02T03:00:10.046Z] [COMMANDS] 2025-08-02 05:00:10 [📌 COMMANDS NOTIFY] Chargée : help
[2025-08-02T03:00:10.049Z] [COMMANDS] 2025-08-02 05:00:10 [📌 COMMANDS NOTIFY] Chargée : info
[2025-08-02T03:00:10.051Z] [COMMANDS] 2025-08-02 05:00:10 [📌 COMMANDS NOTIFY] Chargée : infoshift
[2025-08-02T03:00:10.054Z] [COMMANDS] 2025-08-02 05:00:10 [📌 COMMANDS NOTIFY] Chargée : kick
[2025-08-02T03:00:10.056Z] [COMMANDS] 2025-08-02 05:00:10 [📌 COMMANDS NOTIFY] Chargée : mute
[2025-08-02T03:00:10.059Z] [COMMANDS] 2025-08-02 05:00:10 [📌 COMMANDS NOTIFY] Chargée : openservice
[2025-08-02T03:00:10.062Z] [COMMANDS] 2025-08-02 05:00:10 [📌 COMMANDS NOTIFY] Chargée : pex
[2025-08-02T03:00:10.082Z] [COMMANDS] 2025-08-02 05:00:10 [📌 COMMANDS NOTIFY] Chargée : play
[2025-08-02T03:00:10.087Z] [COMMANDS] 2025-08-02 05:00:10 [📌 COMMANDS NOTIFY] Chargée : promote
[2025-08-02T03:00:10.093Z] [COMMANDS] 2025-08-02 05:00:10 [📌 COMMANDS NOTIFY] Chargée : recruit
[2025-08-02T03:00:10.096Z] [COMMANDS] 2025-08-02 05:00:10 [📌 COMMANDS NOTIFY] Chargée : rename
[2025-08-02T03:00:10.099Z] [COMMANDS] 2025-08-02 05:00:10 [📌 COMMANDS NOTIFY] Chargée : role
[2025-08-02T03:00:10.101Z] [COMMANDS] 2025-08-02 05:00:10 [📌 COMMANDS NOTIFY] Chargée : send
[2025-08-02T03:00:10.104Z] [COMMANDS] 2025-08-02 05:00:10 [📌 COMMANDS NOTIFY] Chargée : shift
[2025-08-02T03:00:10.109Z] [COMMANDS] 2025-08-02 05:00:10 [📌 COMMANDS NOTIFY] Chargée : ticket
[2025-08-02T03:00:10.112Z] [COMMANDS] 2025-08-02 05:00:10 [📌 COMMANDS NOTIFY] Chargée : userinfo
[2025-08-02T03:00:10.119Z] [COMMANDS] 2025-08-02 05:00:10 [📌 COMMANDS NOTIFY] Chargée : warn
[2025-08-02T03:00:10.127Z] 2025-08-02 05:00:10 [CLIENT DISCORD] [42m[30mChargement des informations du package.[39m[49m
[42m[30m[39m[49m [46m[PACKAGE][49m [32mAuth. : François 🌸[39m
[32m[39m [46m[PACKAGE][49m [32mDepd. : axios, chalk, cron, discord-html-transcripts, discord-player, discord.js, distube, dotenv, express, express-session, form-data, fs, googleapis, luxon, node-cron, node-fetch, ora, patch, path, pdf-lib, pdfkit, play-dl, readline, rl, uuid[39m
[32m[39m [46m[PACKAGE][49m [32mDesc. : Official Bot Catherine for 911 Community.[39m
[32m[39m [46m[PACKAGE][49m [32mLisc. : ISC[39m
[32m[39m [46m[PACKAGE][49m [32mMain. : index.js[39m
[32m[39m [46m[PACKAGE][49m [32mName. : catherine[39m
[32m[39m [46m[PACKAGE][49m [32mScrp. : {"test":"echo \"Error: no test specified\" && exit 1","start":"node server.js"}[39m
[32m[39m [46m[PACKAGE][49m [32mVers. : 2.1.2[39m
[32m[39m [46m[PACKAGE][49m [32mPatch Note. : **[PN - 07/06]** *Passage 2.0 with new patch (shift, tabs... new commands handler)*[39m
[32m[39m
[2025-08-02T03:00:10.975Z] 2025-08-02 05:00:10 [DEBUG] 📦 Checking version from local...
[2025-08-02T03:00:10.976Z] 2025-08-02 05:00:10 [CLIENT DISCORD] 📦 Nom : catherine
[2025-08-02T03:00:10.977Z] 2025-08-02 05:00:10 [CLIENT DISCORD] 🕒 Version locale : 2.1.2
[2025-08-02T03:00:10.977Z] 2025-08-02 05:00:10 [DEBUG] 🌐 Checking version from GitHub...
[2025-08-02T03:00:11.213Z] 2025-08-02 05:00:11 [CLIENT DISCORD] 📦 Nom GitHub : catherine
[2025-08-02T03:00:11.214Z] 2025-08-02 05:00:11 [CLIENT DISCORD] 🕒 Version distante : 2.1.2
[2025-08-02T03:00:11.216Z] [INFO] 2025-08-02 05:00:11 [ℹ️ INFO NOTIFY] ✅ Les versions sont identiques.
[2025-08-02T03:00:11.217Z] 2025-08-02 05:00:11 [CLIENT DISCORD] [34m==============================[39m
[2025-08-02T03:00:11.218Z] 2025-08-02 05:00:11 [CLIENT DISCORD] [32m🚀 Démarrage du bot...[39m
[2025-08-02T03:00:11.219Z] 2025-08-02 05:00:11 [CLIENT DISCORD] [33m🔗 Connexion à Discord API...[39m
[2025-08-02T03:00:11.220Z] 2025-08-02 05:00:11 [CLIENT DISCORD] [36m✅ Bot RP en ligne ! Connecté en tant que 293 | Catherine#8045[39m
[2025-08-02T03:00:11.221Z] 2025-08-02 05:00:11 [CLIENT DISCORD] [34m==============================[39m
[34m[39m
[2025-08-02T03:00:11.232Z] 2025-08-02 05:00:11 [CLIENT DISCORD] [player] Initialisation du Player terminée.
[2025-08-02T03:00:11.237Z] 2025-08-02 05:00:11 [CLIENT DISCORD] [player] Extracteurs chargés avec succès.
[2025-08-02T03:00:11.238Z] 2025-08-02 05:00:11 [CLIENT DISCORD] 📥 Serveur trouvé : Georgia State Police (GSP)
[2025-08-02T03:00:11.426Z] 2025-08-02 05:00:11 [CLIENT DISCORD] 🔍 Commandes déjà présentes : play, rules, createreport, div, role, info, pex, openservice, infoshift, recruit, help, ban, ticket, shutdown, userinfo, send, clear, kick, warn, mute, rename, shift, promote
[2025-08-02T03:00:11.429Z] 2025-08-02 05:00:11 [WARN] ⚠️ Les commandes sont déjà enregistrées. Lance avec 'debug' pour forcer l'écrasement.
[2025-08-02T03:00:11.431Z] 2025-08-02 05:00:11 [CLIENT DISCORD] 🎮 Statut et activité mis à jour.
[2025-08-02T03:00:11.433Z] 2025-08-02 05:00:11 [CLIENT DISCORD] 📌 Mode de lancement : [33mAucun[39m
[2025-08-02T03:00:11.434Z] 2025-08-02 05:00:11 [CLIENT DISCORD] ✅ Bot prêt en tant que 293 | Catherine#8045
[2025-08-02T06:00:00.159Z] 2025-08-02 08:00:00 [CLIENT DISCORD] [32m🌅 Tâches du matin exécutées ![39m
[2025-08-02T06:00:00.195Z] 2025-08-02 08:00:00 [CLIENT DISCORD] [Cron] 🕒 Démarrage de la régénération automatique de la hiérarchie (tabs)...
[2025-08-02T06:00:00.206Z] 2025-08-02 08:00:00 [CLIENT DISCORD] [Cron] 🕒 Démarrage de la régénération automatique de la hiérarchie... (div)
[2025-08-02T06:00:00.212Z] 2025-08-02 08:00:00 [CLIENT DISCORD] 🔍 Vérification des règles...
[2025-08-02T06:00:00.228Z] 2025-08-02 08:00:00 [DEBUG] 📦 Checking version from local...
[2025-08-02T06:00:00.230Z] 2025-08-02 08:00:00 [CLIENT DISCORD] 📦 Nom : catherine
[2025-08-02T06:00:00.231Z] 2025-08-02 08:00:00 [CLIENT DISCORD] 🕒 Version locale : 2.1.2
[2025-08-02T06:00:00.231Z] 2025-08-02 08:00:00 [DEBUG] 🌐 Checking version from GitHub...
[2025-08-02T06:00:00.281Z] 2025-08-02 08:00:00 [CLIENT DISCORD] ✅ rules_1.txt inchangé, pas de mise à jour.
[2025-08-02T06:00:00.283Z] 2025-08-02 08:00:00 [CLIENT DISCORD] ✅ rules_2.txt inchangé, pas de mise à jour.
[2025-08-02T06:00:00.284Z] 2025-08-02 08:00:00 [CLIENT DISCORD] ✅ Vérification des règles terminée.
[2025-08-02T06:00:00.365Z] 2025-08-02 08:00:00 [CLIENT DISCORD] [EXPORT] access.json mis à jour avec 13 exécutif(s), 3 superviseur(s) et 2 commandement(s)
[2025-08-02T06:00:00.505Z] 2025-08-02 08:00:00 [CLIENT DISCORD] 📦 Nom GitHub : catherine
[2025-08-02T06:00:00.506Z] 2025-08-02 08:00:00 [CLIENT DISCORD] 🕒 Version distante : 2.1.2
[2025-08-02T06:00:00.507Z] [INFO] 2025-08-02 08:00:00 [ℹ️ INFO NOTIFY] ✅ Les versions sont identiques.
[2025-08-02T06:00:00.878Z] [NOTIFY] 2025-08-02 08:00:00 [🟢 SOFT NOTIFY] Message DIV supprimé
[2025-08-02T06:00:01.109Z] [NOTIFY] 2025-08-02 08:00:01 [🟢 SOFT NOTIFY] Message TABS supprimé
[2025-08-02T06:00:02.252Z] 2025-08-02 08:00:02 [CLIENT DISCORD] [✅] Hiérarchie DIV envoyée.
[2025-08-02T06:00:02.257Z] 2025-08-02 08:00:02 [CLIENT DISCORD] [Cron] 🕒 Fin de la régénération automatique de la hiérarchie.
[2025-08-02T06:00:02.668Z] 2025-08-02 08:00:02 [CLIENT DISCORD] [✅] Hiérarchie TABS envoyée.
[2025-08-02T06:00:02.692Z] 2025-08-02 08:00:02 [CLIENT DISCORD] [Cron] 🕒 Fin de la régénération automatique de la hiérarchie.
[2025-08-02T14:00:00.165Z] 2025-08-02 16:00:00 [CLIENT DISCORD] [32m🌇 Tâches du soir exécutées ![39m
[2025-08-02T14:00:00.188Z] 2025-08-02 16:00:00 [CLIENT DISCORD] [Cron] 🕒 Démarrage de la régénération automatique de la hiérarchie (tabs)...
[2025-08-02T14:00:00.193Z] 2025-08-02 16:00:00 [CLIENT DISCORD] [Cron] 🕒 Démarrage de la régénération automatique de la hiérarchie... (div)
[2025-08-02T14:00:00.194Z] 2025-08-02 16:00:00 [CLIENT DISCORD] 🔍 Vérification des règles...
[2025-08-02T14:00:00.205Z] 2025-08-02 16:00:00 [DEBUG] 📦 Checking version from local...
[2025-08-02T14:00:00.209Z] 2025-08-02 16:00:00 [CLIENT DISCORD] 📦 Nom : catherine
[2025-08-02T14:00:00.209Z] 2025-08-02 16:00:00 [CLIENT DISCORD] 🕒 Version locale : 2.1.2
[2025-08-02T14:00:00.209Z] 2025-08-02 16:00:00 [DEBUG] 🌐 Checking version from GitHub...
[2025-08-02T14:00:00.299Z] 2025-08-02 16:00:00 [CLIENT DISCORD] ✅ rules_1.txt inchangé, pas de mise à jour.
[2025-08-02T14:00:00.300Z] 2025-08-02 16:00:00 [CLIENT DISCORD] ✅ rules_2.txt inchangé, pas de mise à jour.
[2025-08-02T14:00:00.302Z] 2025-08-02 16:00:00 [CLIENT DISCORD] ✅ Vérification des règles terminée.
[2025-08-02T14:00:00.390Z] 2025-08-02 16:00:00 [CLIENT DISCORD] [EXPORT] access.json mis à jour avec 13 exécutif(s), 3 superviseur(s) et 2 commandement(s)
[2025-08-02T14:00:00.580Z] 2025-08-02 16:00:00 [CLIENT DISCORD] 📦 Nom GitHub : catherine
[2025-08-02T14:00:00.582Z] 2025-08-02 16:00:00 [CLIENT DISCORD] 🕒 Version distante : 2.1.2
[2025-08-02T14:00:00.583Z] [INFO] 2025-08-02 16:00:00 [ℹ️ INFO NOTIFY] ✅ Les versions sont identiques.
[2025-08-02T14:00:00.625Z] [NOTIFY] 2025-08-02 16:00:00 [🟢 SOFT NOTIFY] Message DIV supprimé
[2025-08-02T14:00:01.003Z] [NOTIFY] 2025-08-02 16:00:01 [🟢 SOFT NOTIFY] Message TABS supprimé
[2025-08-02T14:00:01.725Z] 2025-08-02 16:00:01 [CLIENT DISCORD] [✅] Hiérarchie DIV envoyée.
[2025-08-02T14:00:01.728Z] 2025-08-02 16:00:01 [CLIENT DISCORD] [Cron] 🕒 Fin de la régénération automatique de la hiérarchie.
[2025-08-02T14:00:03.540Z] 2025-08-02 16:00:03 [CLIENT DISCORD] [✅] Hiérarchie TABS envoyée.
[2025-08-02T14:00:03.547Z] 2025-08-02 16:00:03 [CLIENT DISCORD] [Cron] 🕒 Fin de la régénération automatique de la hiérarchie.
