[2025-08-21T03:00:00.124Z] 2025-08-21 05:00:00 [CLIENT DISCORD] [32m🌙 Tâches de la nuit exécutées ![39m
[2025-08-21T03:00:00.148Z] 2025-08-21 05:00:00 [DEBUG] 📦 Checking version from local...
[2025-08-21T03:00:00.150Z] 2025-08-21 05:00:00 [CLIENT DISCORD] 📦 Nom : catherine
[2025-08-21T03:00:00.151Z] 2025-08-21 05:00:00 [CLIENT DISCORD] 🕒 Version locale : 2.1.2
[2025-08-21T03:00:00.152Z] 2025-08-21 05:00:00 [DEBUG] 🌐 Checking version from GitHub...
[2025-08-21T03:00:00.158Z] 2025-08-21 05:00:00 [WARN] [REBOOT] Attention, Catherine redémarre (checker les logs). Instruction reboot.js
[2025-08-21T03:00:07.759Z] 2025-08-21 05:00:07 [CLIENT DISCORD] Les modules [32mloggers[39m ont correctement été exportés.
[2025-08-21T03:00:07.800Z] [EVENT] 2025-08-21 05:00:07 [📅 EVENT NOTIFY] Chargé : guildBanAdd
[2025-08-21T03:00:07.802Z] [EVENT] 2025-08-21 05:00:07 [📅 EVENT NOTIFY] Chargé : guildBanRemove
[2025-08-21T03:00:07.804Z] [EVENT] 2025-08-21 05:00:07 [📅 EVENT NOTIFY] Chargé : guildMemberAdd
[2025-08-21T03:00:07.806Z] [EVENT] 2025-08-21 05:00:07 [📅 EVENT NOTIFY] Chargé : guildMemberRemove
[2025-08-21T03:00:07.809Z] 2025-08-21 05:00:07 [CLIENT DISCORD] Les modules  [32mutils.js[39m [0m ont correctement été exporté.[0m
[2025-08-21T03:00:08.892Z] 2025-08-21 05:00:08 [CLIENT DISCORD] L'interaction  [32mbuttons.js[39m [0m ont correctement été exporté.[0m
[2025-08-21T03:00:09.133Z] 2025-08-21 05:00:09 [CLIENT DISCORD] L'interaction  [32mmodals.js[39m [0m ont correctement été exporté.[0m
[2025-08-21T03:00:09.135Z] [EVENT] 2025-08-21 05:00:09 [📅 EVENT NOTIFY] Chargé : interactionCreate
[2025-08-21T03:00:09.137Z] [EVENT] 2025-08-21 05:00:09 [📅 EVENT NOTIFY] Chargé : messageCreate
[2025-08-21T03:00:09.139Z] [EVENT] 2025-08-21 05:00:09 [📅 EVENT NOTIFY] Chargé : messageDelete
[2025-08-21T03:00:09.141Z] [EVENT] 2025-08-21 05:00:09 [📅 EVENT NOTIFY] Chargé : messageUpdate
[2025-08-21T03:00:09.153Z] 2025-08-21 05:00:09 [CLIENT DISCORD] Les modules  [32mcommands.js[39m [0m ont correctement été exporté.[0m
[2025-08-21T03:00:09.166Z] [EVENT] 2025-08-21 05:00:09 [📅 EVENT NOTIFY] Chargé : ready
[2025-08-21T03:00:09.167Z] [EVENT] 2025-08-21 05:00:09 [📅 EVENT NOTIFY] Chargé : voiceStateUpdate
[2025-08-21T03:00:09.173Z] [COMMANDS] 2025-08-21 05:00:09 [📌 COMMANDS NOTIFY] Chargée : ban
[2025-08-21T03:00:09.175Z] [COMMANDS] 2025-08-21 05:00:09 [📌 COMMANDS NOTIFY] Chargée : clear
[2025-08-21T03:00:09.177Z] [COMMANDS] 2025-08-21 05:00:09 [📌 COMMANDS NOTIFY] Chargée : createreport
[2025-08-21T03:00:09.178Z] [COMMANDS] 2025-08-21 05:00:09 [📌 COMMANDS NOTIFY] Chargée : div
[2025-08-21T03:00:09.180Z] [COMMANDS] 2025-08-21 05:00:09 [📌 COMMANDS NOTIFY] Chargée : help
[2025-08-21T03:00:09.181Z] [COMMANDS] 2025-08-21 05:00:09 [📌 COMMANDS NOTIFY] Chargée : info
[2025-08-21T03:00:09.183Z] [COMMANDS] 2025-08-21 05:00:09 [📌 COMMANDS NOTIFY] Chargée : infoshift
[2025-08-21T03:00:09.185Z] [COMMANDS] 2025-08-21 05:00:09 [📌 COMMANDS NOTIFY] Chargée : kick
[2025-08-21T03:00:09.187Z] [COMMANDS] 2025-08-21 05:00:09 [📌 COMMANDS NOTIFY] Chargée : mute
[2025-08-21T03:00:09.188Z] [COMMANDS] 2025-08-21 05:00:09 [📌 COMMANDS NOTIFY] Chargée : openservice
[2025-08-21T03:00:09.191Z] [COMMANDS] 2025-08-21 05:00:09 [📌 COMMANDS NOTIFY] Chargée : pex
[2025-08-21T03:00:09.200Z] [COMMANDS] 2025-08-21 05:00:09 [📌 COMMANDS NOTIFY] Chargée : play
[2025-08-21T03:00:09.202Z] [COMMANDS] 2025-08-21 05:00:09 [📌 COMMANDS NOTIFY] Chargée : promote
[2025-08-21T03:00:09.204Z] [COMMANDS] 2025-08-21 05:00:09 [📌 COMMANDS NOTIFY] Chargée : recruit
[2025-08-21T03:00:09.206Z] [COMMANDS] 2025-08-21 05:00:09 [📌 COMMANDS NOTIFY] Chargée : rename
[2025-08-21T03:00:09.207Z] [COMMANDS] 2025-08-21 05:00:09 [📌 COMMANDS NOTIFY] Chargée : role
[2025-08-21T03:00:09.209Z] [COMMANDS] 2025-08-21 05:00:09 [📌 COMMANDS NOTIFY] Chargée : send
[2025-08-21T03:00:09.211Z] [COMMANDS] 2025-08-21 05:00:09 [📌 COMMANDS NOTIFY] Chargée : shift
[2025-08-21T03:00:09.213Z] [COMMANDS] 2025-08-21 05:00:09 [📌 COMMANDS NOTIFY] Chargée : ticket
[2025-08-21T03:00:09.214Z] [COMMANDS] 2025-08-21 05:00:09 [📌 COMMANDS NOTIFY] Chargée : userinfo
[2025-08-21T03:00:09.216Z] [COMMANDS] 2025-08-21 05:00:09 [📌 COMMANDS NOTIFY] Chargée : warn
[2025-08-21T03:00:09.221Z] 2025-08-21 05:00:09 [CLIENT DISCORD] [42m[30mChargement des informations du package.[39m[49m
[42m[30m[39m[49m [46m[PACKAGE][49m [32mAuth. : François 🌸[39m
[32m[39m [46m[PACKAGE][49m [32mDepd. : axios, chalk, cron, discord-html-transcripts, discord-player, discord.js, distube, dotenv, express, express-session, form-data, fs, googleapis, luxon, node-cron, node-fetch, ora, patch, path, pdf-lib, pdfkit, play-dl, readline, rl, uuid[39m
[32m[39m [46m[PACKAGE][49m [32mDesc. : Official Bot Catherine for 911 Community.[39m
[32m[39m [46m[PACKAGE][49m [32mLisc. : ISC[39m
[32m[39m [46m[PACKAGE][49m [32mMain. : index.js[39m
[32m[39m [46m[PACKAGE][49m [32mName. : catherine[39m
[32m[39m [46m[PACKAGE][49m [32mScrp. : {"test":"echo \"Error: no test specified\" && exit 1","start":"node server.js"}[39m
[32m[39m [46m[PACKAGE][49m [32mVers. : 2.1.2[39m
[32m[39m [46m[PACKAGE][49m [32mPatch Note. : **[PN - 07/06]** *Passage 2.0 with new patch (shift, tabs... new commands handler)*[39m
[32m[39m
[2025-08-21T03:00:10.139Z] 2025-08-21 05:00:10 [DEBUG] 📦 Checking version from local...
[2025-08-21T03:00:10.140Z] 2025-08-21 05:00:10 [CLIENT DISCORD] 📦 Nom : catherine
[2025-08-21T03:00:10.140Z] 2025-08-21 05:00:10 [CLIENT DISCORD] 🕒 Version locale : 2.1.2
[2025-08-21T03:00:10.140Z] 2025-08-21 05:00:10 [DEBUG] 🌐 Checking version from GitHub...
[2025-08-21T03:00:10.399Z] 2025-08-21 05:00:10 [CLIENT DISCORD] 📦 Nom GitHub : catherine
[2025-08-21T03:00:10.399Z] 2025-08-21 05:00:10 [CLIENT DISCORD] 🕒 Version distante : 2.1.2
[2025-08-21T03:00:10.400Z] [INFO] 2025-08-21 05:00:10 [ℹ️ INFO NOTIFY] ✅ Les versions sont identiques.
[2025-08-21T03:00:10.400Z] 2025-08-21 05:00:10 [CLIENT DISCORD] [34m==============================[39m
[2025-08-21T03:00:10.400Z] 2025-08-21 05:00:10 [CLIENT DISCORD] [32m🚀 Démarrage du bot...[39m
[2025-08-21T03:00:10.400Z] 2025-08-21 05:00:10 [CLIENT DISCORD] [33m🔗 Connexion à Discord API...[39m
[2025-08-21T03:00:10.401Z] 2025-08-21 05:00:10 [CLIENT DISCORD] [36m✅ Bot RP en ligne ! Connecté en tant que 293 | Catherine#8045[39m
[2025-08-21T03:00:10.401Z] 2025-08-21 05:00:10 [CLIENT DISCORD] [34m==============================[39m
[34m[39m
[2025-08-21T03:00:10.408Z] 2025-08-21 05:00:10 [CLIENT DISCORD] [player] Initialisation du Player terminée.
[2025-08-21T03:00:10.412Z] 2025-08-21 05:00:10 [CLIENT DISCORD] [player] Extracteurs chargés avec succès.
[2025-08-21T03:00:10.413Z] 2025-08-21 05:00:10 [CLIENT DISCORD] 📥 Serveur trouvé : Georgia State Police (GSP)
[2025-08-21T03:00:10.593Z] 2025-08-21 05:00:10 [CLIENT DISCORD] 🔍 Commandes déjà présentes : play, rules, createreport, div, role, info, pex, openservice, infoshift, recruit, help, ban, ticket, shutdown, userinfo, send, clear, kick, warn, mute, rename, shift, promote
[2025-08-21T03:00:10.593Z] 2025-08-21 05:00:10 [WARN] ⚠️ Les commandes sont déjà enregistrées. Lance avec 'debug' pour forcer l'écrasement.
[2025-08-21T03:00:10.594Z] 2025-08-21 05:00:10 [CLIENT DISCORD] 🎮 Statut et activité mis à jour.
[2025-08-21T03:00:10.594Z] 2025-08-21 05:00:10 [CLIENT DISCORD] 📌 Mode de lancement : [33mAucun[39m
[2025-08-21T03:00:10.595Z] 2025-08-21 05:00:10 [CLIENT DISCORD] ✅ Bot prêt en tant que 293 | Catherine#8045
[2025-08-21T06:00:00.221Z] 2025-08-21 08:00:00 [CLIENT DISCORD] [32m🌅 Tâches du matin exécutées ![39m
[2025-08-21T06:00:00.266Z] 2025-08-21 08:00:00 [CLIENT DISCORD] [Cron] 🕒 Démarrage de la régénération automatique de la hiérarchie (tabs)...
[2025-08-21T06:00:00.276Z] 2025-08-21 08:00:00 [CLIENT DISCORD] [Cron] 🕒 Démarrage de la régénération automatique de la hiérarchie... (div)
[2025-08-21T06:00:00.281Z] 2025-08-21 08:00:00 [CLIENT DISCORD] 🔍 Vérification des règles...
[2025-08-21T06:00:00.300Z] 2025-08-21 08:00:00 [DEBUG] 📦 Checking version from local...
[2025-08-21T06:00:00.303Z] 2025-08-21 08:00:00 [CLIENT DISCORD] 📦 Nom : catherine
[2025-08-21T06:00:00.304Z] 2025-08-21 08:00:00 [CLIENT DISCORD] 🕒 Version locale : 2.1.2
[2025-08-21T06:00:00.305Z] 2025-08-21 08:00:00 [DEBUG] 🌐 Checking version from GitHub...
[2025-08-21T06:00:00.437Z] 2025-08-21 08:00:00 [CLIENT DISCORD] ✅ rules_1.txt inchangé, pas de mise à jour.
[2025-08-21T06:00:00.438Z] 2025-08-21 08:00:00 [CLIENT DISCORD] ✅ rules_2.txt inchangé, pas de mise à jour.
[2025-08-21T06:00:00.439Z] 2025-08-21 08:00:00 [CLIENT DISCORD] ✅ Vérification des règles terminée.
[2025-08-21T06:00:00.516Z] 2025-08-21 08:00:00 [CLIENT DISCORD] [EXPORT] access.json mis à jour avec 13 exécutif(s), 3 superviseur(s) et 2 commandement(s)
[2025-08-21T06:00:00.740Z] 2025-08-21 08:00:00 [CLIENT DISCORD] 📦 Nom GitHub : catherine
[2025-08-21T06:00:00.740Z] 2025-08-21 08:00:00 [CLIENT DISCORD] 🕒 Version distante : 2.1.2
[2025-08-21T06:00:00.755Z] [INFO] 2025-08-21 08:00:00 [ℹ️ INFO NOTIFY] ✅ Les versions sont identiques.
[2025-08-21T06:00:01.037Z] [NOTIFY] 2025-08-21 08:00:01 [🟢 SOFT NOTIFY] Message DIV supprimé
[2025-08-21T06:00:01.295Z] [NOTIFY] 2025-08-21 08:00:01 [🟢 SOFT NOTIFY] Message TABS supprimé
[2025-08-21T06:00:02.571Z] 2025-08-21 08:00:02 [CLIENT DISCORD] [✅] Hiérarchie DIV envoyée.
[2025-08-21T06:00:02.573Z] 2025-08-21 08:00:02 [CLIENT DISCORD] [Cron] 🕒 Fin de la régénération automatique de la hiérarchie.
[2025-08-21T06:00:03.319Z] 2025-08-21 08:00:03 [CLIENT DISCORD] [✅] Hiérarchie TABS envoyée.
[2025-08-21T06:00:03.320Z] 2025-08-21 08:00:03 [CLIENT DISCORD] [Cron] 🕒 Fin de la régénération automatique de la hiérarchie.
[2025-08-21T14:00:00.148Z] 2025-08-21 16:00:00 [CLIENT DISCORD] [32m🌇 Tâches du soir exécutées ![39m
[2025-08-21T14:00:00.169Z] 2025-08-21 16:00:00 [CLIENT DISCORD] [Cron] 🕒 Démarrage de la régénération automatique de la hiérarchie (tabs)...
[2025-08-21T14:00:00.177Z] 2025-08-21 16:00:00 [CLIENT DISCORD] [Cron] 🕒 Démarrage de la régénération automatique de la hiérarchie... (div)
[2025-08-21T14:00:00.179Z] 2025-08-21 16:00:00 [CLIENT DISCORD] 🔍 Vérification des règles...
[2025-08-21T14:00:00.191Z] 2025-08-21 16:00:00 [DEBUG] 📦 Checking version from local...
[2025-08-21T14:00:00.195Z] 2025-08-21 16:00:00 [CLIENT DISCORD] 📦 Nom : catherine
[2025-08-21T14:00:00.196Z] 2025-08-21 16:00:00 [CLIENT DISCORD] 🕒 Version locale : 2.1.2
[2025-08-21T14:00:00.197Z] 2025-08-21 16:00:00 [DEBUG] 🌐 Checking version from GitHub...
[2025-08-21T14:00:00.230Z] 2025-08-21 16:00:00 [CLIENT DISCORD] ✅ rules_1.txt inchangé, pas de mise à jour.
[2025-08-21T14:00:00.232Z] 2025-08-21 16:00:00 [CLIENT DISCORD] ✅ rules_2.txt inchangé, pas de mise à jour.
[2025-08-21T14:00:00.232Z] 2025-08-21 16:00:00 [CLIENT DISCORD] ✅ Vérification des règles terminée.
[2025-08-21T14:00:00.316Z] 2025-08-21 16:00:00 [CLIENT DISCORD] [EXPORT] access.json mis à jour avec 13 exécutif(s), 3 superviseur(s) et 2 commandement(s)
[2025-08-21T14:00:00.496Z] 2025-08-21 16:00:00 [CLIENT DISCORD] 📦 Nom GitHub : catherine
[2025-08-21T14:00:00.496Z] 2025-08-21 16:00:00 [CLIENT DISCORD] 🕒 Version distante : 2.1.2
[2025-08-21T14:00:00.497Z] [INFO] 2025-08-21 16:00:00 [ℹ️ INFO NOTIFY] ✅ Les versions sont identiques.
[2025-08-21T14:00:00.520Z] [NOTIFY] 2025-08-21 16:00:00 [🟢 SOFT NOTIFY] Message DIV supprimé
[2025-08-21T14:00:00.911Z] [NOTIFY] 2025-08-21 16:00:00 [🟢 SOFT NOTIFY] Message TABS supprimé
[2025-08-21T14:00:02.320Z] 2025-08-21 16:00:02 [CLIENT DISCORD] [✅] Hiérarchie DIV envoyée.
[2025-08-21T14:00:02.325Z] 2025-08-21 16:00:02 [CLIENT DISCORD] [Cron] 🕒 Fin de la régénération automatique de la hiérarchie.
[2025-08-21T14:00:02.544Z] 2025-08-21 16:00:02 [CLIENT DISCORD] [✅] Hiérarchie TABS envoyée.
[2025-08-21T14:00:02.559Z] 2025-08-21 16:00:02 [CLIENT DISCORD] [Cron] 🕒 Fin de la régénération automatique de la hiérarchie.
