[2025-09-30T21:49:50.943Z] 2025-09-30 23:49:50 [CLIENT DISCORD] Les modules [32mloggers[39m ont correctement été exportés.
[2025-09-30T21:49:50.944Z] 2025-09-30 23:49:50 [DEBUG] 📦 Checking version from local...
[2025-09-30T21:49:50.944Z] 2025-09-30 23:49:50 [CLIENT DISCORD] 📦 Nom : catherine
[2025-09-30T21:49:50.944Z] 2025-09-30 23:49:50 [CLIENT DISCORD] 🕒 Version locale : 2.3.1
[2025-09-30T21:49:50.944Z] 2025-09-30 23:49:50 [DEBUG] 🌐 Checking version from GitHub...
[2025-09-30T21:49:50.970Z] [EVENT] 2025-09-30 23:49:50 [📅 EVENT NOTIFY] Chargé : guildBanAdd
[2025-09-30T21:49:50.970Z] [EVENT] 2025-09-30 23:49:50 [📅 EVENT NOTIFY] Chargé : guildBanRemove
[2025-09-30T21:49:50.971Z] [EVENT] 2025-09-30 23:49:50 [📅 EVENT NOTIFY] Chargé : guildMemberAdd
[2025-09-30T21:49:50.971Z] [EVENT] 2025-09-30 23:49:50 [📅 EVENT NOTIFY] Chargé : guildMemberRemove
[2025-09-30T21:49:50.973Z] 2025-09-30 23:49:50 [CLIENT DISCORD] Les modules  [32mutils.js[39m [0m ont correctement été exporté.[0m
[2025-09-30T21:49:51.177Z] 2025-09-30 23:49:51 [CLIENT DISCORD] L'interaction  [32mbuttons.js[39m [0m ont correctement été exporté.[0m
[2025-09-30T21:49:51.243Z] 2025-09-30 23:49:51 [CLIENT DISCORD] L'interaction  [32mmodals.js[39m [0m ont correctement été exporté.[0m
[2025-09-30T21:49:51.243Z] [EVENT] 2025-09-30 23:49:51 [📅 EVENT NOTIFY] Chargé : interactionCreate
[2025-09-30T21:49:51.243Z] [EVENT] 2025-09-30 23:49:51 [📅 EVENT NOTIFY] Chargé : messageCreate
[2025-09-30T21:49:51.244Z] [EVENT] 2025-09-30 23:49:51 [📅 EVENT NOTIFY] Chargé : messageDelete
[2025-09-30T21:49:51.244Z] [EVENT] 2025-09-30 23:49:51 [📅 EVENT NOTIFY] Chargé : messageUpdate
[2025-09-30T21:49:51.248Z] 2025-09-30 23:49:51 [CLIENT DISCORD] Les modules  [32mcommands.js[39m [0m ont correctement été exporté.[0m
[2025-09-30T21:49:51.251Z] [EVENT] 2025-09-30 23:49:51 [📅 EVENT NOTIFY] Chargé : ready
[2025-09-30T21:49:51.252Z] [EVENT] 2025-09-30 23:49:51 [📅 EVENT NOTIFY] Chargé : voiceStateUpdate
[2025-09-30T21:49:51.253Z] [COMMANDS] 2025-09-30 23:49:51 [📌 COMMANDS NOTIFY] Chargée : ban
[2025-09-30T21:49:51.253Z] [COMMANDS] 2025-09-30 23:49:51 [📌 COMMANDS NOTIFY] Chargée : clear
[2025-09-30T21:49:51.253Z] [COMMANDS] 2025-09-30 23:49:51 [📌 COMMANDS NOTIFY] Chargée : createreport
[2025-09-30T21:49:51.254Z] [COMMANDS] 2025-09-30 23:49:51 [📌 COMMANDS NOTIFY] Chargée : div
[2025-09-30T21:49:51.254Z] [COMMANDS] 2025-09-30 23:49:51 [📌 COMMANDS NOTIFY] Chargée : help
[2025-09-30T21:49:51.254Z] [COMMANDS] 2025-09-30 23:49:51 [📌 COMMANDS NOTIFY] Chargée : info
[2025-09-30T21:49:51.262Z] [COMMANDS] 2025-09-30 23:49:51 [📌 COMMANDS NOTIFY] Chargée : infoshift
[2025-09-30T21:49:51.263Z] [COMMANDS] 2025-09-30 23:49:51 [📌 COMMANDS NOTIFY] Chargée : kick
[2025-09-30T21:49:51.264Z] [COMMANDS] 2025-09-30 23:49:51 [📌 COMMANDS NOTIFY] Chargée : mute
[2025-09-30T21:49:51.264Z] [COMMANDS] 2025-09-30 23:49:51 [📌 COMMANDS NOTIFY] Chargée : openservice
[2025-09-30T21:49:51.264Z] [COMMANDS] 2025-09-30 23:49:51 [📌 COMMANDS NOTIFY] Chargée : pex
[2025-09-30T21:49:51.269Z] [COMMANDS] 2025-09-30 23:49:51 [📌 COMMANDS NOTIFY] Chargée : play
[2025-09-30T21:49:51.269Z] [COMMANDS] 2025-09-30 23:49:51 [📌 COMMANDS NOTIFY] Chargée : promote
[2025-09-30T21:49:51.270Z] [COMMANDS] 2025-09-30 23:49:51 [📌 COMMANDS NOTIFY] Chargée : recruit
[2025-09-30T21:49:51.270Z] [COMMANDS] 2025-09-30 23:49:51 [📌 COMMANDS NOTIFY] Chargée : rename
[2025-09-30T21:49:51.270Z] [COMMANDS] 2025-09-30 23:49:51 [📌 COMMANDS NOTIFY] Chargée : role
[2025-09-30T21:49:51.271Z] [COMMANDS] 2025-09-30 23:49:51 [📌 COMMANDS NOTIFY] Chargée : send
[2025-09-30T21:49:51.271Z] [COMMANDS] 2025-09-30 23:49:51 [📌 COMMANDS NOTIFY] Chargée : shift
[2025-09-30T21:49:51.272Z] [COMMANDS] 2025-09-30 23:49:51 [📌 COMMANDS NOTIFY] Chargée : ticket
[2025-09-30T21:49:51.273Z] [COMMANDS] 2025-09-30 23:49:51 [📌 COMMANDS NOTIFY] Chargée : userinfo
[2025-09-30T21:49:51.274Z] [COMMANDS] 2025-09-30 23:49:51 [📌 COMMANDS NOTIFY] Chargée : warn
[2025-09-30T21:49:51.275Z] 2025-09-30 23:49:51 [CLIENT DISCORD] [42m[30mChargement des informations du package.[39m[49m
[42m[30m[39m[49m [46m[PACKAGE][49m [32mAuth. : François 🌸[39m
[32m[39m [46m[PACKAGE][49m [32mDepd. : axios, chalk, cron, discord-html-transcripts, discord-player, discord.js, distube, dotenv, express, express-session, form-data, fs, googleapis, luxon, multer, node-cron, node-fetch, ora, patch, path, pdf-lib, pdfkit, play-dl, readline, rl, uuid[39m
[32m[39m [46m[PACKAGE][49m [32mDesc. : Official Bot Catherine for 911 Community.[39m
[32m[39m [46m[PACKAGE][49m [32mLisc. : ISC[39m
[32m[39m [46m[PACKAGE][49m [32mMain. : index.js[39m
[32m[39m [46m[PACKAGE][49m [32mName. : catherine[39m
[32m[39m [46m[PACKAGE][49m [32mScrp. : {"test":"echo \"Error: no test specified\" && exit 1","start":"node server.js"}[39m
[32m[39m [46m[PACKAGE][49m [32mVers. : 2.3.1[39m
[32m[39m [46m[PACKAGE][49m [32mPatch Note. : **[PN - 07/06]** *Passage 2.0 with new patch (shift, tabs... new commands handler)*[39m
[32m[39m
[2025-09-30T21:49:51.666Z] 2025-09-30 23:49:51 [CLIENT DISCORD] 📦 Nom GitHub : catherine
[2025-09-30T21:49:51.666Z] 2025-09-30 23:49:51 [CLIENT DISCORD] 🕒 Version distante : 2.3.1
[2025-09-30T21:49:51.666Z] [INFO] 2025-09-30 23:49:51 [ℹ️ INFO NOTIFY] ✅ Les versions sont identiques.
[2025-09-30T21:49:57.225Z] 2025-09-30 23:49:57 [CLIENT DISCORD] Les modules [32mloggers[39m ont correctement été exportés.
[2025-09-30T21:49:57.226Z] 2025-09-30 23:49:57 [DEBUG] 📦 Checking version from local...
[2025-09-30T21:49:57.226Z] 2025-09-30 23:49:57 [CLIENT DISCORD] 📦 Nom : catherine
[2025-09-30T21:49:57.226Z] 2025-09-30 23:49:57 [CLIENT DISCORD] 🕒 Version locale : 2.3.1
[2025-09-30T21:49:57.226Z] 2025-09-30 23:49:57 [DEBUG] 🌐 Checking version from GitHub...
[2025-09-30T21:49:57.247Z] [EVENT] 2025-09-30 23:49:57 [📅 EVENT NOTIFY] Chargé : guildBanAdd
[2025-09-30T21:49:57.248Z] [EVENT] 2025-09-30 23:49:57 [📅 EVENT NOTIFY] Chargé : guildBanRemove
[2025-09-30T21:49:57.248Z] [EVENT] 2025-09-30 23:49:57 [📅 EVENT NOTIFY] Chargé : guildMemberAdd
[2025-09-30T21:49:57.248Z] [EVENT] 2025-09-30 23:49:57 [📅 EVENT NOTIFY] Chargé : guildMemberRemove
[2025-09-30T21:49:57.249Z] 2025-09-30 23:49:57 [CLIENT DISCORD] Les modules  [32mutils.js[39m [0m ont correctement été exporté.[0m
[2025-09-30T21:49:57.376Z] 2025-09-30 23:49:57 [CLIENT DISCORD] L'interaction  [32mbuttons.js[39m [0m ont correctement été exporté.[0m
[2025-09-30T21:49:57.422Z] 2025-09-30 23:49:57 [CLIENT DISCORD] L'interaction  [32mmodals.js[39m [0m ont correctement été exporté.[0m
[2025-09-30T21:49:57.423Z] [EVENT] 2025-09-30 23:49:57 [📅 EVENT NOTIFY] Chargé : interactionCreate
[2025-09-30T21:49:57.423Z] [EVENT] 2025-09-30 23:49:57 [📅 EVENT NOTIFY] Chargé : messageCreate
[2025-09-30T21:49:57.424Z] [EVENT] 2025-09-30 23:49:57 [📅 EVENT NOTIFY] Chargé : messageDelete
[2025-09-30T21:49:57.424Z] [EVENT] 2025-09-30 23:49:57 [📅 EVENT NOTIFY] Chargé : messageUpdate
[2025-09-30T21:49:57.429Z] 2025-09-30 23:49:57 [CLIENT DISCORD] Les modules  [32mcommands.js[39m [0m ont correctement été exporté.[0m
[2025-09-30T21:49:57.431Z] [EVENT] 2025-09-30 23:49:57 [📅 EVENT NOTIFY] Chargé : ready
[2025-09-30T21:49:57.432Z] [EVENT] 2025-09-30 23:49:57 [📅 EVENT NOTIFY] Chargé : voiceStateUpdate
[2025-09-30T21:49:57.432Z] [COMMANDS] 2025-09-30 23:49:57 [📌 COMMANDS NOTIFY] Chargée : ban
[2025-09-30T21:49:57.433Z] [COMMANDS] 2025-09-30 23:49:57 [📌 COMMANDS NOTIFY] Chargée : clear
[2025-09-30T21:49:57.433Z] [COMMANDS] 2025-09-30 23:49:57 [📌 COMMANDS NOTIFY] Chargée : createreport
[2025-09-30T21:49:57.433Z] [COMMANDS] 2025-09-30 23:49:57 [📌 COMMANDS NOTIFY] Chargée : div
[2025-09-30T21:49:57.433Z] [COMMANDS] 2025-09-30 23:49:57 [📌 COMMANDS NOTIFY] Chargée : help
[2025-09-30T21:49:57.433Z] [COMMANDS] 2025-09-30 23:49:57 [📌 COMMANDS NOTIFY] Chargée : info
[2025-09-30T21:49:57.434Z] [COMMANDS] 2025-09-30 23:49:57 [📌 COMMANDS NOTIFY] Chargée : infoshift
[2025-09-30T21:49:57.434Z] [COMMANDS] 2025-09-30 23:49:57 [📌 COMMANDS NOTIFY] Chargée : kick
[2025-09-30T21:49:57.434Z] [COMMANDS] 2025-09-30 23:49:57 [📌 COMMANDS NOTIFY] Chargée : mute
[2025-09-30T21:49:57.435Z] [COMMANDS] 2025-09-30 23:49:57 [📌 COMMANDS NOTIFY] Chargée : openservice
[2025-09-30T21:49:57.435Z] [COMMANDS] 2025-09-30 23:49:57 [📌 COMMANDS NOTIFY] Chargée : pex
[2025-09-30T21:49:57.444Z] [COMMANDS] 2025-09-30 23:49:57 [📌 COMMANDS NOTIFY] Chargée : play
[2025-09-30T21:49:57.444Z] [COMMANDS] 2025-09-30 23:49:57 [📌 COMMANDS NOTIFY] Chargée : promote
[2025-09-30T21:49:57.445Z] [COMMANDS] 2025-09-30 23:49:57 [📌 COMMANDS NOTIFY] Chargée : recruit
[2025-09-30T21:49:57.445Z] [COMMANDS] 2025-09-30 23:49:57 [📌 COMMANDS NOTIFY] Chargée : rename
[2025-09-30T21:49:57.445Z] [COMMANDS] 2025-09-30 23:49:57 [📌 COMMANDS NOTIFY] Chargée : role
[2025-09-30T21:49:57.445Z] [COMMANDS] 2025-09-30 23:49:57 [📌 COMMANDS NOTIFY] Chargée : send
[2025-09-30T21:49:57.446Z] [COMMANDS] 2025-09-30 23:49:57 [📌 COMMANDS NOTIFY] Chargée : shift
[2025-09-30T21:49:57.446Z] [COMMANDS] 2025-09-30 23:49:57 [📌 COMMANDS NOTIFY] Chargée : ticket
[2025-09-30T21:49:57.447Z] [COMMANDS] 2025-09-30 23:49:57 [📌 COMMANDS NOTIFY] Chargée : userinfo
[2025-09-30T21:49:57.447Z] [COMMANDS] 2025-09-30 23:49:57 [📌 COMMANDS NOTIFY] Chargée : warn
[2025-09-30T21:49:57.448Z] 2025-09-30 23:49:57 [CLIENT DISCORD] [42m[30mChargement des informations du package.[39m[49m
[42m[30m[39m[49m [46m[PACKAGE][49m [32mAuth. : François 🌸[39m
[32m[39m [46m[PACKAGE][49m [32mDepd. : axios, chalk, cron, discord-html-transcripts, discord-player, discord.js, distube, dotenv, express, express-session, form-data, fs, googleapis, luxon, multer, node-cron, node-fetch, ora, patch, path, pdf-lib, pdfkit, play-dl, readline, rl, uuid[39m
[32m[39m [46m[PACKAGE][49m [32mDesc. : Official Bot Catherine for 911 Community.[39m
[32m[39m [46m[PACKAGE][49m [32mLisc. : ISC[39m
[32m[39m [46m[PACKAGE][49m [32mMain. : index.js[39m
[32m[39m [46m[PACKAGE][49m [32mName. : catherine[39m
[32m[39m [46m[PACKAGE][49m [32mScrp. : {"test":"echo \"Error: no test specified\" && exit 1","start":"node server.js"}[39m
[32m[39m [46m[PACKAGE][49m [32mVers. : 2.3.1[39m
[32m[39m [46m[PACKAGE][49m [32mPatch Note. : **[PN - 07/06]** *Passage 2.0 with new patch (shift, tabs... new commands handler)*[39m
[32m[39m
[2025-09-30T21:49:57.796Z] 2025-09-30 23:49:57 [CLIENT DISCORD] 📦 Nom GitHub : catherine
[2025-09-30T21:49:57.796Z] 2025-09-30 23:49:57 [CLIENT DISCORD] 🕒 Version distante : 2.3.1
[2025-09-30T21:49:57.797Z] [INFO] 2025-09-30 23:49:57 [ℹ️ INFO NOTIFY] ✅ Les versions sont identiques.
[2025-09-30T21:49:58.548Z] 2025-09-30 23:49:58 [DEBUG] 📦 Checking version from local...
[2025-09-30T21:49:58.548Z] 2025-09-30 23:49:58 [CLIENT DISCORD] 📦 Nom : catherine
[2025-09-30T21:49:58.549Z] 2025-09-30 23:49:58 [CLIENT DISCORD] 🕒 Version locale : 2.3.1
[2025-09-30T21:49:58.549Z] 2025-09-30 23:49:58 [DEBUG] 🌐 Checking version from GitHub...
[2025-09-30T21:49:58.737Z] 2025-09-30 23:49:58 [CLIENT DISCORD] 📦 Nom GitHub : catherine
[2025-09-30T21:49:58.737Z] 2025-09-30 23:49:58 [CLIENT DISCORD] 🕒 Version distante : 2.3.1
[2025-09-30T21:49:58.738Z] [INFO] 2025-09-30 23:49:58 [ℹ️ INFO NOTIFY] ✅ Les versions sont identiques.
[2025-09-30T21:49:58.738Z] 2025-09-30 23:49:58 [CLIENT DISCORD] [34m==============================[39m
[2025-09-30T21:49:58.738Z] 2025-09-30 23:49:58 [CLIENT DISCORD] [32m🚀 Démarrage du bot...[39m
[2025-09-30T21:49:58.738Z] 2025-09-30 23:49:58 [CLIENT DISCORD] [33m🔗 Connexion à Discord API...[39m
[2025-09-30T21:49:58.739Z] 2025-09-30 23:49:58 [CLIENT DISCORD] [36m✅ Bot RP en ligne ! Connecté en tant que 293 | Catherine#8045[39m
[2025-09-30T21:49:58.739Z] 2025-09-30 23:49:58 [CLIENT DISCORD] [34m==============================[39m
[34m[39m
[2025-09-30T21:49:58.748Z] 2025-09-30 23:49:58 [CLIENT DISCORD] [player] Initialisation du Player terminée.
[2025-09-30T21:49:58.749Z] 2025-09-30 23:49:58 [CLIENT DISCORD] [player] Extracteurs chargés avec succès.
[2025-09-30T21:49:58.749Z] 2025-09-30 23:49:58 [CLIENT DISCORD] 📥 Serveur trouvé : San Andreas State Police
[2025-09-30T21:49:58.962Z] 2025-09-30 23:49:58 [CLIENT DISCORD] 🔍 Commandes déjà présentes : play, rules, createreport, div, role, info, pex, openservice, infoshift, recruit, help, ban, ticket, shutdown, userinfo, send, clear, kick, warn, mute, rename, shift, promote
[2025-09-30T21:49:58.962Z] 2025-09-30 23:49:58 [WARN] ⚠️ Les commandes sont déjà enregistrées. Lance avec 'debug' pour forcer l'écrasement.
[2025-09-30T21:49:58.963Z] 2025-09-30 23:49:58 [CLIENT DISCORD] 🎮 Statut et activité mis à jour.
[2025-09-30T21:49:58.963Z] 2025-09-30 23:49:58 [CLIENT DISCORD] 📌 Mode de lancement : [33mAucun[39m
[2025-09-30T21:49:58.963Z] 2025-09-30 23:49:58 [CLIENT DISCORD] ✅ Bot prêt en tant que 293 | Catherine#8045
[2025-09-30T21:49:58.966Z] 2025-09-30 23:49:58 [CLIENT DISCORD] [Cron] 🕒 Démarrage de la régénération automatique de la hiérarchie (tabs)...
[2025-09-30T21:49:58.966Z] 2025-09-30 23:49:58 [CLIENT DISCORD] [Cron] 🕒 Démarrage de la régénération automatique de la hiérarchie... (div)
[2025-09-30T21:49:59.269Z] 2025-09-30 23:49:59 [WARN] [!] (DIV) Ancien message non trouvé ou déjà supprimé.
[2025-09-30T21:49:59.475Z] 2025-09-30 23:49:59 [WARN] [!] (TABS) Ancien message non trouvé ou déjà supprimé.
[2025-09-30T21:50:00.780Z] 2025-09-30 23:50:00 [CLIENT DISCORD] [✅] Hiérarchie DIV envoyée.
[2025-09-30T21:50:00.781Z] 2025-09-30 23:50:00 [CLIENT DISCORD] [Cron] 🕒 Fin de la régénération automatique de la hiérarchie.
[2025-09-30T21:50:01.389Z] 2025-09-30 23:50:01 [CLIENT DISCORD] [✅] Hiérarchie TABS envoyée.
[2025-09-30T21:50:01.389Z] 2025-09-30 23:50:01 [CLIENT DISCORD] [Cron] 🕒 Fin de la régénération automatique de la hiérarchie.
[2025-09-30T21:51:53.279Z] 2025-09-30 23:51:53 [CLIENT DISCORD] Les modules [32mloggers[39m ont correctement été exportés.
[2025-09-30T21:51:53.279Z] 2025-09-30 23:51:53 [DEBUG] 📦 Checking version from local...
[2025-09-30T21:51:53.280Z] 2025-09-30 23:51:53 [CLIENT DISCORD] 📦 Nom : catherine
[2025-09-30T21:51:53.280Z] 2025-09-30 23:51:53 [CLIENT DISCORD] 🕒 Version locale : 2.3.1
[2025-09-30T21:51:53.280Z] 2025-09-30 23:51:53 [DEBUG] 🌐 Checking version from GitHub...
[2025-09-30T21:51:53.300Z] [EVENT] 2025-09-30 23:51:53 [📅 EVENT NOTIFY] Chargé : guildBanAdd
[2025-09-30T21:51:53.301Z] [EVENT] 2025-09-30 23:51:53 [📅 EVENT NOTIFY] Chargé : guildBanRemove
[2025-09-30T21:51:53.301Z] [EVENT] 2025-09-30 23:51:53 [📅 EVENT NOTIFY] Chargé : guildMemberAdd
[2025-09-30T21:51:53.301Z] [EVENT] 2025-09-30 23:51:53 [📅 EVENT NOTIFY] Chargé : guildMemberRemove
[2025-09-30T21:51:53.302Z] 2025-09-30 23:51:53 [CLIENT DISCORD] Les modules  [32mutils.js[39m [0m ont correctement été exporté.[0m
[2025-09-30T21:51:53.428Z] 2025-09-30 23:51:53 [CLIENT DISCORD] L'interaction  [32mbuttons.js[39m [0m ont correctement été exporté.[0m
[2025-09-30T21:51:53.474Z] 2025-09-30 23:51:53 [CLIENT DISCORD] L'interaction  [32mmodals.js[39m [0m ont correctement été exporté.[0m
[2025-09-30T21:51:53.474Z] [EVENT] 2025-09-30 23:51:53 [📅 EVENT NOTIFY] Chargé : interactionCreate
[2025-09-30T21:51:53.475Z] [EVENT] 2025-09-30 23:51:53 [📅 EVENT NOTIFY] Chargé : messageCreate
[2025-09-30T21:51:53.475Z] [EVENT] 2025-09-30 23:51:53 [📅 EVENT NOTIFY] Chargé : messageDelete
[2025-09-30T21:51:53.475Z] [EVENT] 2025-09-30 23:51:53 [📅 EVENT NOTIFY] Chargé : messageUpdate
[2025-09-30T21:51:53.481Z] 2025-09-30 23:51:53 [CLIENT DISCORD] Les modules  [32mcommands.js[39m [0m ont correctement été exporté.[0m
[2025-09-30T21:51:53.485Z] [EVENT] 2025-09-30 23:51:53 [📅 EVENT NOTIFY] Chargé : ready
[2025-09-30T21:51:53.485Z] [EVENT] 2025-09-30 23:51:53 [📅 EVENT NOTIFY] Chargé : voiceStateUpdate
[2025-09-30T21:51:53.486Z] [COMMANDS] 2025-09-30 23:51:53 [📌 COMMANDS NOTIFY] Chargée : ban
[2025-09-30T21:51:53.486Z] [COMMANDS] 2025-09-30 23:51:53 [📌 COMMANDS NOTIFY] Chargée : clear
[2025-09-30T21:51:53.487Z] [COMMANDS] 2025-09-30 23:51:53 [📌 COMMANDS NOTIFY] Chargée : createreport
[2025-09-30T21:51:53.487Z] [COMMANDS] 2025-09-30 23:51:53 [📌 COMMANDS NOTIFY] Chargée : div
[2025-09-30T21:51:53.487Z] [COMMANDS] 2025-09-30 23:51:53 [📌 COMMANDS NOTIFY] Chargée : help
[2025-09-30T21:51:53.487Z] [COMMANDS] 2025-09-30 23:51:53 [📌 COMMANDS NOTIFY] Chargée : info
[2025-09-30T21:51:53.488Z] [COMMANDS] 2025-09-30 23:51:53 [📌 COMMANDS NOTIFY] Chargée : infoshift
[2025-09-30T21:51:53.488Z] [COMMANDS] 2025-09-30 23:51:53 [📌 COMMANDS NOTIFY] Chargée : kick
[2025-09-30T21:51:53.494Z] [COMMANDS] 2025-09-30 23:51:53 [📌 COMMANDS NOTIFY] Chargée : mute
[2025-09-30T21:51:53.495Z] [COMMANDS] 2025-09-30 23:51:53 [📌 COMMANDS NOTIFY] Chargée : openservice
[2025-09-30T21:51:53.495Z] [COMMANDS] 2025-09-30 23:51:53 [📌 COMMANDS NOTIFY] Chargée : pex
[2025-09-30T21:51:53.499Z] [COMMANDS] 2025-09-30 23:51:53 [📌 COMMANDS NOTIFY] Chargée : play
[2025-09-30T21:51:53.499Z] [COMMANDS] 2025-09-30 23:51:53 [📌 COMMANDS NOTIFY] Chargée : promote
[2025-09-30T21:51:53.499Z] [COMMANDS] 2025-09-30 23:51:53 [📌 COMMANDS NOTIFY] Chargée : recruit
[2025-09-30T21:51:53.500Z] [COMMANDS] 2025-09-30 23:51:53 [📌 COMMANDS NOTIFY] Chargée : rename
[2025-09-30T21:51:53.500Z] [COMMANDS] 2025-09-30 23:51:53 [📌 COMMANDS NOTIFY] Chargée : role
[2025-09-30T21:51:53.500Z] [COMMANDS] 2025-09-30 23:51:53 [📌 COMMANDS NOTIFY] Chargée : send
[2025-09-30T21:51:53.501Z] [COMMANDS] 2025-09-30 23:51:53 [📌 COMMANDS NOTIFY] Chargée : shift
[2025-09-30T21:51:53.501Z] [COMMANDS] 2025-09-30 23:51:53 [📌 COMMANDS NOTIFY] Chargée : ticket
[2025-09-30T21:51:53.502Z] [COMMANDS] 2025-09-30 23:51:53 [📌 COMMANDS NOTIFY] Chargée : userinfo
[2025-09-30T21:51:53.502Z] [COMMANDS] 2025-09-30 23:51:53 [📌 COMMANDS NOTIFY] Chargée : warn
[2025-09-30T21:51:53.503Z] 2025-09-30 23:51:53 [CLIENT DISCORD] [42m[30mChargement des informations du package.[39m[49m
[42m[30m[39m[49m [46m[PACKAGE][49m [32mAuth. : François 🌸[39m
[32m[39m [46m[PACKAGE][49m [32mDepd. : axios, chalk, cron, discord-html-transcripts, discord-player, discord.js, distube, dotenv, express, express-session, form-data, fs, googleapis, luxon, multer, node-cron, node-fetch, ora, patch, path, pdf-lib, pdfkit, play-dl, readline, rl, uuid[39m
[32m[39m [46m[PACKAGE][49m [32mDesc. : Official Bot Catherine for 911 Community.[39m
[32m[39m [46m[PACKAGE][49m [32mLisc. : ISC[39m
[32m[39m [46m[PACKAGE][49m [32mMain. : index.js[39m
[32m[39m [46m[PACKAGE][49m [32mName. : catherine[39m
[32m[39m [46m[PACKAGE][49m [32mScrp. : {"test":"echo \"Error: no test specified\" && exit 1","start":"node server.js"}[39m
[32m[39m [46m[PACKAGE][49m [32mVers. : 2.3.1[39m
[32m[39m [46m[PACKAGE][49m [32mPatch Note. : **[PN - 07/06]** *Passage 2.0 with new patch (shift, tabs... new commands handler)*[39m
[32m[39m
[2025-09-30T21:51:53.962Z] 2025-09-30 23:51:53 [CLIENT DISCORD] 📦 Nom GitHub : catherine
[2025-09-30T21:51:53.962Z] 2025-09-30 23:51:53 [CLIENT DISCORD] 🕒 Version distante : 2.3.1
[2025-09-30T21:51:53.963Z] [INFO] 2025-09-30 23:51:53 [ℹ️ INFO NOTIFY] ✅ Les versions sont identiques.
[2025-09-30T21:51:54.755Z] 2025-09-30 23:51:54 [DEBUG] 📦 Checking version from local...
[2025-09-30T21:51:54.755Z] 2025-09-30 23:51:54 [CLIENT DISCORD] 📦 Nom : catherine
[2025-09-30T21:51:54.755Z] 2025-09-30 23:51:54 [CLIENT DISCORD] 🕒 Version locale : 2.3.1
[2025-09-30T21:51:54.755Z] 2025-09-30 23:51:54 [DEBUG] 🌐 Checking version from GitHub...
[2025-09-30T21:51:55.149Z] 2025-09-30 23:51:55 [CLIENT DISCORD] 📦 Nom GitHub : catherine
[2025-09-30T21:51:55.149Z] 2025-09-30 23:51:55 [CLIENT DISCORD] 🕒 Version distante : 2.3.1
[2025-09-30T21:51:55.149Z] [INFO] 2025-09-30 23:51:55 [ℹ️ INFO NOTIFY] ✅ Les versions sont identiques.
[2025-09-30T21:51:55.150Z] 2025-09-30 23:51:55 [CLIENT DISCORD] [34m==============================[39m
[2025-09-30T21:51:55.150Z] 2025-09-30 23:51:55 [CLIENT DISCORD] [32m🚀 Démarrage du bot...[39m
[2025-09-30T21:51:55.150Z] 2025-09-30 23:51:55 [CLIENT DISCORD] [33m🔗 Connexion à Discord API...[39m
[2025-09-30T21:51:55.150Z] 2025-09-30 23:51:55 [CLIENT DISCORD] [36m✅ Bot RP en ligne ! Connecté en tant que 293 | Catherine#8045[39m
[2025-09-30T21:51:55.150Z] 2025-09-30 23:51:55 [CLIENT DISCORD] [34m==============================[39m
[34m[39m
[2025-09-30T21:51:55.156Z] 2025-09-30 23:51:55 [CLIENT DISCORD] [player] Initialisation du Player terminée.
[2025-09-30T21:51:55.157Z] 2025-09-30 23:51:55 [CLIENT DISCORD] [player] Extracteurs chargés avec succès.
[2025-09-30T21:51:55.157Z] 2025-09-30 23:51:55 [CLIENT DISCORD] 📥 Serveur trouvé : San Andreas State Police
[2025-09-30T21:51:55.440Z] 2025-09-30 23:51:55 [CLIENT DISCORD] 🔍 Commandes déjà présentes : play, rules, createreport, div, role, info, pex, openservice, infoshift, recruit, help, ban, ticket, shutdown, userinfo, send, clear, kick, warn, mute, rename, shift, promote
[2025-09-30T21:51:55.441Z] 2025-09-30 23:51:55 [WARN] ⚠️ Les commandes sont déjà enregistrées. Lance avec 'debug' pour forcer l'écrasement.
[2025-09-30T21:51:55.441Z] 2025-09-30 23:51:55 [CLIENT DISCORD] 🎮 Statut et activité mis à jour.
[2025-09-30T21:51:55.441Z] 2025-09-30 23:51:55 [CLIENT DISCORD] 📌 Mode de lancement : [33mAucun[39m
[2025-09-30T21:51:55.441Z] 2025-09-30 23:51:55 [CLIENT DISCORD] ✅ Bot prêt en tant que 293 | Catherine#8045
[2025-09-30T21:51:55.444Z] 2025-09-30 23:51:55 [CLIENT DISCORD] [Cron] 🕒 Démarrage de la régénération automatique de la hiérarchie (tabs)...
[2025-09-30T21:51:55.444Z] 2025-09-30 23:51:55 [CLIENT DISCORD] [Cron] 🕒 Démarrage de la régénération automatique de la hiérarchie... (div)
[2025-09-30T21:51:57.192Z] [NOTIFY] 2025-09-30 23:51:57 [🟢 SOFT NOTIFY] Message DIV supprimé
[2025-09-30T21:51:57.508Z] [NOTIFY] 2025-09-30 23:51:57 [🟢 SOFT NOTIFY] Message TABS supprimé
[2025-09-30T21:51:58.044Z] 2025-09-30 23:51:58 [CLIENT DISCORD] [✅] Hiérarchie DIV envoyée.
[2025-09-30T21:51:58.044Z] 2025-09-30 23:51:58 [CLIENT DISCORD] [Cron] 🕒 Fin de la régénération automatique de la hiérarchie.
[2025-09-30T21:51:58.550Z] 2025-09-30 23:51:58 [CLIENT DISCORD] [✅] Hiérarchie TABS envoyée.
[2025-09-30T21:51:58.550Z] 2025-09-30 23:51:58 [CLIENT DISCORD] [Cron] 🕒 Fin de la régénération automatique de la hiérarchie.
[2025-09-30T21:53:22.769Z] 2025-09-30 23:53:22 [CLIENT DISCORD] Les modules [32mloggers[39m ont correctement été exportés.
[2025-09-30T21:53:22.770Z] 2025-09-30 23:53:22 [DEBUG] 📦 Checking version from local...
[2025-09-30T21:53:22.770Z] 2025-09-30 23:53:22 [CLIENT DISCORD] 📦 Nom : catherine
[2025-09-30T21:53:22.771Z] 2025-09-30 23:53:22 [CLIENT DISCORD] 🕒 Version locale : 2.3.1
[2025-09-30T21:53:22.771Z] 2025-09-30 23:53:22 [DEBUG] 🌐 Checking version from GitHub...
[2025-09-30T21:53:22.815Z] [EVENT] 2025-09-30 23:53:22 [📅 EVENT NOTIFY] Chargé : guildBanAdd
[2025-09-30T21:53:22.815Z] [EVENT] 2025-09-30 23:53:22 [📅 EVENT NOTIFY] Chargé : guildBanRemove
[2025-09-30T21:53:22.816Z] [EVENT] 2025-09-30 23:53:22 [📅 EVENT NOTIFY] Chargé : guildMemberAdd
[2025-09-30T21:53:22.816Z] [EVENT] 2025-09-30 23:53:22 [📅 EVENT NOTIFY] Chargé : guildMemberRemove
[2025-09-30T21:53:22.817Z] 2025-09-30 23:53:22 [CLIENT DISCORD] Les modules  [32mutils.js[39m [0m ont correctement été exporté.[0m
[2025-09-30T21:53:22.969Z] 2025-09-30 23:53:22 [CLIENT DISCORD] L'interaction  [32mbuttons.js[39m [0m ont correctement été exporté.[0m
[2025-09-30T21:53:23.014Z] 2025-09-30 23:53:23 [CLIENT DISCORD] L'interaction  [32mmodals.js[39m [0m ont correctement été exporté.[0m
[2025-09-30T21:53:23.015Z] [EVENT] 2025-09-30 23:53:23 [📅 EVENT NOTIFY] Chargé : interactionCreate
[2025-09-30T21:53:23.015Z] [EVENT] 2025-09-30 23:53:23 [📅 EVENT NOTIFY] Chargé : messageCreate
[2025-09-30T21:53:23.015Z] [EVENT] 2025-09-30 23:53:23 [📅 EVENT NOTIFY] Chargé : messageDelete
[2025-09-30T21:53:23.015Z] [EVENT] 2025-09-30 23:53:23 [📅 EVENT NOTIFY] Chargé : messageUpdate
[2025-09-30T21:53:23.019Z] 2025-09-30 23:53:23 [CLIENT DISCORD] Les modules  [32mcommands.js[39m [0m ont correctement été exporté.[0m
[2025-09-30T21:53:23.023Z] [EVENT] 2025-09-30 23:53:23 [📅 EVENT NOTIFY] Chargé : ready
[2025-09-30T21:53:23.023Z] [EVENT] 2025-09-30 23:53:23 [📅 EVENT NOTIFY] Chargé : voiceStateUpdate
[2025-09-30T21:53:23.024Z] [COMMANDS] 2025-09-30 23:53:23 [📌 COMMANDS NOTIFY] Chargée : ban
[2025-09-30T21:53:23.024Z] [COMMANDS] 2025-09-30 23:53:23 [📌 COMMANDS NOTIFY] Chargée : clear
[2025-09-30T21:53:23.024Z] [COMMANDS] 2025-09-30 23:53:23 [📌 COMMANDS NOTIFY] Chargée : createreport
[2025-09-30T21:53:23.025Z] [COMMANDS] 2025-09-30 23:53:23 [📌 COMMANDS NOTIFY] Chargée : div
[2025-09-30T21:53:23.025Z] [COMMANDS] 2025-09-30 23:53:23 [📌 COMMANDS NOTIFY] Chargée : help
[2025-09-30T21:53:23.025Z] [COMMANDS] 2025-09-30 23:53:23 [📌 COMMANDS NOTIFY] Chargée : info
[2025-09-30T21:53:23.026Z] [COMMANDS] 2025-09-30 23:53:23 [📌 COMMANDS NOTIFY] Chargée : infoshift
[2025-09-30T21:53:23.026Z] [COMMANDS] 2025-09-30 23:53:23 [📌 COMMANDS NOTIFY] Chargée : kick
[2025-09-30T21:53:23.026Z] [COMMANDS] 2025-09-30 23:53:23 [📌 COMMANDS NOTIFY] Chargée : mute
[2025-09-30T21:53:23.027Z] [COMMANDS] 2025-09-30 23:53:23 [📌 COMMANDS NOTIFY] Chargée : openservice
[2025-09-30T21:53:23.027Z] [COMMANDS] 2025-09-30 23:53:23 [📌 COMMANDS NOTIFY] Chargée : pex
[2025-09-30T21:53:23.037Z] [COMMANDS] 2025-09-30 23:53:23 [📌 COMMANDS NOTIFY] Chargée : play
[2025-09-30T21:53:23.037Z] [COMMANDS] 2025-09-30 23:53:23 [📌 COMMANDS NOTIFY] Chargée : promote
[2025-09-30T21:53:23.038Z] [COMMANDS] 2025-09-30 23:53:23 [📌 COMMANDS NOTIFY] Chargée : recruit
[2025-09-30T21:53:23.038Z] [COMMANDS] 2025-09-30 23:53:23 [📌 COMMANDS NOTIFY] Chargée : rename
[2025-09-30T21:53:23.038Z] [COMMANDS] 2025-09-30 23:53:23 [📌 COMMANDS NOTIFY] Chargée : role
[2025-09-30T21:53:23.038Z] [COMMANDS] 2025-09-30 23:53:23 [📌 COMMANDS NOTIFY] Chargée : send
[2025-09-30T21:53:23.039Z] [COMMANDS] 2025-09-30 23:53:23 [📌 COMMANDS NOTIFY] Chargée : shift
[2025-09-30T21:53:23.040Z] [COMMANDS] 2025-09-30 23:53:23 [📌 COMMANDS NOTIFY] Chargée : ticket
[2025-09-30T21:53:23.041Z] [COMMANDS] 2025-09-30 23:53:23 [📌 COMMANDS NOTIFY] Chargée : userinfo
[2025-09-30T21:53:23.041Z] [COMMANDS] 2025-09-30 23:53:23 [📌 COMMANDS NOTIFY] Chargée : warn
[2025-09-30T21:53:23.042Z] 2025-09-30 23:53:23 [CLIENT DISCORD] [42m[30mChargement des informations du package.[39m[49m
[42m[30m[39m[49m [46m[PACKAGE][49m [32mAuth. : François 🌸[39m
[32m[39m [46m[PACKAGE][49m [32mDepd. : axios, chalk, cron, discord-html-transcripts, discord-player, discord.js, distube, dotenv, express, express-session, form-data, fs, googleapis, luxon, multer, node-cron, node-fetch, ora, patch, path, pdf-lib, pdfkit, play-dl, readline, rl, uuid[39m
[32m[39m [46m[PACKAGE][49m [32mDesc. : Official Bot Catherine for 911 Community.[39m
[32m[39m [46m[PACKAGE][49m [32mLisc. : ISC[39m
[32m[39m [46m[PACKAGE][49m [32mMain. : index.js[39m
[32m[39m [46m[PACKAGE][49m [32mName. : catherine[39m
[32m[39m [46m[PACKAGE][49m [32mScrp. : {"test":"echo \"Error: no test specified\" && exit 1","start":"node server.js"}[39m
[32m[39m [46m[PACKAGE][49m [32mVers. : 2.3.1[39m
[32m[39m [46m[PACKAGE][49m [32mPatch Note. : **[PN - 07/06]** *Passage 2.0 with new patch (shift, tabs... new commands handler)*[39m
[32m[39m
[2025-09-30T21:53:23.575Z] 2025-09-30 23:53:23 [CLIENT DISCORD] 📦 Nom GitHub : catherine
[2025-09-30T21:53:23.575Z] 2025-09-30 23:53:23 [CLIENT DISCORD] 🕒 Version distante : 2.3.1
[2025-09-30T21:53:23.576Z] [INFO] 2025-09-30 23:53:23 [ℹ️ INFO NOTIFY] ✅ Les versions sont identiques.
[2025-09-30T21:53:24.463Z] 2025-09-30 23:53:24 [DEBUG] 📦 Checking version from local...
[2025-09-30T21:53:24.463Z] 2025-09-30 23:53:24 [CLIENT DISCORD] 📦 Nom : catherine
[2025-09-30T21:53:24.463Z] 2025-09-30 23:53:24 [CLIENT DISCORD] 🕒 Version locale : 2.3.1
[2025-09-30T21:53:24.463Z] 2025-09-30 23:53:24 [DEBUG] 🌐 Checking version from GitHub...
[2025-09-30T21:53:24.713Z] 2025-09-30 23:53:24 [CLIENT DISCORD] 📦 Nom GitHub : catherine
[2025-09-30T21:53:24.713Z] 2025-09-30 23:53:24 [CLIENT DISCORD] 🕒 Version distante : 2.3.1
[2025-09-30T21:53:24.713Z] [INFO] 2025-09-30 23:53:24 [ℹ️ INFO NOTIFY] ✅ Les versions sont identiques.
[2025-09-30T21:53:24.713Z] 2025-09-30 23:53:24 [CLIENT DISCORD] [34m==============================[39m
[2025-09-30T21:53:24.713Z] 2025-09-30 23:53:24 [CLIENT DISCORD] [32m🚀 Démarrage du bot...[39m
[2025-09-30T21:53:24.713Z] 2025-09-30 23:53:24 [CLIENT DISCORD] [33m🔗 Connexion à Discord API...[39m
[2025-09-30T21:53:24.713Z] 2025-09-30 23:53:24 [CLIENT DISCORD] [36m✅ Bot RP en ligne ! Connecté en tant que 293 | Catherine#8045[39m
[2025-09-30T21:53:24.713Z] 2025-09-30 23:53:24 [CLIENT DISCORD] [34m==============================[39m
[34m[39m
[2025-09-30T21:53:24.718Z] 2025-09-30 23:53:24 [CLIENT DISCORD] [player] Initialisation du Player terminée.
[2025-09-30T21:53:24.720Z] 2025-09-30 23:53:24 [CLIENT DISCORD] [player] Extracteurs chargés avec succès.
[2025-09-30T21:53:24.720Z] 2025-09-30 23:53:24 [CLIENT DISCORD] 📥 Serveur trouvé : San Andreas State Police
[2025-09-30T21:53:25.004Z] 2025-09-30 23:53:25 [CLIENT DISCORD] 🔍 Commandes déjà présentes : play, rules, createreport, div, role, info, pex, openservice, infoshift, recruit, help, ban, ticket, shutdown, userinfo, send, clear, kick, warn, mute, rename, shift, promote
[2025-09-30T21:53:25.004Z] 2025-09-30 23:53:25 [WARN] ⚠️ Les commandes sont déjà enregistrées. Lance avec 'debug' pour forcer l'écrasement.
[2025-09-30T21:53:25.005Z] 2025-09-30 23:53:25 [CLIENT DISCORD] 🎮 Statut et activité mis à jour.
[2025-09-30T21:53:25.005Z] 2025-09-30 23:53:25 [CLIENT DISCORD] 📌 Mode de lancement : [33mAucun[39m
[2025-09-30T21:53:25.006Z] 2025-09-30 23:53:25 [CLIENT DISCORD] ✅ Bot prêt en tant que 293 | Catherine#8045
[2025-09-30T21:53:25.010Z] 2025-09-30 23:53:25 [CLIENT DISCORD] [Cron] 🕒 Démarrage de la régénération automatique de la hiérarchie (tabs)...
[2025-09-30T21:53:25.010Z] 2025-09-30 23:53:25 [CLIENT DISCORD] [Cron] 🕒 Démarrage de la régénération automatique de la hiérarchie... (div)
[2025-09-30T21:53:26.240Z] [NOTIFY] 2025-09-30 23:53:26 [🟢 SOFT NOTIFY] Message DIV supprimé
[2025-09-30T21:53:26.741Z] [NOTIFY] 2025-09-30 23:53:26 [🟢 SOFT NOTIFY] Message TABS supprimé
[2025-09-30T21:53:27.303Z] 2025-09-30 23:53:27 [CLIENT DISCORD] [✅] Hiérarchie DIV envoyée.
[2025-09-30T21:53:27.303Z] 2025-09-30 23:53:27 [CLIENT DISCORD] [Cron] 🕒 Fin de la régénération automatique de la hiérarchie.
[2025-09-30T21:53:28.138Z] 2025-09-30 23:53:28 [CLIENT DISCORD] [✅] Hiérarchie TABS envoyée.
[2025-09-30T21:53:28.138Z] 2025-09-30 23:53:28 [CLIENT DISCORD] [Cron] 🕒 Fin de la régénération automatique de la hiérarchie.
[2025-09-30T21:54:25.740Z] 2025-09-30 23:54:25 [CLIENT DISCORD] Les modules [32mloggers[39m ont correctement été exportés.
[2025-09-30T21:54:25.741Z] 2025-09-30 23:54:25 [DEBUG] 📦 Checking version from local...
[2025-09-30T21:54:25.741Z] 2025-09-30 23:54:25 [CLIENT DISCORD] 📦 Nom : catherine
[2025-09-30T21:54:25.741Z] 2025-09-30 23:54:25 [CLIENT DISCORD] 🕒 Version locale : 2.3.1
[2025-09-30T21:54:25.742Z] 2025-09-30 23:54:25 [DEBUG] 🌐 Checking version from GitHub...
[2025-09-30T21:54:25.762Z] [EVENT] 2025-09-30 23:54:25 [📅 EVENT NOTIFY] Chargé : guildBanAdd
[2025-09-30T21:54:25.762Z] [EVENT] 2025-09-30 23:54:25 [📅 EVENT NOTIFY] Chargé : guildBanRemove
[2025-09-30T21:54:25.762Z] [EVENT] 2025-09-30 23:54:25 [📅 EVENT NOTIFY] Chargé : guildMemberAdd
[2025-09-30T21:54:25.763Z] [EVENT] 2025-09-30 23:54:25 [📅 EVENT NOTIFY] Chargé : guildMemberRemove
[2025-09-30T21:54:25.763Z] 2025-09-30 23:54:25 [CLIENT DISCORD] Les modules  [32mutils.js[39m [0m ont correctement été exporté.[0m
[2025-09-30T21:54:25.889Z] 2025-09-30 23:54:25 [CLIENT DISCORD] L'interaction  [32mbuttons.js[39m [0m ont correctement été exporté.[0m
[2025-09-30T21:54:25.934Z] 2025-09-30 23:54:25 [CLIENT DISCORD] L'interaction  [32mmodals.js[39m [0m ont correctement été exporté.[0m
[2025-09-30T21:54:25.934Z] [EVENT] 2025-09-30 23:54:25 [📅 EVENT NOTIFY] Chargé : interactionCreate
[2025-09-30T21:54:25.935Z] [EVENT] 2025-09-30 23:54:25 [📅 EVENT NOTIFY] Chargé : messageCreate
[2025-09-30T21:54:25.935Z] [EVENT] 2025-09-30 23:54:25 [📅 EVENT NOTIFY] Chargé : messageDelete
[2025-09-30T21:54:25.935Z] [EVENT] 2025-09-30 23:54:25 [📅 EVENT NOTIFY] Chargé : messageUpdate
[2025-09-30T21:54:25.939Z] 2025-09-30 23:54:25 [CLIENT DISCORD] Les modules  [32mcommands.js[39m [0m ont correctement été exporté.[0m
[2025-09-30T21:54:25.941Z] [EVENT] 2025-09-30 23:54:25 [📅 EVENT NOTIFY] Chargé : ready
[2025-09-30T21:54:25.942Z] [EVENT] 2025-09-30 23:54:25 [📅 EVENT NOTIFY] Chargé : voiceStateUpdate
[2025-09-30T21:54:25.942Z] [COMMANDS] 2025-09-30 23:54:25 [📌 COMMANDS NOTIFY] Chargée : ban
[2025-09-30T21:54:25.943Z] [COMMANDS] 2025-09-30 23:54:25 [📌 COMMANDS NOTIFY] Chargée : clear
[2025-09-30T21:54:25.943Z] [COMMANDS] 2025-09-30 23:54:25 [📌 COMMANDS NOTIFY] Chargée : createreport
[2025-09-30T21:54:25.943Z] [COMMANDS] 2025-09-30 23:54:25 [📌 COMMANDS NOTIFY] Chargée : div
[2025-09-30T21:54:25.943Z] [COMMANDS] 2025-09-30 23:54:25 [📌 COMMANDS NOTIFY] Chargée : help
[2025-09-30T21:54:25.943Z] [COMMANDS] 2025-09-30 23:54:25 [📌 COMMANDS NOTIFY] Chargée : info
[2025-09-30T21:54:25.944Z] [COMMANDS] 2025-09-30 23:54:25 [📌 COMMANDS NOTIFY] Chargée : infoshift
[2025-09-30T21:54:25.944Z] [COMMANDS] 2025-09-30 23:54:25 [📌 COMMANDS NOTIFY] Chargée : kick
[2025-09-30T21:54:25.944Z] [COMMANDS] 2025-09-30 23:54:25 [📌 COMMANDS NOTIFY] Chargée : mute
[2025-09-30T21:54:25.945Z] [COMMANDS] 2025-09-30 23:54:25 [📌 COMMANDS NOTIFY] Chargée : openservice
[2025-09-30T21:54:25.945Z] [COMMANDS] 2025-09-30 23:54:25 [📌 COMMANDS NOTIFY] Chargée : pex
[2025-09-30T21:54:25.948Z] [COMMANDS] 2025-09-30 23:54:25 [📌 COMMANDS NOTIFY] Chargée : play
[2025-09-30T21:54:25.948Z] [COMMANDS] 2025-09-30 23:54:25 [📌 COMMANDS NOTIFY] Chargée : promote
[2025-09-30T21:54:25.949Z] [COMMANDS] 2025-09-30 23:54:25 [📌 COMMANDS NOTIFY] Chargée : recruit
[2025-09-30T21:54:25.949Z] [COMMANDS] 2025-09-30 23:54:25 [📌 COMMANDS NOTIFY] Chargée : rename
[2025-09-30T21:54:25.949Z] [COMMANDS] 2025-09-30 23:54:25 [📌 COMMANDS NOTIFY] Chargée : role
[2025-09-30T21:54:25.949Z] [COMMANDS] 2025-09-30 23:54:25 [📌 COMMANDS NOTIFY] Chargée : send
[2025-09-30T21:54:25.950Z] [COMMANDS] 2025-09-30 23:54:25 [📌 COMMANDS NOTIFY] Chargée : shift
[2025-09-30T21:54:25.950Z] [COMMANDS] 2025-09-30 23:54:25 [📌 COMMANDS NOTIFY] Chargée : ticket
[2025-09-30T21:54:25.950Z] [COMMANDS] 2025-09-30 23:54:25 [📌 COMMANDS NOTIFY] Chargée : userinfo
[2025-09-30T21:54:25.951Z] [COMMANDS] 2025-09-30 23:54:25 [📌 COMMANDS NOTIFY] Chargée : warn
[2025-09-30T21:54:25.951Z] 2025-09-30 23:54:25 [CLIENT DISCORD] [42m[30mChargement des informations du package.[39m[49m
[42m[30m[39m[49m [46m[PACKAGE][49m [32mAuth. : François 🌸[39m
[32m[39m [46m[PACKAGE][49m [32mDepd. : axios, chalk, cron, discord-html-transcripts, discord-player, discord.js, distube, dotenv, express, express-session, form-data, fs, googleapis, luxon, multer, node-cron, node-fetch, ora, patch, path, pdf-lib, pdfkit, play-dl, readline, rl, uuid[39m
[32m[39m [46m[PACKAGE][49m [32mDesc. : Official Bot Catherine for 911 Community.[39m
[32m[39m [46m[PACKAGE][49m [32mLisc. : ISC[39m
[32m[39m [46m[PACKAGE][49m [32mMain. : index.js[39m
[32m[39m [46m[PACKAGE][49m [32mName. : catherine[39m
[32m[39m [46m[PACKAGE][49m [32mScrp. : {"test":"echo \"Error: no test specified\" && exit 1","start":"node server.js"}[39m
[32m[39m [46m[PACKAGE][49m [32mVers. : 2.3.1[39m
[32m[39m [46m[PACKAGE][49m [32mPatch Note. : **[PN - 07/06]** *Passage 2.0 with new patch (shift, tabs... new commands handler)*[39m
[32m[39m
[2025-09-30T21:54:26.562Z] 2025-09-30 23:54:26 [CLIENT DISCORD] 📦 Nom GitHub : catherine
[2025-09-30T21:54:26.562Z] 2025-09-30 23:54:26 [CLIENT DISCORD] 🕒 Version distante : 2.3.1
[2025-09-30T21:54:26.563Z] [INFO] 2025-09-30 23:54:26 [ℹ️ INFO NOTIFY] ✅ Les versions sont identiques.
[2025-09-30T21:54:28.160Z] 2025-09-30 23:54:28 [DEBUG] 📦 Checking version from local...
[2025-09-30T21:54:28.160Z] 2025-09-30 23:54:28 [CLIENT DISCORD] 📦 Nom : catherine
[2025-09-30T21:54:28.160Z] 2025-09-30 23:54:28 [CLIENT DISCORD] 🕒 Version locale : 2.3.1
[2025-09-30T21:54:28.160Z] 2025-09-30 23:54:28 [DEBUG] 🌐 Checking version from GitHub...
[2025-09-30T21:54:28.451Z] 2025-09-30 23:54:28 [CLIENT DISCORD] 📦 Nom GitHub : catherine
[2025-09-30T21:54:28.451Z] 2025-09-30 23:54:28 [CLIENT DISCORD] 🕒 Version distante : 2.3.1
[2025-09-30T21:54:28.452Z] [INFO] 2025-09-30 23:54:28 [ℹ️ INFO NOTIFY] ✅ Les versions sont identiques.
[2025-09-30T21:54:28.452Z] 2025-09-30 23:54:28 [CLIENT DISCORD] [34m==============================[39m
[2025-09-30T21:54:28.452Z] 2025-09-30 23:54:28 [CLIENT DISCORD] [32m🚀 Démarrage du bot...[39m
[2025-09-30T21:54:28.452Z] 2025-09-30 23:54:28 [CLIENT DISCORD] [33m🔗 Connexion à Discord API...[39m
[2025-09-30T21:54:28.452Z] 2025-09-30 23:54:28 [CLIENT DISCORD] [36m✅ Bot RP en ligne ! Connecté en tant que 293 | Catherine#8045[39m
[2025-09-30T21:54:28.453Z] 2025-09-30 23:54:28 [CLIENT DISCORD] [34m==============================[39m
[34m[39m
[2025-09-30T21:54:28.458Z] 2025-09-30 23:54:28 [CLIENT DISCORD] [player] Initialisation du Player terminée.
[2025-09-30T21:54:28.459Z] 2025-09-30 23:54:28 [CLIENT DISCORD] [player] Extracteurs chargés avec succès.
[2025-09-30T21:54:28.459Z] 2025-09-30 23:54:28 [CLIENT DISCORD] 📥 Serveur trouvé : San Andreas State Police
[2025-09-30T21:54:28.724Z] 2025-09-30 23:54:28 [CLIENT DISCORD] 🔍 Commandes déjà présentes : play, rules, createreport, div, role, info, pex, openservice, infoshift, recruit, help, ban, ticket, shutdown, userinfo, send, clear, kick, warn, mute, rename, shift, promote
[2025-09-30T21:54:28.725Z] 2025-09-30 23:54:28 [WARN] ⚠️ Les commandes sont déjà enregistrées. Lance avec 'debug' pour forcer l'écrasement.
[2025-09-30T21:54:28.725Z] 2025-09-30 23:54:28 [CLIENT DISCORD] 🎮 Statut et activité mis à jour.
[2025-09-30T21:54:28.726Z] 2025-09-30 23:54:28 [CLIENT DISCORD] 📌 Mode de lancement : [33mAucun[39m
[2025-09-30T21:54:28.726Z] 2025-09-30 23:54:28 [CLIENT DISCORD] ✅ Bot prêt en tant que 293 | Catherine#8045
[2025-09-30T21:54:28.728Z] 2025-09-30 23:54:28 [CLIENT DISCORD] [Cron] 🕒 Démarrage de la régénération automatique de la hiérarchie (tabs)...
[2025-09-30T21:54:28.729Z] 2025-09-30 23:54:28 [CLIENT DISCORD] [Cron] 🕒 Démarrage de la régénération automatique de la hiérarchie... (div)
[2025-09-30T21:54:29.506Z] [NOTIFY] 2025-09-30 23:54:29 [🟢 SOFT NOTIFY] Message DIV supprimé
[2025-09-30T21:54:30.540Z] [NOTIFY] 2025-09-30 23:54:30 [🟢 SOFT NOTIFY] Message TABS supprimé
[2025-09-30T21:54:31.095Z] 2025-09-30 23:54:31 [CLIENT DISCORD] [✅] Hiérarchie DIV envoyée.
[2025-09-30T21:54:31.095Z] 2025-09-30 23:54:31 [CLIENT DISCORD] [Cron] 🕒 Fin de la régénération automatique de la hiérarchie.
[2025-09-30T21:54:32.089Z] 2025-09-30 23:54:32 [CLIENT DISCORD] [✅] Hiérarchie TABS envoyée.
[2025-09-30T21:54:32.090Z] 2025-09-30 23:54:32 [CLIENT DISCORD] [Cron] 🕒 Fin de la régénération automatique de la hiérarchie.
[2025-09-30T21:55:34.702Z] 2025-09-30 23:55:34 [CLIENT DISCORD] [94m[MESSAGE_SENT][39m [32mfrancois.piano[39m [0ma envoyé[0m [32m<&@1414944268933533696>[39m
[32m<&@1414944314903236740>[39m
[32m<&@1414944355524808704>[39m [0mdans[0m [32mmoderator-only[39m
[2025-09-30T21:57:50.477Z] 2025-09-30 23:57:50 [CLIENT DISCORD] Les modules [32mloggers[39m ont correctement été exportés.
[2025-09-30T21:57:50.478Z] 2025-09-30 23:57:50 [DEBUG] 📦 Checking version from local...
[2025-09-30T21:57:50.478Z] 2025-09-30 23:57:50 [CLIENT DISCORD] 📦 Nom : catherine
[2025-09-30T21:57:50.478Z] 2025-09-30 23:57:50 [CLIENT DISCORD] 🕒 Version locale : 2.3.1
[2025-09-30T21:57:50.478Z] 2025-09-30 23:57:50 [DEBUG] 🌐 Checking version from GitHub...
[2025-09-30T21:57:50.500Z] [EVENT] 2025-09-30 23:57:50 [📅 EVENT NOTIFY] Chargé : guildBanAdd
[2025-09-30T21:57:50.501Z] [EVENT] 2025-09-30 23:57:50 [📅 EVENT NOTIFY] Chargé : guildBanRemove
[2025-09-30T21:57:50.501Z] [EVENT] 2025-09-30 23:57:50 [📅 EVENT NOTIFY] Chargé : guildMemberAdd
[2025-09-30T21:57:50.501Z] [EVENT] 2025-09-30 23:57:50 [📅 EVENT NOTIFY] Chargé : guildMemberRemove
[2025-09-30T21:57:50.502Z] 2025-09-30 23:57:50 [CLIENT DISCORD] Les modules  [32mutils.js[39m [0m ont correctement été exporté.[0m
[2025-09-30T21:57:50.629Z] 2025-09-30 23:57:50 [CLIENT DISCORD] L'interaction  [32mbuttons.js[39m [0m ont correctement été exporté.[0m
[2025-09-30T21:57:50.687Z] 2025-09-30 23:57:50 [CLIENT DISCORD] L'interaction  [32mmodals.js[39m [0m ont correctement été exporté.[0m
[2025-09-30T21:57:50.687Z] [EVENT] 2025-09-30 23:57:50 [📅 EVENT NOTIFY] Chargé : interactionCreate
[2025-09-30T21:57:50.688Z] [EVENT] 2025-09-30 23:57:50 [📅 EVENT NOTIFY] Chargé : messageCreate
[2025-09-30T21:57:50.688Z] [EVENT] 2025-09-30 23:57:50 [📅 EVENT NOTIFY] Chargé : messageDelete
[2025-09-30T21:57:50.688Z] [EVENT] 2025-09-30 23:57:50 [📅 EVENT NOTIFY] Chargé : messageUpdate
[2025-09-30T21:57:50.692Z] 2025-09-30 23:57:50 [CLIENT DISCORD] Les modules  [32mcommands.js[39m [0m ont correctement été exporté.[0m
[2025-09-30T21:57:50.695Z] [EVENT] 2025-09-30 23:57:50 [📅 EVENT NOTIFY] Chargé : ready
[2025-09-30T21:57:50.695Z] [EVENT] 2025-09-30 23:57:50 [📅 EVENT NOTIFY] Chargé : voiceStateUpdate
[2025-09-30T21:57:50.696Z] [COMMANDS] 2025-09-30 23:57:50 [📌 COMMANDS NOTIFY] Chargée : ban
[2025-09-30T21:57:50.697Z] [COMMANDS] 2025-09-30 23:57:50 [📌 COMMANDS NOTIFY] Chargée : clear
[2025-09-30T21:57:50.697Z] [COMMANDS] 2025-09-30 23:57:50 [📌 COMMANDS NOTIFY] Chargée : createreport
[2025-09-30T21:57:50.697Z] [COMMANDS] 2025-09-30 23:57:50 [📌 COMMANDS NOTIFY] Chargée : div
[2025-09-30T21:57:50.697Z] [COMMANDS] 2025-09-30 23:57:50 [📌 COMMANDS NOTIFY] Chargée : help
[2025-09-30T21:57:50.697Z] [COMMANDS] 2025-09-30 23:57:50 [📌 COMMANDS NOTIFY] Chargée : info
[2025-09-30T21:57:50.698Z] [COMMANDS] 2025-09-30 23:57:50 [📌 COMMANDS NOTIFY] Chargée : infoshift
[2025-09-30T21:57:50.698Z] [COMMANDS] 2025-09-30 23:57:50 [📌 COMMANDS NOTIFY] Chargée : kick
[2025-09-30T21:57:50.698Z] [COMMANDS] 2025-09-30 23:57:50 [📌 COMMANDS NOTIFY] Chargée : mute
[2025-09-30T21:57:50.698Z] [COMMANDS] 2025-09-30 23:57:50 [📌 COMMANDS NOTIFY] Chargée : openservice
[2025-09-30T21:57:50.699Z] [COMMANDS] 2025-09-30 23:57:50 [📌 COMMANDS NOTIFY] Chargée : pex
[2025-09-30T21:57:50.703Z] [COMMANDS] 2025-09-30 23:57:50 [📌 COMMANDS NOTIFY] Chargée : play
[2025-09-30T21:57:50.704Z] [COMMANDS] 2025-09-30 23:57:50 [📌 COMMANDS NOTIFY] Chargée : promote
[2025-09-30T21:57:50.704Z] [COMMANDS] 2025-09-30 23:57:50 [📌 COMMANDS NOTIFY] Chargée : recruit
[2025-09-30T21:57:50.704Z] [COMMANDS] 2025-09-30 23:57:50 [📌 COMMANDS NOTIFY] Chargée : rename
[2025-09-30T21:57:50.705Z] [COMMANDS] 2025-09-30 23:57:50 [📌 COMMANDS NOTIFY] Chargée : role
[2025-09-30T21:57:50.705Z] [COMMANDS] 2025-09-30 23:57:50 [📌 COMMANDS NOTIFY] Chargée : send
[2025-09-30T21:57:50.705Z] [COMMANDS] 2025-09-30 23:57:50 [📌 COMMANDS NOTIFY] Chargée : shift
[2025-09-30T21:57:50.707Z] [COMMANDS] 2025-09-30 23:57:50 [📌 COMMANDS NOTIFY] Chargée : ticket
[2025-09-30T21:57:50.707Z] [COMMANDS] 2025-09-30 23:57:50 [📌 COMMANDS NOTIFY] Chargée : userinfo
[2025-09-30T21:57:50.708Z] [COMMANDS] 2025-09-30 23:57:50 [📌 COMMANDS NOTIFY] Chargée : warn
[2025-09-30T21:57:50.708Z] 2025-09-30 23:57:50 [CLIENT DISCORD] [42m[30mChargement des informations du package.[39m[49m
[42m[30m[39m[49m [46m[PACKAGE][49m [32mAuth. : François 🌸[39m
[32m[39m [46m[PACKAGE][49m [32mDepd. : axios, chalk, cron, discord-html-transcripts, discord-player, discord.js, distube, dotenv, express, express-session, form-data, fs, googleapis, luxon, multer, node-cron, node-fetch, ora, patch, path, pdf-lib, pdfkit, play-dl, readline, rl, uuid[39m
[32m[39m [46m[PACKAGE][49m [32mDesc. : Official Bot Catherine for 911 Community.[39m
[32m[39m [46m[PACKAGE][49m [32mLisc. : ISC[39m
[32m[39m [46m[PACKAGE][49m [32mMain. : index.js[39m
[32m[39m [46m[PACKAGE][49m [32mName. : catherine[39m
[32m[39m [46m[PACKAGE][49m [32mScrp. : {"test":"echo \"Error: no test specified\" && exit 1","start":"node server.js"}[39m
[32m[39m [46m[PACKAGE][49m [32mVers. : 2.3.1[39m
[32m[39m [46m[PACKAGE][49m [32mPatch Note. : **[PN - 07/06]** *Passage 2.0 with new patch (shift, tabs... new commands handler)*[39m
[32m[39m
[2025-09-30T21:57:51.291Z] 2025-09-30 23:57:51 [CLIENT DISCORD] 📦 Nom GitHub : catherine
[2025-09-30T21:57:51.291Z] 2025-09-30 23:57:51 [CLIENT DISCORD] 🕒 Version distante : 2.3.1
[2025-09-30T21:57:51.293Z] [INFO] 2025-09-30 23:57:51 [ℹ️ INFO NOTIFY] ✅ Les versions sont identiques.
[2025-09-30T21:57:52.339Z] 2025-09-30 23:57:52 [DEBUG] 📦 Checking version from local...
[2025-09-30T21:57:52.339Z] 2025-09-30 23:57:52 [CLIENT DISCORD] 📦 Nom : catherine
[2025-09-30T21:57:52.339Z] 2025-09-30 23:57:52 [CLIENT DISCORD] 🕒 Version locale : 2.3.1
[2025-09-30T21:57:52.339Z] 2025-09-30 23:57:52 [DEBUG] 🌐 Checking version from GitHub...
[2025-09-30T21:57:52.534Z] 2025-09-30 23:57:52 [CLIENT DISCORD] 📦 Nom GitHub : catherine
[2025-09-30T21:57:52.534Z] 2025-09-30 23:57:52 [CLIENT DISCORD] 🕒 Version distante : 2.3.1
[2025-09-30T21:57:52.534Z] [INFO] 2025-09-30 23:57:52 [ℹ️ INFO NOTIFY] ✅ Les versions sont identiques.
[2025-09-30T21:57:52.535Z] 2025-09-30 23:57:52 [CLIENT DISCORD] [34m==============================[39m
[2025-09-30T21:57:52.535Z] 2025-09-30 23:57:52 [CLIENT DISCORD] [32m🚀 Démarrage du bot...[39m
[2025-09-30T21:57:52.535Z] 2025-09-30 23:57:52 [CLIENT DISCORD] [33m🔗 Connexion à Discord API...[39m
[2025-09-30T21:57:52.535Z] 2025-09-30 23:57:52 [CLIENT DISCORD] [36m✅ Bot RP en ligne ! Connecté en tant que 293 | Catherine#8045[39m
[2025-09-30T21:57:52.535Z] 2025-09-30 23:57:52 [CLIENT DISCORD] [34m==============================[39m
[34m[39m
[2025-09-30T21:57:52.541Z] 2025-09-30 23:57:52 [CLIENT DISCORD] [player] Initialisation du Player terminée.
[2025-09-30T21:57:52.542Z] 2025-09-30 23:57:52 [CLIENT DISCORD] [player] Extracteurs chargés avec succès.
[2025-09-30T21:57:52.542Z] 2025-09-30 23:57:52 [CLIENT DISCORD] 📥 Serveur trouvé : San Andreas State Police
[2025-09-30T21:57:52.799Z] 2025-09-30 23:57:52 [CLIENT DISCORD] 🔍 Commandes déjà présentes : play, rules, createreport, div, role, info, pex, openservice, infoshift, recruit, help, ban, ticket, shutdown, userinfo, send, clear, kick, warn, mute, rename, shift, promote
[2025-09-30T21:57:52.800Z] 2025-09-30 23:57:52 [WARN] ⚠️ Les commandes sont déjà enregistrées. Lance avec 'debug' pour forcer l'écrasement.
[2025-09-30T21:57:52.800Z] 2025-09-30 23:57:52 [CLIENT DISCORD] 🎮 Statut et activité mis à jour.
[2025-09-30T21:57:52.800Z] 2025-09-30 23:57:52 [CLIENT DISCORD] 📌 Mode de lancement : [33mAucun[39m
[2025-09-30T21:57:52.800Z] 2025-09-30 23:57:52 [CLIENT DISCORD] ✅ Bot prêt en tant que 293 | Catherine#8045
[2025-09-30T21:57:52.803Z] 2025-09-30 23:57:52 [CLIENT DISCORD] [Cron] 🕒 Démarrage de la régénération automatique de la hiérarchie (tabs)...
[2025-09-30T21:57:52.804Z] 2025-09-30 23:57:52 [CLIENT DISCORD] [Cron] 🕒 Démarrage de la régénération automatique de la hiérarchie... (div)
[2025-09-30T21:57:54.006Z] [NOTIFY] 2025-09-30 23:57:54 [🟢 SOFT NOTIFY] Message DIV supprimé
[2025-09-30T21:57:54.413Z] [NOTIFY] 2025-09-30 23:57:54 [🟢 SOFT NOTIFY] Message TABS supprimé
[2025-09-30T21:57:54.871Z] 2025-09-30 23:57:54 [CLIENT DISCORD] [✅] Hiérarchie DIV envoyée.
[2025-09-30T21:57:54.871Z] 2025-09-30 23:57:54 [CLIENT DISCORD] [Cron] 🕒 Fin de la régénération automatique de la hiérarchie.
[2025-09-30T21:57:57.064Z] 2025-09-30 23:57:57 [CLIENT DISCORD] [✅] Hiérarchie TABS envoyée.
[2025-09-30T21:57:57.064Z] 2025-09-30 23:57:57 [CLIENT DISCORD] [Cron] 🕒 Fin de la régénération automatique de la hiérarchie.
[2025-09-30T21:58:56.625Z] 2025-09-30 23:58:56 [CLIENT DISCORD] [94m[MESSAGE_SENT][39m [32mfrancois.piano[39m [0ma envoyé[0m [32m```js[39m
[32m            const rankOrder = [[39m
[32m                "• Commissionner", "• Assistant Commissionner", "• Deputy Commissionner",[39m
[32m                "• Captain", "• Lieutenant",[39m
[32m                "• Chief Sergeant", "• Sergeant",[39m
[32m                "• Master Trooper", "• Trooper II", "• Trooper", "• Trainee"[39m
[32m            ];[39m
[32m[39m
[32m            const getSectionForGrade = (gradeName) => {[39m
[32m                if (["• Master Trooper", "• Trooper II", "• Trooper", "• Trainee"].includes(gradeName)) {[39m
[32m                    return SECTION_LABELS.TRP;[39m
[32m                } else if (["• Chief Sergeant", "• Sergeant"].includes(gradeName)) {[39m
[32m                    return SECTION_LABELS.SPV;[39m
[32m                } else if (["• Captain", "• Lieutenant"].includes(gradeName)) {[39m
[32m                    return SECTION_LABELS.CMD;[39m
[32m                } else if (["• Commissionner", "• Assistant Commissionner", "• Deputy Commissionner"].includes(gradeName)) {[39m
[32m                    return SECTION_LABELS.CMD;[39m
[32m                }[39m
[32m                return null;[39m
[32m            };[39m
[32m[39m
[32m  ...[39m [0mdans[0m [32mmoderator-only[39m
[2025-09-30T22:00:57.442Z] 2025-10-01 00:00:57 [CLIENT DISCORD] Les modules [32mloggers[39m ont correctement été exportés.
[2025-09-30T22:00:57.443Z] 2025-10-01 00:00:57 [DEBUG] 📦 Checking version from local...
[2025-09-30T22:00:57.443Z] 2025-10-01 00:00:57 [CLIENT DISCORD] 📦 Nom : catherine
[2025-09-30T22:00:57.443Z] 2025-10-01 00:00:57 [CLIENT DISCORD] 🕒 Version locale : 2.3.1
[2025-09-30T22:00:57.444Z] 2025-10-01 00:00:57 [DEBUG] 🌐 Checking version from GitHub...
[2025-09-30T22:00:57.465Z] [EVENT] 2025-10-01 00:00:57 [📅 EVENT NOTIFY] Chargé : guildBanAdd
[2025-09-30T22:00:57.466Z] [EVENT] 2025-10-01 00:00:57 [📅 EVENT NOTIFY] Chargé : guildBanRemove
[2025-09-30T22:00:57.466Z] [EVENT] 2025-10-01 00:00:57 [📅 EVENT NOTIFY] Chargé : guildMemberAdd
[2025-09-30T22:00:57.466Z] [EVENT] 2025-10-01 00:00:57 [📅 EVENT NOTIFY] Chargé : guildMemberRemove
[2025-09-30T22:00:57.467Z] 2025-10-01 00:00:57 [CLIENT DISCORD] Les modules  [32mutils.js[39m [0m ont correctement été exporté.[0m
[2025-09-30T22:00:57.608Z] 2025-10-01 00:00:57 [CLIENT DISCORD] L'interaction  [32mbuttons.js[39m [0m ont correctement été exporté.[0m
[2025-09-30T22:00:57.658Z] 2025-10-01 00:00:57 [CLIENT DISCORD] L'interaction  [32mmodals.js[39m [0m ont correctement été exporté.[0m
[2025-09-30T22:00:57.659Z] [EVENT] 2025-10-01 00:00:57 [📅 EVENT NOTIFY] Chargé : interactionCreate
[2025-09-30T22:00:57.659Z] [EVENT] 2025-10-01 00:00:57 [📅 EVENT NOTIFY] Chargé : messageCreate
[2025-09-30T22:00:57.659Z] [EVENT] 2025-10-01 00:00:57 [📅 EVENT NOTIFY] Chargé : messageDelete
[2025-09-30T22:00:57.659Z] [EVENT] 2025-10-01 00:00:57 [📅 EVENT NOTIFY] Chargé : messageUpdate
[2025-09-30T22:00:57.664Z] 2025-10-01 00:00:57 [CLIENT DISCORD] Les modules  [32mcommands.js[39m [0m ont correctement été exporté.[0m
[2025-09-30T22:00:57.667Z] [EVENT] 2025-10-01 00:00:57 [📅 EVENT NOTIFY] Chargé : ready
[2025-09-30T22:00:57.667Z] [EVENT] 2025-10-01 00:00:57 [📅 EVENT NOTIFY] Chargé : voiceStateUpdate
[2025-09-30T22:00:57.668Z] [COMMANDS] 2025-10-01 00:00:57 [📌 COMMANDS NOTIFY] Chargée : ban
[2025-09-30T22:00:57.668Z] [COMMANDS] 2025-10-01 00:00:57 [📌 COMMANDS NOTIFY] Chargée : clear
[2025-09-30T22:00:57.668Z] [COMMANDS] 2025-10-01 00:00:57 [📌 COMMANDS NOTIFY] Chargée : createreport
[2025-09-30T22:00:57.668Z] [COMMANDS] 2025-10-01 00:00:57 [📌 COMMANDS NOTIFY] Chargée : div
[2025-09-30T22:00:57.669Z] [COMMANDS] 2025-10-01 00:00:57 [📌 COMMANDS NOTIFY] Chargée : help
[2025-09-30T22:00:57.669Z] [COMMANDS] 2025-10-01 00:00:57 [📌 COMMANDS NOTIFY] Chargée : info
[2025-09-30T22:00:57.669Z] [COMMANDS] 2025-10-01 00:00:57 [📌 COMMANDS NOTIFY] Chargée : infoshift
[2025-09-30T22:00:57.669Z] [COMMANDS] 2025-10-01 00:00:57 [📌 COMMANDS NOTIFY] Chargée : kick
[2025-09-30T22:00:57.670Z] [COMMANDS] 2025-10-01 00:00:57 [📌 COMMANDS NOTIFY] Chargée : mute
[2025-09-30T22:00:57.670Z] [COMMANDS] 2025-10-01 00:00:57 [📌 COMMANDS NOTIFY] Chargée : openservice
[2025-09-30T22:00:57.676Z] [COMMANDS] 2025-10-01 00:00:57 [📌 COMMANDS NOTIFY] Chargée : pex
[2025-09-30T22:00:57.682Z] [COMMANDS] 2025-10-01 00:00:57 [📌 COMMANDS NOTIFY] Chargée : play
[2025-09-30T22:00:57.682Z] [COMMANDS] 2025-10-01 00:00:57 [📌 COMMANDS NOTIFY] Chargée : promote
[2025-09-30T22:00:57.682Z] [COMMANDS] 2025-10-01 00:00:57 [📌 COMMANDS NOTIFY] Chargée : recruit
[2025-09-30T22:00:57.683Z] [COMMANDS] 2025-10-01 00:00:57 [📌 COMMANDS NOTIFY] Chargée : rename
[2025-09-30T22:00:57.683Z] [COMMANDS] 2025-10-01 00:00:57 [📌 COMMANDS NOTIFY] Chargée : role
[2025-09-30T22:00:57.683Z] [COMMANDS] 2025-10-01 00:00:57 [📌 COMMANDS NOTIFY] Chargée : send
[2025-09-30T22:00:57.683Z] [COMMANDS] 2025-10-01 00:00:57 [📌 COMMANDS NOTIFY] Chargée : shift
[2025-09-30T22:00:57.684Z] [COMMANDS] 2025-10-01 00:00:57 [📌 COMMANDS NOTIFY] Chargée : ticket
[2025-09-30T22:00:57.684Z] [COMMANDS] 2025-10-01 00:00:57 [📌 COMMANDS NOTIFY] Chargée : userinfo
[2025-09-30T22:00:57.685Z] [COMMANDS] 2025-10-01 00:00:57 [📌 COMMANDS NOTIFY] Chargée : warn
[2025-09-30T22:00:57.686Z] 2025-10-01 00:00:57 [CLIENT DISCORD] [42m[30mChargement des informations du package.[39m[49m
[42m[30m[39m[49m [46m[PACKAGE][49m [32mAuth. : François 🌸[39m
[32m[39m [46m[PACKAGE][49m [32mDepd. : axios, chalk, cron, discord-html-transcripts, discord-player, discord.js, distube, dotenv, express, express-session, form-data, fs, googleapis, luxon, multer, node-cron, node-fetch, ora, patch, path, pdf-lib, pdfkit, play-dl, readline, rl, uuid[39m
[32m[39m [46m[PACKAGE][49m [32mDesc. : Official Bot Catherine for 911 Community.[39m
[32m[39m [46m[PACKAGE][49m [32mLisc. : ISC[39m
[32m[39m [46m[PACKAGE][49m [32mMain. : index.js[39m
[32m[39m [46m[PACKAGE][49m [32mName. : catherine[39m
[32m[39m [46m[PACKAGE][49m [32mScrp. : {"test":"echo \"Error: no test specified\" && exit 1","start":"node server.js"}[39m
[32m[39m [46m[PACKAGE][49m [32mVers. : 2.3.1[39m
[32m[39m [46m[PACKAGE][49m [32mPatch Note. : **[PN - 07/06]** *Passage 2.0 with new patch (shift, tabs... new commands handler)*[39m
[32m[39m
[2025-09-30T22:00:59.278Z] 2025-10-01 00:00:59 [DEBUG] 📦 Checking version from local...
[2025-09-30T22:00:59.278Z] 2025-10-01 00:00:59 [CLIENT DISCORD] 📦 Nom : catherine
[2025-09-30T22:00:59.278Z] 2025-10-01 00:00:59 [CLIENT DISCORD] 🕒 Version locale : 2.3.1
[2025-09-30T22:00:59.279Z] 2025-10-01 00:00:59 [DEBUG] 🌐 Checking version from GitHub...
[2025-09-30T22:01:01.211Z] 2025-10-01 00:01:01 [CLIENT DISCORD] 📦 Nom GitHub : catherine
[2025-09-30T22:01:01.211Z] 2025-10-01 00:01:01 [CLIENT DISCORD] 🕒 Version distante : 2.3.1
[2025-09-30T22:01:01.213Z] [INFO] 2025-10-01 00:01:01 [ℹ️ INFO NOTIFY] ✅ Les versions sont identiques.
[2025-09-30T22:01:01.214Z] 2025-10-01 00:01:01 [CLIENT DISCORD] [34m==============================[39m
[2025-09-30T22:01:01.214Z] 2025-10-01 00:01:01 [CLIENT DISCORD] [32m🚀 Démarrage du bot...[39m
[2025-09-30T22:01:01.214Z] 2025-10-01 00:01:01 [CLIENT DISCORD] [33m🔗 Connexion à Discord API...[39m
[2025-09-30T22:01:01.214Z] 2025-10-01 00:01:01 [CLIENT DISCORD] [36m✅ Bot RP en ligne ! Connecté en tant que 293 | Catherine#8045[39m
[2025-09-30T22:01:01.214Z] 2025-10-01 00:01:01 [CLIENT DISCORD] [34m==============================[39m
[34m[39m
[2025-09-30T22:01:01.220Z] 2025-10-01 00:01:01 [CLIENT DISCORD] [player] Initialisation du Player terminée.
[2025-09-30T22:01:01.222Z] 2025-10-01 00:01:01 [CLIENT DISCORD] [player] Extracteurs chargés avec succès.
[2025-09-30T22:01:01.222Z] 2025-10-01 00:01:01 [CLIENT DISCORD] 📥 Serveur trouvé : San Andreas State Police
[2025-09-30T22:01:01.460Z] 2025-10-01 00:01:01 [CLIENT DISCORD] 🔍 Commandes déjà présentes : play, rules, createreport, div, role, info, pex, openservice, infoshift, recruit, help, ban, ticket, shutdown, userinfo, send, clear, kick, warn, mute, rename, shift, promote
[2025-09-30T22:01:01.460Z] 2025-10-01 00:01:01 [WARN] ⚠️ Les commandes sont déjà enregistrées. Lance avec 'debug' pour forcer l'écrasement.
[2025-09-30T22:01:01.461Z] 2025-10-01 00:01:01 [CLIENT DISCORD] 🎮 Statut et activité mis à jour.
[2025-09-30T22:01:01.461Z] 2025-10-01 00:01:01 [CLIENT DISCORD] 📌 Mode de lancement : [33mAucun[39m
[2025-09-30T22:01:01.461Z] 2025-10-01 00:01:01 [CLIENT DISCORD] ✅ Bot prêt en tant que 293 | Catherine#8045
[2025-09-30T22:01:01.463Z] 2025-10-01 00:01:01 [CLIENT DISCORD] [Cron] 🕒 Démarrage de la régénération automatique de la hiérarchie (tabs)...
[2025-09-30T22:01:01.464Z] 2025-10-01 00:01:01 [CLIENT DISCORD] [Cron] 🕒 Démarrage de la régénération automatique de la hiérarchie... (div)
[2025-09-30T22:01:02.229Z] [NOTIFY] 2025-10-01 00:01:02 [🟢 SOFT NOTIFY] Message DIV supprimé
[2025-09-30T22:01:03.460Z] [NOTIFY] 2025-10-01 00:01:03 [🟢 SOFT NOTIFY] Message TABS supprimé
[2025-09-30T22:01:03.465Z] 2025-10-01 00:01:03 [CLIENT DISCORD] 📦 Nom GitHub : catherine
[2025-09-30T22:01:03.465Z] 2025-10-01 00:01:03 [CLIENT DISCORD] 🕒 Version distante : 2.3.1
[2025-09-30T22:01:03.465Z] [INFO] 2025-10-01 00:01:03 [ℹ️ INFO NOTIFY] ✅ Les versions sont identiques.
[2025-09-30T22:01:05.151Z] 2025-10-01 00:01:05 [CLIENT DISCORD] [✅] Hiérarchie DIV envoyée.
[2025-09-30T22:01:05.151Z] 2025-10-01 00:01:05 [CLIENT DISCORD] [Cron] 🕒 Fin de la régénération automatique de la hiérarchie.
[2025-09-30T22:01:05.889Z] 2025-10-01 00:01:05 [CLIENT DISCORD] [✅] Hiérarchie TABS envoyée.
[2025-09-30T22:01:05.889Z] 2025-10-01 00:01:05 [CLIENT DISCORD] [Cron] 🕒 Fin de la régénération automatique de la hiérarchie.
[2025-09-30T22:09:27.104Z] 2025-10-01 00:09:27 [CLIENT DISCORD] Les modules [32mloggers[39m ont correctement été exportés.
[2025-09-30T22:09:27.104Z] 2025-10-01 00:09:27 [DEBUG] 📦 Checking version from local...
[2025-09-30T22:09:27.105Z] 2025-10-01 00:09:27 [CLIENT DISCORD] 📦 Nom : catherine
[2025-09-30T22:09:27.105Z] 2025-10-01 00:09:27 [CLIENT DISCORD] 🕒 Version locale : 2.3.1
[2025-09-30T22:09:27.105Z] 2025-10-01 00:09:27 [DEBUG] 🌐 Checking version from GitHub...
[2025-09-30T22:09:27.125Z] [EVENT] 2025-10-01 00:09:27 [📅 EVENT NOTIFY] Chargé : guildBanAdd
[2025-09-30T22:09:27.126Z] [EVENT] 2025-10-01 00:09:27 [📅 EVENT NOTIFY] Chargé : guildBanRemove
[2025-09-30T22:09:27.126Z] [EVENT] 2025-10-01 00:09:27 [📅 EVENT NOTIFY] Chargé : guildMemberAdd
[2025-09-30T22:09:27.126Z] [EVENT] 2025-10-01 00:09:27 [📅 EVENT NOTIFY] Chargé : guildMemberRemove
[2025-09-30T22:09:27.127Z] 2025-10-01 00:09:27 [CLIENT DISCORD] Les modules  [32mutils.js[39m [0m ont correctement été exporté.[0m
[2025-09-30T22:09:27.252Z] 2025-10-01 00:09:27 [CLIENT DISCORD] L'interaction  [32mbuttons.js[39m [0m ont correctement été exporté.[0m
[2025-09-30T22:09:27.297Z] 2025-10-01 00:09:27 [CLIENT DISCORD] L'interaction  [32mmodals.js[39m [0m ont correctement été exporté.[0m
[2025-09-30T22:09:27.297Z] [EVENT] 2025-10-01 00:09:27 [📅 EVENT NOTIFY] Chargé : interactionCreate
[2025-09-30T22:09:27.297Z] [EVENT] 2025-10-01 00:09:27 [📅 EVENT NOTIFY] Chargé : messageCreate
[2025-09-30T22:09:27.297Z] [EVENT] 2025-10-01 00:09:27 [📅 EVENT NOTIFY] Chargé : messageDelete
[2025-09-30T22:09:27.298Z] [EVENT] 2025-10-01 00:09:27 [📅 EVENT NOTIFY] Chargé : messageUpdate
[2025-09-30T22:09:27.306Z] 2025-10-01 00:09:27 [CLIENT DISCORD] Les modules  [32mcommands.js[39m [0m ont correctement été exporté.[0m
[2025-09-30T22:09:27.308Z] [EVENT] 2025-10-01 00:09:27 [📅 EVENT NOTIFY] Chargé : ready
[2025-09-30T22:09:27.309Z] [EVENT] 2025-10-01 00:09:27 [📅 EVENT NOTIFY] Chargé : voiceStateUpdate
[2025-09-30T22:09:27.309Z] [COMMANDS] 2025-10-01 00:09:27 [📌 COMMANDS NOTIFY] Chargée : ban
[2025-09-30T22:09:27.310Z] [COMMANDS] 2025-10-01 00:09:27 [📌 COMMANDS NOTIFY] Chargée : clear
[2025-09-30T22:09:27.310Z] [COMMANDS] 2025-10-01 00:09:27 [📌 COMMANDS NOTIFY] Chargée : createreport
[2025-09-30T22:09:27.310Z] [COMMANDS] 2025-10-01 00:09:27 [📌 COMMANDS NOTIFY] Chargée : div
[2025-09-30T22:09:27.310Z] [COMMANDS] 2025-10-01 00:09:27 [📌 COMMANDS NOTIFY] Chargée : help
[2025-09-30T22:09:27.311Z] [COMMANDS] 2025-10-01 00:09:27 [📌 COMMANDS NOTIFY] Chargée : info
[2025-09-30T22:09:27.311Z] [COMMANDS] 2025-10-01 00:09:27 [📌 COMMANDS NOTIFY] Chargée : infoshift
[2025-09-30T22:09:27.311Z] [COMMANDS] 2025-10-01 00:09:27 [📌 COMMANDS NOTIFY] Chargée : kick
[2025-09-30T22:09:27.311Z] [COMMANDS] 2025-10-01 00:09:27 [📌 COMMANDS NOTIFY] Chargée : mute
[2025-09-30T22:09:27.312Z] [COMMANDS] 2025-10-01 00:09:27 [📌 COMMANDS NOTIFY] Chargée : openservice
[2025-09-30T22:09:27.312Z] [COMMANDS] 2025-10-01 00:09:27 [📌 COMMANDS NOTIFY] Chargée : pex
[2025-09-30T22:09:27.315Z] [COMMANDS] 2025-10-01 00:09:27 [📌 COMMANDS NOTIFY] Chargée : play
[2025-09-30T22:09:27.315Z] [COMMANDS] 2025-10-01 00:09:27 [📌 COMMANDS NOTIFY] Chargée : promote
[2025-09-30T22:09:27.316Z] [COMMANDS] 2025-10-01 00:09:27 [📌 COMMANDS NOTIFY] Chargée : recruit
[2025-09-30T22:09:27.316Z] [COMMANDS] 2025-10-01 00:09:27 [📌 COMMANDS NOTIFY] Chargée : rename
[2025-09-30T22:09:27.316Z] [COMMANDS] 2025-10-01 00:09:27 [📌 COMMANDS NOTIFY] Chargée : role
[2025-09-30T22:09:27.316Z] [COMMANDS] 2025-10-01 00:09:27 [📌 COMMANDS NOTIFY] Chargée : send
[2025-09-30T22:09:27.317Z] [COMMANDS] 2025-10-01 00:09:27 [📌 COMMANDS NOTIFY] Chargée : shift
[2025-09-30T22:09:27.317Z] [COMMANDS] 2025-10-01 00:09:27 [📌 COMMANDS NOTIFY] Chargée : ticket
[2025-09-30T22:09:27.317Z] [COMMANDS] 2025-10-01 00:09:27 [📌 COMMANDS NOTIFY] Chargée : userinfo
[2025-09-30T22:09:27.318Z] [COMMANDS] 2025-10-01 00:09:27 [📌 COMMANDS NOTIFY] Chargée : warn
[2025-09-30T22:09:27.318Z] 2025-10-01 00:09:27 [CLIENT DISCORD] [42m[30mChargement des informations du package.[39m[49m
[42m[30m[39m[49m [46m[PACKAGE][49m [32mAuth. : François 🌸[39m
[32m[39m [46m[PACKAGE][49m [32mDepd. : axios, chalk, cron, discord-html-transcripts, discord-player, discord.js, distube, dotenv, express, express-session, form-data, fs, googleapis, luxon, multer, node-cron, node-fetch, ora, patch, path, pdf-lib, pdfkit, play-dl, readline, rl, uuid[39m
[32m[39m [46m[PACKAGE][49m [32mDesc. : Official Bot Catherine for 911 Community.[39m
[32m[39m [46m[PACKAGE][49m [32mLisc. : ISC[39m
[32m[39m [46m[PACKAGE][49m [32mMain. : index.js[39m
[32m[39m [46m[PACKAGE][49m [32mName. : catherine[39m
[32m[39m [46m[PACKAGE][49m [32mScrp. : {"test":"echo \"Error: no test specified\" && exit 1","start":"node server.js"}[39m
[32m[39m [46m[PACKAGE][49m [32mVers. : 2.3.1[39m
[32m[39m [46m[PACKAGE][49m [32mPatch Note. : **[PN - 07/06]** *Passage 2.0 with new patch (shift, tabs... new commands handler)*[39m
[32m[39m
[2025-09-30T22:09:27.771Z] 2025-10-01 00:09:27 [CLIENT DISCORD] 📦 Nom GitHub : catherine
[2025-09-30T22:09:27.772Z] 2025-10-01 00:09:27 [CLIENT DISCORD] 🕒 Version distante : 2.3.1
[2025-09-30T22:09:27.774Z] [INFO] 2025-10-01 00:09:27 [ℹ️ INFO NOTIFY] ✅ Les versions sont identiques.
[2025-09-30T22:09:29.063Z] 2025-10-01 00:09:29 [DEBUG] 📦 Checking version from local...
[2025-09-30T22:09:29.064Z] 2025-10-01 00:09:29 [CLIENT DISCORD] 📦 Nom : catherine
[2025-09-30T22:09:29.064Z] 2025-10-01 00:09:29 [CLIENT DISCORD] 🕒 Version locale : 2.3.1
[2025-09-30T22:09:29.064Z] 2025-10-01 00:09:29 [DEBUG] 🌐 Checking version from GitHub...
[2025-09-30T22:09:30.044Z] 2025-10-01 00:09:30 [CLIENT DISCORD] 📦 Nom GitHub : catherine
[2025-09-30T22:09:30.044Z] 2025-10-01 00:09:30 [CLIENT DISCORD] 🕒 Version distante : 2.3.1
[2025-09-30T22:09:30.045Z] [INFO] 2025-10-01 00:09:30 [ℹ️ INFO NOTIFY] ✅ Les versions sont identiques.
[2025-09-30T22:09:30.045Z] 2025-10-01 00:09:30 [CLIENT DISCORD] [34m==============================[39m
[2025-09-30T22:09:30.045Z] 2025-10-01 00:09:30 [CLIENT DISCORD] [32m🚀 Démarrage du bot...[39m
[2025-09-30T22:09:30.045Z] 2025-10-01 00:09:30 [CLIENT DISCORD] [33m🔗 Connexion à Discord API...[39m
[2025-09-30T22:09:30.045Z] 2025-10-01 00:09:30 [CLIENT DISCORD] [36m✅ Bot RP en ligne ! Connecté en tant que 293 | Catherine#8045[39m
[2025-09-30T22:09:30.045Z] 2025-10-01 00:09:30 [CLIENT DISCORD] [34m==============================[39m
[34m[39m
[2025-09-30T22:09:30.048Z] 2025-10-01 00:09:30 [CLIENT DISCORD] [player] Initialisation du Player terminée.
[2025-09-30T22:09:30.049Z] 2025-10-01 00:09:30 [CLIENT DISCORD] [player] Extracteurs chargés avec succès.
[2025-09-30T22:09:30.049Z] 2025-10-01 00:09:30 [CLIENT DISCORD] 📥 Serveur trouvé : San Andreas State Police
[2025-09-30T22:09:30.441Z] 2025-10-01 00:09:30 [CLIENT DISCORD] 🔍 Commandes déjà présentes : play, rules, createreport, div, role, info, pex, openservice, infoshift, recruit, help, ban, ticket, shutdown, userinfo, send, clear, kick, warn, mute, rename, shift, promote
[2025-09-30T22:09:30.442Z] 2025-10-01 00:09:30 [WARN] ⚠️ Les commandes sont déjà enregistrées. Lance avec 'debug' pour forcer l'écrasement.
[2025-09-30T22:09:30.442Z] 2025-10-01 00:09:30 [CLIENT DISCORD] 🎮 Statut et activité mis à jour.
[2025-09-30T22:09:30.442Z] 2025-10-01 00:09:30 [CLIENT DISCORD] 📌 Mode de lancement : [33mAucun[39m
[2025-09-30T22:09:30.442Z] 2025-10-01 00:09:30 [CLIENT DISCORD] ✅ Bot prêt en tant que 293 | Catherine#8045
[2025-09-30T22:09:30.445Z] 2025-10-01 00:09:30 [CLIENT DISCORD] [Cron] 🕒 Démarrage de la régénération automatique de la hiérarchie (tabs)...
[2025-09-30T22:09:30.445Z] 2025-10-01 00:09:30 [CLIENT DISCORD] [Cron] 🕒 Démarrage de la régénération automatique de la hiérarchie... (div)
[2025-09-30T22:09:31.059Z] [NOTIFY] 2025-10-01 00:09:31 [🟢 SOFT NOTIFY] Message DIV supprimé
[2025-09-30T22:09:31.675Z] [NOTIFY] 2025-10-01 00:09:31 [🟢 SOFT NOTIFY] Message TABS supprimé
[2025-09-30T22:09:32.366Z] 2025-10-01 00:09:32 [CLIENT DISCORD] [✅] Hiérarchie DIV envoyée.
[2025-09-30T22:09:32.366Z] 2025-10-01 00:09:32 [CLIENT DISCORD] [Cron] 🕒 Fin de la régénération automatique de la hiérarchie.
[2025-09-30T22:09:33.057Z] 2025-10-01 00:09:33 [CLIENT DISCORD] [✅] Hiérarchie TABS envoyée.
[2025-09-30T22:09:33.057Z] 2025-10-01 00:09:33 [CLIENT DISCORD] [Cron] 🕒 Fin de la régénération automatique de la hiérarchie.
[2025-09-30T22:09:38.731Z] 2025-10-01 00:09:38 [CLIENT DISCORD] ❌ Type invalide. Utilise "embed", "text" ou "file".
[2025-09-30T22:09:43.599Z] 2025-10-01 00:09:43 [CLIENT DISCORD] ❌ Syntaxe invalide. Utilise : >send file nom_du_fichier.txt channel_id
[2025-09-30T22:10:05.795Z] 2025-10-01 00:10:05 [CLIENT DISCORD] ❌ Impossible de lire le fichier "src/Rules/rules_1" : ENOENT: no such file or directory, open './src/PatchNote/src/Rules/rules_1'
[2025-09-30T22:10:14.688Z] 2025-10-01 00:10:14 [CLIENT DISCORD] ❌ Impossible de lire le fichier "src/Rules/rules_1.txt" : ENOENT: no such file or directory, open './src/PatchNote/src/Rules/rules_1.txt'
[2025-09-30T22:10:38.824Z] 2025-10-01 00:10:38 [CLIENT DISCORD] ❌ Impossible de lire le fichier "../../Rules/rules_1.txt" : ENOENT: no such file or directory, open './src/PatchNote/../../Rules/rules_1.txt'
[2025-09-30T22:11:20.967Z] 2025-10-01 00:11:20 [CLIENT DISCORD] Les modules [32mloggers[39m ont correctement été exportés.
[2025-09-30T22:11:20.968Z] 2025-10-01 00:11:20 [DEBUG] 📦 Checking version from local...
[2025-09-30T22:11:20.968Z] 2025-10-01 00:11:20 [CLIENT DISCORD] 📦 Nom : catherine
[2025-09-30T22:11:20.968Z] 2025-10-01 00:11:20 [CLIENT DISCORD] 🕒 Version locale : 2.3.1
[2025-09-30T22:11:20.968Z] 2025-10-01 00:11:20 [DEBUG] 🌐 Checking version from GitHub...
[2025-09-30T22:11:20.989Z] [EVENT] 2025-10-01 00:11:20 [📅 EVENT NOTIFY] Chargé : guildBanAdd
[2025-09-30T22:11:20.989Z] [EVENT] 2025-10-01 00:11:20 [📅 EVENT NOTIFY] Chargé : guildBanRemove
[2025-09-30T22:11:20.989Z] [EVENT] 2025-10-01 00:11:20 [📅 EVENT NOTIFY] Chargé : guildMemberAdd
[2025-09-30T22:11:20.990Z] [EVENT] 2025-10-01 00:11:20 [📅 EVENT NOTIFY] Chargé : guildMemberRemove
[2025-09-30T22:11:20.990Z] 2025-10-01 00:11:20 [CLIENT DISCORD] Les modules  [32mutils.js[39m [0m ont correctement été exporté.[0m
[2025-09-30T22:11:21.113Z] 2025-10-01 00:11:21 [CLIENT DISCORD] L'interaction  [32mbuttons.js[39m [0m ont correctement été exporté.[0m
[2025-09-30T22:11:21.157Z] 2025-10-01 00:11:21 [CLIENT DISCORD] L'interaction  [32mmodals.js[39m [0m ont correctement été exporté.[0m
[2025-09-30T22:11:21.157Z] [EVENT] 2025-10-01 00:11:21 [📅 EVENT NOTIFY] Chargé : interactionCreate
[2025-09-30T22:11:21.157Z] [EVENT] 2025-10-01 00:11:21 [📅 EVENT NOTIFY] Chargé : messageCreate
[2025-09-30T22:11:21.157Z] [EVENT] 2025-10-01 00:11:21 [📅 EVENT NOTIFY] Chargé : messageDelete
[2025-09-30T22:11:21.158Z] [EVENT] 2025-10-01 00:11:21 [📅 EVENT NOTIFY] Chargé : messageUpdate
[2025-09-30T22:11:21.161Z] 2025-10-01 00:11:21 [CLIENT DISCORD] Les modules  [32mcommands.js[39m [0m ont correctement été exporté.[0m
[2025-09-30T22:11:21.168Z] [EVENT] 2025-10-01 00:11:21 [📅 EVENT NOTIFY] Chargé : ready
[2025-09-30T22:11:21.169Z] [EVENT] 2025-10-01 00:11:21 [📅 EVENT NOTIFY] Chargé : voiceStateUpdate
[2025-09-30T22:11:21.170Z] [COMMANDS] 2025-10-01 00:11:21 [📌 COMMANDS NOTIFY] Chargée : ban
[2025-09-30T22:11:21.170Z] [COMMANDS] 2025-10-01 00:11:21 [📌 COMMANDS NOTIFY] Chargée : clear
[2025-09-30T22:11:21.170Z] [COMMANDS] 2025-10-01 00:11:21 [📌 COMMANDS NOTIFY] Chargée : createreport
[2025-09-30T22:11:21.170Z] [COMMANDS] 2025-10-01 00:11:21 [📌 COMMANDS NOTIFY] Chargée : div
[2025-09-30T22:11:21.171Z] [COMMANDS] 2025-10-01 00:11:21 [📌 COMMANDS NOTIFY] Chargée : help
[2025-09-30T22:11:21.171Z] [COMMANDS] 2025-10-01 00:11:21 [📌 COMMANDS NOTIFY] Chargée : info
[2025-09-30T22:11:21.171Z] [COMMANDS] 2025-10-01 00:11:21 [📌 COMMANDS NOTIFY] Chargée : infoshift
[2025-09-30T22:11:21.171Z] [COMMANDS] 2025-10-01 00:11:21 [📌 COMMANDS NOTIFY] Chargée : kick
[2025-09-30T22:11:21.172Z] [COMMANDS] 2025-10-01 00:11:21 [📌 COMMANDS NOTIFY] Chargée : mute
[2025-09-30T22:11:21.172Z] [COMMANDS] 2025-10-01 00:11:21 [📌 COMMANDS NOTIFY] Chargée : openservice
[2025-09-30T22:11:21.172Z] [COMMANDS] 2025-10-01 00:11:21 [📌 COMMANDS NOTIFY] Chargée : pex
[2025-09-30T22:11:21.175Z] [COMMANDS] 2025-10-01 00:11:21 [📌 COMMANDS NOTIFY] Chargée : play
[2025-09-30T22:11:21.176Z] [COMMANDS] 2025-10-01 00:11:21 [📌 COMMANDS NOTIFY] Chargée : promote
[2025-09-30T22:11:21.176Z] [COMMANDS] 2025-10-01 00:11:21 [📌 COMMANDS NOTIFY] Chargée : recruit
[2025-09-30T22:11:21.176Z] [COMMANDS] 2025-10-01 00:11:21 [📌 COMMANDS NOTIFY] Chargée : rename
[2025-09-30T22:11:21.176Z] [COMMANDS] 2025-10-01 00:11:21 [📌 COMMANDS NOTIFY] Chargée : role
[2025-09-30T22:11:21.177Z] [COMMANDS] 2025-10-01 00:11:21 [📌 COMMANDS NOTIFY] Chargée : send
[2025-09-30T22:11:21.177Z] [COMMANDS] 2025-10-01 00:11:21 [📌 COMMANDS NOTIFY] Chargée : shift
[2025-09-30T22:11:21.177Z] [COMMANDS] 2025-10-01 00:11:21 [📌 COMMANDS NOTIFY] Chargée : ticket
[2025-09-30T22:11:21.178Z] [COMMANDS] 2025-10-01 00:11:21 [📌 COMMANDS NOTIFY] Chargée : userinfo
[2025-09-30T22:11:21.178Z] [COMMANDS] 2025-10-01 00:11:21 [📌 COMMANDS NOTIFY] Chargée : warn
[2025-09-30T22:11:21.179Z] 2025-10-01 00:11:21 [CLIENT DISCORD] [42m[30mChargement des informations du package.[39m[49m
[42m[30m[39m[49m [46m[PACKAGE][49m [32mAuth. : François 🌸[39m
[32m[39m [46m[PACKAGE][49m [32mDepd. : axios, chalk, cron, discord-html-transcripts, discord-player, discord.js, distube, dotenv, express, express-session, form-data, fs, googleapis, luxon, multer, node-cron, node-fetch, ora, patch, path, pdf-lib, pdfkit, play-dl, readline, rl, uuid[39m
[32m[39m [46m[PACKAGE][49m [32mDesc. : Official Bot Catherine for 911 Community.[39m
[32m[39m [46m[PACKAGE][49m [32mLisc. : ISC[39m
[32m[39m [46m[PACKAGE][49m [32mMain. : index.js[39m
[32m[39m [46m[PACKAGE][49m [32mName. : catherine[39m
[32m[39m [46m[PACKAGE][49m [32mScrp. : {"test":"echo \"Error: no test specified\" && exit 1","start":"node server.js"}[39m
[32m[39m [46m[PACKAGE][49m [32mVers. : 2.3.1[39m
[32m[39m [46m[PACKAGE][49m [32mPatch Note. : **[PN - 07/06]** *Passage 2.0 with new patch (shift, tabs... new commands handler)*[39m
[32m[39m
[2025-09-30T22:11:21.749Z] 2025-10-01 00:11:21 [CLIENT DISCORD] 📦 Nom GitHub : catherine
[2025-09-30T22:11:21.749Z] 2025-10-01 00:11:21 [CLIENT DISCORD] 🕒 Version distante : 2.3.1
[2025-09-30T22:11:21.751Z] [INFO] 2025-10-01 00:11:21 [ℹ️ INFO NOTIFY] ✅ Les versions sont identiques.
[2025-09-30T22:11:22.763Z] 2025-10-01 00:11:22 [DEBUG] 📦 Checking version from local...
[2025-09-30T22:11:22.763Z] 2025-10-01 00:11:22 [CLIENT DISCORD] 📦 Nom : catherine
[2025-09-30T22:11:22.764Z] 2025-10-01 00:11:22 [CLIENT DISCORD] 🕒 Version locale : 2.3.1
[2025-09-30T22:11:22.764Z] 2025-10-01 00:11:22 [DEBUG] 🌐 Checking version from GitHub...
[2025-09-30T22:11:23.153Z] 2025-10-01 00:11:23 [CLIENT DISCORD] 📦 Nom GitHub : catherine
[2025-09-30T22:11:23.153Z] 2025-10-01 00:11:23 [CLIENT DISCORD] 🕒 Version distante : 2.3.1
[2025-09-30T22:11:23.153Z] [INFO] 2025-10-01 00:11:23 [ℹ️ INFO NOTIFY] ✅ Les versions sont identiques.
[2025-09-30T22:11:23.153Z] 2025-10-01 00:11:23 [CLIENT DISCORD] [34m==============================[39m
[2025-09-30T22:11:23.154Z] 2025-10-01 00:11:23 [CLIENT DISCORD] [32m🚀 Démarrage du bot...[39m
[2025-09-30T22:11:23.154Z] 2025-10-01 00:11:23 [CLIENT DISCORD] [33m🔗 Connexion à Discord API...[39m
[2025-09-30T22:11:23.154Z] 2025-10-01 00:11:23 [CLIENT DISCORD] [36m✅ Bot RP en ligne ! Connecté en tant que 293 | Catherine#8045[39m
[2025-09-30T22:11:23.154Z] 2025-10-01 00:11:23 [CLIENT DISCORD] [34m==============================[39m
[34m[39m
[2025-09-30T22:11:23.162Z] 2025-10-01 00:11:23 [CLIENT DISCORD] [player] Initialisation du Player terminée.
[2025-09-30T22:11:23.164Z] 2025-10-01 00:11:23 [CLIENT DISCORD] [player] Extracteurs chargés avec succès.
[2025-09-30T22:11:23.164Z] 2025-10-01 00:11:23 [CLIENT DISCORD] 📥 Serveur trouvé : San Andreas State Police
[2025-09-30T22:11:24.185Z] 2025-10-01 00:11:24 [CLIENT DISCORD] 🔍 Commandes déjà présentes : play, rules, createreport, div, role, info, pex, openservice, infoshift, recruit, help, ban, ticket, shutdown, userinfo, send, clear, kick, warn, mute, rename, shift, promote
[2025-09-30T22:11:24.185Z] 2025-10-01 00:11:24 [WARN] ⚠️ Les commandes sont déjà enregistrées. Lance avec 'debug' pour forcer l'écrasement.
[2025-09-30T22:11:24.186Z] 2025-10-01 00:11:24 [CLIENT DISCORD] 🎮 Statut et activité mis à jour.
[2025-09-30T22:11:24.186Z] 2025-10-01 00:11:24 [CLIENT DISCORD] 📌 Mode de lancement : [33mAucun[39m
[2025-09-30T22:11:24.186Z] 2025-10-01 00:11:24 [CLIENT DISCORD] ✅ Bot prêt en tant que 293 | Catherine#8045
[2025-09-30T22:11:27.640Z] 2025-10-01 00:11:27 [CLIENT DISCORD] ❌ Type invalide. Utilise "embed", "text" ou "file".
[2025-09-30T22:11:43.413Z] 2025-10-01 00:11:43 [CLIENT DISCORD] ❌ Impossible de lire le fichier "Rules/rles_1.txt" : ENOENT: no such file or directory, open './src/Rules/rles_1.txt'
[2025-09-30T22:11:54.167Z] 2025-10-01 00:11:54 [CLIENT DISCORD] ✅ Fichier "Rules/rules_1.txt" envoyé dans le salon 1252234244760141874
[2025-09-30T22:12:19.742Z] 2025-10-01 00:12:19 [CLIENT DISCORD] ✅ Fichier "Rules/rules_2.txt" envoyé dans le salon 1252234244760141874
[2025-09-30T22:18:26.471Z] 2025-10-01 00:18:26 [CLIENT DISCORD] Les modules [32mloggers[39m ont correctement été exportés.
[2025-09-30T22:18:26.472Z] 2025-10-01 00:18:26 [DEBUG] 📦 Checking version from local...
[2025-09-30T22:18:26.472Z] 2025-10-01 00:18:26 [CLIENT DISCORD] 📦 Nom : catherine
[2025-09-30T22:18:26.472Z] 2025-10-01 00:18:26 [CLIENT DISCORD] 🕒 Version locale : 2.3.1
[2025-09-30T22:18:26.472Z] 2025-10-01 00:18:26 [DEBUG] 🌐 Checking version from GitHub...
[2025-09-30T22:18:26.496Z] [EVENT] 2025-10-01 00:18:26 [📅 EVENT NOTIFY] Chargé : guildBanAdd
[2025-09-30T22:18:26.497Z] [EVENT] 2025-10-01 00:18:26 [📅 EVENT NOTIFY] Chargé : guildBanRemove
[2025-09-30T22:18:26.497Z] [EVENT] 2025-10-01 00:18:26 [📅 EVENT NOTIFY] Chargé : guildMemberAdd
[2025-09-30T22:18:26.497Z] [EVENT] 2025-10-01 00:18:26 [📅 EVENT NOTIFY] Chargé : guildMemberRemove
[2025-09-30T22:18:26.498Z] 2025-10-01 00:18:26 [CLIENT DISCORD] Les modules  [32mutils.js[39m [0m ont correctement été exporté.[0m
[2025-09-30T22:18:26.624Z] 2025-10-01 00:18:26 [CLIENT DISCORD] L'interaction  [32mbuttons.js[39m [0m ont correctement été exporté.[0m
[2025-09-30T22:18:26.673Z] 2025-10-01 00:18:26 [CLIENT DISCORD] L'interaction  [32mmodals.js[39m [0m ont correctement été exporté.[0m
[2025-09-30T22:18:26.674Z] [EVENT] 2025-10-01 00:18:26 [📅 EVENT NOTIFY] Chargé : interactionCreate
[2025-09-30T22:18:26.674Z] [EVENT] 2025-10-01 00:18:26 [📅 EVENT NOTIFY] Chargé : messageCreate
[2025-09-30T22:18:26.674Z] [EVENT] 2025-10-01 00:18:26 [📅 EVENT NOTIFY] Chargé : messageDelete
[2025-09-30T22:18:26.674Z] [EVENT] 2025-10-01 00:18:26 [📅 EVENT NOTIFY] Chargé : messageUpdate
[2025-09-30T22:18:26.678Z] 2025-10-01 00:18:26 [CLIENT DISCORD] Les modules  [32mcommands.js[39m [0m ont correctement été exporté.[0m
[2025-09-30T22:18:26.681Z] [EVENT] 2025-10-01 00:18:26 [📅 EVENT NOTIFY] Chargé : ready
[2025-09-30T22:18:26.681Z] [EVENT] 2025-10-01 00:18:26 [📅 EVENT NOTIFY] Chargé : voiceStateUpdate
[2025-09-30T22:18:26.682Z] [COMMANDS] 2025-10-01 00:18:26 [📌 COMMANDS NOTIFY] Chargée : ban
[2025-09-30T22:18:26.682Z] [COMMANDS] 2025-10-01 00:18:26 [📌 COMMANDS NOTIFY] Chargée : clear
[2025-09-30T22:18:26.682Z] [COMMANDS] 2025-10-01 00:18:26 [📌 COMMANDS NOTIFY] Chargée : createreport
[2025-09-30T22:18:26.682Z] [COMMANDS] 2025-10-01 00:18:26 [📌 COMMANDS NOTIFY] Chargée : div
[2025-09-30T22:18:26.683Z] [COMMANDS] 2025-10-01 00:18:26 [📌 COMMANDS NOTIFY] Chargée : help
[2025-09-30T22:18:26.683Z] [COMMANDS] 2025-10-01 00:18:26 [📌 COMMANDS NOTIFY] Chargée : info
[2025-09-30T22:18:26.683Z] [COMMANDS] 2025-10-01 00:18:26 [📌 COMMANDS NOTIFY] Chargée : infoshift
[2025-09-30T22:18:26.683Z] [COMMANDS] 2025-10-01 00:18:26 [📌 COMMANDS NOTIFY] Chargée : kick
[2025-09-30T22:18:26.683Z] [COMMANDS] 2025-10-01 00:18:26 [📌 COMMANDS NOTIFY] Chargée : mute
[2025-09-30T22:18:26.684Z] [COMMANDS] 2025-10-01 00:18:26 [📌 COMMANDS NOTIFY] Chargée : openservice
[2025-09-30T22:18:26.684Z] [COMMANDS] 2025-10-01 00:18:26 [📌 COMMANDS NOTIFY] Chargée : pex
[2025-09-30T22:18:26.689Z] [COMMANDS] 2025-10-01 00:18:26 [📌 COMMANDS NOTIFY] Chargée : play
[2025-09-30T22:18:26.689Z] [COMMANDS] 2025-10-01 00:18:26 [📌 COMMANDS NOTIFY] Chargée : promote
[2025-09-30T22:18:26.689Z] [COMMANDS] 2025-10-01 00:18:26 [📌 COMMANDS NOTIFY] Chargée : recruit
[2025-09-30T22:18:26.690Z] [COMMANDS] 2025-10-01 00:18:26 [📌 COMMANDS NOTIFY] Chargée : rename
[2025-09-30T22:18:26.690Z] [COMMANDS] 2025-10-01 00:18:26 [📌 COMMANDS NOTIFY] Chargée : role
[2025-09-30T22:18:26.690Z] [COMMANDS] 2025-10-01 00:18:26 [📌 COMMANDS NOTIFY] Chargée : send
[2025-09-30T22:18:26.691Z] [COMMANDS] 2025-10-01 00:18:26 [📌 COMMANDS NOTIFY] Chargée : shift
[2025-09-30T22:18:26.691Z] [COMMANDS] 2025-10-01 00:18:26 [📌 COMMANDS NOTIFY] Chargée : ticket
[2025-09-30T22:18:26.691Z] [COMMANDS] 2025-10-01 00:18:26 [📌 COMMANDS NOTIFY] Chargée : userinfo
[2025-09-30T22:18:26.692Z] [COMMANDS] 2025-10-01 00:18:26 [📌 COMMANDS NOTIFY] Chargée : warn
[2025-09-30T22:18:26.693Z] 2025-10-01 00:18:26 [CLIENT DISCORD] [42m[30mChargement des informations du package.[39m[49m
[42m[30m[39m[49m [46m[PACKAGE][49m [32mAuth. : François 🌸[39m
[32m[39m [46m[PACKAGE][49m [32mDepd. : axios, chalk, cron, discord-html-transcripts, discord-player, discord.js, distube, dotenv, express, express-session, form-data, fs, googleapis, luxon, multer, node-cron, node-fetch, ora, patch, path, pdf-lib, pdfkit, play-dl, readline, rl, uuid[39m
[32m[39m [46m[PACKAGE][49m [32mDesc. : Official Bot Catherine for 911 Community.[39m
[32m[39m [46m[PACKAGE][49m [32mLisc. : ISC[39m
[32m[39m [46m[PACKAGE][49m [32mMain. : index.js[39m
[32m[39m [46m[PACKAGE][49m [32mName. : catherine[39m
[32m[39m [46m[PACKAGE][49m [32mScrp. : {"test":"echo \"Error: no test specified\" && exit 1","start":"node server.js"}[39m
[32m[39m [46m[PACKAGE][49m [32mVers. : 2.3.1[39m
[32m[39m [46m[PACKAGE][49m [32mPatch Note. : **[PN - 07/06]** *Passage 2.0 with new patch (shift, tabs... new commands handler)*[39m
[32m[39m
[2025-09-30T22:18:27.269Z] 2025-10-01 00:18:27 [CLIENT DISCORD] 📦 Nom GitHub : catherine
[2025-09-30T22:18:27.269Z] 2025-10-01 00:18:27 [CLIENT DISCORD] 🕒 Version distante : 2.3.1
[2025-09-30T22:18:27.270Z] [INFO] 2025-10-01 00:18:27 [ℹ️ INFO NOTIFY] ✅ Les versions sont identiques.
[2025-09-30T22:18:28.935Z] 2025-10-01 00:18:28 [DEBUG] 📦 Checking version from local...
[2025-09-30T22:18:28.935Z] 2025-10-01 00:18:28 [CLIENT DISCORD] 📦 Nom : catherine
[2025-09-30T22:18:28.935Z] 2025-10-01 00:18:28 [CLIENT DISCORD] 🕒 Version locale : 2.3.1
[2025-09-30T22:18:28.935Z] 2025-10-01 00:18:28 [DEBUG] 🌐 Checking version from GitHub...
[2025-09-30T22:18:29.299Z] 2025-10-01 00:18:29 [CLIENT DISCORD] 📦 Nom GitHub : catherine
[2025-09-30T22:18:29.300Z] 2025-10-01 00:18:29 [CLIENT DISCORD] 🕒 Version distante : 2.3.1
[2025-09-30T22:18:29.300Z] [INFO] 2025-10-01 00:18:29 [ℹ️ INFO NOTIFY] ✅ Les versions sont identiques.
[2025-09-30T22:18:29.300Z] 2025-10-01 00:18:29 [CLIENT DISCORD] [34m==============================[39m
[2025-09-30T22:18:29.301Z] 2025-10-01 00:18:29 [CLIENT DISCORD] [32m🚀 Démarrage du bot...[39m
[2025-09-30T22:18:29.301Z] 2025-10-01 00:18:29 [CLIENT DISCORD] [33m🔗 Connexion à Discord API...[39m
[2025-09-30T22:18:29.301Z] 2025-10-01 00:18:29 [CLIENT DISCORD] [36m✅ Bot RP en ligne ! Connecté en tant que 293 | Catherine#8045[39m
[2025-09-30T22:18:29.301Z] 2025-10-01 00:18:29 [CLIENT DISCORD] [34m==============================[39m
[34m[39m
[2025-09-30T22:18:29.307Z] 2025-10-01 00:18:29 [CLIENT DISCORD] [player] Initialisation du Player terminée.
[2025-09-30T22:18:29.308Z] 2025-10-01 00:18:29 [CLIENT DISCORD] [player] Extracteurs chargés avec succès.
[2025-09-30T22:18:29.308Z] 2025-10-01 00:18:29 [CLIENT DISCORD] 📥 Serveur trouvé : San Andreas State Police
[2025-09-30T22:18:29.616Z] 2025-10-01 00:18:29 [CLIENT DISCORD] 🔍 Commandes déjà présentes : play, rules, createreport, div, role, info, pex, openservice, infoshift, recruit, help, ban, ticket, shutdown, userinfo, send, clear, kick, warn, mute, rename, shift, promote
[2025-09-30T22:18:29.616Z] 2025-10-01 00:18:29 [WARN] ⚠️ Les commandes sont déjà enregistrées. Lance avec 'debug' pour forcer l'écrasement.
[2025-09-30T22:18:29.616Z] 2025-10-01 00:18:29 [CLIENT DISCORD] 🎮 Statut et activité mis à jour.
[2025-09-30T22:18:29.616Z] 2025-10-01 00:18:29 [CLIENT DISCORD] 📌 Mode de lancement : [33mAucun[39m
[2025-09-30T22:18:29.616Z] 2025-10-01 00:18:29 [CLIENT DISCORD] ✅ Bot prêt en tant que 293 | Catherine#8045
[2025-09-30T22:18:52.794Z] 2025-10-01 00:18:52 [CLIENT DISCORD] ✅ Fichier "Rules/rules_1.txt" envoyé dans le salon 1252234244760141874
[2025-09-30T22:18:59.030Z] 2025-10-01 00:18:59 [CLIENT DISCORD] ✅ Fichier "Rules/rules_2.txt" envoyé avec le bouton dans le salon 1252234244760141874
[2025-09-30T22:19:14.382Z] 2025-10-01 00:19:14 [CLIENT DISCORD] [BUTTON] francois.piano a exécuté l'interaction bouton rulescheck dans 1252234244760141874
[2025-09-30T22:20:33.283Z] 2025-10-01 00:20:33 [CLIENT DISCORD] Les modules [32mloggers[39m ont correctement été exportés.
[2025-09-30T22:20:33.284Z] 2025-10-01 00:20:33 [DEBUG] 📦 Checking version from local...
[2025-09-30T22:20:33.284Z] 2025-10-01 00:20:33 [CLIENT DISCORD] 📦 Nom : catherine
[2025-09-30T22:20:33.284Z] 2025-10-01 00:20:33 [CLIENT DISCORD] 🕒 Version locale : 2.3.1
[2025-09-30T22:20:33.285Z] 2025-10-01 00:20:33 [DEBUG] 🌐 Checking version from GitHub...
[2025-09-30T22:20:33.308Z] [EVENT] 2025-10-01 00:20:33 [📅 EVENT NOTIFY] Chargé : guildBanAdd
[2025-09-30T22:20:33.308Z] [EVENT] 2025-10-01 00:20:33 [📅 EVENT NOTIFY] Chargé : guildBanRemove
[2025-09-30T22:20:33.308Z] [EVENT] 2025-10-01 00:20:33 [📅 EVENT NOTIFY] Chargé : guildMemberAdd
[2025-09-30T22:20:33.309Z] [EVENT] 2025-10-01 00:20:33 [📅 EVENT NOTIFY] Chargé : guildMemberRemove
[2025-09-30T22:20:33.310Z] 2025-10-01 00:20:33 [CLIENT DISCORD] Les modules  [32mutils.js[39m [0m ont correctement été exporté.[0m
[2025-09-30T22:20:33.444Z] 2025-10-01 00:20:33 [CLIENT DISCORD] L'interaction  [32mbuttons.js[39m [0m ont correctement été exporté.[0m
[2025-09-30T22:20:33.494Z] 2025-10-01 00:20:33 [CLIENT DISCORD] L'interaction  [32mmodals.js[39m [0m ont correctement été exporté.[0m
[2025-09-30T22:20:33.494Z] [EVENT] 2025-10-01 00:20:33 [📅 EVENT NOTIFY] Chargé : interactionCreate
[2025-09-30T22:20:33.495Z] [EVENT] 2025-10-01 00:20:33 [📅 EVENT NOTIFY] Chargé : messageCreate
[2025-09-30T22:20:33.495Z] [EVENT] 2025-10-01 00:20:33 [📅 EVENT NOTIFY] Chargé : messageDelete
[2025-09-30T22:20:33.495Z] [EVENT] 2025-10-01 00:20:33 [📅 EVENT NOTIFY] Chargé : messageUpdate
[2025-09-30T22:20:33.500Z] 2025-10-01 00:20:33 [CLIENT DISCORD] Les modules  [32mcommands.js[39m [0m ont correctement été exporté.[0m
[2025-09-30T22:20:33.503Z] [EVENT] 2025-10-01 00:20:33 [📅 EVENT NOTIFY] Chargé : ready
[2025-09-30T22:20:33.503Z] [EVENT] 2025-10-01 00:20:33 [📅 EVENT NOTIFY] Chargé : voiceStateUpdate
[2025-09-30T22:20:33.504Z] [COMMANDS] 2025-10-01 00:20:33 [📌 COMMANDS NOTIFY] Chargée : ban
[2025-09-30T22:20:33.504Z] [COMMANDS] 2025-10-01 00:20:33 [📌 COMMANDS NOTIFY] Chargée : clear
[2025-09-30T22:20:33.504Z] [COMMANDS] 2025-10-01 00:20:33 [📌 COMMANDS NOTIFY] Chargée : createreport
[2025-09-30T22:20:33.504Z] [COMMANDS] 2025-10-01 00:20:33 [📌 COMMANDS NOTIFY] Chargée : div
[2025-09-30T22:20:33.505Z] [COMMANDS] 2025-10-01 00:20:33 [📌 COMMANDS NOTIFY] Chargée : help
[2025-09-30T22:20:33.505Z] [COMMANDS] 2025-10-01 00:20:33 [📌 COMMANDS NOTIFY] Chargée : info
[2025-09-30T22:20:33.505Z] [COMMANDS] 2025-10-01 00:20:33 [📌 COMMANDS NOTIFY] Chargée : infoshift
[2025-09-30T22:20:33.505Z] [COMMANDS] 2025-10-01 00:20:33 [📌 COMMANDS NOTIFY] Chargée : kick
[2025-09-30T22:20:33.506Z] [COMMANDS] 2025-10-01 00:20:33 [📌 COMMANDS NOTIFY] Chargée : mute
[2025-09-30T22:20:33.506Z] [COMMANDS] 2025-10-01 00:20:33 [📌 COMMANDS NOTIFY] Chargée : openservice
[2025-09-30T22:20:33.506Z] [COMMANDS] 2025-10-01 00:20:33 [📌 COMMANDS NOTIFY] Chargée : pex
[2025-09-30T22:20:33.509Z] [COMMANDS] 2025-10-01 00:20:33 [📌 COMMANDS NOTIFY] Chargée : play
[2025-09-30T22:20:33.510Z] [COMMANDS] 2025-10-01 00:20:33 [📌 COMMANDS NOTIFY] Chargée : promote
[2025-09-30T22:20:33.510Z] [COMMANDS] 2025-10-01 00:20:33 [📌 COMMANDS NOTIFY] Chargée : recruit
[2025-09-30T22:20:33.510Z] [COMMANDS] 2025-10-01 00:20:33 [📌 COMMANDS NOTIFY] Chargée : rename
[2025-09-30T22:20:33.510Z] [COMMANDS] 2025-10-01 00:20:33 [📌 COMMANDS NOTIFY] Chargée : role
[2025-09-30T22:20:33.511Z] [COMMANDS] 2025-10-01 00:20:33 [📌 COMMANDS NOTIFY] Chargée : send
[2025-09-30T22:20:33.511Z] [COMMANDS] 2025-10-01 00:20:33 [📌 COMMANDS NOTIFY] Chargée : shift
[2025-09-30T22:20:33.511Z] [COMMANDS] 2025-10-01 00:20:33 [📌 COMMANDS NOTIFY] Chargée : ticket
[2025-09-30T22:20:33.512Z] [COMMANDS] 2025-10-01 00:20:33 [📌 COMMANDS NOTIFY] Chargée : userinfo
[2025-09-30T22:20:33.512Z] [COMMANDS] 2025-10-01 00:20:33 [📌 COMMANDS NOTIFY] Chargée : warn
[2025-09-30T22:20:33.513Z] 2025-10-01 00:20:33 [CLIENT DISCORD] [42m[30mChargement des informations du package.[39m[49m
[42m[30m[39m[49m [46m[PACKAGE][49m [32mAuth. : François 🌸[39m
[32m[39m [46m[PACKAGE][49m [32mDepd. : axios, chalk, cron, discord-html-transcripts, discord-player, discord.js, distube, dotenv, express, express-session, form-data, fs, googleapis, luxon, multer, node-cron, node-fetch, ora, patch, path, pdf-lib, pdfkit, play-dl, readline, rl, uuid[39m
[32m[39m [46m[PACKAGE][49m [32mDesc. : Official Bot Catherine for 911 Community.[39m
[32m[39m [46m[PACKAGE][49m [32mLisc. : ISC[39m
[32m[39m [46m[PACKAGE][49m [32mMain. : index.js[39m
[32m[39m [46m[PACKAGE][49m [32mName. : catherine[39m
[32m[39m [46m[PACKAGE][49m [32mScrp. : {"test":"echo \"Error: no test specified\" && exit 1","start":"node server.js"}[39m
[32m[39m [46m[PACKAGE][49m [32mVers. : 2.3.1[39m
[32m[39m [46m[PACKAGE][49m [32mPatch Note. : **[PN - 07/06]** *Passage 2.0 with new patch (shift, tabs... new commands handler)*[39m
[32m[39m
[2025-09-30T22:20:34.078Z] 2025-10-01 00:20:34 [CLIENT DISCORD] 📦 Nom GitHub : catherine
[2025-09-30T22:20:34.078Z] 2025-10-01 00:20:34 [CLIENT DISCORD] 🕒 Version distante : 2.3.1
[2025-09-30T22:20:34.079Z] [INFO] 2025-10-01 00:20:34 [ℹ️ INFO NOTIFY] ✅ Les versions sont identiques.
[2025-09-30T22:20:35.098Z] 2025-10-01 00:20:35 [DEBUG] 📦 Checking version from local...
[2025-09-30T22:20:35.098Z] 2025-10-01 00:20:35 [CLIENT DISCORD] 📦 Nom : catherine
[2025-09-30T22:20:35.098Z] 2025-10-01 00:20:35 [CLIENT DISCORD] 🕒 Version locale : 2.3.1
[2025-09-30T22:20:35.098Z] 2025-10-01 00:20:35 [DEBUG] 🌐 Checking version from GitHub...
[2025-09-30T22:20:35.285Z] 2025-10-01 00:20:35 [CLIENT DISCORD] 📦 Nom GitHub : catherine
[2025-09-30T22:20:35.285Z] 2025-10-01 00:20:35 [CLIENT DISCORD] 🕒 Version distante : 2.3.1
[2025-09-30T22:20:35.286Z] [INFO] 2025-10-01 00:20:35 [ℹ️ INFO NOTIFY] ✅ Les versions sont identiques.
[2025-09-30T22:20:35.286Z] 2025-10-01 00:20:35 [CLIENT DISCORD] [34m==============================[39m
[2025-09-30T22:20:35.286Z] 2025-10-01 00:20:35 [CLIENT DISCORD] [32m🚀 Démarrage du bot...[39m
[2025-09-30T22:20:35.286Z] 2025-10-01 00:20:35 [CLIENT DISCORD] [33m🔗 Connexion à Discord API...[39m
[2025-09-30T22:20:35.287Z] 2025-10-01 00:20:35 [CLIENT DISCORD] [36m✅ Bot RP en ligne ! Connecté en tant que 293 | Catherine#8045[39m
[2025-09-30T22:20:35.287Z] 2025-10-01 00:20:35 [CLIENT DISCORD] [34m==============================[39m
[34m[39m
[2025-09-30T22:20:35.296Z] 2025-10-01 00:20:35 [CLIENT DISCORD] [player] Initialisation du Player terminée.
[2025-09-30T22:20:35.299Z] 2025-10-01 00:20:35 [CLIENT DISCORD] [player] Extracteurs chargés avec succès.
[2025-09-30T22:20:35.299Z] 2025-10-01 00:20:35 [CLIENT DISCORD] 📥 Serveur trouvé : San Andreas State Police
[2025-09-30T22:20:35.576Z] 2025-10-01 00:20:35 [CLIENT DISCORD] 🔍 Commandes déjà présentes : play, rules, createreport, div, role, info, pex, openservice, infoshift, recruit, help, ban, ticket, shutdown, userinfo, send, clear, kick, warn, mute, rename, shift, promote
[2025-09-30T22:20:35.576Z] 2025-10-01 00:20:35 [WARN] ⚠️ Les commandes sont déjà enregistrées. Lance avec 'debug' pour forcer l'écrasement.
[2025-09-30T22:20:35.577Z] 2025-10-01 00:20:35 [CLIENT DISCORD] 🎮 Statut et activité mis à jour.
[2025-09-30T22:20:35.577Z] 2025-10-01 00:20:35 [CLIENT DISCORD] 📌 Mode de lancement : [33mAucun[39m
[2025-09-30T22:20:35.577Z] 2025-10-01 00:20:35 [CLIENT DISCORD] ✅ Bot prêt en tant que 293 | Catherine#8045
[2025-09-30T22:20:53.146Z] 2025-10-01 00:20:53 [CLIENT DISCORD] ✅ Fichier "Rules/rules_1.txt" envoyé dans le salon 1252234244760141874
[2025-09-30T22:20:58.622Z] 2025-10-01 00:20:58 [CLIENT DISCORD] ✅ Fichier "Rules/rules_2.txt" envoyé avec le bouton dans le salon 1252234244760141874
[2025-09-30T22:21:46.132Z] 2025-10-01 00:21:46 [CLIENT DISCORD] ✅ Fichier "PatchNote/info_061725.txt" envoyé dans le salon 1252234244760141874
