[2025-09-07T03:00:00.140Z] 2025-09-07 05:00:00 [CLIENT DISCORD] [32m🌙 Tâches de la nuit exécutées ![39m
[2025-09-07T03:00:00.175Z] 2025-09-07 05:00:00 [DEBUG] 📦 Checking version from local...
[2025-09-07T03:00:00.178Z] 2025-09-07 05:00:00 [CLIENT DISCORD] 📦 Nom : catherine
[2025-09-07T03:00:00.179Z] 2025-09-07 05:00:00 [CLIENT DISCORD] 🕒 Version locale : 2.1.2
[2025-09-07T03:00:00.181Z] 2025-09-07 05:00:00 [DEBUG] 🌐 Checking version from GitHub...
[2025-09-07T03:00:00.189Z] 2025-09-07 05:00:00 [WARN] [REBOOT] Attention, Catherine redémarre (checker les logs). Instruction reboot.js
[2025-09-07T03:00:08.038Z] 2025-09-07 05:00:07 [CLIENT DISCORD] Les modules [32mloggers[39m ont correctement été exportés.
[2025-09-07T03:00:08.083Z] [EVENT] 2025-09-07 05:00:08 [📅 EVENT NOTIFY] Chargé : guildBanAdd
[2025-09-07T03:00:08.084Z] [EVENT] 2025-09-07 05:00:08 [📅 EVENT NOTIFY] Chargé : guildBanRemove
[2025-09-07T03:00:08.086Z] [EVENT] 2025-09-07 05:00:08 [📅 EVENT NOTIFY] Chargé : guildMemberAdd
[2025-09-07T03:00:08.087Z] [EVENT] 2025-09-07 05:00:08 [📅 EVENT NOTIFY] Chargé : guildMemberRemove
[2025-09-07T03:00:08.091Z] 2025-09-07 05:00:08 [CLIENT DISCORD] Les modules  [32mutils.js[39m [0m ont correctement été exporté.[0m
[2025-09-07T03:00:08.928Z] 2025-09-07 05:00:08 [CLIENT DISCORD] L'interaction  [32mbuttons.js[39m [0m ont correctement été exporté.[0m
[2025-09-07T03:00:09.271Z] 2025-09-07 05:00:09 [CLIENT DISCORD] L'interaction  [32mmodals.js[39m [0m ont correctement été exporté.[0m
[2025-09-07T03:00:09.273Z] [EVENT] 2025-09-07 05:00:09 [📅 EVENT NOTIFY] Chargé : interactionCreate
[2025-09-07T03:00:09.275Z] [EVENT] 2025-09-07 05:00:09 [📅 EVENT NOTIFY] Chargé : messageCreate
[2025-09-07T03:00:09.278Z] [EVENT] 2025-09-07 05:00:09 [📅 EVENT NOTIFY] Chargé : messageDelete
[2025-09-07T03:00:09.280Z] [EVENT] 2025-09-07 05:00:09 [📅 EVENT NOTIFY] Chargé : messageUpdate
[2025-09-07T03:00:09.319Z] 2025-09-07 05:00:09 [CLIENT DISCORD] Les modules  [32mcommands.js[39m [0m ont correctement été exporté.[0m
[2025-09-07T03:00:09.346Z] [EVENT] 2025-09-07 05:00:09 [📅 EVENT NOTIFY] Chargé : ready
[2025-09-07T03:00:09.347Z] [EVENT] 2025-09-07 05:00:09 [📅 EVENT NOTIFY] Chargé : voiceStateUpdate
[2025-09-07T03:00:09.354Z] [COMMANDS] 2025-09-07 05:00:09 [📌 COMMANDS NOTIFY] Chargée : ban
[2025-09-07T03:00:09.356Z] [COMMANDS] 2025-09-07 05:00:09 [📌 COMMANDS NOTIFY] Chargée : clear
[2025-09-07T03:00:09.358Z] [COMMANDS] 2025-09-07 05:00:09 [📌 COMMANDS NOTIFY] Chargée : createreport
[2025-09-07T03:00:09.360Z] [COMMANDS] 2025-09-07 05:00:09 [📌 COMMANDS NOTIFY] Chargée : div
[2025-09-07T03:00:09.362Z] [COMMANDS] 2025-09-07 05:00:09 [📌 COMMANDS NOTIFY] Chargée : help
[2025-09-07T03:00:09.363Z] [COMMANDS] 2025-09-07 05:00:09 [📌 COMMANDS NOTIFY] Chargée : info
[2025-09-07T03:00:09.366Z] [COMMANDS] 2025-09-07 05:00:09 [📌 COMMANDS NOTIFY] Chargée : infoshift
[2025-09-07T03:00:09.368Z] [COMMANDS] 2025-09-07 05:00:09 [📌 COMMANDS NOTIFY] Chargée : kick
[2025-09-07T03:00:09.370Z] [COMMANDS] 2025-09-07 05:00:09 [📌 COMMANDS NOTIFY] Chargée : mute
[2025-09-07T03:00:09.372Z] [COMMANDS] 2025-09-07 05:00:09 [📌 COMMANDS NOTIFY] Chargée : openservice
[2025-09-07T03:00:09.374Z] [COMMANDS] 2025-09-07 05:00:09 [📌 COMMANDS NOTIFY] Chargée : pex
[2025-09-07T03:00:09.396Z] [COMMANDS] 2025-09-07 05:00:09 [📌 COMMANDS NOTIFY] Chargée : play
[2025-09-07T03:00:09.398Z] [COMMANDS] 2025-09-07 05:00:09 [📌 COMMANDS NOTIFY] Chargée : promote
[2025-09-07T03:00:09.400Z] [COMMANDS] 2025-09-07 05:00:09 [📌 COMMANDS NOTIFY] Chargée : recruit
[2025-09-07T03:00:09.402Z] [COMMANDS] 2025-09-07 05:00:09 [📌 COMMANDS NOTIFY] Chargée : rename
[2025-09-07T03:00:09.403Z] [COMMANDS] 2025-09-07 05:00:09 [📌 COMMANDS NOTIFY] Chargée : role
[2025-09-07T03:00:09.405Z] [COMMANDS] 2025-09-07 05:00:09 [📌 COMMANDS NOTIFY] Chargée : send
[2025-09-07T03:00:09.407Z] [COMMANDS] 2025-09-07 05:00:09 [📌 COMMANDS NOTIFY] Chargée : shift
[2025-09-07T03:00:09.412Z] [COMMANDS] 2025-09-07 05:00:09 [📌 COMMANDS NOTIFY] Chargée : ticket
[2025-09-07T03:00:09.414Z] [COMMANDS] 2025-09-07 05:00:09 [📌 COMMANDS NOTIFY] Chargée : userinfo
[2025-09-07T03:00:09.416Z] [COMMANDS] 2025-09-07 05:00:09 [📌 COMMANDS NOTIFY] Chargée : warn
[2025-09-07T03:00:09.421Z] 2025-09-07 05:00:09 [CLIENT DISCORD] [42m[30mChargement des informations du package.[39m[49m
[42m[30m[39m[49m [46m[PACKAGE][49m [32mAuth. : François 🌸[39m
[32m[39m [46m[PACKAGE][49m [32mDepd. : axios, chalk, cron, discord-html-transcripts, discord-player, discord.js, distube, dotenv, express, express-session, form-data, fs, googleapis, luxon, node-cron, node-fetch, ora, patch, path, pdf-lib, pdfkit, play-dl, readline, rl, uuid[39m
[32m[39m [46m[PACKAGE][49m [32mDesc. : Official Bot Catherine for 911 Community.[39m
[32m[39m [46m[PACKAGE][49m [32mLisc. : ISC[39m
[32m[39m [46m[PACKAGE][49m [32mMain. : index.js[39m
[32m[39m [46m[PACKAGE][49m [32mName. : catherine[39m
[32m[39m [46m[PACKAGE][49m [32mScrp. : {"test":"echo \"Error: no test specified\" && exit 1","start":"node server.js"}[39m
[32m[39m [46m[PACKAGE][49m [32mVers. : 2.1.2[39m
[32m[39m [46m[PACKAGE][49m [32mPatch Note. : **[PN - 07/06]** *Passage 2.0 with new patch (shift, tabs... new commands handler)*[39m
[32m[39m
[2025-09-07T03:00:10.307Z] 2025-09-07 05:00:10 [DEBUG] 📦 Checking version from local...
[2025-09-07T03:00:10.307Z] 2025-09-07 05:00:10 [CLIENT DISCORD] 📦 Nom : catherine
[2025-09-07T03:00:10.308Z] 2025-09-07 05:00:10 [CLIENT DISCORD] 🕒 Version locale : 2.1.2
[2025-09-07T03:00:10.308Z] 2025-09-07 05:00:10 [DEBUG] 🌐 Checking version from GitHub...
[2025-09-07T03:00:10.534Z] 2025-09-07 05:00:10 [CLIENT DISCORD] 📦 Nom GitHub : catherine
[2025-09-07T03:00:10.535Z] 2025-09-07 05:00:10 [CLIENT DISCORD] 🕒 Version distante : 2.1.2
[2025-09-07T03:00:10.536Z] [INFO] 2025-09-07 05:00:10 [ℹ️ INFO NOTIFY] ✅ Les versions sont identiques.
[2025-09-07T03:00:10.537Z] 2025-09-07 05:00:10 [CLIENT DISCORD] [34m==============================[39m
[2025-09-07T03:00:10.538Z] 2025-09-07 05:00:10 [CLIENT DISCORD] [32m🚀 Démarrage du bot...[39m
[2025-09-07T03:00:10.539Z] 2025-09-07 05:00:10 [CLIENT DISCORD] [33m🔗 Connexion à Discord API...[39m
[2025-09-07T03:00:10.540Z] 2025-09-07 05:00:10 [CLIENT DISCORD] [36m✅ Bot RP en ligne ! Connecté en tant que 293 | Catherine#8045[39m
[2025-09-07T03:00:10.541Z] 2025-09-07 05:00:10 [CLIENT DISCORD] [34m==============================[39m
[34m[39m
[2025-09-07T03:00:10.553Z] 2025-09-07 05:00:10 [CLIENT DISCORD] [player] Initialisation du Player terminée.
[2025-09-07T03:00:10.557Z] 2025-09-07 05:00:10 [CLIENT DISCORD] [player] Extracteurs chargés avec succès.
[2025-09-07T03:00:10.558Z] 2025-09-07 05:00:10 [CLIENT DISCORD] 📥 Serveur trouvé : Georgia State Police (GSP)
[2025-09-07T03:00:10.749Z] 2025-09-07 05:00:10 [CLIENT DISCORD] 🔍 Commandes déjà présentes : play, rules, createreport, div, role, info, pex, openservice, infoshift, recruit, help, ban, ticket, shutdown, userinfo, send, clear, kick, warn, mute, rename, shift, promote
[2025-09-07T03:00:10.750Z] 2025-09-07 05:00:10 [WARN] ⚠️ Les commandes sont déjà enregistrées. Lance avec 'debug' pour forcer l'écrasement.
[2025-09-07T03:00:10.750Z] 2025-09-07 05:00:10 [CLIENT DISCORD] 🎮 Statut et activité mis à jour.
[2025-09-07T03:00:10.750Z] 2025-09-07 05:00:10 [CLIENT DISCORD] 📌 Mode de lancement : [33mAucun[39m
[2025-09-07T03:00:10.751Z] 2025-09-07 05:00:10 [CLIENT DISCORD] ✅ Bot prêt en tant que 293 | Catherine#8045
[2025-09-07T06:00:00.129Z] 2025-09-07 08:00:00 [CLIENT DISCORD] [32m🌅 Tâches du matin exécutées ![39m
[2025-09-07T06:00:00.156Z] 2025-09-07 08:00:00 [CLIENT DISCORD] [Cron] 🕒 Démarrage de la régénération automatique de la hiérarchie (tabs)...
[2025-09-07T06:00:00.162Z] 2025-09-07 08:00:00 [CLIENT DISCORD] [Cron] 🕒 Démarrage de la régénération automatique de la hiérarchie... (div)
[2025-09-07T06:00:00.168Z] 2025-09-07 08:00:00 [CLIENT DISCORD] 🔍 Vérification des règles...
[2025-09-07T06:00:00.179Z] 2025-09-07 08:00:00 [DEBUG] 📦 Checking version from local...
[2025-09-07T06:00:00.182Z] 2025-09-07 08:00:00 [CLIENT DISCORD] 📦 Nom : catherine
[2025-09-07T06:00:00.183Z] 2025-09-07 08:00:00 [CLIENT DISCORD] 🕒 Version locale : 2.1.2
[2025-09-07T06:00:00.184Z] 2025-09-07 08:00:00 [DEBUG] 🌐 Checking version from GitHub...
[2025-09-07T06:00:00.225Z] 2025-09-07 08:00:00 [CLIENT DISCORD] ✅ rules_1.txt inchangé, pas de mise à jour.
[2025-09-07T06:00:00.228Z] 2025-09-07 08:00:00 [CLIENT DISCORD] ✅ rules_2.txt inchangé, pas de mise à jour.
[2025-09-07T06:00:00.229Z] 2025-09-07 08:00:00 [CLIENT DISCORD] ✅ Vérification des règles terminée.
[2025-09-07T06:00:00.309Z] 2025-09-07 08:00:00 [CLIENT DISCORD] [EXPORT] access.json mis à jour avec 13 exécutif(s), 3 superviseur(s) et 2 commandement(s)
[2025-09-07T06:00:00.499Z] 2025-09-07 08:00:00 [CLIENT DISCORD] 📦 Nom GitHub : catherine
[2025-09-07T06:00:00.500Z] 2025-09-07 08:00:00 [CLIENT DISCORD] 🕒 Version distante : 2.1.2
[2025-09-07T06:00:00.500Z] [INFO] 2025-09-07 08:00:00 [ℹ️ INFO NOTIFY] ✅ Les versions sont identiques.
[2025-09-07T06:00:00.842Z] [NOTIFY] 2025-09-07 08:00:00 [🟢 SOFT NOTIFY] Message DIV supprimé
[2025-09-07T06:00:01.100Z] [NOTIFY] 2025-09-07 08:00:01 [🟢 SOFT NOTIFY] Message TABS supprimé
[2025-09-07T06:00:02.038Z] 2025-09-07 08:00:02 [CLIENT DISCORD] [✅] Hiérarchie DIV envoyée.
[2025-09-07T06:00:02.052Z] 2025-09-07 08:00:02 [CLIENT DISCORD] [Cron] 🕒 Fin de la régénération automatique de la hiérarchie.
[2025-09-07T06:00:02.887Z] 2025-09-07 08:00:02 [CLIENT DISCORD] [✅] Hiérarchie TABS envoyée.
[2025-09-07T06:00:02.890Z] 2025-09-07 08:00:02 [CLIENT DISCORD] [Cron] 🕒 Fin de la régénération automatique de la hiérarchie.
[2025-09-07T14:00:00.091Z] 2025-09-07 16:00:00 [CLIENT DISCORD] [32m🌇 Tâches du soir exécutées ![39m
[2025-09-07T14:00:00.096Z] 2025-09-07 16:00:00 [CLIENT DISCORD] [Cron] 🕒 Démarrage de la régénération automatique de la hiérarchie (tabs)...
[2025-09-07T14:00:00.098Z] 2025-09-07 16:00:00 [CLIENT DISCORD] [Cron] 🕒 Démarrage de la régénération automatique de la hiérarchie... (div)
[2025-09-07T14:00:00.099Z] 2025-09-07 16:00:00 [CLIENT DISCORD] 🔍 Vérification des règles...
[2025-09-07T14:00:00.103Z] 2025-09-07 16:00:00 [DEBUG] 📦 Checking version from local...
[2025-09-07T14:00:00.104Z] 2025-09-07 16:00:00 [CLIENT DISCORD] 📦 Nom : catherine
[2025-09-07T14:00:00.105Z] 2025-09-07 16:00:00 [CLIENT DISCORD] 🕒 Version locale : 2.1.2
[2025-09-07T14:00:00.106Z] 2025-09-07 16:00:00 [DEBUG] 🌐 Checking version from GitHub...
[2025-09-07T14:00:00.123Z] 2025-09-07 16:00:00 [CLIENT DISCORD] ✅ rules_1.txt inchangé, pas de mise à jour.
[2025-09-07T14:00:00.124Z] 2025-09-07 16:00:00 [CLIENT DISCORD] ✅ rules_2.txt inchangé, pas de mise à jour.
[2025-09-07T14:00:00.124Z] 2025-09-07 16:00:00 [CLIENT DISCORD] ✅ Vérification des règles terminée.
[2025-09-07T14:00:00.219Z] 2025-09-07 16:00:00 [CLIENT DISCORD] [EXPORT] access.json mis à jour avec 13 exécutif(s), 3 superviseur(s) et 2 commandement(s)
[2025-09-07T14:00:00.355Z] [NOTIFY] 2025-09-07 16:00:00 [🟢 SOFT NOTIFY] Message DIV supprimé
[2025-09-07T14:00:00.379Z] 2025-09-07 16:00:00 [CLIENT DISCORD] 📦 Nom GitHub : catherine
[2025-09-07T14:00:00.380Z] 2025-09-07 16:00:00 [CLIENT DISCORD] 🕒 Version distante : 2.1.2
[2025-09-07T14:00:00.380Z] [INFO] 2025-09-07 16:00:00 [ℹ️ INFO NOTIFY] ✅ Les versions sont identiques.
[2025-09-07T14:00:00.630Z] [NOTIFY] 2025-09-07 16:00:00 [🟢 SOFT NOTIFY] Message TABS supprimé
[2025-09-07T14:00:01.841Z] 2025-09-07 16:00:01 [CLIENT DISCORD] [✅] Hiérarchie DIV envoyée.
[2025-09-07T14:00:01.841Z] 2025-09-07 16:00:01 [CLIENT DISCORD] [Cron] 🕒 Fin de la régénération automatique de la hiérarchie.
[2025-09-07T14:00:02.146Z] 2025-09-07 16:00:02 [CLIENT DISCORD] [✅] Hiérarchie TABS envoyée.
[2025-09-07T14:00:02.147Z] 2025-09-07 16:00:02 [CLIENT DISCORD] [Cron] 🕒 Fin de la régénération automatique de la hiérarchie.
