[2025-07-16T03:00:00.133Z] 2025-07-16 05:00:00 [CLIENT DISCORD] [32m🌙 Tâches de la nuit exécutées ![39m
[2025-07-16T03:00:00.158Z] 2025-07-16 05:00:00 [DEBUG] 📦 Checking version from local...
[2025-07-16T03:00:00.160Z] 2025-07-16 05:00:00 [CLIENT DISCORD] 📦 Nom : catherine
[2025-07-16T03:00:00.161Z] 2025-07-16 05:00:00 [CLIENT DISCORD] 🕒 Version locale : 2.1.2
[2025-07-16T03:00:00.162Z] 2025-07-16 05:00:00 [DEBUG] 🌐 Checking version from GitHub...
[2025-07-16T03:00:00.169Z] 2025-07-16 05:00:00 [WARN] [REBOOT] Attention, Catherine redémarre (checker les logs). Instruction reboot.js
[2025-07-16T03:00:08.055Z] 2025-07-16 05:00:07 [CLIENT DISCORD] Les modules [32mloggers[39m ont correctement été exportés.
[2025-07-16T03:00:08.092Z] [EVENT] 2025-07-16 05:00:08 [📅 EVENT NOTIFY] Chargé : guildBanAdd
[2025-07-16T03:00:08.094Z] [EVENT] 2025-07-16 05:00:08 [📅 EVENT NOTIFY] Chargé : guildBanRemove
[2025-07-16T03:00:08.095Z] [EVENT] 2025-07-16 05:00:08 [📅 EVENT NOTIFY] Chargé : guildMemberAdd
[2025-07-16T03:00:08.097Z] [EVENT] 2025-07-16 05:00:08 [📅 EVENT NOTIFY] Chargé : guildMemberRemove
[2025-07-16T03:00:08.099Z] 2025-07-16 05:00:08 [CLIENT DISCORD] Les modules  [32mutils.js[39m [0m ont correctement été exporté.[0m
[2025-07-16T03:00:09.083Z] 2025-07-16 05:00:09 [CLIENT DISCORD] L'interaction  [32mbuttons.js[39m [0m ont correctement été exporté.[0m
[2025-07-16T03:00:09.399Z] 2025-07-16 05:00:09 [CLIENT DISCORD] L'interaction  [32mmodals.js[39m [0m ont correctement été exporté.[0m
[2025-07-16T03:00:09.401Z] [EVENT] 2025-07-16 05:00:09 [📅 EVENT NOTIFY] Chargé : interactionCreate
[2025-07-16T03:00:09.403Z] [EVENT] 2025-07-16 05:00:09 [📅 EVENT NOTIFY] Chargé : messageCreate
[2025-07-16T03:00:09.410Z] [EVENT] 2025-07-16 05:00:09 [📅 EVENT NOTIFY] Chargé : messageDelete
[2025-07-16T03:00:09.412Z] [EVENT] 2025-07-16 05:00:09 [📅 EVENT NOTIFY] Chargé : messageUpdate
[2025-07-16T03:00:09.448Z] 2025-07-16 05:00:09 [CLIENT DISCORD] Les modules  [32mcommands.js[39m [0m ont correctement été exporté.[0m
[2025-07-16T03:00:09.470Z] [EVENT] 2025-07-16 05:00:09 [📅 EVENT NOTIFY] Chargé : ready
[2025-07-16T03:00:09.471Z] [EVENT] 2025-07-16 05:00:09 [📅 EVENT NOTIFY] Chargé : voiceStateUpdate
[2025-07-16T03:00:09.479Z] [COMMANDS] 2025-07-16 05:00:09 [📌 COMMANDS NOTIFY] Chargée : ban
[2025-07-16T03:00:09.480Z] [COMMANDS] 2025-07-16 05:00:09 [📌 COMMANDS NOTIFY] Chargée : clear
[2025-07-16T03:00:09.482Z] [COMMANDS] 2025-07-16 05:00:09 [📌 COMMANDS NOTIFY] Chargée : createreport
[2025-07-16T03:00:09.484Z] [COMMANDS] 2025-07-16 05:00:09 [📌 COMMANDS NOTIFY] Chargée : div
[2025-07-16T03:00:09.486Z] [COMMANDS] 2025-07-16 05:00:09 [📌 COMMANDS NOTIFY] Chargée : help
[2025-07-16T03:00:09.488Z] [COMMANDS] 2025-07-16 05:00:09 [📌 COMMANDS NOTIFY] Chargée : info
[2025-07-16T03:00:09.491Z] [COMMANDS] 2025-07-16 05:00:09 [📌 COMMANDS NOTIFY] Chargée : infoshift
[2025-07-16T03:00:09.494Z] [COMMANDS] 2025-07-16 05:00:09 [📌 COMMANDS NOTIFY] Chargée : kick
[2025-07-16T03:00:09.496Z] [COMMANDS] 2025-07-16 05:00:09 [📌 COMMANDS NOTIFY] Chargée : mute
[2025-07-16T03:00:09.498Z] [COMMANDS] 2025-07-16 05:00:09 [📌 COMMANDS NOTIFY] Chargée : openservice
[2025-07-16T03:00:09.501Z] [COMMANDS] 2025-07-16 05:00:09 [📌 COMMANDS NOTIFY] Chargée : pex
[2025-07-16T03:00:09.542Z] [COMMANDS] 2025-07-16 05:00:09 [📌 COMMANDS NOTIFY] Chargée : play
[2025-07-16T03:00:09.543Z] [COMMANDS] 2025-07-16 05:00:09 [📌 COMMANDS NOTIFY] Chargée : promote
[2025-07-16T03:00:09.545Z] [COMMANDS] 2025-07-16 05:00:09 [📌 COMMANDS NOTIFY] Chargée : recruit
[2025-07-16T03:00:09.547Z] [COMMANDS] 2025-07-16 05:00:09 [📌 COMMANDS NOTIFY] Chargée : rename
[2025-07-16T03:00:09.548Z] [COMMANDS] 2025-07-16 05:00:09 [📌 COMMANDS NOTIFY] Chargée : role
[2025-07-16T03:00:09.551Z] [COMMANDS] 2025-07-16 05:00:09 [📌 COMMANDS NOTIFY] Chargée : send
[2025-07-16T03:00:09.554Z] [COMMANDS] 2025-07-16 05:00:09 [📌 COMMANDS NOTIFY] Chargée : shift
[2025-07-16T03:00:09.558Z] [COMMANDS] 2025-07-16 05:00:09 [📌 COMMANDS NOTIFY] Chargée : ticket
[2025-07-16T03:00:09.560Z] [COMMANDS] 2025-07-16 05:00:09 [📌 COMMANDS NOTIFY] Chargée : userinfo
[2025-07-16T03:00:09.562Z] [COMMANDS] 2025-07-16 05:00:09 [📌 COMMANDS NOTIFY] Chargée : warn
[2025-07-16T03:00:09.567Z] 2025-07-16 05:00:09 [CLIENT DISCORD] [42m[30mChargement des informations du package.[39m[49m
[42m[30m[39m[49m [46m[PACKAGE][49m [32mAuth. : François 🌸[39m
[32m[39m [46m[PACKAGE][49m [32mDepd. : axios, chalk, cron, discord-html-transcripts, discord-player, discord.js, distube, dotenv, express, express-session, form-data, fs, googleapis, luxon, node-cron, node-fetch, ora, patch, path, pdf-lib, pdfkit, play-dl, readline, rl, uuid[39m
[32m[39m [46m[PACKAGE][49m [32mDesc. : Official Bot Catherine for 911 Community.[39m
[32m[39m [46m[PACKAGE][49m [32mLisc. : ISC[39m
[32m[39m [46m[PACKAGE][49m [32mMain. : index.js[39m
[32m[39m [46m[PACKAGE][49m [32mName. : catherine[39m
[32m[39m [46m[PACKAGE][49m [32mScrp. : {"test":"echo \"Error: no test specified\" && exit 1","start":"node server.js"}[39m
[32m[39m [46m[PACKAGE][49m [32mVers. : 2.1.2[39m
[32m[39m [46m[PACKAGE][49m [32mPatch Note. : **[PN - 07/06]** *Passage 2.0 with new patch (shift, tabs... new commands handler)*[39m
[32m[39m
[2025-07-16T03:00:10.360Z] 2025-07-16 05:00:10 [DEBUG] 📦 Checking version from local...
[2025-07-16T03:00:10.361Z] 2025-07-16 05:00:10 [CLIENT DISCORD] 📦 Nom : catherine
[2025-07-16T03:00:10.361Z] 2025-07-16 05:00:10 [CLIENT DISCORD] 🕒 Version locale : 2.1.2
[2025-07-16T03:00:10.361Z] 2025-07-16 05:00:10 [DEBUG] 🌐 Checking version from GitHub...
[2025-07-16T03:00:10.585Z] 2025-07-16 05:00:10 [CLIENT DISCORD] 📦 Nom GitHub : catherine
[2025-07-16T03:00:10.586Z] 2025-07-16 05:00:10 [CLIENT DISCORD] 🕒 Version distante : 2.1.2
[2025-07-16T03:00:10.587Z] [INFO] 2025-07-16 05:00:10 [ℹ️ INFO NOTIFY] ✅ Les versions sont identiques.
[2025-07-16T03:00:10.588Z] 2025-07-16 05:00:10 [CLIENT DISCORD] [34m==============================[39m
[2025-07-16T03:00:10.589Z] 2025-07-16 05:00:10 [CLIENT DISCORD] [32m🚀 Démarrage du bot...[39m
[2025-07-16T03:00:10.590Z] 2025-07-16 05:00:10 [CLIENT DISCORD] [33m🔗 Connexion à Discord API...[39m
[2025-07-16T03:00:10.591Z] 2025-07-16 05:00:10 [CLIENT DISCORD] [36m✅ Bot RP en ligne ! Connecté en tant que 293 | Catherine#8045[39m
[2025-07-16T03:00:10.593Z] 2025-07-16 05:00:10 [CLIENT DISCORD] [34m==============================[39m
[34m[39m
[2025-07-16T03:00:10.603Z] 2025-07-16 05:00:10 [CLIENT DISCORD] [player] Initialisation du Player terminée.
[2025-07-16T03:00:10.607Z] 2025-07-16 05:00:10 [CLIENT DISCORD] [player] Extracteurs chargés avec succès.
[2025-07-16T03:00:10.608Z] 2025-07-16 05:00:10 [CLIENT DISCORD] 📥 Serveur trouvé : Georgia State Police (GSP)
[2025-07-16T03:00:11.104Z] 2025-07-16 05:00:11 [CLIENT DISCORD] 🔍 Commandes déjà présentes : play, rules, createreport, div, role, info, pex, openservice, infoshift, recruit, help, ban, ticket, shutdown, userinfo, send, clear, kick, warn, mute, rename, shift, promote
[2025-07-16T03:00:11.107Z] 2025-07-16 05:00:11 [WARN] ⚠️ Les commandes sont déjà enregistrées. Lance avec 'debug' pour forcer l'écrasement.
[2025-07-16T03:00:11.109Z] 2025-07-16 05:00:11 [CLIENT DISCORD] 🎮 Statut et activité mis à jour.
[2025-07-16T03:00:11.110Z] 2025-07-16 05:00:11 [CLIENT DISCORD] 📌 Mode de lancement : [33mAucun[39m
[2025-07-16T03:00:11.111Z] 2025-07-16 05:00:11 [CLIENT DISCORD] ✅ Bot prêt en tant que 293 | Catherine#8045
[2025-07-16T06:00:00.183Z] 2025-07-16 08:00:00 [CLIENT DISCORD] [32m🌅 Tâches du matin exécutées ![39m
[2025-07-16T06:00:00.216Z] 2025-07-16 08:00:00 [CLIENT DISCORD] [Cron] 🕒 Démarrage de la régénération automatique de la hiérarchie (tabs)...
[2025-07-16T06:00:00.226Z] 2025-07-16 08:00:00 [CLIENT DISCORD] [Cron] 🕒 Démarrage de la régénération automatique de la hiérarchie... (div)
[2025-07-16T06:00:00.229Z] 2025-07-16 08:00:00 [CLIENT DISCORD] 🔍 Vérification des règles...
[2025-07-16T06:00:00.243Z] 2025-07-16 08:00:00 [DEBUG] 📦 Checking version from local...
[2025-07-16T06:00:00.246Z] 2025-07-16 08:00:00 [CLIENT DISCORD] 📦 Nom : catherine
[2025-07-16T06:00:00.247Z] 2025-07-16 08:00:00 [CLIENT DISCORD] 🕒 Version locale : 2.1.2
[2025-07-16T06:00:00.247Z] 2025-07-16 08:00:00 [DEBUG] 🌐 Checking version from GitHub...
[2025-07-16T06:00:00.322Z] 2025-07-16 08:00:00 [CLIENT DISCORD] ✅ rules_1.txt inchangé, pas de mise à jour.
[2025-07-16T06:00:00.324Z] 2025-07-16 08:00:00 [CLIENT DISCORD] ✅ rules_2.txt inchangé, pas de mise à jour.
[2025-07-16T06:00:00.324Z] 2025-07-16 08:00:00 [CLIENT DISCORD] ✅ Vérification des règles terminée.
[2025-07-16T06:00:00.405Z] 2025-07-16 08:00:00 [CLIENT DISCORD] [EXPORT] access.json mis à jour avec 13 exécutif(s), 3 superviseur(s) et 2 commandement(s)
[2025-07-16T06:00:00.544Z] 2025-07-16 08:00:00 [CLIENT DISCORD] 📦 Nom GitHub : catherine
[2025-07-16T06:00:00.544Z] 2025-07-16 08:00:00 [CLIENT DISCORD] 🕒 Version distante : 2.1.2
[2025-07-16T06:00:00.545Z] [INFO] 2025-07-16 08:00:00 [ℹ️ INFO NOTIFY] ✅ Les versions sont identiques.
[2025-07-16T06:00:00.950Z] [NOTIFY] 2025-07-16 08:00:00 [🟢 SOFT NOTIFY] Message DIV supprimé
[2025-07-16T06:00:01.288Z] [NOTIFY] 2025-07-16 08:00:01 [🟢 SOFT NOTIFY] Message TABS supprimé
[2025-07-16T06:00:04.517Z] 2025-07-16 08:00:04 [CLIENT DISCORD] [✅] Hiérarchie DIV envoyée.
[2025-07-16T06:00:04.521Z] 2025-07-16 08:00:04 [CLIENT DISCORD] [Cron] 🕒 Fin de la régénération automatique de la hiérarchie.
[2025-07-16T06:00:05.159Z] 2025-07-16 08:00:05 [CLIENT DISCORD] [✅] Hiérarchie TABS envoyée.
[2025-07-16T06:00:05.160Z] 2025-07-16 08:00:05 [CLIENT DISCORD] [Cron] 🕒 Fin de la régénération automatique de la hiérarchie.
[2025-07-16T06:10:58.252Z] 2025-07-16 08:10:58 [CLIENT DISCORD] [BUTTON] francois.piano a exécuté l'interaction bouton close_def dans 1393304550559060161
[2025-07-16T06:10:58.569Z] 2025-07-16 08:10:58 [ERROR] (node:12367) ExperimentalWarning: buffer.File is an experimental feature and might change at any time
(Use `node --trace-warnings ...` to show where the warning was created)
[2025-07-16T06:10:59.041Z] 2025-07-16 08:10:59 [CLIENT DISCORD] ✅ Fichier ticket.json enregistré avec succès !
[2025-07-16T06:10:59.252Z] [NOTIFY] 2025-07-16 08:10:59 [🟢 SOFT NOTIFY] 🗑️ [ACTION BUTTON] : Ticket supprimé avec succès.
[2025-07-16T06:11:15.193Z] 2025-07-16 08:11:15 [CLIENT DISCORD] [94m[COMMAND][39m [32mfrancois.piano[39m [0ma exécuté la commande[0m [32mticket[39m [0mdans[0m [32m❌⚔️-dir-elyassss[39m
[2025-07-16T06:11:15.196Z] 2025-07-16 08:11:15 [CLIENT DISCORD] [42m✅ Utilisateur 449432156595552257 bypass les permissions.[49m
[2025-07-16T06:11:15.207Z] 2025-07-16 08:11:15 [CLIENT DISCORD] 🛑 Fermeture de ticket demandée !
[2025-07-16T06:11:15.215Z] 2025-07-16 08:11:15 [ERROR] (node:12367) Warning: Supplying "ephemeral" for interaction response options is deprecated. Utilize flags instead.
[2025-07-16T06:11:15.217Z] 2025-07-16 08:11:15 [CLIENT DISCORD] ✅ Fichier ticket.json enregistré avec succès !
[2025-07-16T06:11:17.835Z] 2025-07-16 08:11:17 [CLIENT DISCORD] [BUTTON] francois.piano a exécuté l'interaction bouton close_def dans 1392514033906614427
[2025-07-16T06:11:18.780Z] 2025-07-16 08:11:18 [CLIENT DISCORD] ✅ Fichier ticket.json enregistré avec succès !
[2025-07-16T06:11:19.028Z] [NOTIFY] 2025-07-16 08:11:19 [🟢 SOFT NOTIFY] 🗑️ [ACTION BUTTON] : Ticket supprimé avec succès.
[2025-07-16T14:00:00.097Z] 2025-07-16 16:00:00 [CLIENT DISCORD] [32m🌇 Tâches du soir exécutées ![39m
[2025-07-16T14:00:00.102Z] 2025-07-16 16:00:00 [CLIENT DISCORD] [Cron] 🕒 Démarrage de la régénération automatique de la hiérarchie (tabs)...
[2025-07-16T14:00:00.103Z] 2025-07-16 16:00:00 [CLIENT DISCORD] [Cron] 🕒 Démarrage de la régénération automatique de la hiérarchie... (div)
[2025-07-16T14:00:00.105Z] 2025-07-16 16:00:00 [CLIENT DISCORD] 🔍 Vérification des règles...
[2025-07-16T14:00:00.109Z] 2025-07-16 16:00:00 [DEBUG] 📦 Checking version from local...
[2025-07-16T14:00:00.110Z] 2025-07-16 16:00:00 [CLIENT DISCORD] 📦 Nom : catherine
[2025-07-16T14:00:00.111Z] 2025-07-16 16:00:00 [CLIENT DISCORD] 🕒 Version locale : 2.1.2
[2025-07-16T14:00:00.112Z] 2025-07-16 16:00:00 [DEBUG] 🌐 Checking version from GitHub...
[2025-07-16T14:00:00.132Z] 2025-07-16 16:00:00 [CLIENT DISCORD] ✅ rules_1.txt inchangé, pas de mise à jour.
[2025-07-16T14:00:00.134Z] 2025-07-16 16:00:00 [CLIENT DISCORD] ✅ rules_2.txt inchangé, pas de mise à jour.
[2025-07-16T14:00:00.134Z] 2025-07-16 16:00:00 [CLIENT DISCORD] ✅ Vérification des règles terminée.
[2025-07-16T14:00:00.224Z] 2025-07-16 16:00:00 [CLIENT DISCORD] [EXPORT] access.json mis à jour avec 13 exécutif(s), 3 superviseur(s) et 2 commandement(s)
[2025-07-16T14:00:00.380Z] 2025-07-16 16:00:00 [CLIENT DISCORD] 📦 Nom GitHub : catherine
[2025-07-16T14:00:00.381Z] 2025-07-16 16:00:00 [CLIENT DISCORD] 🕒 Version distante : 2.1.2
[2025-07-16T14:00:00.382Z] [INFO] 2025-07-16 16:00:00 [ℹ️ INFO NOTIFY] ✅ Les versions sont identiques.
[2025-07-16T14:00:00.481Z] [NOTIFY] 2025-07-16 16:00:00 [🟢 SOFT NOTIFY] Message DIV supprimé
[2025-07-16T14:00:00.728Z] [NOTIFY] 2025-07-16 16:00:00 [🟢 SOFT NOTIFY] Message TABS supprimé
[2025-07-16T14:00:00.848Z] 2025-07-16 16:00:00 [CLIENT DISCORD] ✅ Données écrites dans config.json
[2025-07-16T14:00:01.743Z] 2025-07-16 16:00:01 [CLIENT DISCORD] [✅] Hiérarchie DIV envoyée.
[2025-07-16T14:00:01.746Z] 2025-07-16 16:00:01 [CLIENT DISCORD] [Cron] 🕒 Fin de la régénération automatique de la hiérarchie.
[2025-07-16T14:00:02.382Z] 2025-07-16 16:00:02 [CLIENT DISCORD] [✅] Hiérarchie TABS envoyée.
[2025-07-16T14:00:02.383Z] 2025-07-16 16:00:02 [CLIENT DISCORD] [Cron] 🕒 Fin de la régénération automatique de la hiérarchie.
