[2025-07-24T03:00:00.147Z] 2025-07-24 05:00:00 [CLIENT DISCORD] [32m🌙 Tâches de la nuit exécutées ![39m
[2025-07-24T03:00:00.173Z] 2025-07-24 05:00:00 [DEBUG] 📦 Checking version from local...
[2025-07-24T03:00:00.175Z] 2025-07-24 05:00:00 [CLIENT DISCORD] 📦 Nom : catherine
[2025-07-24T03:00:00.175Z] 2025-07-24 05:00:00 [CLIENT DISCORD] 🕒 Version locale : 2.1.2
[2025-07-24T03:00:00.175Z] 2025-07-24 05:00:00 [DEBUG] 🌐 Checking version from GitHub...
[2025-07-24T03:00:00.180Z] 2025-07-24 05:00:00 [WARN] [REBOOT] Attention, Catherine redémarre (checker les logs). Instruction reboot.js
[2025-07-24T03:00:09.179Z] 2025-07-24 05:00:09 [CLIENT DISCORD] Les modules [32mloggers[39m ont correctement été exportés.
[2025-07-24T03:00:09.221Z] [EVENT] 2025-07-24 05:00:09 [📅 EVENT NOTIFY] Chargé : guildBanAdd
[2025-07-24T03:00:09.222Z] [EVENT] 2025-07-24 05:00:09 [📅 EVENT NOTIFY] Chargé : guildBanRemove
[2025-07-24T03:00:09.223Z] [EVENT] 2025-07-24 05:00:09 [📅 EVENT NOTIFY] Chargé : guildMemberAdd
[2025-07-24T03:00:09.225Z] [EVENT] 2025-07-24 05:00:09 [📅 EVENT NOTIFY] Chargé : guildMemberRemove
[2025-07-24T03:00:09.229Z] 2025-07-24 05:00:09 [CLIENT DISCORD] Les modules  [32mutils.js[39m [0m ont correctement été exporté.[0m
[2025-07-24T03:00:10.329Z] 2025-07-24 05:00:10 [CLIENT DISCORD] L'interaction  [32mbuttons.js[39m [0m ont correctement été exporté.[0m
[2025-07-24T03:00:10.702Z] 2025-07-24 05:00:10 [CLIENT DISCORD] L'interaction  [32mmodals.js[39m [0m ont correctement été exporté.[0m
[2025-07-24T03:00:10.703Z] [EVENT] 2025-07-24 05:00:10 [📅 EVENT NOTIFY] Chargé : interactionCreate
[2025-07-24T03:00:10.705Z] [EVENT] 2025-07-24 05:00:10 [📅 EVENT NOTIFY] Chargé : messageCreate
[2025-07-24T03:00:10.707Z] [EVENT] 2025-07-24 05:00:10 [📅 EVENT NOTIFY] Chargé : messageDelete
[2025-07-24T03:00:10.709Z] [EVENT] 2025-07-24 05:00:10 [📅 EVENT NOTIFY] Chargé : messageUpdate
[2025-07-24T03:00:10.737Z] 2025-07-24 05:00:10 [CLIENT DISCORD] Les modules  [32mcommands.js[39m [0m ont correctement été exporté.[0m
[2025-07-24T03:00:10.759Z] [EVENT] 2025-07-24 05:00:10 [📅 EVENT NOTIFY] Chargé : ready
[2025-07-24T03:00:10.762Z] [EVENT] 2025-07-24 05:00:10 [📅 EVENT NOTIFY] Chargé : voiceStateUpdate
[2025-07-24T03:00:10.771Z] [COMMANDS] 2025-07-24 05:00:10 [📌 COMMANDS NOTIFY] Chargée : ban
[2025-07-24T03:00:10.773Z] [COMMANDS] 2025-07-24 05:00:10 [📌 COMMANDS NOTIFY] Chargée : clear
[2025-07-24T03:00:10.775Z] [COMMANDS] 2025-07-24 05:00:10 [📌 COMMANDS NOTIFY] Chargée : createreport
[2025-07-24T03:00:10.777Z] [COMMANDS] 2025-07-24 05:00:10 [📌 COMMANDS NOTIFY] Chargée : div
[2025-07-24T03:00:10.778Z] [COMMANDS] 2025-07-24 05:00:10 [📌 COMMANDS NOTIFY] Chargée : help
[2025-07-24T03:00:10.780Z] [COMMANDS] 2025-07-24 05:00:10 [📌 COMMANDS NOTIFY] Chargée : info
[2025-07-24T03:00:10.782Z] [COMMANDS] 2025-07-24 05:00:10 [📌 COMMANDS NOTIFY] Chargée : infoshift
[2025-07-24T03:00:10.784Z] [COMMANDS] 2025-07-24 05:00:10 [📌 COMMANDS NOTIFY] Chargée : kick
[2025-07-24T03:00:10.786Z] [COMMANDS] 2025-07-24 05:00:10 [📌 COMMANDS NOTIFY] Chargée : mute
[2025-07-24T03:00:10.788Z] [COMMANDS] 2025-07-24 05:00:10 [📌 COMMANDS NOTIFY] Chargée : openservice
[2025-07-24T03:00:10.789Z] [COMMANDS] 2025-07-24 05:00:10 [📌 COMMANDS NOTIFY] Chargée : pex
[2025-07-24T03:00:10.807Z] [COMMANDS] 2025-07-24 05:00:10 [📌 COMMANDS NOTIFY] Chargée : play
[2025-07-24T03:00:10.809Z] [COMMANDS] 2025-07-24 05:00:10 [📌 COMMANDS NOTIFY] Chargée : promote
[2025-07-24T03:00:10.812Z] [COMMANDS] 2025-07-24 05:00:10 [📌 COMMANDS NOTIFY] Chargée : recruit
[2025-07-24T03:00:10.813Z] [COMMANDS] 2025-07-24 05:00:10 [📌 COMMANDS NOTIFY] Chargée : rename
[2025-07-24T03:00:10.814Z] [COMMANDS] 2025-07-24 05:00:10 [📌 COMMANDS NOTIFY] Chargée : role
[2025-07-24T03:00:10.816Z] [COMMANDS] 2025-07-24 05:00:10 [📌 COMMANDS NOTIFY] Chargée : send
[2025-07-24T03:00:10.818Z] [COMMANDS] 2025-07-24 05:00:10 [📌 COMMANDS NOTIFY] Chargée : shift
[2025-07-24T03:00:10.821Z] [COMMANDS] 2025-07-24 05:00:10 [📌 COMMANDS NOTIFY] Chargée : ticket
[2025-07-24T03:00:10.823Z] [COMMANDS] 2025-07-24 05:00:10 [📌 COMMANDS NOTIFY] Chargée : userinfo
[2025-07-24T03:00:10.825Z] [COMMANDS] 2025-07-24 05:00:10 [📌 COMMANDS NOTIFY] Chargée : warn
[2025-07-24T03:00:10.831Z] 2025-07-24 05:00:10 [CLIENT DISCORD] [42m[30mChargement des informations du package.[39m[49m
[42m[30m[39m[49m [46m[PACKAGE][49m [32mAuth. : François 🌸[39m
[32m[39m [46m[PACKAGE][49m [32mDepd. : axios, chalk, cron, discord-html-transcripts, discord-player, discord.js, distube, dotenv, express, express-session, form-data, fs, googleapis, luxon, node-cron, node-fetch, ora, patch, path, pdf-lib, pdfkit, play-dl, readline, rl, uuid[39m
[32m[39m [46m[PACKAGE][49m [32mDesc. : Official Bot Catherine for 911 Community.[39m
[32m[39m [46m[PACKAGE][49m [32mLisc. : ISC[39m
[32m[39m [46m[PACKAGE][49m [32mMain. : index.js[39m
[32m[39m [46m[PACKAGE][49m [32mName. : catherine[39m
[32m[39m [46m[PACKAGE][49m [32mScrp. : {"test":"echo \"Error: no test specified\" && exit 1","start":"node server.js"}[39m
[32m[39m [46m[PACKAGE][49m [32mVers. : 2.1.2[39m
[32m[39m [46m[PACKAGE][49m [32mPatch Note. : **[PN - 07/06]** *Passage 2.0 with new patch (shift, tabs... new commands handler)*[39m
[32m[39m
[2025-07-24T03:00:11.829Z] 2025-07-24 05:00:11 [DEBUG] 📦 Checking version from local...
[2025-07-24T03:00:11.830Z] 2025-07-24 05:00:11 [CLIENT DISCORD] 📦 Nom : catherine
[2025-07-24T03:00:11.830Z] 2025-07-24 05:00:11 [CLIENT DISCORD] 🕒 Version locale : 2.1.2
[2025-07-24T03:00:11.830Z] 2025-07-24 05:00:11 [DEBUG] 🌐 Checking version from GitHub...
[2025-07-24T03:00:12.048Z] 2025-07-24 05:00:12 [CLIENT DISCORD] 📦 Nom GitHub : catherine
[2025-07-24T03:00:12.050Z] 2025-07-24 05:00:12 [CLIENT DISCORD] 🕒 Version distante : 2.1.2
[2025-07-24T03:00:12.051Z] [INFO] 2025-07-24 05:00:12 [ℹ️ INFO NOTIFY] ✅ Les versions sont identiques.
[2025-07-24T03:00:12.051Z] 2025-07-24 05:00:12 [CLIENT DISCORD] [34m==============================[39m
[2025-07-24T03:00:12.051Z] 2025-07-24 05:00:12 [CLIENT DISCORD] [32m🚀 Démarrage du bot...[39m
[2025-07-24T03:00:12.052Z] 2025-07-24 05:00:12 [CLIENT DISCORD] [33m🔗 Connexion à Discord API...[39m
[2025-07-24T03:00:12.052Z] 2025-07-24 05:00:12 [CLIENT DISCORD] [36m✅ Bot RP en ligne ! Connecté en tant que 293 | Catherine#8045[39m
[2025-07-24T03:00:12.052Z] 2025-07-24 05:00:12 [CLIENT DISCORD] [34m==============================[39m
[34m[39m
[2025-07-24T03:00:12.062Z] 2025-07-24 05:00:12 [CLIENT DISCORD] [player] Initialisation du Player terminée.
[2025-07-24T03:00:12.065Z] 2025-07-24 05:00:12 [CLIENT DISCORD] [player] Extracteurs chargés avec succès.
[2025-07-24T03:00:12.066Z] 2025-07-24 05:00:12 [CLIENT DISCORD] 📥 Serveur trouvé : Georgia State Police (GSP)
[2025-07-24T03:00:12.321Z] 2025-07-24 05:00:12 [CLIENT DISCORD] 🔍 Commandes déjà présentes : play, rules, createreport, div, role, info, pex, openservice, infoshift, recruit, help, ban, ticket, shutdown, userinfo, send, clear, kick, warn, mute, rename, shift, promote
[2025-07-24T03:00:12.323Z] 2025-07-24 05:00:12 [WARN] ⚠️ Les commandes sont déjà enregistrées. Lance avec 'debug' pour forcer l'écrasement.
[2025-07-24T03:00:12.325Z] 2025-07-24 05:00:12 [CLIENT DISCORD] 🎮 Statut et activité mis à jour.
[2025-07-24T03:00:12.326Z] 2025-07-24 05:00:12 [CLIENT DISCORD] 📌 Mode de lancement : [33mAucun[39m
[2025-07-24T03:00:12.327Z] 2025-07-24 05:00:12 [CLIENT DISCORD] ✅ Bot prêt en tant que 293 | Catherine#8045
[2025-07-24T06:00:00.137Z] 2025-07-24 08:00:00 [CLIENT DISCORD] [32m🌅 Tâches du matin exécutées ![39m
[2025-07-24T06:00:00.170Z] 2025-07-24 08:00:00 [CLIENT DISCORD] [Cron] 🕒 Démarrage de la régénération automatique de la hiérarchie (tabs)...
[2025-07-24T06:00:00.176Z] 2025-07-24 08:00:00 [CLIENT DISCORD] [Cron] 🕒 Démarrage de la régénération automatique de la hiérarchie... (div)
[2025-07-24T06:00:00.182Z] 2025-07-24 08:00:00 [CLIENT DISCORD] 🔍 Vérification des règles...
[2025-07-24T06:00:00.196Z] 2025-07-24 08:00:00 [DEBUG] 📦 Checking version from local...
[2025-07-24T06:00:00.198Z] 2025-07-24 08:00:00 [CLIENT DISCORD] 📦 Nom : catherine
[2025-07-24T06:00:00.198Z] 2025-07-24 08:00:00 [CLIENT DISCORD] 🕒 Version locale : 2.1.2
[2025-07-24T06:00:00.199Z] 2025-07-24 08:00:00 [DEBUG] 🌐 Checking version from GitHub...
[2025-07-24T06:00:00.256Z] 2025-07-24 08:00:00 [CLIENT DISCORD] ✅ rules_1.txt inchangé, pas de mise à jour.
[2025-07-24T06:00:00.258Z] 2025-07-24 08:00:00 [CLIENT DISCORD] ✅ rules_2.txt inchangé, pas de mise à jour.
[2025-07-24T06:00:00.258Z] 2025-07-24 08:00:00 [CLIENT DISCORD] ✅ Vérification des règles terminée.
[2025-07-24T06:00:00.334Z] 2025-07-24 08:00:00 [CLIENT DISCORD] [EXPORT] access.json mis à jour avec 13 exécutif(s), 3 superviseur(s) et 2 commandement(s)
[2025-07-24T06:00:00.497Z] 2025-07-24 08:00:00 [CLIENT DISCORD] 📦 Nom GitHub : catherine
[2025-07-24T06:00:00.498Z] 2025-07-24 08:00:00 [CLIENT DISCORD] 🕒 Version distante : 2.1.2
[2025-07-24T06:00:00.499Z] [INFO] 2025-07-24 08:00:00 [ℹ️ INFO NOTIFY] ✅ Les versions sont identiques.
[2025-07-24T06:00:00.667Z] 2025-07-24 08:00:00 [WARN] [!] (DIV) Ancien message non trouvé ou déjà supprimé.
[2025-07-24T06:00:00.869Z] 2025-07-24 08:00:00 [WARN] [!] (TABS) Ancien message non trouvé ou déjà supprimé.
[2025-07-24T06:00:05.650Z] 2025-07-24 08:00:05 [CLIENT DISCORD] [✅] Hiérarchie DIV envoyée.
[2025-07-24T06:00:05.653Z] 2025-07-24 08:00:05 [CLIENT DISCORD] [Cron] 🕒 Fin de la régénération automatique de la hiérarchie.
[2025-07-24T06:00:06.649Z] 2025-07-24 08:00:06 [CLIENT DISCORD] [✅] Hiérarchie TABS envoyée.
[2025-07-24T06:00:06.650Z] 2025-07-24 08:00:06 [CLIENT DISCORD] [Cron] 🕒 Fin de la régénération automatique de la hiérarchie.
[2025-07-24T14:00:00.108Z] 2025-07-24 16:00:00 [CLIENT DISCORD] [32m🌇 Tâches du soir exécutées ![39m
[2025-07-24T14:00:00.113Z] 2025-07-24 16:00:00 [CLIENT DISCORD] [Cron] 🕒 Démarrage de la régénération automatique de la hiérarchie (tabs)...
[2025-07-24T14:00:00.113Z] 2025-07-24 16:00:00 [CLIENT DISCORD] [Cron] 🕒 Démarrage de la régénération automatique de la hiérarchie... (div)
[2025-07-24T14:00:00.114Z] 2025-07-24 16:00:00 [CLIENT DISCORD] 🔍 Vérification des règles...
[2025-07-24T14:00:00.120Z] 2025-07-24 16:00:00 [DEBUG] 📦 Checking version from local...
[2025-07-24T14:00:00.121Z] 2025-07-24 16:00:00 [CLIENT DISCORD] 📦 Nom : catherine
[2025-07-24T14:00:00.122Z] 2025-07-24 16:00:00 [CLIENT DISCORD] 🕒 Version locale : 2.1.2
[2025-07-24T14:00:00.122Z] 2025-07-24 16:00:00 [DEBUG] 🌐 Checking version from GitHub...
[2025-07-24T14:00:00.140Z] 2025-07-24 16:00:00 [CLIENT DISCORD] ✅ rules_1.txt inchangé, pas de mise à jour.
[2025-07-24T14:00:00.142Z] 2025-07-24 16:00:00 [CLIENT DISCORD] ✅ rules_2.txt inchangé, pas de mise à jour.
[2025-07-24T14:00:00.143Z] 2025-07-24 16:00:00 [CLIENT DISCORD] ✅ Vérification des règles terminée.
[2025-07-24T14:00:00.231Z] 2025-07-24 16:00:00 [CLIENT DISCORD] [EXPORT] access.json mis à jour avec 13 exécutif(s), 3 superviseur(s) et 2 commandement(s)
[2025-07-24T14:00:00.409Z] [NOTIFY] 2025-07-24 16:00:00 [🟢 SOFT NOTIFY] Message DIV supprimé
[2025-07-24T14:00:00.414Z] 2025-07-24 16:00:00 [CLIENT DISCORD] 📦 Nom GitHub : catherine
[2025-07-24T14:00:00.415Z] 2025-07-24 16:00:00 [CLIENT DISCORD] 🕒 Version distante : 2.1.2
[2025-07-24T14:00:00.416Z] [INFO] 2025-07-24 16:00:00 [ℹ️ INFO NOTIFY] ✅ Les versions sont identiques.
[2025-07-24T14:00:00.662Z] [NOTIFY] 2025-07-24 16:00:00 [🟢 SOFT NOTIFY] Message TABS supprimé
[2025-07-24T14:00:02.559Z] 2025-07-24 16:00:02 [CLIENT DISCORD] [✅] Hiérarchie DIV envoyée.
[2025-07-24T14:00:02.563Z] 2025-07-24 16:00:02 [CLIENT DISCORD] [Cron] 🕒 Fin de la régénération automatique de la hiérarchie.
[2025-07-24T14:00:03.130Z] 2025-07-24 16:00:03 [CLIENT DISCORD] [✅] Hiérarchie TABS envoyée.
[2025-07-24T14:00:03.141Z] 2025-07-24 16:00:03 [CLIENT DISCORD] [Cron] 🕒 Fin de la régénération automatique de la hiérarchie.
