[2025-08-09T03:00:00.168Z] 2025-08-09 05:00:00 [CLIENT DISCORD] [32m🌙 Tâches de la nuit exécutées ![39m
[2025-08-09T03:00:00.213Z] 2025-08-09 05:00:00 [DEBUG] 📦 Checking version from local...
[2025-08-09T03:00:00.215Z] 2025-08-09 05:00:00 [CLIENT DISCORD] 📦 Nom : catherine
[2025-08-09T03:00:00.216Z] 2025-08-09 05:00:00 [CLIENT DISCORD] 🕒 Version locale : 2.1.2
[2025-08-09T03:00:00.217Z] 2025-08-09 05:00:00 [DEBUG] 🌐 Checking version from GitHub...
[2025-08-09T03:00:00.225Z] 2025-08-09 05:00:00 [WARN] [REBOOT] Attention, Catherine redémarre (checker les logs). Instruction reboot.js
[2025-08-09T03:00:09.019Z] 2025-08-09 05:00:08 [CLIENT DISCORD] Les modules [32mloggers[39m ont correctement été exportés.
[2025-08-09T03:00:09.058Z] [EVENT] 2025-08-09 05:00:09 [📅 EVENT NOTIFY] Chargé : guildBanAdd
[2025-08-09T03:00:09.059Z] [EVENT] 2025-08-09 05:00:09 [📅 EVENT NOTIFY] Chargé : guildBanRemove
[2025-08-09T03:00:09.060Z] [EVENT] 2025-08-09 05:00:09 [📅 EVENT NOTIFY] Chargé : guildMemberAdd
[2025-08-09T03:00:09.062Z] [EVENT] 2025-08-09 05:00:09 [📅 EVENT NOTIFY] Chargé : guildMemberRemove
[2025-08-09T03:00:09.066Z] 2025-08-09 05:00:09 [CLIENT DISCORD] Les modules  [32mutils.js[39m [0m ont correctement été exporté.[0m
[2025-08-09T03:00:10.168Z] 2025-08-09 05:00:10 [CLIENT DISCORD] L'interaction  [32mbuttons.js[39m [0m ont correctement été exporté.[0m
[2025-08-09T03:00:10.547Z] 2025-08-09 05:00:10 [CLIENT DISCORD] L'interaction  [32mmodals.js[39m [0m ont correctement été exporté.[0m
[2025-08-09T03:00:10.548Z] [EVENT] 2025-08-09 05:00:10 [📅 EVENT NOTIFY] Chargé : interactionCreate
[2025-08-09T03:00:10.551Z] [EVENT] 2025-08-09 05:00:10 [📅 EVENT NOTIFY] Chargé : messageCreate
[2025-08-09T03:00:10.555Z] [EVENT] 2025-08-09 05:00:10 [📅 EVENT NOTIFY] Chargé : messageDelete
[2025-08-09T03:00:10.558Z] [EVENT] 2025-08-09 05:00:10 [📅 EVENT NOTIFY] Chargé : messageUpdate
[2025-08-09T03:00:10.598Z] 2025-08-09 05:00:10 [CLIENT DISCORD] Les modules  [32mcommands.js[39m [0m ont correctement été exporté.[0m
[2025-08-09T03:00:10.626Z] [EVENT] 2025-08-09 05:00:10 [📅 EVENT NOTIFY] Chargé : ready
[2025-08-09T03:00:10.627Z] [EVENT] 2025-08-09 05:00:10 [📅 EVENT NOTIFY] Chargé : voiceStateUpdate
[2025-08-09T03:00:10.635Z] [COMMANDS] 2025-08-09 05:00:10 [📌 COMMANDS NOTIFY] Chargée : ban
[2025-08-09T03:00:10.637Z] [COMMANDS] 2025-08-09 05:00:10 [📌 COMMANDS NOTIFY] Chargée : clear
[2025-08-09T03:00:10.640Z] [COMMANDS] 2025-08-09 05:00:10 [📌 COMMANDS NOTIFY] Chargée : createreport
[2025-08-09T03:00:10.643Z] [COMMANDS] 2025-08-09 05:00:10 [📌 COMMANDS NOTIFY] Chargée : div
[2025-08-09T03:00:10.645Z] [COMMANDS] 2025-08-09 05:00:10 [📌 COMMANDS NOTIFY] Chargée : help
[2025-08-09T03:00:10.647Z] [COMMANDS] 2025-08-09 05:00:10 [📌 COMMANDS NOTIFY] Chargée : info
[2025-08-09T03:00:10.649Z] [COMMANDS] 2025-08-09 05:00:10 [📌 COMMANDS NOTIFY] Chargée : infoshift
[2025-08-09T03:00:10.651Z] [COMMANDS] 2025-08-09 05:00:10 [📌 COMMANDS NOTIFY] Chargée : kick
[2025-08-09T03:00:10.654Z] [COMMANDS] 2025-08-09 05:00:10 [📌 COMMANDS NOTIFY] Chargée : mute
[2025-08-09T03:00:10.656Z] [COMMANDS] 2025-08-09 05:00:10 [📌 COMMANDS NOTIFY] Chargée : openservice
[2025-08-09T03:00:10.658Z] [COMMANDS] 2025-08-09 05:00:10 [📌 COMMANDS NOTIFY] Chargée : pex
[2025-08-09T03:00:10.677Z] [COMMANDS] 2025-08-09 05:00:10 [📌 COMMANDS NOTIFY] Chargée : play
[2025-08-09T03:00:10.679Z] [COMMANDS] 2025-08-09 05:00:10 [📌 COMMANDS NOTIFY] Chargée : promote
[2025-08-09T03:00:10.681Z] [COMMANDS] 2025-08-09 05:00:10 [📌 COMMANDS NOTIFY] Chargée : recruit
[2025-08-09T03:00:10.682Z] [COMMANDS] 2025-08-09 05:00:10 [📌 COMMANDS NOTIFY] Chargée : rename
[2025-08-09T03:00:10.683Z] [COMMANDS] 2025-08-09 05:00:10 [📌 COMMANDS NOTIFY] Chargée : role
[2025-08-09T03:00:10.685Z] [COMMANDS] 2025-08-09 05:00:10 [📌 COMMANDS NOTIFY] Chargée : send
[2025-08-09T03:00:10.686Z] [COMMANDS] 2025-08-09 05:00:10 [📌 COMMANDS NOTIFY] Chargée : shift
[2025-08-09T03:00:10.691Z] [COMMANDS] 2025-08-09 05:00:10 [📌 COMMANDS NOTIFY] Chargée : ticket
[2025-08-09T03:00:10.693Z] [COMMANDS] 2025-08-09 05:00:10 [📌 COMMANDS NOTIFY] Chargée : userinfo
[2025-08-09T03:00:10.695Z] [COMMANDS] 2025-08-09 05:00:10 [📌 COMMANDS NOTIFY] Chargée : warn
[2025-08-09T03:00:10.701Z] 2025-08-09 05:00:10 [CLIENT DISCORD] [42m[30mChargement des informations du package.[39m[49m
[42m[30m[39m[49m [46m[PACKAGE][49m [32mAuth. : François 🌸[39m
[32m[39m [46m[PACKAGE][49m [32mDepd. : axios, chalk, cron, discord-html-transcripts, discord-player, discord.js, distube, dotenv, express, express-session, form-data, fs, googleapis, luxon, node-cron, node-fetch, ora, patch, path, pdf-lib, pdfkit, play-dl, readline, rl, uuid[39m
[32m[39m [46m[PACKAGE][49m [32mDesc. : Official Bot Catherine for 911 Community.[39m
[32m[39m [46m[PACKAGE][49m [32mLisc. : ISC[39m
[32m[39m [46m[PACKAGE][49m [32mMain. : index.js[39m
[32m[39m [46m[PACKAGE][49m [32mName. : catherine[39m
[32m[39m [46m[PACKAGE][49m [32mScrp. : {"test":"echo \"Error: no test specified\" && exit 1","start":"node server.js"}[39m
[32m[39m [46m[PACKAGE][49m [32mVers. : 2.1.2[39m
[32m[39m [46m[PACKAGE][49m [32mPatch Note. : **[PN - 07/06]** *Passage 2.0 with new patch (shift, tabs... new commands handler)*[39m
[32m[39m
[2025-08-09T03:00:12.031Z] 2025-08-09 05:00:12 [DEBUG] 📦 Checking version from local...
[2025-08-09T03:00:12.032Z] 2025-08-09 05:00:12 [CLIENT DISCORD] 📦 Nom : catherine
[2025-08-09T03:00:12.032Z] 2025-08-09 05:00:12 [CLIENT DISCORD] 🕒 Version locale : 2.1.2
[2025-08-09T03:00:12.033Z] 2025-08-09 05:00:12 [DEBUG] 🌐 Checking version from GitHub...
[2025-08-09T03:00:12.292Z] 2025-08-09 05:00:12 [CLIENT DISCORD] 📦 Nom GitHub : catherine
[2025-08-09T03:00:12.294Z] 2025-08-09 05:00:12 [CLIENT DISCORD] 🕒 Version distante : 2.1.2
[2025-08-09T03:00:12.296Z] [INFO] 2025-08-09 05:00:12 [ℹ️ INFO NOTIFY] ✅ Les versions sont identiques.
[2025-08-09T03:00:12.297Z] 2025-08-09 05:00:12 [CLIENT DISCORD] [34m==============================[39m
[2025-08-09T03:00:12.299Z] 2025-08-09 05:00:12 [CLIENT DISCORD] [32m🚀 Démarrage du bot...[39m
[2025-08-09T03:00:12.300Z] 2025-08-09 05:00:12 [CLIENT DISCORD] [33m🔗 Connexion à Discord API...[39m
[2025-08-09T03:00:12.301Z] 2025-08-09 05:00:12 [CLIENT DISCORD] [36m✅ Bot RP en ligne ! Connecté en tant que 293 | Catherine#8045[39m
[2025-08-09T03:00:12.303Z] 2025-08-09 05:00:12 [CLIENT DISCORD] [34m==============================[39m
[34m[39m
[2025-08-09T03:00:12.312Z] 2025-08-09 05:00:12 [CLIENT DISCORD] [player] Initialisation du Player terminée.
[2025-08-09T03:00:12.316Z] 2025-08-09 05:00:12 [CLIENT DISCORD] [player] Extracteurs chargés avec succès.
[2025-08-09T03:00:12.317Z] 2025-08-09 05:00:12 [CLIENT DISCORD] 📥 Serveur trouvé : Georgia State Police (GSP)
[2025-08-09T03:00:12.484Z] 2025-08-09 05:00:12 [CLIENT DISCORD] 🔍 Commandes déjà présentes : play, rules, createreport, div, role, info, pex, openservice, infoshift, recruit, help, ban, ticket, shutdown, userinfo, send, clear, kick, warn, mute, rename, shift, promote
[2025-08-09T03:00:12.485Z] 2025-08-09 05:00:12 [WARN] ⚠️ Les commandes sont déjà enregistrées. Lance avec 'debug' pour forcer l'écrasement.
[2025-08-09T03:00:12.485Z] 2025-08-09 05:00:12 [CLIENT DISCORD] 🎮 Statut et activité mis à jour.
[2025-08-09T03:00:12.485Z] 2025-08-09 05:00:12 [CLIENT DISCORD] 📌 Mode de lancement : [33mAucun[39m
[2025-08-09T03:00:12.485Z] 2025-08-09 05:00:12 [CLIENT DISCORD] ✅ Bot prêt en tant que 293 | Catherine#8045
[2025-08-09T06:00:00.203Z] 2025-08-09 08:00:00 [CLIENT DISCORD] [32m🌅 Tâches du matin exécutées ![39m
[2025-08-09T06:00:00.236Z] 2025-08-09 08:00:00 [CLIENT DISCORD] [Cron] 🕒 Démarrage de la régénération automatique de la hiérarchie (tabs)...
[2025-08-09T06:00:00.248Z] 2025-08-09 08:00:00 [CLIENT DISCORD] [Cron] 🕒 Démarrage de la régénération automatique de la hiérarchie... (div)
[2025-08-09T06:00:00.251Z] 2025-08-09 08:00:00 [CLIENT DISCORD] 🔍 Vérification des règles...
[2025-08-09T06:00:00.269Z] 2025-08-09 08:00:00 [DEBUG] 📦 Checking version from local...
[2025-08-09T06:00:00.271Z] 2025-08-09 08:00:00 [CLIENT DISCORD] 📦 Nom : catherine
[2025-08-09T06:00:00.271Z] 2025-08-09 08:00:00 [CLIENT DISCORD] 🕒 Version locale : 2.1.2
[2025-08-09T06:00:00.272Z] 2025-08-09 08:00:00 [DEBUG] 🌐 Checking version from GitHub...
[2025-08-09T06:00:00.364Z] 2025-08-09 08:00:00 [CLIENT DISCORD] ✅ rules_1.txt inchangé, pas de mise à jour.
[2025-08-09T06:00:00.365Z] 2025-08-09 08:00:00 [CLIENT DISCORD] ✅ rules_2.txt inchangé, pas de mise à jour.
[2025-08-09T06:00:00.366Z] 2025-08-09 08:00:00 [CLIENT DISCORD] ✅ Vérification des règles terminée.
[2025-08-09T06:00:00.448Z] 2025-08-09 08:00:00 [CLIENT DISCORD] [EXPORT] access.json mis à jour avec 13 exécutif(s), 3 superviseur(s) et 2 commandement(s)
[2025-08-09T06:00:00.662Z] 2025-08-09 08:00:00 [CLIENT DISCORD] 📦 Nom GitHub : catherine
[2025-08-09T06:00:00.663Z] 2025-08-09 08:00:00 [CLIENT DISCORD] 🕒 Version distante : 2.1.2
[2025-08-09T06:00:00.665Z] [INFO] 2025-08-09 08:00:00 [ℹ️ INFO NOTIFY] ✅ Les versions sont identiques.
[2025-08-09T06:00:00.890Z] [NOTIFY] 2025-08-09 08:00:00 [🟢 SOFT NOTIFY] Message DIV supprimé
[2025-08-09T06:00:01.177Z] [NOTIFY] 2025-08-09 08:00:01 [🟢 SOFT NOTIFY] Message TABS supprimé
[2025-08-09T06:00:04.239Z] 2025-08-09 08:00:04 [CLIENT DISCORD] [✅] Hiérarchie DIV envoyée.
[2025-08-09T06:00:04.244Z] 2025-08-09 08:00:04 [CLIENT DISCORD] [Cron] 🕒 Fin de la régénération automatique de la hiérarchie.
[2025-08-09T06:00:04.825Z] 2025-08-09 08:00:04 [CLIENT DISCORD] [✅] Hiérarchie TABS envoyée.
[2025-08-09T06:00:04.836Z] 2025-08-09 08:00:04 [CLIENT DISCORD] [Cron] 🕒 Fin de la régénération automatique de la hiérarchie.
[2025-08-09T14:00:00.129Z] 2025-08-09 16:00:00 [CLIENT DISCORD] [32m🌇 Tâches du soir exécutées ![39m
[2025-08-09T14:00:00.149Z] 2025-08-09 16:00:00 [CLIENT DISCORD] [Cron] 🕒 Démarrage de la régénération automatique de la hiérarchie (tabs)...
[2025-08-09T14:00:00.154Z] 2025-08-09 16:00:00 [CLIENT DISCORD] [Cron] 🕒 Démarrage de la régénération automatique de la hiérarchie... (div)
[2025-08-09T14:00:00.156Z] 2025-08-09 16:00:00 [CLIENT DISCORD] 🔍 Vérification des règles...
[2025-08-09T14:00:00.169Z] 2025-08-09 16:00:00 [DEBUG] 📦 Checking version from local...
[2025-08-09T14:00:00.172Z] 2025-08-09 16:00:00 [CLIENT DISCORD] 📦 Nom : catherine
[2025-08-09T14:00:00.172Z] 2025-08-09 16:00:00 [CLIENT DISCORD] 🕒 Version locale : 2.1.2
[2025-08-09T14:00:00.172Z] 2025-08-09 16:00:00 [DEBUG] 🌐 Checking version from GitHub...
[2025-08-09T14:00:00.228Z] 2025-08-09 16:00:00 [CLIENT DISCORD] ✅ rules_1.txt inchangé, pas de mise à jour.
[2025-08-09T14:00:00.232Z] 2025-08-09 16:00:00 [CLIENT DISCORD] ✅ rules_2.txt inchangé, pas de mise à jour.
[2025-08-09T14:00:00.233Z] 2025-08-09 16:00:00 [CLIENT DISCORD] ✅ Vérification des règles terminée.
[2025-08-09T14:00:00.291Z] 2025-08-09 16:00:00 [CLIENT DISCORD] [EXPORT] access.json mis à jour avec 13 exécutif(s), 3 superviseur(s) et 2 commandement(s)
[2025-08-09T14:00:00.469Z] 2025-08-09 16:00:00 [CLIENT DISCORD] 📦 Nom GitHub : catherine
[2025-08-09T14:00:00.472Z] 2025-08-09 16:00:00 [CLIENT DISCORD] 🕒 Version distante : 2.1.2
[2025-08-09T14:00:00.473Z] [INFO] 2025-08-09 16:00:00 [ℹ️ INFO NOTIFY] ✅ Les versions sont identiques.
[2025-08-09T14:00:00.572Z] [NOTIFY] 2025-08-09 16:00:00 [🟢 SOFT NOTIFY] Message DIV supprimé
[2025-08-09T14:00:00.919Z] [NOTIFY] 2025-08-09 16:00:00 [🟢 SOFT NOTIFY] Message TABS supprimé
[2025-08-09T14:00:02.375Z] 2025-08-09 16:00:02 [CLIENT DISCORD] [✅] Hiérarchie DIV envoyée.
[2025-08-09T14:00:02.379Z] 2025-08-09 16:00:02 [CLIENT DISCORD] [Cron] 🕒 Fin de la régénération automatique de la hiérarchie.
[2025-08-09T14:00:02.716Z] 2025-08-09 16:00:02 [CLIENT DISCORD] [✅] Hiérarchie TABS envoyée.
[2025-08-09T14:00:02.716Z] 2025-08-09 16:00:02 [CLIENT DISCORD] [Cron] 🕒 Fin de la régénération automatique de la hiérarchie.
[2025-08-09T19:39:13.506Z] 2025-08-09 21:39:13 [CLIENT DISCORD] [94m[MESSAGE_SENT][39m [32mtimoty0710[39m [0ma envoyé[0m [32mhttps://tenor.com/view/coach-slapping-angry-football-gif-19141438[39m [0mdans[0m [32m💬-discussion[39m
[2025-08-09T20:22:37.814Z] 2025-08-09 22:22:37 [CLIENT DISCORD] [94m[MESSAGE_SENT][39m [32m66atshina.enid[39m [0ma envoyé[0m [32mhttps://tenor.com/view/cheh-angry-funny-face-mad-upset-gif-17042639[39m [0mdans[0m [32m💬-discussion[39m
