[2025-08-25T03:00:00.176Z] 2025-08-25 05:00:00 [CLIENT DISCORD] [32m🌙 Tâches de la nuit exécutées ![39m
[2025-08-25T03:00:00.216Z] 2025-08-25 05:00:00 [DEBUG] 📦 Checking version from local...
[2025-08-25T03:00:00.218Z] 2025-08-25 05:00:00 [CLIENT DISCORD] 📦 Nom : catherine
[2025-08-25T03:00:00.219Z] 2025-08-25 05:00:00 [CLIENT DISCORD] 🕒 Version locale : 2.1.2
[2025-08-25T03:00:00.220Z] 2025-08-25 05:00:00 [DEBUG] 🌐 Checking version from GitHub...
[2025-08-25T03:00:00.228Z] 2025-08-25 05:00:00 [WARN] [REBOOT] Attention, Catherine redémarre (checker les logs). Instruction reboot.js
[2025-08-25T03:00:09.206Z] 2025-08-25 05:00:09 [CLIENT DISCORD] Les modules [32mloggers[39m ont correctement été exportés.
[2025-08-25T03:00:09.244Z] [EVENT] 2025-08-25 05:00:09 [📅 EVENT NOTIFY] Chargé : guildBanAdd
[2025-08-25T03:00:09.245Z] [EVENT] 2025-08-25 05:00:09 [📅 EVENT NOTIFY] Chargé : guildBanRemove
[2025-08-25T03:00:09.247Z] [EVENT] 2025-08-25 05:00:09 [📅 EVENT NOTIFY] Chargé : guildMemberAdd
[2025-08-25T03:00:09.249Z] [EVENT] 2025-08-25 05:00:09 [📅 EVENT NOTIFY] Chargé : guildMemberRemove
[2025-08-25T03:00:09.253Z] 2025-08-25 05:00:09 [CLIENT DISCORD] Les modules  [32mutils.js[39m [0m ont correctement été exporté.[0m
[2025-08-25T03:00:10.309Z] 2025-08-25 05:00:10 [CLIENT DISCORD] L'interaction  [32mbuttons.js[39m [0m ont correctement été exporté.[0m
[2025-08-25T03:00:10.724Z] 2025-08-25 05:00:10 [CLIENT DISCORD] L'interaction  [32mmodals.js[39m [0m ont correctement été exporté.[0m
[2025-08-25T03:00:10.726Z] [EVENT] 2025-08-25 05:00:10 [📅 EVENT NOTIFY] Chargé : interactionCreate
[2025-08-25T03:00:10.732Z] [EVENT] 2025-08-25 05:00:10 [📅 EVENT NOTIFY] Chargé : messageCreate
[2025-08-25T03:00:10.736Z] [EVENT] 2025-08-25 05:00:10 [📅 EVENT NOTIFY] Chargé : messageDelete
[2025-08-25T03:00:10.740Z] [EVENT] 2025-08-25 05:00:10 [📅 EVENT NOTIFY] Chargé : messageUpdate
[2025-08-25T03:00:10.800Z] 2025-08-25 05:00:10 [CLIENT DISCORD] Les modules  [32mcommands.js[39m [0m ont correctement été exporté.[0m
[2025-08-25T03:00:10.839Z] [EVENT] 2025-08-25 05:00:10 [📅 EVENT NOTIFY] Chargé : ready
[2025-08-25T03:00:10.841Z] [EVENT] 2025-08-25 05:00:10 [📅 EVENT NOTIFY] Chargé : voiceStateUpdate
[2025-08-25T03:00:10.850Z] [COMMANDS] 2025-08-25 05:00:10 [📌 COMMANDS NOTIFY] Chargée : ban
[2025-08-25T03:00:10.853Z] [COMMANDS] 2025-08-25 05:00:10 [📌 COMMANDS NOTIFY] Chargée : clear
[2025-08-25T03:00:10.857Z] [COMMANDS] 2025-08-25 05:00:10 [📌 COMMANDS NOTIFY] Chargée : createreport
[2025-08-25T03:00:10.861Z] [COMMANDS] 2025-08-25 05:00:10 [📌 COMMANDS NOTIFY] Chargée : div
[2025-08-25T03:00:10.865Z] [COMMANDS] 2025-08-25 05:00:10 [📌 COMMANDS NOTIFY] Chargée : help
[2025-08-25T03:00:10.868Z] [COMMANDS] 2025-08-25 05:00:10 [📌 COMMANDS NOTIFY] Chargée : info
[2025-08-25T03:00:10.876Z] [COMMANDS] 2025-08-25 05:00:10 [📌 COMMANDS NOTIFY] Chargée : infoshift
[2025-08-25T03:00:10.878Z] [COMMANDS] 2025-08-25 05:00:10 [📌 COMMANDS NOTIFY] Chargée : kick
[2025-08-25T03:00:10.881Z] [COMMANDS] 2025-08-25 05:00:10 [📌 COMMANDS NOTIFY] Chargée : mute
[2025-08-25T03:00:10.884Z] [COMMANDS] 2025-08-25 05:00:10 [📌 COMMANDS NOTIFY] Chargée : openservice
[2025-08-25T03:00:10.887Z] [COMMANDS] 2025-08-25 05:00:10 [📌 COMMANDS NOTIFY] Chargée : pex
[2025-08-25T03:00:10.914Z] [COMMANDS] 2025-08-25 05:00:10 [📌 COMMANDS NOTIFY] Chargée : play
[2025-08-25T03:00:10.917Z] [COMMANDS] 2025-08-25 05:00:10 [📌 COMMANDS NOTIFY] Chargée : promote
[2025-08-25T03:00:10.922Z] [COMMANDS] 2025-08-25 05:00:10 [📌 COMMANDS NOTIFY] Chargée : recruit
[2025-08-25T03:00:10.925Z] [COMMANDS] 2025-08-25 05:00:10 [📌 COMMANDS NOTIFY] Chargée : rename
[2025-08-25T03:00:10.927Z] [COMMANDS] 2025-08-25 05:00:10 [📌 COMMANDS NOTIFY] Chargée : role
[2025-08-25T03:00:10.931Z] [COMMANDS] 2025-08-25 05:00:10 [📌 COMMANDS NOTIFY] Chargée : send
[2025-08-25T03:00:10.935Z] [COMMANDS] 2025-08-25 05:00:10 [📌 COMMANDS NOTIFY] Chargée : shift
[2025-08-25T03:00:10.946Z] [COMMANDS] 2025-08-25 05:00:10 [📌 COMMANDS NOTIFY] Chargée : ticket
[2025-08-25T03:00:10.951Z] [COMMANDS] 2025-08-25 05:00:10 [📌 COMMANDS NOTIFY] Chargée : userinfo
[2025-08-25T03:00:10.955Z] [COMMANDS] 2025-08-25 05:00:10 [📌 COMMANDS NOTIFY] Chargée : warn
[2025-08-25T03:00:10.964Z] 2025-08-25 05:00:10 [CLIENT DISCORD] [42m[30mChargement des informations du package.[39m[49m
[42m[30m[39m[49m [46m[PACKAGE][49m [32mAuth. : François 🌸[39m
[32m[39m [46m[PACKAGE][49m [32mDepd. : axios, chalk, cron, discord-html-transcripts, discord-player, discord.js, distube, dotenv, express, express-session, form-data, fs, googleapis, luxon, node-cron, node-fetch, ora, patch, path, pdf-lib, pdfkit, play-dl, readline, rl, uuid[39m
[32m[39m [46m[PACKAGE][49m [32mDesc. : Official Bot Catherine for 911 Community.[39m
[32m[39m [46m[PACKAGE][49m [32mLisc. : ISC[39m
[32m[39m [46m[PACKAGE][49m [32mMain. : index.js[39m
[32m[39m [46m[PACKAGE][49m [32mName. : catherine[39m
[32m[39m [46m[PACKAGE][49m [32mScrp. : {"test":"echo \"Error: no test specified\" && exit 1","start":"node server.js"}[39m
[32m[39m [46m[PACKAGE][49m [32mVers. : 2.1.2[39m
[32m[39m [46m[PACKAGE][49m [32mPatch Note. : **[PN - 07/06]** *Passage 2.0 with new patch (shift, tabs... new commands handler)*[39m
[32m[39m
[2025-08-25T03:00:12.642Z] 2025-08-25 05:00:12 [DEBUG] 📦 Checking version from local...
[2025-08-25T03:00:12.643Z] 2025-08-25 05:00:12 [CLIENT DISCORD] 📦 Nom : catherine
[2025-08-25T03:00:12.644Z] 2025-08-25 05:00:12 [CLIENT DISCORD] 🕒 Version locale : 2.1.2
[2025-08-25T03:00:12.645Z] 2025-08-25 05:00:12 [DEBUG] 🌐 Checking version from GitHub...
[2025-08-25T03:00:12.867Z] 2025-08-25 05:00:12 [CLIENT DISCORD] 📦 Nom GitHub : catherine
[2025-08-25T03:00:12.868Z] 2025-08-25 05:00:12 [CLIENT DISCORD] 🕒 Version distante : 2.1.2
[2025-08-25T03:00:12.869Z] [INFO] 2025-08-25 05:00:12 [ℹ️ INFO NOTIFY] ✅ Les versions sont identiques.
[2025-08-25T03:00:12.870Z] 2025-08-25 05:00:12 [CLIENT DISCORD] [34m==============================[39m
[2025-08-25T03:00:12.871Z] 2025-08-25 05:00:12 [CLIENT DISCORD] [32m🚀 Démarrage du bot...[39m
[2025-08-25T03:00:12.873Z] 2025-08-25 05:00:12 [CLIENT DISCORD] [33m🔗 Connexion à Discord API...[39m
[2025-08-25T03:00:12.874Z] 2025-08-25 05:00:12 [CLIENT DISCORD] [36m✅ Bot RP en ligne ! Connecté en tant que 293 | Catherine#8045[39m
[2025-08-25T03:00:12.875Z] 2025-08-25 05:00:12 [CLIENT DISCORD] [34m==============================[39m
[34m[39m
[2025-08-25T03:00:12.887Z] 2025-08-25 05:00:12 [CLIENT DISCORD] [player] Initialisation du Player terminée.
[2025-08-25T03:00:12.890Z] 2025-08-25 05:00:12 [CLIENT DISCORD] [player] Extracteurs chargés avec succès.
[2025-08-25T03:00:12.892Z] 2025-08-25 05:00:12 [CLIENT DISCORD] 📥 Serveur trouvé : Georgia State Police (GSP)
[2025-08-25T03:00:13.080Z] 2025-08-25 05:00:13 [CLIENT DISCORD] 🔍 Commandes déjà présentes : play, rules, createreport, div, role, info, pex, openservice, infoshift, recruit, help, ban, ticket, shutdown, userinfo, send, clear, kick, warn, mute, rename, shift, promote
[2025-08-25T03:00:13.081Z] 2025-08-25 05:00:13 [WARN] ⚠️ Les commandes sont déjà enregistrées. Lance avec 'debug' pour forcer l'écrasement.
[2025-08-25T03:00:13.082Z] 2025-08-25 05:00:13 [CLIENT DISCORD] 🎮 Statut et activité mis à jour.
[2025-08-25T03:00:13.082Z] 2025-08-25 05:00:13 [CLIENT DISCORD] 📌 Mode de lancement : [33mAucun[39m
[2025-08-25T03:00:13.082Z] 2025-08-25 05:00:13 [CLIENT DISCORD] ✅ Bot prêt en tant que 293 | Catherine#8045
[2025-08-25T06:00:00.153Z] 2025-08-25 08:00:00 [CLIENT DISCORD] [32m🌅 Tâches du matin exécutées ![39m
[2025-08-25T06:00:00.185Z] 2025-08-25 08:00:00 [CLIENT DISCORD] [Cron] 🕒 Démarrage de la régénération automatique de la hiérarchie (tabs)...
[2025-08-25T06:00:00.192Z] 2025-08-25 08:00:00 [CLIENT DISCORD] [Cron] 🕒 Démarrage de la régénération automatique de la hiérarchie... (div)
[2025-08-25T06:00:00.196Z] 2025-08-25 08:00:00 [CLIENT DISCORD] 🔍 Vérification des règles...
[2025-08-25T06:00:00.209Z] 2025-08-25 08:00:00 [DEBUG] 📦 Checking version from local...
[2025-08-25T06:00:00.212Z] 2025-08-25 08:00:00 [CLIENT DISCORD] 📦 Nom : catherine
[2025-08-25T06:00:00.213Z] 2025-08-25 08:00:00 [CLIENT DISCORD] 🕒 Version locale : 2.1.2
[2025-08-25T06:00:00.215Z] 2025-08-25 08:00:00 [DEBUG] 🌐 Checking version from GitHub...
[2025-08-25T06:00:00.257Z] 2025-08-25 08:00:00 [CLIENT DISCORD] ✅ rules_1.txt inchangé, pas de mise à jour.
[2025-08-25T06:00:00.259Z] 2025-08-25 08:00:00 [CLIENT DISCORD] ✅ rules_2.txt inchangé, pas de mise à jour.
[2025-08-25T06:00:00.261Z] 2025-08-25 08:00:00 [CLIENT DISCORD] ✅ Vérification des règles terminée.
[2025-08-25T06:00:00.348Z] 2025-08-25 08:00:00 [CLIENT DISCORD] [EXPORT] access.json mis à jour avec 13 exécutif(s), 3 superviseur(s) et 2 commandement(s)
[2025-08-25T06:00:00.536Z] 2025-08-25 08:00:00 [CLIENT DISCORD] 📦 Nom GitHub : catherine
[2025-08-25T06:00:00.538Z] 2025-08-25 08:00:00 [CLIENT DISCORD] 🕒 Version distante : 2.1.2
[2025-08-25T06:00:00.540Z] [INFO] 2025-08-25 08:00:00 [ℹ️ INFO NOTIFY] ✅ Les versions sont identiques.
[2025-08-25T06:00:00.803Z] [NOTIFY] 2025-08-25 08:00:00 [🟢 SOFT NOTIFY] Message DIV supprimé
[2025-08-25T06:00:01.055Z] [NOTIFY] 2025-08-25 08:00:01 [🟢 SOFT NOTIFY] Message TABS supprimé
[2025-08-25T06:00:04.079Z] 2025-08-25 08:00:04 [CLIENT DISCORD] [✅] Hiérarchie DIV envoyée.
[2025-08-25T06:00:04.081Z] 2025-08-25 08:00:04 [CLIENT DISCORD] [Cron] 🕒 Fin de la régénération automatique de la hiérarchie.
[2025-08-25T06:00:04.746Z] 2025-08-25 08:00:04 [CLIENT DISCORD] [✅] Hiérarchie TABS envoyée.
[2025-08-25T06:00:04.749Z] 2025-08-25 08:00:04 [CLIENT DISCORD] [Cron] 🕒 Fin de la régénération automatique de la hiérarchie.
[2025-08-25T14:00:00.121Z] 2025-08-25 16:00:00 [CLIENT DISCORD] [32m🌇 Tâches du soir exécutées ![39m
[2025-08-25T14:00:00.131Z] 2025-08-25 16:00:00 [CLIENT DISCORD] [Cron] 🕒 Démarrage de la régénération automatique de la hiérarchie (tabs)...
[2025-08-25T14:00:00.133Z] 2025-08-25 16:00:00 [CLIENT DISCORD] [Cron] 🕒 Démarrage de la régénération automatique de la hiérarchie... (div)
[2025-08-25T14:00:00.138Z] 2025-08-25 16:00:00 [CLIENT DISCORD] 🔍 Vérification des règles...
[2025-08-25T14:00:00.150Z] 2025-08-25 16:00:00 [DEBUG] 📦 Checking version from local...
[2025-08-25T14:00:00.152Z] 2025-08-25 16:00:00 [CLIENT DISCORD] 📦 Nom : catherine
[2025-08-25T14:00:00.153Z] 2025-08-25 16:00:00 [CLIENT DISCORD] 🕒 Version locale : 2.1.2
[2025-08-25T14:00:00.154Z] 2025-08-25 16:00:00 [DEBUG] 🌐 Checking version from GitHub...
[2025-08-25T14:00:00.181Z] 2025-08-25 16:00:00 [CLIENT DISCORD] ✅ rules_1.txt inchangé, pas de mise à jour.
[2025-08-25T14:00:00.184Z] 2025-08-25 16:00:00 [CLIENT DISCORD] ✅ rules_2.txt inchangé, pas de mise à jour.
[2025-08-25T14:00:00.185Z] 2025-08-25 16:00:00 [CLIENT DISCORD] ✅ Vérification des règles terminée.
[2025-08-25T14:00:00.276Z] 2025-08-25 16:00:00 [CLIENT DISCORD] [EXPORT] access.json mis à jour avec 13 exécutif(s), 3 superviseur(s) et 2 commandement(s)
[2025-08-25T14:00:00.431Z] 2025-08-25 16:00:00 [CLIENT DISCORD] 📦 Nom GitHub : catherine
[2025-08-25T14:00:00.432Z] 2025-08-25 16:00:00 [CLIENT DISCORD] 🕒 Version distante : 2.1.2
[2025-08-25T14:00:00.433Z] [INFO] 2025-08-25 16:00:00 [ℹ️ INFO NOTIFY] ✅ Les versions sont identiques.
[2025-08-25T14:00:00.462Z] [NOTIFY] 2025-08-25 16:00:00 [🟢 SOFT NOTIFY] Message DIV supprimé
[2025-08-25T14:00:00.944Z] [NOTIFY] 2025-08-25 16:00:00 [🟢 SOFT NOTIFY] Message TABS supprimé
[2025-08-25T14:00:04.224Z] 2025-08-25 16:00:04 [CLIENT DISCORD] [✅] Hiérarchie DIV envoyée.
[2025-08-25T14:00:04.227Z] 2025-08-25 16:00:04 [CLIENT DISCORD] [Cron] 🕒 Fin de la régénération automatique de la hiérarchie.
[2025-08-25T14:00:04.733Z] 2025-08-25 16:00:04 [CLIENT DISCORD] [✅] Hiérarchie TABS envoyée.
[2025-08-25T14:00:04.735Z] 2025-08-25 16:00:04 [CLIENT DISCORD] [Cron] 🕒 Fin de la régénération automatique de la hiérarchie.
[2025-08-25T18:43:29.087Z] 2025-08-25 20:43:29 [CLIENT DISCORD] [94m[MESSAGE_SENT][39m [32mkeegan_rp[39m [0ma envoyé[0m [32m:-[39m [0mdans[0m [32mmod_keeganrp[39m
[2025-08-25T18:43:30.517Z] 2025-08-25 20:43:30 [CLIENT DISCORD] [MESSAGE UPDATED] keegan_rp a modifié un message dans #mod_keeganrp: ":-" → "🙁"
[2025-08-25T18:43:36.985Z] 2025-08-25 20:43:36 [CLIENT DISCORD] [94m[MESSAGE_SENT][39m [32mkeegan_rp[39m [0ma envoyé[0m [32mL'ouverture du serveur en tant que tél, c'est ce soir[39m [0mdans[0m [32mmod_keeganrp[39m
