[2025-08-10T03:00:00.145Z] 2025-08-10 05:00:00 [CLIENT DISCORD] [32m🌙 Tâches de la nuit exécutées ![39m
[2025-08-10T03:00:00.176Z] 2025-08-10 05:00:00 [DEBUG] 📦 Checking version from local...
[2025-08-10T03:00:00.178Z] 2025-08-10 05:00:00 [CLIENT DISCORD] 📦 Nom : catherine
[2025-08-10T03:00:00.179Z] 2025-08-10 05:00:00 [CLIENT DISCORD] 🕒 Version locale : 2.1.2
[2025-08-10T03:00:00.180Z] 2025-08-10 05:00:00 [DEBUG] 🌐 Checking version from GitHub...
[2025-08-10T03:00:00.186Z] 2025-08-10 05:00:00 [WARN] [REBOOT] Attention, Catherine redémarre (checker les logs). Instruction reboot.js
[2025-08-10T03:00:08.349Z] 2025-08-10 05:00:08 [CLIENT DISCORD] Les modules [32mloggers[39m ont correctement été exportés.
[2025-08-10T03:00:08.401Z] [EVENT] 2025-08-10 05:00:08 [📅 EVENT NOTIFY] Chargé : guildBanAdd
[2025-08-10T03:00:08.403Z] [EVENT] 2025-08-10 05:00:08 [📅 EVENT NOTIFY] Chargé : guildBanRemove
[2025-08-10T03:00:08.405Z] [EVENT] 2025-08-10 05:00:08 [📅 EVENT NOTIFY] Chargé : guildMemberAdd
[2025-08-10T03:00:08.408Z] [EVENT] 2025-08-10 05:00:08 [📅 EVENT NOTIFY] Chargé : guildMemberRemove
[2025-08-10T03:00:08.411Z] 2025-08-10 05:00:08 [CLIENT DISCORD] Les modules  [32mutils.js[39m [0m ont correctement été exporté.[0m
[2025-08-10T03:00:09.516Z] 2025-08-10 05:00:09 [CLIENT DISCORD] L'interaction  [32mbuttons.js[39m [0m ont correctement été exporté.[0m
[2025-08-10T03:00:09.962Z] 2025-08-10 05:00:09 [CLIENT DISCORD] L'interaction  [32mmodals.js[39m [0m ont correctement été exporté.[0m
[2025-08-10T03:00:09.965Z] [EVENT] 2025-08-10 05:00:09 [📅 EVENT NOTIFY] Chargé : interactionCreate
[2025-08-10T03:00:09.968Z] [EVENT] 2025-08-10 05:00:09 [📅 EVENT NOTIFY] Chargé : messageCreate
[2025-08-10T03:00:09.971Z] [EVENT] 2025-08-10 05:00:09 [📅 EVENT NOTIFY] Chargé : messageDelete
[2025-08-10T03:00:09.973Z] [EVENT] 2025-08-10 05:00:09 [📅 EVENT NOTIFY] Chargé : messageUpdate
[2025-08-10T03:00:10.014Z] 2025-08-10 05:00:10 [CLIENT DISCORD] Les modules  [32mcommands.js[39m [0m ont correctement été exporté.[0m
[2025-08-10T03:00:10.042Z] [EVENT] 2025-08-10 05:00:10 [📅 EVENT NOTIFY] Chargé : ready
[2025-08-10T03:00:10.043Z] [EVENT] 2025-08-10 05:00:10 [📅 EVENT NOTIFY] Chargé : voiceStateUpdate
[2025-08-10T03:00:10.051Z] [COMMANDS] 2025-08-10 05:00:10 [📌 COMMANDS NOTIFY] Chargée : ban
[2025-08-10T03:00:10.053Z] [COMMANDS] 2025-08-10 05:00:10 [📌 COMMANDS NOTIFY] Chargée : clear
[2025-08-10T03:00:10.055Z] [COMMANDS] 2025-08-10 05:00:10 [📌 COMMANDS NOTIFY] Chargée : createreport
[2025-08-10T03:00:10.058Z] [COMMANDS] 2025-08-10 05:00:10 [📌 COMMANDS NOTIFY] Chargée : div
[2025-08-10T03:00:10.061Z] [COMMANDS] 2025-08-10 05:00:10 [📌 COMMANDS NOTIFY] Chargée : help
[2025-08-10T03:00:10.064Z] [COMMANDS] 2025-08-10 05:00:10 [📌 COMMANDS NOTIFY] Chargée : info
[2025-08-10T03:00:10.066Z] [COMMANDS] 2025-08-10 05:00:10 [📌 COMMANDS NOTIFY] Chargée : infoshift
[2025-08-10T03:00:10.069Z] [COMMANDS] 2025-08-10 05:00:10 [📌 COMMANDS NOTIFY] Chargée : kick
[2025-08-10T03:00:10.072Z] [COMMANDS] 2025-08-10 05:00:10 [📌 COMMANDS NOTIFY] Chargée : mute
[2025-08-10T03:00:10.075Z] [COMMANDS] 2025-08-10 05:00:10 [📌 COMMANDS NOTIFY] Chargée : openservice
[2025-08-10T03:00:10.078Z] [COMMANDS] 2025-08-10 05:00:10 [📌 COMMANDS NOTIFY] Chargée : pex
[2025-08-10T03:00:10.100Z] [COMMANDS] 2025-08-10 05:00:10 [📌 COMMANDS NOTIFY] Chargée : play
[2025-08-10T03:00:10.103Z] [COMMANDS] 2025-08-10 05:00:10 [📌 COMMANDS NOTIFY] Chargée : promote
[2025-08-10T03:00:10.107Z] [COMMANDS] 2025-08-10 05:00:10 [📌 COMMANDS NOTIFY] Chargée : recruit
[2025-08-10T03:00:10.109Z] [COMMANDS] 2025-08-10 05:00:10 [📌 COMMANDS NOTIFY] Chargée : rename
[2025-08-10T03:00:10.111Z] [COMMANDS] 2025-08-10 05:00:10 [📌 COMMANDS NOTIFY] Chargée : role
[2025-08-10T03:00:10.114Z] [COMMANDS] 2025-08-10 05:00:10 [📌 COMMANDS NOTIFY] Chargée : send
[2025-08-10T03:00:10.117Z] [COMMANDS] 2025-08-10 05:00:10 [📌 COMMANDS NOTIFY] Chargée : shift
[2025-08-10T03:00:10.123Z] [COMMANDS] 2025-08-10 05:00:10 [📌 COMMANDS NOTIFY] Chargée : ticket
[2025-08-10T03:00:10.128Z] [COMMANDS] 2025-08-10 05:00:10 [📌 COMMANDS NOTIFY] Chargée : userinfo
[2025-08-10T03:00:10.131Z] [COMMANDS] 2025-08-10 05:00:10 [📌 COMMANDS NOTIFY] Chargée : warn
[2025-08-10T03:00:10.140Z] 2025-08-10 05:00:10 [CLIENT DISCORD] [42m[30mChargement des informations du package.[39m[49m
[42m[30m[39m[49m [46m[PACKAGE][49m [32mAuth. : François 🌸[39m
[32m[39m [46m[PACKAGE][49m [32mDepd. : axios, chalk, cron, discord-html-transcripts, discord-player, discord.js, distube, dotenv, express, express-session, form-data, fs, googleapis, luxon, node-cron, node-fetch, ora, patch, path, pdf-lib, pdfkit, play-dl, readline, rl, uuid[39m
[32m[39m [46m[PACKAGE][49m [32mDesc. : Official Bot Catherine for 911 Community.[39m
[32m[39m [46m[PACKAGE][49m [32mLisc. : ISC[39m
[32m[39m [46m[PACKAGE][49m [32mMain. : index.js[39m
[32m[39m [46m[PACKAGE][49m [32mName. : catherine[39m
[32m[39m [46m[PACKAGE][49m [32mScrp. : {"test":"echo \"Error: no test specified\" && exit 1","start":"node server.js"}[39m
[32m[39m [46m[PACKAGE][49m [32mVers. : 2.1.2[39m
[32m[39m [46m[PACKAGE][49m [32mPatch Note. : **[PN - 07/06]** *Passage 2.0 with new patch (shift, tabs... new commands handler)*[39m
[32m[39m
[2025-08-10T03:00:11.086Z] 2025-08-10 05:00:11 [DEBUG] 📦 Checking version from local...
[2025-08-10T03:00:11.087Z] 2025-08-10 05:00:11 [CLIENT DISCORD] 📦 Nom : catherine
[2025-08-10T03:00:11.088Z] 2025-08-10 05:00:11 [CLIENT DISCORD] 🕒 Version locale : 2.1.2
[2025-08-10T03:00:11.089Z] 2025-08-10 05:00:11 [DEBUG] 🌐 Checking version from GitHub...
[2025-08-10T03:00:11.313Z] 2025-08-10 05:00:11 [CLIENT DISCORD] 📦 Nom GitHub : catherine
[2025-08-10T03:00:11.314Z] 2025-08-10 05:00:11 [CLIENT DISCORD] 🕒 Version distante : 2.1.2
[2025-08-10T03:00:11.315Z] [INFO] 2025-08-10 05:00:11 [ℹ️ INFO NOTIFY] ✅ Les versions sont identiques.
[2025-08-10T03:00:11.316Z] 2025-08-10 05:00:11 [CLIENT DISCORD] [34m==============================[39m
[2025-08-10T03:00:11.318Z] 2025-08-10 05:00:11 [CLIENT DISCORD] [32m🚀 Démarrage du bot...[39m
[2025-08-10T03:00:11.319Z] 2025-08-10 05:00:11 [CLIENT DISCORD] [33m🔗 Connexion à Discord API...[39m
[2025-08-10T03:00:11.320Z] 2025-08-10 05:00:11 [CLIENT DISCORD] [36m✅ Bot RP en ligne ! Connecté en tant que 293 | Catherine#8045[39m
[2025-08-10T03:00:11.321Z] 2025-08-10 05:00:11 [CLIENT DISCORD] [34m==============================[39m
[34m[39m
[2025-08-10T03:00:11.339Z] 2025-08-10 05:00:11 [CLIENT DISCORD] [player] Initialisation du Player terminée.
[2025-08-10T03:00:11.345Z] 2025-08-10 05:00:11 [CLIENT DISCORD] [player] Extracteurs chargés avec succès.
[2025-08-10T03:00:11.347Z] 2025-08-10 05:00:11 [CLIENT DISCORD] 📥 Serveur trouvé : Georgia State Police (GSP)
[2025-08-10T03:00:11.543Z] 2025-08-10 05:00:11 [CLIENT DISCORD] 🔍 Commandes déjà présentes : play, rules, createreport, div, role, info, pex, openservice, infoshift, recruit, help, ban, ticket, shutdown, userinfo, send, clear, kick, warn, mute, rename, shift, promote
[2025-08-10T03:00:11.547Z] 2025-08-10 05:00:11 [WARN] ⚠️ Les commandes sont déjà enregistrées. Lance avec 'debug' pour forcer l'écrasement.
[2025-08-10T03:00:11.549Z] 2025-08-10 05:00:11 [CLIENT DISCORD] 🎮 Statut et activité mis à jour.
[2025-08-10T03:00:11.550Z] 2025-08-10 05:00:11 [CLIENT DISCORD] 📌 Mode de lancement : [33mAucun[39m
[2025-08-10T03:00:11.551Z] 2025-08-10 05:00:11 [CLIENT DISCORD] ✅ Bot prêt en tant que 293 | Catherine#8045
[2025-08-10T06:00:00.148Z] 2025-08-10 08:00:00 [CLIENT DISCORD] [32m🌅 Tâches du matin exécutées ![39m
[2025-08-10T06:00:00.173Z] 2025-08-10 08:00:00 [CLIENT DISCORD] [Cron] 🕒 Démarrage de la régénération automatique de la hiérarchie (tabs)...
[2025-08-10T06:00:00.179Z] 2025-08-10 08:00:00 [CLIENT DISCORD] [Cron] 🕒 Démarrage de la régénération automatique de la hiérarchie... (div)
[2025-08-10T06:00:00.184Z] 2025-08-10 08:00:00 [CLIENT DISCORD] 🔍 Vérification des règles...
[2025-08-10T06:00:00.197Z] 2025-08-10 08:00:00 [DEBUG] 📦 Checking version from local...
[2025-08-10T06:00:00.201Z] 2025-08-10 08:00:00 [CLIENT DISCORD] 📦 Nom : catherine
[2025-08-10T06:00:00.202Z] 2025-08-10 08:00:00 [CLIENT DISCORD] 🕒 Version locale : 2.1.2
[2025-08-10T06:00:00.202Z] 2025-08-10 08:00:00 [DEBUG] 🌐 Checking version from GitHub...
[2025-08-10T06:00:00.250Z] 2025-08-10 08:00:00 [CLIENT DISCORD] ✅ rules_1.txt inchangé, pas de mise à jour.
[2025-08-10T06:00:00.252Z] 2025-08-10 08:00:00 [CLIENT DISCORD] ✅ rules_2.txt inchangé, pas de mise à jour.
[2025-08-10T06:00:00.252Z] 2025-08-10 08:00:00 [CLIENT DISCORD] ✅ Vérification des règles terminée.
[2025-08-10T06:00:00.337Z] 2025-08-10 08:00:00 [CLIENT DISCORD] [EXPORT] access.json mis à jour avec 13 exécutif(s), 3 superviseur(s) et 2 commandement(s)
[2025-08-10T06:00:00.504Z] 2025-08-10 08:00:00 [CLIENT DISCORD] 📦 Nom GitHub : catherine
[2025-08-10T06:00:00.504Z] 2025-08-10 08:00:00 [CLIENT DISCORD] 🕒 Version distante : 2.1.2
[2025-08-10T06:00:00.505Z] [INFO] 2025-08-10 08:00:00 [ℹ️ INFO NOTIFY] ✅ Les versions sont identiques.
[2025-08-10T06:00:00.697Z] [NOTIFY] 2025-08-10 08:00:00 [🟢 SOFT NOTIFY] Message DIV supprimé
[2025-08-10T06:00:00.912Z] [NOTIFY] 2025-08-10 08:00:00 [🟢 SOFT NOTIFY] Message TABS supprimé
[2025-08-10T06:00:01.520Z] 2025-08-10 08:00:01 [CLIENT DISCORD] [✅] Hiérarchie DIV envoyée.
[2025-08-10T06:00:01.521Z] 2025-08-10 08:00:01 [CLIENT DISCORD] [Cron] 🕒 Fin de la régénération automatique de la hiérarchie.
[2025-08-10T06:00:02.106Z] 2025-08-10 08:00:02 [CLIENT DISCORD] [✅] Hiérarchie TABS envoyée.
[2025-08-10T06:00:02.109Z] 2025-08-10 08:00:02 [CLIENT DISCORD] [Cron] 🕒 Fin de la régénération automatique de la hiérarchie.
[2025-08-10T14:00:00.146Z] 2025-08-10 16:00:00 [CLIENT DISCORD] [32m🌇 Tâches du soir exécutées ![39m
[2025-08-10T14:00:00.166Z] 2025-08-10 16:00:00 [CLIENT DISCORD] [Cron] 🕒 Démarrage de la régénération automatique de la hiérarchie (tabs)...
[2025-08-10T14:00:00.170Z] 2025-08-10 16:00:00 [CLIENT DISCORD] [Cron] 🕒 Démarrage de la régénération automatique de la hiérarchie... (div)
[2025-08-10T14:00:00.172Z] 2025-08-10 16:00:00 [CLIENT DISCORD] 🔍 Vérification des règles...
[2025-08-10T14:00:00.183Z] 2025-08-10 16:00:00 [DEBUG] 📦 Checking version from local...
[2025-08-10T14:00:00.188Z] 2025-08-10 16:00:00 [CLIENT DISCORD] 📦 Nom : catherine
[2025-08-10T14:00:00.189Z] 2025-08-10 16:00:00 [CLIENT DISCORD] 🕒 Version locale : 2.1.2
[2025-08-10T14:00:00.190Z] 2025-08-10 16:00:00 [DEBUG] 🌐 Checking version from GitHub...
[2025-08-10T14:00:00.314Z] 2025-08-10 16:00:00 [CLIENT DISCORD] ✅ rules_1.txt inchangé, pas de mise à jour.
[2025-08-10T14:00:00.316Z] 2025-08-10 16:00:00 [CLIENT DISCORD] ✅ rules_2.txt inchangé, pas de mise à jour.
[2025-08-10T14:00:00.317Z] 2025-08-10 16:00:00 [CLIENT DISCORD] ✅ Vérification des règles terminée.
[2025-08-10T14:00:00.387Z] 2025-08-10 16:00:00 [CLIENT DISCORD] [EXPORT] access.json mis à jour avec 13 exécutif(s), 3 superviseur(s) et 2 commandement(s)
[2025-08-10T14:00:00.561Z] 2025-08-10 16:00:00 [CLIENT DISCORD] 📦 Nom GitHub : catherine
[2025-08-10T14:00:00.562Z] 2025-08-10 16:00:00 [CLIENT DISCORD] 🕒 Version distante : 2.1.2
[2025-08-10T14:00:00.564Z] [INFO] 2025-08-10 16:00:00 [ℹ️ INFO NOTIFY] ✅ Les versions sont identiques.
[2025-08-10T14:00:00.595Z] [NOTIFY] 2025-08-10 16:00:00 [🟢 SOFT NOTIFY] Message DIV supprimé
[2025-08-10T14:00:00.870Z] [NOTIFY] 2025-08-10 16:00:00 [🟢 SOFT NOTIFY] Message TABS supprimé
[2025-08-10T14:00:02.043Z] 2025-08-10 16:00:02 [CLIENT DISCORD] [✅] Hiérarchie DIV envoyée.
[2025-08-10T14:00:02.044Z] 2025-08-10 16:00:02 [CLIENT DISCORD] [Cron] 🕒 Fin de la régénération automatique de la hiérarchie.
[2025-08-10T14:00:02.345Z] 2025-08-10 16:00:02 [CLIENT DISCORD] [✅] Hiérarchie TABS envoyée.
[2025-08-10T14:00:02.345Z] 2025-08-10 16:00:02 [CLIENT DISCORD] [Cron] 🕒 Fin de la régénération automatique de la hiérarchie.
