[2025-08-14T03:00:00.199Z] 2025-08-14 05:00:00 [CLIENT DISCORD] [32m🌙 Tâches de la nuit exécutées ![39m
[2025-08-14T03:00:00.241Z] 2025-08-14 05:00:00 [DEBUG] 📦 Checking version from local...
[2025-08-14T03:00:00.244Z] 2025-08-14 05:00:00 [CLIENT DISCORD] 📦 Nom : catherine
[2025-08-14T03:00:00.245Z] 2025-08-14 05:00:00 [CLIENT DISCORD] 🕒 Version locale : 2.1.2
[2025-08-14T03:00:00.246Z] 2025-08-14 05:00:00 [DEBUG] 🌐 Checking version from GitHub...
[2025-08-14T03:00:00.284Z] 2025-08-14 05:00:00 [WARN] [REBOOT] Attention, Catherine redémarre (checker les logs). Instruction reboot.js
[2025-08-14T03:00:09.098Z] 2025-08-14 05:00:08 [CLIENT DISCORD] Les modules [32mloggers[39m ont correctement été exportés.
[2025-08-14T03:00:09.137Z] [EVENT] 2025-08-14 05:00:09 [📅 EVENT NOTIFY] Chargé : guildBanAdd
[2025-08-14T03:00:09.140Z] [EVENT] 2025-08-14 05:00:09 [📅 EVENT NOTIFY] Chargé : guildBanRemove
[2025-08-14T03:00:09.142Z] [EVENT] 2025-08-14 05:00:09 [📅 EVENT NOTIFY] Chargé : guildMemberAdd
[2025-08-14T03:00:09.144Z] [EVENT] 2025-08-14 05:00:09 [📅 EVENT NOTIFY] Chargé : guildMemberRemove
[2025-08-14T03:00:09.148Z] 2025-08-14 05:00:09 [CLIENT DISCORD] Les modules  [32mutils.js[39m [0m ont correctement été exporté.[0m
[2025-08-14T03:00:10.017Z] 2025-08-14 05:00:10 [CLIENT DISCORD] L'interaction  [32mbuttons.js[39m [0m ont correctement été exporté.[0m
[2025-08-14T03:00:10.175Z] 2025-08-14 05:00:10 [CLIENT DISCORD] L'interaction  [32mmodals.js[39m [0m ont correctement été exporté.[0m
[2025-08-14T03:00:10.178Z] [EVENT] 2025-08-14 05:00:10 [📅 EVENT NOTIFY] Chargé : interactionCreate
[2025-08-14T03:00:10.180Z] [EVENT] 2025-08-14 05:00:10 [📅 EVENT NOTIFY] Chargé : messageCreate
[2025-08-14T03:00:10.183Z] [EVENT] 2025-08-14 05:00:10 [📅 EVENT NOTIFY] Chargé : messageDelete
[2025-08-14T03:00:10.185Z] [EVENT] 2025-08-14 05:00:10 [📅 EVENT NOTIFY] Chargé : messageUpdate
[2025-08-14T03:00:10.221Z] 2025-08-14 05:00:10 [CLIENT DISCORD] Les modules  [32mcommands.js[39m [0m ont correctement été exporté.[0m
[2025-08-14T03:00:10.234Z] [EVENT] 2025-08-14 05:00:10 [📅 EVENT NOTIFY] Chargé : ready
[2025-08-14T03:00:10.235Z] [EVENT] 2025-08-14 05:00:10 [📅 EVENT NOTIFY] Chargé : voiceStateUpdate
[2025-08-14T03:00:10.239Z] [COMMANDS] 2025-08-14 05:00:10 [📌 COMMANDS NOTIFY] Chargée : ban
[2025-08-14T03:00:10.240Z] [COMMANDS] 2025-08-14 05:00:10 [📌 COMMANDS NOTIFY] Chargée : clear
[2025-08-14T03:00:10.242Z] [COMMANDS] 2025-08-14 05:00:10 [📌 COMMANDS NOTIFY] Chargée : createreport
[2025-08-14T03:00:10.244Z] [COMMANDS] 2025-08-14 05:00:10 [📌 COMMANDS NOTIFY] Chargée : div
[2025-08-14T03:00:10.245Z] [COMMANDS] 2025-08-14 05:00:10 [📌 COMMANDS NOTIFY] Chargée : help
[2025-08-14T03:00:10.247Z] [COMMANDS] 2025-08-14 05:00:10 [📌 COMMANDS NOTIFY] Chargée : info
[2025-08-14T03:00:10.249Z] [COMMANDS] 2025-08-14 05:00:10 [📌 COMMANDS NOTIFY] Chargée : infoshift
[2025-08-14T03:00:10.251Z] [COMMANDS] 2025-08-14 05:00:10 [📌 COMMANDS NOTIFY] Chargée : kick
[2025-08-14T03:00:10.252Z] [COMMANDS] 2025-08-14 05:00:10 [📌 COMMANDS NOTIFY] Chargée : mute
[2025-08-14T03:00:10.254Z] [COMMANDS] 2025-08-14 05:00:10 [📌 COMMANDS NOTIFY] Chargée : openservice
[2025-08-14T03:00:10.256Z] [COMMANDS] 2025-08-14 05:00:10 [📌 COMMANDS NOTIFY] Chargée : pex
[2025-08-14T03:00:10.266Z] [COMMANDS] 2025-08-14 05:00:10 [📌 COMMANDS NOTIFY] Chargée : play
[2025-08-14T03:00:10.268Z] [COMMANDS] 2025-08-14 05:00:10 [📌 COMMANDS NOTIFY] Chargée : promote
[2025-08-14T03:00:10.270Z] [COMMANDS] 2025-08-14 05:00:10 [📌 COMMANDS NOTIFY] Chargée : recruit
[2025-08-14T03:00:10.272Z] [COMMANDS] 2025-08-14 05:00:10 [📌 COMMANDS NOTIFY] Chargée : rename
[2025-08-14T03:00:10.274Z] [COMMANDS] 2025-08-14 05:00:10 [📌 COMMANDS NOTIFY] Chargée : role
[2025-08-14T03:00:10.276Z] [COMMANDS] 2025-08-14 05:00:10 [📌 COMMANDS NOTIFY] Chargée : send
[2025-08-14T03:00:10.279Z] [COMMANDS] 2025-08-14 05:00:10 [📌 COMMANDS NOTIFY] Chargée : shift
[2025-08-14T03:00:10.283Z] [COMMANDS] 2025-08-14 05:00:10 [📌 COMMANDS NOTIFY] Chargée : ticket
[2025-08-14T03:00:10.287Z] [COMMANDS] 2025-08-14 05:00:10 [📌 COMMANDS NOTIFY] Chargée : userinfo
[2025-08-14T03:00:10.289Z] [COMMANDS] 2025-08-14 05:00:10 [📌 COMMANDS NOTIFY] Chargée : warn
[2025-08-14T03:00:10.295Z] 2025-08-14 05:00:10 [CLIENT DISCORD] [42m[30mChargement des informations du package.[39m[49m
[42m[30m[39m[49m [46m[PACKAGE][49m [32mAuth. : François 🌸[39m
[32m[39m [46m[PACKAGE][49m [32mDepd. : axios, chalk, cron, discord-html-transcripts, discord-player, discord.js, distube, dotenv, express, express-session, form-data, fs, googleapis, luxon, node-cron, node-fetch, ora, patch, path, pdf-lib, pdfkit, play-dl, readline, rl, uuid[39m
[32m[39m [46m[PACKAGE][49m [32mDesc. : Official Bot Catherine for 911 Community.[39m
[32m[39m [46m[PACKAGE][49m [32mLisc. : ISC[39m
[32m[39m [46m[PACKAGE][49m [32mMain. : index.js[39m
[32m[39m [46m[PACKAGE][49m [32mName. : catherine[39m
[32m[39m [46m[PACKAGE][49m [32mScrp. : {"test":"echo \"Error: no test specified\" && exit 1","start":"node server.js"}[39m
[32m[39m [46m[PACKAGE][49m [32mVers. : 2.1.2[39m
[32m[39m [46m[PACKAGE][49m [32mPatch Note. : **[PN - 07/06]** *Passage 2.0 with new patch (shift, tabs... new commands handler)*[39m
[32m[39m
[2025-08-14T03:00:11.137Z] 2025-08-14 05:00:11 [DEBUG] 📦 Checking version from local...
[2025-08-14T03:00:11.138Z] 2025-08-14 05:00:11 [CLIENT DISCORD] 📦 Nom : catherine
[2025-08-14T03:00:11.138Z] 2025-08-14 05:00:11 [CLIENT DISCORD] 🕒 Version locale : 2.1.2
[2025-08-14T03:00:11.138Z] 2025-08-14 05:00:11 [DEBUG] 🌐 Checking version from GitHub...
[2025-08-14T03:00:11.394Z] 2025-08-14 05:00:11 [CLIENT DISCORD] 📦 Nom GitHub : catherine
[2025-08-14T03:00:11.395Z] 2025-08-14 05:00:11 [CLIENT DISCORD] 🕒 Version distante : 2.1.2
[2025-08-14T03:00:11.396Z] [INFO] 2025-08-14 05:00:11 [ℹ️ INFO NOTIFY] ✅ Les versions sont identiques.
[2025-08-14T03:00:11.396Z] 2025-08-14 05:00:11 [CLIENT DISCORD] [34m==============================[39m
[2025-08-14T03:00:11.396Z] 2025-08-14 05:00:11 [CLIENT DISCORD] [32m🚀 Démarrage du bot...[39m
[2025-08-14T03:00:11.396Z] 2025-08-14 05:00:11 [CLIENT DISCORD] [33m🔗 Connexion à Discord API...[39m
[2025-08-14T03:00:11.397Z] 2025-08-14 05:00:11 [CLIENT DISCORD] [36m✅ Bot RP en ligne ! Connecté en tant que 293 | Catherine#8045[39m
[2025-08-14T03:00:11.397Z] 2025-08-14 05:00:11 [CLIENT DISCORD] [34m==============================[39m
[34m[39m
[2025-08-14T03:00:11.409Z] 2025-08-14 05:00:11 [CLIENT DISCORD] [player] Initialisation du Player terminée.
[2025-08-14T03:00:11.412Z] 2025-08-14 05:00:11 [CLIENT DISCORD] [player] Extracteurs chargés avec succès.
[2025-08-14T03:00:11.413Z] 2025-08-14 05:00:11 [CLIENT DISCORD] 📥 Serveur trouvé : Georgia State Police (GSP)
[2025-08-14T03:00:11.745Z] 2025-08-14 05:00:11 [CLIENT DISCORD] 🔍 Commandes déjà présentes : play, rules, createreport, div, role, info, pex, openservice, infoshift, recruit, help, ban, ticket, shutdown, userinfo, send, clear, kick, warn, mute, rename, shift, promote
[2025-08-14T03:00:11.748Z] 2025-08-14 05:00:11 [WARN] ⚠️ Les commandes sont déjà enregistrées. Lance avec 'debug' pour forcer l'écrasement.
[2025-08-14T03:00:11.749Z] 2025-08-14 05:00:11 [CLIENT DISCORD] 🎮 Statut et activité mis à jour.
[2025-08-14T03:00:11.750Z] 2025-08-14 05:00:11 [CLIENT DISCORD] 📌 Mode de lancement : [33mAucun[39m
[2025-08-14T03:00:11.751Z] 2025-08-14 05:00:11 [CLIENT DISCORD] ✅ Bot prêt en tant que 293 | Catherine#8045
[2025-08-14T06:00:00.230Z] 2025-08-14 08:00:00 [CLIENT DISCORD] [32m🌅 Tâches du matin exécutées ![39m
[2025-08-14T06:00:00.273Z] 2025-08-14 08:00:00 [CLIENT DISCORD] [Cron] 🕒 Démarrage de la régénération automatique de la hiérarchie (tabs)...
[2025-08-14T06:00:00.286Z] 2025-08-14 08:00:00 [CLIENT DISCORD] [Cron] 🕒 Démarrage de la régénération automatique de la hiérarchie... (div)
[2025-08-14T06:00:00.292Z] 2025-08-14 08:00:00 [CLIENT DISCORD] 🔍 Vérification des règles...
[2025-08-14T06:00:00.316Z] 2025-08-14 08:00:00 [DEBUG] 📦 Checking version from local...
[2025-08-14T06:00:00.319Z] 2025-08-14 08:00:00 [CLIENT DISCORD] 📦 Nom : catherine
[2025-08-14T06:00:00.320Z] 2025-08-14 08:00:00 [CLIENT DISCORD] 🕒 Version locale : 2.1.2
[2025-08-14T06:00:00.321Z] 2025-08-14 08:00:00 [DEBUG] 🌐 Checking version from GitHub...
[2025-08-14T06:00:00.437Z] 2025-08-14 08:00:00 [CLIENT DISCORD] ✅ rules_1.txt inchangé, pas de mise à jour.
[2025-08-14T06:00:00.439Z] 2025-08-14 08:00:00 [CLIENT DISCORD] ✅ rules_2.txt inchangé, pas de mise à jour.
[2025-08-14T06:00:00.441Z] 2025-08-14 08:00:00 [CLIENT DISCORD] ✅ Vérification des règles terminée.
[2025-08-14T06:00:00.511Z] 2025-08-14 08:00:00 [CLIENT DISCORD] [EXPORT] access.json mis à jour avec 13 exécutif(s), 3 superviseur(s) et 2 commandement(s)
[2025-08-14T06:00:00.682Z] 2025-08-14 08:00:00 [CLIENT DISCORD] 📦 Nom GitHub : catherine
[2025-08-14T06:00:00.683Z] 2025-08-14 08:00:00 [CLIENT DISCORD] 🕒 Version distante : 2.1.2
[2025-08-14T06:00:00.685Z] [INFO] 2025-08-14 08:00:00 [ℹ️ INFO NOTIFY] ✅ Les versions sont identiques.
[2025-08-14T06:00:01.076Z] [NOTIFY] 2025-08-14 08:00:01 [🟢 SOFT NOTIFY] Message DIV supprimé
[2025-08-14T06:00:01.384Z] [NOTIFY] 2025-08-14 08:00:01 [🟢 SOFT NOTIFY] Message TABS supprimé
[2025-08-14T06:00:05.983Z] 2025-08-14 08:00:05 [CLIENT DISCORD] [✅] Hiérarchie DIV envoyée.
[2025-08-14T06:00:05.984Z] 2025-08-14 08:00:05 [CLIENT DISCORD] [Cron] 🕒 Fin de la régénération automatique de la hiérarchie.
[2025-08-14T06:00:06.331Z] 2025-08-14 08:00:06 [CLIENT DISCORD] [✅] Hiérarchie TABS envoyée.
[2025-08-14T06:00:06.337Z] 2025-08-14 08:00:06 [CLIENT DISCORD] [Cron] 🕒 Fin de la régénération automatique de la hiérarchie.
[2025-08-14T14:00:00.135Z] 2025-08-14 16:00:00 [CLIENT DISCORD] [32m🌇 Tâches du soir exécutées ![39m
[2025-08-14T14:00:00.155Z] 2025-08-14 16:00:00 [CLIENT DISCORD] [Cron] 🕒 Démarrage de la régénération automatique de la hiérarchie (tabs)...
[2025-08-14T14:00:00.160Z] 2025-08-14 16:00:00 [CLIENT DISCORD] [Cron] 🕒 Démarrage de la régénération automatique de la hiérarchie... (div)
[2025-08-14T14:00:00.162Z] 2025-08-14 16:00:00 [CLIENT DISCORD] 🔍 Vérification des règles...
[2025-08-14T14:00:00.169Z] 2025-08-14 16:00:00 [DEBUG] 📦 Checking version from local...
[2025-08-14T14:00:00.171Z] 2025-08-14 16:00:00 [CLIENT DISCORD] 📦 Nom : catherine
[2025-08-14T14:00:00.172Z] 2025-08-14 16:00:00 [CLIENT DISCORD] 🕒 Version locale : 2.1.2
[2025-08-14T14:00:00.173Z] 2025-08-14 16:00:00 [DEBUG] 🌐 Checking version from GitHub...
[2025-08-14T14:00:00.229Z] 2025-08-14 16:00:00 [CLIENT DISCORD] ✅ rules_1.txt inchangé, pas de mise à jour.
[2025-08-14T14:00:00.230Z] 2025-08-14 16:00:00 [CLIENT DISCORD] ✅ rules_2.txt inchangé, pas de mise à jour.
[2025-08-14T14:00:00.230Z] 2025-08-14 16:00:00 [CLIENT DISCORD] ✅ Vérification des règles terminée.
[2025-08-14T14:00:00.306Z] 2025-08-14 16:00:00 [CLIENT DISCORD] [EXPORT] access.json mis à jour avec 13 exécutif(s), 3 superviseur(s) et 2 commandement(s)
[2025-08-14T14:00:00.470Z] 2025-08-14 16:00:00 [CLIENT DISCORD] 📦 Nom GitHub : catherine
[2025-08-14T14:00:00.470Z] 2025-08-14 16:00:00 [CLIENT DISCORD] 🕒 Version distante : 2.1.2
[2025-08-14T14:00:00.471Z] [INFO] 2025-08-14 16:00:00 [ℹ️ INFO NOTIFY] ✅ Les versions sont identiques.
[2025-08-14T14:00:00.574Z] [NOTIFY] 2025-08-14 16:00:00 [🟢 SOFT NOTIFY] Message DIV supprimé
[2025-08-14T14:00:00.880Z] [NOTIFY] 2025-08-14 16:00:00 [🟢 SOFT NOTIFY] Message TABS supprimé
[2025-08-14T14:00:05.178Z] 2025-08-14 16:00:05 [CLIENT DISCORD] [✅] Hiérarchie DIV envoyée.
[2025-08-14T14:00:05.180Z] 2025-08-14 16:00:05 [CLIENT DISCORD] [Cron] 🕒 Fin de la régénération automatique de la hiérarchie.
[2025-08-14T14:00:05.483Z] 2025-08-14 16:00:05 [CLIENT DISCORD] [✅] Hiérarchie TABS envoyée.
[2025-08-14T14:00:05.485Z] 2025-08-14 16:00:05 [CLIENT DISCORD] [Cron] 🕒 Fin de la régénération automatique de la hiérarchie.
