[2025-07-22T03:00:00.153Z] 2025-07-22 05:00:00 [CLIENT DISCORD] [32m🌙 Tâches de la nuit exécutées ![39m
[2025-07-22T03:00:00.191Z] 2025-07-22 05:00:00 [DEBUG] 📦 Checking version from local...
[2025-07-22T03:00:00.193Z] 2025-07-22 05:00:00 [CLIENT DISCORD] 📦 Nom : catherine
[2025-07-22T03:00:00.194Z] 2025-07-22 05:00:00 [CLIENT DISCORD] 🕒 Version locale : 2.1.2
[2025-07-22T03:00:00.195Z] 2025-07-22 05:00:00 [DEBUG] 🌐 Checking version from GitHub...
[2025-07-22T03:00:00.203Z] 2025-07-22 05:00:00 [WARN] [REBOOT] Attention, Catherine redémarre (checker les logs). Instruction reboot.js
[2025-07-22T03:00:09.074Z] 2025-07-22 05:00:08 [CLIENT DISCORD] Les modules [32mloggers[39m ont correctement été exportés.
[2025-07-22T03:00:09.114Z] [EVENT] 2025-07-22 05:00:09 [📅 EVENT NOTIFY] Chargé : guildBanAdd
[2025-07-22T03:00:09.116Z] [EVENT] 2025-07-22 05:00:09 [📅 EVENT NOTIFY] Chargé : guildBanRemove
[2025-07-22T03:00:09.118Z] [EVENT] 2025-07-22 05:00:09 [📅 EVENT NOTIFY] Chargé : guildMemberAdd
[2025-07-22T03:00:09.120Z] [EVENT] 2025-07-22 05:00:09 [📅 EVENT NOTIFY] Chargé : guildMemberRemove
[2025-07-22T03:00:09.126Z] 2025-07-22 05:00:09 [CLIENT DISCORD] Les modules  [32mutils.js[39m [0m ont correctement été exporté.[0m
[2025-07-22T03:00:10.170Z] 2025-07-22 05:00:10 [CLIENT DISCORD] L'interaction  [32mbuttons.js[39m [0m ont correctement été exporté.[0m
[2025-07-22T03:00:10.573Z] 2025-07-22 05:00:10 [CLIENT DISCORD] L'interaction  [32mmodals.js[39m [0m ont correctement été exporté.[0m
[2025-07-22T03:00:10.574Z] [EVENT] 2025-07-22 05:00:10 [📅 EVENT NOTIFY] Chargé : interactionCreate
[2025-07-22T03:00:10.576Z] [EVENT] 2025-07-22 05:00:10 [📅 EVENT NOTIFY] Chargé : messageCreate
[2025-07-22T03:00:10.578Z] [EVENT] 2025-07-22 05:00:10 [📅 EVENT NOTIFY] Chargé : messageDelete
[2025-07-22T03:00:10.580Z] [EVENT] 2025-07-22 05:00:10 [📅 EVENT NOTIFY] Chargé : messageUpdate
[2025-07-22T03:00:10.602Z] 2025-07-22 05:00:10 [CLIENT DISCORD] Les modules  [32mcommands.js[39m [0m ont correctement été exporté.[0m
[2025-07-22T03:00:10.616Z] [EVENT] 2025-07-22 05:00:10 [📅 EVENT NOTIFY] Chargé : ready
[2025-07-22T03:00:10.617Z] [EVENT] 2025-07-22 05:00:10 [📅 EVENT NOTIFY] Chargé : voiceStateUpdate
[2025-07-22T03:00:10.621Z] [COMMANDS] 2025-07-22 05:00:10 [📌 COMMANDS NOTIFY] Chargée : ban
[2025-07-22T03:00:10.622Z] [COMMANDS] 2025-07-22 05:00:10 [📌 COMMANDS NOTIFY] Chargée : clear
[2025-07-22T03:00:10.625Z] [COMMANDS] 2025-07-22 05:00:10 [📌 COMMANDS NOTIFY] Chargée : createreport
[2025-07-22T03:00:10.626Z] [COMMANDS] 2025-07-22 05:00:10 [📌 COMMANDS NOTIFY] Chargée : div
[2025-07-22T03:00:10.628Z] [COMMANDS] 2025-07-22 05:00:10 [📌 COMMANDS NOTIFY] Chargée : help
[2025-07-22T03:00:10.629Z] [COMMANDS] 2025-07-22 05:00:10 [📌 COMMANDS NOTIFY] Chargée : info
[2025-07-22T03:00:10.630Z] [COMMANDS] 2025-07-22 05:00:10 [📌 COMMANDS NOTIFY] Chargée : infoshift
[2025-07-22T03:00:10.631Z] [COMMANDS] 2025-07-22 05:00:10 [📌 COMMANDS NOTIFY] Chargée : kick
[2025-07-22T03:00:10.634Z] [COMMANDS] 2025-07-22 05:00:10 [📌 COMMANDS NOTIFY] Chargée : mute
[2025-07-22T03:00:10.635Z] [COMMANDS] 2025-07-22 05:00:10 [📌 COMMANDS NOTIFY] Chargée : openservice
[2025-07-22T03:00:10.637Z] [COMMANDS] 2025-07-22 05:00:10 [📌 COMMANDS NOTIFY] Chargée : pex
[2025-07-22T03:00:10.675Z] [COMMANDS] 2025-07-22 05:00:10 [📌 COMMANDS NOTIFY] Chargée : play
[2025-07-22T03:00:10.676Z] [COMMANDS] 2025-07-22 05:00:10 [📌 COMMANDS NOTIFY] Chargée : promote
[2025-07-22T03:00:10.679Z] [COMMANDS] 2025-07-22 05:00:10 [📌 COMMANDS NOTIFY] Chargée : recruit
[2025-07-22T03:00:10.681Z] [COMMANDS] 2025-07-22 05:00:10 [📌 COMMANDS NOTIFY] Chargée : rename
[2025-07-22T03:00:10.683Z] [COMMANDS] 2025-07-22 05:00:10 [📌 COMMANDS NOTIFY] Chargée : role
[2025-07-22T03:00:10.686Z] [COMMANDS] 2025-07-22 05:00:10 [📌 COMMANDS NOTIFY] Chargée : send
[2025-07-22T03:00:10.689Z] [COMMANDS] 2025-07-22 05:00:10 [📌 COMMANDS NOTIFY] Chargée : shift
[2025-07-22T03:00:10.691Z] [COMMANDS] 2025-07-22 05:00:10 [📌 COMMANDS NOTIFY] Chargée : ticket
[2025-07-22T03:00:10.694Z] [COMMANDS] 2025-07-22 05:00:10 [📌 COMMANDS NOTIFY] Chargée : userinfo
[2025-07-22T03:00:10.695Z] [COMMANDS] 2025-07-22 05:00:10 [📌 COMMANDS NOTIFY] Chargée : warn
[2025-07-22T03:00:10.700Z] 2025-07-22 05:00:10 [CLIENT DISCORD] [42m[30mChargement des informations du package.[39m[49m
[42m[30m[39m[49m [46m[PACKAGE][49m [32mAuth. : François 🌸[39m
[32m[39m [46m[PACKAGE][49m [32mDepd. : axios, chalk, cron, discord-html-transcripts, discord-player, discord.js, distube, dotenv, express, express-session, form-data, fs, googleapis, luxon, node-cron, node-fetch, ora, patch, path, pdf-lib, pdfkit, play-dl, readline, rl, uuid[39m
[32m[39m [46m[PACKAGE][49m [32mDesc. : Official Bot Catherine for 911 Community.[39m
[32m[39m [46m[PACKAGE][49m [32mLisc. : ISC[39m
[32m[39m [46m[PACKAGE][49m [32mMain. : index.js[39m
[32m[39m [46m[PACKAGE][49m [32mName. : catherine[39m
[32m[39m [46m[PACKAGE][49m [32mScrp. : {"test":"echo \"Error: no test specified\" && exit 1","start":"node server.js"}[39m
[32m[39m [46m[PACKAGE][49m [32mVers. : 2.1.2[39m
[32m[39m [46m[PACKAGE][49m [32mPatch Note. : **[PN - 07/06]** *Passage 2.0 with new patch (shift, tabs... new commands handler)*[39m
[32m[39m
[2025-07-22T03:00:12.050Z] 2025-07-22 05:00:12 [DEBUG] 📦 Checking version from local...
[2025-07-22T03:00:12.051Z] 2025-07-22 05:00:12 [CLIENT DISCORD] 📦 Nom : catherine
[2025-07-22T03:00:12.052Z] 2025-07-22 05:00:12 [CLIENT DISCORD] 🕒 Version locale : 2.1.2
[2025-07-22T03:00:12.053Z] 2025-07-22 05:00:12 [DEBUG] 🌐 Checking version from GitHub...
[2025-07-22T03:00:12.270Z] 2025-07-22 05:00:12 [CLIENT DISCORD] 📦 Nom GitHub : catherine
[2025-07-22T03:00:12.270Z] 2025-07-22 05:00:12 [CLIENT DISCORD] 🕒 Version distante : 2.1.2
[2025-07-22T03:00:12.271Z] [INFO] 2025-07-22 05:00:12 [ℹ️ INFO NOTIFY] ✅ Les versions sont identiques.
[2025-07-22T03:00:12.271Z] 2025-07-22 05:00:12 [CLIENT DISCORD] [34m==============================[39m
[2025-07-22T03:00:12.271Z] 2025-07-22 05:00:12 [CLIENT DISCORD] [32m🚀 Démarrage du bot...[39m
[2025-07-22T03:00:12.271Z] 2025-07-22 05:00:12 [CLIENT DISCORD] [33m🔗 Connexion à Discord API...[39m
[2025-07-22T03:00:12.272Z] 2025-07-22 05:00:12 [CLIENT DISCORD] [36m✅ Bot RP en ligne ! Connecté en tant que 293 | Catherine#8045[39m
[2025-07-22T03:00:12.272Z] 2025-07-22 05:00:12 [CLIENT DISCORD] [34m==============================[39m
[34m[39m
[2025-07-22T03:00:12.280Z] 2025-07-22 05:00:12 [CLIENT DISCORD] [player] Initialisation du Player terminée.
[2025-07-22T03:00:12.283Z] 2025-07-22 05:00:12 [CLIENT DISCORD] [player] Extracteurs chargés avec succès.
[2025-07-22T03:00:12.284Z] 2025-07-22 05:00:12 [CLIENT DISCORD] 📥 Serveur trouvé : Georgia State Police (GSP)
[2025-07-22T03:00:12.471Z] 2025-07-22 05:00:12 [CLIENT DISCORD] 🔍 Commandes déjà présentes : play, rules, createreport, div, role, info, pex, openservice, infoshift, recruit, help, ban, ticket, shutdown, userinfo, send, clear, kick, warn, mute, rename, shift, promote
[2025-07-22T03:00:12.474Z] 2025-07-22 05:00:12 [WARN] ⚠️ Les commandes sont déjà enregistrées. Lance avec 'debug' pour forcer l'écrasement.
[2025-07-22T03:00:12.476Z] 2025-07-22 05:00:12 [CLIENT DISCORD] 🎮 Statut et activité mis à jour.
[2025-07-22T03:00:12.477Z] 2025-07-22 05:00:12 [CLIENT DISCORD] 📌 Mode de lancement : [33mAucun[39m
[2025-07-22T03:00:12.479Z] 2025-07-22 05:00:12 [CLIENT DISCORD] ✅ Bot prêt en tant que 293 | Catherine#8045
[2025-07-22T06:00:00.179Z] 2025-07-22 08:00:00 [CLIENT DISCORD] [32m🌅 Tâches du matin exécutées ![39m
[2025-07-22T06:00:00.217Z] 2025-07-22 08:00:00 [CLIENT DISCORD] [Cron] 🕒 Démarrage de la régénération automatique de la hiérarchie (tabs)...
[2025-07-22T06:00:00.226Z] 2025-07-22 08:00:00 [CLIENT DISCORD] [Cron] 🕒 Démarrage de la régénération automatique de la hiérarchie... (div)
[2025-07-22T06:00:00.231Z] 2025-07-22 08:00:00 [CLIENT DISCORD] 🔍 Vérification des règles...
[2025-07-22T06:00:00.251Z] 2025-07-22 08:00:00 [DEBUG] 📦 Checking version from local...
[2025-07-22T06:00:00.254Z] 2025-07-22 08:00:00 [CLIENT DISCORD] 📦 Nom : catherine
[2025-07-22T06:00:00.255Z] 2025-07-22 08:00:00 [CLIENT DISCORD] 🕒 Version locale : 2.1.2
[2025-07-22T06:00:00.255Z] 2025-07-22 08:00:00 [DEBUG] 🌐 Checking version from GitHub...
[2025-07-22T06:00:00.337Z] 2025-07-22 08:00:00 [CLIENT DISCORD] ✅ rules_1.txt inchangé, pas de mise à jour.
[2025-07-22T06:00:00.338Z] 2025-07-22 08:00:00 [CLIENT DISCORD] ✅ rules_2.txt inchangé, pas de mise à jour.
[2025-07-22T06:00:00.340Z] 2025-07-22 08:00:00 [CLIENT DISCORD] ✅ Vérification des règles terminée.
[2025-07-22T06:00:00.412Z] 2025-07-22 08:00:00 [CLIENT DISCORD] [EXPORT] access.json mis à jour avec 13 exécutif(s), 3 superviseur(s) et 2 commandement(s)
[2025-07-22T06:00:00.735Z] 2025-07-22 08:00:00 [CLIENT DISCORD] 📦 Nom GitHub : catherine
[2025-07-22T06:00:00.737Z] 2025-07-22 08:00:00 [CLIENT DISCORD] 🕒 Version distante : 2.1.2
[2025-07-22T06:00:00.739Z] [INFO] 2025-07-22 08:00:00 [ℹ️ INFO NOTIFY] ✅ Les versions sont identiques.
[2025-07-22T06:00:00.884Z] [NOTIFY] 2025-07-22 08:00:00 [🟢 SOFT NOTIFY] Message DIV supprimé
[2025-07-22T06:00:01.114Z] [NOTIFY] 2025-07-22 08:00:01 [🟢 SOFT NOTIFY] Message TABS supprimé
[2025-07-22T06:00:03.522Z] 2025-07-22 08:00:03 [CLIENT DISCORD] [✅] Hiérarchie DIV envoyée.
[2025-07-22T06:00:03.523Z] 2025-07-22 08:00:03 [CLIENT DISCORD] [Cron] 🕒 Fin de la régénération automatique de la hiérarchie.
[2025-07-22T06:00:04.211Z] 2025-07-22 08:00:04 [CLIENT DISCORD] [✅] Hiérarchie TABS envoyée.
[2025-07-22T06:00:04.213Z] 2025-07-22 08:00:04 [CLIENT DISCORD] [Cron] 🕒 Fin de la régénération automatique de la hiérarchie.
[2025-07-22T14:00:00.092Z] 2025-07-22 16:00:00 [CLIENT DISCORD] [32m🌇 Tâches du soir exécutées ![39m
[2025-07-22T14:00:00.097Z] 2025-07-22 16:00:00 [CLIENT DISCORD] [Cron] 🕒 Démarrage de la régénération automatique de la hiérarchie (tabs)...
[2025-07-22T14:00:00.100Z] 2025-07-22 16:00:00 [CLIENT DISCORD] [Cron] 🕒 Démarrage de la régénération automatique de la hiérarchie... (div)
[2025-07-22T14:00:00.102Z] 2025-07-22 16:00:00 [CLIENT DISCORD] 🔍 Vérification des règles...
[2025-07-22T14:00:00.107Z] 2025-07-22 16:00:00 [DEBUG] 📦 Checking version from local...
[2025-07-22T14:00:00.108Z] 2025-07-22 16:00:00 [CLIENT DISCORD] 📦 Nom : catherine
[2025-07-22T14:00:00.109Z] 2025-07-22 16:00:00 [CLIENT DISCORD] 🕒 Version locale : 2.1.2
[2025-07-22T14:00:00.110Z] 2025-07-22 16:00:00 [DEBUG] 🌐 Checking version from GitHub...
[2025-07-22T14:00:00.130Z] 2025-07-22 16:00:00 [CLIENT DISCORD] ✅ rules_1.txt inchangé, pas de mise à jour.
[2025-07-22T14:00:00.132Z] 2025-07-22 16:00:00 [CLIENT DISCORD] ✅ rules_2.txt inchangé, pas de mise à jour.
[2025-07-22T14:00:00.133Z] 2025-07-22 16:00:00 [CLIENT DISCORD] ✅ Vérification des règles terminée.
[2025-07-22T14:00:00.213Z] 2025-07-22 16:00:00 [CLIENT DISCORD] [EXPORT] access.json mis à jour avec 13 exécutif(s), 3 superviseur(s) et 2 commandement(s)
[2025-07-22T14:00:00.418Z] [NOTIFY] 2025-07-22 16:00:00 [🟢 SOFT NOTIFY] Message DIV supprimé
[2025-07-22T14:00:00.426Z] 2025-07-22 16:00:00 [CLIENT DISCORD] 📦 Nom GitHub : catherine
[2025-07-22T14:00:00.427Z] 2025-07-22 16:00:00 [CLIENT DISCORD] 🕒 Version distante : 2.1.2
[2025-07-22T14:00:00.429Z] [INFO] 2025-07-22 16:00:00 [ℹ️ INFO NOTIFY] ✅ Les versions sont identiques.
[2025-07-22T14:00:00.718Z] [NOTIFY] 2025-07-22 16:00:00 [🟢 SOFT NOTIFY] Message TABS supprimé
[2025-07-22T14:00:01.337Z] 2025-07-22 16:00:01 [CLIENT DISCORD] ✅ Données écrites dans config.json
[2025-07-22T14:00:02.349Z] 2025-07-22 16:00:02 [CLIENT DISCORD] [✅] Hiérarchie DIV envoyée.
[2025-07-22T14:00:02.350Z] 2025-07-22 16:00:02 [CLIENT DISCORD] [Cron] 🕒 Fin de la régénération automatique de la hiérarchie.
[2025-07-22T14:00:02.688Z] 2025-07-22 16:00:02 [CLIENT DISCORD] [✅] Hiérarchie TABS envoyée.
[2025-07-22T14:00:02.689Z] 2025-07-22 16:00:02 [CLIENT DISCORD] [Cron] 🕒 Fin de la régénération automatique de la hiérarchie.
