[2025-07-19T03:00:00.119Z] 2025-07-19 05:00:00 [CLIENT DISCORD] [32m🌙 Tâches de la nuit exécutées ![39m
[2025-07-19T03:00:00.148Z] 2025-07-19 05:00:00 [DEBUG] 📦 Checking version from local...
[2025-07-19T03:00:00.152Z] 2025-07-19 05:00:00 [CLIENT DISCORD] 📦 Nom : catherine
[2025-07-19T03:00:00.152Z] 2025-07-19 05:00:00 [CLIENT DISCORD] 🕒 Version locale : 2.1.2
[2025-07-19T03:00:00.153Z] 2025-07-19 05:00:00 [DEBUG] 🌐 Checking version from GitHub...
[2025-07-19T03:00:00.161Z] 2025-07-19 05:00:00 [WARN] [REBOOT] Attention, Catherine redémarre (checker les logs). Instruction reboot.js
[2025-07-19T03:00:08.709Z] 2025-07-19 05:00:08 [CLIENT DISCORD] Les modules [32mloggers[39m ont correctement été exportés.
[2025-07-19T03:00:08.740Z] [EVENT] 2025-07-19 05:00:08 [📅 EVENT NOTIFY] Chargé : guildBanAdd
[2025-07-19T03:00:08.742Z] [EVENT] 2025-07-19 05:00:08 [📅 EVENT NOTIFY] Chargé : guildBanRemove
[2025-07-19T03:00:08.743Z] [EVENT] 2025-07-19 05:00:08 [📅 EVENT NOTIFY] Chargé : guildMemberAdd
[2025-07-19T03:00:08.745Z] [EVENT] 2025-07-19 05:00:08 [📅 EVENT NOTIFY] Chargé : guildMemberRemove
[2025-07-19T03:00:08.748Z] 2025-07-19 05:00:08 [CLIENT DISCORD] Les modules  [32mutils.js[39m [0m ont correctement été exporté.[0m
[2025-07-19T03:00:09.409Z] 2025-07-19 05:00:09 [CLIENT DISCORD] L'interaction  [32mbuttons.js[39m [0m ont correctement été exporté.[0m
[2025-07-19T03:00:09.650Z] 2025-07-19 05:00:09 [CLIENT DISCORD] L'interaction  [32mmodals.js[39m [0m ont correctement été exporté.[0m
[2025-07-19T03:00:09.652Z] [EVENT] 2025-07-19 05:00:09 [📅 EVENT NOTIFY] Chargé : interactionCreate
[2025-07-19T03:00:09.654Z] [EVENT] 2025-07-19 05:00:09 [📅 EVENT NOTIFY] Chargé : messageCreate
[2025-07-19T03:00:09.656Z] [EVENT] 2025-07-19 05:00:09 [📅 EVENT NOTIFY] Chargé : messageDelete
[2025-07-19T03:00:09.658Z] [EVENT] 2025-07-19 05:00:09 [📅 EVENT NOTIFY] Chargé : messageUpdate
[2025-07-19T03:00:09.686Z] 2025-07-19 05:00:09 [CLIENT DISCORD] Les modules  [32mcommands.js[39m [0m ont correctement été exporté.[0m
[2025-07-19T03:00:09.704Z] [EVENT] 2025-07-19 05:00:09 [📅 EVENT NOTIFY] Chargé : ready
[2025-07-19T03:00:09.705Z] [EVENT] 2025-07-19 05:00:09 [📅 EVENT NOTIFY] Chargé : voiceStateUpdate
[2025-07-19T03:00:09.711Z] [COMMANDS] 2025-07-19 05:00:09 [📌 COMMANDS NOTIFY] Chargée : ban
[2025-07-19T03:00:09.712Z] [COMMANDS] 2025-07-19 05:00:09 [📌 COMMANDS NOTIFY] Chargée : clear
[2025-07-19T03:00:09.714Z] [COMMANDS] 2025-07-19 05:00:09 [📌 COMMANDS NOTIFY] Chargée : createreport
[2025-07-19T03:00:09.716Z] [COMMANDS] 2025-07-19 05:00:09 [📌 COMMANDS NOTIFY] Chargée : div
[2025-07-19T03:00:09.719Z] [COMMANDS] 2025-07-19 05:00:09 [📌 COMMANDS NOTIFY] Chargée : help
[2025-07-19T03:00:09.720Z] [COMMANDS] 2025-07-19 05:00:09 [📌 COMMANDS NOTIFY] Chargée : info
[2025-07-19T03:00:09.722Z] [COMMANDS] 2025-07-19 05:00:09 [📌 COMMANDS NOTIFY] Chargée : infoshift
[2025-07-19T03:00:09.723Z] [COMMANDS] 2025-07-19 05:00:09 [📌 COMMANDS NOTIFY] Chargée : kick
[2025-07-19T03:00:09.725Z] [COMMANDS] 2025-07-19 05:00:09 [📌 COMMANDS NOTIFY] Chargée : mute
[2025-07-19T03:00:09.726Z] [COMMANDS] 2025-07-19 05:00:09 [📌 COMMANDS NOTIFY] Chargée : openservice
[2025-07-19T03:00:09.728Z] [COMMANDS] 2025-07-19 05:00:09 [📌 COMMANDS NOTIFY] Chargée : pex
[2025-07-19T03:00:09.771Z] [COMMANDS] 2025-07-19 05:00:09 [📌 COMMANDS NOTIFY] Chargée : play
[2025-07-19T03:00:09.773Z] [COMMANDS] 2025-07-19 05:00:09 [📌 COMMANDS NOTIFY] Chargée : promote
[2025-07-19T03:00:09.774Z] [COMMANDS] 2025-07-19 05:00:09 [📌 COMMANDS NOTIFY] Chargée : recruit
[2025-07-19T03:00:09.776Z] [COMMANDS] 2025-07-19 05:00:09 [📌 COMMANDS NOTIFY] Chargée : rename
[2025-07-19T03:00:09.778Z] [COMMANDS] 2025-07-19 05:00:09 [📌 COMMANDS NOTIFY] Chargée : role
[2025-07-19T03:00:09.780Z] [COMMANDS] 2025-07-19 05:00:09 [📌 COMMANDS NOTIFY] Chargée : send
[2025-07-19T03:00:09.783Z] [COMMANDS] 2025-07-19 05:00:09 [📌 COMMANDS NOTIFY] Chargée : shift
[2025-07-19T03:00:09.786Z] [COMMANDS] 2025-07-19 05:00:09 [📌 COMMANDS NOTIFY] Chargée : ticket
[2025-07-19T03:00:09.788Z] [COMMANDS] 2025-07-19 05:00:09 [📌 COMMANDS NOTIFY] Chargée : userinfo
[2025-07-19T03:00:09.790Z] [COMMANDS] 2025-07-19 05:00:09 [📌 COMMANDS NOTIFY] Chargée : warn
[2025-07-19T03:00:09.795Z] 2025-07-19 05:00:09 [CLIENT DISCORD] [42m[30mChargement des informations du package.[39m[49m
[42m[30m[39m[49m [46m[PACKAGE][49m [32mAuth. : François 🌸[39m
[32m[39m [46m[PACKAGE][49m [32mDepd. : axios, chalk, cron, discord-html-transcripts, discord-player, discord.js, distube, dotenv, express, express-session, form-data, fs, googleapis, luxon, node-cron, node-fetch, ora, patch, path, pdf-lib, pdfkit, play-dl, readline, rl, uuid[39m
[32m[39m [46m[PACKAGE][49m [32mDesc. : Official Bot Catherine for 911 Community.[39m
[32m[39m [46m[PACKAGE][49m [32mLisc. : ISC[39m
[32m[39m [46m[PACKAGE][49m [32mMain. : index.js[39m
[32m[39m [46m[PACKAGE][49m [32mName. : catherine[39m
[32m[39m [46m[PACKAGE][49m [32mScrp. : {"test":"echo \"Error: no test specified\" && exit 1","start":"node server.js"}[39m
[32m[39m [46m[PACKAGE][49m [32mVers. : 2.1.2[39m
[32m[39m [46m[PACKAGE][49m [32mPatch Note. : **[PN - 07/06]** *Passage 2.0 with new patch (shift, tabs... new commands handler)*[39m
[32m[39m
[2025-07-19T03:00:10.634Z] 2025-07-19 05:00:10 [DEBUG] 📦 Checking version from local...
[2025-07-19T03:00:10.635Z] 2025-07-19 05:00:10 [CLIENT DISCORD] 📦 Nom : catherine
[2025-07-19T03:00:10.636Z] 2025-07-19 05:00:10 [CLIENT DISCORD] 🕒 Version locale : 2.1.2
[2025-07-19T03:00:10.637Z] 2025-07-19 05:00:10 [DEBUG] 🌐 Checking version from GitHub...
[2025-07-19T03:00:10.871Z] 2025-07-19 05:00:10 [CLIENT DISCORD] 📦 Nom GitHub : catherine
[2025-07-19T03:00:10.872Z] 2025-07-19 05:00:10 [CLIENT DISCORD] 🕒 Version distante : 2.1.2
[2025-07-19T03:00:10.873Z] [INFO] 2025-07-19 05:00:10 [ℹ️ INFO NOTIFY] ✅ Les versions sont identiques.
[2025-07-19T03:00:10.874Z] 2025-07-19 05:00:10 [CLIENT DISCORD] [34m==============================[39m
[2025-07-19T03:00:10.875Z] 2025-07-19 05:00:10 [CLIENT DISCORD] [32m🚀 Démarrage du bot...[39m
[2025-07-19T03:00:10.876Z] 2025-07-19 05:00:10 [CLIENT DISCORD] [33m🔗 Connexion à Discord API...[39m
[2025-07-19T03:00:10.877Z] 2025-07-19 05:00:10 [CLIENT DISCORD] [36m✅ Bot RP en ligne ! Connecté en tant que 293 | Catherine#8045[39m
[2025-07-19T03:00:10.878Z] 2025-07-19 05:00:10 [CLIENT DISCORD] [34m==============================[39m
[34m[39m
[2025-07-19T03:00:10.887Z] 2025-07-19 05:00:10 [CLIENT DISCORD] [player] Initialisation du Player terminée.
[2025-07-19T03:00:10.892Z] 2025-07-19 05:00:10 [CLIENT DISCORD] [player] Extracteurs chargés avec succès.
[2025-07-19T03:00:10.894Z] 2025-07-19 05:00:10 [CLIENT DISCORD] 📥 Serveur trouvé : Georgia State Police (GSP)
[2025-07-19T03:00:11.120Z] 2025-07-19 05:00:11 [CLIENT DISCORD] 🔍 Commandes déjà présentes : play, rules, createreport, div, role, info, pex, openservice, infoshift, recruit, help, ban, ticket, shutdown, userinfo, send, clear, kick, warn, mute, rename, shift, promote
[2025-07-19T03:00:11.121Z] 2025-07-19 05:00:11 [WARN] ⚠️ Les commandes sont déjà enregistrées. Lance avec 'debug' pour forcer l'écrasement.
[2025-07-19T03:00:11.121Z] 2025-07-19 05:00:11 [CLIENT DISCORD] 🎮 Statut et activité mis à jour.
[2025-07-19T03:00:11.122Z] 2025-07-19 05:00:11 [CLIENT DISCORD] 📌 Mode de lancement : [33mAucun[39m
[2025-07-19T03:00:11.122Z] 2025-07-19 05:00:11 [CLIENT DISCORD] ✅ Bot prêt en tant que 293 | Catherine#8045
[2025-07-19T06:00:00.142Z] 2025-07-19 08:00:00 [CLIENT DISCORD] [32m🌅 Tâches du matin exécutées ![39m
[2025-07-19T06:00:00.170Z] 2025-07-19 08:00:00 [CLIENT DISCORD] [Cron] 🕒 Démarrage de la régénération automatique de la hiérarchie (tabs)...
[2025-07-19T06:00:00.179Z] 2025-07-19 08:00:00 [CLIENT DISCORD] [Cron] 🕒 Démarrage de la régénération automatique de la hiérarchie... (div)
[2025-07-19T06:00:00.183Z] 2025-07-19 08:00:00 [CLIENT DISCORD] 🔍 Vérification des règles...
[2025-07-19T06:00:00.202Z] 2025-07-19 08:00:00 [DEBUG] 📦 Checking version from local...
[2025-07-19T06:00:00.206Z] 2025-07-19 08:00:00 [CLIENT DISCORD] 📦 Nom : catherine
[2025-07-19T06:00:00.207Z] 2025-07-19 08:00:00 [CLIENT DISCORD] 🕒 Version locale : 2.1.2
[2025-07-19T06:00:00.208Z] 2025-07-19 08:00:00 [DEBUG] 🌐 Checking version from GitHub...
[2025-07-19T06:00:00.260Z] 2025-07-19 08:00:00 [CLIENT DISCORD] ✅ rules_1.txt inchangé, pas de mise à jour.
[2025-07-19T06:00:00.263Z] 2025-07-19 08:00:00 [CLIENT DISCORD] ✅ rules_2.txt inchangé, pas de mise à jour.
[2025-07-19T06:00:00.264Z] 2025-07-19 08:00:00 [CLIENT DISCORD] ✅ Vérification des règles terminée.
[2025-07-19T06:00:00.344Z] 2025-07-19 08:00:00 [CLIENT DISCORD] [EXPORT] access.json mis à jour avec 13 exécutif(s), 3 superviseur(s) et 2 commandement(s)
[2025-07-19T06:00:00.478Z] 2025-07-19 08:00:00 [CLIENT DISCORD] 📦 Nom GitHub : catherine
[2025-07-19T06:00:00.480Z] 2025-07-19 08:00:00 [CLIENT DISCORD] 🕒 Version distante : 2.1.2
[2025-07-19T06:00:00.481Z] [INFO] 2025-07-19 08:00:00 [ℹ️ INFO NOTIFY] ✅ Les versions sont identiques.
[2025-07-19T06:00:01.002Z] [NOTIFY] 2025-07-19 08:00:01 [🟢 SOFT NOTIFY] Message DIV supprimé
[2025-07-19T06:00:01.358Z] [NOTIFY] 2025-07-19 08:00:01 [🟢 SOFT NOTIFY] Message TABS supprimé
[2025-07-19T06:00:04.434Z] 2025-07-19 08:00:04 [CLIENT DISCORD] [✅] Hiérarchie DIV envoyée.
[2025-07-19T06:00:04.439Z] 2025-07-19 08:00:04 [CLIENT DISCORD] [Cron] 🕒 Fin de la régénération automatique de la hiérarchie.
[2025-07-19T06:00:04.676Z] 2025-07-19 08:00:04 [CLIENT DISCORD] [✅] Hiérarchie TABS envoyée.
[2025-07-19T06:00:04.679Z] 2025-07-19 08:00:04 [CLIENT DISCORD] [Cron] 🕒 Fin de la régénération automatique de la hiérarchie.
[2025-07-19T14:00:00.126Z] 2025-07-19 16:00:00 [CLIENT DISCORD] [32m🌇 Tâches du soir exécutées ![39m
[2025-07-19T14:00:00.141Z] 2025-07-19 16:00:00 [CLIENT DISCORD] [Cron] 🕒 Démarrage de la régénération automatique de la hiérarchie (tabs)...
[2025-07-19T14:00:00.144Z] 2025-07-19 16:00:00 [CLIENT DISCORD] [Cron] 🕒 Démarrage de la régénération automatique de la hiérarchie... (div)
[2025-07-19T14:00:00.147Z] 2025-07-19 16:00:00 [CLIENT DISCORD] 🔍 Vérification des règles...
[2025-07-19T14:00:00.159Z] 2025-07-19 16:00:00 [DEBUG] 📦 Checking version from local...
[2025-07-19T14:00:00.162Z] 2025-07-19 16:00:00 [CLIENT DISCORD] 📦 Nom : catherine
[2025-07-19T14:00:00.163Z] 2025-07-19 16:00:00 [CLIENT DISCORD] 🕒 Version locale : 2.1.2
[2025-07-19T14:00:00.164Z] 2025-07-19 16:00:00 [DEBUG] 🌐 Checking version from GitHub...
[2025-07-19T14:00:00.243Z] 2025-07-19 16:00:00 [CLIENT DISCORD] ✅ rules_1.txt inchangé, pas de mise à jour.
[2025-07-19T14:00:00.247Z] 2025-07-19 16:00:00 [CLIENT DISCORD] ✅ rules_2.txt inchangé, pas de mise à jour.
[2025-07-19T14:00:00.248Z] 2025-07-19 16:00:00 [CLIENT DISCORD] ✅ Vérification des règles terminée.
[2025-07-19T14:00:00.277Z] 2025-07-19 16:00:00 [CLIENT DISCORD] [EXPORT] access.json mis à jour avec 13 exécutif(s), 3 superviseur(s) et 2 commandement(s)
[2025-07-19T14:00:00.472Z] 2025-07-19 16:00:00 [CLIENT DISCORD] 📦 Nom GitHub : catherine
[2025-07-19T14:00:00.474Z] 2025-07-19 16:00:00 [CLIENT DISCORD] 🕒 Version distante : 2.1.2
[2025-07-19T14:00:00.475Z] [INFO] 2025-07-19 16:00:00 [ℹ️ INFO NOTIFY] ✅ Les versions sont identiques.
[2025-07-19T14:00:00.530Z] [NOTIFY] 2025-07-19 16:00:00 [🟢 SOFT NOTIFY] Message DIV supprimé
[2025-07-19T14:00:00.774Z] [NOTIFY] 2025-07-19 16:00:00 [🟢 SOFT NOTIFY] Message TABS supprimé
[2025-07-19T14:00:00.933Z] 2025-07-19 16:00:00 [CLIENT DISCORD] ✅ Données écrites dans config.json
[2025-07-19T14:00:01.533Z] 2025-07-19 16:00:01 [CLIENT DISCORD] [✅] Hiérarchie DIV envoyée.
[2025-07-19T14:00:01.537Z] 2025-07-19 16:00:01 [CLIENT DISCORD] [Cron] 🕒 Fin de la régénération automatique de la hiérarchie.
[2025-07-19T14:00:02.260Z] 2025-07-19 16:00:02 [CLIENT DISCORD] [✅] Hiérarchie TABS envoyée.
[2025-07-19T14:00:02.263Z] 2025-07-19 16:00:02 [CLIENT DISCORD] [Cron] 🕒 Fin de la régénération automatique de la hiérarchie.
