[2025-08-20T03:00:00.165Z] 2025-08-20 05:00:00 [CLIENT DISCORD] [32m🌙 Tâches de la nuit exécutées ![39m
[2025-08-20T03:00:00.213Z] 2025-08-20 05:00:00 [DEBUG] 📦 Checking version from local...
[2025-08-20T03:00:00.216Z] 2025-08-20 05:00:00 [CLIENT DISCORD] 📦 Nom : catherine
[2025-08-20T03:00:00.217Z] 2025-08-20 05:00:00 [CLIENT DISCORD] 🕒 Version locale : 2.1.2
[2025-08-20T03:00:00.218Z] 2025-08-20 05:00:00 [DEBUG] 🌐 Checking version from GitHub...
[2025-08-20T03:00:00.225Z] 2025-08-20 05:00:00 [WARN] [REBOOT] Attention, Catherine redémarre (checker les logs). Instruction reboot.js
[2025-08-20T03:00:15.133Z] 2025-08-20 05:00:15 [CLIENT DISCORD] Les modules [32mloggers[39m ont correctement été exportés.
[2025-08-20T03:00:15.175Z] [EVENT] 2025-08-20 05:00:15 [📅 EVENT NOTIFY] Chargé : guildBanAdd
[2025-08-20T03:00:15.177Z] [EVENT] 2025-08-20 05:00:15 [📅 EVENT NOTIFY] Chargé : guildBanRemove
[2025-08-20T03:00:15.178Z] [EVENT] 2025-08-20 05:00:15 [📅 EVENT NOTIFY] Chargé : guildMemberAdd
[2025-08-20T03:00:15.180Z] [EVENT] 2025-08-20 05:00:15 [📅 EVENT NOTIFY] Chargé : guildMemberRemove
[2025-08-20T03:00:15.183Z] 2025-08-20 05:00:15 [CLIENT DISCORD] Les modules  [32mutils.js[39m [0m ont correctement été exporté.[0m
[2025-08-20T03:00:16.206Z] 2025-08-20 05:00:16 [CLIENT DISCORD] L'interaction  [32mbuttons.js[39m [0m ont correctement été exporté.[0m
[2025-08-20T03:00:16.544Z] 2025-08-20 05:00:16 [CLIENT DISCORD] L'interaction  [32mmodals.js[39m [0m ont correctement été exporté.[0m
[2025-08-20T03:00:16.546Z] [EVENT] 2025-08-20 05:00:16 [📅 EVENT NOTIFY] Chargé : interactionCreate
[2025-08-20T03:00:16.549Z] [EVENT] 2025-08-20 05:00:16 [📅 EVENT NOTIFY] Chargé : messageCreate
[2025-08-20T03:00:16.551Z] [EVENT] 2025-08-20 05:00:16 [📅 EVENT NOTIFY] Chargé : messageDelete
[2025-08-20T03:00:16.553Z] [EVENT] 2025-08-20 05:00:16 [📅 EVENT NOTIFY] Chargé : messageUpdate
[2025-08-20T03:00:16.584Z] 2025-08-20 05:00:16 [CLIENT DISCORD] Les modules  [32mcommands.js[39m [0m ont correctement été exporté.[0m
[2025-08-20T03:00:16.608Z] [EVENT] 2025-08-20 05:00:16 [📅 EVENT NOTIFY] Chargé : ready
[2025-08-20T03:00:16.609Z] [EVENT] 2025-08-20 05:00:16 [📅 EVENT NOTIFY] Chargé : voiceStateUpdate
[2025-08-20T03:00:16.615Z] [COMMANDS] 2025-08-20 05:00:16 [📌 COMMANDS NOTIFY] Chargée : ban
[2025-08-20T03:00:16.617Z] [COMMANDS] 2025-08-20 05:00:16 [📌 COMMANDS NOTIFY] Chargée : clear
[2025-08-20T03:00:16.618Z] [COMMANDS] 2025-08-20 05:00:16 [📌 COMMANDS NOTIFY] Chargée : createreport
[2025-08-20T03:00:16.620Z] [COMMANDS] 2025-08-20 05:00:16 [📌 COMMANDS NOTIFY] Chargée : div
[2025-08-20T03:00:16.622Z] [COMMANDS] 2025-08-20 05:00:16 [📌 COMMANDS NOTIFY] Chargée : help
[2025-08-20T03:00:16.624Z] [COMMANDS] 2025-08-20 05:00:16 [📌 COMMANDS NOTIFY] Chargée : info
[2025-08-20T03:00:16.626Z] [COMMANDS] 2025-08-20 05:00:16 [📌 COMMANDS NOTIFY] Chargée : infoshift
[2025-08-20T03:00:16.630Z] [COMMANDS] 2025-08-20 05:00:16 [📌 COMMANDS NOTIFY] Chargée : kick
[2025-08-20T03:00:16.634Z] [COMMANDS] 2025-08-20 05:00:16 [📌 COMMANDS NOTIFY] Chargée : mute
[2025-08-20T03:00:16.636Z] [COMMANDS] 2025-08-20 05:00:16 [📌 COMMANDS NOTIFY] Chargée : openservice
[2025-08-20T03:00:16.639Z] [COMMANDS] 2025-08-20 05:00:16 [📌 COMMANDS NOTIFY] Chargée : pex
[2025-08-20T03:00:16.660Z] [COMMANDS] 2025-08-20 05:00:16 [📌 COMMANDS NOTIFY] Chargée : play
[2025-08-20T03:00:16.662Z] [COMMANDS] 2025-08-20 05:00:16 [📌 COMMANDS NOTIFY] Chargée : promote
[2025-08-20T03:00:16.664Z] [COMMANDS] 2025-08-20 05:00:16 [📌 COMMANDS NOTIFY] Chargée : recruit
[2025-08-20T03:00:16.666Z] [COMMANDS] 2025-08-20 05:00:16 [📌 COMMANDS NOTIFY] Chargée : rename
[2025-08-20T03:00:16.667Z] [COMMANDS] 2025-08-20 05:00:16 [📌 COMMANDS NOTIFY] Chargée : role
[2025-08-20T03:00:16.669Z] [COMMANDS] 2025-08-20 05:00:16 [📌 COMMANDS NOTIFY] Chargée : send
[2025-08-20T03:00:16.671Z] [COMMANDS] 2025-08-20 05:00:16 [📌 COMMANDS NOTIFY] Chargée : shift
[2025-08-20T03:00:16.676Z] [COMMANDS] 2025-08-20 05:00:16 [📌 COMMANDS NOTIFY] Chargée : ticket
[2025-08-20T03:00:16.678Z] [COMMANDS] 2025-08-20 05:00:16 [📌 COMMANDS NOTIFY] Chargée : userinfo
[2025-08-20T03:00:16.680Z] [COMMANDS] 2025-08-20 05:00:16 [📌 COMMANDS NOTIFY] Chargée : warn
[2025-08-20T03:00:16.685Z] 2025-08-20 05:00:16 [CLIENT DISCORD] [42m[30mChargement des informations du package.[39m[49m
[42m[30m[39m[49m [46m[PACKAGE][49m [32mAuth. : François 🌸[39m
[32m[39m [46m[PACKAGE][49m [32mDepd. : axios, chalk, cron, discord-html-transcripts, discord-player, discord.js, distube, dotenv, express, express-session, form-data, fs, googleapis, luxon, node-cron, node-fetch, ora, patch, path, pdf-lib, pdfkit, play-dl, readline, rl, uuid[39m
[32m[39m [46m[PACKAGE][49m [32mDesc. : Official Bot Catherine for 911 Community.[39m
[32m[39m [46m[PACKAGE][49m [32mLisc. : ISC[39m
[32m[39m [46m[PACKAGE][49m [32mMain. : index.js[39m
[32m[39m [46m[PACKAGE][49m [32mName. : catherine[39m
[32m[39m [46m[PACKAGE][49m [32mScrp. : {"test":"echo \"Error: no test specified\" && exit 1","start":"node server.js"}[39m
[32m[39m [46m[PACKAGE][49m [32mVers. : 2.1.2[39m
[32m[39m [46m[PACKAGE][49m [32mPatch Note. : **[PN - 07/06]** *Passage 2.0 with new patch (shift, tabs... new commands handler)*[39m
[32m[39m
[2025-08-20T03:00:17.604Z] 2025-08-20 05:00:17 [DEBUG] 📦 Checking version from local...
[2025-08-20T03:00:17.605Z] 2025-08-20 05:00:17 [CLIENT DISCORD] 📦 Nom : catherine
[2025-08-20T03:00:17.606Z] 2025-08-20 05:00:17 [CLIENT DISCORD] 🕒 Version locale : 2.1.2
[2025-08-20T03:00:17.607Z] 2025-08-20 05:00:17 [DEBUG] 🌐 Checking version from GitHub...
[2025-08-20T03:00:17.863Z] 2025-08-20 05:00:17 [CLIENT DISCORD] 📦 Nom GitHub : catherine
[2025-08-20T03:00:17.863Z] 2025-08-20 05:00:17 [CLIENT DISCORD] 🕒 Version distante : 2.1.2
[2025-08-20T03:00:17.864Z] [INFO] 2025-08-20 05:00:17 [ℹ️ INFO NOTIFY] ✅ Les versions sont identiques.
[2025-08-20T03:00:17.864Z] 2025-08-20 05:00:17 [CLIENT DISCORD] [34m==============================[39m
[2025-08-20T03:00:17.864Z] 2025-08-20 05:00:17 [CLIENT DISCORD] [32m🚀 Démarrage du bot...[39m
[2025-08-20T03:00:17.864Z] 2025-08-20 05:00:17 [CLIENT DISCORD] [33m🔗 Connexion à Discord API...[39m
[2025-08-20T03:00:17.865Z] 2025-08-20 05:00:17 [CLIENT DISCORD] [36m✅ Bot RP en ligne ! Connecté en tant que 293 | Catherine#8045[39m
[2025-08-20T03:00:17.865Z] 2025-08-20 05:00:17 [CLIENT DISCORD] [34m==============================[39m
[34m[39m
[2025-08-20T03:00:17.875Z] 2025-08-20 05:00:17 [CLIENT DISCORD] [player] Initialisation du Player terminée.
[2025-08-20T03:00:17.879Z] 2025-08-20 05:00:17 [CLIENT DISCORD] [player] Extracteurs chargés avec succès.
[2025-08-20T03:00:17.880Z] 2025-08-20 05:00:17 [CLIENT DISCORD] 📥 Serveur trouvé : Georgia State Police (GSP)
[2025-08-20T03:00:18.057Z] 2025-08-20 05:00:18 [CLIENT DISCORD] 🔍 Commandes déjà présentes : play, rules, createreport, div, role, info, pex, openservice, infoshift, recruit, help, ban, ticket, shutdown, userinfo, send, clear, kick, warn, mute, rename, shift, promote
[2025-08-20T03:00:18.059Z] 2025-08-20 05:00:18 [WARN] ⚠️ Les commandes sont déjà enregistrées. Lance avec 'debug' pour forcer l'écrasement.
[2025-08-20T03:00:18.061Z] 2025-08-20 05:00:18 [CLIENT DISCORD] 🎮 Statut et activité mis à jour.
[2025-08-20T03:00:18.062Z] 2025-08-20 05:00:18 [CLIENT DISCORD] 📌 Mode de lancement : [33mAucun[39m
[2025-08-20T03:00:18.063Z] 2025-08-20 05:00:18 [CLIENT DISCORD] ✅ Bot prêt en tant que 293 | Catherine#8045
[2025-08-20T06:00:00.186Z] 2025-08-20 08:00:00 [CLIENT DISCORD] [32m🌅 Tâches du matin exécutées ![39m
[2025-08-20T06:00:00.217Z] 2025-08-20 08:00:00 [CLIENT DISCORD] [Cron] 🕒 Démarrage de la régénération automatique de la hiérarchie (tabs)...
[2025-08-20T06:00:00.225Z] 2025-08-20 08:00:00 [CLIENT DISCORD] [Cron] 🕒 Démarrage de la régénération automatique de la hiérarchie... (div)
[2025-08-20T06:00:00.228Z] 2025-08-20 08:00:00 [CLIENT DISCORD] 🔍 Vérification des règles...
[2025-08-20T06:00:00.240Z] 2025-08-20 08:00:00 [DEBUG] 📦 Checking version from local...
[2025-08-20T06:00:00.246Z] 2025-08-20 08:00:00 [CLIENT DISCORD] 📦 Nom : catherine
[2025-08-20T06:00:00.247Z] 2025-08-20 08:00:00 [CLIENT DISCORD] 🕒 Version locale : 2.1.2
[2025-08-20T06:00:00.247Z] 2025-08-20 08:00:00 [DEBUG] 🌐 Checking version from GitHub...
[2025-08-20T06:00:00.306Z] 2025-08-20 08:00:00 [CLIENT DISCORD] ✅ rules_1.txt inchangé, pas de mise à jour.
[2025-08-20T06:00:00.308Z] 2025-08-20 08:00:00 [CLIENT DISCORD] ✅ rules_2.txt inchangé, pas de mise à jour.
[2025-08-20T06:00:00.311Z] 2025-08-20 08:00:00 [CLIENT DISCORD] ✅ Vérification des règles terminée.
[2025-08-20T06:00:00.388Z] 2025-08-20 08:00:00 [CLIENT DISCORD] [EXPORT] access.json mis à jour avec 13 exécutif(s), 3 superviseur(s) et 2 commandement(s)
[2025-08-20T06:00:00.583Z] 2025-08-20 08:00:00 [CLIENT DISCORD] 📦 Nom GitHub : catherine
[2025-08-20T06:00:00.584Z] 2025-08-20 08:00:00 [CLIENT DISCORD] 🕒 Version distante : 2.1.2
[2025-08-20T06:00:00.585Z] [INFO] 2025-08-20 08:00:00 [ℹ️ INFO NOTIFY] ✅ Les versions sont identiques.
[2025-08-20T06:00:00.790Z] [NOTIFY] 2025-08-20 08:00:00 [🟢 SOFT NOTIFY] Message DIV supprimé
[2025-08-20T06:00:01.268Z] [NOTIFY] 2025-08-20 08:00:01 [🟢 SOFT NOTIFY] Message TABS supprimé
[2025-08-20T06:00:04.206Z] 2025-08-20 08:00:04 [CLIENT DISCORD] [✅] Hiérarchie DIV envoyée.
[2025-08-20T06:00:04.209Z] 2025-08-20 08:00:04 [CLIENT DISCORD] [Cron] 🕒 Fin de la régénération automatique de la hiérarchie.
[2025-08-20T06:00:04.927Z] 2025-08-20 08:00:04 [CLIENT DISCORD] [✅] Hiérarchie TABS envoyée.
[2025-08-20T06:00:04.928Z] 2025-08-20 08:00:04 [CLIENT DISCORD] [Cron] 🕒 Fin de la régénération automatique de la hiérarchie.
[2025-08-20T14:00:00.114Z] 2025-08-20 16:00:00 [CLIENT DISCORD] [32m🌇 Tâches du soir exécutées ![39m
[2025-08-20T14:00:00.128Z] 2025-08-20 16:00:00 [CLIENT DISCORD] [Cron] 🕒 Démarrage de la régénération automatique de la hiérarchie (tabs)...
[2025-08-20T14:00:00.132Z] 2025-08-20 16:00:00 [CLIENT DISCORD] [Cron] 🕒 Démarrage de la régénération automatique de la hiérarchie... (div)
[2025-08-20T14:00:00.135Z] 2025-08-20 16:00:00 [CLIENT DISCORD] 🔍 Vérification des règles...
[2025-08-20T14:00:00.145Z] 2025-08-20 16:00:00 [DEBUG] 📦 Checking version from local...
[2025-08-20T14:00:00.148Z] 2025-08-20 16:00:00 [CLIENT DISCORD] 📦 Nom : catherine
[2025-08-20T14:00:00.149Z] 2025-08-20 16:00:00 [CLIENT DISCORD] 🕒 Version locale : 2.1.2
[2025-08-20T14:00:00.150Z] 2025-08-20 16:00:00 [DEBUG] 🌐 Checking version from GitHub...
[2025-08-20T14:00:00.187Z] 2025-08-20 16:00:00 [CLIENT DISCORD] ✅ rules_1.txt inchangé, pas de mise à jour.
[2025-08-20T14:00:00.191Z] 2025-08-20 16:00:00 [CLIENT DISCORD] ✅ rules_2.txt inchangé, pas de mise à jour.
[2025-08-20T14:00:00.191Z] 2025-08-20 16:00:00 [CLIENT DISCORD] ✅ Vérification des règles terminée.
[2025-08-20T14:00:00.274Z] 2025-08-20 16:00:00 [CLIENT DISCORD] [EXPORT] access.json mis à jour avec 13 exécutif(s), 3 superviseur(s) et 2 commandement(s)
[2025-08-20T14:00:00.992Z] [NOTIFY] 2025-08-20 16:00:00 [🟢 SOFT NOTIFY] Message DIV supprimé
[2025-08-20T14:00:01.184Z] [NOTIFY] 2025-08-20 16:00:01 [🟢 SOFT NOTIFY] Message TABS supprimé
[2025-08-20T14:00:02.120Z] 2025-08-20 16:00:02 [CLIENT DISCORD] [✅] Hiérarchie DIV envoyée.
[2025-08-20T14:00:02.130Z] 2025-08-20 16:00:02 [CLIENT DISCORD] [Cron] 🕒 Fin de la régénération automatique de la hiérarchie.
[2025-08-20T14:00:02.507Z] 2025-08-20 16:00:02 [CLIENT DISCORD] [✅] Hiérarchie TABS envoyée.
[2025-08-20T14:00:02.508Z] 2025-08-20 16:00:02 [CLIENT DISCORD] [Cron] 🕒 Fin de la régénération automatique de la hiérarchie.
[2025-08-20T14:00:05.449Z] 2025-08-20 16:00:05 [CLIENT DISCORD] 📦 Nom GitHub : catherine
[2025-08-20T14:00:05.450Z] 2025-08-20 16:00:05 [CLIENT DISCORD] 🕒 Version distante : 2.1.2
[2025-08-20T14:00:05.458Z] [INFO] 2025-08-20 16:00:05 [ℹ️ INFO NOTIFY] ✅ Les versions sont identiques.
