[2025-08-22T03:00:00.150Z] 2025-08-22 05:00:00 [CLIENT DISCORD] [32m🌙 Tâches de la nuit exécutées ![39m
[2025-08-22T03:00:00.189Z] 2025-08-22 05:00:00 [DEBUG] 📦 Checking version from local...
[2025-08-22T03:00:00.191Z] 2025-08-22 05:00:00 [CLIENT DISCORD] 📦 Nom : catherine
[2025-08-22T03:00:00.192Z] 2025-08-22 05:00:00 [CLIENT DISCORD] 🕒 Version locale : 2.1.2
[2025-08-22T03:00:00.192Z] 2025-08-22 05:00:00 [DEBUG] 🌐 Checking version from GitHub...
[2025-08-22T03:00:00.198Z] 2025-08-22 05:00:00 [WARN] [REBOOT] Attention, Catherine redémarre (checker les logs). Instruction reboot.js
[2025-08-22T03:00:08.816Z] 2025-08-22 05:00:08 [CLIENT DISCORD] Les modules [32mloggers[39m ont correctement été exportés.
[2025-08-22T03:00:08.854Z] [EVENT] 2025-08-22 05:00:08 [📅 EVENT NOTIFY] Chargé : guildBanAdd
[2025-08-22T03:00:08.856Z] [EVENT] 2025-08-22 05:00:08 [📅 EVENT NOTIFY] Chargé : guildBanRemove
[2025-08-22T03:00:08.858Z] [EVENT] 2025-08-22 05:00:08 [📅 EVENT NOTIFY] Chargé : guildMemberAdd
[2025-08-22T03:00:08.860Z] [EVENT] 2025-08-22 05:00:08 [📅 EVENT NOTIFY] Chargé : guildMemberRemove
[2025-08-22T03:00:08.864Z] 2025-08-22 05:00:08 [CLIENT DISCORD] Les modules  [32mutils.js[39m [0m ont correctement été exporté.[0m
[2025-08-22T03:00:09.621Z] 2025-08-22 05:00:09 [CLIENT DISCORD] L'interaction  [32mbuttons.js[39m [0m ont correctement été exporté.[0m
[2025-08-22T03:00:09.901Z] 2025-08-22 05:00:09 [CLIENT DISCORD] L'interaction  [32mmodals.js[39m [0m ont correctement été exporté.[0m
[2025-08-22T03:00:09.903Z] [EVENT] 2025-08-22 05:00:09 [📅 EVENT NOTIFY] Chargé : interactionCreate
[2025-08-22T03:00:09.906Z] [EVENT] 2025-08-22 05:00:09 [📅 EVENT NOTIFY] Chargé : messageCreate
[2025-08-22T03:00:09.909Z] [EVENT] 2025-08-22 05:00:09 [📅 EVENT NOTIFY] Chargé : messageDelete
[2025-08-22T03:00:09.911Z] [EVENT] 2025-08-22 05:00:09 [📅 EVENT NOTIFY] Chargé : messageUpdate
[2025-08-22T03:00:09.933Z] 2025-08-22 05:00:09 [CLIENT DISCORD] Les modules  [32mcommands.js[39m [0m ont correctement été exporté.[0m
[2025-08-22T03:00:09.951Z] [EVENT] 2025-08-22 05:00:09 [📅 EVENT NOTIFY] Chargé : ready
[2025-08-22T03:00:09.952Z] [EVENT] 2025-08-22 05:00:09 [📅 EVENT NOTIFY] Chargé : voiceStateUpdate
[2025-08-22T03:00:09.957Z] [COMMANDS] 2025-08-22 05:00:09 [📌 COMMANDS NOTIFY] Chargée : ban
[2025-08-22T03:00:09.959Z] [COMMANDS] 2025-08-22 05:00:09 [📌 COMMANDS NOTIFY] Chargée : clear
[2025-08-22T03:00:09.961Z] [COMMANDS] 2025-08-22 05:00:09 [📌 COMMANDS NOTIFY] Chargée : createreport
[2025-08-22T03:00:09.963Z] [COMMANDS] 2025-08-22 05:00:09 [📌 COMMANDS NOTIFY] Chargée : div
[2025-08-22T03:00:09.964Z] [COMMANDS] 2025-08-22 05:00:09 [📌 COMMANDS NOTIFY] Chargée : help
[2025-08-22T03:00:09.965Z] [COMMANDS] 2025-08-22 05:00:09 [📌 COMMANDS NOTIFY] Chargée : info
[2025-08-22T03:00:09.967Z] [COMMANDS] 2025-08-22 05:00:09 [📌 COMMANDS NOTIFY] Chargée : infoshift
[2025-08-22T03:00:09.969Z] [COMMANDS] 2025-08-22 05:00:09 [📌 COMMANDS NOTIFY] Chargée : kick
[2025-08-22T03:00:09.971Z] [COMMANDS] 2025-08-22 05:00:09 [📌 COMMANDS NOTIFY] Chargée : mute
[2025-08-22T03:00:09.972Z] [COMMANDS] 2025-08-22 05:00:09 [📌 COMMANDS NOTIFY] Chargée : openservice
[2025-08-22T03:00:09.974Z] [COMMANDS] 2025-08-22 05:00:09 [📌 COMMANDS NOTIFY] Chargée : pex
[2025-08-22T03:00:09.983Z] [COMMANDS] 2025-08-22 05:00:09 [📌 COMMANDS NOTIFY] Chargée : play
[2025-08-22T03:00:09.984Z] [COMMANDS] 2025-08-22 05:00:09 [📌 COMMANDS NOTIFY] Chargée : promote
[2025-08-22T03:00:09.986Z] [COMMANDS] 2025-08-22 05:00:09 [📌 COMMANDS NOTIFY] Chargée : recruit
[2025-08-22T03:00:09.987Z] [COMMANDS] 2025-08-22 05:00:09 [📌 COMMANDS NOTIFY] Chargée : rename
[2025-08-22T03:00:09.989Z] [COMMANDS] 2025-08-22 05:00:09 [📌 COMMANDS NOTIFY] Chargée : role
[2025-08-22T03:00:09.990Z] [COMMANDS] 2025-08-22 05:00:09 [📌 COMMANDS NOTIFY] Chargée : send
[2025-08-22T03:00:09.992Z] [COMMANDS] 2025-08-22 05:00:09 [📌 COMMANDS NOTIFY] Chargée : shift
[2025-08-22T03:00:09.995Z] [COMMANDS] 2025-08-22 05:00:09 [📌 COMMANDS NOTIFY] Chargée : ticket
[2025-08-22T03:00:09.996Z] [COMMANDS] 2025-08-22 05:00:09 [📌 COMMANDS NOTIFY] Chargée : userinfo
[2025-08-22T03:00:09.997Z] [COMMANDS] 2025-08-22 05:00:09 [📌 COMMANDS NOTIFY] Chargée : warn
[2025-08-22T03:00:10.002Z] 2025-08-22 05:00:10 [CLIENT DISCORD] [42m[30mChargement des informations du package.[39m[49m
[42m[30m[39m[49m [46m[PACKAGE][49m [32mAuth. : François 🌸[39m
[32m[39m [46m[PACKAGE][49m [32mDepd. : axios, chalk, cron, discord-html-transcripts, discord-player, discord.js, distube, dotenv, express, express-session, form-data, fs, googleapis, luxon, node-cron, node-fetch, ora, patch, path, pdf-lib, pdfkit, play-dl, readline, rl, uuid[39m
[32m[39m [46m[PACKAGE][49m [32mDesc. : Official Bot Catherine for 911 Community.[39m
[32m[39m [46m[PACKAGE][49m [32mLisc. : ISC[39m
[32m[39m [46m[PACKAGE][49m [32mMain. : index.js[39m
[32m[39m [46m[PACKAGE][49m [32mName. : catherine[39m
[32m[39m [46m[PACKAGE][49m [32mScrp. : {"test":"echo \"Error: no test specified\" && exit 1","start":"node server.js"}[39m
[32m[39m [46m[PACKAGE][49m [32mVers. : 2.1.2[39m
[32m[39m [46m[PACKAGE][49m [32mPatch Note. : **[PN - 07/06]** *Passage 2.0 with new patch (shift, tabs... new commands handler)*[39m
[32m[39m
[2025-08-22T03:00:10.733Z] 2025-08-22 05:00:10 [DEBUG] 📦 Checking version from local...
[2025-08-22T03:00:10.734Z] 2025-08-22 05:00:10 [CLIENT DISCORD] 📦 Nom : catherine
[2025-08-22T03:00:10.734Z] 2025-08-22 05:00:10 [CLIENT DISCORD] 🕒 Version locale : 2.1.2
[2025-08-22T03:00:10.735Z] 2025-08-22 05:00:10 [DEBUG] 🌐 Checking version from GitHub...
[2025-08-22T03:00:10.995Z] 2025-08-22 05:00:10 [CLIENT DISCORD] 📦 Nom GitHub : catherine
[2025-08-22T03:00:10.996Z] 2025-08-22 05:00:10 [CLIENT DISCORD] 🕒 Version distante : 2.1.2
[2025-08-22T03:00:10.997Z] [INFO] 2025-08-22 05:00:10 [ℹ️ INFO NOTIFY] ✅ Les versions sont identiques.
[2025-08-22T03:00:10.998Z] 2025-08-22 05:00:10 [CLIENT DISCORD] [34m==============================[39m
[2025-08-22T03:00:11.000Z] 2025-08-22 05:00:10 [CLIENT DISCORD] [32m🚀 Démarrage du bot...[39m
[2025-08-22T03:00:11.001Z] 2025-08-22 05:00:11 [CLIENT DISCORD] [33m🔗 Connexion à Discord API...[39m
[2025-08-22T03:00:11.002Z] 2025-08-22 05:00:11 [CLIENT DISCORD] [36m✅ Bot RP en ligne ! Connecté en tant que 293 | Catherine#8045[39m
[2025-08-22T03:00:11.003Z] 2025-08-22 05:00:11 [CLIENT DISCORD] [34m==============================[39m
[34m[39m
[2025-08-22T03:00:11.012Z] 2025-08-22 05:00:11 [CLIENT DISCORD] [player] Initialisation du Player terminée.
[2025-08-22T03:00:11.016Z] 2025-08-22 05:00:11 [CLIENT DISCORD] [player] Extracteurs chargés avec succès.
[2025-08-22T03:00:11.018Z] 2025-08-22 05:00:11 [CLIENT DISCORD] 📥 Serveur trouvé : Georgia State Police (GSP)
[2025-08-22T03:00:11.223Z] 2025-08-22 05:00:11 [CLIENT DISCORD] 🔍 Commandes déjà présentes : play, rules, createreport, div, role, info, pex, openservice, infoshift, recruit, help, ban, ticket, shutdown, userinfo, send, clear, kick, warn, mute, rename, shift, promote
[2025-08-22T03:00:11.224Z] 2025-08-22 05:00:11 [WARN] ⚠️ Les commandes sont déjà enregistrées. Lance avec 'debug' pour forcer l'écrasement.
[2025-08-22T03:00:11.224Z] 2025-08-22 05:00:11 [CLIENT DISCORD] 🎮 Statut et activité mis à jour.
[2025-08-22T03:00:11.224Z] 2025-08-22 05:00:11 [CLIENT DISCORD] 📌 Mode de lancement : [33mAucun[39m
[2025-08-22T03:00:11.225Z] 2025-08-22 05:00:11 [CLIENT DISCORD] ✅ Bot prêt en tant que 293 | Catherine#8045
[2025-08-22T06:00:00.160Z] 2025-08-22 08:00:00 [CLIENT DISCORD] [32m🌅 Tâches du matin exécutées ![39m
[2025-08-22T06:00:00.187Z] 2025-08-22 08:00:00 [CLIENT DISCORD] [Cron] 🕒 Démarrage de la régénération automatique de la hiérarchie (tabs)...
[2025-08-22T06:00:00.195Z] 2025-08-22 08:00:00 [CLIENT DISCORD] [Cron] 🕒 Démarrage de la régénération automatique de la hiérarchie... (div)
[2025-08-22T06:00:00.201Z] 2025-08-22 08:00:00 [CLIENT DISCORD] 🔍 Vérification des règles...
[2025-08-22T06:00:00.214Z] 2025-08-22 08:00:00 [DEBUG] 📦 Checking version from local...
[2025-08-22T06:00:00.217Z] 2025-08-22 08:00:00 [CLIENT DISCORD] 📦 Nom : catherine
[2025-08-22T06:00:00.218Z] 2025-08-22 08:00:00 [CLIENT DISCORD] 🕒 Version locale : 2.1.2
[2025-08-22T06:00:00.220Z] 2025-08-22 08:00:00 [DEBUG] 🌐 Checking version from GitHub...
[2025-08-22T06:00:00.261Z] 2025-08-22 08:00:00 [CLIENT DISCORD] ✅ rules_1.txt inchangé, pas de mise à jour.
[2025-08-22T06:00:00.262Z] 2025-08-22 08:00:00 [CLIENT DISCORD] ✅ rules_2.txt inchangé, pas de mise à jour.
[2025-08-22T06:00:00.263Z] 2025-08-22 08:00:00 [CLIENT DISCORD] ✅ Vérification des règles terminée.
[2025-08-22T06:00:00.369Z] 2025-08-22 08:00:00 [CLIENT DISCORD] [EXPORT] access.json mis à jour avec 13 exécutif(s), 3 superviseur(s) et 2 commandement(s)
[2025-08-22T06:00:00.505Z] 2025-08-22 08:00:00 [CLIENT DISCORD] 📦 Nom GitHub : catherine
[2025-08-22T06:00:00.510Z] 2025-08-22 08:00:00 [CLIENT DISCORD] 🕒 Version distante : 2.1.2
[2025-08-22T06:00:00.511Z] [INFO] 2025-08-22 08:00:00 [ℹ️ INFO NOTIFY] ✅ Les versions sont identiques.
[2025-08-22T06:00:00.869Z] [NOTIFY] 2025-08-22 08:00:00 [🟢 SOFT NOTIFY] Message DIV supprimé
[2025-08-22T06:00:01.174Z] [NOTIFY] 2025-08-22 08:00:01 [🟢 SOFT NOTIFY] Message TABS supprimé
[2025-08-22T06:00:02.657Z] 2025-08-22 08:00:02 [CLIENT DISCORD] [✅] Hiérarchie DIV envoyée.
[2025-08-22T06:00:02.659Z] 2025-08-22 08:00:02 [CLIENT DISCORD] [Cron] 🕒 Fin de la régénération automatique de la hiérarchie.
[2025-08-22T06:00:03.122Z] 2025-08-22 08:00:03 [CLIENT DISCORD] [✅] Hiérarchie TABS envoyée.
[2025-08-22T06:00:03.132Z] 2025-08-22 08:00:03 [CLIENT DISCORD] [Cron] 🕒 Fin de la régénération automatique de la hiérarchie.
[2025-08-22T14:00:00.171Z] 2025-08-22 16:00:00 [CLIENT DISCORD] [32m🌇 Tâches du soir exécutées ![39m
[2025-08-22T14:00:00.193Z] 2025-08-22 16:00:00 [CLIENT DISCORD] [Cron] 🕒 Démarrage de la régénération automatique de la hiérarchie (tabs)...
[2025-08-22T14:00:00.197Z] 2025-08-22 16:00:00 [CLIENT DISCORD] [Cron] 🕒 Démarrage de la régénération automatique de la hiérarchie... (div)
[2025-08-22T14:00:00.198Z] 2025-08-22 16:00:00 [CLIENT DISCORD] 🔍 Vérification des règles...
[2025-08-22T14:00:00.208Z] 2025-08-22 16:00:00 [DEBUG] 📦 Checking version from local...
[2025-08-22T14:00:00.211Z] 2025-08-22 16:00:00 [CLIENT DISCORD] 📦 Nom : catherine
[2025-08-22T14:00:00.211Z] 2025-08-22 16:00:00 [CLIENT DISCORD] 🕒 Version locale : 2.1.2
[2025-08-22T14:00:00.212Z] 2025-08-22 16:00:00 [DEBUG] 🌐 Checking version from GitHub...
[2025-08-22T14:00:00.295Z] 2025-08-22 16:00:00 [CLIENT DISCORD] ✅ rules_1.txt inchangé, pas de mise à jour.
[2025-08-22T14:00:00.297Z] 2025-08-22 16:00:00 [CLIENT DISCORD] ✅ rules_2.txt inchangé, pas de mise à jour.
[2025-08-22T14:00:00.297Z] 2025-08-22 16:00:00 [CLIENT DISCORD] ✅ Vérification des règles terminée.
[2025-08-22T14:00:00.367Z] 2025-08-22 16:00:00 [CLIENT DISCORD] [EXPORT] access.json mis à jour avec 13 exécutif(s), 3 superviseur(s) et 2 commandement(s)
[2025-08-22T14:00:00.573Z] 2025-08-22 16:00:00 [CLIENT DISCORD] 📦 Nom GitHub : catherine
[2025-08-22T14:00:00.574Z] 2025-08-22 16:00:00 [CLIENT DISCORD] 🕒 Version distante : 2.1.2
[2025-08-22T14:00:00.575Z] [INFO] 2025-08-22 16:00:00 [ℹ️ INFO NOTIFY] ✅ Les versions sont identiques.
[2025-08-22T14:00:00.670Z] [NOTIFY] 2025-08-22 16:00:00 [🟢 SOFT NOTIFY] Message DIV supprimé
[2025-08-22T14:00:01.020Z] [NOTIFY] 2025-08-22 16:00:01 [🟢 SOFT NOTIFY] Message TABS supprimé
[2025-08-22T14:00:02.311Z] 2025-08-22 16:00:02 [CLIENT DISCORD] [✅] Hiérarchie DIV envoyée.
[2025-08-22T14:00:02.313Z] 2025-08-22 16:00:02 [CLIENT DISCORD] [Cron] 🕒 Fin de la régénération automatique de la hiérarchie.
[2025-08-22T14:00:02.577Z] 2025-08-22 16:00:02 [CLIENT DISCORD] [✅] Hiérarchie TABS envoyée.
[2025-08-22T14:00:02.584Z] 2025-08-22 16:00:02 [CLIENT DISCORD] [Cron] 🕒 Fin de la régénération automatique de la hiérarchie.
