[2025-08-24T03:00:00.162Z] 2025-08-24 05:00:00 [CLIENT DISCORD] [32m🌙 Tâches de la nuit exécutées ![39m
[2025-08-24T03:00:00.202Z] 2025-08-24 05:00:00 [DEBUG] 📦 Checking version from local...
[2025-08-24T03:00:00.204Z] 2025-08-24 05:00:00 [CLIENT DISCORD] 📦 Nom : catherine
[2025-08-24T03:00:00.205Z] 2025-08-24 05:00:00 [CLIENT DISCORD] 🕒 Version locale : 2.1.2
[2025-08-24T03:00:00.206Z] 2025-08-24 05:00:00 [DEBUG] 🌐 Checking version from GitHub...
[2025-08-24T03:00:00.227Z] 2025-08-24 05:00:00 [WARN] [REBOOT] Attention, Catherine redémarre (checker les logs). Instruction reboot.js
[2025-08-24T03:00:09.019Z] 2025-08-24 05:00:08 [CLIENT DISCORD] Les modules [32mloggers[39m ont correctement été exportés.
[2025-08-24T03:00:09.072Z] [EVENT] 2025-08-24 05:00:09 [📅 EVENT NOTIFY] Chargé : guildBanAdd
[2025-08-24T03:00:09.074Z] [EVENT] 2025-08-24 05:00:09 [📅 EVENT NOTIFY] Chargé : guildBanRemove
[2025-08-24T03:00:09.076Z] [EVENT] 2025-08-24 05:00:09 [📅 EVENT NOTIFY] Chargé : guildMemberAdd
[2025-08-24T03:00:09.078Z] [EVENT] 2025-08-24 05:00:09 [📅 EVENT NOTIFY] Chargé : guildMemberRemove
[2025-08-24T03:00:09.082Z] 2025-08-24 05:00:09 [CLIENT DISCORD] Les modules  [32mutils.js[39m [0m ont correctement été exporté.[0m
[2025-08-24T03:00:10.275Z] 2025-08-24 05:00:10 [CLIENT DISCORD] L'interaction  [32mbuttons.js[39m [0m ont correctement été exporté.[0m
[2025-08-24T03:00:10.715Z] 2025-08-24 05:00:10 [CLIENT DISCORD] L'interaction  [32mmodals.js[39m [0m ont correctement été exporté.[0m
[2025-08-24T03:00:10.716Z] [EVENT] 2025-08-24 05:00:10 [📅 EVENT NOTIFY] Chargé : interactionCreate
[2025-08-24T03:00:10.718Z] [EVENT] 2025-08-24 05:00:10 [📅 EVENT NOTIFY] Chargé : messageCreate
[2025-08-24T03:00:10.721Z] [EVENT] 2025-08-24 05:00:10 [📅 EVENT NOTIFY] Chargé : messageDelete
[2025-08-24T03:00:10.723Z] [EVENT] 2025-08-24 05:00:10 [📅 EVENT NOTIFY] Chargé : messageUpdate
[2025-08-24T03:00:10.752Z] 2025-08-24 05:00:10 [CLIENT DISCORD] Les modules  [32mcommands.js[39m [0m ont correctement été exporté.[0m
[2025-08-24T03:00:10.782Z] [EVENT] 2025-08-24 05:00:10 [📅 EVENT NOTIFY] Chargé : ready
[2025-08-24T03:00:10.783Z] [EVENT] 2025-08-24 05:00:10 [📅 EVENT NOTIFY] Chargé : voiceStateUpdate
[2025-08-24T03:00:10.789Z] [COMMANDS] 2025-08-24 05:00:10 [📌 COMMANDS NOTIFY] Chargée : ban
[2025-08-24T03:00:10.791Z] [COMMANDS] 2025-08-24 05:00:10 [📌 COMMANDS NOTIFY] Chargée : clear
[2025-08-24T03:00:10.793Z] [COMMANDS] 2025-08-24 05:00:10 [📌 COMMANDS NOTIFY] Chargée : createreport
[2025-08-24T03:00:10.796Z] [COMMANDS] 2025-08-24 05:00:10 [📌 COMMANDS NOTIFY] Chargée : div
[2025-08-24T03:00:10.798Z] [COMMANDS] 2025-08-24 05:00:10 [📌 COMMANDS NOTIFY] Chargée : help
[2025-08-24T03:00:10.801Z] [COMMANDS] 2025-08-24 05:00:10 [📌 COMMANDS NOTIFY] Chargée : info
[2025-08-24T03:00:10.803Z] [COMMANDS] 2025-08-24 05:00:10 [📌 COMMANDS NOTIFY] Chargée : infoshift
[2025-08-24T03:00:10.805Z] [COMMANDS] 2025-08-24 05:00:10 [📌 COMMANDS NOTIFY] Chargée : kick
[2025-08-24T03:00:10.807Z] [COMMANDS] 2025-08-24 05:00:10 [📌 COMMANDS NOTIFY] Chargée : mute
[2025-08-24T03:00:10.809Z] [COMMANDS] 2025-08-24 05:00:10 [📌 COMMANDS NOTIFY] Chargée : openservice
[2025-08-24T03:00:10.811Z] [COMMANDS] 2025-08-24 05:00:10 [📌 COMMANDS NOTIFY] Chargée : pex
[2025-08-24T03:00:10.834Z] [COMMANDS] 2025-08-24 05:00:10 [📌 COMMANDS NOTIFY] Chargée : play
[2025-08-24T03:00:10.836Z] [COMMANDS] 2025-08-24 05:00:10 [📌 COMMANDS NOTIFY] Chargée : promote
[2025-08-24T03:00:10.838Z] [COMMANDS] 2025-08-24 05:00:10 [📌 COMMANDS NOTIFY] Chargée : recruit
[2025-08-24T03:00:10.839Z] [COMMANDS] 2025-08-24 05:00:10 [📌 COMMANDS NOTIFY] Chargée : rename
[2025-08-24T03:00:10.841Z] [COMMANDS] 2025-08-24 05:00:10 [📌 COMMANDS NOTIFY] Chargée : role
[2025-08-24T03:00:10.844Z] [COMMANDS] 2025-08-24 05:00:10 [📌 COMMANDS NOTIFY] Chargée : send
[2025-08-24T03:00:10.846Z] [COMMANDS] 2025-08-24 05:00:10 [📌 COMMANDS NOTIFY] Chargée : shift
[2025-08-24T03:00:10.852Z] [COMMANDS] 2025-08-24 05:00:10 [📌 COMMANDS NOTIFY] Chargée : ticket
[2025-08-24T03:00:10.854Z] [COMMANDS] 2025-08-24 05:00:10 [📌 COMMANDS NOTIFY] Chargée : userinfo
[2025-08-24T03:00:10.856Z] [COMMANDS] 2025-08-24 05:00:10 [📌 COMMANDS NOTIFY] Chargée : warn
[2025-08-24T03:00:10.861Z] 2025-08-24 05:00:10 [CLIENT DISCORD] [42m[30mChargement des informations du package.[39m[49m
[42m[30m[39m[49m [46m[PACKAGE][49m [32mAuth. : François 🌸[39m
[32m[39m [46m[PACKAGE][49m [32mDepd. : axios, chalk, cron, discord-html-transcripts, discord-player, discord.js, distube, dotenv, express, express-session, form-data, fs, googleapis, luxon, node-cron, node-fetch, ora, patch, path, pdf-lib, pdfkit, play-dl, readline, rl, uuid[39m
[32m[39m [46m[PACKAGE][49m [32mDesc. : Official Bot Catherine for 911 Community.[39m
[32m[39m [46m[PACKAGE][49m [32mLisc. : ISC[39m
[32m[39m [46m[PACKAGE][49m [32mMain. : index.js[39m
[32m[39m [46m[PACKAGE][49m [32mName. : catherine[39m
[32m[39m [46m[PACKAGE][49m [32mScrp. : {"test":"echo \"Error: no test specified\" && exit 1","start":"node server.js"}[39m
[32m[39m [46m[PACKAGE][49m [32mVers. : 2.1.2[39m
[32m[39m [46m[PACKAGE][49m [32mPatch Note. : **[PN - 07/06]** *Passage 2.0 with new patch (shift, tabs... new commands handler)*[39m
[32m[39m
[2025-08-24T03:00:11.710Z] 2025-08-24 05:00:11 [DEBUG] 📦 Checking version from local...
[2025-08-24T03:00:11.711Z] 2025-08-24 05:00:11 [CLIENT DISCORD] 📦 Nom : catherine
[2025-08-24T03:00:11.711Z] 2025-08-24 05:00:11 [CLIENT DISCORD] 🕒 Version locale : 2.1.2
[2025-08-24T03:00:11.712Z] 2025-08-24 05:00:11 [DEBUG] 🌐 Checking version from GitHub...
[2025-08-24T03:00:11.980Z] 2025-08-24 05:00:11 [CLIENT DISCORD] 📦 Nom GitHub : catherine
[2025-08-24T03:00:11.981Z] 2025-08-24 05:00:11 [CLIENT DISCORD] 🕒 Version distante : 2.1.2
[2025-08-24T03:00:11.981Z] [INFO] 2025-08-24 05:00:11 [ℹ️ INFO NOTIFY] ✅ Les versions sont identiques.
[2025-08-24T03:00:11.982Z] 2025-08-24 05:00:11 [CLIENT DISCORD] [34m==============================[39m
[2025-08-24T03:00:11.982Z] 2025-08-24 05:00:11 [CLIENT DISCORD] [32m🚀 Démarrage du bot...[39m
[2025-08-24T03:00:11.982Z] 2025-08-24 05:00:11 [CLIENT DISCORD] [33m🔗 Connexion à Discord API...[39m
[2025-08-24T03:00:11.983Z] 2025-08-24 05:00:11 [CLIENT DISCORD] [36m✅ Bot RP en ligne ! Connecté en tant que 293 | Catherine#8045[39m
[2025-08-24T03:00:11.983Z] 2025-08-24 05:00:11 [CLIENT DISCORD] [34m==============================[39m
[34m[39m
[2025-08-24T03:00:11.994Z] 2025-08-24 05:00:11 [CLIENT DISCORD] [player] Initialisation du Player terminée.
[2025-08-24T03:00:11.998Z] 2025-08-24 05:00:11 [CLIENT DISCORD] [player] Extracteurs chargés avec succès.
[2025-08-24T03:00:11.999Z] 2025-08-24 05:00:11 [CLIENT DISCORD] 📥 Serveur trouvé : Georgia State Police (GSP)
[2025-08-24T03:00:12.235Z] 2025-08-24 05:00:12 [CLIENT DISCORD] 🔍 Commandes déjà présentes : play, rules, createreport, div, role, info, pex, openservice, infoshift, recruit, help, ban, ticket, shutdown, userinfo, send, clear, kick, warn, mute, rename, shift, promote
[2025-08-24T03:00:12.235Z] 2025-08-24 05:00:12 [WARN] ⚠️ Les commandes sont déjà enregistrées. Lance avec 'debug' pour forcer l'écrasement.
[2025-08-24T03:00:12.236Z] 2025-08-24 05:00:12 [CLIENT DISCORD] 🎮 Statut et activité mis à jour.
[2025-08-24T03:00:12.236Z] 2025-08-24 05:00:12 [CLIENT DISCORD] 📌 Mode de lancement : [33mAucun[39m
[2025-08-24T03:00:12.236Z] 2025-08-24 05:00:12 [CLIENT DISCORD] ✅ Bot prêt en tant que 293 | Catherine#8045
[2025-08-24T06:00:00.174Z] 2025-08-24 08:00:00 [CLIENT DISCORD] [32m🌅 Tâches du matin exécutées ![39m
[2025-08-24T06:00:00.204Z] 2025-08-24 08:00:00 [CLIENT DISCORD] [Cron] 🕒 Démarrage de la régénération automatique de la hiérarchie (tabs)...
[2025-08-24T06:00:00.218Z] 2025-08-24 08:00:00 [CLIENT DISCORD] [Cron] 🕒 Démarrage de la régénération automatique de la hiérarchie... (div)
[2025-08-24T06:00:00.223Z] 2025-08-24 08:00:00 [CLIENT DISCORD] 🔍 Vérification des règles...
[2025-08-24T06:00:00.244Z] 2025-08-24 08:00:00 [DEBUG] 📦 Checking version from local...
[2025-08-24T06:00:00.246Z] 2025-08-24 08:00:00 [CLIENT DISCORD] 📦 Nom : catherine
[2025-08-24T06:00:00.247Z] 2025-08-24 08:00:00 [CLIENT DISCORD] 🕒 Version locale : 2.1.2
[2025-08-24T06:00:00.248Z] 2025-08-24 08:00:00 [DEBUG] 🌐 Checking version from GitHub...
[2025-08-24T06:00:00.298Z] 2025-08-24 08:00:00 [CLIENT DISCORD] ✅ rules_1.txt inchangé, pas de mise à jour.
[2025-08-24T06:00:00.300Z] 2025-08-24 08:00:00 [CLIENT DISCORD] ✅ rules_2.txt inchangé, pas de mise à jour.
[2025-08-24T06:00:00.301Z] 2025-08-24 08:00:00 [CLIENT DISCORD] ✅ Vérification des règles terminée.
[2025-08-24T06:00:00.373Z] 2025-08-24 08:00:00 [CLIENT DISCORD] [EXPORT] access.json mis à jour avec 13 exécutif(s), 3 superviseur(s) et 2 commandement(s)
[2025-08-24T06:00:00.566Z] 2025-08-24 08:00:00 [CLIENT DISCORD] 📦 Nom GitHub : catherine
[2025-08-24T06:00:00.568Z] 2025-08-24 08:00:00 [CLIENT DISCORD] 🕒 Version distante : 2.1.2
[2025-08-24T06:00:00.568Z] [INFO] 2025-08-24 08:00:00 [ℹ️ INFO NOTIFY] ✅ Les versions sont identiques.
[2025-08-24T06:00:00.810Z] [NOTIFY] 2025-08-24 08:00:00 [🟢 SOFT NOTIFY] Message DIV supprimé
[2025-08-24T06:00:01.012Z] [NOTIFY] 2025-08-24 08:00:01 [🟢 SOFT NOTIFY] Message TABS supprimé
[2025-08-24T06:00:03.942Z] 2025-08-24 08:00:03 [CLIENT DISCORD] [✅] Hiérarchie DIV envoyée.
[2025-08-24T06:00:03.943Z] 2025-08-24 08:00:03 [CLIENT DISCORD] [Cron] 🕒 Fin de la régénération automatique de la hiérarchie.
[2025-08-24T06:00:04.176Z] 2025-08-24 08:00:04 [CLIENT DISCORD] [✅] Hiérarchie TABS envoyée.
[2025-08-24T06:00:04.181Z] 2025-08-24 08:00:04 [CLIENT DISCORD] [Cron] 🕒 Fin de la régénération automatique de la hiérarchie.
[2025-08-24T09:27:12.983Z] 2025-08-24 11:27:12 [CLIENT DISCORD] [94m[MESSAGE_SENT][39m [32m.darkodin92[39m [0ma envoyé[0m [32m@everyoneca dis quoi l'équipe[39m [0mdans[0m [32m💬-discussion[39m
[2025-08-24T09:27:33.014Z] 2025-08-24 11:27:33 [CLIENT DISCORD] [94m[MESSAGE_SENT][39m [32mluludu04[39m [0ma envoyé[0m [32mbien bien ett[39m [0mdans[0m [32m💬-discussion[39m
[2025-08-24T09:41:46.957Z] 2025-08-24 11:41:46 [CLIENT DISCORD] [94m[MESSAGE_SENT][39m [32mrory.p71[39m [0ma envoyé[0m [32mÇa va, je suis chez moi autour du 29[39m [0mdans[0m [32m💬-discussion[39m
[2025-08-24T09:47:29.352Z] 2025-08-24 11:47:29 [CLIENT DISCORD] [94m[MESSAGE_SENT][39m [32mmatharcane[39m [0ma envoyé[0m [32mBiiieennnggg et toi ?[39m [0mdans[0m [32m💬-discussion[39m
[2025-08-24T11:02:14.803Z] 2025-08-24 13:02:14 [CLIENT DISCORD] [94m[MESSAGE_SENT][39m [32moctavio1633[39m [0ma envoyé[0m [32mEn survie et vous[39m [0mdans[0m [32m💬-discussion[39m
[2025-08-24T12:09:21.851Z] 2025-08-24 14:09:21 [CLIENT DISCORD] [94m[MESSAGE_SENT][39m [32mmrbobolt[39m [0ma envoyé[0m [32mBranlette[39m [0mdans[0m [32m💬-discussion[39m
[2025-08-24T14:00:00.127Z] 2025-08-24 16:00:00 [CLIENT DISCORD] [32m🌇 Tâches du soir exécutées ![39m
[2025-08-24T14:00:00.132Z] 2025-08-24 16:00:00 [CLIENT DISCORD] [Cron] 🕒 Démarrage de la régénération automatique de la hiérarchie (tabs)...
[2025-08-24T14:00:00.133Z] 2025-08-24 16:00:00 [CLIENT DISCORD] [Cron] 🕒 Démarrage de la régénération automatique de la hiérarchie... (div)
[2025-08-24T14:00:00.135Z] 2025-08-24 16:00:00 [CLIENT DISCORD] 🔍 Vérification des règles...
[2025-08-24T14:00:00.139Z] 2025-08-24 16:00:00 [DEBUG] 📦 Checking version from local...
[2025-08-24T14:00:00.140Z] 2025-08-24 16:00:00 [CLIENT DISCORD] 📦 Nom : catherine
[2025-08-24T14:00:00.141Z] 2025-08-24 16:00:00 [CLIENT DISCORD] 🕒 Version locale : 2.1.2
[2025-08-24T14:00:00.142Z] 2025-08-24 16:00:00 [DEBUG] 🌐 Checking version from GitHub...
[2025-08-24T14:00:00.178Z] 2025-08-24 16:00:00 [CLIENT DISCORD] ✅ rules_1.txt inchangé, pas de mise à jour.
[2025-08-24T14:00:00.180Z] 2025-08-24 16:00:00 [CLIENT DISCORD] ✅ rules_2.txt inchangé, pas de mise à jour.
[2025-08-24T14:00:00.181Z] 2025-08-24 16:00:00 [CLIENT DISCORD] ✅ Vérification des règles terminée.
[2025-08-24T14:00:00.296Z] 2025-08-24 16:00:00 [CLIENT DISCORD] [EXPORT] access.json mis à jour avec 13 exécutif(s), 3 superviseur(s) et 2 commandement(s)
[2025-08-24T14:00:00.423Z] 2025-08-24 16:00:00 [CLIENT DISCORD] 📦 Nom GitHub : catherine
[2025-08-24T14:00:00.425Z] 2025-08-24 16:00:00 [CLIENT DISCORD] 🕒 Version distante : 2.1.2
[2025-08-24T14:00:00.426Z] [INFO] 2025-08-24 16:00:00 [ℹ️ INFO NOTIFY] ✅ Les versions sont identiques.
[2025-08-24T14:00:00.517Z] [NOTIFY] 2025-08-24 16:00:00 [🟢 SOFT NOTIFY] Message DIV supprimé
[2025-08-24T14:00:00.749Z] [NOTIFY] 2025-08-24 16:00:00 [🟢 SOFT NOTIFY] Message TABS supprimé
[2025-08-24T14:00:01.376Z] 2025-08-24 16:00:01 [CLIENT DISCORD] [✅] Hiérarchie DIV envoyée.
[2025-08-24T14:00:01.384Z] 2025-08-24 16:00:01 [CLIENT DISCORD] [Cron] 🕒 Fin de la régénération automatique de la hiérarchie.
[2025-08-24T14:00:01.761Z] 2025-08-24 16:00:01 [CLIENT DISCORD] [✅] Hiérarchie TABS envoyée.
[2025-08-24T14:00:01.771Z] 2025-08-24 16:00:01 [CLIENT DISCORD] [Cron] 🕒 Fin de la régénération automatique de la hiérarchie.
