[2025-08-18T03:00:00.167Z] 2025-08-18 05:00:00 [CLIENT DISCORD] [32m🌙 Tâches de la nuit exécutées ![39m
[2025-08-18T03:00:00.207Z] 2025-08-18 05:00:00 [DEBUG] 📦 Checking version from local...
[2025-08-18T03:00:00.210Z] 2025-08-18 05:00:00 [CLIENT DISCORD] 📦 Nom : catherine
[2025-08-18T03:00:00.211Z] 2025-08-18 05:00:00 [CLIENT DISCORD] 🕒 Version locale : 2.1.2
[2025-08-18T03:00:00.212Z] 2025-08-18 05:00:00 [DEBUG] 🌐 Checking version from GitHub...
[2025-08-18T03:00:00.218Z] 2025-08-18 05:00:00 [WARN] [REBOOT] Attention, Catherine redémarre (checker les logs). Instruction reboot.js
[2025-08-18T03:00:08.635Z] 2025-08-18 05:00:08 [CLIENT DISCORD] Les modules [32mloggers[39m ont correctement été exportés.
[2025-08-18T03:00:08.670Z] [EVENT] 2025-08-18 05:00:08 [📅 EVENT NOTIFY] Chargé : guildBanAdd
[2025-08-18T03:00:08.671Z] [EVENT] 2025-08-18 05:00:08 [📅 EVENT NOTIFY] Chargé : guildBanRemove
[2025-08-18T03:00:08.672Z] [EVENT] 2025-08-18 05:00:08 [📅 EVENT NOTIFY] Chargé : guildMemberAdd
[2025-08-18T03:00:08.674Z] [EVENT] 2025-08-18 05:00:08 [📅 EVENT NOTIFY] Chargé : guildMemberRemove
[2025-08-18T03:00:08.677Z] 2025-08-18 05:00:08 [CLIENT DISCORD] Les modules  [32mutils.js[39m [0m ont correctement été exporté.[0m
[2025-08-18T03:00:09.969Z] 2025-08-18 05:00:09 [CLIENT DISCORD] L'interaction  [32mbuttons.js[39m [0m ont correctement été exporté.[0m
[2025-08-18T03:00:10.264Z] 2025-08-18 05:00:10 [CLIENT DISCORD] L'interaction  [32mmodals.js[39m [0m ont correctement été exporté.[0m
[2025-08-18T03:00:10.266Z] [EVENT] 2025-08-18 05:00:10 [📅 EVENT NOTIFY] Chargé : interactionCreate
[2025-08-18T03:00:10.269Z] [EVENT] 2025-08-18 05:00:10 [📅 EVENT NOTIFY] Chargé : messageCreate
[2025-08-18T03:00:10.271Z] [EVENT] 2025-08-18 05:00:10 [📅 EVENT NOTIFY] Chargé : messageDelete
[2025-08-18T03:00:10.273Z] [EVENT] 2025-08-18 05:00:10 [📅 EVENT NOTIFY] Chargé : messageUpdate
[2025-08-18T03:00:10.310Z] 2025-08-18 05:00:10 [CLIENT DISCORD] Les modules  [32mcommands.js[39m [0m ont correctement été exporté.[0m
[2025-08-18T03:00:10.331Z] [EVENT] 2025-08-18 05:00:10 [📅 EVENT NOTIFY] Chargé : ready
[2025-08-18T03:00:10.332Z] [EVENT] 2025-08-18 05:00:10 [📅 EVENT NOTIFY] Chargé : voiceStateUpdate
[2025-08-18T03:00:10.337Z] [COMMANDS] 2025-08-18 05:00:10 [📌 COMMANDS NOTIFY] Chargée : ban
[2025-08-18T03:00:10.339Z] [COMMANDS] 2025-08-18 05:00:10 [📌 COMMANDS NOTIFY] Chargée : clear
[2025-08-18T03:00:10.340Z] [COMMANDS] 2025-08-18 05:00:10 [📌 COMMANDS NOTIFY] Chargée : createreport
[2025-08-18T03:00:10.342Z] [COMMANDS] 2025-08-18 05:00:10 [📌 COMMANDS NOTIFY] Chargée : div
[2025-08-18T03:00:10.345Z] [COMMANDS] 2025-08-18 05:00:10 [📌 COMMANDS NOTIFY] Chargée : help
[2025-08-18T03:00:10.347Z] [COMMANDS] 2025-08-18 05:00:10 [📌 COMMANDS NOTIFY] Chargée : info
[2025-08-18T03:00:10.350Z] [COMMANDS] 2025-08-18 05:00:10 [📌 COMMANDS NOTIFY] Chargée : infoshift
[2025-08-18T03:00:10.352Z] [COMMANDS] 2025-08-18 05:00:10 [📌 COMMANDS NOTIFY] Chargée : kick
[2025-08-18T03:00:10.353Z] [COMMANDS] 2025-08-18 05:00:10 [📌 COMMANDS NOTIFY] Chargée : mute
[2025-08-18T03:00:10.355Z] [COMMANDS] 2025-08-18 05:00:10 [📌 COMMANDS NOTIFY] Chargée : openservice
[2025-08-18T03:00:10.357Z] [COMMANDS] 2025-08-18 05:00:10 [📌 COMMANDS NOTIFY] Chargée : pex
[2025-08-18T03:00:10.375Z] [COMMANDS] 2025-08-18 05:00:10 [📌 COMMANDS NOTIFY] Chargée : play
[2025-08-18T03:00:10.377Z] [COMMANDS] 2025-08-18 05:00:10 [📌 COMMANDS NOTIFY] Chargée : promote
[2025-08-18T03:00:10.379Z] [COMMANDS] 2025-08-18 05:00:10 [📌 COMMANDS NOTIFY] Chargée : recruit
[2025-08-18T03:00:10.381Z] [COMMANDS] 2025-08-18 05:00:10 [📌 COMMANDS NOTIFY] Chargée : rename
[2025-08-18T03:00:10.382Z] [COMMANDS] 2025-08-18 05:00:10 [📌 COMMANDS NOTIFY] Chargée : role
[2025-08-18T03:00:10.384Z] [COMMANDS] 2025-08-18 05:00:10 [📌 COMMANDS NOTIFY] Chargée : send
[2025-08-18T03:00:10.387Z] [COMMANDS] 2025-08-18 05:00:10 [📌 COMMANDS NOTIFY] Chargée : shift
[2025-08-18T03:00:10.391Z] [COMMANDS] 2025-08-18 05:00:10 [📌 COMMANDS NOTIFY] Chargée : ticket
[2025-08-18T03:00:10.393Z] [COMMANDS] 2025-08-18 05:00:10 [📌 COMMANDS NOTIFY] Chargée : userinfo
[2025-08-18T03:00:10.395Z] [COMMANDS] 2025-08-18 05:00:10 [📌 COMMANDS NOTIFY] Chargée : warn
[2025-08-18T03:00:10.400Z] 2025-08-18 05:00:10 [CLIENT DISCORD] [42m[30mChargement des informations du package.[39m[49m
[42m[30m[39m[49m [46m[PACKAGE][49m [32mAuth. : François 🌸[39m
[32m[39m [46m[PACKAGE][49m [32mDepd. : axios, chalk, cron, discord-html-transcripts, discord-player, discord.js, distube, dotenv, express, express-session, form-data, fs, googleapis, luxon, node-cron, node-fetch, ora, patch, path, pdf-lib, pdfkit, play-dl, readline, rl, uuid[39m
[32m[39m [46m[PACKAGE][49m [32mDesc. : Official Bot Catherine for 911 Community.[39m
[32m[39m [46m[PACKAGE][49m [32mLisc. : ISC[39m
[32m[39m [46m[PACKAGE][49m [32mMain. : index.js[39m
[32m[39m [46m[PACKAGE][49m [32mName. : catherine[39m
[32m[39m [46m[PACKAGE][49m [32mScrp. : {"test":"echo \"Error: no test specified\" && exit 1","start":"node server.js"}[39m
[32m[39m [46m[PACKAGE][49m [32mVers. : 2.1.2[39m
[32m[39m [46m[PACKAGE][49m [32mPatch Note. : **[PN - 07/06]** *Passage 2.0 with new patch (shift, tabs... new commands handler)*[39m
[32m[39m
[2025-08-18T03:00:11.214Z] 2025-08-18 05:00:11 [DEBUG] 📦 Checking version from local...
[2025-08-18T03:00:11.215Z] 2025-08-18 05:00:11 [CLIENT DISCORD] 📦 Nom : catherine
[2025-08-18T03:00:11.216Z] 2025-08-18 05:00:11 [CLIENT DISCORD] 🕒 Version locale : 2.1.2
[2025-08-18T03:00:11.217Z] 2025-08-18 05:00:11 [DEBUG] 🌐 Checking version from GitHub...
[2025-08-18T03:00:11.478Z] 2025-08-18 05:00:11 [CLIENT DISCORD] 📦 Nom GitHub : catherine
[2025-08-18T03:00:11.479Z] 2025-08-18 05:00:11 [CLIENT DISCORD] 🕒 Version distante : 2.1.2
[2025-08-18T03:00:11.480Z] [INFO] 2025-08-18 05:00:11 [ℹ️ INFO NOTIFY] ✅ Les versions sont identiques.
[2025-08-18T03:00:11.481Z] 2025-08-18 05:00:11 [CLIENT DISCORD] [34m==============================[39m
[2025-08-18T03:00:11.483Z] 2025-08-18 05:00:11 [CLIENT DISCORD] [32m🚀 Démarrage du bot...[39m
[2025-08-18T03:00:11.484Z] 2025-08-18 05:00:11 [CLIENT DISCORD] [33m🔗 Connexion à Discord API...[39m
[2025-08-18T03:00:11.485Z] 2025-08-18 05:00:11 [CLIENT DISCORD] [36m✅ Bot RP en ligne ! Connecté en tant que 293 | Catherine#8045[39m
[2025-08-18T03:00:11.486Z] 2025-08-18 05:00:11 [CLIENT DISCORD] [34m==============================[39m
[34m[39m
[2025-08-18T03:00:11.499Z] 2025-08-18 05:00:11 [CLIENT DISCORD] [player] Initialisation du Player terminée.
[2025-08-18T03:00:11.504Z] 2025-08-18 05:00:11 [CLIENT DISCORD] [player] Extracteurs chargés avec succès.
[2025-08-18T03:00:11.506Z] 2025-08-18 05:00:11 [CLIENT DISCORD] 📥 Serveur trouvé : Georgia State Police (GSP)
[2025-08-18T03:00:11.764Z] 2025-08-18 05:00:11 [CLIENT DISCORD] 🔍 Commandes déjà présentes : play, rules, createreport, div, role, info, pex, openservice, infoshift, recruit, help, ban, ticket, shutdown, userinfo, send, clear, kick, warn, mute, rename, shift, promote
[2025-08-18T03:00:11.767Z] 2025-08-18 05:00:11 [WARN] ⚠️ Les commandes sont déjà enregistrées. Lance avec 'debug' pour forcer l'écrasement.
[2025-08-18T03:00:11.769Z] 2025-08-18 05:00:11 [CLIENT DISCORD] 🎮 Statut et activité mis à jour.
[2025-08-18T03:00:11.770Z] 2025-08-18 05:00:11 [CLIENT DISCORD] 📌 Mode de lancement : [33mAucun[39m
[2025-08-18T03:00:11.771Z] 2025-08-18 05:00:11 [CLIENT DISCORD] ✅ Bot prêt en tant que 293 | Catherine#8045
[2025-08-18T06:00:00.151Z] 2025-08-18 08:00:00 [CLIENT DISCORD] [32m🌅 Tâches du matin exécutées ![39m
[2025-08-18T06:00:00.179Z] 2025-08-18 08:00:00 [CLIENT DISCORD] [Cron] 🕒 Démarrage de la régénération automatique de la hiérarchie (tabs)...
[2025-08-18T06:00:00.186Z] 2025-08-18 08:00:00 [CLIENT DISCORD] [Cron] 🕒 Démarrage de la régénération automatique de la hiérarchie... (div)
[2025-08-18T06:00:00.191Z] 2025-08-18 08:00:00 [CLIENT DISCORD] 🔍 Vérification des règles...
[2025-08-18T06:00:00.203Z] 2025-08-18 08:00:00 [DEBUG] 📦 Checking version from local...
[2025-08-18T06:00:00.205Z] 2025-08-18 08:00:00 [CLIENT DISCORD] 📦 Nom : catherine
[2025-08-18T06:00:00.206Z] 2025-08-18 08:00:00 [CLIENT DISCORD] 🕒 Version locale : 2.1.2
[2025-08-18T06:00:00.207Z] 2025-08-18 08:00:00 [DEBUG] 🌐 Checking version from GitHub...
[2025-08-18T06:00:00.258Z] 2025-08-18 08:00:00 [CLIENT DISCORD] ✅ rules_1.txt inchangé, pas de mise à jour.
[2025-08-18T06:00:00.260Z] 2025-08-18 08:00:00 [CLIENT DISCORD] ✅ rules_2.txt inchangé, pas de mise à jour.
[2025-08-18T06:00:00.262Z] 2025-08-18 08:00:00 [CLIENT DISCORD] ✅ Vérification des règles terminée.
[2025-08-18T06:00:00.345Z] 2025-08-18 08:00:00 [CLIENT DISCORD] [EXPORT] access.json mis à jour avec 13 exécutif(s), 3 superviseur(s) et 2 commandement(s)
[2025-08-18T06:00:00.534Z] 2025-08-18 08:00:00 [CLIENT DISCORD] 📦 Nom GitHub : catherine
[2025-08-18T06:00:00.535Z] 2025-08-18 08:00:00 [CLIENT DISCORD] 🕒 Version distante : 2.1.2
[2025-08-18T06:00:00.535Z] [INFO] 2025-08-18 08:00:00 [ℹ️ INFO NOTIFY] ✅ Les versions sont identiques.
[2025-08-18T06:00:00.890Z] [NOTIFY] 2025-08-18 08:00:00 [🟢 SOFT NOTIFY] Message DIV supprimé
[2025-08-18T06:00:01.083Z] [NOTIFY] 2025-08-18 08:00:01 [🟢 SOFT NOTIFY] Message TABS supprimé
[2025-08-18T06:00:02.041Z] 2025-08-18 08:00:02 [CLIENT DISCORD] [✅] Hiérarchie DIV envoyée.
[2025-08-18T06:00:02.049Z] 2025-08-18 08:00:02 [CLIENT DISCORD] [Cron] 🕒 Fin de la régénération automatique de la hiérarchie.
[2025-08-18T06:00:02.372Z] 2025-08-18 08:00:02 [CLIENT DISCORD] [✅] Hiérarchie TABS envoyée.
[2025-08-18T06:00:02.384Z] 2025-08-18 08:00:02 [CLIENT DISCORD] [Cron] 🕒 Fin de la régénération automatique de la hiérarchie.
[2025-08-18T14:00:00.170Z] 2025-08-18 16:00:00 [CLIENT DISCORD] [32m🌇 Tâches du soir exécutées ![39m
[2025-08-18T14:00:00.189Z] 2025-08-18 16:00:00 [CLIENT DISCORD] [Cron] 🕒 Démarrage de la régénération automatique de la hiérarchie (tabs)...
[2025-08-18T14:00:00.195Z] 2025-08-18 16:00:00 [CLIENT DISCORD] [Cron] 🕒 Démarrage de la régénération automatique de la hiérarchie... (div)
[2025-08-18T14:00:00.197Z] 2025-08-18 16:00:00 [CLIENT DISCORD] 🔍 Vérification des règles...
[2025-08-18T14:00:00.205Z] 2025-08-18 16:00:00 [DEBUG] 📦 Checking version from local...
[2025-08-18T14:00:00.208Z] 2025-08-18 16:00:00 [CLIENT DISCORD] 📦 Nom : catherine
[2025-08-18T14:00:00.209Z] 2025-08-18 16:00:00 [CLIENT DISCORD] 🕒 Version locale : 2.1.2
[2025-08-18T14:00:00.210Z] 2025-08-18 16:00:00 [DEBUG] 🌐 Checking version from GitHub...
[2025-08-18T14:00:00.270Z] 2025-08-18 16:00:00 [CLIENT DISCORD] ✅ rules_1.txt inchangé, pas de mise à jour.
[2025-08-18T14:00:00.271Z] 2025-08-18 16:00:00 [CLIENT DISCORD] ✅ rules_2.txt inchangé, pas de mise à jour.
[2025-08-18T14:00:00.273Z] 2025-08-18 16:00:00 [CLIENT DISCORD] ✅ Vérification des règles terminée.
[2025-08-18T14:00:00.337Z] 2025-08-18 16:00:00 [CLIENT DISCORD] [EXPORT] access.json mis à jour avec 13 exécutif(s), 3 superviseur(s) et 2 commandement(s)
[2025-08-18T14:00:00.534Z] 2025-08-18 16:00:00 [CLIENT DISCORD] 📦 Nom GitHub : catherine
[2025-08-18T14:00:00.534Z] 2025-08-18 16:00:00 [CLIENT DISCORD] 🕒 Version distante : 2.1.2
[2025-08-18T14:00:00.535Z] [INFO] 2025-08-18 16:00:00 [ℹ️ INFO NOTIFY] ✅ Les versions sont identiques.
[2025-08-18T14:00:00.637Z] [NOTIFY] 2025-08-18 16:00:00 [🟢 SOFT NOTIFY] Message DIV supprimé
[2025-08-18T14:00:00.963Z] [NOTIFY] 2025-08-18 16:00:00 [🟢 SOFT NOTIFY] Message TABS supprimé
[2025-08-18T14:00:04.776Z] 2025-08-18 16:00:04 [CLIENT DISCORD] [✅] Hiérarchie DIV envoyée.
[2025-08-18T14:00:04.799Z] 2025-08-18 16:00:04 [CLIENT DISCORD] [Cron] 🕒 Fin de la régénération automatique de la hiérarchie.
[2025-08-18T14:00:05.000Z] 2025-08-18 16:00:05 [CLIENT DISCORD] [✅] Hiérarchie TABS envoyée.
[2025-08-18T14:00:05.002Z] 2025-08-18 16:00:05 [CLIENT DISCORD] [Cron] 🕒 Fin de la régénération automatique de la hiérarchie.
