[2025-09-04T03:00:00.138Z] 2025-09-04 05:00:00 [CLIENT DISCORD] [32m🌙 Tâches de la nuit exécutées ![39m
[2025-09-04T03:00:00.174Z] 2025-09-04 05:00:00 [DEBUG] 📦 Checking version from local...
[2025-09-04T03:00:00.177Z] 2025-09-04 05:00:00 [CLIENT DISCORD] 📦 Nom : catherine
[2025-09-04T03:00:00.178Z] 2025-09-04 05:00:00 [CLIENT DISCORD] 🕒 Version locale : 2.1.2
[2025-09-04T03:00:00.179Z] 2025-09-04 05:00:00 [DEBUG] 🌐 Checking version from GitHub...
[2025-09-04T03:00:00.182Z] 2025-09-04 05:00:00 [WARN] [REBOOT] Attention, Catherine redémarre (checker les logs). Instruction reboot.js
[2025-09-04T03:00:08.226Z] 2025-09-04 05:00:08 [CLIENT DISCORD] Les modules [32mloggers[39m ont correctement été exportés.
[2025-09-04T03:00:08.257Z] [EVENT] 2025-09-04 05:00:08 [📅 EVENT NOTIFY] Chargé : guildBanAdd
[2025-09-04T03:00:08.259Z] [EVENT] 2025-09-04 05:00:08 [📅 EVENT NOTIFY] Chargé : guildBanRemove
[2025-09-04T03:00:08.261Z] [EVENT] 2025-09-04 05:00:08 [📅 EVENT NOTIFY] Chargé : guildMemberAdd
[2025-09-04T03:00:08.263Z] [EVENT] 2025-09-04 05:00:08 [📅 EVENT NOTIFY] Chargé : guildMemberRemove
[2025-09-04T03:00:08.266Z] 2025-09-04 05:00:08 [CLIENT DISCORD] Les modules  [32mutils.js[39m [0m ont correctement été exporté.[0m
[2025-09-04T03:00:09.164Z] 2025-09-04 05:00:09 [CLIENT DISCORD] L'interaction  [32mbuttons.js[39m [0m ont correctement été exporté.[0m
[2025-09-04T03:00:09.609Z] 2025-09-04 05:00:09 [CLIENT DISCORD] L'interaction  [32mmodals.js[39m [0m ont correctement été exporté.[0m
[2025-09-04T03:00:09.611Z] [EVENT] 2025-09-04 05:00:09 [📅 EVENT NOTIFY] Chargé : interactionCreate
[2025-09-04T03:00:09.614Z] [EVENT] 2025-09-04 05:00:09 [📅 EVENT NOTIFY] Chargé : messageCreate
[2025-09-04T03:00:09.615Z] [EVENT] 2025-09-04 05:00:09 [📅 EVENT NOTIFY] Chargé : messageDelete
[2025-09-04T03:00:09.616Z] [EVENT] 2025-09-04 05:00:09 [📅 EVENT NOTIFY] Chargé : messageUpdate
[2025-09-04T03:00:09.635Z] 2025-09-04 05:00:09 [CLIENT DISCORD] Les modules  [32mcommands.js[39m [0m ont correctement été exporté.[0m
[2025-09-04T03:00:09.653Z] [EVENT] 2025-09-04 05:00:09 [📅 EVENT NOTIFY] Chargé : ready
[2025-09-04T03:00:09.654Z] [EVENT] 2025-09-04 05:00:09 [📅 EVENT NOTIFY] Chargé : voiceStateUpdate
[2025-09-04T03:00:09.660Z] [COMMANDS] 2025-09-04 05:00:09 [📌 COMMANDS NOTIFY] Chargée : ban
[2025-09-04T03:00:09.661Z] [COMMANDS] 2025-09-04 05:00:09 [📌 COMMANDS NOTIFY] Chargée : clear
[2025-09-04T03:00:09.662Z] [COMMANDS] 2025-09-04 05:00:09 [📌 COMMANDS NOTIFY] Chargée : createreport
[2025-09-04T03:00:09.664Z] [COMMANDS] 2025-09-04 05:00:09 [📌 COMMANDS NOTIFY] Chargée : div
[2025-09-04T03:00:09.666Z] [COMMANDS] 2025-09-04 05:00:09 [📌 COMMANDS NOTIFY] Chargée : help
[2025-09-04T03:00:09.669Z] [COMMANDS] 2025-09-04 05:00:09 [📌 COMMANDS NOTIFY] Chargée : info
[2025-09-04T03:00:09.671Z] [COMMANDS] 2025-09-04 05:00:09 [📌 COMMANDS NOTIFY] Chargée : infoshift
[2025-09-04T03:00:09.672Z] [COMMANDS] 2025-09-04 05:00:09 [📌 COMMANDS NOTIFY] Chargée : kick
[2025-09-04T03:00:09.673Z] [COMMANDS] 2025-09-04 05:00:09 [📌 COMMANDS NOTIFY] Chargée : mute
[2025-09-04T03:00:09.674Z] [COMMANDS] 2025-09-04 05:00:09 [📌 COMMANDS NOTIFY] Chargée : openservice
[2025-09-04T03:00:09.677Z] [COMMANDS] 2025-09-04 05:00:09 [📌 COMMANDS NOTIFY] Chargée : pex
[2025-09-04T03:00:09.696Z] [COMMANDS] 2025-09-04 05:00:09 [📌 COMMANDS NOTIFY] Chargée : play
[2025-09-04T03:00:09.697Z] [COMMANDS] 2025-09-04 05:00:09 [📌 COMMANDS NOTIFY] Chargée : promote
[2025-09-04T03:00:09.700Z] [COMMANDS] 2025-09-04 05:00:09 [📌 COMMANDS NOTIFY] Chargée : recruit
[2025-09-04T03:00:09.701Z] [COMMANDS] 2025-09-04 05:00:09 [📌 COMMANDS NOTIFY] Chargée : rename
[2025-09-04T03:00:09.702Z] [COMMANDS] 2025-09-04 05:00:09 [📌 COMMANDS NOTIFY] Chargée : role
[2025-09-04T03:00:09.704Z] [COMMANDS] 2025-09-04 05:00:09 [📌 COMMANDS NOTIFY] Chargée : send
[2025-09-04T03:00:09.706Z] [COMMANDS] 2025-09-04 05:00:09 [📌 COMMANDS NOTIFY] Chargée : shift
[2025-09-04T03:00:09.711Z] [COMMANDS] 2025-09-04 05:00:09 [📌 COMMANDS NOTIFY] Chargée : ticket
[2025-09-04T03:00:09.713Z] [COMMANDS] 2025-09-04 05:00:09 [📌 COMMANDS NOTIFY] Chargée : userinfo
[2025-09-04T03:00:09.715Z] [COMMANDS] 2025-09-04 05:00:09 [📌 COMMANDS NOTIFY] Chargée : warn
[2025-09-04T03:00:09.721Z] 2025-09-04 05:00:09 [CLIENT DISCORD] [42m[30mChargement des informations du package.[39m[49m
[42m[30m[39m[49m [46m[PACKAGE][49m [32mAuth. : François 🌸[39m
[32m[39m [46m[PACKAGE][49m [32mDepd. : axios, chalk, cron, discord-html-transcripts, discord-player, discord.js, distube, dotenv, express, express-session, form-data, fs, googleapis, luxon, node-cron, node-fetch, ora, patch, path, pdf-lib, pdfkit, play-dl, readline, rl, uuid[39m
[32m[39m [46m[PACKAGE][49m [32mDesc. : Official Bot Catherine for 911 Community.[39m
[32m[39m [46m[PACKAGE][49m [32mLisc. : ISC[39m
[32m[39m [46m[PACKAGE][49m [32mMain. : index.js[39m
[32m[39m [46m[PACKAGE][49m [32mName. : catherine[39m
[32m[39m [46m[PACKAGE][49m [32mScrp. : {"test":"echo \"Error: no test specified\" && exit 1","start":"node server.js"}[39m
[32m[39m [46m[PACKAGE][49m [32mVers. : 2.1.2[39m
[32m[39m [46m[PACKAGE][49m [32mPatch Note. : **[PN - 07/06]** *Passage 2.0 with new patch (shift, tabs... new commands handler)*[39m
[32m[39m
[2025-09-04T03:00:10.964Z] 2025-09-04 05:00:10 [DEBUG] 📦 Checking version from local...
[2025-09-04T03:00:10.965Z] 2025-09-04 05:00:10 [CLIENT DISCORD] 📦 Nom : catherine
[2025-09-04T03:00:10.966Z] 2025-09-04 05:00:10 [CLIENT DISCORD] 🕒 Version locale : 2.1.2
[2025-09-04T03:00:10.967Z] 2025-09-04 05:00:10 [DEBUG] 🌐 Checking version from GitHub...
[2025-09-04T03:00:11.297Z] 2025-09-04 05:00:11 [CLIENT DISCORD] 📦 Nom GitHub : catherine
[2025-09-04T03:00:11.298Z] 2025-09-04 05:00:11 [CLIENT DISCORD] 🕒 Version distante : 2.1.2
[2025-09-04T03:00:11.299Z] [INFO] 2025-09-04 05:00:11 [ℹ️ INFO NOTIFY] ✅ Les versions sont identiques.
[2025-09-04T03:00:11.300Z] 2025-09-04 05:00:11 [CLIENT DISCORD] [34m==============================[39m
[2025-09-04T03:00:11.301Z] 2025-09-04 05:00:11 [CLIENT DISCORD] [32m🚀 Démarrage du bot...[39m
[2025-09-04T03:00:11.302Z] 2025-09-04 05:00:11 [CLIENT DISCORD] [33m🔗 Connexion à Discord API...[39m
[2025-09-04T03:00:11.303Z] 2025-09-04 05:00:11 [CLIENT DISCORD] [36m✅ Bot RP en ligne ! Connecté en tant que 293 | Catherine#8045[39m
[2025-09-04T03:00:11.304Z] 2025-09-04 05:00:11 [CLIENT DISCORD] [34m==============================[39m
[34m[39m
[2025-09-04T03:00:11.313Z] 2025-09-04 05:00:11 [CLIENT DISCORD] [player] Initialisation du Player terminée.
[2025-09-04T03:00:11.316Z] 2025-09-04 05:00:11 [CLIENT DISCORD] [player] Extracteurs chargés avec succès.
[2025-09-04T03:00:11.317Z] 2025-09-04 05:00:11 [CLIENT DISCORD] 📥 Serveur trouvé : Georgia State Police (GSP)
[2025-09-04T03:00:11.579Z] 2025-09-04 05:00:11 [CLIENT DISCORD] 🔍 Commandes déjà présentes : play, rules, createreport, div, role, info, pex, openservice, infoshift, recruit, help, ban, ticket, shutdown, userinfo, send, clear, kick, warn, mute, rename, shift, promote
[2025-09-04T03:00:11.579Z] 2025-09-04 05:00:11 [WARN] ⚠️ Les commandes sont déjà enregistrées. Lance avec 'debug' pour forcer l'écrasement.
[2025-09-04T03:00:11.580Z] 2025-09-04 05:00:11 [CLIENT DISCORD] 🎮 Statut et activité mis à jour.
[2025-09-04T03:00:11.580Z] 2025-09-04 05:00:11 [CLIENT DISCORD] 📌 Mode de lancement : [33mAucun[39m
[2025-09-04T03:00:11.580Z] 2025-09-04 05:00:11 [CLIENT DISCORD] ✅ Bot prêt en tant que 293 | Catherine#8045
[2025-09-04T06:00:00.121Z] 2025-09-04 08:00:00 [CLIENT DISCORD] [32m🌅 Tâches du matin exécutées ![39m
[2025-09-04T06:00:00.146Z] 2025-09-04 08:00:00 [CLIENT DISCORD] [Cron] 🕒 Démarrage de la régénération automatique de la hiérarchie (tabs)...
[2025-09-04T06:00:00.154Z] 2025-09-04 08:00:00 [CLIENT DISCORD] [Cron] 🕒 Démarrage de la régénération automatique de la hiérarchie... (div)
[2025-09-04T06:00:00.157Z] 2025-09-04 08:00:00 [CLIENT DISCORD] 🔍 Vérification des règles...
[2025-09-04T06:00:00.168Z] 2025-09-04 08:00:00 [DEBUG] 📦 Checking version from local...
[2025-09-04T06:00:00.170Z] 2025-09-04 08:00:00 [CLIENT DISCORD] 📦 Nom : catherine
[2025-09-04T06:00:00.171Z] 2025-09-04 08:00:00 [CLIENT DISCORD] 🕒 Version locale : 2.1.2
[2025-09-04T06:00:00.171Z] 2025-09-04 08:00:00 [DEBUG] 🌐 Checking version from GitHub...
[2025-09-04T06:00:00.208Z] 2025-09-04 08:00:00 [CLIENT DISCORD] ✅ rules_1.txt inchangé, pas de mise à jour.
[2025-09-04T06:00:00.210Z] 2025-09-04 08:00:00 [CLIENT DISCORD] ✅ rules_2.txt inchangé, pas de mise à jour.
[2025-09-04T06:00:00.211Z] 2025-09-04 08:00:00 [CLIENT DISCORD] ✅ Vérification des règles terminée.
[2025-09-04T06:00:00.296Z] 2025-09-04 08:00:00 [CLIENT DISCORD] [EXPORT] access.json mis à jour avec 13 exécutif(s), 3 superviseur(s) et 2 commandement(s)
[2025-09-04T06:00:00.437Z] 2025-09-04 08:00:00 [CLIENT DISCORD] 📦 Nom GitHub : catherine
[2025-09-04T06:00:00.439Z] 2025-09-04 08:00:00 [CLIENT DISCORD] 🕒 Version distante : 2.1.2
[2025-09-04T06:00:00.440Z] [INFO] 2025-09-04 08:00:00 [ℹ️ INFO NOTIFY] ✅ Les versions sont identiques.
[2025-09-04T06:00:00.705Z] [NOTIFY] 2025-09-04 08:00:00 [🟢 SOFT NOTIFY] Message DIV supprimé
[2025-09-04T06:00:00.952Z] [NOTIFY] 2025-09-04 08:00:00 [🟢 SOFT NOTIFY] Message TABS supprimé
[2025-09-04T06:00:03.113Z] 2025-09-04 08:00:03 [CLIENT DISCORD] [✅] Hiérarchie DIV envoyée.
[2025-09-04T06:00:03.114Z] 2025-09-04 08:00:03 [CLIENT DISCORD] [Cron] 🕒 Fin de la régénération automatique de la hiérarchie.
[2025-09-04T06:00:03.483Z] 2025-09-04 08:00:03 [CLIENT DISCORD] [✅] Hiérarchie TABS envoyée.
[2025-09-04T06:00:03.484Z] 2025-09-04 08:00:03 [CLIENT DISCORD] [Cron] 🕒 Fin de la régénération automatique de la hiérarchie.
[2025-09-04T14:00:00.118Z] 2025-09-04 16:00:00 [CLIENT DISCORD] [32m🌇 Tâches du soir exécutées ![39m
[2025-09-04T14:00:00.135Z] 2025-09-04 16:00:00 [CLIENT DISCORD] [Cron] 🕒 Démarrage de la régénération automatique de la hiérarchie (tabs)...
[2025-09-04T14:00:00.139Z] 2025-09-04 16:00:00 [CLIENT DISCORD] [Cron] 🕒 Démarrage de la régénération automatique de la hiérarchie... (div)
[2025-09-04T14:00:00.140Z] 2025-09-04 16:00:00 [CLIENT DISCORD] 🔍 Vérification des règles...
[2025-09-04T14:00:00.148Z] 2025-09-04 16:00:00 [DEBUG] 📦 Checking version from local...
[2025-09-04T14:00:00.151Z] 2025-09-04 16:00:00 [CLIENT DISCORD] 📦 Nom : catherine
[2025-09-04T14:00:00.151Z] 2025-09-04 16:00:00 [CLIENT DISCORD] 🕒 Version locale : 2.1.2
[2025-09-04T14:00:00.151Z] 2025-09-04 16:00:00 [DEBUG] 🌐 Checking version from GitHub...
[2025-09-04T14:00:00.193Z] 2025-09-04 16:00:00 [CLIENT DISCORD] ✅ rules_1.txt inchangé, pas de mise à jour.
[2025-09-04T14:00:00.194Z] 2025-09-04 16:00:00 [CLIENT DISCORD] ✅ rules_2.txt inchangé, pas de mise à jour.
[2025-09-04T14:00:00.198Z] 2025-09-04 16:00:00 [CLIENT DISCORD] ✅ Vérification des règles terminée.
[2025-09-04T14:00:00.288Z] 2025-09-04 16:00:00 [CLIENT DISCORD] [EXPORT] access.json mis à jour avec 13 exécutif(s), 3 superviseur(s) et 2 commandement(s)
[2025-09-04T14:00:00.482Z] 2025-09-04 16:00:00 [CLIENT DISCORD] 📦 Nom GitHub : catherine
[2025-09-04T14:00:00.482Z] 2025-09-04 16:00:00 [CLIENT DISCORD] 🕒 Version distante : 2.1.2
[2025-09-04T14:00:00.483Z] [INFO] 2025-09-04 16:00:00 [ℹ️ INFO NOTIFY] ✅ Les versions sont identiques.
[2025-09-04T14:00:00.581Z] [NOTIFY] 2025-09-04 16:00:00 [🟢 SOFT NOTIFY] Message DIV supprimé
[2025-09-04T14:00:00.856Z] [NOTIFY] 2025-09-04 16:00:00 [🟢 SOFT NOTIFY] Message TABS supprimé
[2025-09-04T14:00:02.016Z] 2025-09-04 16:00:02 [CLIENT DISCORD] [✅] Hiérarchie DIV envoyée.
[2025-09-04T14:00:02.021Z] 2025-09-04 16:00:02 [CLIENT DISCORD] [Cron] 🕒 Fin de la régénération automatique de la hiérarchie.
[2025-09-04T14:00:02.367Z] 2025-09-04 16:00:02 [CLIENT DISCORD] [✅] Hiérarchie TABS envoyée.
[2025-09-04T14:00:02.369Z] 2025-09-04 16:00:02 [CLIENT DISCORD] [Cron] 🕒 Fin de la régénération automatique de la hiérarchie.
[2025-09-04T14:31:54.001Z] 2025-09-04 16:31:54 [CLIENT DISCORD] [31m[MEMBER REMOVE] axel.fr est parti à 9/4/2025, 2:31:54 PM[39m
[2025-09-04T15:21:15.186Z] 2025-09-04 17:21:15 [CLIENT DISCORD] [94m[MESSAGE_SENT][39m [32mkeegan_rp[39m [0ma envoyé[0m [32m<@767703415413014579> jvais te bouffer[39m [0mdans[0m [32mmod_keeganrp[39m
[2025-09-04T15:21:41.092Z] 2025-09-04 17:21:41 [CLIENT DISCORD] [94m[MESSAGE_SENT][39m [32mrory.p71[39m [0ma envoyé[0m [32msemaine pro on met tout ça en place[39m [0mdans[0m [32mmod_keeganrp[39m
[2025-09-04T15:26:11.167Z] 2025-09-04 17:26:11 [CLIENT DISCORD] [94m[MESSAGE_SENT][39m [32mkeegan_rp[39m [0ma envoyé[0m [32mça marche, impeccable 😉[39m [0mdans[0m [32mmod_keeganrp[39m
[2025-09-04T16:47:32.869Z] 2025-09-04 18:47:32 [CLIENT DISCORD] [94m[MESSAGE_SENT][39m [32mkeegan_rp[39m [0ma envoyé[0m [32mVous voudrez votre propre groupe ou entrer dans une police avec un déjà un commandement vous convient ? <@794334752165330964>[39m [0mdans[0m [32mmod_keeganrp[39m
[2025-09-04T16:53:33.508Z] 2025-09-04 18:53:33 [CLIENT DISCORD] [94m[MESSAGE_SENT][39m [32mrory.p71[39m [0ma envoyé[0m [32mje crois que j'ai pas besoin de dire qu'on aura notre propre groupe x)[39m [0mdans[0m [32mmod_keeganrp[39m
[2025-09-04T16:53:59.239Z] 2025-09-04 18:53:59 [CLIENT DISCORD] [94m[MESSAGE_SENT][39m [32mrory.p71[39m [0ma envoyé[0m [32mle BCSO est dispo (et si oui couvre-t-il Los Santos ou juste le nord ?)[39m [0mdans[0m [32mmod_keeganrp[39m
[2025-09-04T17:07:07.968Z] 2025-09-04 19:07:07 [CLIENT DISCORD] [94m[MESSAGE_SENT][39m [32mkeegan_rp[39m [0ma envoyé[0m [32mLSSD ou BCSO peu importe le nom, l'autorité (juridiction) de ce service est essentiellement dans le nord mais étant donné nos difficultés à remplir les effectifs LSPD, nous accepterons volontier votre aide dans le sud. Je suis Chief en RP et je m'occuperais personnellement de vous autoriser à naviguer dasn le sud. [39m
[32m[39m
[32mEst--ce que cela vous conviendrait-il ?[39m [0mdans[0m [32mmod_keeganrp[39m
[2025-09-04T17:07:40.469Z] 2025-09-04 19:07:40 [CLIENT DISCORD] [94m[MESSAGE_SENT][39m [32mkeegan_rp[39m [0ma envoyé[0m [32mJe rappelle aussi que le serveur a ouvert lundi dernier, donc faudra que vous soyez indulgents ^^' x)[39m [0mdans[0m [32mmod_keeganrp[39m
[2025-09-04T17:07:52.042Z] 2025-09-04 19:07:52 [CLIENT DISCORD] [MESSAGE UPDATED] keegan_rp a modifié un message dans #mod_keeganrp: "Je rappelle aussi que le serveur a ouvert lundi dernier, donc faudra que vous soyez indulgents ^^' x)" → "Je rappelle aussi que le serveur a ouvert lundi dernier, donc faudra que vous soyez indulgents au niveau des connectés ^^' x)"
[2025-09-04T17:08:30.856Z] 2025-09-04 19:08:30 [CLIENT DISCORD] [94m[MESSAGE_SENT][39m [32mrory.p71[39m [0ma envoyé[0m [32mje dirais, oui, mais il faut quand même garder en tête que si los santos est dans le conté de blaine[39m [0mdans[0m [32mmod_keeganrp[39m
[2025-09-04T17:08:40.446Z] 2025-09-04 19:08:40 [ERROR] [31mErreur lors de la récupération des logs d'audit :[39m {
  "requestBody": {},
  "rawError": {
    "message": "Invalid Form Body",
    "code": 50035,
    "errors": {
      "action_type": {
        "_errors": [
          {
            "code": "NUMBER_TYPE_COERCE",
            "message": "Value \"MESSAGE_DELETE\" is not int32."
          }
        ]
      }
    }
  },
  "code": 50035,
  "status": 400,
  "method": "GET",
  "url": "https://discord.com/api/v10/guilds/1252231195312259073/audit-logs?limit=1&action_type=MESSAGE_DELETE"
}
[2025-09-04T17:08:40.456Z] 2025-09-04 19:08:40 [CLIENT DISCORD] [94m[MESSAGE_REMOVE][39m [32mrory.p71[39m [0m→ supprimé par[0m [32mInconnu[39m [0mdans[0m [32mmod_keeganrp[39m
[2025-09-04T17:09:33.813Z] 2025-09-04 19:09:33 [CLIENT DISCORD] [94m[MESSAGE_SENT][39m [32mrory.p71[39m [0ma envoyé[0m [32mje dirais, oui, mais il faut quand même garder en tête que si los santos est dans le conté de blaine/ LS la juridiction du sheriff ne repose pas sur l'authorisation du police chief (mais on peut négocier les axes de patrouilles et zones à favoriser bien sûr)[39m [0mdans[0m [32mmod_keeganrp[39m
[2025-09-04T17:10:42.473Z] 2025-09-04 19:10:42 [CLIENT DISCORD] [94m[MESSAGE_SENT][39m [32mkeegan_rp[39m [0ma envoyé[0m [32mYep, on pourra aussi voir ça ensemble pour vous faire un découpage de certains quartiers de LS qui soient communs LSPD / LSSD (BCSO), c'est une possibilité que je pourrais évoquer avec le co-fondateur et fondateur (il me faut qd même leur accord). 😉  [39m
[32m[39m
[32msur le serveur, ce sont des mairies et pour le lssd (ou bcso), le shérif sera **exceptionnellement** sous les ordres du maire du nord (comme le chief dans le sud) pour que le plateau puisse tourner. Ça ne veut pas dire que le shérif sera viré hein, loin de là, mais que chaque poste peut tourner sur le plateau[39m [0mdans[0m [32mmod_keeganrp[39m
[2025-09-04T17:11:08.005Z] 2025-09-04 19:11:08 [CLIENT DISCORD] [94m[MESSAGE_SENT][39m [32mkeegan_rp[39m [0ma envoyé[0m [32mSpoiler : Pour l'instant, y'a pas de maires donc aucun souci de "supérieur" en ce moment[39m [0mdans[0m [32mmod_keeganrp[39m
[2025-09-04T17:14:23.061Z] 2025-09-04 19:14:23 [CLIENT DISCORD] [94m[MESSAGE_SENT][39m [32mrory.p71[39m [0ma envoyé[0m [32m.. si le futur maire ne nous les casses pas trop ou qu'il fait plus le job du gouverneur ça devrait aller[39m
[32msinon pour les quartiers de LS ça me va ( <@767703415413014579> et toi ?) tant qu'on garde en tête que zone de patrouille =/= juridiction[39m [0mdans[0m [32mmod_keeganrp[39m
[2025-09-04T17:16:22.465Z] 2025-09-04 19:16:22 [CLIENT DISCORD] [94m[MESSAGE_SENT][39m [32mkeegan_rp[39m [0ma envoyé[0m [32mLe futur maire aura certainement une horizon politique peut-être différente des nôtres ou alors complètement en accord avec nous et alors là, jackpot royal, bling, bling, cocaïne et alcool à volonté[39m
[32m[39m
[32mJe peux déjà m'atteler à bosser sur le découpage des quartiers. [39m
[32m[39m
[32mOn n'aura pas le même maillot mais la même mission et c'est ça qui est important. La juridiction restera le nord mais avec une possibilité d'intervention et d'arrestation dans vos zones de patrouilles dont les communes.[39m [0mdans[0m [32mmod_keeganrp[39m
[2025-09-04T17:17:24.754Z] 2025-09-04 19:17:24 [CLIENT DISCORD] [94m[MESSAGE_SENT][39m [32mrory.p71[39m [0ma envoyé[0m [32m? dans quel cas los santos n'est pas dans le conté de los santos ?[39m [0mdans[0m [32mmod_keeganrp[39m
[2025-09-04T17:18:57.417Z] 2025-09-04 19:18:57 [CLIENT DISCORD] [94m[MESSAGE_SENT][39m [32mkeegan_rp[39m [0ma envoyé[0m [32mLa juridiction en soit, c'est juste une séparation des pouvoirs de polices **mais** si t'es en plein centre ville (X/Y raison) et que tu constates une infraction, tu as **le devoir** d'internvention même "hors juridiction" [39m
[32mC'est dans ce sens-là. Enft, j'veux pas que les polices se prennent la tête, et c'est super difficile de caler les accords[39m [0mdans[0m [32mmod_keeganrp[39m
[2025-09-04T17:19:54.643Z] 2025-09-04 19:19:54 [CLIENT DISCORD] [94m[MESSAGE_SENT][39m [32mrory.p71[39m [0ma envoyé[0m [32mon est d'accord, mon but n'est pas de chercher les poux mais de m'ssurer que nous sommes sur la même fréquence pour éviter les embrouilles au futur[39m [0mdans[0m [32mmod_keeganrp[39m
[2025-09-04T17:20:48.722Z] 2025-09-04 19:20:48 [CLIENT DISCORD] [94m[MESSAGE_SENT][39m [32mkeegan_rp[39m [0ma envoyé[0m [32mDans mon esprit : [39m
[32m[39m
[32mJuridiction LSPD = Ville de Los Santos mais si présence dnas le nord et si infraction, alors intervention avec CR au LSSD (idem vice versa) [39m
[32mJuridiction LSSD = Nord + quartiers communs LSPD / LSSD et inversement, si vous êtes au bon moment à un endroit parce que par exemple, vous avez envie de passer par là mais sans le mot "patrouille" mais plutôt "rdv, supérette pour manger", obligation d'intervention avec CR LSPD[39m [0mdans[0m [32mmod_keeganrp[39m
[2025-09-04T17:20:52.924Z] 2025-09-04 19:20:52 [CLIENT DISCORD] [94m[MESSAGE_SENT][39m [32mkeegan_rp[39m [0ma envoyé[0m [32mC'est ça que tu vois toi aussi ?[39m [0mdans[0m [32mmod_keeganrp[39m
[2025-09-04T17:21:20.500Z] 2025-09-04 19:21:20 [CLIENT DISCORD] [94m[MESSAGE_SENT][39m [32mkeegan_rp[39m [0ma envoyé[0m [32mJ'vois ça comme ça l'idée de la "juridiction"[39m [0mdans[0m [32mmod_keeganrp[39m
[2025-09-04T17:29:08.158Z] 2025-09-04 19:29:08 [CLIENT DISCORD] [94m[MESSAGE_SENT][39m [32mrory.p71[39m [0ma envoyé[0m [32mnon, je vois :[39m
[32mLSPD : patrouille et intervient dans sa juridiction (Ville de los santos et alentours proches); intervient dans le nord si besoin appélé et sous tutelle du BCSO, intervient sous tutelle du BCSO lors d'infractions constatées dans le nord[39m
[32m[39m
[32mBCSO : patrouille et intervient dans ses zones de patrouilles (nord, quartiers de LS prédéfinits), intervient si appéllé par le lspd ou par flag hors de sa zone de patrouille dans los santos tout en étant dans sa juridiction que constitue le conté. Toutefois, le BCSO contacte systématiquement par courtoisie le LSPD lors de ces interventions pour laisser le LSPD décider ou non de leur intervention. Si le LSPD réclame de prendre tête sur une intervention, le BCSO la lui laisse car le LSPD a priorité sur los santos. [39m
[32m[39m
[32mLe BCSO n'a pas autorité sur le LSPD, mais le LSPD ne peut pas obliger des actions du BCSO dans le secteur LS[39m [0mdans[0m [32mmod_keeganrp[39m
[2025-09-04T17:31:45.268Z] 2025-09-04 19:31:45 [CLIENT DISCORD] [94m[MESSAGE_SENT][39m [32mkeegan_rp[39m [0ma envoyé[0m [32mouais, on se rejoint finalement[39m [0mdans[0m [32mmod_keeganrp[39m
[2025-09-04T17:32:50.483Z] 2025-09-04 19:32:50 [CLIENT DISCORD] [94m[MESSAGE_SENT][39m [32mkeegan_rp[39m [0ma envoyé[0m [32mt'as repris certains de mes éléments en rajoutant l'autorité LSPD / BCSO (chacun ne peut pas commander l'autre) et les demandes de renforts mais en gros, le reste, c'est ce que j'ai écris[39m [0mdans[0m [32mmod_keeganrp[39m
[2025-09-04T17:32:53.013Z] 2025-09-04 19:32:53 [CLIENT DISCORD] [94m[MESSAGE_SENT][39m [32mkeegan_rp[39m [0ma envoyé[0m [32mc'est bien ça ?[39m [0mdans[0m [32mmod_keeganrp[39m
[2025-09-04T17:33:16.507Z] 2025-09-04 19:33:16 [CLIENT DISCORD] [94m[MESSAGE_SENT][39m [32mrory.p71[39m [0ma envoyé[0m [32moui, mais j'aime bien redéfinir juridiction[39m [0mdans[0m [32mmod_keeganrp[39m
[2025-09-04T17:34:54.019Z] 2025-09-04 19:34:54 [CLIENT DISCORD] [94m[MESSAGE_SENT][39m [32mkeegan_rp[39m [0ma envoyé[0m [32mOuais, t'as raison 😄[39m [0mdans[0m [32mmod_keeganrp[39m
[2025-09-04T17:36:19.854Z] 2025-09-04 19:36:19 [CLIENT DISCORD] [94m[MESSAGE_SENT][39m [32mrory.p71[39m [0ma envoyé[0m [32mla juridiction constitue pour moi la zone où un service peut intervenir sans avoir l'obligation de contacter un service avec authorité locale. Pour le BCSO, l'entièreté du conté de blaine est dans ce cas, et ainsi il n'est soumis à aucune obligation dans l'entièreté de Los Santos, même si il contacte le LSPD pour que celui-ci puisse appliquer ses politiques internes. Cependant, si le LSPD vient à intervenir à Paleto, il n'est pas dans sa juridiction et doit contacter et remettre l'affaire au BCSO (ou à la police de paleto si est)[39m [0mdans[0m [32mmod_keeganrp[39m
[2025-09-04T17:36:51.618Z] 2025-09-04 19:36:51 [CLIENT DISCORD] [94m[MESSAGE_SENT][39m [32mrory.p71[39m [0ma envoyé[0m [32maussi le LSPD est le seul à enforcer les règles propres à la mairie de LS[39m [0mdans[0m [32mmod_keeganrp[39m
[2025-09-04T17:37:51.233Z] 2025-09-04 19:37:51 [CLIENT DISCORD] [94m[MESSAGE_SENT][39m [32mkeegan_rp[39m [0ma envoyé[0m [32mOuais mais pour éviter les futures râleries (expérience que je pense que tu as aussi), en dehors de ce qu'on a écrit plud haut, si BCSO interpelle sur zone en dehors de patrouille BCSO, CR LSPD pour voir ce qu'ils veulent faire. J'essaie d'harmonier pour que tout le monde soit content, c'est difficile à faire mais réalisable[39m [0mdans[0m [32mmod_keeganrp[39m
[2025-09-04T17:38:29.565Z] 2025-09-04 19:38:29 [CLIENT DISCORD] [94m[MESSAGE_SENT][39m [32mrory.p71[39m [0ma envoyé[0m [32mpardon, tu peux repréciser CR stp ?[39m [0mdans[0m [32mmod_keeganrp[39m
[2025-09-04T17:38:31.261Z] 2025-09-04 19:38:31 [CLIENT DISCORD] [94m[MESSAGE_SENT][39m [32mkeegan_rp[39m [0ma envoyé[0m [32mEt je préfère largement (très) vous proposer à vous de prendre une faction police parce que j'vous connais, plutôt que de laisser ça à d'autres zouzous[39m [0mdans[0m [32mmod_keeganrp[39m
[2025-09-04T17:38:36.128Z] 2025-09-04 19:38:36 [CLIENT DISCORD] [94m[MESSAGE_SENT][39m [32mkeegan_rp[39m [0ma envoyé[0m [32mCR Compte-rendu[39m [0mdans[0m [32mmod_keeganrp[39m
[2025-09-04T17:38:40.531Z] 2025-09-04 19:38:40 [CLIENT DISCORD] [94m[MESSAGE_SENT][39m [32mrory.p71[39m [0ma envoyé[0m [32mok[39m [0mdans[0m [32mmod_keeganrp[39m
[2025-09-04T17:39:07.845Z] 2025-09-04 19:39:07 [CLIENT DISCORD] [94m[MESSAGE_SENT][39m [32mrory.p71[39m [0ma envoyé[0m [32mtout à fait[39m [0mdans[0m [32mmod_keeganrp[39m
[2025-09-04T17:39:29.513Z] 2025-09-04 19:39:29 [CLIENT DISCORD] [94m[MESSAGE_SENT][39m [32mkeegan_rp[39m [0ma envoyé[0m [32mOn part sur ça, comme ça, si intervention de l'une des deux forces en dehors de sa "zone de patrouille" , elle rend compte à la faction "dominatrice" et elle décide si elle récupère ou non le dossier[39m [0mdans[0m [32mmod_keeganrp[39m
[2025-09-04T17:39:31.350Z] 2025-09-04 19:39:31 [CLIENT DISCORD] [94m[MESSAGE_SENT][39m [32mkeegan_rp[39m [0ma envoyé[0m [32mça te vas ?[39m [0mdans[0m [32mmod_keeganrp[39m
[2025-09-04T17:39:47.865Z] 2025-09-04 19:39:47 [CLIENT DISCORD] [94m[MESSAGE_SENT][39m [32mkeegan_rp[39m [0ma envoyé[0m [32met oui, j'compte bien faire appel à vos services pour du renfort x)[39m [0mdans[0m [32mmod_keeganrp[39m
[2025-09-04T17:40:35.940Z] 2025-09-04 19:40:35 [CLIENT DISCORD] [94m[MESSAGE_SENT][39m [32mkeegan_rp[39m [0ma envoyé[0m [32mPour l'instant, aucune entité fédérale n'est présente sur le serveur sauf le DoJ (mais si le mec ne me répond pas prochainement, je vais le tej)[39m [0mdans[0m [32mmod_keeganrp[39m
[2025-09-04T17:40:41.331Z] 2025-09-04 19:40:41 [CLIENT DISCORD] [94m[MESSAGE_SENT][39m [32mrory.p71[39m [0ma envoyé[0m [32moui, tout en gardant dans un coin de la tête les plus petites subtilités (qui ont leur importance quand les gens n'y connaissent rien parfois)[39m [0mdans[0m [32mmod_keeganrp[39m
[2025-09-04T17:40:59.952Z] 2025-09-04 19:40:59 [CLIENT DISCORD] [94m[MESSAGE_SENT][39m [32mkeegan_rp[39m [0ma envoyé[0m [32moui, mais ça, je vais l'inclure dans le règlement comme ça, ça arrêtera de chouiner[39m [0mdans[0m [32mmod_keeganrp[39m
[2025-09-04T17:41:42.499Z] 2025-09-04 19:41:42 [CLIENT DISCORD] [94m[MESSAGE_SENT][39m [32mrory.p71[39m [0ma envoyé[0m [32mpas de DEA et FBI sur les vols à l'étalage ? quelle originalité.. booooring xDD[39m [0mdans[0m [32mmod_keeganrp[39m
[2025-09-04T17:42:05.199Z] 2025-09-04 19:42:05 [CLIENT DISCORD] [94m[MESSAGE_SENT][39m [32mkeegan_rp[39m [0ma envoyé[0m [32midem, un truc que j'ai d'ores et déjà mis en place en rp, lors des braquages, on ne baisse pas nos armes, je l'ai fait entrer et ancrer dans la tête des joueurs. Et sur le fait que c'était nous qui contrôlions et qui avions le dernier mot sur des négociations[39m [0mdans[0m [32mmod_keeganrp[39m
[2025-09-04T17:43:00.292Z] 2025-09-04 19:43:00 [CLIENT DISCORD] [94m[MESSAGE_SENT][39m [32mkeegan_rp[39m [0ma envoyé[0m [32mSi un jour inshallah comme disent les jeunes FBI sera présent (ce que je ne refuserais peut-être pas), ils seront cadrés dès le départ par mes soins, comme je fait avec chaque nouvelle entreprise et surtout, ils devront rendre compte à moi RP parlant (à un PED fédéral) pour que je puisse garder l'oeil sur leurs activités[39m [0mdans[0m [32mmod_keeganrp[39m
[2025-09-04T17:43:26.343Z] 2025-09-04 19:43:26 [CLIENT DISCORD] [94m[MESSAGE_SENT][39m [32mrory.p71[39m [0ma envoyé[0m [32mnickel 👌[39m [0mdans[0m [32mmod_keeganrp[39m
[2025-09-04T17:43:53.636Z] 2025-09-04 19:43:53 [CLIENT DISCORD] [94m[MESSAGE_SENT][39m [32mkeegan_rp[39m [0ma envoyé[0m [32mmême les entreprises style mécano j'leur donne des directives x)[39m [0mdans[0m [32mmod_keeganrp[39m
[2025-09-04T17:44:08.614Z] 2025-09-04 19:44:08 [CLIENT DISCORD] [94m[MESSAGE_SENT][39m [32mkeegan_rp[39m [0ma envoyé[0m [32mje sais ce que je veux et ce que je ne veux pas pour le rp légal[39m [0mdans[0m [32mmod_keeganrp[39m
[2025-09-04T17:44:31.227Z] 2025-09-04 19:44:31 [CLIENT DISCORD] [94m[MESSAGE_SENT][39m [32mrory.p71[39m [0ma envoyé[0m [32mtrès bien ![39m [0mdans[0m [32mmod_keeganrp[39m
[2025-09-04T17:45:00.551Z] 2025-09-04 19:45:00 [CLIENT DISCORD] [94m[MESSAGE_SENT][39m [32mkeegan_rp[39m [0ma envoyé[0m [32met vous me connaissez, j'suis ouvert à la discussion 😄[39m [0mdans[0m [32mmod_keeganrp[39m
[2025-09-04T17:45:45.668Z] 2025-09-04 19:45:45 [CLIENT DISCORD] [94m[MESSAGE_SENT][39m [32mrory.p71[39m [0ma envoyé[0m [32mnous aussi (certains plus que d'autres mais tu auras remarquer que marcus n'est plus à la direction dx)[39m [0mdans[0m [32mmod_keeganrp[39m
[2025-09-04T17:46:38.403Z] 2025-09-04 19:46:38 [CLIENT DISCORD] [94m[MESSAGE_SENT][39m [32mkeegan_rp[39m [0ma envoyé[0m [32mouais mais toi et rodriguez vous l'êtes[39m [0mdans[0m [32mmod_keeganrp[39m
[2025-09-04T17:46:40.367Z] 2025-09-04 19:46:40 [CLIENT DISCORD] [94m[MESSAGE_SENT][39m [32mkeegan_rp[39m [0ma envoyé[0m [32msean aussi[39m [0mdans[0m [32mmod_keeganrp[39m
[2025-09-04T18:03:23.983Z] 2025-09-04 20:03:23 [CLIENT DISCORD] [94m[MESSAGE_SENT][39m [32mfrancois.piano[39m [0ma envoyé[0m [32mon pourra peut être se caller un voc pour voir tout ça ?[39m [0mdans[0m [32mmod_keeganrp[39m
[2025-09-04T18:16:56.503Z] 2025-09-04 20:16:56 [CLIENT DISCORD] [94m[MESSAGE_SENT][39m [32mkeegan_rp[39m [0ma envoyé[0m [32myeppa[39m [0mdans[0m [32mmod_keeganrp[39m
[2025-09-04T18:46:05.250Z] 2025-09-04 20:46:05 [CLIENT DISCORD] [94m[MESSAGE_SENT][39m [32mfrancois.piano[39m [0ma envoyé[0m [32mvous serriez dispo qd <@794334752165330964> <@1347944146496917505>[39m [0mdans[0m [32mmod_keeganrp[39m
[2025-09-04T18:46:55.900Z] 2025-09-04 20:46:55 [CLIENT DISCORD] [94m[MESSAGE_SENT][39m [32mkeegan_rp[39m [0ma envoyé[0m [32mDemain soir perso, là jfait une p'tite pause, j'ai le cerveau qui fume[39m [0mdans[0m [32mmod_keeganrp[39m
[2025-09-04T18:50:40.899Z] 2025-09-04 20:50:40 [CLIENT DISCORD] [94m[MESSAGE_SENT][39m [32mfrancois.piano[39m [0ma envoyé[0m [32mokok[39m [0mdans[0m [32mmod_keeganrp[39m
[2025-09-04T18:59:15.908Z] 2025-09-04 20:59:15 [CLIENT DISCORD] [94m[MESSAGE_SENT][39m [32mrory.p71[39m [0ma envoyé[0m [32mPlus avant lundi[39m [0mdans[0m [32mmod_keeganrp[39m
