[2025-07-25T03:00:00.153Z] 2025-07-25 05:00:00 [CLIENT DISCORD] [32m🌙 Tâches de la nuit exécutées ![39m
[2025-07-25T03:00:00.188Z] 2025-07-25 05:00:00 [DEBUG] 📦 Checking version from local...
[2025-07-25T03:00:00.197Z] 2025-07-25 05:00:00 [CLIENT DISCORD] 📦 Nom : catherine
[2025-07-25T03:00:00.197Z] 2025-07-25 05:00:00 [CLIENT DISCORD] 🕒 Version locale : 2.1.2
[2025-07-25T03:00:00.198Z] 2025-07-25 05:00:00 [DEBUG] 🌐 Checking version from GitHub...
[2025-07-25T03:00:00.204Z] 2025-07-25 05:00:00 [WARN] [REBOOT] Attention, Catherine redémarre (checker les logs). Instruction reboot.js
[2025-07-25T03:00:08.242Z] 2025-07-25 05:00:08 [CLIENT DISCORD] Les modules [32mloggers[39m ont correctement été exportés.
[2025-07-25T03:00:08.277Z] [EVENT] 2025-07-25 05:00:08 [📅 EVENT NOTIFY] Chargé : guildBanAdd
[2025-07-25T03:00:08.279Z] [EVENT] 2025-07-25 05:00:08 [📅 EVENT NOTIFY] Chargé : guildBanRemove
[2025-07-25T03:00:08.280Z] [EVENT] 2025-07-25 05:00:08 [📅 EVENT NOTIFY] Chargé : guildMemberAdd
[2025-07-25T03:00:08.282Z] [EVENT] 2025-07-25 05:00:08 [📅 EVENT NOTIFY] Chargé : guildMemberRemove
[2025-07-25T03:00:08.286Z] 2025-07-25 05:00:08 [CLIENT DISCORD] Les modules  [32mutils.js[39m [0m ont correctement été exporté.[0m
[2025-07-25T03:00:09.437Z] 2025-07-25 05:00:09 [CLIENT DISCORD] L'interaction  [32mbuttons.js[39m [0m ont correctement été exporté.[0m
[2025-07-25T03:00:09.635Z] 2025-07-25 05:00:09 [CLIENT DISCORD] L'interaction  [32mmodals.js[39m [0m ont correctement été exporté.[0m
[2025-07-25T03:00:09.636Z] [EVENT] 2025-07-25 05:00:09 [📅 EVENT NOTIFY] Chargé : interactionCreate
[2025-07-25T03:00:09.637Z] [EVENT] 2025-07-25 05:00:09 [📅 EVENT NOTIFY] Chargé : messageCreate
[2025-07-25T03:00:09.639Z] [EVENT] 2025-07-25 05:00:09 [📅 EVENT NOTIFY] Chargé : messageDelete
[2025-07-25T03:00:09.640Z] [EVENT] 2025-07-25 05:00:09 [📅 EVENT NOTIFY] Chargé : messageUpdate
[2025-07-25T03:00:09.652Z] 2025-07-25 05:00:09 [CLIENT DISCORD] Les modules  [32mcommands.js[39m [0m ont correctement été exporté.[0m
[2025-07-25T03:00:09.664Z] [EVENT] 2025-07-25 05:00:09 [📅 EVENT NOTIFY] Chargé : ready
[2025-07-25T03:00:09.665Z] [EVENT] 2025-07-25 05:00:09 [📅 EVENT NOTIFY] Chargé : voiceStateUpdate
[2025-07-25T03:00:09.670Z] [COMMANDS] 2025-07-25 05:00:09 [📌 COMMANDS NOTIFY] Chargée : ban
[2025-07-25T03:00:09.671Z] [COMMANDS] 2025-07-25 05:00:09 [📌 COMMANDS NOTIFY] Chargée : clear
[2025-07-25T03:00:09.672Z] [COMMANDS] 2025-07-25 05:00:09 [📌 COMMANDS NOTIFY] Chargée : createreport
[2025-07-25T03:00:09.673Z] [COMMANDS] 2025-07-25 05:00:09 [📌 COMMANDS NOTIFY] Chargée : div
[2025-07-25T03:00:09.674Z] [COMMANDS] 2025-07-25 05:00:09 [📌 COMMANDS NOTIFY] Chargée : help
[2025-07-25T03:00:09.675Z] [COMMANDS] 2025-07-25 05:00:09 [📌 COMMANDS NOTIFY] Chargée : info
[2025-07-25T03:00:09.676Z] [COMMANDS] 2025-07-25 05:00:09 [📌 COMMANDS NOTIFY] Chargée : infoshift
[2025-07-25T03:00:09.677Z] [COMMANDS] 2025-07-25 05:00:09 [📌 COMMANDS NOTIFY] Chargée : kick
[2025-07-25T03:00:09.678Z] [COMMANDS] 2025-07-25 05:00:09 [📌 COMMANDS NOTIFY] Chargée : mute
[2025-07-25T03:00:09.679Z] [COMMANDS] 2025-07-25 05:00:09 [📌 COMMANDS NOTIFY] Chargée : openservice
[2025-07-25T03:00:09.680Z] [COMMANDS] 2025-07-25 05:00:09 [📌 COMMANDS NOTIFY] Chargée : pex
[2025-07-25T03:00:09.687Z] [COMMANDS] 2025-07-25 05:00:09 [📌 COMMANDS NOTIFY] Chargée : play
[2025-07-25T03:00:09.688Z] [COMMANDS] 2025-07-25 05:00:09 [📌 COMMANDS NOTIFY] Chargée : promote
[2025-07-25T03:00:09.689Z] [COMMANDS] 2025-07-25 05:00:09 [📌 COMMANDS NOTIFY] Chargée : recruit
[2025-07-25T03:00:09.690Z] [COMMANDS] 2025-07-25 05:00:09 [📌 COMMANDS NOTIFY] Chargée : rename
[2025-07-25T03:00:09.691Z] [COMMANDS] 2025-07-25 05:00:09 [📌 COMMANDS NOTIFY] Chargée : role
[2025-07-25T03:00:09.692Z] [COMMANDS] 2025-07-25 05:00:09 [📌 COMMANDS NOTIFY] Chargée : send
[2025-07-25T03:00:09.693Z] [COMMANDS] 2025-07-25 05:00:09 [📌 COMMANDS NOTIFY] Chargée : shift
[2025-07-25T03:00:09.695Z] [COMMANDS] 2025-07-25 05:00:09 [📌 COMMANDS NOTIFY] Chargée : ticket
[2025-07-25T03:00:09.696Z] [COMMANDS] 2025-07-25 05:00:09 [📌 COMMANDS NOTIFY] Chargée : userinfo
[2025-07-25T03:00:09.697Z] [COMMANDS] 2025-07-25 05:00:09 [📌 COMMANDS NOTIFY] Chargée : warn
[2025-07-25T03:00:09.701Z] 2025-07-25 05:00:09 [CLIENT DISCORD] [42m[30mChargement des informations du package.[39m[49m
[42m[30m[39m[49m [46m[PACKAGE][49m [32mAuth. : François 🌸[39m
[32m[39m [46m[PACKAGE][49m [32mDepd. : axios, chalk, cron, discord-html-transcripts, discord-player, discord.js, distube, dotenv, express, express-session, form-data, fs, googleapis, luxon, node-cron, node-fetch, ora, patch, path, pdf-lib, pdfkit, play-dl, readline, rl, uuid[39m
[32m[39m [46m[PACKAGE][49m [32mDesc. : Official Bot Catherine for 911 Community.[39m
[32m[39m [46m[PACKAGE][49m [32mLisc. : ISC[39m
[32m[39m [46m[PACKAGE][49m [32mMain. : index.js[39m
[32m[39m [46m[PACKAGE][49m [32mName. : catherine[39m
[32m[39m [46m[PACKAGE][49m [32mScrp. : {"test":"echo \"Error: no test specified\" && exit 1","start":"node server.js"}[39m
[32m[39m [46m[PACKAGE][49m [32mVers. : 2.1.2[39m
[32m[39m [46m[PACKAGE][49m [32mPatch Note. : **[PN - 07/06]** *Passage 2.0 with new patch (shift, tabs... new commands handler)*[39m
[32m[39m
[2025-07-25T03:00:10.567Z] 2025-07-25 05:00:10 [DEBUG] 📦 Checking version from local...
[2025-07-25T03:00:10.567Z] 2025-07-25 05:00:10 [CLIENT DISCORD] 📦 Nom : catherine
[2025-07-25T03:00:10.567Z] 2025-07-25 05:00:10 [CLIENT DISCORD] 🕒 Version locale : 2.1.2
[2025-07-25T03:00:10.568Z] 2025-07-25 05:00:10 [DEBUG] 🌐 Checking version from GitHub...
[2025-07-25T03:00:10.833Z] 2025-07-25 05:00:10 [CLIENT DISCORD] 📦 Nom GitHub : catherine
[2025-07-25T03:00:10.835Z] 2025-07-25 05:00:10 [CLIENT DISCORD] 🕒 Version distante : 2.1.2
[2025-07-25T03:00:10.836Z] [INFO] 2025-07-25 05:00:10 [ℹ️ INFO NOTIFY] ✅ Les versions sont identiques.
[2025-07-25T03:00:10.837Z] 2025-07-25 05:00:10 [CLIENT DISCORD] [34m==============================[39m
[2025-07-25T03:00:10.838Z] 2025-07-25 05:00:10 [CLIENT DISCORD] [32m🚀 Démarrage du bot...[39m
[2025-07-25T03:00:10.839Z] 2025-07-25 05:00:10 [CLIENT DISCORD] [33m🔗 Connexion à Discord API...[39m
[2025-07-25T03:00:10.840Z] 2025-07-25 05:00:10 [CLIENT DISCORD] [36m✅ Bot RP en ligne ! Connecté en tant que 293 | Catherine#8045[39m
[2025-07-25T03:00:10.842Z] 2025-07-25 05:00:10 [CLIENT DISCORD] [34m==============================[39m
[34m[39m
[2025-07-25T03:00:10.853Z] 2025-07-25 05:00:10 [CLIENT DISCORD] [player] Initialisation du Player terminée.
[2025-07-25T03:00:10.857Z] 2025-07-25 05:00:10 [CLIENT DISCORD] [player] Extracteurs chargés avec succès.
[2025-07-25T03:00:10.858Z] 2025-07-25 05:00:10 [CLIENT DISCORD] 📥 Serveur trouvé : Georgia State Police (GSP)
[2025-07-25T03:00:11.206Z] 2025-07-25 05:00:11 [CLIENT DISCORD] 🔍 Commandes déjà présentes : play, rules, createreport, div, role, info, pex, openservice, infoshift, recruit, help, ban, ticket, shutdown, userinfo, send, clear, kick, warn, mute, rename, shift, promote
[2025-07-25T03:00:11.206Z] 2025-07-25 05:00:11 [WARN] ⚠️ Les commandes sont déjà enregistrées. Lance avec 'debug' pour forcer l'écrasement.
[2025-07-25T03:00:11.207Z] 2025-07-25 05:00:11 [CLIENT DISCORD] 🎮 Statut et activité mis à jour.
[2025-07-25T03:00:11.207Z] 2025-07-25 05:00:11 [CLIENT DISCORD] 📌 Mode de lancement : [33mAucun[39m
[2025-07-25T03:00:11.207Z] 2025-07-25 05:00:11 [CLIENT DISCORD] ✅ Bot prêt en tant que 293 | Catherine#8045
[2025-07-25T06:00:00.131Z] 2025-07-25 08:00:00 [CLIENT DISCORD] [32m🌅 Tâches du matin exécutées ![39m
[2025-07-25T06:00:00.160Z] 2025-07-25 08:00:00 [CLIENT DISCORD] [Cron] 🕒 Démarrage de la régénération automatique de la hiérarchie (tabs)...
[2025-07-25T06:00:00.167Z] 2025-07-25 08:00:00 [CLIENT DISCORD] [Cron] 🕒 Démarrage de la régénération automatique de la hiérarchie... (div)
[2025-07-25T06:00:00.170Z] 2025-07-25 08:00:00 [CLIENT DISCORD] 🔍 Vérification des règles...
[2025-07-25T06:00:00.181Z] 2025-07-25 08:00:00 [DEBUG] 📦 Checking version from local...
[2025-07-25T06:00:00.183Z] 2025-07-25 08:00:00 [CLIENT DISCORD] 📦 Nom : catherine
[2025-07-25T06:00:00.183Z] 2025-07-25 08:00:00 [CLIENT DISCORD] 🕒 Version locale : 2.1.2
[2025-07-25T06:00:00.183Z] 2025-07-25 08:00:00 [DEBUG] 🌐 Checking version from GitHub...
[2025-07-25T06:00:00.226Z] 2025-07-25 08:00:00 [CLIENT DISCORD] ✅ rules_1.txt inchangé, pas de mise à jour.
[2025-07-25T06:00:00.227Z] 2025-07-25 08:00:00 [CLIENT DISCORD] ✅ rules_2.txt inchangé, pas de mise à jour.
[2025-07-25T06:00:00.227Z] 2025-07-25 08:00:00 [CLIENT DISCORD] ✅ Vérification des règles terminée.
[2025-07-25T06:00:00.315Z] 2025-07-25 08:00:00 [CLIENT DISCORD] [EXPORT] access.json mis à jour avec 13 exécutif(s), 3 superviseur(s) et 2 commandement(s)
[2025-07-25T06:00:00.497Z] 2025-07-25 08:00:00 [CLIENT DISCORD] 📦 Nom GitHub : catherine
[2025-07-25T06:00:00.498Z] 2025-07-25 08:00:00 [CLIENT DISCORD] 🕒 Version distante : 2.1.2
[2025-07-25T06:00:00.498Z] [INFO] 2025-07-25 08:00:00 [ℹ️ INFO NOTIFY] ✅ Les versions sont identiques.
[2025-07-25T06:00:00.784Z] [NOTIFY] 2025-07-25 08:00:00 [🟢 SOFT NOTIFY] Message DIV supprimé
[2025-07-25T06:00:01.007Z] [NOTIFY] 2025-07-25 08:00:01 [🟢 SOFT NOTIFY] Message TABS supprimé
[2025-07-25T06:00:02.553Z] 2025-07-25 08:00:02 [CLIENT DISCORD] [✅] Hiérarchie DIV envoyée.
[2025-07-25T06:00:02.554Z] 2025-07-25 08:00:02 [CLIENT DISCORD] [Cron] 🕒 Fin de la régénération automatique de la hiérarchie.
[2025-07-25T06:00:02.860Z] 2025-07-25 08:00:02 [CLIENT DISCORD] [✅] Hiérarchie TABS envoyée.
[2025-07-25T06:00:02.861Z] 2025-07-25 08:00:02 [CLIENT DISCORD] [Cron] 🕒 Fin de la régénération automatique de la hiérarchie.
[2025-07-25T14:00:00.141Z] 2025-07-25 16:00:00 [CLIENT DISCORD] [32m🌇 Tâches du soir exécutées ![39m
[2025-07-25T14:00:00.161Z] 2025-07-25 16:00:00 [CLIENT DISCORD] [Cron] 🕒 Démarrage de la régénération automatique de la hiérarchie (tabs)...
[2025-07-25T14:00:00.166Z] 2025-07-25 16:00:00 [CLIENT DISCORD] [Cron] 🕒 Démarrage de la régénération automatique de la hiérarchie... (div)
[2025-07-25T14:00:00.169Z] 2025-07-25 16:00:00 [CLIENT DISCORD] 🔍 Vérification des règles...
[2025-07-25T14:00:00.178Z] 2025-07-25 16:00:00 [DEBUG] 📦 Checking version from local...
[2025-07-25T14:00:00.181Z] 2025-07-25 16:00:00 [CLIENT DISCORD] 📦 Nom : catherine
[2025-07-25T14:00:00.182Z] 2025-07-25 16:00:00 [CLIENT DISCORD] 🕒 Version locale : 2.1.2
[2025-07-25T14:00:00.183Z] 2025-07-25 16:00:00 [DEBUG] 🌐 Checking version from GitHub...
[2025-07-25T14:00:00.233Z] 2025-07-25 16:00:00 [CLIENT DISCORD] ✅ rules_1.txt inchangé, pas de mise à jour.
[2025-07-25T14:00:00.235Z] 2025-07-25 16:00:00 [CLIENT DISCORD] ✅ rules_2.txt inchangé, pas de mise à jour.
[2025-07-25T14:00:00.236Z] 2025-07-25 16:00:00 [CLIENT DISCORD] ✅ Vérification des règles terminée.
[2025-07-25T14:00:00.307Z] 2025-07-25 16:00:00 [CLIENT DISCORD] [EXPORT] access.json mis à jour avec 13 exécutif(s), 3 superviseur(s) et 2 commandement(s)
[2025-07-25T14:00:00.530Z] 2025-07-25 16:00:00 [CLIENT DISCORD] 📦 Nom GitHub : catherine
[2025-07-25T14:00:00.531Z] 2025-07-25 16:00:00 [CLIENT DISCORD] 🕒 Version distante : 2.1.2
[2025-07-25T14:00:00.533Z] [INFO] 2025-07-25 16:00:00 [ℹ️ INFO NOTIFY] ✅ Les versions sont identiques.
[2025-07-25T14:00:00.608Z] [NOTIFY] 2025-07-25 16:00:00 [🟢 SOFT NOTIFY] Message DIV supprimé
[2025-07-25T14:00:00.948Z] [NOTIFY] 2025-07-25 16:00:00 [🟢 SOFT NOTIFY] Message TABS supprimé
[2025-07-25T14:00:02.429Z] 2025-07-25 16:00:02 [CLIENT DISCORD] [✅] Hiérarchie DIV envoyée.
[2025-07-25T14:00:02.432Z] 2025-07-25 16:00:02 [CLIENT DISCORD] [Cron] 🕒 Fin de la régénération automatique de la hiérarchie.
[2025-07-25T14:00:02.966Z] 2025-07-25 16:00:02 [CLIENT DISCORD] [✅] Hiérarchie TABS envoyée.
[2025-07-25T14:00:02.967Z] 2025-07-25 16:00:02 [CLIENT DISCORD] [Cron] 🕒 Fin de la régénération automatique de la hiérarchie.
