[2025-07-31T03:00:00.158Z] 2025-07-31 05:00:00 [CLIENT DISCORD] [32m🌙 Tâches de la nuit exécutées ![39m
[2025-07-31T03:00:00.188Z] 2025-07-31 05:00:00 [DEBUG] 📦 Checking version from local...
[2025-07-31T03:00:00.189Z] 2025-07-31 05:00:00 [CLIENT DISCORD] 📦 Nom : catherine
[2025-07-31T03:00:00.190Z] 2025-07-31 05:00:00 [CLIENT DISCORD] 🕒 Version locale : 2.1.2
[2025-07-31T03:00:00.190Z] 2025-07-31 05:00:00 [DEBUG] 🌐 Checking version from GitHub...
[2025-07-31T03:00:00.197Z] 2025-07-31 05:00:00 [WARN] [REBOOT] Attention, Catherine redémarre (checker les logs). Instruction reboot.js
[2025-07-31T03:00:16.301Z] 2025-07-31 05:00:16 [CLIENT DISCORD] Les modules [32mloggers[39m ont correctement été exportés.
[2025-07-31T03:00:16.339Z] [EVENT] 2025-07-31 05:00:16 [📅 EVENT NOTIFY] Chargé : guildBanAdd
[2025-07-31T03:00:16.341Z] [EVENT] 2025-07-31 05:00:16 [📅 EVENT NOTIFY] Chargé : guildBanRemove
[2025-07-31T03:00:16.343Z] [EVENT] 2025-07-31 05:00:16 [📅 EVENT NOTIFY] Chargé : guildMemberAdd
[2025-07-31T03:00:16.345Z] [EVENT] 2025-07-31 05:00:16 [📅 EVENT NOTIFY] Chargé : guildMemberRemove
[2025-07-31T03:00:16.349Z] 2025-07-31 05:00:16 [CLIENT DISCORD] Les modules  [32mutils.js[39m [0m ont correctement été exporté.[0m
[2025-07-31T03:00:17.278Z] 2025-07-31 05:00:17 [CLIENT DISCORD] L'interaction  [32mbuttons.js[39m [0m ont correctement été exporté.[0m
[2025-07-31T03:00:17.618Z] 2025-07-31 05:00:17 [CLIENT DISCORD] L'interaction  [32mmodals.js[39m [0m ont correctement été exporté.[0m
[2025-07-31T03:00:17.620Z] [EVENT] 2025-07-31 05:00:17 [📅 EVENT NOTIFY] Chargé : interactionCreate
[2025-07-31T03:00:17.622Z] [EVENT] 2025-07-31 05:00:17 [📅 EVENT NOTIFY] Chargé : messageCreate
[2025-07-31T03:00:17.624Z] [EVENT] 2025-07-31 05:00:17 [📅 EVENT NOTIFY] Chargé : messageDelete
[2025-07-31T03:00:17.626Z] [EVENT] 2025-07-31 05:00:17 [📅 EVENT NOTIFY] Chargé : messageUpdate
[2025-07-31T03:00:17.654Z] 2025-07-31 05:00:17 [CLIENT DISCORD] Les modules  [32mcommands.js[39m [0m ont correctement été exporté.[0m
[2025-07-31T03:00:17.678Z] [EVENT] 2025-07-31 05:00:17 [📅 EVENT NOTIFY] Chargé : ready
[2025-07-31T03:00:17.679Z] [EVENT] 2025-07-31 05:00:17 [📅 EVENT NOTIFY] Chargé : voiceStateUpdate
[2025-07-31T03:00:17.685Z] [COMMANDS] 2025-07-31 05:00:17 [📌 COMMANDS NOTIFY] Chargée : ban
[2025-07-31T03:00:17.686Z] [COMMANDS] 2025-07-31 05:00:17 [📌 COMMANDS NOTIFY] Chargée : clear
[2025-07-31T03:00:17.687Z] [COMMANDS] 2025-07-31 05:00:17 [📌 COMMANDS NOTIFY] Chargée : createreport
[2025-07-31T03:00:17.689Z] [COMMANDS] 2025-07-31 05:00:17 [📌 COMMANDS NOTIFY] Chargée : div
[2025-07-31T03:00:17.690Z] [COMMANDS] 2025-07-31 05:00:17 [📌 COMMANDS NOTIFY] Chargée : help
[2025-07-31T03:00:17.692Z] [COMMANDS] 2025-07-31 05:00:17 [📌 COMMANDS NOTIFY] Chargée : info
[2025-07-31T03:00:17.694Z] [COMMANDS] 2025-07-31 05:00:17 [📌 COMMANDS NOTIFY] Chargée : infoshift
[2025-07-31T03:00:17.696Z] [COMMANDS] 2025-07-31 05:00:17 [📌 COMMANDS NOTIFY] Chargée : kick
[2025-07-31T03:00:17.698Z] [COMMANDS] 2025-07-31 05:00:17 [📌 COMMANDS NOTIFY] Chargée : mute
[2025-07-31T03:00:17.701Z] [COMMANDS] 2025-07-31 05:00:17 [📌 COMMANDS NOTIFY] Chargée : openservice
[2025-07-31T03:00:17.703Z] [COMMANDS] 2025-07-31 05:00:17 [📌 COMMANDS NOTIFY] Chargée : pex
[2025-07-31T03:00:17.723Z] [COMMANDS] 2025-07-31 05:00:17 [📌 COMMANDS NOTIFY] Chargée : play
[2025-07-31T03:00:17.725Z] [COMMANDS] 2025-07-31 05:00:17 [📌 COMMANDS NOTIFY] Chargée : promote
[2025-07-31T03:00:17.727Z] [COMMANDS] 2025-07-31 05:00:17 [📌 COMMANDS NOTIFY] Chargée : recruit
[2025-07-31T03:00:17.729Z] [COMMANDS] 2025-07-31 05:00:17 [📌 COMMANDS NOTIFY] Chargée : rename
[2025-07-31T03:00:17.730Z] [COMMANDS] 2025-07-31 05:00:17 [📌 COMMANDS NOTIFY] Chargée : role
[2025-07-31T03:00:17.732Z] [COMMANDS] 2025-07-31 05:00:17 [📌 COMMANDS NOTIFY] Chargée : send
[2025-07-31T03:00:17.734Z] [COMMANDS] 2025-07-31 05:00:17 [📌 COMMANDS NOTIFY] Chargée : shift
[2025-07-31T03:00:17.738Z] [COMMANDS] 2025-07-31 05:00:17 [📌 COMMANDS NOTIFY] Chargée : ticket
[2025-07-31T03:00:17.741Z] [COMMANDS] 2025-07-31 05:00:17 [📌 COMMANDS NOTIFY] Chargée : userinfo
[2025-07-31T03:00:17.743Z] [COMMANDS] 2025-07-31 05:00:17 [📌 COMMANDS NOTIFY] Chargée : warn
[2025-07-31T03:00:17.748Z] 2025-07-31 05:00:17 [CLIENT DISCORD] [42m[30mChargement des informations du package.[39m[49m
[42m[30m[39m[49m [46m[PACKAGE][49m [32mAuth. : François 🌸[39m
[32m[39m [46m[PACKAGE][49m [32mDepd. : axios, chalk, cron, discord-html-transcripts, discord-player, discord.js, distube, dotenv, express, express-session, form-data, fs, googleapis, luxon, node-cron, node-fetch, ora, patch, path, pdf-lib, pdfkit, play-dl, readline, rl, uuid[39m
[32m[39m [46m[PACKAGE][49m [32mDesc. : Official Bot Catherine for 911 Community.[39m
[32m[39m [46m[PACKAGE][49m [32mLisc. : ISC[39m
[32m[39m [46m[PACKAGE][49m [32mMain. : index.js[39m
[32m[39m [46m[PACKAGE][49m [32mName. : catherine[39m
[32m[39m [46m[PACKAGE][49m [32mScrp. : {"test":"echo \"Error: no test specified\" && exit 1","start":"node server.js"}[39m
[32m[39m [46m[PACKAGE][49m [32mVers. : 2.1.2[39m
[32m[39m [46m[PACKAGE][49m [32mPatch Note. : **[PN - 07/06]** *Passage 2.0 with new patch (shift, tabs... new commands handler)*[39m
[32m[39m
[2025-07-31T03:00:18.662Z] 2025-07-31 05:00:18 [DEBUG] 📦 Checking version from local...
[2025-07-31T03:00:18.663Z] 2025-07-31 05:00:18 [CLIENT DISCORD] 📦 Nom : catherine
[2025-07-31T03:00:18.664Z] 2025-07-31 05:00:18 [CLIENT DISCORD] 🕒 Version locale : 2.1.2
[2025-07-31T03:00:18.665Z] 2025-07-31 05:00:18 [DEBUG] 🌐 Checking version from GitHub...
[2025-07-31T03:00:18.919Z] 2025-07-31 05:00:18 [CLIENT DISCORD] 📦 Nom GitHub : catherine
[2025-07-31T03:00:18.920Z] 2025-07-31 05:00:18 [CLIENT DISCORD] 🕒 Version distante : 2.1.2
[2025-07-31T03:00:18.921Z] [INFO] 2025-07-31 05:00:18 [ℹ️ INFO NOTIFY] ✅ Les versions sont identiques.
[2025-07-31T03:00:18.922Z] 2025-07-31 05:00:18 [CLIENT DISCORD] [34m==============================[39m
[2025-07-31T03:00:18.923Z] 2025-07-31 05:00:18 [CLIENT DISCORD] [32m🚀 Démarrage du bot...[39m
[2025-07-31T03:00:18.924Z] 2025-07-31 05:00:18 [CLIENT DISCORD] [33m🔗 Connexion à Discord API...[39m
[2025-07-31T03:00:18.925Z] 2025-07-31 05:00:18 [CLIENT DISCORD] [36m✅ Bot RP en ligne ! Connecté en tant que 293 | Catherine#8045[39m
[2025-07-31T03:00:18.926Z] 2025-07-31 05:00:18 [CLIENT DISCORD] [34m==============================[39m
[34m[39m
[2025-07-31T03:00:18.936Z] 2025-07-31 05:00:18 [CLIENT DISCORD] [player] Initialisation du Player terminée.
[2025-07-31T03:00:18.941Z] 2025-07-31 05:00:18 [CLIENT DISCORD] [player] Extracteurs chargés avec succès.
[2025-07-31T03:00:18.942Z] 2025-07-31 05:00:18 [CLIENT DISCORD] 📥 Serveur trouvé : Georgia State Police (GSP)
[2025-07-31T03:00:19.151Z] 2025-07-31 05:00:19 [CLIENT DISCORD] 🔍 Commandes déjà présentes : play, rules, createreport, div, role, info, pex, openservice, infoshift, recruit, help, ban, ticket, shutdown, userinfo, send, clear, kick, warn, mute, rename, shift, promote
[2025-07-31T03:00:19.155Z] 2025-07-31 05:00:19 [WARN] ⚠️ Les commandes sont déjà enregistrées. Lance avec 'debug' pour forcer l'écrasement.
[2025-07-31T03:00:19.156Z] 2025-07-31 05:00:19 [CLIENT DISCORD] 🎮 Statut et activité mis à jour.
[2025-07-31T03:00:19.158Z] 2025-07-31 05:00:19 [CLIENT DISCORD] 📌 Mode de lancement : [33mAucun[39m
[2025-07-31T03:00:19.158Z] 2025-07-31 05:00:19 [CLIENT DISCORD] ✅ Bot prêt en tant que 293 | Catherine#8045
[2025-07-31T06:00:00.144Z] 2025-07-31 08:00:00 [CLIENT DISCORD] [32m🌅 Tâches du matin exécutées ![39m
[2025-07-31T06:00:00.172Z] 2025-07-31 08:00:00 [CLIENT DISCORD] [Cron] 🕒 Démarrage de la régénération automatique de la hiérarchie (tabs)...
[2025-07-31T06:00:00.181Z] 2025-07-31 08:00:00 [CLIENT DISCORD] [Cron] 🕒 Démarrage de la régénération automatique de la hiérarchie... (div)
[2025-07-31T06:00:00.185Z] 2025-07-31 08:00:00 [CLIENT DISCORD] 🔍 Vérification des règles...
[2025-07-31T06:00:00.203Z] 2025-07-31 08:00:00 [DEBUG] 📦 Checking version from local...
[2025-07-31T06:00:00.207Z] 2025-07-31 08:00:00 [CLIENT DISCORD] 📦 Nom : catherine
[2025-07-31T06:00:00.208Z] 2025-07-31 08:00:00 [CLIENT DISCORD] 🕒 Version locale : 2.1.2
[2025-07-31T06:00:00.209Z] 2025-07-31 08:00:00 [DEBUG] 🌐 Checking version from GitHub...
[2025-07-31T06:00:00.258Z] 2025-07-31 08:00:00 [CLIENT DISCORD] ✅ rules_1.txt inchangé, pas de mise à jour.
[2025-07-31T06:00:00.259Z] 2025-07-31 08:00:00 [CLIENT DISCORD] ✅ rules_2.txt inchangé, pas de mise à jour.
[2025-07-31T06:00:00.260Z] 2025-07-31 08:00:00 [CLIENT DISCORD] ✅ Vérification des règles terminée.
[2025-07-31T06:00:00.354Z] 2025-07-31 08:00:00 [CLIENT DISCORD] [EXPORT] access.json mis à jour avec 13 exécutif(s), 3 superviseur(s) et 2 commandement(s)
[2025-07-31T06:00:00.532Z] 2025-07-31 08:00:00 [CLIENT DISCORD] 📦 Nom GitHub : catherine
[2025-07-31T06:00:00.533Z] 2025-07-31 08:00:00 [CLIENT DISCORD] 🕒 Version distante : 2.1.2
[2025-07-31T06:00:00.534Z] [INFO] 2025-07-31 08:00:00 [ℹ️ INFO NOTIFY] ✅ Les versions sont identiques.
[2025-07-31T06:00:00.969Z] [NOTIFY] 2025-07-31 08:00:00 [🟢 SOFT NOTIFY] Message DIV supprimé
[2025-07-31T06:00:01.301Z] [NOTIFY] 2025-07-31 08:00:01 [🟢 SOFT NOTIFY] Message TABS supprimé
[2025-07-31T06:00:04.999Z] 2025-07-31 08:00:04 [CLIENT DISCORD] [✅] Hiérarchie DIV envoyée.
[2025-07-31T06:00:05.001Z] 2025-07-31 08:00:05 [CLIENT DISCORD] [Cron] 🕒 Fin de la régénération automatique de la hiérarchie.
[2025-07-31T06:00:05.884Z] 2025-07-31 08:00:05 [CLIENT DISCORD] [✅] Hiérarchie TABS envoyée.
[2025-07-31T06:00:05.885Z] 2025-07-31 08:00:05 [CLIENT DISCORD] [Cron] 🕒 Fin de la régénération automatique de la hiérarchie.
[2025-07-31T14:00:00.173Z] 2025-07-31 16:00:00 [CLIENT DISCORD] [32m🌇 Tâches du soir exécutées ![39m
[2025-07-31T14:00:00.198Z] 2025-07-31 16:00:00 [CLIENT DISCORD] [Cron] 🕒 Démarrage de la régénération automatique de la hiérarchie (tabs)...
[2025-07-31T14:00:00.203Z] 2025-07-31 16:00:00 [CLIENT DISCORD] [Cron] 🕒 Démarrage de la régénération automatique de la hiérarchie... (div)
[2025-07-31T14:00:00.204Z] 2025-07-31 16:00:00 [CLIENT DISCORD] 🔍 Vérification des règles...
[2025-07-31T14:00:00.214Z] 2025-07-31 16:00:00 [DEBUG] 📦 Checking version from local...
[2025-07-31T14:00:00.216Z] 2025-07-31 16:00:00 [CLIENT DISCORD] 📦 Nom : catherine
[2025-07-31T14:00:00.217Z] 2025-07-31 16:00:00 [CLIENT DISCORD] 🕒 Version locale : 2.1.2
[2025-07-31T14:00:00.220Z] 2025-07-31 16:00:00 [DEBUG] 🌐 Checking version from GitHub...
[2025-07-31T14:00:00.284Z] 2025-07-31 16:00:00 [CLIENT DISCORD] ✅ rules_1.txt inchangé, pas de mise à jour.
[2025-07-31T14:00:00.286Z] 2025-07-31 16:00:00 [CLIENT DISCORD] ✅ rules_2.txt inchangé, pas de mise à jour.
[2025-07-31T14:00:00.286Z] 2025-07-31 16:00:00 [CLIENT DISCORD] ✅ Vérification des règles terminée.
[2025-07-31T14:00:00.355Z] 2025-07-31 16:00:00 [CLIENT DISCORD] [EXPORT] access.json mis à jour avec 13 exécutif(s), 3 superviseur(s) et 2 commandement(s)
[2025-07-31T14:00:00.521Z] 2025-07-31 16:00:00 [CLIENT DISCORD] 📦 Nom GitHub : catherine
[2025-07-31T14:00:00.522Z] 2025-07-31 16:00:00 [CLIENT DISCORD] 🕒 Version distante : 2.1.2
[2025-07-31T14:00:00.524Z] [INFO] 2025-07-31 16:00:00 [ℹ️ INFO NOTIFY] ✅ Les versions sont identiques.
[2025-07-31T14:00:00.606Z] [NOTIFY] 2025-07-31 16:00:00 [🟢 SOFT NOTIFY] Message DIV supprimé
[2025-07-31T14:00:00.827Z] [NOTIFY] 2025-07-31 16:00:00 [🟢 SOFT NOTIFY] Message TABS supprimé
[2025-07-31T14:00:04.179Z] 2025-07-31 16:00:04 [CLIENT DISCORD] [✅] Hiérarchie DIV envoyée.
[2025-07-31T14:00:04.181Z] 2025-07-31 16:00:04 [CLIENT DISCORD] [Cron] 🕒 Fin de la régénération automatique de la hiérarchie.
[2025-07-31T14:00:04.864Z] 2025-07-31 16:00:04 [CLIENT DISCORD] [✅] Hiérarchie TABS envoyée.
[2025-07-31T14:00:04.865Z] 2025-07-31 16:00:04 [CLIENT DISCORD] [Cron] 🕒 Fin de la régénération automatique de la hiérarchie.
