[2025-08-05T03:00:00.162Z] 2025-08-05 05:00:00 [CLIENT DISCORD] [32m🌙 Tâches de la nuit exécutées ![39m
[2025-08-05T03:00:00.199Z] 2025-08-05 05:00:00 [DEBUG] 📦 Checking version from local...
[2025-08-05T03:00:00.203Z] 2025-08-05 05:00:00 [CLIENT DISCORD] 📦 Nom : catherine
[2025-08-05T03:00:00.204Z] 2025-08-05 05:00:00 [CLIENT DISCORD] 🕒 Version locale : 2.1.2
[2025-08-05T03:00:00.204Z] 2025-08-05 05:00:00 [DEBUG] 🌐 Checking version from GitHub...
[2025-08-05T03:00:00.219Z] 2025-08-05 05:00:00 [WARN] [REBOOT] Attention, Catherine redémarre (checker les logs). Instruction reboot.js
[2025-08-05T03:00:09.329Z] 2025-08-05 05:00:09 [CLIENT DISCORD] Les modules [32mloggers[39m ont correctement été exportés.
[2025-08-05T03:00:09.359Z] [EVENT] 2025-08-05 05:00:09 [📅 EVENT NOTIFY] Chargé : guildBanAdd
[2025-08-05T03:00:09.360Z] [EVENT] 2025-08-05 05:00:09 [📅 EVENT NOTIFY] Chargé : guildBanRemove
[2025-08-05T03:00:09.361Z] [EVENT] 2025-08-05 05:00:09 [📅 EVENT NOTIFY] Chargé : guildMemberAdd
[2025-08-05T03:00:09.362Z] [EVENT] 2025-08-05 05:00:09 [📅 EVENT NOTIFY] Chargé : guildMemberRemove
[2025-08-05T03:00:09.364Z] 2025-08-05 05:00:09 [CLIENT DISCORD] Les modules  [32mutils.js[39m [0m ont correctement été exporté.[0m
[2025-08-05T03:00:10.309Z] 2025-08-05 05:00:10 [CLIENT DISCORD] L'interaction  [32mbuttons.js[39m [0m ont correctement été exporté.[0m
[2025-08-05T03:00:10.618Z] 2025-08-05 05:00:10 [CLIENT DISCORD] L'interaction  [32mmodals.js[39m [0m ont correctement été exporté.[0m
[2025-08-05T03:00:10.619Z] [EVENT] 2025-08-05 05:00:10 [📅 EVENT NOTIFY] Chargé : interactionCreate
[2025-08-05T03:00:10.622Z] [EVENT] 2025-08-05 05:00:10 [📅 EVENT NOTIFY] Chargé : messageCreate
[2025-08-05T03:00:10.625Z] [EVENT] 2025-08-05 05:00:10 [📅 EVENT NOTIFY] Chargé : messageDelete
[2025-08-05T03:00:10.627Z] [EVENT] 2025-08-05 05:00:10 [📅 EVENT NOTIFY] Chargé : messageUpdate
[2025-08-05T03:00:10.657Z] 2025-08-05 05:00:10 [CLIENT DISCORD] Les modules  [32mcommands.js[39m [0m ont correctement été exporté.[0m
[2025-08-05T03:00:10.682Z] [EVENT] 2025-08-05 05:00:10 [📅 EVENT NOTIFY] Chargé : ready
[2025-08-05T03:00:10.684Z] [EVENT] 2025-08-05 05:00:10 [📅 EVENT NOTIFY] Chargé : voiceStateUpdate
[2025-08-05T03:00:10.690Z] [COMMANDS] 2025-08-05 05:00:10 [📌 COMMANDS NOTIFY] Chargée : ban
[2025-08-05T03:00:10.692Z] [COMMANDS] 2025-08-05 05:00:10 [📌 COMMANDS NOTIFY] Chargée : clear
[2025-08-05T03:00:10.695Z] [COMMANDS] 2025-08-05 05:00:10 [📌 COMMANDS NOTIFY] Chargée : createreport
[2025-08-05T03:00:10.697Z] [COMMANDS] 2025-08-05 05:00:10 [📌 COMMANDS NOTIFY] Chargée : div
[2025-08-05T03:00:10.700Z] [COMMANDS] 2025-08-05 05:00:10 [📌 COMMANDS NOTIFY] Chargée : help
[2025-08-05T03:00:10.702Z] [COMMANDS] 2025-08-05 05:00:10 [📌 COMMANDS NOTIFY] Chargée : info
[2025-08-05T03:00:10.704Z] [COMMANDS] 2025-08-05 05:00:10 [📌 COMMANDS NOTIFY] Chargée : infoshift
[2025-08-05T03:00:10.706Z] [COMMANDS] 2025-08-05 05:00:10 [📌 COMMANDS NOTIFY] Chargée : kick
[2025-08-05T03:00:10.708Z] [COMMANDS] 2025-08-05 05:00:10 [📌 COMMANDS NOTIFY] Chargée : mute
[2025-08-05T03:00:10.709Z] [COMMANDS] 2025-08-05 05:00:10 [📌 COMMANDS NOTIFY] Chargée : openservice
[2025-08-05T03:00:10.711Z] [COMMANDS] 2025-08-05 05:00:10 [📌 COMMANDS NOTIFY] Chargée : pex
[2025-08-05T03:00:10.728Z] [COMMANDS] 2025-08-05 05:00:10 [📌 COMMANDS NOTIFY] Chargée : play
[2025-08-05T03:00:10.729Z] [COMMANDS] 2025-08-05 05:00:10 [📌 COMMANDS NOTIFY] Chargée : promote
[2025-08-05T03:00:10.730Z] [COMMANDS] 2025-08-05 05:00:10 [📌 COMMANDS NOTIFY] Chargée : recruit
[2025-08-05T03:00:10.731Z] [COMMANDS] 2025-08-05 05:00:10 [📌 COMMANDS NOTIFY] Chargée : rename
[2025-08-05T03:00:10.732Z] [COMMANDS] 2025-08-05 05:00:10 [📌 COMMANDS NOTIFY] Chargée : role
[2025-08-05T03:00:10.733Z] [COMMANDS] 2025-08-05 05:00:10 [📌 COMMANDS NOTIFY] Chargée : send
[2025-08-05T03:00:10.735Z] [COMMANDS] 2025-08-05 05:00:10 [📌 COMMANDS NOTIFY] Chargée : shift
[2025-08-05T03:00:10.737Z] [COMMANDS] 2025-08-05 05:00:10 [📌 COMMANDS NOTIFY] Chargée : ticket
[2025-08-05T03:00:10.739Z] [COMMANDS] 2025-08-05 05:00:10 [📌 COMMANDS NOTIFY] Chargée : userinfo
[2025-08-05T03:00:10.740Z] [COMMANDS] 2025-08-05 05:00:10 [📌 COMMANDS NOTIFY] Chargée : warn
[2025-08-05T03:00:10.744Z] 2025-08-05 05:00:10 [CLIENT DISCORD] [42m[30mChargement des informations du package.[39m[49m
[42m[30m[39m[49m [46m[PACKAGE][49m [32mAuth. : François 🌸[39m
[32m[39m [46m[PACKAGE][49m [32mDepd. : axios, chalk, cron, discord-html-transcripts, discord-player, discord.js, distube, dotenv, express, express-session, form-data, fs, googleapis, luxon, node-cron, node-fetch, ora, patch, path, pdf-lib, pdfkit, play-dl, readline, rl, uuid[39m
[32m[39m [46m[PACKAGE][49m [32mDesc. : Official Bot Catherine for 911 Community.[39m
[32m[39m [46m[PACKAGE][49m [32mLisc. : ISC[39m
[32m[39m [46m[PACKAGE][49m [32mMain. : index.js[39m
[32m[39m [46m[PACKAGE][49m [32mName. : catherine[39m
[32m[39m [46m[PACKAGE][49m [32mScrp. : {"test":"echo \"Error: no test specified\" && exit 1","start":"node server.js"}[39m
[32m[39m [46m[PACKAGE][49m [32mVers. : 2.1.2[39m
[32m[39m [46m[PACKAGE][49m [32mPatch Note. : **[PN - 07/06]** *Passage 2.0 with new patch (shift, tabs... new commands handler)*[39m
[32m[39m
[2025-08-05T03:00:12.141Z] 2025-08-05 05:00:12 [DEBUG] 📦 Checking version from local...
[2025-08-05T03:00:12.142Z] 2025-08-05 05:00:12 [CLIENT DISCORD] 📦 Nom : catherine
[2025-08-05T03:00:12.142Z] 2025-08-05 05:00:12 [CLIENT DISCORD] 🕒 Version locale : 2.1.2
[2025-08-05T03:00:12.142Z] 2025-08-05 05:00:12 [DEBUG] 🌐 Checking version from GitHub...
[2025-08-05T03:00:12.374Z] 2025-08-05 05:00:12 [CLIENT DISCORD] 📦 Nom GitHub : catherine
[2025-08-05T03:00:12.375Z] 2025-08-05 05:00:12 [CLIENT DISCORD] 🕒 Version distante : 2.1.2
[2025-08-05T03:00:12.376Z] [INFO] 2025-08-05 05:00:12 [ℹ️ INFO NOTIFY] ✅ Les versions sont identiques.
[2025-08-05T03:00:12.378Z] 2025-08-05 05:00:12 [CLIENT DISCORD] [34m==============================[39m
[2025-08-05T03:00:12.379Z] 2025-08-05 05:00:12 [CLIENT DISCORD] [32m🚀 Démarrage du bot...[39m
[2025-08-05T03:00:12.380Z] 2025-08-05 05:00:12 [CLIENT DISCORD] [33m🔗 Connexion à Discord API...[39m
[2025-08-05T03:00:12.381Z] 2025-08-05 05:00:12 [CLIENT DISCORD] [36m✅ Bot RP en ligne ! Connecté en tant que 293 | Catherine#8045[39m
[2025-08-05T03:00:12.383Z] 2025-08-05 05:00:12 [CLIENT DISCORD] [34m==============================[39m
[34m[39m
[2025-08-05T03:00:12.392Z] 2025-08-05 05:00:12 [CLIENT DISCORD] [player] Initialisation du Player terminée.
[2025-08-05T03:00:12.396Z] 2025-08-05 05:00:12 [CLIENT DISCORD] [player] Extracteurs chargés avec succès.
[2025-08-05T03:00:12.397Z] 2025-08-05 05:00:12 [CLIENT DISCORD] 📥 Serveur trouvé : Georgia State Police (GSP)
[2025-08-05T03:00:12.590Z] 2025-08-05 05:00:12 [CLIENT DISCORD] 🔍 Commandes déjà présentes : play, rules, createreport, div, role, info, pex, openservice, infoshift, recruit, help, ban, ticket, shutdown, userinfo, send, clear, kick, warn, mute, rename, shift, promote
[2025-08-05T03:00:12.590Z] 2025-08-05 05:00:12 [WARN] ⚠️ Les commandes sont déjà enregistrées. Lance avec 'debug' pour forcer l'écrasement.
[2025-08-05T03:00:12.591Z] 2025-08-05 05:00:12 [CLIENT DISCORD] 🎮 Statut et activité mis à jour.
[2025-08-05T03:00:12.591Z] 2025-08-05 05:00:12 [CLIENT DISCORD] 📌 Mode de lancement : [33mAucun[39m
[2025-08-05T03:00:12.591Z] 2025-08-05 05:00:12 [CLIENT DISCORD] ✅ Bot prêt en tant que 293 | Catherine#8045
[2025-08-05T06:00:00.134Z] 2025-08-05 08:00:00 [CLIENT DISCORD] [32m🌅 Tâches du matin exécutées ![39m
[2025-08-05T06:00:00.166Z] 2025-08-05 08:00:00 [CLIENT DISCORD] [Cron] 🕒 Démarrage de la régénération automatique de la hiérarchie (tabs)...
[2025-08-05T06:00:00.172Z] 2025-08-05 08:00:00 [CLIENT DISCORD] [Cron] 🕒 Démarrage de la régénération automatique de la hiérarchie... (div)
[2025-08-05T06:00:00.176Z] 2025-08-05 08:00:00 [CLIENT DISCORD] 🔍 Vérification des règles...
[2025-08-05T06:00:00.190Z] 2025-08-05 08:00:00 [DEBUG] 📦 Checking version from local...
[2025-08-05T06:00:00.194Z] 2025-08-05 08:00:00 [CLIENT DISCORD] 📦 Nom : catherine
[2025-08-05T06:00:00.195Z] 2025-08-05 08:00:00 [CLIENT DISCORD] 🕒 Version locale : 2.1.2
[2025-08-05T06:00:00.196Z] 2025-08-05 08:00:00 [DEBUG] 🌐 Checking version from GitHub...
[2025-08-05T06:00:00.237Z] 2025-08-05 08:00:00 [CLIENT DISCORD] ✅ rules_1.txt inchangé, pas de mise à jour.
[2025-08-05T06:00:00.240Z] 2025-08-05 08:00:00 [CLIENT DISCORD] ✅ rules_2.txt inchangé, pas de mise à jour.
[2025-08-05T06:00:00.241Z] 2025-08-05 08:00:00 [CLIENT DISCORD] ✅ Vérification des règles terminée.
[2025-08-05T06:00:00.332Z] 2025-08-05 08:00:00 [CLIENT DISCORD] [EXPORT] access.json mis à jour avec 13 exécutif(s), 3 superviseur(s) et 2 commandement(s)
[2025-08-05T06:00:00.464Z] 2025-08-05 08:00:00 [CLIENT DISCORD] 📦 Nom GitHub : catherine
[2025-08-05T06:00:00.466Z] 2025-08-05 08:00:00 [CLIENT DISCORD] 🕒 Version distante : 2.1.2
[2025-08-05T06:00:00.467Z] [INFO] 2025-08-05 08:00:00 [ℹ️ INFO NOTIFY] ✅ Les versions sont identiques.
[2025-08-05T06:00:00.911Z] [NOTIFY] 2025-08-05 08:00:00 [🟢 SOFT NOTIFY] Message DIV supprimé
[2025-08-05T06:00:01.173Z] [NOTIFY] 2025-08-05 08:00:01 [🟢 SOFT NOTIFY] Message TABS supprimé
[2025-08-05T06:00:02.850Z] 2025-08-05 08:00:02 [CLIENT DISCORD] [✅] Hiérarchie DIV envoyée.
[2025-08-05T06:00:02.883Z] 2025-08-05 08:00:02 [CLIENT DISCORD] [Cron] 🕒 Fin de la régénération automatique de la hiérarchie.
[2025-08-05T06:00:03.434Z] 2025-08-05 08:00:03 [CLIENT DISCORD] [✅] Hiérarchie TABS envoyée.
[2025-08-05T06:00:03.442Z] 2025-08-05 08:00:03 [CLIENT DISCORD] [Cron] 🕒 Fin de la régénération automatique de la hiérarchie.
[2025-08-05T10:28:26.951Z] 2025-08-05 12:28:26 [CLIENT DISCORD] [94m[MESSAGE_SENT][39m [32mkeegan_rp[39m [0ma envoyé[0m [32mHello, du nouveau ? 😄[39m [0mdans[0m [32mmod_keeganrp[39m
[2025-08-05T14:00:00.150Z] 2025-08-05 16:00:00 [CLIENT DISCORD] [32m🌇 Tâches du soir exécutées ![39m
[2025-08-05T14:00:00.169Z] 2025-08-05 16:00:00 [CLIENT DISCORD] [Cron] 🕒 Démarrage de la régénération automatique de la hiérarchie (tabs)...
[2025-08-05T14:00:00.174Z] 2025-08-05 16:00:00 [CLIENT DISCORD] [Cron] 🕒 Démarrage de la régénération automatique de la hiérarchie... (div)
[2025-08-05T14:00:00.182Z] 2025-08-05 16:00:00 [CLIENT DISCORD] 🔍 Vérification des règles...
[2025-08-05T14:00:00.193Z] 2025-08-05 16:00:00 [DEBUG] 📦 Checking version from local...
[2025-08-05T14:00:00.195Z] 2025-08-05 16:00:00 [CLIENT DISCORD] 📦 Nom : catherine
[2025-08-05T14:00:00.196Z] 2025-08-05 16:00:00 [CLIENT DISCORD] 🕒 Version locale : 2.1.2
[2025-08-05T14:00:00.198Z] 2025-08-05 16:00:00 [DEBUG] 🌐 Checking version from GitHub...
[2025-08-05T14:00:00.288Z] 2025-08-05 16:00:00 [CLIENT DISCORD] ✅ rules_1.txt inchangé, pas de mise à jour.
[2025-08-05T14:00:00.289Z] 2025-08-05 16:00:00 [CLIENT DISCORD] ✅ rules_2.txt inchangé, pas de mise à jour.
[2025-08-05T14:00:00.289Z] 2025-08-05 16:00:00 [CLIENT DISCORD] ✅ Vérification des règles terminée.
[2025-08-05T14:00:00.359Z] 2025-08-05 16:00:00 [CLIENT DISCORD] [EXPORT] access.json mis à jour avec 13 exécutif(s), 3 superviseur(s) et 2 commandement(s)
[2025-08-05T14:00:00.533Z] [NOTIFY] 2025-08-05 16:00:00 [🟢 SOFT NOTIFY] Message DIV supprimé
[2025-08-05T14:00:00.560Z] 2025-08-05 16:00:00 [CLIENT DISCORD] 📦 Nom GitHub : catherine
[2025-08-05T14:00:00.561Z] 2025-08-05 16:00:00 [CLIENT DISCORD] 🕒 Version distante : 2.1.2
[2025-08-05T14:00:00.561Z] [INFO] 2025-08-05 16:00:00 [ℹ️ INFO NOTIFY] ✅ Les versions sont identiques.
[2025-08-05T14:00:00.916Z] [NOTIFY] 2025-08-05 16:00:00 [🟢 SOFT NOTIFY] Message TABS supprimé
[2025-08-05T14:00:05.406Z] 2025-08-05 16:00:05 [CLIENT DISCORD] [✅] Hiérarchie DIV envoyée.
[2025-08-05T14:00:05.411Z] 2025-08-05 16:00:05 [CLIENT DISCORD] [Cron] 🕒 Fin de la régénération automatique de la hiérarchie.
[2025-08-05T14:00:05.895Z] 2025-08-05 16:00:05 [CLIENT DISCORD] [✅] Hiérarchie TABS envoyée.
[2025-08-05T14:00:05.896Z] 2025-08-05 16:00:05 [CLIENT DISCORD] [Cron] 🕒 Fin de la régénération automatique de la hiérarchie.
[2025-08-05T20:37:18.088Z] 2025-08-05 22:37:18 [CLIENT DISCORD] [94m[MESSAGE_SENT][39m [32mfrancois.piano[39m [0ma envoyé[0m [32m<@&1375181279124783184> <@439425425131962368> <@767703415413014579>[39m [0mdans[0m [32mmod_keeganrp[39m
