[2025-08-29T03:00:00.165Z] 2025-08-29 05:00:00 [CLIENT DISCORD] [32m🌙 Tâches de la nuit exécutées ![39m
[2025-08-29T03:00:00.205Z] 2025-08-29 05:00:00 [DEBUG] 📦 Checking version from local...
[2025-08-29T03:00:00.208Z] 2025-08-29 05:00:00 [CLIENT DISCORD] 📦 Nom : catherine
[2025-08-29T03:00:00.209Z] 2025-08-29 05:00:00 [CLIENT DISCORD] 🕒 Version locale : 2.1.2
[2025-08-29T03:00:00.210Z] 2025-08-29 05:00:00 [DEBUG] 🌐 Checking version from GitHub...
[2025-08-29T03:00:00.217Z] 2025-08-29 05:00:00 [WARN] [REBOOT] Attention, Catherine redémarre (checker les logs). Instruction reboot.js
[2025-08-29T03:00:08.799Z] 2025-08-29 05:00:08 [CLIENT DISCORD] Les modules [32mloggers[39m ont correctement été exportés.
[2025-08-29T03:00:08.836Z] [EVENT] 2025-08-29 05:00:08 [📅 EVENT NOTIFY] Chargé : guildBanAdd
[2025-08-29T03:00:08.837Z] [EVENT] 2025-08-29 05:00:08 [📅 EVENT NOTIFY] Chargé : guildBanRemove
[2025-08-29T03:00:08.838Z] [EVENT] 2025-08-29 05:00:08 [📅 EVENT NOTIFY] Chargé : guildMemberAdd
[2025-08-29T03:00:08.840Z] [EVENT] 2025-08-29 05:00:08 [📅 EVENT NOTIFY] Chargé : guildMemberRemove
[2025-08-29T03:00:08.843Z] 2025-08-29 05:00:08 [CLIENT DISCORD] Les modules  [32mutils.js[39m [0m ont correctement été exporté.[0m
[2025-08-29T03:00:09.941Z] 2025-08-29 05:00:09 [CLIENT DISCORD] L'interaction  [32mbuttons.js[39m [0m ont correctement été exporté.[0m
[2025-08-29T03:00:10.339Z] 2025-08-29 05:00:10 [CLIENT DISCORD] L'interaction  [32mmodals.js[39m [0m ont correctement été exporté.[0m
[2025-08-29T03:00:10.341Z] [EVENT] 2025-08-29 05:00:10 [📅 EVENT NOTIFY] Chargé : interactionCreate
[2025-08-29T03:00:10.344Z] [EVENT] 2025-08-29 05:00:10 [📅 EVENT NOTIFY] Chargé : messageCreate
[2025-08-29T03:00:10.347Z] [EVENT] 2025-08-29 05:00:10 [📅 EVENT NOTIFY] Chargé : messageDelete
[2025-08-29T03:00:10.348Z] [EVENT] 2025-08-29 05:00:10 [📅 EVENT NOTIFY] Chargé : messageUpdate
[2025-08-29T03:00:10.383Z] 2025-08-29 05:00:10 [CLIENT DISCORD] Les modules  [32mcommands.js[39m [0m ont correctement été exporté.[0m
[2025-08-29T03:00:10.413Z] [EVENT] 2025-08-29 05:00:10 [📅 EVENT NOTIFY] Chargé : ready
[2025-08-29T03:00:10.414Z] [EVENT] 2025-08-29 05:00:10 [📅 EVENT NOTIFY] Chargé : voiceStateUpdate
[2025-08-29T03:00:10.422Z] [COMMANDS] 2025-08-29 05:00:10 [📌 COMMANDS NOTIFY] Chargée : ban
[2025-08-29T03:00:10.424Z] [COMMANDS] 2025-08-29 05:00:10 [📌 COMMANDS NOTIFY] Chargée : clear
[2025-08-29T03:00:10.426Z] [COMMANDS] 2025-08-29 05:00:10 [📌 COMMANDS NOTIFY] Chargée : createreport
[2025-08-29T03:00:10.428Z] [COMMANDS] 2025-08-29 05:00:10 [📌 COMMANDS NOTIFY] Chargée : div
[2025-08-29T03:00:10.431Z] [COMMANDS] 2025-08-29 05:00:10 [📌 COMMANDS NOTIFY] Chargée : help
[2025-08-29T03:00:10.433Z] [COMMANDS] 2025-08-29 05:00:10 [📌 COMMANDS NOTIFY] Chargée : info
[2025-08-29T03:00:10.435Z] [COMMANDS] 2025-08-29 05:00:10 [📌 COMMANDS NOTIFY] Chargée : infoshift
[2025-08-29T03:00:10.437Z] [COMMANDS] 2025-08-29 05:00:10 [📌 COMMANDS NOTIFY] Chargée : kick
[2025-08-29T03:00:10.440Z] [COMMANDS] 2025-08-29 05:00:10 [📌 COMMANDS NOTIFY] Chargée : mute
[2025-08-29T03:00:10.445Z] [COMMANDS] 2025-08-29 05:00:10 [📌 COMMANDS NOTIFY] Chargée : openservice
[2025-08-29T03:00:10.448Z] [COMMANDS] 2025-08-29 05:00:10 [📌 COMMANDS NOTIFY] Chargée : pex
[2025-08-29T03:00:10.473Z] [COMMANDS] 2025-08-29 05:00:10 [📌 COMMANDS NOTIFY] Chargée : play
[2025-08-29T03:00:10.475Z] [COMMANDS] 2025-08-29 05:00:10 [📌 COMMANDS NOTIFY] Chargée : promote
[2025-08-29T03:00:10.477Z] [COMMANDS] 2025-08-29 05:00:10 [📌 COMMANDS NOTIFY] Chargée : recruit
[2025-08-29T03:00:10.479Z] [COMMANDS] 2025-08-29 05:00:10 [📌 COMMANDS NOTIFY] Chargée : rename
[2025-08-29T03:00:10.480Z] [COMMANDS] 2025-08-29 05:00:10 [📌 COMMANDS NOTIFY] Chargée : role
[2025-08-29T03:00:10.482Z] [COMMANDS] 2025-08-29 05:00:10 [📌 COMMANDS NOTIFY] Chargée : send
[2025-08-29T03:00:10.485Z] [COMMANDS] 2025-08-29 05:00:10 [📌 COMMANDS NOTIFY] Chargée : shift
[2025-08-29T03:00:10.490Z] [COMMANDS] 2025-08-29 05:00:10 [📌 COMMANDS NOTIFY] Chargée : ticket
[2025-08-29T03:00:10.493Z] [COMMANDS] 2025-08-29 05:00:10 [📌 COMMANDS NOTIFY] Chargée : userinfo
[2025-08-29T03:00:10.497Z] [COMMANDS] 2025-08-29 05:00:10 [📌 COMMANDS NOTIFY] Chargée : warn
[2025-08-29T03:00:10.505Z] 2025-08-29 05:00:10 [CLIENT DISCORD] [42m[30mChargement des informations du package.[39m[49m
[42m[30m[39m[49m [46m[PACKAGE][49m [32mAuth. : François 🌸[39m
[32m[39m [46m[PACKAGE][49m [32mDepd. : axios, chalk, cron, discord-html-transcripts, discord-player, discord.js, distube, dotenv, express, express-session, form-data, fs, googleapis, luxon, node-cron, node-fetch, ora, patch, path, pdf-lib, pdfkit, play-dl, readline, rl, uuid[39m
[32m[39m [46m[PACKAGE][49m [32mDesc. : Official Bot Catherine for 911 Community.[39m
[32m[39m [46m[PACKAGE][49m [32mLisc. : ISC[39m
[32m[39m [46m[PACKAGE][49m [32mMain. : index.js[39m
[32m[39m [46m[PACKAGE][49m [32mName. : catherine[39m
[32m[39m [46m[PACKAGE][49m [32mScrp. : {"test":"echo \"Error: no test specified\" && exit 1","start":"node server.js"}[39m
[32m[39m [46m[PACKAGE][49m [32mVers. : 2.1.2[39m
[32m[39m [46m[PACKAGE][49m [32mPatch Note. : **[PN - 07/06]** *Passage 2.0 with new patch (shift, tabs... new commands handler)*[39m
[32m[39m
[2025-08-29T03:00:11.435Z] 2025-08-29 05:00:11 [DEBUG] 📦 Checking version from local...
[2025-08-29T03:00:11.436Z] 2025-08-29 05:00:11 [CLIENT DISCORD] 📦 Nom : catherine
[2025-08-29T03:00:11.437Z] 2025-08-29 05:00:11 [CLIENT DISCORD] 🕒 Version locale : 2.1.2
[2025-08-29T03:00:11.438Z] 2025-08-29 05:00:11 [DEBUG] 🌐 Checking version from GitHub...
[2025-08-29T03:00:11.671Z] 2025-08-29 05:00:11 [CLIENT DISCORD] 📦 Nom GitHub : catherine
[2025-08-29T03:00:11.672Z] 2025-08-29 05:00:11 [CLIENT DISCORD] 🕒 Version distante : 2.1.2
[2025-08-29T03:00:11.672Z] [INFO] 2025-08-29 05:00:11 [ℹ️ INFO NOTIFY] ✅ Les versions sont identiques.
[2025-08-29T03:00:11.672Z] 2025-08-29 05:00:11 [CLIENT DISCORD] [34m==============================[39m
[2025-08-29T03:00:11.673Z] 2025-08-29 05:00:11 [CLIENT DISCORD] [32m🚀 Démarrage du bot...[39m
[2025-08-29T03:00:11.673Z] 2025-08-29 05:00:11 [CLIENT DISCORD] [33m🔗 Connexion à Discord API...[39m
[2025-08-29T03:00:11.673Z] 2025-08-29 05:00:11 [CLIENT DISCORD] [36m✅ Bot RP en ligne ! Connecté en tant que 293 | Catherine#8045[39m
[2025-08-29T03:00:11.674Z] 2025-08-29 05:00:11 [CLIENT DISCORD] [34m==============================[39m
[34m[39m
[2025-08-29T03:00:11.686Z] 2025-08-29 05:00:11 [CLIENT DISCORD] [player] Initialisation du Player terminée.
[2025-08-29T03:00:11.690Z] 2025-08-29 05:00:11 [CLIENT DISCORD] [player] Extracteurs chargés avec succès.
[2025-08-29T03:00:11.691Z] 2025-08-29 05:00:11 [CLIENT DISCORD] 📥 Serveur trouvé : Georgia State Police (GSP)
[2025-08-29T03:00:11.904Z] 2025-08-29 05:00:11 [CLIENT DISCORD] 🔍 Commandes déjà présentes : play, rules, createreport, div, role, info, pex, openservice, infoshift, recruit, help, ban, ticket, shutdown, userinfo, send, clear, kick, warn, mute, rename, shift, promote
[2025-08-29T03:00:11.905Z] 2025-08-29 05:00:11 [WARN] ⚠️ Les commandes sont déjà enregistrées. Lance avec 'debug' pour forcer l'écrasement.
[2025-08-29T03:00:11.906Z] 2025-08-29 05:00:11 [CLIENT DISCORD] 🎮 Statut et activité mis à jour.
[2025-08-29T03:00:11.906Z] 2025-08-29 05:00:11 [CLIENT DISCORD] 📌 Mode de lancement : [33mAucun[39m
[2025-08-29T03:00:11.907Z] 2025-08-29 05:00:11 [CLIENT DISCORD] ✅ Bot prêt en tant que 293 | Catherine#8045
[2025-08-29T06:00:00.196Z] 2025-08-29 08:00:00 [CLIENT DISCORD] [32m🌅 Tâches du matin exécutées ![39m
[2025-08-29T06:00:00.226Z] 2025-08-29 08:00:00 [CLIENT DISCORD] [Cron] 🕒 Démarrage de la régénération automatique de la hiérarchie (tabs)...
[2025-08-29T06:00:00.232Z] 2025-08-29 08:00:00 [CLIENT DISCORD] [Cron] 🕒 Démarrage de la régénération automatique de la hiérarchie... (div)
[2025-08-29T06:00:00.237Z] 2025-08-29 08:00:00 [CLIENT DISCORD] 🔍 Vérification des règles...
[2025-08-29T06:00:00.255Z] 2025-08-29 08:00:00 [DEBUG] 📦 Checking version from local...
[2025-08-29T06:00:00.257Z] 2025-08-29 08:00:00 [CLIENT DISCORD] 📦 Nom : catherine
[2025-08-29T06:00:00.258Z] 2025-08-29 08:00:00 [CLIENT DISCORD] 🕒 Version locale : 2.1.2
[2025-08-29T06:00:00.259Z] 2025-08-29 08:00:00 [DEBUG] 🌐 Checking version from GitHub...
[2025-08-29T06:00:00.353Z] 2025-08-29 08:00:00 [CLIENT DISCORD] ✅ rules_1.txt inchangé, pas de mise à jour.
[2025-08-29T06:00:00.355Z] 2025-08-29 08:00:00 [CLIENT DISCORD] ✅ rules_2.txt inchangé, pas de mise à jour.
[2025-08-29T06:00:00.356Z] 2025-08-29 08:00:00 [CLIENT DISCORD] ✅ Vérification des règles terminée.
[2025-08-29T06:00:00.433Z] 2025-08-29 08:00:00 [CLIENT DISCORD] [EXPORT] access.json mis à jour avec 13 exécutif(s), 3 superviseur(s) et 2 commandement(s)
[2025-08-29T06:00:00.604Z] 2025-08-29 08:00:00 [CLIENT DISCORD] 📦 Nom GitHub : catherine
[2025-08-29T06:00:00.605Z] 2025-08-29 08:00:00 [CLIENT DISCORD] 🕒 Version distante : 2.1.2
[2025-08-29T06:00:00.607Z] [INFO] 2025-08-29 08:00:00 [ℹ️ INFO NOTIFY] ✅ Les versions sont identiques.
[2025-08-29T06:00:00.911Z] [NOTIFY] 2025-08-29 08:00:00 [🟢 SOFT NOTIFY] Message DIV supprimé
[2025-08-29T06:00:01.117Z] [NOTIFY] 2025-08-29 08:00:01 [🟢 SOFT NOTIFY] Message TABS supprimé
[2025-08-29T06:00:01.863Z] 2025-08-29 08:00:01 [CLIENT DISCORD] [✅] Hiérarchie DIV envoyée.
[2025-08-29T06:00:01.864Z] 2025-08-29 08:00:01 [CLIENT DISCORD] [Cron] 🕒 Fin de la régénération automatique de la hiérarchie.
[2025-08-29T06:00:02.368Z] 2025-08-29 08:00:02 [CLIENT DISCORD] [✅] Hiérarchie TABS envoyée.
[2025-08-29T06:00:02.381Z] 2025-08-29 08:00:02 [CLIENT DISCORD] [Cron] 🕒 Fin de la régénération automatique de la hiérarchie.
[2025-08-29T14:00:00.131Z] 2025-08-29 16:00:00 [CLIENT DISCORD] [32m🌇 Tâches du soir exécutées ![39m
[2025-08-29T14:00:00.136Z] 2025-08-29 16:00:00 [CLIENT DISCORD] [Cron] 🕒 Démarrage de la régénération automatique de la hiérarchie (tabs)...
[2025-08-29T14:00:00.137Z] 2025-08-29 16:00:00 [CLIENT DISCORD] [Cron] 🕒 Démarrage de la régénération automatique de la hiérarchie... (div)
[2025-08-29T14:00:00.139Z] 2025-08-29 16:00:00 [CLIENT DISCORD] 🔍 Vérification des règles...
[2025-08-29T14:00:00.142Z] 2025-08-29 16:00:00 [DEBUG] 📦 Checking version from local...
[2025-08-29T14:00:00.143Z] 2025-08-29 16:00:00 [CLIENT DISCORD] 📦 Nom : catherine
[2025-08-29T14:00:00.144Z] 2025-08-29 16:00:00 [CLIENT DISCORD] 🕒 Version locale : 2.1.2
[2025-08-29T14:00:00.145Z] 2025-08-29 16:00:00 [DEBUG] 🌐 Checking version from GitHub...
[2025-08-29T14:00:00.174Z] 2025-08-29 16:00:00 [CLIENT DISCORD] ✅ rules_1.txt inchangé, pas de mise à jour.
[2025-08-29T14:00:00.177Z] 2025-08-29 16:00:00 [CLIENT DISCORD] ✅ rules_2.txt inchangé, pas de mise à jour.
[2025-08-29T14:00:00.178Z] 2025-08-29 16:00:00 [CLIENT DISCORD] ✅ Vérification des règles terminée.
[2025-08-29T14:00:00.264Z] 2025-08-29 16:00:00 [CLIENT DISCORD] [EXPORT] access.json mis à jour avec 13 exécutif(s), 3 superviseur(s) et 2 commandement(s)
[2025-08-29T14:00:00.451Z] 2025-08-29 16:00:00 [CLIENT DISCORD] 📦 Nom GitHub : catherine
[2025-08-29T14:00:00.453Z] 2025-08-29 16:00:00 [CLIENT DISCORD] 🕒 Version distante : 2.1.2
[2025-08-29T14:00:00.454Z] [INFO] 2025-08-29 16:00:00 [ℹ️ INFO NOTIFY] ✅ Les versions sont identiques.
[2025-08-29T14:00:00.536Z] [NOTIFY] 2025-08-29 16:00:00 [🟢 SOFT NOTIFY] Message DIV supprimé
[2025-08-29T14:00:00.834Z] [NOTIFY] 2025-08-29 16:00:00 [🟢 SOFT NOTIFY] Message TABS supprimé
[2025-08-29T14:00:01.705Z] 2025-08-29 16:00:01 [CLIENT DISCORD] [✅] Hiérarchie DIV envoyée.
[2025-08-29T14:00:01.706Z] 2025-08-29 16:00:01 [CLIENT DISCORD] [Cron] 🕒 Fin de la régénération automatique de la hiérarchie.
[2025-08-29T14:00:02.259Z] 2025-08-29 16:00:02 [CLIENT DISCORD] [✅] Hiérarchie TABS envoyée.
[2025-08-29T14:00:02.262Z] 2025-08-29 16:00:02 [CLIENT DISCORD] [Cron] 🕒 Fin de la régénération automatique de la hiérarchie.
