[2025-08-06T03:00:00.159Z] 2025-08-06 05:00:00 [CLIENT DISCORD] [32m🌙 Tâches de la nuit exécutées ![39m
[2025-08-06T03:00:00.193Z] 2025-08-06 05:00:00 [DEBUG] 📦 Checking version from local...
[2025-08-06T03:00:00.195Z] 2025-08-06 05:00:00 [CLIENT DISCORD] 📦 Nom : catherine
[2025-08-06T03:00:00.196Z] 2025-08-06 05:00:00 [CLIENT DISCORD] 🕒 Version locale : 2.1.2
[2025-08-06T03:00:00.197Z] 2025-08-06 05:00:00 [DEBUG] 🌐 Checking version from GitHub...
[2025-08-06T03:00:00.225Z] 2025-08-06 05:00:00 [WARN] [REBOOT] Attention, Catherine redémarre (checker les logs). Instruction reboot.js
[2025-08-06T03:00:10.568Z] 2025-08-06 05:00:10 [CLIENT DISCORD] Les modules [32mloggers[39m ont correctement été exportés.
[2025-08-06T03:00:10.607Z] [EVENT] 2025-08-06 05:00:10 [📅 EVENT NOTIFY] Chargé : guildBanAdd
[2025-08-06T03:00:10.609Z] [EVENT] 2025-08-06 05:00:10 [📅 EVENT NOTIFY] Chargé : guildBanRemove
[2025-08-06T03:00:10.610Z] [EVENT] 2025-08-06 05:00:10 [📅 EVENT NOTIFY] Chargé : guildMemberAdd
[2025-08-06T03:00:10.612Z] [EVENT] 2025-08-06 05:00:10 [📅 EVENT NOTIFY] Chargé : guildMemberRemove
[2025-08-06T03:00:10.616Z] 2025-08-06 05:00:10 [CLIENT DISCORD] Les modules  [32mutils.js[39m [0m ont correctement été exporté.[0m
[2025-08-06T03:00:11.767Z] 2025-08-06 05:00:11 [CLIENT DISCORD] L'interaction  [32mbuttons.js[39m [0m ont correctement été exporté.[0m
[2025-08-06T03:00:12.023Z] 2025-08-06 05:00:12 [CLIENT DISCORD] L'interaction  [32mmodals.js[39m [0m ont correctement été exporté.[0m
[2025-08-06T03:00:12.025Z] [EVENT] 2025-08-06 05:00:12 [📅 EVENT NOTIFY] Chargé : interactionCreate
[2025-08-06T03:00:12.027Z] [EVENT] 2025-08-06 05:00:12 [📅 EVENT NOTIFY] Chargé : messageCreate
[2025-08-06T03:00:12.029Z] [EVENT] 2025-08-06 05:00:12 [📅 EVENT NOTIFY] Chargé : messageDelete
[2025-08-06T03:00:12.030Z] [EVENT] 2025-08-06 05:00:12 [📅 EVENT NOTIFY] Chargé : messageUpdate
[2025-08-06T03:00:12.042Z] 2025-08-06 05:00:12 [CLIENT DISCORD] Les modules  [32mcommands.js[39m [0m ont correctement été exporté.[0m
[2025-08-06T03:00:12.055Z] [EVENT] 2025-08-06 05:00:12 [📅 EVENT NOTIFY] Chargé : ready
[2025-08-06T03:00:12.056Z] [EVENT] 2025-08-06 05:00:12 [📅 EVENT NOTIFY] Chargé : voiceStateUpdate
[2025-08-06T03:00:12.063Z] [COMMANDS] 2025-08-06 05:00:12 [📌 COMMANDS NOTIFY] Chargée : ban
[2025-08-06T03:00:12.064Z] [COMMANDS] 2025-08-06 05:00:12 [📌 COMMANDS NOTIFY] Chargée : clear
[2025-08-06T03:00:12.066Z] [COMMANDS] 2025-08-06 05:00:12 [📌 COMMANDS NOTIFY] Chargée : createreport
[2025-08-06T03:00:12.067Z] [COMMANDS] 2025-08-06 05:00:12 [📌 COMMANDS NOTIFY] Chargée : div
[2025-08-06T03:00:12.069Z] [COMMANDS] 2025-08-06 05:00:12 [📌 COMMANDS NOTIFY] Chargée : help
[2025-08-06T03:00:12.070Z] [COMMANDS] 2025-08-06 05:00:12 [📌 COMMANDS NOTIFY] Chargée : info
[2025-08-06T03:00:12.072Z] [COMMANDS] 2025-08-06 05:00:12 [📌 COMMANDS NOTIFY] Chargée : infoshift
[2025-08-06T03:00:12.074Z] [COMMANDS] 2025-08-06 05:00:12 [📌 COMMANDS NOTIFY] Chargée : kick
[2025-08-06T03:00:12.076Z] [COMMANDS] 2025-08-06 05:00:12 [📌 COMMANDS NOTIFY] Chargée : mute
[2025-08-06T03:00:12.077Z] [COMMANDS] 2025-08-06 05:00:12 [📌 COMMANDS NOTIFY] Chargée : openservice
[2025-08-06T03:00:12.079Z] [COMMANDS] 2025-08-06 05:00:12 [📌 COMMANDS NOTIFY] Chargée : pex
[2025-08-06T03:00:12.089Z] [COMMANDS] 2025-08-06 05:00:12 [📌 COMMANDS NOTIFY] Chargée : play
[2025-08-06T03:00:12.090Z] [COMMANDS] 2025-08-06 05:00:12 [📌 COMMANDS NOTIFY] Chargée : promote
[2025-08-06T03:00:12.092Z] [COMMANDS] 2025-08-06 05:00:12 [📌 COMMANDS NOTIFY] Chargée : recruit
[2025-08-06T03:00:12.093Z] [COMMANDS] 2025-08-06 05:00:12 [📌 COMMANDS NOTIFY] Chargée : rename
[2025-08-06T03:00:12.095Z] [COMMANDS] 2025-08-06 05:00:12 [📌 COMMANDS NOTIFY] Chargée : role
[2025-08-06T03:00:12.098Z] [COMMANDS] 2025-08-06 05:00:12 [📌 COMMANDS NOTIFY] Chargée : send
[2025-08-06T03:00:12.100Z] [COMMANDS] 2025-08-06 05:00:12 [📌 COMMANDS NOTIFY] Chargée : shift
[2025-08-06T03:00:12.102Z] [COMMANDS] 2025-08-06 05:00:12 [📌 COMMANDS NOTIFY] Chargée : ticket
[2025-08-06T03:00:12.104Z] [COMMANDS] 2025-08-06 05:00:12 [📌 COMMANDS NOTIFY] Chargée : userinfo
[2025-08-06T03:00:12.105Z] [COMMANDS] 2025-08-06 05:00:12 [📌 COMMANDS NOTIFY] Chargée : warn
[2025-08-06T03:00:12.110Z] 2025-08-06 05:00:12 [CLIENT DISCORD] [42m[30mChargement des informations du package.[39m[49m
[42m[30m[39m[49m [46m[PACKAGE][49m [32mAuth. : François 🌸[39m
[32m[39m [46m[PACKAGE][49m [32mDepd. : axios, chalk, cron, discord-html-transcripts, discord-player, discord.js, distube, dotenv, express, express-session, form-data, fs, googleapis, luxon, node-cron, node-fetch, ora, patch, path, pdf-lib, pdfkit, play-dl, readline, rl, uuid[39m
[32m[39m [46m[PACKAGE][49m [32mDesc. : Official Bot Catherine for 911 Community.[39m
[32m[39m [46m[PACKAGE][49m [32mLisc. : ISC[39m
[32m[39m [46m[PACKAGE][49m [32mMain. : index.js[39m
[32m[39m [46m[PACKAGE][49m [32mName. : catherine[39m
[32m[39m [46m[PACKAGE][49m [32mScrp. : {"test":"echo \"Error: no test specified\" && exit 1","start":"node server.js"}[39m
[32m[39m [46m[PACKAGE][49m [32mVers. : 2.1.2[39m
[32m[39m [46m[PACKAGE][49m [32mPatch Note. : **[PN - 07/06]** *Passage 2.0 with new patch (shift, tabs... new commands handler)*[39m
[32m[39m
[2025-08-06T03:00:12.853Z] 2025-08-06 05:00:12 [DEBUG] 📦 Checking version from local...
[2025-08-06T03:00:12.854Z] 2025-08-06 05:00:12 [CLIENT DISCORD] 📦 Nom : catherine
[2025-08-06T03:00:12.854Z] 2025-08-06 05:00:12 [CLIENT DISCORD] 🕒 Version locale : 2.1.2
[2025-08-06T03:00:12.855Z] 2025-08-06 05:00:12 [DEBUG] 🌐 Checking version from GitHub...
[2025-08-06T03:00:13.102Z] 2025-08-06 05:00:13 [CLIENT DISCORD] 📦 Nom GitHub : catherine
[2025-08-06T03:00:13.103Z] 2025-08-06 05:00:13 [CLIENT DISCORD] 🕒 Version distante : 2.1.2
[2025-08-06T03:00:13.105Z] [INFO] 2025-08-06 05:00:13 [ℹ️ INFO NOTIFY] ✅ Les versions sont identiques.
[2025-08-06T03:00:13.106Z] 2025-08-06 05:00:13 [CLIENT DISCORD] [34m==============================[39m
[2025-08-06T03:00:13.107Z] 2025-08-06 05:00:13 [CLIENT DISCORD] [32m🚀 Démarrage du bot...[39m
[2025-08-06T03:00:13.108Z] 2025-08-06 05:00:13 [CLIENT DISCORD] [33m🔗 Connexion à Discord API...[39m
[2025-08-06T03:00:13.109Z] 2025-08-06 05:00:13 [CLIENT DISCORD] [36m✅ Bot RP en ligne ! Connecté en tant que 293 | Catherine#8045[39m
[2025-08-06T03:00:13.112Z] 2025-08-06 05:00:13 [CLIENT DISCORD] [34m==============================[39m
[34m[39m
[2025-08-06T03:00:13.122Z] 2025-08-06 05:00:13 [CLIENT DISCORD] [player] Initialisation du Player terminée.
[2025-08-06T03:00:13.126Z] 2025-08-06 05:00:13 [CLIENT DISCORD] [player] Extracteurs chargés avec succès.
[2025-08-06T03:00:13.128Z] 2025-08-06 05:00:13 [CLIENT DISCORD] 📥 Serveur trouvé : Georgia State Police (GSP)
[2025-08-06T03:00:13.393Z] 2025-08-06 05:00:13 [CLIENT DISCORD] 🔍 Commandes déjà présentes : play, rules, createreport, div, role, info, pex, openservice, infoshift, recruit, help, ban, ticket, shutdown, userinfo, send, clear, kick, warn, mute, rename, shift, promote
[2025-08-06T03:00:13.394Z] 2025-08-06 05:00:13 [WARN] ⚠️ Les commandes sont déjà enregistrées. Lance avec 'debug' pour forcer l'écrasement.
[2025-08-06T03:00:13.395Z] 2025-08-06 05:00:13 [CLIENT DISCORD] 🎮 Statut et activité mis à jour.
[2025-08-06T03:00:13.395Z] 2025-08-06 05:00:13 [CLIENT DISCORD] 📌 Mode de lancement : [33mAucun[39m
[2025-08-06T03:00:13.395Z] 2025-08-06 05:00:13 [CLIENT DISCORD] ✅ Bot prêt en tant que 293 | Catherine#8045
[2025-08-06T06:00:00.161Z] 2025-08-06 08:00:00 [CLIENT DISCORD] [32m🌅 Tâches du matin exécutées ![39m
[2025-08-06T06:00:00.194Z] 2025-08-06 08:00:00 [CLIENT DISCORD] [Cron] 🕒 Démarrage de la régénération automatique de la hiérarchie (tabs)...
[2025-08-06T06:00:00.201Z] 2025-08-06 08:00:00 [CLIENT DISCORD] [Cron] 🕒 Démarrage de la régénération automatique de la hiérarchie... (div)
[2025-08-06T06:00:00.206Z] 2025-08-06 08:00:00 [CLIENT DISCORD] 🔍 Vérification des règles...
[2025-08-06T06:00:00.219Z] 2025-08-06 08:00:00 [DEBUG] 📦 Checking version from local...
[2025-08-06T06:00:00.221Z] 2025-08-06 08:00:00 [CLIENT DISCORD] 📦 Nom : catherine
[2025-08-06T06:00:00.222Z] 2025-08-06 08:00:00 [CLIENT DISCORD] 🕒 Version locale : 2.1.2
[2025-08-06T06:00:00.222Z] 2025-08-06 08:00:00 [DEBUG] 🌐 Checking version from GitHub...
[2025-08-06T06:00:00.273Z] 2025-08-06 08:00:00 [CLIENT DISCORD] ✅ rules_1.txt inchangé, pas de mise à jour.
[2025-08-06T06:00:00.274Z] 2025-08-06 08:00:00 [CLIENT DISCORD] ✅ rules_2.txt inchangé, pas de mise à jour.
[2025-08-06T06:00:00.275Z] 2025-08-06 08:00:00 [CLIENT DISCORD] ✅ Vérification des règles terminée.
[2025-08-06T06:00:00.354Z] 2025-08-06 08:00:00 [CLIENT DISCORD] [EXPORT] access.json mis à jour avec 13 exécutif(s), 3 superviseur(s) et 2 commandement(s)
[2025-08-06T06:00:00.531Z] 2025-08-06 08:00:00 [CLIENT DISCORD] 📦 Nom GitHub : catherine
[2025-08-06T06:00:00.532Z] 2025-08-06 08:00:00 [CLIENT DISCORD] 🕒 Version distante : 2.1.2
[2025-08-06T06:00:00.533Z] [INFO] 2025-08-06 08:00:00 [ℹ️ INFO NOTIFY] ✅ Les versions sont identiques.
[2025-08-06T06:00:00.783Z] [NOTIFY] 2025-08-06 08:00:00 [🟢 SOFT NOTIFY] Message DIV supprimé
[2025-08-06T06:00:01.004Z] [NOTIFY] 2025-08-06 08:00:01 [🟢 SOFT NOTIFY] Message TABS supprimé
[2025-08-06T06:00:04.331Z] 2025-08-06 08:00:04 [CLIENT DISCORD] [✅] Hiérarchie DIV envoyée.
[2025-08-06T06:00:04.340Z] 2025-08-06 08:00:04 [CLIENT DISCORD] [Cron] 🕒 Fin de la régénération automatique de la hiérarchie.
[2025-08-06T06:00:04.910Z] 2025-08-06 08:00:04 [CLIENT DISCORD] [✅] Hiérarchie TABS envoyée.
[2025-08-06T06:00:04.911Z] 2025-08-06 08:00:04 [CLIENT DISCORD] [Cron] 🕒 Fin de la régénération automatique de la hiérarchie.
[2025-08-06T14:00:00.171Z] 2025-08-06 16:00:00 [CLIENT DISCORD] [32m🌇 Tâches du soir exécutées ![39m
[2025-08-06T14:00:00.194Z] 2025-08-06 16:00:00 [CLIENT DISCORD] [Cron] 🕒 Démarrage de la régénération automatique de la hiérarchie (tabs)...
[2025-08-06T14:00:00.199Z] 2025-08-06 16:00:00 [CLIENT DISCORD] [Cron] 🕒 Démarrage de la régénération automatique de la hiérarchie... (div)
[2025-08-06T14:00:00.201Z] 2025-08-06 16:00:00 [CLIENT DISCORD] 🔍 Vérification des règles...
[2025-08-06T14:00:00.213Z] 2025-08-06 16:00:00 [DEBUG] 📦 Checking version from local...
[2025-08-06T14:00:00.221Z] 2025-08-06 16:00:00 [CLIENT DISCORD] 📦 Nom : catherine
[2025-08-06T14:00:00.222Z] 2025-08-06 16:00:00 [CLIENT DISCORD] 🕒 Version locale : 2.1.2
[2025-08-06T14:00:00.224Z] 2025-08-06 16:00:00 [DEBUG] 🌐 Checking version from GitHub...
[2025-08-06T14:00:00.328Z] 2025-08-06 16:00:00 [CLIENT DISCORD] ✅ rules_1.txt inchangé, pas de mise à jour.
[2025-08-06T14:00:00.331Z] 2025-08-06 16:00:00 [CLIENT DISCORD] ✅ rules_2.txt inchangé, pas de mise à jour.
[2025-08-06T14:00:00.332Z] 2025-08-06 16:00:00 [CLIENT DISCORD] ✅ Vérification des règles terminée.
[2025-08-06T14:00:00.407Z] 2025-08-06 16:00:00 [CLIENT DISCORD] [EXPORT] access.json mis à jour avec 13 exécutif(s), 3 superviseur(s) et 2 commandement(s)
[2025-08-06T14:00:00.583Z] [NOTIFY] 2025-08-06 16:00:00 [🟢 SOFT NOTIFY] Message DIV supprimé
[2025-08-06T14:00:00.614Z] 2025-08-06 16:00:00 [CLIENT DISCORD] 📦 Nom GitHub : catherine
[2025-08-06T14:00:00.615Z] 2025-08-06 16:00:00 [CLIENT DISCORD] 🕒 Version distante : 2.1.2
[2025-08-06T14:00:00.615Z] [INFO] 2025-08-06 16:00:00 [ℹ️ INFO NOTIFY] ✅ Les versions sont identiques.
[2025-08-06T14:00:01.056Z] [NOTIFY] 2025-08-06 16:00:01 [🟢 SOFT NOTIFY] Message TABS supprimé
[2025-08-06T14:00:02.750Z] 2025-08-06 16:00:02 [CLIENT DISCORD] [✅] Hiérarchie DIV envoyée.
[2025-08-06T14:00:02.754Z] 2025-08-06 16:00:02 [CLIENT DISCORD] [Cron] 🕒 Fin de la régénération automatique de la hiérarchie.
[2025-08-06T14:00:03.079Z] 2025-08-06 16:00:03 [CLIENT DISCORD] [✅] Hiérarchie TABS envoyée.
[2025-08-06T14:00:03.089Z] 2025-08-06 16:00:03 [CLIENT DISCORD] [Cron] 🕒 Fin de la régénération automatique de la hiérarchie.
