[2025-08-07T03:00:00.174Z] 2025-08-07 05:00:00 [CLIENT DISCORD] [32m🌙 Tâches de la nuit exécutées ![39m
[2025-08-07T03:00:00.214Z] 2025-08-07 05:00:00 [DEBUG] 📦 Checking version from local...
[2025-08-07T03:00:00.216Z] 2025-08-07 05:00:00 [CLIENT DISCORD] 📦 Nom : catherine
[2025-08-07T03:00:00.216Z] 2025-08-07 05:00:00 [CLIENT DISCORD] 🕒 Version locale : 2.1.2
[2025-08-07T03:00:00.217Z] 2025-08-07 05:00:00 [DEBUG] 🌐 Checking version from GitHub...
[2025-08-07T03:00:00.223Z] 2025-08-07 05:00:00 [WARN] [REBOOT] Attention, Catherine redémarre (checker les logs). Instruction reboot.js
[2025-08-07T03:00:08.763Z] 2025-08-07 05:00:08 [CLIENT DISCORD] Les modules [32mloggers[39m ont correctement été exportés.
[2025-08-07T03:00:08.799Z] [EVENT] 2025-08-07 05:00:08 [📅 EVENT NOTIFY] Chargé : guildBanAdd
[2025-08-07T03:00:08.801Z] [EVENT] 2025-08-07 05:00:08 [📅 EVENT NOTIFY] Chargé : guildBanRemove
[2025-08-07T03:00:08.803Z] [EVENT] 2025-08-07 05:00:08 [📅 EVENT NOTIFY] Chargé : guildMemberAdd
[2025-08-07T03:00:08.805Z] [EVENT] 2025-08-07 05:00:08 [📅 EVENT NOTIFY] Chargé : guildMemberRemove
[2025-08-07T03:00:08.809Z] 2025-08-07 05:00:08 [CLIENT DISCORD] Les modules  [32mutils.js[39m [0m ont correctement été exporté.[0m
[2025-08-07T03:00:09.814Z] 2025-08-07 05:00:09 [CLIENT DISCORD] L'interaction  [32mbuttons.js[39m [0m ont correctement été exporté.[0m
[2025-08-07T03:00:09.962Z] 2025-08-07 05:00:09 [CLIENT DISCORD] L'interaction  [32mmodals.js[39m [0m ont correctement été exporté.[0m
[2025-08-07T03:00:09.963Z] [EVENT] 2025-08-07 05:00:09 [📅 EVENT NOTIFY] Chargé : interactionCreate
[2025-08-07T03:00:09.965Z] [EVENT] 2025-08-07 05:00:09 [📅 EVENT NOTIFY] Chargé : messageCreate
[2025-08-07T03:00:09.967Z] [EVENT] 2025-08-07 05:00:09 [📅 EVENT NOTIFY] Chargé : messageDelete
[2025-08-07T03:00:09.969Z] [EVENT] 2025-08-07 05:00:09 [📅 EVENT NOTIFY] Chargé : messageUpdate
[2025-08-07T03:00:09.994Z] 2025-08-07 05:00:09 [CLIENT DISCORD] Les modules  [32mcommands.js[39m [0m ont correctement été exporté.[0m
[2025-08-07T03:00:10.030Z] [EVENT] 2025-08-07 05:00:10 [📅 EVENT NOTIFY] Chargé : ready
[2025-08-07T03:00:10.032Z] [EVENT] 2025-08-07 05:00:10 [📅 EVENT NOTIFY] Chargé : voiceStateUpdate
[2025-08-07T03:00:10.041Z] [COMMANDS] 2025-08-07 05:00:10 [📌 COMMANDS NOTIFY] Chargée : ban
[2025-08-07T03:00:10.043Z] [COMMANDS] 2025-08-07 05:00:10 [📌 COMMANDS NOTIFY] Chargée : clear
[2025-08-07T03:00:10.046Z] [COMMANDS] 2025-08-07 05:00:10 [📌 COMMANDS NOTIFY] Chargée : createreport
[2025-08-07T03:00:10.049Z] [COMMANDS] 2025-08-07 05:00:10 [📌 COMMANDS NOTIFY] Chargée : div
[2025-08-07T03:00:10.052Z] [COMMANDS] 2025-08-07 05:00:10 [📌 COMMANDS NOTIFY] Chargée : help
[2025-08-07T03:00:10.055Z] [COMMANDS] 2025-08-07 05:00:10 [📌 COMMANDS NOTIFY] Chargée : info
[2025-08-07T03:00:10.058Z] [COMMANDS] 2025-08-07 05:00:10 [📌 COMMANDS NOTIFY] Chargée : infoshift
[2025-08-07T03:00:10.062Z] [COMMANDS] 2025-08-07 05:00:10 [📌 COMMANDS NOTIFY] Chargée : kick
[2025-08-07T03:00:10.066Z] [COMMANDS] 2025-08-07 05:00:10 [📌 COMMANDS NOTIFY] Chargée : mute
[2025-08-07T03:00:10.069Z] [COMMANDS] 2025-08-07 05:00:10 [📌 COMMANDS NOTIFY] Chargée : openservice
[2025-08-07T03:00:10.072Z] [COMMANDS] 2025-08-07 05:00:10 [📌 COMMANDS NOTIFY] Chargée : pex
[2025-08-07T03:00:10.097Z] [COMMANDS] 2025-08-07 05:00:10 [📌 COMMANDS NOTIFY] Chargée : play
[2025-08-07T03:00:10.100Z] [COMMANDS] 2025-08-07 05:00:10 [📌 COMMANDS NOTIFY] Chargée : promote
[2025-08-07T03:00:10.104Z] [COMMANDS] 2025-08-07 05:00:10 [📌 COMMANDS NOTIFY] Chargée : recruit
[2025-08-07T03:00:10.106Z] [COMMANDS] 2025-08-07 05:00:10 [📌 COMMANDS NOTIFY] Chargée : rename
[2025-08-07T03:00:10.108Z] [COMMANDS] 2025-08-07 05:00:10 [📌 COMMANDS NOTIFY] Chargée : role
[2025-08-07T03:00:10.110Z] [COMMANDS] 2025-08-07 05:00:10 [📌 COMMANDS NOTIFY] Chargée : send
[2025-08-07T03:00:10.115Z] [COMMANDS] 2025-08-07 05:00:10 [📌 COMMANDS NOTIFY] Chargée : shift
[2025-08-07T03:00:10.123Z] [COMMANDS] 2025-08-07 05:00:10 [📌 COMMANDS NOTIFY] Chargée : ticket
[2025-08-07T03:00:10.127Z] [COMMANDS] 2025-08-07 05:00:10 [📌 COMMANDS NOTIFY] Chargée : userinfo
[2025-08-07T03:00:10.129Z] [COMMANDS] 2025-08-07 05:00:10 [📌 COMMANDS NOTIFY] Chargée : warn
[2025-08-07T03:00:10.137Z] 2025-08-07 05:00:10 [CLIENT DISCORD] [42m[30mChargement des informations du package.[39m[49m
[42m[30m[39m[49m [46m[PACKAGE][49m [32mAuth. : François 🌸[39m
[32m[39m [46m[PACKAGE][49m [32mDepd. : axios, chalk, cron, discord-html-transcripts, discord-player, discord.js, distube, dotenv, express, express-session, form-data, fs, googleapis, luxon, node-cron, node-fetch, ora, patch, path, pdf-lib, pdfkit, play-dl, readline, rl, uuid[39m
[32m[39m [46m[PACKAGE][49m [32mDesc. : Official Bot Catherine for 911 Community.[39m
[32m[39m [46m[PACKAGE][49m [32mLisc. : ISC[39m
[32m[39m [46m[PACKAGE][49m [32mMain. : index.js[39m
[32m[39m [46m[PACKAGE][49m [32mName. : catherine[39m
[32m[39m [46m[PACKAGE][49m [32mScrp. : {"test":"echo \"Error: no test specified\" && exit 1","start":"node server.js"}[39m
[32m[39m [46m[PACKAGE][49m [32mVers. : 2.1.2[39m
[32m[39m [46m[PACKAGE][49m [32mPatch Note. : **[PN - 07/06]** *Passage 2.0 with new patch (shift, tabs... new commands handler)*[39m
[32m[39m
[2025-08-07T03:00:11.031Z] 2025-08-07 05:00:11 [DEBUG] 📦 Checking version from local...
[2025-08-07T03:00:11.033Z] 2025-08-07 05:00:11 [CLIENT DISCORD] 📦 Nom : catherine
[2025-08-07T03:00:11.033Z] 2025-08-07 05:00:11 [CLIENT DISCORD] 🕒 Version locale : 2.1.2
[2025-08-07T03:00:11.034Z] 2025-08-07 05:00:11 [DEBUG] 🌐 Checking version from GitHub...
[2025-08-07T03:00:11.286Z] 2025-08-07 05:00:11 [CLIENT DISCORD] 📦 Nom GitHub : catherine
[2025-08-07T03:00:11.287Z] 2025-08-07 05:00:11 [CLIENT DISCORD] 🕒 Version distante : 2.1.2
[2025-08-07T03:00:11.287Z] [INFO] 2025-08-07 05:00:11 [ℹ️ INFO NOTIFY] ✅ Les versions sont identiques.
[2025-08-07T03:00:11.288Z] 2025-08-07 05:00:11 [CLIENT DISCORD] [34m==============================[39m
[2025-08-07T03:00:11.288Z] 2025-08-07 05:00:11 [CLIENT DISCORD] [32m🚀 Démarrage du bot...[39m
[2025-08-07T03:00:11.288Z] 2025-08-07 05:00:11 [CLIENT DISCORD] [33m🔗 Connexion à Discord API...[39m
[2025-08-07T03:00:11.288Z] 2025-08-07 05:00:11 [CLIENT DISCORD] [36m✅ Bot RP en ligne ! Connecté en tant que 293 | Catherine#8045[39m
[2025-08-07T03:00:11.289Z] 2025-08-07 05:00:11 [CLIENT DISCORD] [34m==============================[39m
[34m[39m
[2025-08-07T03:00:11.297Z] 2025-08-07 05:00:11 [CLIENT DISCORD] [player] Initialisation du Player terminée.
[2025-08-07T03:00:11.301Z] 2025-08-07 05:00:11 [CLIENT DISCORD] [player] Extracteurs chargés avec succès.
[2025-08-07T03:00:11.301Z] 2025-08-07 05:00:11 [CLIENT DISCORD] 📥 Serveur trouvé : Georgia State Police (GSP)
[2025-08-07T03:00:11.511Z] 2025-08-07 05:00:11 [CLIENT DISCORD] 🔍 Commandes déjà présentes : play, rules, createreport, div, role, info, pex, openservice, infoshift, recruit, help, ban, ticket, shutdown, userinfo, send, clear, kick, warn, mute, rename, shift, promote
[2025-08-07T03:00:11.514Z] 2025-08-07 05:00:11 [WARN] ⚠️ Les commandes sont déjà enregistrées. Lance avec 'debug' pour forcer l'écrasement.
[2025-08-07T03:00:11.515Z] 2025-08-07 05:00:11 [CLIENT DISCORD] 🎮 Statut et activité mis à jour.
[2025-08-07T03:00:11.516Z] 2025-08-07 05:00:11 [CLIENT DISCORD] 📌 Mode de lancement : [33mAucun[39m
[2025-08-07T03:00:11.517Z] 2025-08-07 05:00:11 [CLIENT DISCORD] ✅ Bot prêt en tant que 293 | Catherine#8045
[2025-08-07T06:00:00.188Z] 2025-08-07 08:00:00 [CLIENT DISCORD] [32m🌅 Tâches du matin exécutées ![39m
[2025-08-07T06:00:00.223Z] 2025-08-07 08:00:00 [CLIENT DISCORD] [Cron] 🕒 Démarrage de la régénération automatique de la hiérarchie (tabs)...
[2025-08-07T06:00:00.233Z] 2025-08-07 08:00:00 [CLIENT DISCORD] [Cron] 🕒 Démarrage de la régénération automatique de la hiérarchie... (div)
[2025-08-07T06:00:00.238Z] 2025-08-07 08:00:00 [CLIENT DISCORD] 🔍 Vérification des règles...
[2025-08-07T06:00:00.253Z] 2025-08-07 08:00:00 [DEBUG] 📦 Checking version from local...
[2025-08-07T06:00:00.255Z] 2025-08-07 08:00:00 [CLIENT DISCORD] 📦 Nom : catherine
[2025-08-07T06:00:00.256Z] 2025-08-07 08:00:00 [CLIENT DISCORD] 🕒 Version locale : 2.1.2
[2025-08-07T06:00:00.257Z] 2025-08-07 08:00:00 [DEBUG] 🌐 Checking version from GitHub...
[2025-08-07T06:00:00.310Z] 2025-08-07 08:00:00 [CLIENT DISCORD] ✅ rules_1.txt inchangé, pas de mise à jour.
[2025-08-07T06:00:00.312Z] 2025-08-07 08:00:00 [CLIENT DISCORD] ✅ rules_2.txt inchangé, pas de mise à jour.
[2025-08-07T06:00:00.313Z] 2025-08-07 08:00:00 [CLIENT DISCORD] ✅ Vérification des règles terminée.
[2025-08-07T06:00:00.420Z] 2025-08-07 08:00:00 [CLIENT DISCORD] [EXPORT] access.json mis à jour avec 13 exécutif(s), 3 superviseur(s) et 2 commandement(s)
[2025-08-07T06:00:00.534Z] 2025-08-07 08:00:00 [CLIENT DISCORD] 📦 Nom GitHub : catherine
[2025-08-07T06:00:00.535Z] 2025-08-07 08:00:00 [CLIENT DISCORD] 🕒 Version distante : 2.1.2
[2025-08-07T06:00:00.536Z] [INFO] 2025-08-07 08:00:00 [ℹ️ INFO NOTIFY] ✅ Les versions sont identiques.
[2025-08-07T06:00:00.865Z] [NOTIFY] 2025-08-07 08:00:00 [🟢 SOFT NOTIFY] Message DIV supprimé
[2025-08-07T06:00:01.112Z] [NOTIFY] 2025-08-07 08:00:01 [🟢 SOFT NOTIFY] Message TABS supprimé
[2025-08-07T06:00:02.403Z] 2025-08-07 08:00:02 [CLIENT DISCORD] [✅] Hiérarchie DIV envoyée.
[2025-08-07T06:00:02.408Z] 2025-08-07 08:00:02 [CLIENT DISCORD] [Cron] 🕒 Fin de la régénération automatique de la hiérarchie.
[2025-08-07T06:00:02.742Z] 2025-08-07 08:00:02 [CLIENT DISCORD] [✅] Hiérarchie TABS envoyée.
[2025-08-07T06:00:02.743Z] 2025-08-07 08:00:02 [CLIENT DISCORD] [Cron] 🕒 Fin de la régénération automatique de la hiérarchie.
[2025-08-07T14:00:00.155Z] 2025-08-07 16:00:00 [CLIENT DISCORD] [32m🌇 Tâches du soir exécutées ![39m
[2025-08-07T14:00:00.177Z] 2025-08-07 16:00:00 [CLIENT DISCORD] [Cron] 🕒 Démarrage de la régénération automatique de la hiérarchie (tabs)...
[2025-08-07T14:00:00.183Z] 2025-08-07 16:00:00 [CLIENT DISCORD] [Cron] 🕒 Démarrage de la régénération automatique de la hiérarchie... (div)
[2025-08-07T14:00:00.187Z] 2025-08-07 16:00:00 [CLIENT DISCORD] 🔍 Vérification des règles...
[2025-08-07T14:00:00.198Z] 2025-08-07 16:00:00 [DEBUG] 📦 Checking version from local...
[2025-08-07T14:00:00.202Z] 2025-08-07 16:00:00 [CLIENT DISCORD] 📦 Nom : catherine
[2025-08-07T14:00:00.203Z] 2025-08-07 16:00:00 [CLIENT DISCORD] 🕒 Version locale : 2.1.2
[2025-08-07T14:00:00.204Z] 2025-08-07 16:00:00 [DEBUG] 🌐 Checking version from GitHub...
[2025-08-07T14:00:00.336Z] 2025-08-07 16:00:00 [CLIENT DISCORD] ✅ rules_1.txt inchangé, pas de mise à jour.
[2025-08-07T14:00:00.346Z] 2025-08-07 16:00:00 [CLIENT DISCORD] ✅ rules_2.txt inchangé, pas de mise à jour.
[2025-08-07T14:00:00.348Z] 2025-08-07 16:00:00 [CLIENT DISCORD] ✅ Vérification des règles terminée.
[2025-08-07T14:00:00.393Z] 2025-08-07 16:00:00 [CLIENT DISCORD] [EXPORT] access.json mis à jour avec 13 exécutif(s), 3 superviseur(s) et 2 commandement(s)
[2025-08-07T14:00:00.618Z] [NOTIFY] 2025-08-07 16:00:00 [🟢 SOFT NOTIFY] Message DIV supprimé
[2025-08-07T14:00:00.649Z] 2025-08-07 16:00:00 [CLIENT DISCORD] 📦 Nom GitHub : catherine
[2025-08-07T14:00:00.650Z] 2025-08-07 16:00:00 [CLIENT DISCORD] 🕒 Version distante : 2.1.2
[2025-08-07T14:00:00.651Z] [INFO] 2025-08-07 16:00:00 [ℹ️ INFO NOTIFY] ✅ Les versions sont identiques.
[2025-08-07T14:00:00.901Z] [NOTIFY] 2025-08-07 16:00:00 [🟢 SOFT NOTIFY] Message TABS supprimé
[2025-08-07T14:00:02.890Z] 2025-08-07 16:00:02 [CLIENT DISCORD] [✅] Hiérarchie DIV envoyée.
[2025-08-07T14:00:02.896Z] 2025-08-07 16:00:02 [CLIENT DISCORD] [Cron] 🕒 Fin de la régénération automatique de la hiérarchie.
[2025-08-07T14:00:03.184Z] 2025-08-07 16:00:03 [CLIENT DISCORD] [✅] Hiérarchie TABS envoyée.
[2025-08-07T14:00:03.190Z] 2025-08-07 16:00:03 [CLIENT DISCORD] [Cron] 🕒 Fin de la régénération automatique de la hiérarchie.
