[2025-07-29T03:00:00.146Z] 2025-07-29 05:00:00 [CLIENT DISCORD] [32m🌙 Tâches de la nuit exécutées ![39m
[2025-07-29T03:00:00.181Z] 2025-07-29 05:00:00 [DEBUG] 📦 Checking version from local...
[2025-07-29T03:00:00.184Z] 2025-07-29 05:00:00 [CLIENT DISCORD] 📦 Nom : catherine
[2025-07-29T03:00:00.185Z] 2025-07-29 05:00:00 [CLIENT DISCORD] 🕒 Version locale : 2.1.2
[2025-07-29T03:00:00.186Z] 2025-07-29 05:00:00 [DEBUG] 🌐 Checking version from GitHub...
[2025-07-29T03:00:00.194Z] 2025-07-29 05:00:00 [WARN] [REBOOT] Attention, Catherine redémarre (checker les logs). Instruction reboot.js
[2025-07-29T03:00:08.877Z] 2025-07-29 05:00:08 [CLIENT DISCORD] Les modules [32mloggers[39m ont correctement été exportés.
[2025-07-29T03:00:08.910Z] [EVENT] 2025-07-29 05:00:08 [📅 EVENT NOTIFY] Chargé : guildBanAdd
[2025-07-29T03:00:08.912Z] [EVENT] 2025-07-29 05:00:08 [📅 EVENT NOTIFY] Chargé : guildBanRemove
[2025-07-29T03:00:08.914Z] [EVENT] 2025-07-29 05:00:08 [📅 EVENT NOTIFY] Chargé : guildMemberAdd
[2025-07-29T03:00:08.917Z] [EVENT] 2025-07-29 05:00:08 [📅 EVENT NOTIFY] Chargé : guildMemberRemove
[2025-07-29T03:00:08.920Z] 2025-07-29 05:00:08 [CLIENT DISCORD] Les modules  [32mutils.js[39m [0m ont correctement été exporté.[0m
[2025-07-29T03:00:10.130Z] 2025-07-29 05:00:10 [CLIENT DISCORD] L'interaction  [32mbuttons.js[39m [0m ont correctement été exporté.[0m
[2025-07-29T03:00:10.511Z] 2025-07-29 05:00:10 [CLIENT DISCORD] L'interaction  [32mmodals.js[39m [0m ont correctement été exporté.[0m
[2025-07-29T03:00:10.513Z] [EVENT] 2025-07-29 05:00:10 [📅 EVENT NOTIFY] Chargé : interactionCreate
[2025-07-29T03:00:10.517Z] [EVENT] 2025-07-29 05:00:10 [📅 EVENT NOTIFY] Chargé : messageCreate
[2025-07-29T03:00:10.520Z] [EVENT] 2025-07-29 05:00:10 [📅 EVENT NOTIFY] Chargé : messageDelete
[2025-07-29T03:00:10.523Z] [EVENT] 2025-07-29 05:00:10 [📅 EVENT NOTIFY] Chargé : messageUpdate
[2025-07-29T03:00:10.566Z] 2025-07-29 05:00:10 [CLIENT DISCORD] Les modules  [32mcommands.js[39m [0m ont correctement été exporté.[0m
[2025-07-29T03:00:10.600Z] [EVENT] 2025-07-29 05:00:10 [📅 EVENT NOTIFY] Chargé : ready
[2025-07-29T03:00:10.601Z] [EVENT] 2025-07-29 05:00:10 [📅 EVENT NOTIFY] Chargé : voiceStateUpdate
[2025-07-29T03:00:10.611Z] [COMMANDS] 2025-07-29 05:00:10 [📌 COMMANDS NOTIFY] Chargée : ban
[2025-07-29T03:00:10.614Z] [COMMANDS] 2025-07-29 05:00:10 [📌 COMMANDS NOTIFY] Chargée : clear
[2025-07-29T03:00:10.618Z] [COMMANDS] 2025-07-29 05:00:10 [📌 COMMANDS NOTIFY] Chargée : createreport
[2025-07-29T03:00:10.622Z] [COMMANDS] 2025-07-29 05:00:10 [📌 COMMANDS NOTIFY] Chargée : div
[2025-07-29T03:00:10.625Z] [COMMANDS] 2025-07-29 05:00:10 [📌 COMMANDS NOTIFY] Chargée : help
[2025-07-29T03:00:10.628Z] [COMMANDS] 2025-07-29 05:00:10 [📌 COMMANDS NOTIFY] Chargée : info
[2025-07-29T03:00:10.630Z] [COMMANDS] 2025-07-29 05:00:10 [📌 COMMANDS NOTIFY] Chargée : infoshift
[2025-07-29T03:00:10.633Z] [COMMANDS] 2025-07-29 05:00:10 [📌 COMMANDS NOTIFY] Chargée : kick
[2025-07-29T03:00:10.634Z] [COMMANDS] 2025-07-29 05:00:10 [📌 COMMANDS NOTIFY] Chargée : mute
[2025-07-29T03:00:10.636Z] [COMMANDS] 2025-07-29 05:00:10 [📌 COMMANDS NOTIFY] Chargée : openservice
[2025-07-29T03:00:10.638Z] [COMMANDS] 2025-07-29 05:00:10 [📌 COMMANDS NOTIFY] Chargée : pex
[2025-07-29T03:00:10.662Z] [COMMANDS] 2025-07-29 05:00:10 [📌 COMMANDS NOTIFY] Chargée : play
[2025-07-29T03:00:10.666Z] [COMMANDS] 2025-07-29 05:00:10 [📌 COMMANDS NOTIFY] Chargée : promote
[2025-07-29T03:00:10.669Z] [COMMANDS] 2025-07-29 05:00:10 [📌 COMMANDS NOTIFY] Chargée : recruit
[2025-07-29T03:00:10.672Z] [COMMANDS] 2025-07-29 05:00:10 [📌 COMMANDS NOTIFY] Chargée : rename
[2025-07-29T03:00:10.675Z] [COMMANDS] 2025-07-29 05:00:10 [📌 COMMANDS NOTIFY] Chargée : role
[2025-07-29T03:00:10.678Z] [COMMANDS] 2025-07-29 05:00:10 [📌 COMMANDS NOTIFY] Chargée : send
[2025-07-29T03:00:10.681Z] [COMMANDS] 2025-07-29 05:00:10 [📌 COMMANDS NOTIFY] Chargée : shift
[2025-07-29T03:00:10.687Z] [COMMANDS] 2025-07-29 05:00:10 [📌 COMMANDS NOTIFY] Chargée : ticket
[2025-07-29T03:00:10.691Z] [COMMANDS] 2025-07-29 05:00:10 [📌 COMMANDS NOTIFY] Chargée : userinfo
[2025-07-29T03:00:10.695Z] [COMMANDS] 2025-07-29 05:00:10 [📌 COMMANDS NOTIFY] Chargée : warn
[2025-07-29T03:00:10.703Z] 2025-07-29 05:00:10 [CLIENT DISCORD] [42m[30mChargement des informations du package.[39m[49m
[42m[30m[39m[49m [46m[PACKAGE][49m [32mAuth. : François 🌸[39m
[32m[39m [46m[PACKAGE][49m [32mDepd. : axios, chalk, cron, discord-html-transcripts, discord-player, discord.js, distube, dotenv, express, express-session, form-data, fs, googleapis, luxon, node-cron, node-fetch, ora, patch, path, pdf-lib, pdfkit, play-dl, readline, rl, uuid[39m
[32m[39m [46m[PACKAGE][49m [32mDesc. : Official Bot Catherine for 911 Community.[39m
[32m[39m [46m[PACKAGE][49m [32mLisc. : ISC[39m
[32m[39m [46m[PACKAGE][49m [32mMain. : index.js[39m
[32m[39m [46m[PACKAGE][49m [32mName. : catherine[39m
[32m[39m [46m[PACKAGE][49m [32mScrp. : {"test":"echo \"Error: no test specified\" && exit 1","start":"node server.js"}[39m
[32m[39m [46m[PACKAGE][49m [32mVers. : 2.1.2[39m
[32m[39m [46m[PACKAGE][49m [32mPatch Note. : **[PN - 07/06]** *Passage 2.0 with new patch (shift, tabs... new commands handler)*[39m
[32m[39m
[2025-07-29T03:00:11.672Z] 2025-07-29 05:00:11 [DEBUG] 📦 Checking version from local...
[2025-07-29T03:00:11.674Z] 2025-07-29 05:00:11 [CLIENT DISCORD] 📦 Nom : catherine
[2025-07-29T03:00:11.675Z] 2025-07-29 05:00:11 [CLIENT DISCORD] 🕒 Version locale : 2.1.2
[2025-07-29T03:00:11.676Z] 2025-07-29 05:00:11 [DEBUG] 🌐 Checking version from GitHub...
[2025-07-29T03:00:11.908Z] 2025-07-29 05:00:11 [CLIENT DISCORD] 📦 Nom GitHub : catherine
[2025-07-29T03:00:11.908Z] 2025-07-29 05:00:11 [CLIENT DISCORD] 🕒 Version distante : 2.1.2
[2025-07-29T03:00:11.909Z] [INFO] 2025-07-29 05:00:11 [ℹ️ INFO NOTIFY] ✅ Les versions sont identiques.
[2025-07-29T03:00:11.909Z] 2025-07-29 05:00:11 [CLIENT DISCORD] [34m==============================[39m
[2025-07-29T03:00:11.909Z] 2025-07-29 05:00:11 [CLIENT DISCORD] [32m🚀 Démarrage du bot...[39m
[2025-07-29T03:00:11.909Z] 2025-07-29 05:00:11 [CLIENT DISCORD] [33m🔗 Connexion à Discord API...[39m
[2025-07-29T03:00:11.909Z] 2025-07-29 05:00:11 [CLIENT DISCORD] [36m✅ Bot RP en ligne ! Connecté en tant que 293 | Catherine#8045[39m
[2025-07-29T03:00:11.910Z] 2025-07-29 05:00:11 [CLIENT DISCORD] [34m==============================[39m
[34m[39m
[2025-07-29T03:00:11.922Z] 2025-07-29 05:00:11 [CLIENT DISCORD] [player] Initialisation du Player terminée.
[2025-07-29T03:00:11.927Z] 2025-07-29 05:00:11 [CLIENT DISCORD] [player] Extracteurs chargés avec succès.
[2025-07-29T03:00:11.928Z] 2025-07-29 05:00:11 [CLIENT DISCORD] 📥 Serveur trouvé : Georgia State Police (GSP)
[2025-07-29T03:00:12.233Z] 2025-07-29 05:00:12 [CLIENT DISCORD] 🔍 Commandes déjà présentes : play, rules, createreport, div, role, info, pex, openservice, infoshift, recruit, help, ban, ticket, shutdown, userinfo, send, clear, kick, warn, mute, rename, shift, promote
[2025-07-29T03:00:12.234Z] 2025-07-29 05:00:12 [WARN] ⚠️ Les commandes sont déjà enregistrées. Lance avec 'debug' pour forcer l'écrasement.
[2025-07-29T03:00:12.235Z] 2025-07-29 05:00:12 [CLIENT DISCORD] 🎮 Statut et activité mis à jour.
[2025-07-29T03:00:12.235Z] 2025-07-29 05:00:12 [CLIENT DISCORD] 📌 Mode de lancement : [33mAucun[39m
[2025-07-29T03:00:12.235Z] 2025-07-29 05:00:12 [CLIENT DISCORD] ✅ Bot prêt en tant que 293 | Catherine#8045
[2025-07-29T06:00:00.180Z] 2025-07-29 08:00:00 [CLIENT DISCORD] [32m🌅 Tâches du matin exécutées ![39m
[2025-07-29T06:00:00.221Z] 2025-07-29 08:00:00 [CLIENT DISCORD] [Cron] 🕒 Démarrage de la régénération automatique de la hiérarchie (tabs)...
[2025-07-29T06:00:00.229Z] 2025-07-29 08:00:00 [CLIENT DISCORD] [Cron] 🕒 Démarrage de la régénération automatique de la hiérarchie... (div)
[2025-07-29T06:00:00.232Z] 2025-07-29 08:00:00 [CLIENT DISCORD] 🔍 Vérification des règles...
[2025-07-29T06:00:00.251Z] 2025-07-29 08:00:00 [DEBUG] 📦 Checking version from local...
[2025-07-29T06:00:00.253Z] 2025-07-29 08:00:00 [CLIENT DISCORD] 📦 Nom : catherine
[2025-07-29T06:00:00.254Z] 2025-07-29 08:00:00 [CLIENT DISCORD] 🕒 Version locale : 2.1.2
[2025-07-29T06:00:00.255Z] 2025-07-29 08:00:00 [DEBUG] 🌐 Checking version from GitHub...
[2025-07-29T06:00:00.351Z] 2025-07-29 08:00:00 [CLIENT DISCORD] ✅ rules_1.txt inchangé, pas de mise à jour.
[2025-07-29T06:00:00.353Z] 2025-07-29 08:00:00 [CLIENT DISCORD] ✅ rules_2.txt inchangé, pas de mise à jour.
[2025-07-29T06:00:00.353Z] 2025-07-29 08:00:00 [CLIENT DISCORD] ✅ Vérification des règles terminée.
[2025-07-29T06:00:00.435Z] 2025-07-29 08:00:00 [CLIENT DISCORD] [EXPORT] access.json mis à jour avec 13 exécutif(s), 3 superviseur(s) et 2 commandement(s)
[2025-07-29T06:00:00.632Z] 2025-07-29 08:00:00 [CLIENT DISCORD] 📦 Nom GitHub : catherine
[2025-07-29T06:00:00.634Z] 2025-07-29 08:00:00 [CLIENT DISCORD] 🕒 Version distante : 2.1.2
[2025-07-29T06:00:00.636Z] [INFO] 2025-07-29 08:00:00 [ℹ️ INFO NOTIFY] ✅ Les versions sont identiques.
[2025-07-29T06:00:00.842Z] [NOTIFY] 2025-07-29 08:00:00 [🟢 SOFT NOTIFY] Message DIV supprimé
[2025-07-29T06:00:01.166Z] [NOTIFY] 2025-07-29 08:00:01 [🟢 SOFT NOTIFY] Message TABS supprimé
[2025-07-29T06:00:02.331Z] 2025-07-29 08:00:02 [CLIENT DISCORD] [✅] Hiérarchie DIV envoyée.
[2025-07-29T06:00:02.360Z] 2025-07-29 08:00:02 [CLIENT DISCORD] [Cron] 🕒 Fin de la régénération automatique de la hiérarchie.
[2025-07-29T06:00:03.105Z] 2025-07-29 08:00:03 [CLIENT DISCORD] [✅] Hiérarchie TABS envoyée.
[2025-07-29T06:00:03.110Z] 2025-07-29 08:00:03 [CLIENT DISCORD] [Cron] 🕒 Fin de la régénération automatique de la hiérarchie.
[2025-07-29T11:06:16.089Z] 2025-07-29 13:06:16 [CLIENT DISCORD] [94m[MESSAGE_SENT][39m [32mrory.p71[39m [0ma envoyé[0m [32mquel contexte rp (état, conté...)[39m [0mdans[0m [32mmod_keeganrp[39m
[2025-07-29T11:06:31.605Z] 2025-07-29 13:06:31 [CLIENT DISCORD] [MESSAGE UPDATED] rory.p71 a modifié un message dans #mod_keeganrp: "quel contexte rp (état, conté...)" → "on est sur quel contexte rp (état, conté...) ?"
[2025-07-29T11:07:18.092Z] 2025-07-29 13:07:18 [CLIENT DISCORD] [94m[MESSAGE_SENT][39m [32mrory.p71[39m [0ma envoyé[0m [32mje crois que darko est pas trop dispo en ce moment[39m [0mdans[0m [32m💬-discussion[39m
[2025-07-29T14:00:00.141Z] 2025-07-29 16:00:00 [CLIENT DISCORD] [32m🌇 Tâches du soir exécutées ![39m
[2025-07-29T14:00:00.171Z] 2025-07-29 16:00:00 [CLIENT DISCORD] [Cron] 🕒 Démarrage de la régénération automatique de la hiérarchie (tabs)...
[2025-07-29T14:00:00.177Z] 2025-07-29 16:00:00 [CLIENT DISCORD] [Cron] 🕒 Démarrage de la régénération automatique de la hiérarchie... (div)
[2025-07-29T14:00:00.179Z] 2025-07-29 16:00:00 [CLIENT DISCORD] 🔍 Vérification des règles...
[2025-07-29T14:00:00.188Z] 2025-07-29 16:00:00 [DEBUG] 📦 Checking version from local...
[2025-07-29T14:00:00.191Z] 2025-07-29 16:00:00 [CLIENT DISCORD] 📦 Nom : catherine
[2025-07-29T14:00:00.192Z] 2025-07-29 16:00:00 [CLIENT DISCORD] 🕒 Version locale : 2.1.2
[2025-07-29T14:00:00.193Z] 2025-07-29 16:00:00 [DEBUG] 🌐 Checking version from GitHub...
[2025-07-29T14:00:00.230Z] 2025-07-29 16:00:00 [CLIENT DISCORD] ✅ rules_1.txt inchangé, pas de mise à jour.
[2025-07-29T14:00:00.231Z] 2025-07-29 16:00:00 [CLIENT DISCORD] ✅ rules_2.txt inchangé, pas de mise à jour.
[2025-07-29T14:00:00.232Z] 2025-07-29 16:00:00 [CLIENT DISCORD] ✅ Vérification des règles terminée.
[2025-07-29T14:00:00.312Z] 2025-07-29 16:00:00 [CLIENT DISCORD] [EXPORT] access.json mis à jour avec 13 exécutif(s), 3 superviseur(s) et 2 commandement(s)
[2025-07-29T14:00:00.487Z] 2025-07-29 16:00:00 [CLIENT DISCORD] 📦 Nom GitHub : catherine
[2025-07-29T14:00:00.488Z] 2025-07-29 16:00:00 [CLIENT DISCORD] 🕒 Version distante : 2.1.2
[2025-07-29T14:00:00.489Z] [INFO] 2025-07-29 16:00:00 [ℹ️ INFO NOTIFY] ✅ Les versions sont identiques.
[2025-07-29T14:00:01.122Z] [NOTIFY] 2025-07-29 16:00:01 [🟢 SOFT NOTIFY] Message DIV supprimé
[2025-07-29T14:00:01.485Z] [NOTIFY] 2025-07-29 16:00:01 [🟢 SOFT NOTIFY] Message TABS supprimé
[2025-07-29T14:00:02.450Z] 2025-07-29 16:00:02 [CLIENT DISCORD] [✅] Hiérarchie DIV envoyée.
[2025-07-29T14:00:02.451Z] 2025-07-29 16:00:02 [CLIENT DISCORD] [Cron] 🕒 Fin de la régénération automatique de la hiérarchie.
[2025-07-29T14:00:02.934Z] 2025-07-29 16:00:02 [CLIENT DISCORD] [✅] Hiérarchie TABS envoyée.
[2025-07-29T14:00:02.936Z] 2025-07-29 16:00:02 [CLIENT DISCORD] [Cron] 🕒 Fin de la régénération automatique de la hiérarchie.
[2025-07-29T14:49:23.966Z] 2025-07-29 16:49:23 [CLIENT DISCORD] [94m[MESSAGE_SENT][39m [32mkeegan_rp[39m [0ma envoyé[0m [32mÉtat de San Andreas, police municipale de LS : LSPD [39m
[32m[39m
[32mPotentiellement vous, pour le comté[39m [0mdans[0m [32mmod_keeganrp[39m
[2025-07-29T15:45:33.363Z] 2025-07-29 17:45:33 [CLIENT DISCORD] [94m[MESSAGE_SENT][39m [32mfrancois.piano[39m [0ma envoyé[0m [32mLife / FivePD ?[39m [0mdans[0m [32mmod_keeganrp[39m
[2025-07-29T15:48:31.745Z] 2025-07-29 17:48:31 [CLIENT DISCORD] 🔵 Interaction détectée : yes
[2025-07-29T15:48:31.747Z] 2025-07-29 17:48:31 [CLIENT DISCORD] 🔴 Pas de clientData trouvé, utilisation de config !
[2025-07-29T15:48:31.748Z] 2025-07-29 17:48:31 [CLIENT DISCORD] 📌 ID du message enregistré : 1381286795622354954
[2025-07-29T15:48:31.749Z] 2025-07-29 17:48:31 [CLIENT DISCORD] 📌 ID du message de l'interaction : 1397579004915093704
[2025-07-29T15:48:31.750Z] 2025-07-29 17:48:31 [CLIENT DISCORD] 🔴 Le message de l'interaction ne correspond pas !
[2025-07-29T15:48:31.755Z] 2025-07-29 17:48:31 [CLIENT DISCORD] [BUTTON] francois.piano a exécuté l'interaction bouton yes dans 1347963262892904469
[2025-07-29T19:46:25.469Z] 2025-07-29 21:46:25 [CLIENT DISCORD] [94m[MESSAGE_SENT][39m [32mkeegan_rp[39m [0ma envoyé[0m [32mLife, RP classique[39m [0mdans[0m [32mmod_keeganrp[39m
