[2025-08-17T03:00:00.197Z] 2025-08-17 05:00:00 [CLIENT DISCORD] [32m🌙 Tâches de la nuit exécutées ![39m
[2025-08-17T03:00:00.246Z] 2025-08-17 05:00:00 [DEBUG] 📦 Checking version from local...
[2025-08-17T03:00:00.249Z] 2025-08-17 05:00:00 [CLIENT DISCORD] 📦 Nom : catherine
[2025-08-17T03:00:00.250Z] 2025-08-17 05:00:00 [CLIENT DISCORD] 🕒 Version locale : 2.1.2
[2025-08-17T03:00:00.252Z] 2025-08-17 05:00:00 [DEBUG] 🌐 Checking version from GitHub...
[2025-08-17T03:00:00.322Z] 2025-08-17 05:00:00 [WARN] [REBOOT] Attention, Catherine redémarre (checker les logs). Instruction reboot.js
[2025-08-17T03:00:10.349Z] 2025-08-17 05:00:10 [CLIENT DISCORD] Les modules [32mloggers[39m ont correctement été exportés.
[2025-08-17T03:00:10.383Z] [EVENT] 2025-08-17 05:00:10 [📅 EVENT NOTIFY] Chargé : guildBanAdd
[2025-08-17T03:00:10.385Z] [EVENT] 2025-08-17 05:00:10 [📅 EVENT NOTIFY] Chargé : guildBanRemove
[2025-08-17T03:00:10.387Z] [EVENT] 2025-08-17 05:00:10 [📅 EVENT NOTIFY] Chargé : guildMemberAdd
[2025-08-17T03:00:10.389Z] [EVENT] 2025-08-17 05:00:10 [📅 EVENT NOTIFY] Chargé : guildMemberRemove
[2025-08-17T03:00:10.393Z] 2025-08-17 05:00:10 [CLIENT DISCORD] Les modules  [32mutils.js[39m [0m ont correctement été exporté.[0m
[2025-08-17T03:00:11.584Z] 2025-08-17 05:00:11 [CLIENT DISCORD] L'interaction  [32mbuttons.js[39m [0m ont correctement été exporté.[0m
[2025-08-17T03:00:12.062Z] 2025-08-17 05:00:12 [CLIENT DISCORD] L'interaction  [32mmodals.js[39m [0m ont correctement été exporté.[0m
[2025-08-17T03:00:12.064Z] [EVENT] 2025-08-17 05:00:12 [📅 EVENT NOTIFY] Chargé : interactionCreate
[2025-08-17T03:00:12.068Z] [EVENT] 2025-08-17 05:00:12 [📅 EVENT NOTIFY] Chargé : messageCreate
[2025-08-17T03:00:12.072Z] [EVENT] 2025-08-17 05:00:12 [📅 EVENT NOTIFY] Chargé : messageDelete
[2025-08-17T03:00:12.077Z] [EVENT] 2025-08-17 05:00:12 [📅 EVENT NOTIFY] Chargé : messageUpdate
[2025-08-17T03:00:12.131Z] 2025-08-17 05:00:12 [CLIENT DISCORD] Les modules  [32mcommands.js[39m [0m ont correctement été exporté.[0m
[2025-08-17T03:00:12.164Z] [EVENT] 2025-08-17 05:00:12 [📅 EVENT NOTIFY] Chargé : ready
[2025-08-17T03:00:12.166Z] [EVENT] 2025-08-17 05:00:12 [📅 EVENT NOTIFY] Chargé : voiceStateUpdate
[2025-08-17T03:00:12.176Z] [COMMANDS] 2025-08-17 05:00:12 [📌 COMMANDS NOTIFY] Chargée : ban
[2025-08-17T03:00:12.178Z] [COMMANDS] 2025-08-17 05:00:12 [📌 COMMANDS NOTIFY] Chargée : clear
[2025-08-17T03:00:12.182Z] [COMMANDS] 2025-08-17 05:00:12 [📌 COMMANDS NOTIFY] Chargée : createreport
[2025-08-17T03:00:12.186Z] [COMMANDS] 2025-08-17 05:00:12 [📌 COMMANDS NOTIFY] Chargée : div
[2025-08-17T03:00:12.188Z] [COMMANDS] 2025-08-17 05:00:12 [📌 COMMANDS NOTIFY] Chargée : help
[2025-08-17T03:00:12.191Z] [COMMANDS] 2025-08-17 05:00:12 [📌 COMMANDS NOTIFY] Chargée : info
[2025-08-17T03:00:12.194Z] [COMMANDS] 2025-08-17 05:00:12 [📌 COMMANDS NOTIFY] Chargée : infoshift
[2025-08-17T03:00:12.198Z] [COMMANDS] 2025-08-17 05:00:12 [📌 COMMANDS NOTIFY] Chargée : kick
[2025-08-17T03:00:12.202Z] [COMMANDS] 2025-08-17 05:00:12 [📌 COMMANDS NOTIFY] Chargée : mute
[2025-08-17T03:00:12.206Z] [COMMANDS] 2025-08-17 05:00:12 [📌 COMMANDS NOTIFY] Chargée : openservice
[2025-08-17T03:00:12.209Z] [COMMANDS] 2025-08-17 05:00:12 [📌 COMMANDS NOTIFY] Chargée : pex
[2025-08-17T03:00:12.236Z] [COMMANDS] 2025-08-17 05:00:12 [📌 COMMANDS NOTIFY] Chargée : play
[2025-08-17T03:00:12.239Z] [COMMANDS] 2025-08-17 05:00:12 [📌 COMMANDS NOTIFY] Chargée : promote
[2025-08-17T03:00:12.243Z] [COMMANDS] 2025-08-17 05:00:12 [📌 COMMANDS NOTIFY] Chargée : recruit
[2025-08-17T03:00:12.245Z] [COMMANDS] 2025-08-17 05:00:12 [📌 COMMANDS NOTIFY] Chargée : rename
[2025-08-17T03:00:12.248Z] [COMMANDS] 2025-08-17 05:00:12 [📌 COMMANDS NOTIFY] Chargée : role
[2025-08-17T03:00:12.251Z] [COMMANDS] 2025-08-17 05:00:12 [📌 COMMANDS NOTIFY] Chargée : send
[2025-08-17T03:00:12.255Z] [COMMANDS] 2025-08-17 05:00:12 [📌 COMMANDS NOTIFY] Chargée : shift
[2025-08-17T03:00:12.261Z] [COMMANDS] 2025-08-17 05:00:12 [📌 COMMANDS NOTIFY] Chargée : ticket
[2025-08-17T03:00:12.265Z] [COMMANDS] 2025-08-17 05:00:12 [📌 COMMANDS NOTIFY] Chargée : userinfo
[2025-08-17T03:00:12.268Z] [COMMANDS] 2025-08-17 05:00:12 [📌 COMMANDS NOTIFY] Chargée : warn
[2025-08-17T03:00:12.275Z] 2025-08-17 05:00:12 [CLIENT DISCORD] [42m[30mChargement des informations du package.[39m[49m
[42m[30m[39m[49m [46m[PACKAGE][49m [32mAuth. : François 🌸[39m
[32m[39m [46m[PACKAGE][49m [32mDepd. : axios, chalk, cron, discord-html-transcripts, discord-player, discord.js, distube, dotenv, express, express-session, form-data, fs, googleapis, luxon, node-cron, node-fetch, ora, patch, path, pdf-lib, pdfkit, play-dl, readline, rl, uuid[39m
[32m[39m [46m[PACKAGE][49m [32mDesc. : Official Bot Catherine for 911 Community.[39m
[32m[39m [46m[PACKAGE][49m [32mLisc. : ISC[39m
[32m[39m [46m[PACKAGE][49m [32mMain. : index.js[39m
[32m[39m [46m[PACKAGE][49m [32mName. : catherine[39m
[32m[39m [46m[PACKAGE][49m [32mScrp. : {"test":"echo \"Error: no test specified\" && exit 1","start":"node server.js"}[39m
[32m[39m [46m[PACKAGE][49m [32mVers. : 2.1.2[39m
[32m[39m [46m[PACKAGE][49m [32mPatch Note. : **[PN - 07/06]** *Passage 2.0 with new patch (shift, tabs... new commands handler)*[39m
[32m[39m
[2025-08-17T03:00:13.295Z] 2025-08-17 05:00:13 [DEBUG] 📦 Checking version from local...
[2025-08-17T03:00:13.297Z] 2025-08-17 05:00:13 [CLIENT DISCORD] 📦 Nom : catherine
[2025-08-17T03:00:13.298Z] 2025-08-17 05:00:13 [CLIENT DISCORD] 🕒 Version locale : 2.1.2
[2025-08-17T03:00:13.299Z] 2025-08-17 05:00:13 [DEBUG] 🌐 Checking version from GitHub...
[2025-08-17T03:00:13.535Z] 2025-08-17 05:00:13 [CLIENT DISCORD] 📦 Nom GitHub : catherine
[2025-08-17T03:00:13.536Z] 2025-08-17 05:00:13 [CLIENT DISCORD] 🕒 Version distante : 2.1.2
[2025-08-17T03:00:13.537Z] [INFO] 2025-08-17 05:00:13 [ℹ️ INFO NOTIFY] ✅ Les versions sont identiques.
[2025-08-17T03:00:13.539Z] 2025-08-17 05:00:13 [CLIENT DISCORD] [34m==============================[39m
[2025-08-17T03:00:13.540Z] 2025-08-17 05:00:13 [CLIENT DISCORD] [32m🚀 Démarrage du bot...[39m
[2025-08-17T03:00:13.541Z] 2025-08-17 05:00:13 [CLIENT DISCORD] [33m🔗 Connexion à Discord API...[39m
[2025-08-17T03:00:13.542Z] 2025-08-17 05:00:13 [CLIENT DISCORD] [36m✅ Bot RP en ligne ! Connecté en tant que 293 | Catherine#8045[39m
[2025-08-17T03:00:13.544Z] 2025-08-17 05:00:13 [CLIENT DISCORD] [34m==============================[39m
[34m[39m
[2025-08-17T03:00:13.554Z] 2025-08-17 05:00:13 [CLIENT DISCORD] [player] Initialisation du Player terminée.
[2025-08-17T03:00:13.559Z] 2025-08-17 05:00:13 [CLIENT DISCORD] [player] Extracteurs chargés avec succès.
[2025-08-17T03:00:13.560Z] 2025-08-17 05:00:13 [CLIENT DISCORD] 📥 Serveur trouvé : Georgia State Police (GSP)
[2025-08-17T03:00:13.784Z] 2025-08-17 05:00:13 [CLIENT DISCORD] 🔍 Commandes déjà présentes : play, rules, createreport, div, role, info, pex, openservice, infoshift, recruit, help, ban, ticket, shutdown, userinfo, send, clear, kick, warn, mute, rename, shift, promote
[2025-08-17T03:00:13.787Z] 2025-08-17 05:00:13 [WARN] ⚠️ Les commandes sont déjà enregistrées. Lance avec 'debug' pour forcer l'écrasement.
[2025-08-17T03:00:13.789Z] 2025-08-17 05:00:13 [CLIENT DISCORD] 🎮 Statut et activité mis à jour.
[2025-08-17T03:00:13.790Z] 2025-08-17 05:00:13 [CLIENT DISCORD] 📌 Mode de lancement : [33mAucun[39m
[2025-08-17T03:00:13.791Z] 2025-08-17 05:00:13 [CLIENT DISCORD] ✅ Bot prêt en tant que 293 | Catherine#8045
[2025-08-17T06:00:00.139Z] 2025-08-17 08:00:00 [CLIENT DISCORD] [32m🌅 Tâches du matin exécutées ![39m
[2025-08-17T06:00:00.172Z] 2025-08-17 08:00:00 [CLIENT DISCORD] [Cron] 🕒 Démarrage de la régénération automatique de la hiérarchie (tabs)...
[2025-08-17T06:00:00.179Z] 2025-08-17 08:00:00 [CLIENT DISCORD] [Cron] 🕒 Démarrage de la régénération automatique de la hiérarchie... (div)
[2025-08-17T06:00:00.183Z] 2025-08-17 08:00:00 [CLIENT DISCORD] 🔍 Vérification des règles...
[2025-08-17T06:00:00.196Z] 2025-08-17 08:00:00 [DEBUG] 📦 Checking version from local...
[2025-08-17T06:00:00.198Z] 2025-08-17 08:00:00 [CLIENT DISCORD] 📦 Nom : catherine
[2025-08-17T06:00:00.199Z] 2025-08-17 08:00:00 [CLIENT DISCORD] 🕒 Version locale : 2.1.2
[2025-08-17T06:00:00.200Z] 2025-08-17 08:00:00 [DEBUG] 🌐 Checking version from GitHub...
[2025-08-17T06:00:00.244Z] 2025-08-17 08:00:00 [CLIENT DISCORD] ✅ rules_1.txt inchangé, pas de mise à jour.
[2025-08-17T06:00:00.246Z] 2025-08-17 08:00:00 [CLIENT DISCORD] ✅ rules_2.txt inchangé, pas de mise à jour.
[2025-08-17T06:00:00.247Z] 2025-08-17 08:00:00 [CLIENT DISCORD] ✅ Vérification des règles terminée.
[2025-08-17T06:00:00.328Z] 2025-08-17 08:00:00 [CLIENT DISCORD] [EXPORT] access.json mis à jour avec 13 exécutif(s), 3 superviseur(s) et 2 commandement(s)
[2025-08-17T06:00:00.541Z] 2025-08-17 08:00:00 [CLIENT DISCORD] 📦 Nom GitHub : catherine
[2025-08-17T06:00:00.542Z] 2025-08-17 08:00:00 [CLIENT DISCORD] 🕒 Version distante : 2.1.2
[2025-08-17T06:00:00.542Z] [INFO] 2025-08-17 08:00:00 [ℹ️ INFO NOTIFY] ✅ Les versions sont identiques.
[2025-08-17T06:00:00.752Z] [NOTIFY] 2025-08-17 08:00:00 [🟢 SOFT NOTIFY] Message DIV supprimé
[2025-08-17T06:00:01.045Z] [NOTIFY] 2025-08-17 08:00:01 [🟢 SOFT NOTIFY] Message TABS supprimé
[2025-08-17T06:00:04.340Z] 2025-08-17 08:00:04 [CLIENT DISCORD] [✅] Hiérarchie DIV envoyée.
[2025-08-17T06:00:04.342Z] 2025-08-17 08:00:04 [CLIENT DISCORD] [Cron] 🕒 Fin de la régénération automatique de la hiérarchie.
[2025-08-17T06:00:05.004Z] 2025-08-17 08:00:05 [CLIENT DISCORD] [✅] Hiérarchie TABS envoyée.
[2025-08-17T06:00:05.011Z] 2025-08-17 08:00:05 [CLIENT DISCORD] [Cron] 🕒 Fin de la régénération automatique de la hiérarchie.
[2025-08-17T14:00:00.169Z] 2025-08-17 16:00:00 [CLIENT DISCORD] [32m🌇 Tâches du soir exécutées ![39m
[2025-08-17T14:00:00.195Z] 2025-08-17 16:00:00 [CLIENT DISCORD] [Cron] 🕒 Démarrage de la régénération automatique de la hiérarchie (tabs)...
[2025-08-17T14:00:00.200Z] 2025-08-17 16:00:00 [CLIENT DISCORD] [Cron] 🕒 Démarrage de la régénération automatique de la hiérarchie... (div)
[2025-08-17T14:00:00.203Z] 2025-08-17 16:00:00 [CLIENT DISCORD] 🔍 Vérification des règles...
[2025-08-17T14:00:00.216Z] 2025-08-17 16:00:00 [DEBUG] 📦 Checking version from local...
[2025-08-17T14:00:00.219Z] 2025-08-17 16:00:00 [CLIENT DISCORD] 📦 Nom : catherine
[2025-08-17T14:00:00.220Z] 2025-08-17 16:00:00 [CLIENT DISCORD] 🕒 Version locale : 2.1.2
[2025-08-17T14:00:00.221Z] 2025-08-17 16:00:00 [DEBUG] 🌐 Checking version from GitHub...
[2025-08-17T14:00:00.334Z] 2025-08-17 16:00:00 [CLIENT DISCORD] ✅ rules_1.txt inchangé, pas de mise à jour.
[2025-08-17T14:00:00.336Z] 2025-08-17 16:00:00 [CLIENT DISCORD] ✅ rules_2.txt inchangé, pas de mise à jour.
[2025-08-17T14:00:00.337Z] 2025-08-17 16:00:00 [CLIENT DISCORD] ✅ Vérification des règles terminée.
[2025-08-17T14:00:00.397Z] 2025-08-17 16:00:00 [CLIENT DISCORD] [EXPORT] access.json mis à jour avec 13 exécutif(s), 3 superviseur(s) et 2 commandement(s)
[2025-08-17T14:00:00.587Z] 2025-08-17 16:00:00 [CLIENT DISCORD] 📦 Nom GitHub : catherine
[2025-08-17T14:00:00.589Z] 2025-08-17 16:00:00 [CLIENT DISCORD] 🕒 Version distante : 2.1.2
[2025-08-17T14:00:00.590Z] [INFO] 2025-08-17 16:00:00 [ℹ️ INFO NOTIFY] ✅ Les versions sont identiques.
[2025-08-17T14:00:00.677Z] [NOTIFY] 2025-08-17 16:00:00 [🟢 SOFT NOTIFY] Message DIV supprimé
[2025-08-17T14:00:00.928Z] [NOTIFY] 2025-08-17 16:00:00 [🟢 SOFT NOTIFY] Message TABS supprimé
[2025-08-17T14:00:01.569Z] 2025-08-17 16:00:01 [CLIENT DISCORD] [✅] Hiérarchie DIV envoyée.
[2025-08-17T14:00:01.569Z] 2025-08-17 16:00:01 [CLIENT DISCORD] [Cron] 🕒 Fin de la régénération automatique de la hiérarchie.
[2025-08-17T14:00:01.992Z] 2025-08-17 16:00:01 [CLIENT DISCORD] [✅] Hiérarchie TABS envoyée.
[2025-08-17T14:00:02.005Z] 2025-08-17 16:00:02 [CLIENT DISCORD] [Cron] 🕒 Fin de la régénération automatique de la hiérarchie.
