[2025-08-04T03:00:00.190Z] 2025-08-04 05:00:00 [CLIENT DISCORD] [32m🌙 Tâches de la nuit exécutées ![39m
[2025-08-04T03:00:00.213Z] 2025-08-04 05:00:00 [DEBUG] 📦 Checking version from local...
[2025-08-04T03:00:00.215Z] 2025-08-04 05:00:00 [CLIENT DISCORD] 📦 Nom : catherine
[2025-08-04T03:00:00.216Z] 2025-08-04 05:00:00 [CLIENT DISCORD] 🕒 Version locale : 2.1.2
[2025-08-04T03:00:00.217Z] 2025-08-04 05:00:00 [DEBUG] 🌐 Checking version from GitHub...
[2025-08-04T03:00:00.224Z] 2025-08-04 05:00:00 [WARN] [REBOOT] Attention, Catherine redémarre (checker les logs). Instruction reboot.js
[2025-08-04T03:00:08.601Z] 2025-08-04 05:00:08 [CLIENT DISCORD] Les modules [32mloggers[39m ont correctement été exportés.
[2025-08-04T03:00:08.633Z] [EVENT] 2025-08-04 05:00:08 [📅 EVENT NOTIFY] Chargé : guildBanAdd
[2025-08-04T03:00:08.634Z] [EVENT] 2025-08-04 05:00:08 [📅 EVENT NOTIFY] Chargé : guildBanRemove
[2025-08-04T03:00:08.636Z] [EVENT] 2025-08-04 05:00:08 [📅 EVENT NOTIFY] Chargé : guildMemberAdd
[2025-08-04T03:00:08.637Z] [EVENT] 2025-08-04 05:00:08 [📅 EVENT NOTIFY] Chargé : guildMemberRemove
[2025-08-04T03:00:08.641Z] 2025-08-04 05:00:08 [CLIENT DISCORD] Les modules  [32mutils.js[39m [0m ont correctement été exporté.[0m
[2025-08-04T03:00:09.437Z] 2025-08-04 05:00:09 [CLIENT DISCORD] L'interaction  [32mbuttons.js[39m [0m ont correctement été exporté.[0m
[2025-08-04T03:00:09.629Z] 2025-08-04 05:00:09 [CLIENT DISCORD] L'interaction  [32mmodals.js[39m [0m ont correctement été exporté.[0m
[2025-08-04T03:00:09.632Z] [EVENT] 2025-08-04 05:00:09 [📅 EVENT NOTIFY] Chargé : interactionCreate
[2025-08-04T03:00:09.634Z] [EVENT] 2025-08-04 05:00:09 [📅 EVENT NOTIFY] Chargé : messageCreate
[2025-08-04T03:00:09.637Z] [EVENT] 2025-08-04 05:00:09 [📅 EVENT NOTIFY] Chargé : messageDelete
[2025-08-04T03:00:09.639Z] [EVENT] 2025-08-04 05:00:09 [📅 EVENT NOTIFY] Chargé : messageUpdate
[2025-08-04T03:00:09.667Z] 2025-08-04 05:00:09 [CLIENT DISCORD] Les modules  [32mcommands.js[39m [0m ont correctement été exporté.[0m
[2025-08-04T03:00:09.693Z] [EVENT] 2025-08-04 05:00:09 [📅 EVENT NOTIFY] Chargé : ready
[2025-08-04T03:00:09.694Z] [EVENT] 2025-08-04 05:00:09 [📅 EVENT NOTIFY] Chargé : voiceStateUpdate
[2025-08-04T03:00:09.701Z] [COMMANDS] 2025-08-04 05:00:09 [📌 COMMANDS NOTIFY] Chargée : ban
[2025-08-04T03:00:09.703Z] [COMMANDS] 2025-08-04 05:00:09 [📌 COMMANDS NOTIFY] Chargée : clear
[2025-08-04T03:00:09.706Z] [COMMANDS] 2025-08-04 05:00:09 [📌 COMMANDS NOTIFY] Chargée : createreport
[2025-08-04T03:00:09.708Z] [COMMANDS] 2025-08-04 05:00:09 [📌 COMMANDS NOTIFY] Chargée : div
[2025-08-04T03:00:09.710Z] [COMMANDS] 2025-08-04 05:00:09 [📌 COMMANDS NOTIFY] Chargée : help
[2025-08-04T03:00:09.712Z] [COMMANDS] 2025-08-04 05:00:09 [📌 COMMANDS NOTIFY] Chargée : info
[2025-08-04T03:00:09.715Z] [COMMANDS] 2025-08-04 05:00:09 [📌 COMMANDS NOTIFY] Chargée : infoshift
[2025-08-04T03:00:09.718Z] [COMMANDS] 2025-08-04 05:00:09 [📌 COMMANDS NOTIFY] Chargée : kick
[2025-08-04T03:00:09.721Z] [COMMANDS] 2025-08-04 05:00:09 [📌 COMMANDS NOTIFY] Chargée : mute
[2025-08-04T03:00:09.723Z] [COMMANDS] 2025-08-04 05:00:09 [📌 COMMANDS NOTIFY] Chargée : openservice
[2025-08-04T03:00:09.727Z] [COMMANDS] 2025-08-04 05:00:09 [📌 COMMANDS NOTIFY] Chargée : pex
[2025-08-04T03:00:09.748Z] [COMMANDS] 2025-08-04 05:00:09 [📌 COMMANDS NOTIFY] Chargée : play
[2025-08-04T03:00:09.751Z] [COMMANDS] 2025-08-04 05:00:09 [📌 COMMANDS NOTIFY] Chargée : promote
[2025-08-04T03:00:09.754Z] [COMMANDS] 2025-08-04 05:00:09 [📌 COMMANDS NOTIFY] Chargée : recruit
[2025-08-04T03:00:09.757Z] [COMMANDS] 2025-08-04 05:00:09 [📌 COMMANDS NOTIFY] Chargée : rename
[2025-08-04T03:00:09.759Z] [COMMANDS] 2025-08-04 05:00:09 [📌 COMMANDS NOTIFY] Chargée : role
[2025-08-04T03:00:09.761Z] [COMMANDS] 2025-08-04 05:00:09 [📌 COMMANDS NOTIFY] Chargée : send
[2025-08-04T03:00:09.765Z] [COMMANDS] 2025-08-04 05:00:09 [📌 COMMANDS NOTIFY] Chargée : shift
[2025-08-04T03:00:09.770Z] [COMMANDS] 2025-08-04 05:00:09 [📌 COMMANDS NOTIFY] Chargée : ticket
[2025-08-04T03:00:09.773Z] [COMMANDS] 2025-08-04 05:00:09 [📌 COMMANDS NOTIFY] Chargée : userinfo
[2025-08-04T03:00:09.776Z] [COMMANDS] 2025-08-04 05:00:09 [📌 COMMANDS NOTIFY] Chargée : warn
[2025-08-04T03:00:09.782Z] 2025-08-04 05:00:09 [CLIENT DISCORD] [42m[30mChargement des informations du package.[39m[49m
[42m[30m[39m[49m [46m[PACKAGE][49m [32mAuth. : François 🌸[39m
[32m[39m [46m[PACKAGE][49m [32mDepd. : axios, chalk, cron, discord-html-transcripts, discord-player, discord.js, distube, dotenv, express, express-session, form-data, fs, googleapis, luxon, node-cron, node-fetch, ora, patch, path, pdf-lib, pdfkit, play-dl, readline, rl, uuid[39m
[32m[39m [46m[PACKAGE][49m [32mDesc. : Official Bot Catherine for 911 Community.[39m
[32m[39m [46m[PACKAGE][49m [32mLisc. : ISC[39m
[32m[39m [46m[PACKAGE][49m [32mMain. : index.js[39m
[32m[39m [46m[PACKAGE][49m [32mName. : catherine[39m
[32m[39m [46m[PACKAGE][49m [32mScrp. : {"test":"echo \"Error: no test specified\" && exit 1","start":"node server.js"}[39m
[32m[39m [46m[PACKAGE][49m [32mVers. : 2.1.2[39m
[32m[39m [46m[PACKAGE][49m [32mPatch Note. : **[PN - 07/06]** *Passage 2.0 with new patch (shift, tabs... new commands handler)*[39m
[32m[39m
[2025-08-04T03:00:10.668Z] 2025-08-04 05:00:10 [DEBUG] 📦 Checking version from local...
[2025-08-04T03:00:10.669Z] 2025-08-04 05:00:10 [CLIENT DISCORD] 📦 Nom : catherine
[2025-08-04T03:00:10.670Z] 2025-08-04 05:00:10 [CLIENT DISCORD] 🕒 Version locale : 2.1.2
[2025-08-04T03:00:10.670Z] 2025-08-04 05:00:10 [DEBUG] 🌐 Checking version from GitHub...
[2025-08-04T03:00:10.986Z] 2025-08-04 05:00:10 [CLIENT DISCORD] 📦 Nom GitHub : catherine
[2025-08-04T03:00:10.987Z] 2025-08-04 05:00:10 [CLIENT DISCORD] 🕒 Version distante : 2.1.2
[2025-08-04T03:00:10.987Z] [INFO] 2025-08-04 05:00:10 [ℹ️ INFO NOTIFY] ✅ Les versions sont identiques.
[2025-08-04T03:00:10.987Z] 2025-08-04 05:00:10 [CLIENT DISCORD] [34m==============================[39m
[2025-08-04T03:00:10.988Z] 2025-08-04 05:00:10 [CLIENT DISCORD] [32m🚀 Démarrage du bot...[39m
[2025-08-04T03:00:10.988Z] 2025-08-04 05:00:10 [CLIENT DISCORD] [33m🔗 Connexion à Discord API...[39m
[2025-08-04T03:00:10.988Z] 2025-08-04 05:00:10 [CLIENT DISCORD] [36m✅ Bot RP en ligne ! Connecté en tant que 293 | Catherine#8045[39m
[2025-08-04T03:00:10.989Z] 2025-08-04 05:00:10 [CLIENT DISCORD] [34m==============================[39m
[34m[39m
[2025-08-04T03:00:11.001Z] 2025-08-04 05:00:11 [CLIENT DISCORD] [player] Initialisation du Player terminée.
[2025-08-04T03:00:11.005Z] 2025-08-04 05:00:11 [CLIENT DISCORD] [player] Extracteurs chargés avec succès.
[2025-08-04T03:00:11.005Z] 2025-08-04 05:00:11 [CLIENT DISCORD] 📥 Serveur trouvé : Georgia State Police (GSP)
[2025-08-04T03:00:11.230Z] 2025-08-04 05:00:11 [CLIENT DISCORD] 🔍 Commandes déjà présentes : play, rules, createreport, div, role, info, pex, openservice, infoshift, recruit, help, ban, ticket, shutdown, userinfo, send, clear, kick, warn, mute, rename, shift, promote
[2025-08-04T03:00:11.230Z] 2025-08-04 05:00:11 [WARN] ⚠️ Les commandes sont déjà enregistrées. Lance avec 'debug' pour forcer l'écrasement.
[2025-08-04T03:00:11.231Z] 2025-08-04 05:00:11 [CLIENT DISCORD] 🎮 Statut et activité mis à jour.
[2025-08-04T03:00:11.231Z] 2025-08-04 05:00:11 [CLIENT DISCORD] 📌 Mode de lancement : [33mAucun[39m
[2025-08-04T03:00:11.231Z] 2025-08-04 05:00:11 [CLIENT DISCORD] ✅ Bot prêt en tant que 293 | Catherine#8045
[2025-08-04T06:00:00.179Z] 2025-08-04 08:00:00 [CLIENT DISCORD] [32m🌅 Tâches du matin exécutées ![39m
[2025-08-04T06:00:00.219Z] 2025-08-04 08:00:00 [CLIENT DISCORD] [Cron] 🕒 Démarrage de la régénération automatique de la hiérarchie (tabs)...
[2025-08-04T06:00:00.229Z] 2025-08-04 08:00:00 [CLIENT DISCORD] [Cron] 🕒 Démarrage de la régénération automatique de la hiérarchie... (div)
[2025-08-04T06:00:00.234Z] 2025-08-04 08:00:00 [CLIENT DISCORD] 🔍 Vérification des règles...
[2025-08-04T06:00:00.248Z] 2025-08-04 08:00:00 [DEBUG] 📦 Checking version from local...
[2025-08-04T06:00:00.252Z] 2025-08-04 08:00:00 [CLIENT DISCORD] 📦 Nom : catherine
[2025-08-04T06:00:00.253Z] 2025-08-04 08:00:00 [CLIENT DISCORD] 🕒 Version locale : 2.1.2
[2025-08-04T06:00:00.254Z] 2025-08-04 08:00:00 [DEBUG] 🌐 Checking version from GitHub...
[2025-08-04T06:00:00.308Z] 2025-08-04 08:00:00 [CLIENT DISCORD] ✅ rules_1.txt inchangé, pas de mise à jour.
[2025-08-04T06:00:00.310Z] 2025-08-04 08:00:00 [CLIENT DISCORD] ✅ rules_2.txt inchangé, pas de mise à jour.
[2025-08-04T06:00:00.311Z] 2025-08-04 08:00:00 [CLIENT DISCORD] ✅ Vérification des règles terminée.
[2025-08-04T06:00:00.390Z] 2025-08-04 08:00:00 [CLIENT DISCORD] [EXPORT] access.json mis à jour avec 13 exécutif(s), 3 superviseur(s) et 2 commandement(s)
[2025-08-04T06:00:00.544Z] 2025-08-04 08:00:00 [CLIENT DISCORD] 📦 Nom GitHub : catherine
[2025-08-04T06:00:00.546Z] 2025-08-04 08:00:00 [CLIENT DISCORD] 🕒 Version distante : 2.1.2
[2025-08-04T06:00:00.547Z] [INFO] 2025-08-04 08:00:00 [ℹ️ INFO NOTIFY] ✅ Les versions sont identiques.
[2025-08-04T06:00:00.782Z] [NOTIFY] 2025-08-04 08:00:00 [🟢 SOFT NOTIFY] Message DIV supprimé
[2025-08-04T06:00:01.080Z] [NOTIFY] 2025-08-04 08:00:01 [🟢 SOFT NOTIFY] Message TABS supprimé
[2025-08-04T06:00:02.341Z] 2025-08-04 08:00:02 [CLIENT DISCORD] [✅] Hiérarchie DIV envoyée.
[2025-08-04T06:00:02.345Z] 2025-08-04 08:00:02 [CLIENT DISCORD] [Cron] 🕒 Fin de la régénération automatique de la hiérarchie.
[2025-08-04T06:00:02.901Z] 2025-08-04 08:00:02 [CLIENT DISCORD] [✅] Hiérarchie TABS envoyée.
[2025-08-04T06:00:02.903Z] 2025-08-04 08:00:02 [CLIENT DISCORD] [Cron] 🕒 Fin de la régénération automatique de la hiérarchie.
[2025-08-04T14:00:00.139Z] 2025-08-04 16:00:00 [CLIENT DISCORD] [32m🌇 Tâches du soir exécutées ![39m
[2025-08-04T14:00:00.160Z] 2025-08-04 16:00:00 [CLIENT DISCORD] [Cron] 🕒 Démarrage de la régénération automatique de la hiérarchie (tabs)...
[2025-08-04T14:00:00.168Z] 2025-08-04 16:00:00 [CLIENT DISCORD] [Cron] 🕒 Démarrage de la régénération automatique de la hiérarchie... (div)
[2025-08-04T14:00:00.170Z] 2025-08-04 16:00:00 [CLIENT DISCORD] 🔍 Vérification des règles...
[2025-08-04T14:00:00.183Z] 2025-08-04 16:00:00 [DEBUG] 📦 Checking version from local...
[2025-08-04T14:00:00.186Z] 2025-08-04 16:00:00 [CLIENT DISCORD] 📦 Nom : catherine
[2025-08-04T14:00:00.187Z] 2025-08-04 16:00:00 [CLIENT DISCORD] 🕒 Version locale : 2.1.2
[2025-08-04T14:00:00.188Z] 2025-08-04 16:00:00 [DEBUG] 🌐 Checking version from GitHub...
[2025-08-04T14:00:00.237Z] 2025-08-04 16:00:00 [CLIENT DISCORD] ✅ rules_1.txt inchangé, pas de mise à jour.
[2025-08-04T14:00:00.239Z] 2025-08-04 16:00:00 [CLIENT DISCORD] ✅ rules_2.txt inchangé, pas de mise à jour.
[2025-08-04T14:00:00.239Z] 2025-08-04 16:00:00 [CLIENT DISCORD] ✅ Vérification des règles terminée.
[2025-08-04T14:00:00.318Z] 2025-08-04 16:00:00 [CLIENT DISCORD] [EXPORT] access.json mis à jour avec 13 exécutif(s), 3 superviseur(s) et 2 commandement(s)
[2025-08-04T14:00:00.495Z] [NOTIFY] 2025-08-04 16:00:00 [🟢 SOFT NOTIFY] Message DIV supprimé
[2025-08-04T14:00:00.518Z] 2025-08-04 16:00:00 [CLIENT DISCORD] 📦 Nom GitHub : catherine
[2025-08-04T14:00:00.519Z] 2025-08-04 16:00:00 [CLIENT DISCORD] 🕒 Version distante : 2.1.2
[2025-08-04T14:00:00.520Z] [INFO] 2025-08-04 16:00:00 [ℹ️ INFO NOTIFY] ✅ Les versions sont identiques.
[2025-08-04T14:00:00.818Z] [NOTIFY] 2025-08-04 16:00:00 [🟢 SOFT NOTIFY] Message TABS supprimé
[2025-08-04T14:00:02.332Z] 2025-08-04 16:00:02 [CLIENT DISCORD] [✅] Hiérarchie DIV envoyée.
[2025-08-04T14:00:02.338Z] 2025-08-04 16:00:02 [CLIENT DISCORD] [Cron] 🕒 Fin de la régénération automatique de la hiérarchie.
[2025-08-04T14:00:02.696Z] 2025-08-04 16:00:02 [CLIENT DISCORD] [✅] Hiérarchie TABS envoyée.
[2025-08-04T14:00:02.697Z] 2025-08-04 16:00:02 [CLIENT DISCORD] [Cron] 🕒 Fin de la régénération automatique de la hiérarchie.
