[2025-07-23T03:00:00.161Z] 2025-07-23 05:00:00 [CLIENT DISCORD] [32m🌙 Tâches de la nuit exécutées ![39m
[2025-07-23T03:00:00.202Z] 2025-07-23 05:00:00 [DEBUG] 📦 Checking version from local...
[2025-07-23T03:00:00.205Z] 2025-07-23 05:00:00 [CLIENT DISCORD] 📦 Nom : catherine
[2025-07-23T03:00:00.206Z] 2025-07-23 05:00:00 [CLIENT DISCORD] 🕒 Version locale : 2.1.2
[2025-07-23T03:00:00.207Z] 2025-07-23 05:00:00 [DEBUG] 🌐 Checking version from GitHub...
[2025-07-23T03:00:00.213Z] 2025-07-23 05:00:00 [WARN] [REBOOT] Attention, Catherine redémarre (checker les logs). Instruction reboot.js
[2025-07-23T03:00:08.887Z] 2025-07-23 05:00:08 [CLIENT DISCORD] Les modules [32mloggers[39m ont correctement été exportés.
[2025-07-23T03:00:08.919Z] [EVENT] 2025-07-23 05:00:08 [📅 EVENT NOTIFY] Chargé : guildBanAdd
[2025-07-23T03:00:08.921Z] [EVENT] 2025-07-23 05:00:08 [📅 EVENT NOTIFY] Chargé : guildBanRemove
[2025-07-23T03:00:08.922Z] [EVENT] 2025-07-23 05:00:08 [📅 EVENT NOTIFY] Chargé : guildMemberAdd
[2025-07-23T03:00:08.924Z] [EVENT] 2025-07-23 05:00:08 [📅 EVENT NOTIFY] Chargé : guildMemberRemove
[2025-07-23T03:00:08.927Z] 2025-07-23 05:00:08 [CLIENT DISCORD] Les modules  [32mutils.js[39m [0m ont correctement été exporté.[0m
[2025-07-23T03:00:09.951Z] 2025-07-23 05:00:09 [CLIENT DISCORD] L'interaction  [32mbuttons.js[39m [0m ont correctement été exporté.[0m
[2025-07-23T03:00:10.303Z] 2025-07-23 05:00:10 [CLIENT DISCORD] L'interaction  [32mmodals.js[39m [0m ont correctement été exporté.[0m
[2025-07-23T03:00:10.304Z] [EVENT] 2025-07-23 05:00:10 [📅 EVENT NOTIFY] Chargé : interactionCreate
[2025-07-23T03:00:10.307Z] [EVENT] 2025-07-23 05:00:10 [📅 EVENT NOTIFY] Chargé : messageCreate
[2025-07-23T03:00:10.309Z] [EVENT] 2025-07-23 05:00:10 [📅 EVENT NOTIFY] Chargé : messageDelete
[2025-07-23T03:00:10.311Z] [EVENT] 2025-07-23 05:00:10 [📅 EVENT NOTIFY] Chargé : messageUpdate
[2025-07-23T03:00:10.341Z] 2025-07-23 05:00:10 [CLIENT DISCORD] Les modules  [32mcommands.js[39m [0m ont correctement été exporté.[0m
[2025-07-23T03:00:10.363Z] [EVENT] 2025-07-23 05:00:10 [📅 EVENT NOTIFY] Chargé : ready
[2025-07-23T03:00:10.364Z] [EVENT] 2025-07-23 05:00:10 [📅 EVENT NOTIFY] Chargé : voiceStateUpdate
[2025-07-23T03:00:10.373Z] [COMMANDS] 2025-07-23 05:00:10 [📌 COMMANDS NOTIFY] Chargée : ban
[2025-07-23T03:00:10.374Z] [COMMANDS] 2025-07-23 05:00:10 [📌 COMMANDS NOTIFY] Chargée : clear
[2025-07-23T03:00:10.376Z] [COMMANDS] 2025-07-23 05:00:10 [📌 COMMANDS NOTIFY] Chargée : createreport
[2025-07-23T03:00:10.378Z] [COMMANDS] 2025-07-23 05:00:10 [📌 COMMANDS NOTIFY] Chargée : div
[2025-07-23T03:00:10.379Z] [COMMANDS] 2025-07-23 05:00:10 [📌 COMMANDS NOTIFY] Chargée : help
[2025-07-23T03:00:10.381Z] [COMMANDS] 2025-07-23 05:00:10 [📌 COMMANDS NOTIFY] Chargée : info
[2025-07-23T03:00:10.384Z] [COMMANDS] 2025-07-23 05:00:10 [📌 COMMANDS NOTIFY] Chargée : infoshift
[2025-07-23T03:00:10.386Z] [COMMANDS] 2025-07-23 05:00:10 [📌 COMMANDS NOTIFY] Chargée : kick
[2025-07-23T03:00:10.389Z] [COMMANDS] 2025-07-23 05:00:10 [📌 COMMANDS NOTIFY] Chargée : mute
[2025-07-23T03:00:10.391Z] [COMMANDS] 2025-07-23 05:00:10 [📌 COMMANDS NOTIFY] Chargée : openservice
[2025-07-23T03:00:10.394Z] [COMMANDS] 2025-07-23 05:00:10 [📌 COMMANDS NOTIFY] Chargée : pex
[2025-07-23T03:00:10.438Z] [COMMANDS] 2025-07-23 05:00:10 [📌 COMMANDS NOTIFY] Chargée : play
[2025-07-23T03:00:10.439Z] [COMMANDS] 2025-07-23 05:00:10 [📌 COMMANDS NOTIFY] Chargée : promote
[2025-07-23T03:00:10.442Z] [COMMANDS] 2025-07-23 05:00:10 [📌 COMMANDS NOTIFY] Chargée : recruit
[2025-07-23T03:00:10.443Z] [COMMANDS] 2025-07-23 05:00:10 [📌 COMMANDS NOTIFY] Chargée : rename
[2025-07-23T03:00:10.445Z] [COMMANDS] 2025-07-23 05:00:10 [📌 COMMANDS NOTIFY] Chargée : role
[2025-07-23T03:00:10.446Z] [COMMANDS] 2025-07-23 05:00:10 [📌 COMMANDS NOTIFY] Chargée : send
[2025-07-23T03:00:10.449Z] [COMMANDS] 2025-07-23 05:00:10 [📌 COMMANDS NOTIFY] Chargée : shift
[2025-07-23T03:00:10.452Z] [COMMANDS] 2025-07-23 05:00:10 [📌 COMMANDS NOTIFY] Chargée : ticket
[2025-07-23T03:00:10.453Z] [COMMANDS] 2025-07-23 05:00:10 [📌 COMMANDS NOTIFY] Chargée : userinfo
[2025-07-23T03:00:10.456Z] [COMMANDS] 2025-07-23 05:00:10 [📌 COMMANDS NOTIFY] Chargée : warn
[2025-07-23T03:00:10.462Z] 2025-07-23 05:00:10 [CLIENT DISCORD] [42m[30mChargement des informations du package.[39m[49m
[42m[30m[39m[49m [46m[PACKAGE][49m [32mAuth. : François 🌸[39m
[32m[39m [46m[PACKAGE][49m [32mDepd. : axios, chalk, cron, discord-html-transcripts, discord-player, discord.js, distube, dotenv, express, express-session, form-data, fs, googleapis, luxon, node-cron, node-fetch, ora, patch, path, pdf-lib, pdfkit, play-dl, readline, rl, uuid[39m
[32m[39m [46m[PACKAGE][49m [32mDesc. : Official Bot Catherine for 911 Community.[39m
[32m[39m [46m[PACKAGE][49m [32mLisc. : ISC[39m
[32m[39m [46m[PACKAGE][49m [32mMain. : index.js[39m
[32m[39m [46m[PACKAGE][49m [32mName. : catherine[39m
[32m[39m [46m[PACKAGE][49m [32mScrp. : {"test":"echo \"Error: no test specified\" && exit 1","start":"node server.js"}[39m
[32m[39m [46m[PACKAGE][49m [32mVers. : 2.1.2[39m
[32m[39m [46m[PACKAGE][49m [32mPatch Note. : **[PN - 07/06]** *Passage 2.0 with new patch (shift, tabs... new commands handler)*[39m
[32m[39m
[2025-07-23T03:00:11.915Z] 2025-07-23 05:00:11 [DEBUG] 📦 Checking version from local...
[2025-07-23T03:00:11.916Z] 2025-07-23 05:00:11 [CLIENT DISCORD] 📦 Nom : catherine
[2025-07-23T03:00:11.916Z] 2025-07-23 05:00:11 [CLIENT DISCORD] 🕒 Version locale : 2.1.2
[2025-07-23T03:00:11.916Z] 2025-07-23 05:00:11 [DEBUG] 🌐 Checking version from GitHub...
[2025-07-23T03:00:12.144Z] 2025-07-23 05:00:12 [CLIENT DISCORD] 📦 Nom GitHub : catherine
[2025-07-23T03:00:12.145Z] 2025-07-23 05:00:12 [CLIENT DISCORD] 🕒 Version distante : 2.1.2
[2025-07-23T03:00:12.147Z] [INFO] 2025-07-23 05:00:12 [ℹ️ INFO NOTIFY] ✅ Les versions sont identiques.
[2025-07-23T03:00:12.148Z] 2025-07-23 05:00:12 [CLIENT DISCORD] [34m==============================[39m
[2025-07-23T03:00:12.149Z] 2025-07-23 05:00:12 [CLIENT DISCORD] [32m🚀 Démarrage du bot...[39m
[2025-07-23T03:00:12.149Z] 2025-07-23 05:00:12 [CLIENT DISCORD] [33m🔗 Connexion à Discord API...[39m
[2025-07-23T03:00:12.149Z] 2025-07-23 05:00:12 [CLIENT DISCORD] [36m✅ Bot RP en ligne ! Connecté en tant que 293 | Catherine#8045[39m
[2025-07-23T03:00:12.149Z] 2025-07-23 05:00:12 [CLIENT DISCORD] [34m==============================[39m
[34m[39m
[2025-07-23T03:00:12.158Z] 2025-07-23 05:00:12 [CLIENT DISCORD] [player] Initialisation du Player terminée.
[2025-07-23T03:00:12.162Z] 2025-07-23 05:00:12 [CLIENT DISCORD] [player] Extracteurs chargés avec succès.
[2025-07-23T03:00:12.162Z] 2025-07-23 05:00:12 [CLIENT DISCORD] 📥 Serveur trouvé : Georgia State Police (GSP)
[2025-07-23T03:00:12.771Z] 2025-07-23 05:00:12 [CLIENT DISCORD] 🔍 Commandes déjà présentes : play, rules, createreport, div, role, info, pex, openservice, infoshift, recruit, help, ban, ticket, shutdown, userinfo, send, clear, kick, warn, mute, rename, shift, promote
[2025-07-23T03:00:12.772Z] 2025-07-23 05:00:12 [WARN] ⚠️ Les commandes sont déjà enregistrées. Lance avec 'debug' pour forcer l'écrasement.
[2025-07-23T03:00:12.772Z] 2025-07-23 05:00:12 [CLIENT DISCORD] 🎮 Statut et activité mis à jour.
[2025-07-23T03:00:12.772Z] 2025-07-23 05:00:12 [CLIENT DISCORD] 📌 Mode de lancement : [33mAucun[39m
[2025-07-23T03:00:12.772Z] 2025-07-23 05:00:12 [CLIENT DISCORD] ✅ Bot prêt en tant que 293 | Catherine#8045
[2025-07-23T06:00:00.129Z] 2025-07-23 08:00:00 [CLIENT DISCORD] [32m🌅 Tâches du matin exécutées ![39m
[2025-07-23T06:00:00.163Z] 2025-07-23 08:00:00 [CLIENT DISCORD] [Cron] 🕒 Démarrage de la régénération automatique de la hiérarchie (tabs)...
[2025-07-23T06:00:00.170Z] 2025-07-23 08:00:00 [CLIENT DISCORD] [Cron] 🕒 Démarrage de la régénération automatique de la hiérarchie... (div)
[2025-07-23T06:00:00.174Z] 2025-07-23 08:00:00 [CLIENT DISCORD] 🔍 Vérification des règles...
[2025-07-23T06:00:00.188Z] 2025-07-23 08:00:00 [DEBUG] 📦 Checking version from local...
[2025-07-23T06:00:00.190Z] 2025-07-23 08:00:00 [CLIENT DISCORD] 📦 Nom : catherine
[2025-07-23T06:00:00.190Z] 2025-07-23 08:00:00 [CLIENT DISCORD] 🕒 Version locale : 2.1.2
[2025-07-23T06:00:00.191Z] 2025-07-23 08:00:00 [DEBUG] 🌐 Checking version from GitHub...
[2025-07-23T06:00:00.232Z] 2025-07-23 08:00:00 [CLIENT DISCORD] ✅ rules_1.txt inchangé, pas de mise à jour.
[2025-07-23T06:00:00.234Z] 2025-07-23 08:00:00 [CLIENT DISCORD] ✅ rules_2.txt inchangé, pas de mise à jour.
[2025-07-23T06:00:00.235Z] 2025-07-23 08:00:00 [CLIENT DISCORD] ✅ Vérification des règles terminée.
[2025-07-23T06:00:00.345Z] 2025-07-23 08:00:00 [CLIENT DISCORD] [EXPORT] access.json mis à jour avec 13 exécutif(s), 3 superviseur(s) et 2 commandement(s)
[2025-07-23T06:00:00.448Z] 2025-07-23 08:00:00 [CLIENT DISCORD] 📦 Nom GitHub : catherine
[2025-07-23T06:00:00.449Z] 2025-07-23 08:00:00 [CLIENT DISCORD] 🕒 Version distante : 2.1.2
[2025-07-23T06:00:00.451Z] [INFO] 2025-07-23 08:00:00 [ℹ️ INFO NOTIFY] ✅ Les versions sont identiques.
[2025-07-23T06:00:01.015Z] [NOTIFY] 2025-07-23 08:00:01 [🟢 SOFT NOTIFY] Message DIV supprimé
[2025-07-23T06:00:01.294Z] [NOTIFY] 2025-07-23 08:00:01 [🟢 SOFT NOTIFY] Message TABS supprimé
[2025-07-23T06:00:02.377Z] 2025-07-23 08:00:02 [CLIENT DISCORD] [✅] Hiérarchie DIV envoyée.
[2025-07-23T06:00:02.393Z] 2025-07-23 08:00:02 [CLIENT DISCORD] [Cron] 🕒 Fin de la régénération automatique de la hiérarchie.
[2025-07-23T06:00:03.351Z] 2025-07-23 08:00:03 [CLIENT DISCORD] [✅] Hiérarchie TABS envoyée.
[2025-07-23T06:00:03.357Z] 2025-07-23 08:00:03 [CLIENT DISCORD] [Cron] 🕒 Fin de la régénération automatique de la hiérarchie.
[2025-07-23T14:00:00.147Z] 2025-07-23 16:00:00 [CLIENT DISCORD] [32m🌇 Tâches du soir exécutées ![39m
[2025-07-23T14:00:00.171Z] 2025-07-23 16:00:00 [CLIENT DISCORD] [Cron] 🕒 Démarrage de la régénération automatique de la hiérarchie (tabs)...
[2025-07-23T14:00:00.180Z] 2025-07-23 16:00:00 [CLIENT DISCORD] [Cron] 🕒 Démarrage de la régénération automatique de la hiérarchie... (div)
[2025-07-23T14:00:00.184Z] 2025-07-23 16:00:00 [CLIENT DISCORD] 🔍 Vérification des règles...
[2025-07-23T14:00:00.203Z] 2025-07-23 16:00:00 [DEBUG] 📦 Checking version from local...
[2025-07-23T14:00:00.206Z] 2025-07-23 16:00:00 [CLIENT DISCORD] 📦 Nom : catherine
[2025-07-23T14:00:00.207Z] 2025-07-23 16:00:00 [CLIENT DISCORD] 🕒 Version locale : 2.1.2
[2025-07-23T14:00:00.208Z] 2025-07-23 16:00:00 [DEBUG] 🌐 Checking version from GitHub...
[2025-07-23T14:00:00.313Z] 2025-07-23 16:00:00 [CLIENT DISCORD] ✅ rules_1.txt inchangé, pas de mise à jour.
[2025-07-23T14:00:00.316Z] 2025-07-23 16:00:00 [CLIENT DISCORD] ✅ rules_2.txt inchangé, pas de mise à jour.
[2025-07-23T14:00:00.320Z] 2025-07-23 16:00:00 [CLIENT DISCORD] ✅ Vérification des règles terminée.
[2025-07-23T14:00:00.347Z] 2025-07-23 16:00:00 [CLIENT DISCORD] [EXPORT] access.json mis à jour avec 13 exécutif(s), 3 superviseur(s) et 2 commandement(s)
[2025-07-23T14:00:00.639Z] [NOTIFY] 2025-07-23 16:00:00 [🟢 SOFT NOTIFY] Message DIV supprimé
[2025-07-23T14:00:00.743Z] 2025-07-23 16:00:00 [CLIENT DISCORD] 📦 Nom GitHub : catherine
[2025-07-23T14:00:00.744Z] 2025-07-23 16:00:00 [CLIENT DISCORD] 🕒 Version distante : 2.1.2
[2025-07-23T14:00:00.745Z] [INFO] 2025-07-23 16:00:00 [ℹ️ INFO NOTIFY] ✅ Les versions sont identiques.
[2025-07-23T14:00:00.915Z] [NOTIFY] 2025-07-23 16:00:00 [🟢 SOFT NOTIFY] Message TABS supprimé
[2025-07-23T14:00:01.931Z] 2025-07-23 16:00:01 [CLIENT DISCORD] ✅ Données écrites dans config.json
[2025-07-23T14:00:04.365Z] 2025-07-23 16:00:04 [CLIENT DISCORD] [✅] Hiérarchie DIV envoyée.
[2025-07-23T14:00:04.368Z] 2025-07-23 16:00:04 [CLIENT DISCORD] [Cron] 🕒 Fin de la régénération automatique de la hiérarchie.
[2025-07-23T14:00:05.383Z] 2025-07-23 16:00:05 [CLIENT DISCORD] [✅] Hiérarchie TABS envoyée.
[2025-07-23T14:00:05.385Z] 2025-07-23 16:00:05 [CLIENT DISCORD] [Cron] 🕒 Fin de la régénération automatique de la hiérarchie.
