[2025-08-30T03:00:00.126Z] 2025-08-30 05:00:00 [CLIENT DISCORD] [32m🌙 Tâches de la nuit exécutées ![39m
[2025-08-30T03:00:00.160Z] 2025-08-30 05:00:00 [DEBUG] 📦 Checking version from local...
[2025-08-30T03:00:00.162Z] 2025-08-30 05:00:00 [CLIENT DISCORD] 📦 Nom : catherine
[2025-08-30T03:00:00.163Z] 2025-08-30 05:00:00 [CLIENT DISCORD] 🕒 Version locale : 2.1.2
[2025-08-30T03:00:00.164Z] 2025-08-30 05:00:00 [DEBUG] 🌐 Checking version from GitHub...
[2025-08-30T03:00:00.170Z] 2025-08-30 05:00:00 [WARN] [REBOOT] Attention, Catherine redémarre (checker les logs). Instruction reboot.js
[2025-08-30T03:00:08.188Z] 2025-08-30 05:00:08 [CLIENT DISCORD] Les modules [32mloggers[39m ont correctement été exportés.
[2025-08-30T03:00:08.229Z] [EVENT] 2025-08-30 05:00:08 [📅 EVENT NOTIFY] Chargé : guildBanAdd
[2025-08-30T03:00:08.231Z] [EVENT] 2025-08-30 05:00:08 [📅 EVENT NOTIFY] Chargé : guildBanRemove
[2025-08-30T03:00:08.233Z] [EVENT] 2025-08-30 05:00:08 [📅 EVENT NOTIFY] Chargé : guildMemberAdd
[2025-08-30T03:00:08.235Z] [EVENT] 2025-08-30 05:00:08 [📅 EVENT NOTIFY] Chargé : guildMemberRemove
[2025-08-30T03:00:08.238Z] 2025-08-30 05:00:08 [CLIENT DISCORD] Les modules  [32mutils.js[39m [0m ont correctement été exporté.[0m
[2025-08-30T03:00:09.205Z] 2025-08-30 05:00:09 [CLIENT DISCORD] L'interaction  [32mbuttons.js[39m [0m ont correctement été exporté.[0m
[2025-08-30T03:00:09.420Z] 2025-08-30 05:00:09 [CLIENT DISCORD] L'interaction  [32mmodals.js[39m [0m ont correctement été exporté.[0m
[2025-08-30T03:00:09.422Z] [EVENT] 2025-08-30 05:00:09 [📅 EVENT NOTIFY] Chargé : interactionCreate
[2025-08-30T03:00:09.423Z] [EVENT] 2025-08-30 05:00:09 [📅 EVENT NOTIFY] Chargé : messageCreate
[2025-08-30T03:00:09.425Z] [EVENT] 2025-08-30 05:00:09 [📅 EVENT NOTIFY] Chargé : messageDelete
[2025-08-30T03:00:09.427Z] [EVENT] 2025-08-30 05:00:09 [📅 EVENT NOTIFY] Chargé : messageUpdate
[2025-08-30T03:00:09.439Z] 2025-08-30 05:00:09 [CLIENT DISCORD] Les modules  [32mcommands.js[39m [0m ont correctement été exporté.[0m
[2025-08-30T03:00:09.451Z] [EVENT] 2025-08-30 05:00:09 [📅 EVENT NOTIFY] Chargé : ready
[2025-08-30T03:00:09.452Z] [EVENT] 2025-08-30 05:00:09 [📅 EVENT NOTIFY] Chargé : voiceStateUpdate
[2025-08-30T03:00:09.456Z] [COMMANDS] 2025-08-30 05:00:09 [📌 COMMANDS NOTIFY] Chargée : ban
[2025-08-30T03:00:09.458Z] [COMMANDS] 2025-08-30 05:00:09 [📌 COMMANDS NOTIFY] Chargée : clear
[2025-08-30T03:00:09.459Z] [COMMANDS] 2025-08-30 05:00:09 [📌 COMMANDS NOTIFY] Chargée : createreport
[2025-08-30T03:00:09.461Z] [COMMANDS] 2025-08-30 05:00:09 [📌 COMMANDS NOTIFY] Chargée : div
[2025-08-30T03:00:09.462Z] [COMMANDS] 2025-08-30 05:00:09 [📌 COMMANDS NOTIFY] Chargée : help
[2025-08-30T03:00:09.464Z] [COMMANDS] 2025-08-30 05:00:09 [📌 COMMANDS NOTIFY] Chargée : info
[2025-08-30T03:00:09.465Z] [COMMANDS] 2025-08-30 05:00:09 [📌 COMMANDS NOTIFY] Chargée : infoshift
[2025-08-30T03:00:09.467Z] [COMMANDS] 2025-08-30 05:00:09 [📌 COMMANDS NOTIFY] Chargée : kick
[2025-08-30T03:00:09.469Z] [COMMANDS] 2025-08-30 05:00:09 [📌 COMMANDS NOTIFY] Chargée : mute
[2025-08-30T03:00:09.471Z] [COMMANDS] 2025-08-30 05:00:09 [📌 COMMANDS NOTIFY] Chargée : openservice
[2025-08-30T03:00:09.472Z] [COMMANDS] 2025-08-30 05:00:09 [📌 COMMANDS NOTIFY] Chargée : pex
[2025-08-30T03:00:09.481Z] [COMMANDS] 2025-08-30 05:00:09 [📌 COMMANDS NOTIFY] Chargée : play
[2025-08-30T03:00:09.483Z] [COMMANDS] 2025-08-30 05:00:09 [📌 COMMANDS NOTIFY] Chargée : promote
[2025-08-30T03:00:09.485Z] [COMMANDS] 2025-08-30 05:00:09 [📌 COMMANDS NOTIFY] Chargée : recruit
[2025-08-30T03:00:09.486Z] [COMMANDS] 2025-08-30 05:00:09 [📌 COMMANDS NOTIFY] Chargée : rename
[2025-08-30T03:00:09.488Z] [COMMANDS] 2025-08-30 05:00:09 [📌 COMMANDS NOTIFY] Chargée : role
[2025-08-30T03:00:09.489Z] [COMMANDS] 2025-08-30 05:00:09 [📌 COMMANDS NOTIFY] Chargée : send
[2025-08-30T03:00:09.491Z] [COMMANDS] 2025-08-30 05:00:09 [📌 COMMANDS NOTIFY] Chargée : shift
[2025-08-30T03:00:09.493Z] [COMMANDS] 2025-08-30 05:00:09 [📌 COMMANDS NOTIFY] Chargée : ticket
[2025-08-30T03:00:09.495Z] [COMMANDS] 2025-08-30 05:00:09 [📌 COMMANDS NOTIFY] Chargée : userinfo
[2025-08-30T03:00:09.496Z] [COMMANDS] 2025-08-30 05:00:09 [📌 COMMANDS NOTIFY] Chargée : warn
[2025-08-30T03:00:09.501Z] 2025-08-30 05:00:09 [CLIENT DISCORD] [42m[30mChargement des informations du package.[39m[49m
[42m[30m[39m[49m [46m[PACKAGE][49m [32mAuth. : François 🌸[39m
[32m[39m [46m[PACKAGE][49m [32mDepd. : axios, chalk, cron, discord-html-transcripts, discord-player, discord.js, distube, dotenv, express, express-session, form-data, fs, googleapis, luxon, node-cron, node-fetch, ora, patch, path, pdf-lib, pdfkit, play-dl, readline, rl, uuid[39m
[32m[39m [46m[PACKAGE][49m [32mDesc. : Official Bot Catherine for 911 Community.[39m
[32m[39m [46m[PACKAGE][49m [32mLisc. : ISC[39m
[32m[39m [46m[PACKAGE][49m [32mMain. : index.js[39m
[32m[39m [46m[PACKAGE][49m [32mName. : catherine[39m
[32m[39m [46m[PACKAGE][49m [32mScrp. : {"test":"echo \"Error: no test specified\" && exit 1","start":"node server.js"}[39m
[32m[39m [46m[PACKAGE][49m [32mVers. : 2.1.2[39m
[32m[39m [46m[PACKAGE][49m [32mPatch Note. : **[PN - 07/06]** *Passage 2.0 with new patch (shift, tabs... new commands handler)*[39m
[32m[39m
[2025-08-30T03:00:12.300Z] 2025-08-30 05:00:12 [DEBUG] 📦 Checking version from local...
[2025-08-30T03:00:12.301Z] 2025-08-30 05:00:12 [CLIENT DISCORD] 📦 Nom : catherine
[2025-08-30T03:00:12.302Z] 2025-08-30 05:00:12 [CLIENT DISCORD] 🕒 Version locale : 2.1.2
[2025-08-30T03:00:12.303Z] 2025-08-30 05:00:12 [DEBUG] 🌐 Checking version from GitHub...
[2025-08-30T03:00:12.573Z] 2025-08-30 05:00:12 [CLIENT DISCORD] 📦 Nom GitHub : catherine
[2025-08-30T03:00:12.574Z] 2025-08-30 05:00:12 [CLIENT DISCORD] 🕒 Version distante : 2.1.2
[2025-08-30T03:00:12.575Z] [INFO] 2025-08-30 05:00:12 [ℹ️ INFO NOTIFY] ✅ Les versions sont identiques.
[2025-08-30T03:00:12.576Z] 2025-08-30 05:00:12 [CLIENT DISCORD] [34m==============================[39m
[2025-08-30T03:00:12.577Z] 2025-08-30 05:00:12 [CLIENT DISCORD] [32m🚀 Démarrage du bot...[39m
[2025-08-30T03:00:12.578Z] 2025-08-30 05:00:12 [CLIENT DISCORD] [33m🔗 Connexion à Discord API...[39m
[2025-08-30T03:00:12.579Z] 2025-08-30 05:00:12 [CLIENT DISCORD] [36m✅ Bot RP en ligne ! Connecté en tant que 293 | Catherine#8045[39m
[2025-08-30T03:00:12.580Z] 2025-08-30 05:00:12 [CLIENT DISCORD] [34m==============================[39m
[34m[39m
[2025-08-30T03:00:12.590Z] 2025-08-30 05:00:12 [CLIENT DISCORD] [player] Initialisation du Player terminée.
[2025-08-30T03:00:12.594Z] 2025-08-30 05:00:12 [CLIENT DISCORD] [player] Extracteurs chargés avec succès.
[2025-08-30T03:00:12.596Z] 2025-08-30 05:00:12 [CLIENT DISCORD] 📥 Serveur trouvé : Georgia State Police (GSP)
[2025-08-30T03:00:12.932Z] 2025-08-30 05:00:12 [CLIENT DISCORD] 🔍 Commandes déjà présentes : play, rules, createreport, div, role, info, pex, openservice, infoshift, recruit, help, ban, ticket, shutdown, userinfo, send, clear, kick, warn, mute, rename, shift, promote
[2025-08-30T03:00:12.933Z] 2025-08-30 05:00:12 [WARN] ⚠️ Les commandes sont déjà enregistrées. Lance avec 'debug' pour forcer l'écrasement.
[2025-08-30T03:00:12.933Z] 2025-08-30 05:00:12 [CLIENT DISCORD] 🎮 Statut et activité mis à jour.
[2025-08-30T03:00:12.933Z] 2025-08-30 05:00:12 [CLIENT DISCORD] 📌 Mode de lancement : [33mAucun[39m
[2025-08-30T03:00:12.934Z] 2025-08-30 05:00:12 [CLIENT DISCORD] ✅ Bot prêt en tant que 293 | Catherine#8045
[2025-08-30T06:00:00.153Z] 2025-08-30 08:00:00 [CLIENT DISCORD] [32m🌅 Tâches du matin exécutées ![39m
[2025-08-30T06:00:00.180Z] 2025-08-30 08:00:00 [CLIENT DISCORD] [Cron] 🕒 Démarrage de la régénération automatique de la hiérarchie (tabs)...
[2025-08-30T06:00:00.187Z] 2025-08-30 08:00:00 [CLIENT DISCORD] [Cron] 🕒 Démarrage de la régénération automatique de la hiérarchie... (div)
[2025-08-30T06:00:00.191Z] 2025-08-30 08:00:00 [CLIENT DISCORD] 🔍 Vérification des règles...
[2025-08-30T06:00:00.207Z] 2025-08-30 08:00:00 [DEBUG] 📦 Checking version from local...
[2025-08-30T06:00:00.211Z] 2025-08-30 08:00:00 [CLIENT DISCORD] 📦 Nom : catherine
[2025-08-30T06:00:00.212Z] 2025-08-30 08:00:00 [CLIENT DISCORD] 🕒 Version locale : 2.1.2
[2025-08-30T06:00:00.214Z] 2025-08-30 08:00:00 [DEBUG] 🌐 Checking version from GitHub...
[2025-08-30T06:00:00.271Z] 2025-08-30 08:00:00 [CLIENT DISCORD] ✅ rules_1.txt inchangé, pas de mise à jour.
[2025-08-30T06:00:00.273Z] 2025-08-30 08:00:00 [CLIENT DISCORD] ✅ rules_2.txt inchangé, pas de mise à jour.
[2025-08-30T06:00:00.273Z] 2025-08-30 08:00:00 [CLIENT DISCORD] ✅ Vérification des règles terminée.
[2025-08-30T06:00:00.360Z] 2025-08-30 08:00:00 [CLIENT DISCORD] [EXPORT] access.json mis à jour avec 13 exécutif(s), 3 superviseur(s) et 2 commandement(s)
[2025-08-30T06:00:00.560Z] 2025-08-30 08:00:00 [CLIENT DISCORD] 📦 Nom GitHub : catherine
[2025-08-30T06:00:00.561Z] 2025-08-30 08:00:00 [CLIENT DISCORD] 🕒 Version distante : 2.1.2
[2025-08-30T06:00:00.561Z] [INFO] 2025-08-30 08:00:00 [ℹ️ INFO NOTIFY] ✅ Les versions sont identiques.
[2025-08-30T06:00:00.958Z] [NOTIFY] 2025-08-30 08:00:00 [🟢 SOFT NOTIFY] Message DIV supprimé
[2025-08-30T06:00:01.265Z] [NOTIFY] 2025-08-30 08:00:01 [🟢 SOFT NOTIFY] Message TABS supprimé
[2025-08-30T06:00:02.088Z] 2025-08-30 08:00:02 [CLIENT DISCORD] [✅] Hiérarchie DIV envoyée.
[2025-08-30T06:00:02.089Z] 2025-08-30 08:00:02 [CLIENT DISCORD] [Cron] 🕒 Fin de la régénération automatique de la hiérarchie.
[2025-08-30T06:00:02.431Z] 2025-08-30 08:00:02 [CLIENT DISCORD] [✅] Hiérarchie TABS envoyée.
[2025-08-30T06:00:02.437Z] 2025-08-30 08:00:02 [CLIENT DISCORD] [Cron] 🕒 Fin de la régénération automatique de la hiérarchie.
[2025-08-30T14:00:00.140Z] 2025-08-30 16:00:00 [CLIENT DISCORD] [32m🌇 Tâches du soir exécutées ![39m
[2025-08-30T14:00:00.158Z] 2025-08-30 16:00:00 [CLIENT DISCORD] [Cron] 🕒 Démarrage de la régénération automatique de la hiérarchie (tabs)...
[2025-08-30T14:00:00.163Z] 2025-08-30 16:00:00 [CLIENT DISCORD] [Cron] 🕒 Démarrage de la régénération automatique de la hiérarchie... (div)
[2025-08-30T14:00:00.165Z] 2025-08-30 16:00:00 [CLIENT DISCORD] 🔍 Vérification des règles...
[2025-08-30T14:00:00.175Z] 2025-08-30 16:00:00 [DEBUG] 📦 Checking version from local...
[2025-08-30T14:00:00.179Z] 2025-08-30 16:00:00 [CLIENT DISCORD] 📦 Nom : catherine
[2025-08-30T14:00:00.180Z] 2025-08-30 16:00:00 [CLIENT DISCORD] 🕒 Version locale : 2.1.2
[2025-08-30T14:00:00.181Z] 2025-08-30 16:00:00 [DEBUG] 🌐 Checking version from GitHub...
[2025-08-30T14:00:00.239Z] 2025-08-30 16:00:00 [CLIENT DISCORD] ✅ rules_1.txt inchangé, pas de mise à jour.
[2025-08-30T14:00:00.240Z] 2025-08-30 16:00:00 [CLIENT DISCORD] ✅ rules_2.txt inchangé, pas de mise à jour.
[2025-08-30T14:00:00.241Z] 2025-08-30 16:00:00 [CLIENT DISCORD] ✅ Vérification des règles terminée.
[2025-08-30T14:00:00.303Z] 2025-08-30 16:00:00 [CLIENT DISCORD] [EXPORT] access.json mis à jour avec 13 exécutif(s), 3 superviseur(s) et 2 commandement(s)
[2025-08-30T14:00:00.482Z] 2025-08-30 16:00:00 [CLIENT DISCORD] 📦 Nom GitHub : catherine
[2025-08-30T14:00:00.482Z] 2025-08-30 16:00:00 [CLIENT DISCORD] 🕒 Version distante : 2.1.2
[2025-08-30T14:00:00.483Z] [INFO] 2025-08-30 16:00:00 [ℹ️ INFO NOTIFY] ✅ Les versions sont identiques.
[2025-08-30T14:00:00.501Z] [NOTIFY] 2025-08-30 16:00:00 [🟢 SOFT NOTIFY] Message DIV supprimé
[2025-08-30T14:00:00.820Z] [NOTIFY] 2025-08-30 16:00:00 [🟢 SOFT NOTIFY] Message TABS supprimé
[2025-08-30T14:00:02.747Z] 2025-08-30 16:00:02 [CLIENT DISCORD] [✅] Hiérarchie DIV envoyée.
[2025-08-30T14:00:02.748Z] 2025-08-30 16:00:02 [CLIENT DISCORD] [Cron] 🕒 Fin de la régénération automatique de la hiérarchie.
[2025-08-30T14:00:03.003Z] 2025-08-30 16:00:03 [CLIENT DISCORD] [✅] Hiérarchie TABS envoyée.
[2025-08-30T14:00:03.005Z] 2025-08-30 16:00:03 [CLIENT DISCORD] [Cron] 🕒 Fin de la régénération automatique de la hiérarchie.
