[2025-09-02T03:00:00.201Z] 2025-09-02 05:00:00 [CLIENT DISCORD] [32m🌙 Tâches de la nuit exécutées ![39m
[2025-09-02T03:00:00.250Z] 2025-09-02 05:00:00 [DEBUG] 📦 Checking version from local...
[2025-09-02T03:00:00.253Z] 2025-09-02 05:00:00 [CLIENT DISCORD] 📦 Nom : catherine
[2025-09-02T03:00:00.254Z] 2025-09-02 05:00:00 [CLIENT DISCORD] 🕒 Version locale : 2.1.2
[2025-09-02T03:00:00.255Z] 2025-09-02 05:00:00 [DEBUG] 🌐 Checking version from GitHub...
[2025-09-02T03:00:00.324Z] 2025-09-02 05:00:00 [WARN] [REBOOT] Attention, Catherine redémarre (checker les logs). Instruction reboot.js
[2025-09-02T03:00:08.445Z] 2025-09-02 05:00:08 [CLIENT DISCORD] Les modules [32mloggers[39m ont correctement été exportés.
[2025-09-02T03:00:08.475Z] [EVENT] 2025-09-02 05:00:08 [📅 EVENT NOTIFY] Chargé : guildBanAdd
[2025-09-02T03:00:08.476Z] [EVENT] 2025-09-02 05:00:08 [📅 EVENT NOTIFY] Chargé : guildBanRemove
[2025-09-02T03:00:08.478Z] [EVENT] 2025-09-02 05:00:08 [📅 EVENT NOTIFY] Chargé : guildMemberAdd
[2025-09-02T03:00:08.480Z] [EVENT] 2025-09-02 05:00:08 [📅 EVENT NOTIFY] Chargé : guildMemberRemove
[2025-09-02T03:00:08.483Z] 2025-09-02 05:00:08 [CLIENT DISCORD] Les modules  [32mutils.js[39m [0m ont correctement été exporté.[0m
[2025-09-02T03:00:09.462Z] 2025-09-02 05:00:09 [CLIENT DISCORD] L'interaction  [32mbuttons.js[39m [0m ont correctement été exporté.[0m
[2025-09-02T03:00:09.752Z] 2025-09-02 05:00:09 [CLIENT DISCORD] L'interaction  [32mmodals.js[39m [0m ont correctement été exporté.[0m
[2025-09-02T03:00:09.754Z] [EVENT] 2025-09-02 05:00:09 [📅 EVENT NOTIFY] Chargé : interactionCreate
[2025-09-02T03:00:09.757Z] [EVENT] 2025-09-02 05:00:09 [📅 EVENT NOTIFY] Chargé : messageCreate
[2025-09-02T03:00:09.759Z] [EVENT] 2025-09-02 05:00:09 [📅 EVENT NOTIFY] Chargé : messageDelete
[2025-09-02T03:00:09.762Z] [EVENT] 2025-09-02 05:00:09 [📅 EVENT NOTIFY] Chargé : messageUpdate
[2025-09-02T03:00:09.803Z] 2025-09-02 05:00:09 [CLIENT DISCORD] Les modules  [32mcommands.js[39m [0m ont correctement été exporté.[0m
[2025-09-02T03:00:09.834Z] [EVENT] 2025-09-02 05:00:09 [📅 EVENT NOTIFY] Chargé : ready
[2025-09-02T03:00:09.836Z] [EVENT] 2025-09-02 05:00:09 [📅 EVENT NOTIFY] Chargé : voiceStateUpdate
[2025-09-02T03:00:09.843Z] [COMMANDS] 2025-09-02 05:00:09 [📌 COMMANDS NOTIFY] Chargée : ban
[2025-09-02T03:00:09.844Z] [COMMANDS] 2025-09-02 05:00:09 [📌 COMMANDS NOTIFY] Chargée : clear
[2025-09-02T03:00:09.846Z] [COMMANDS] 2025-09-02 05:00:09 [📌 COMMANDS NOTIFY] Chargée : createreport
[2025-09-02T03:00:09.849Z] [COMMANDS] 2025-09-02 05:00:09 [📌 COMMANDS NOTIFY] Chargée : div
[2025-09-02T03:00:09.850Z] [COMMANDS] 2025-09-02 05:00:09 [📌 COMMANDS NOTIFY] Chargée : help
[2025-09-02T03:00:09.851Z] [COMMANDS] 2025-09-02 05:00:09 [📌 COMMANDS NOTIFY] Chargée : info
[2025-09-02T03:00:09.853Z] [COMMANDS] 2025-09-02 05:00:09 [📌 COMMANDS NOTIFY] Chargée : infoshift
[2025-09-02T03:00:09.855Z] [COMMANDS] 2025-09-02 05:00:09 [📌 COMMANDS NOTIFY] Chargée : kick
[2025-09-02T03:00:09.859Z] [COMMANDS] 2025-09-02 05:00:09 [📌 COMMANDS NOTIFY] Chargée : mute
[2025-09-02T03:00:09.861Z] [COMMANDS] 2025-09-02 05:00:09 [📌 COMMANDS NOTIFY] Chargée : openservice
[2025-09-02T03:00:09.864Z] [COMMANDS] 2025-09-02 05:00:09 [📌 COMMANDS NOTIFY] Chargée : pex
[2025-09-02T03:00:09.890Z] [COMMANDS] 2025-09-02 05:00:09 [📌 COMMANDS NOTIFY] Chargée : play
[2025-09-02T03:00:09.893Z] [COMMANDS] 2025-09-02 05:00:09 [📌 COMMANDS NOTIFY] Chargée : promote
[2025-09-02T03:00:09.895Z] [COMMANDS] 2025-09-02 05:00:09 [📌 COMMANDS NOTIFY] Chargée : recruit
[2025-09-02T03:00:09.897Z] [COMMANDS] 2025-09-02 05:00:09 [📌 COMMANDS NOTIFY] Chargée : rename
[2025-09-02T03:00:09.898Z] [COMMANDS] 2025-09-02 05:00:09 [📌 COMMANDS NOTIFY] Chargée : role
[2025-09-02T03:00:09.901Z] [COMMANDS] 2025-09-02 05:00:09 [📌 COMMANDS NOTIFY] Chargée : send
[2025-09-02T03:00:09.903Z] [COMMANDS] 2025-09-02 05:00:09 [📌 COMMANDS NOTIFY] Chargée : shift
[2025-09-02T03:00:09.909Z] [COMMANDS] 2025-09-02 05:00:09 [📌 COMMANDS NOTIFY] Chargée : ticket
[2025-09-02T03:00:09.912Z] [COMMANDS] 2025-09-02 05:00:09 [📌 COMMANDS NOTIFY] Chargée : userinfo
[2025-09-02T03:00:09.914Z] [COMMANDS] 2025-09-02 05:00:09 [📌 COMMANDS NOTIFY] Chargée : warn
[2025-09-02T03:00:09.920Z] 2025-09-02 05:00:09 [CLIENT DISCORD] [42m[30mChargement des informations du package.[39m[49m
[42m[30m[39m[49m [46m[PACKAGE][49m [32mAuth. : François 🌸[39m
[32m[39m [46m[PACKAGE][49m [32mDepd. : axios, chalk, cron, discord-html-transcripts, discord-player, discord.js, distube, dotenv, express, express-session, form-data, fs, googleapis, luxon, node-cron, node-fetch, ora, patch, path, pdf-lib, pdfkit, play-dl, readline, rl, uuid[39m
[32m[39m [46m[PACKAGE][49m [32mDesc. : Official Bot Catherine for 911 Community.[39m
[32m[39m [46m[PACKAGE][49m [32mLisc. : ISC[39m
[32m[39m [46m[PACKAGE][49m [32mMain. : index.js[39m
[32m[39m [46m[PACKAGE][49m [32mName. : catherine[39m
[32m[39m [46m[PACKAGE][49m [32mScrp. : {"test":"echo \"Error: no test specified\" && exit 1","start":"node server.js"}[39m
[32m[39m [46m[PACKAGE][49m [32mVers. : 2.1.2[39m
[32m[39m [46m[PACKAGE][49m [32mPatch Note. : **[PN - 07/06]** *Passage 2.0 with new patch (shift, tabs... new commands handler)*[39m
[32m[39m
[2025-09-02T03:00:11.011Z] 2025-09-02 05:00:11 [DEBUG] 📦 Checking version from local...
[2025-09-02T03:00:11.012Z] 2025-09-02 05:00:11 [CLIENT DISCORD] 📦 Nom : catherine
[2025-09-02T03:00:11.013Z] 2025-09-02 05:00:11 [CLIENT DISCORD] 🕒 Version locale : 2.1.2
[2025-09-02T03:00:11.014Z] 2025-09-02 05:00:11 [DEBUG] 🌐 Checking version from GitHub...
[2025-09-02T03:00:11.276Z] 2025-09-02 05:00:11 [CLIENT DISCORD] 📦 Nom GitHub : catherine
[2025-09-02T03:00:11.277Z] 2025-09-02 05:00:11 [CLIENT DISCORD] 🕒 Version distante : 2.1.2
[2025-09-02T03:00:11.278Z] [INFO] 2025-09-02 05:00:11 [ℹ️ INFO NOTIFY] ✅ Les versions sont identiques.
[2025-09-02T03:00:11.280Z] 2025-09-02 05:00:11 [CLIENT DISCORD] [34m==============================[39m
[2025-09-02T03:00:11.281Z] 2025-09-02 05:00:11 [CLIENT DISCORD] [32m🚀 Démarrage du bot...[39m
[2025-09-02T03:00:11.282Z] 2025-09-02 05:00:11 [CLIENT DISCORD] [33m🔗 Connexion à Discord API...[39m
[2025-09-02T03:00:11.283Z] 2025-09-02 05:00:11 [CLIENT DISCORD] [36m✅ Bot RP en ligne ! Connecté en tant que 293 | Catherine#8045[39m
[2025-09-02T03:00:11.285Z] 2025-09-02 05:00:11 [CLIENT DISCORD] [34m==============================[39m
[34m[39m
[2025-09-02T03:00:11.297Z] 2025-09-02 05:00:11 [CLIENT DISCORD] [player] Initialisation du Player terminée.
[2025-09-02T03:00:11.301Z] 2025-09-02 05:00:11 [CLIENT DISCORD] [player] Extracteurs chargés avec succès.
[2025-09-02T03:00:11.302Z] 2025-09-02 05:00:11 [CLIENT DISCORD] 📥 Serveur trouvé : Georgia State Police (GSP)
[2025-09-02T03:00:11.491Z] 2025-09-02 05:00:11 [CLIENT DISCORD] 🔍 Commandes déjà présentes : play, rules, createreport, div, role, info, pex, openservice, infoshift, recruit, help, ban, ticket, shutdown, userinfo, send, clear, kick, warn, mute, rename, shift, promote
[2025-09-02T03:00:11.492Z] 2025-09-02 05:00:11 [WARN] ⚠️ Les commandes sont déjà enregistrées. Lance avec 'debug' pour forcer l'écrasement.
[2025-09-02T03:00:11.493Z] 2025-09-02 05:00:11 [CLIENT DISCORD] 🎮 Statut et activité mis à jour.
[2025-09-02T03:00:11.493Z] 2025-09-02 05:00:11 [CLIENT DISCORD] 📌 Mode de lancement : [33mAucun[39m
[2025-09-02T03:00:11.493Z] 2025-09-02 05:00:11 [CLIENT DISCORD] ✅ Bot prêt en tant que 293 | Catherine#8045
[2025-09-02T06:00:00.168Z] 2025-09-02 08:00:00 [CLIENT DISCORD] [32m🌅 Tâches du matin exécutées ![39m
[2025-09-02T06:00:00.198Z] 2025-09-02 08:00:00 [CLIENT DISCORD] [Cron] 🕒 Démarrage de la régénération automatique de la hiérarchie (tabs)...
[2025-09-02T06:00:00.206Z] 2025-09-02 08:00:00 [CLIENT DISCORD] [Cron] 🕒 Démarrage de la régénération automatique de la hiérarchie... (div)
[2025-09-02T06:00:00.211Z] 2025-09-02 08:00:00 [CLIENT DISCORD] 🔍 Vérification des règles...
[2025-09-02T06:00:00.226Z] 2025-09-02 08:00:00 [DEBUG] 📦 Checking version from local...
[2025-09-02T06:00:00.228Z] 2025-09-02 08:00:00 [CLIENT DISCORD] 📦 Nom : catherine
[2025-09-02T06:00:00.229Z] 2025-09-02 08:00:00 [CLIENT DISCORD] 🕒 Version locale : 2.1.2
[2025-09-02T06:00:00.230Z] 2025-09-02 08:00:00 [DEBUG] 🌐 Checking version from GitHub...
[2025-09-02T06:00:00.291Z] 2025-09-02 08:00:00 [CLIENT DISCORD] ✅ rules_1.txt inchangé, pas de mise à jour.
[2025-09-02T06:00:00.293Z] 2025-09-02 08:00:00 [CLIENT DISCORD] ✅ rules_2.txt inchangé, pas de mise à jour.
[2025-09-02T06:00:00.295Z] 2025-09-02 08:00:00 [CLIENT DISCORD] ✅ Vérification des règles terminée.
[2025-09-02T06:00:00.371Z] 2025-09-02 08:00:00 [CLIENT DISCORD] [EXPORT] access.json mis à jour avec 13 exécutif(s), 3 superviseur(s) et 2 commandement(s)
[2025-09-02T06:00:00.565Z] 2025-09-02 08:00:00 [CLIENT DISCORD] 📦 Nom GitHub : catherine
[2025-09-02T06:00:00.566Z] 2025-09-02 08:00:00 [CLIENT DISCORD] 🕒 Version distante : 2.1.2
[2025-09-02T06:00:00.567Z] [INFO] 2025-09-02 08:00:00 [ℹ️ INFO NOTIFY] ✅ Les versions sont identiques.
[2025-09-02T06:00:00.775Z] [NOTIFY] 2025-09-02 08:00:00 [🟢 SOFT NOTIFY] Message DIV supprimé
[2025-09-02T06:00:00.967Z] [NOTIFY] 2025-09-02 08:00:00 [🟢 SOFT NOTIFY] Message TABS supprimé
[2025-09-02T06:00:01.615Z] 2025-09-02 08:00:01 [CLIENT DISCORD] [✅] Hiérarchie DIV envoyée.
[2025-09-02T06:00:01.617Z] 2025-09-02 08:00:01 [CLIENT DISCORD] [Cron] 🕒 Fin de la régénération automatique de la hiérarchie.
[2025-09-02T06:00:02.185Z] 2025-09-02 08:00:02 [CLIENT DISCORD] [✅] Hiérarchie TABS envoyée.
[2025-09-02T06:00:02.185Z] 2025-09-02 08:00:02 [CLIENT DISCORD] [Cron] 🕒 Fin de la régénération automatique de la hiérarchie.
[2025-09-02T14:00:00.152Z] 2025-09-02 16:00:00 [CLIENT DISCORD] [32m🌇 Tâches du soir exécutées ![39m
[2025-09-02T14:00:00.175Z] 2025-09-02 16:00:00 [CLIENT DISCORD] [Cron] 🕒 Démarrage de la régénération automatique de la hiérarchie (tabs)...
[2025-09-02T14:00:00.181Z] 2025-09-02 16:00:00 [CLIENT DISCORD] [Cron] 🕒 Démarrage de la régénération automatique de la hiérarchie... (div)
[2025-09-02T14:00:00.181Z] 2025-09-02 16:00:00 [CLIENT DISCORD] 🔍 Vérification des règles...
[2025-09-02T14:00:00.193Z] 2025-09-02 16:00:00 [DEBUG] 📦 Checking version from local...
[2025-09-02T14:00:00.195Z] 2025-09-02 16:00:00 [CLIENT DISCORD] 📦 Nom : catherine
[2025-09-02T14:00:00.196Z] 2025-09-02 16:00:00 [CLIENT DISCORD] 🕒 Version locale : 2.1.2
[2025-09-02T14:00:00.197Z] 2025-09-02 16:00:00 [DEBUG] 🌐 Checking version from GitHub...
[2025-09-02T14:00:00.306Z] 2025-09-02 16:00:00 [CLIENT DISCORD] ✅ rules_1.txt inchangé, pas de mise à jour.
[2025-09-02T14:00:00.307Z] 2025-09-02 16:00:00 [CLIENT DISCORD] ✅ rules_2.txt inchangé, pas de mise à jour.
[2025-09-02T14:00:00.308Z] 2025-09-02 16:00:00 [CLIENT DISCORD] ✅ Vérification des règles terminée.
[2025-09-02T14:00:00.371Z] 2025-09-02 16:00:00 [CLIENT DISCORD] [EXPORT] access.json mis à jour avec 13 exécutif(s), 3 superviseur(s) et 2 commandement(s)
[2025-09-02T14:00:00.649Z] [NOTIFY] 2025-09-02 16:00:00 [🟢 SOFT NOTIFY] Message DIV supprimé
[2025-09-02T14:00:00.816Z] 2025-09-02 16:00:00 [CLIENT DISCORD] 📦 Nom GitHub : catherine
[2025-09-02T14:00:00.817Z] 2025-09-02 16:00:00 [CLIENT DISCORD] 🕒 Version distante : 2.1.2
[2025-09-02T14:00:00.818Z] [INFO] 2025-09-02 16:00:00 [ℹ️ INFO NOTIFY] ✅ Les versions sont identiques.
[2025-09-02T14:00:00.913Z] [NOTIFY] 2025-09-02 16:00:00 [🟢 SOFT NOTIFY] Message TABS supprimé
[2025-09-02T14:00:01.817Z] 2025-09-02 16:00:01 [CLIENT DISCORD] [✅] Hiérarchie DIV envoyée.
[2025-09-02T14:00:01.818Z] 2025-09-02 16:00:01 [CLIENT DISCORD] [Cron] 🕒 Fin de la régénération automatique de la hiérarchie.
[2025-09-02T14:00:02.124Z] 2025-09-02 16:00:02 [CLIENT DISCORD] [✅] Hiérarchie TABS envoyée.
[2025-09-02T14:00:02.126Z] 2025-09-02 16:00:02 [CLIENT DISCORD] [Cron] 🕒 Fin de la régénération automatique de la hiérarchie.
