[104m2025-05-10T13:03:02.740Z [CLIENT DISCORD] [49m[0mLes modules  [32mloggers[39m [0m[0m ont correctement été exporté.[0m[0m[0m
[104m2025-05-10T13:03:02.740Z [CLIENT DISCORD] [49m[0mLes modules  [32mutils.js[39m [0m[0m ont correctement été exporté.[0m[0m[0m
[104m2025-05-10T13:03:02.740Z [CLIENT DISCORD] [49m[0mL'interaction  [32mbuttons.js[39m [0m[0m ont correctement été exporté.[0m[0m[0m
[104m2025-05-10T13:03:02.740Z [CLIENT DISCORD] [49m[0mL'interaction  [32mcommands.js[39m [0m[0m ont correctement été exporté.[0m[0m[0m
[104m2025-05-10T13:03:02.740Z [CLIENT DISCORD] [49m[0mL'interaction  [32mmodals.js[39m [0m[0m ont correctement été exporté.[0m[0m[0m
[104m2025-05-10T13:03:13.614Z [CLIENT DISCORD] [49m[0mLes modules  [32mloggers[39m [0m[0m ont correctement été exporté.[0m[0m[0m
[104m2025-05-10T13:03:13.614Z [CLIENT DISCORD] [49m[0mLes modules  [32mutils.js[39m [0m[0m ont correctement été exporté.[0m[0m[0m
[104m2025-05-10T13:03:13.614Z [CLIENT DISCORD] [49m[0mL'interaction  [32mbuttons.js[39m [0m[0m ont correctement été exporté.[0m[0m[0m
[104m2025-05-10T13:03:13.614Z [CLIENT DISCORD] [49m[0mL'interaction  [32mcommands.js[39m [0m[0m ont correctement été exporté.[0m[0m[0m
[104m2025-05-10T13:03:13.614Z [CLIENT DISCORD] [49m[0mL'interaction  [32mmodals.js[39m [0m[0m ont correctement été exporté.[0m[0m[0m
[104m2025-05-10T13:03:30.147Z [CLIENT DISCORD] [49m[0mLes modules  [32mloggers[39m [0m[0m ont correctement été exporté.[0m[0m[0m
[104m2025-05-10T13:03:30.147Z [CLIENT DISCORD] [49m[0mLes modules  [32mutils.js[39m [0m[0m ont correctement été exporté.[0m[0m[0m
[104m2025-05-10T13:03:30.147Z [CLIENT DISCORD] [49m[0mL'interaction  [32mbuttons.js[39m [0m[0m ont correctement été exporté.[0m[0m[0m
[104m2025-05-10T13:03:30.147Z [CLIENT DISCORD] [49m[0mL'interaction  [32mcommands.js[39m [0m[0m ont correctement été exporté.[0m[0m[0m
[104m2025-05-10T13:03:30.147Z [CLIENT DISCORD] [49m[0mL'interaction  [32mmodals.js[39m [0m[0m ont correctement été exporté.[0m[0m[0m
[42m[30m🔔2025-05-10T13:03:30.446Z [🟢 SOFT NOTIFY]  guildBanAdd.js,guildBanRemove.js,guildMemberAdd.js,guildMemberRemove.js,interactionCreate.js,messageCreate.js,messageDelete.js,messageUpdate.js,ready.js[39m[49m
[104m2025-05-10T13:03:30.147Z [CLIENT DISCORD] [49m[0m✅ Données rechargées depuis config.json : [object Object][0m
[45m2025-05-10T13:03:30.147Z [DEBUG] Hi !![49m
[104m2025-05-10T13:03:30.147Z [CLIENT DISCORD] [49m[0m[42m[30mChargement du fichier index.js[39m[49m[0m
[41m[30m🔔2025-05-10T13:03:30.447Z [🔴 CRITICAL NOTIFY]  Hey![39m[49m
[104m2025-05-10T13:03:30.147Z [CLIENT DISCORD] [49m[0m[42m[30mChargement des informations du package.[39m[49m[0m
[0m[42m[30m[39m[49m [46m[PACKAGE][49m [32mAuth. : François 🌺[39m[0m
[0m[32m[39m [46m[PACKAGE][49m [32mDepd. : @discordjs/voice, axios, chalk, discord-html-transcripts, discord.js, dotenv, fs, play-dl, yt-search, ytdl-core, ytdl-core-discord[39m[0m
[0m[32m[39m [46m[PACKAGE][49m [32mDesc. : The official bot of LSSD.[39m[0m
[0m[32m[39m [46m[PACKAGE][49m [32mLisc. : ISC[39m[0m
[0m[32m[39m [46m[PACKAGE][49m [32mMain. : index.js[39m[0m
[0m[32m[39m [46m[PACKAGE][49m [32mName. : catherine[39m[0m
[0m[32m[39m [46m[PACKAGE][49m [32mScrp. : [object Object][39m[0m
[0m[32m[39m [46m[PACKAGE][49m [32mVers. : 1.2.1 - 1.2.09scho[39m[0m
[0m[32m[39m [46m[PACKAGE][49m [32mPatch Note. : **[PN_13-03-2025]** La version 1.2.01sc modifie les messages shift et patch la commande /clear.,[39m[0m
[0m[32m**[PN_14-03-2025]** La version 1.2.05sch modifie la commande /help pour ajouter des commandes spéciales.,[39m[0m
[0m[32m**[PN_19-03-2025]** La version 1.2.1 (1.2.09scho) patch la commande /openservice et modifie la commande /userinfo, ajoutant des informations.[39m[0m
[0m[32m[39m[0m
[104m2025-05-10T13:03:30.147Z [CLIENT DISCORD] [49m[0m[34m==============================[39m[0m
[104m2025-05-10T13:03:30.147Z [CLIENT DISCORD] [49m[0m[32m🚀 Démarrage du bot...[39m[0m
[104m2025-05-10T13:03:30.147Z [CLIENT DISCORD] [49m[0m[33m🔗 Connexion à Discord API...[39m[0m
[104m2025-05-10T13:03:30.147Z [CLIENT DISCORD] [49m[0m[36m✅ Bot RP en ligne ! Connect111é en tant que Catherine#8045[39m[0m
[104m2025-05-10T13:03:30.147Z [CLIENT DISCORD] [49m[0m[34m==============================[39m[0m
[0m[34m[39m[0m
[104m2025-05-10T13:03:30.147Z [CLIENT DISCORD] [49m[0m🤖 Connecté en tant que Catherine#8045[0m
[104m2025-05-10T13:03:30.147Z [CLIENT DISCORD] [49m[0mGuild récupéré :  Florida Highway Patrol | Palm Bay RP[0m
[104m2025-05-10T13:03:30.147Z [CLIENT DISCORD] [49m[0mCommandes existantes :  tabsdiv, tabs, createreport, div, role, checklog, viewdata, cleardata, requestroleinit, bypass, register, music, info, pex, openservice, infoshift, recruit, help, ban, ticket, shutdown, userinfo, send, clear, kick, warn, mute, rename, shift, promote[0m
[43m2025-05-10T13:03:30.147Z [WARN] ⚠️ Commandes déjà enregistrées pour ce serveur.[49m
[42m[30m🔔2025-05-10T13:03:36.999Z [🟢 SOFT NOTIFY]  Arguments passés : [33mAucun[39m[30m[39m[49m
[42m[30m🔔2025-05-10T13:03:36.999Z [🟢 SOFT NOTIFY]  Aucun mode de lancement spécifié.[39m[49m
[104m2025-05-10T13:03:30.147Z [CLIENT DISCORD] [49m[0m[ACTION BUTTON] cmd of command /ticket has been used.[0m
[104m2025-05-10T13:03:30.147Z [CLIENT DISCORD] [49m[0m81[0m
[104m2025-05-10T13:03:30.147Z [CLIENT DISCORD] [49m[0m[BUTTON] francois.piano a exécuté l'interaction bouton cmd dans 1252239174610718782[0m
[104m2025-05-10T13:03:30.147Z [CLIENT DISCORD] [49m[0m[ACTION BUTTON] New channel create[0m
[41m2025-05-10T13:03:30.147Z [ERROR] (node:22960) Warning: Supplying "ephemeral" for interaction response options is deprecated. Utilize flags instead.[49m
[41m(Use `node --trace-warnings ...` to show where the warning was created)[49m
[104m2025-05-10T13:04:03.214Z [CLIENT DISCORD] [49m[0mLes modules  [32mloggers[39m [0m[0m ont correctement été exporté.[0m[0m[0m
[104m2025-05-10T13:04:03.214Z [CLIENT DISCORD] [49m[0mLes modules  [32mutils.js[39m [0m[0m ont correctement été exporté.[0m[0m[0m
[104m2025-05-10T13:04:03.214Z [CLIENT DISCORD] [49m[0mL'interaction  [32mbuttons.js[39m [0m[0m ont correctement été exporté.[0m[0m[0m
[104m2025-05-10T13:04:03.214Z [CLIENT DISCORD] [49m[0mL'interaction  [32mcommands.js[39m [0m[0m ont correctement été exporté.[0m[0m[0m
[104m2025-05-10T13:04:03.214Z [CLIENT DISCORD] [49m[0mL'interaction  [32mmodals.js[39m [0m[0m ont correctement été exporté.[0m[0m[0m
[42m[30m🔔2025-05-10T13:04:03.500Z [🟢 SOFT NOTIFY]  guildBanAdd.js,guildBanRemove.js,guildMemberAdd.js,guildMemberRemove.js,interactionCreate.js,messageCreate.js,messageDelete.js,messageUpdate.js,ready.js[39m[49m
[104m2025-05-10T13:04:03.214Z [CLIENT DISCORD] [49m[0m✅ Données rechargées depuis config.json : [object Object][0m
[45m2025-05-10T13:04:03.214Z [DEBUG] Hi !![49m
[104m2025-05-10T13:04:03.214Z [CLIENT DISCORD] [49m[0m[42m[30mChargement du fichier index.js[39m[49m[0m
[41m[30m🔔2025-05-10T13:04:03.502Z [🔴 CRITICAL NOTIFY]  Hey![39m[49m
[104m2025-05-10T13:04:03.214Z [CLIENT DISCORD] [49m[0m[42m[30mChargement des informations du package.[39m[49m[0m
[0m[42m[30m[39m[49m [46m[PACKAGE][49m [32mAuth. : François 🌺[39m[0m
[0m[32m[39m [46m[PACKAGE][49m [32mDepd. : @discordjs/voice, axios, chalk, discord-html-transcripts, discord.js, dotenv, fs, play-dl, yt-search, ytdl-core, ytdl-core-discord[39m[0m
[0m[32m[39m [46m[PACKAGE][49m [32mDesc. : The official bot of LSSD.[39m[0m
[0m[32m[39m [46m[PACKAGE][49m [32mLisc. : ISC[39m[0m
[0m[32m[39m [46m[PACKAGE][49m [32mMain. : index.js[39m[0m
[0m[32m[39m [46m[PACKAGE][49m [32mName. : catherine[39m[0m
[0m[32m[39m [46m[PACKAGE][49m [32mScrp. : [object Object][39m[0m
[0m[32m[39m [46m[PACKAGE][49m [32mVers. : 1.2.1 - 1.2.09scho[39m[0m
[0m[32m[39m [46m[PACKAGE][49m [32mPatch Note. : **[PN_13-03-2025]** La version 1.2.01sc modifie les messages shift et patch la commande /clear.,[39m[0m
[0m[32m**[PN_14-03-2025]** La version 1.2.05sch modifie la commande /help pour ajouter des commandes spéciales.,[39m[0m
[0m[32m**[PN_19-03-2025]** La version 1.2.1 (1.2.09scho) patch la commande /openservice et modifie la commande /userinfo, ajoutant des informations.[39m[0m
[0m[32m[39m[0m
[104m2025-05-10T13:04:03.214Z [CLIENT DISCORD] [49m[0m[34m==============================[39m[0m
[104m2025-05-10T13:04:03.214Z [CLIENT DISCORD] [49m[0m[32m🚀 Démarrage du bot...[39m[0m
[104m2025-05-10T13:04:03.214Z [CLIENT DISCORD] [49m[0m[33m🔗 Connexion à Discord API...[39m[0m
[104m2025-05-10T13:04:03.214Z [CLIENT DISCORD] [49m[0m[36m✅ Bot RP en ligne ! Connect111é en tant que Catherine#8045[39m[0m
[104m2025-05-10T13:04:03.214Z [CLIENT DISCORD] [49m[0m[34m==============================[39m[0m
[0m[34m[39m[0m
[104m2025-05-10T13:04:03.214Z [CLIENT DISCORD] [49m[0m🤖 Connecté en tant que Catherine#8045[0m
[104m2025-05-10T13:04:03.214Z [CLIENT DISCORD] [49m[0mGuild récupéré :  Florida Highway Patrol | Palm Bay RP[0m
[104m2025-05-10T13:04:03.214Z [CLIENT DISCORD] [49m[0mCommandes existantes :  tabsdiv, tabs, createreport, div, role, checklog, viewdata, cleardata, requestroleinit, bypass, register, music, info, pex, openservice, infoshift, recruit, help, ban, ticket, shutdown, userinfo, send, clear, kick, warn, mute, rename, shift, promote[0m
[43m2025-05-10T13:04:03.214Z [WARN] ⚠️ Commandes déjà enregistrées pour ce serveur.[49m
[42m[30m🔔2025-05-10T13:04:05.076Z [🟢 SOFT NOTIFY]  Arguments passés : [33mAucun[39m[30m[39m[49m
[42m[30m🔔2025-05-10T13:04:05.077Z [🟢 SOFT NOTIFY]  Aucun mode de lancement spécifié.[39m[49m
[104m2025-05-10T13:04:03.214Z [CLIENT DISCORD] [49m[0m[94m[MESSAGE_SENT][39m [32mfrancois.piano[39m [0m[0ma envoyé[0m[0m [32my[39m [0m[0mdans[0m[0m [32m🔰-cmd-francoispiano[39m[0m
[104m2025-05-10T13:04:03.214Z [CLIENT DISCORD] [49m[0m[94m[MESSAGE_SENT][39m [32mfrancois.piano[39m [0m[0ma envoyé[0m[0m [32merye[39m [0m[0mdans[0m[0m [32m🔰-cmd-francoispiano[39m[0m
[104m2025-05-10T13:04:03.214Z [CLIENT DISCORD] [49m[0m[94m[MESSAGE_SENT][39m [32mfrancois.piano[39m [0m[0ma envoyé[0m[0m [32mery[39m [0m[0mdans[0m[0m [32m🔰-cmd-francoispiano[39m[0m
[104m2025-05-10T13:04:03.214Z [CLIENT DISCORD] [49m[0m[94m[MESSAGE_SENT][39m [32mfrancois.piano[39m [0m[0ma envoyé[0m[0m [32mery[39m [0m[0mdans[0m[0m [32m🔰-cmd-francoispiano[39m[0m
[104m2025-05-10T13:04:03.214Z [CLIENT DISCORD] [49m[0m[94m[MESSAGE_SENT][39m [32mfrancois.piano[39m [0m[0ma envoyé[0m[0m [32mery[39m [0m[0mdans[0m[0m [32m🔰-cmd-francoispiano[39m[0m
[104m2025-05-10T13:04:03.214Z [CLIENT DISCORD] [49m[0m[94m[MESSAGE_SENT][39m [32mfrancois.piano[39m [0m[0ma envoyé[0m[0m [32mery[39m [0m[0mdans[0m[0m [32m🔰-cmd-francoispiano[39m[0m
[104m2025-05-10T13:04:03.214Z [CLIENT DISCORD] [49m[0m[94m[MESSAGE_SENT][39m [32mfrancois.piano[39m [0m[0ma envoyé[0m[0m [32meryer[39m [0m[0mdans[0m[0m [32m🔰-cmd-francoispiano[39m[0m
[104m2025-05-10T13:04:03.214Z [CLIENT DISCORD] [49m[0m[94m[MESSAGE_SENT][39m [32mfrancois.piano[39m [0m[0ma envoyé[0m[0m [32my[39m [0m[0mdans[0m[0m [32m🔰-cmd-francoispiano[39m[0m
[104m2025-05-10T13:04:03.214Z [CLIENT DISCORD] [49m[0m[94m[MESSAGE_SENT][39m [32mfrancois.piano[39m [0m[0ma envoyé[0m[0m [32mery[39m [0m[0mdans[0m[0m [32m🔰-cmd-francoispiano[39m[0m
[104m2025-05-10T13:04:03.214Z [CLIENT DISCORD] [49m[0m[94m[MESSAGE_SENT][39m [32mfrancois.piano[39m [0m[0ma envoyé[0m[0m [32mery[39m [0m[0mdans[0m[0m [32m🔰-cmd-francoispiano[39m[0m
[104m2025-05-10T13:04:03.214Z [CLIENT DISCORD] [49m[0m[94m[MESSAGE_SENT][39m [32mfrancois.piano[39m [0m[0ma envoyé[0m[0m [32mery[39m [0m[0mdans[0m[0m [32m🔰-cmd-francoispiano[39m[0m
[104m2025-05-10T13:04:03.214Z [CLIENT DISCORD] [49m[0m[94m[MESSAGE_SENT][39m [32mfrancois.piano[39m [0m[0ma envoyé[0m[0m [32mery[39m [0m[0mdans[0m[0m [32m🔰-cmd-francoispiano[39m[0m
[104m2025-05-10T13:04:03.214Z [CLIENT DISCORD] [49m[0m[94m[MESSAGE_SENT][39m [32mfrancois.piano[39m [0m[0ma envoyé[0m[0m [32mer[39m [0m[0mdans[0m[0m [32m🔰-cmd-francoispiano[39m[0m
[104m2025-05-10T13:04:03.214Z [CLIENT DISCORD] [49m[0m[94m[MESSAGE_SENT][39m [32mfrancois.piano[39m [0m[0ma envoyé[0m[0m [32myer[39m [0m[0mdans[0m[0m [32m🔰-cmd-francoispiano[39m[0m
[104m2025-05-10T13:04:03.214Z [CLIENT DISCORD] [49m[0m[94m[MESSAGE_SENT][39m [32mfrancois.piano[39m [0m[0ma envoyé[0m[0m [32myer[39m [0m[0mdans[0m[0m [32m🔰-cmd-francoispiano[39m[0m
[104m2025-05-10T13:04:03.214Z [CLIENT DISCORD] [49m[0mTicket ID 1370748252751663226 a été archivé dans la console.[0m
[104m2025-05-10T13:04:03.214Z [CLIENT DISCORD] [49m[0m[BUTTON] francois.piano a exécuté l'interaction bouton close_but dans 1370748252751663226[0m
[41m2025-05-10T13:04:03.214Z [ERROR] (node:23948) Warning: Supplying "ephemeral" for interaction response options is deprecated. Utilize flags instead.[49m
[41m(Use `node --trace-warnings ...` to show where the warning was created)[49m
[104m2025-05-10T13:04:03.214Z [CLIENT DISCORD] [49m[0m[94m[COMAND][39m [32mfrancois.piano[39m [0m[0ma éxécuté la commande [0m[0m [32mticket[39m [0m[0mdans[0m[0m [32m❌🔰-cmd-francoispiano[39m[0m
[104m2025-05-10T13:04:03.214Z [CLIENT DISCORD] [49m[0m[42m✅ Utilisateur 449432156595552257 bypass les permissions.[49m[0m
[104m2025-05-10T13:04:03.214Z [CLIENT DISCORD] [49m[0m🛑 Fermeture de ticket demandée ![0m
[104m2025-05-10T13:04:03.214Z [CLIENT DISCORD] [49m[0m[BUTTON] francois.piano a exécuté l'interaction bouton close_def dans 1370748252751663226[0m
[104m2025-05-10T13:04:49.758Z [CLIENT DISCORD] [49m[0mLes modules  [32mloggers[39m [0m[0m ont correctement été exporté.[0m[0m[0m
[104m2025-05-10T13:04:49.758Z [CLIENT DISCORD] [49m[0mLes modules  [32mutils.js[39m [0m[0m ont correctement été exporté.[0m[0m[0m
[104m2025-05-10T13:04:49.758Z [CLIENT DISCORD] [49m[0mL'interaction  [32mbuttons.js[39m [0m[0m ont correctement été exporté.[0m[0m[0m
[104m2025-05-10T13:04:49.758Z [CLIENT DISCORD] [49m[0mL'interaction  [32mcommands.js[39m [0m[0m ont correctement été exporté.[0m[0m[0m
[104m2025-05-10T13:04:49.758Z [CLIENT DISCORD] [49m[0mL'interaction  [32mmodals.js[39m [0m[0m ont correctement été exporté.[0m[0m[0m
[42m[30m🔔2025-05-10T13:04:50.031Z [🟢 SOFT NOTIFY]  guildBanAdd.js,guildBanRemove.js,guildMemberAdd.js,guildMemberRemove.js,interactionCreate.js,messageCreate.js,messageDelete.js,messageUpdate.js,ready.js[39m[49m
[104m2025-05-10T13:04:49.758Z [CLIENT DISCORD] [49m[0m✅ Données rechargées depuis config.json : [object Object][0m
[45m2025-05-10T13:04:49.758Z [DEBUG] Hi !![49m
[104m2025-05-10T13:04:49.758Z [CLIENT DISCORD] [49m[0m[42m[30mChargement du fichier index.js[39m[49m[0m
[41m[30m🔔2025-05-10T13:04:50.033Z [🔴 CRITICAL NOTIFY]  Hey![39m[49m
[104m2025-05-10T13:04:49.758Z [CLIENT DISCORD] [49m[0m[42m[30mChargement des informations du package.[39m[49m[0m
[0m[42m[30m[39m[49m [46m[PACKAGE][49m [32mAuth. : François 🌺[39m[0m
[0m[32m[39m [46m[PACKAGE][49m [32mDepd. : @discordjs/voice, axios, chalk, discord-html-transcripts, discord.js, dotenv, fs, play-dl, yt-search, ytdl-core, ytdl-core-discord[39m[0m
[0m[32m[39m [46m[PACKAGE][49m [32mDesc. : The official bot of LSSD.[39m[0m
[0m[32m[39m [46m[PACKAGE][49m [32mLisc. : ISC[39m[0m
[0m[32m[39m [46m[PACKAGE][49m [32mMain. : index.js[39m[0m
[0m[32m[39m [46m[PACKAGE][49m [32mName. : catherine[39m[0m
[0m[32m[39m [46m[PACKAGE][49m [32mScrp. : [object Object][39m[0m
[0m[32m[39m [46m[PACKAGE][49m [32mVers. : 1.2.1 - 1.2.09scho[39m[0m
[0m[32m[39m [46m[PACKAGE][49m [32mPatch Note. : **[PN_13-03-2025]** La version 1.2.01sc modifie les messages shift et patch la commande /clear.,[39m[0m
[0m[32m**[PN_14-03-2025]** La version 1.2.05sch modifie la commande /help pour ajouter des commandes spéciales.,[39m[0m
[0m[32m**[PN_19-03-2025]** La version 1.2.1 (1.2.09scho) patch la commande /openservice et modifie la commande /userinfo, ajoutant des informations.[39m[0m
[0m[32m[39m[0m
[104m2025-05-10T13:04:49.758Z [CLIENT DISCORD] [49m[0m[34m==============================[39m[0m
[104m2025-05-10T13:04:49.758Z [CLIENT DISCORD] [49m[0m[32m🚀 Démarrage du bot...[39m[0m
[104m2025-05-10T13:04:49.758Z [CLIENT DISCORD] [49m[0m[33m🔗 Connexion à Discord API...[39m[0m
[104m2025-05-10T13:04:49.758Z [CLIENT DISCORD] [49m[0m[36m✅ Bot RP en ligne ! Connect111é en tant que Catherine#8045[39m[0m
[104m2025-05-10T13:04:49.758Z [CLIENT DISCORD] [49m[0m[34m==============================[39m[0m
[0m[34m[39m[0m
[104m2025-05-10T13:04:49.758Z [CLIENT DISCORD] [49m[0m🤖 Connecté en tant que Catherine#8045[0m
[104m2025-05-10T13:04:49.758Z [CLIENT DISCORD] [49m[0mGuild récupéré :  Florida Highway Patrol | Palm Bay RP[0m
[104m2025-05-10T13:04:49.758Z [CLIENT DISCORD] [49m[0mCommandes existantes :  tabsdiv, tabs, createreport, div, role, checklog, viewdata, cleardata, requestroleinit, bypass, register, music, info, pex, openservice, infoshift, recruit, help, ban, ticket, shutdown, userinfo, send, clear, kick, warn, mute, rename, shift, promote[0m
[43m2025-05-10T13:04:49.758Z [WARN] ⚠️ Commandes déjà enregistrées pour ce serveur.[49m
[42m[30m🔔2025-05-10T13:04:51.405Z [🟢 SOFT NOTIFY]  Arguments passés : [33mAucun[39m[30m[39m[49m
[42m[30m🔔2025-05-10T13:04:51.405Z [🟢 SOFT NOTIFY]  Aucun mode de lancement spécifié.[39m[49m
[41m2025-05-10T13:04:49.758Z [ERROR] ⚠️ Salon de logs introuvable ou non textuel.[49m
[41m2025-05-10T13:04:49.758Z [ERROR] (node:23516) Warning: Supplying "ephemeral" for interaction response options is deprecated. Utilize flags instead.[49m
[41m(Use `node --trace-warnings ...` to show where the warning was created)[49m
[104m2025-05-10T13:04:49.758Z [CLIENT DISCORD] [49m[0m[BUTTON] francois.piano a exécuté l'interaction bouton close_def dans 1370748252751663226[0m
[104m2025-05-10T13:05:28.411Z [CLIENT DISCORD] [49m[0mLes modules  [32mloggers[39m [0m[0m ont correctement été exporté.[0m[0m[0m
[104m2025-05-10T13:05:28.411Z [CLIENT DISCORD] [49m[0mLes modules  [32mutils.js[39m [0m[0m ont correctement été exporté.[0m[0m[0m
[104m2025-05-10T13:05:28.411Z [CLIENT DISCORD] [49m[0mL'interaction  [32mbuttons.js[39m [0m[0m ont correctement été exporté.[0m[0m[0m
[104m2025-05-10T13:05:28.411Z [CLIENT DISCORD] [49m[0mL'interaction  [32mcommands.js[39m [0m[0m ont correctement été exporté.[0m[0m[0m
[104m2025-05-10T13:05:28.411Z [CLIENT DISCORD] [49m[0mL'interaction  [32mmodals.js[39m [0m[0m ont correctement été exporté.[0m[0m[0m
[42m[30m🔔2025-05-10T13:05:28.688Z [🟢 SOFT NOTIFY]  guildBanAdd.js,guildBanRemove.js,guildMemberAdd.js,guildMemberRemove.js,interactionCreate.js,messageCreate.js,messageDelete.js,messageUpdate.js,ready.js[39m[49m
[104m2025-05-10T13:05:28.411Z [CLIENT DISCORD] [49m[0m✅ Données rechargées depuis config.json : [object Object][0m
[45m2025-05-10T13:05:28.411Z [DEBUG] Hi !![49m
[104m2025-05-10T13:05:28.411Z [CLIENT DISCORD] [49m[0m[42m[30mChargement du fichier index.js[39m[49m[0m
[41m[30m🔔2025-05-10T13:05:28.690Z [🔴 CRITICAL NOTIFY]  Hey![39m[49m
[104m2025-05-10T13:05:28.411Z [CLIENT DISCORD] [49m[0m[42m[30mChargement des informations du package.[39m[49m[0m
[0m[42m[30m[39m[49m [46m[PACKAGE][49m [32mAuth. : François 🌺[39m[0m
[0m[32m[39m [46m[PACKAGE][49m [32mDepd. : @discordjs/voice, axios, chalk, discord-html-transcripts, discord.js, dotenv, fs, play-dl, yt-search, ytdl-core, ytdl-core-discord[39m[0m
[0m[32m[39m [46m[PACKAGE][49m [32mDesc. : The official bot of LSSD.[39m[0m
[0m[32m[39m [46m[PACKAGE][49m [32mLisc. : ISC[39m[0m
[0m[32m[39m [46m[PACKAGE][49m [32mMain. : index.js[39m[0m
[0m[32m[39m [46m[PACKAGE][49m [32mName. : catherine[39m[0m
[0m[32m[39m [46m[PACKAGE][49m [32mScrp. : [object Object][39m[0m
[0m[32m[39m [46m[PACKAGE][49m [32mVers. : 1.2.1 - 1.2.09scho[39m[0m
[0m[32m[39m [46m[PACKAGE][49m [32mPatch Note. : **[PN_13-03-2025]** La version 1.2.01sc modifie les messages shift et patch la commande /clear.,[39m[0m
[0m[32m**[PN_14-03-2025]** La version 1.2.05sch modifie la commande /help pour ajouter des commandes spéciales.,[39m[0m
[0m[32m**[PN_19-03-2025]** La version 1.2.1 (1.2.09scho) patch la commande /openservice et modifie la commande /userinfo, ajoutant des informations.[39m[0m
[0m[32m[39m[0m
[104m2025-05-10T13:05:28.411Z [CLIENT DISCORD] [49m[0m[34m==============================[39m[0m
[104m2025-05-10T13:05:28.411Z [CLIENT DISCORD] [49m[0m[32m🚀 Démarrage du bot...[39m[0m
[104m2025-05-10T13:05:28.411Z [CLIENT DISCORD] [49m[0m[33m🔗 Connexion à Discord API...[39m[0m
[104m2025-05-10T13:05:28.411Z [CLIENT DISCORD] [49m[0m[36m✅ Bot RP en ligne ! Connect111é en tant que Catherine#8045[39m[0m
[104m2025-05-10T13:05:28.411Z [CLIENT DISCORD] [49m[0m[34m==============================[39m[0m
[0m[34m[39m[0m
[104m2025-05-10T13:05:28.411Z [CLIENT DISCORD] [49m[0m🤖 Connecté en tant que Catherine#8045[0m
[104m2025-05-10T13:05:28.411Z [CLIENT DISCORD] [49m[0mGuild récupéré :  Florida Highway Patrol | Palm Bay RP[0m
[104m2025-05-10T13:05:28.411Z [CLIENT DISCORD] [49m[0mCommandes existantes :  tabsdiv, tabs, createreport, div, role, checklog, viewdata, cleardata, requestroleinit, bypass, register, music, info, pex, openservice, infoshift, recruit, help, ban, ticket, shutdown, userinfo, send, clear, kick, warn, mute, rename, shift, promote[0m
[43m2025-05-10T13:05:28.411Z [WARN] ⚠️ Commandes déjà enregistrées pour ce serveur.[49m
[42m[30m🔔2025-05-10T13:05:29.979Z [🟢 SOFT NOTIFY]  Arguments passés : [33mAucun[39m[30m[39m[49m
[42m[30m🔔2025-05-10T13:05:29.980Z [🟢 SOFT NOTIFY]  Aucun mode de lancement spécifié.[39m[49m
[41m2025-05-10T13:05:28.411Z [ERROR] ⚠️ Salon de logs introuvable ou non textuel.[49m
[41m2025-05-10T13:05:28.411Z [ERROR] (node:23784) Warning: Supplying "ephemeral" for interaction response options is deprecated. Utilize flags instead.[49m
[41m(Use `node --trace-warnings ...` to show where the warning was created)[49m
[104m2025-05-10T13:05:28.411Z [CLIENT DISCORD] [49m[0m[BUTTON] francois.piano a exécuté l'interaction bouton close_def dans 1370748252751663226[0m
[104m2025-05-10T13:06:40.558Z [CLIENT DISCORD] [49m[0mLes modules  [32mloggers[39m [0m[0m ont correctement été exporté.[0m[0m[0m
[104m2025-05-10T13:06:40.558Z [CLIENT DISCORD] [49m[0mLes modules  [32mutils.js[39m [0m[0m ont correctement été exporté.[0m[0m[0m
[104m2025-05-10T13:06:40.558Z [CLIENT DISCORD] [49m[0mL'interaction  [32mbuttons.js[39m [0m[0m ont correctement été exporté.[0m[0m[0m
[104m2025-05-10T13:06:40.558Z [CLIENT DISCORD] [49m[0mL'interaction  [32mcommands.js[39m [0m[0m ont correctement été exporté.[0m[0m[0m
[104m2025-05-10T13:06:40.558Z [CLIENT DISCORD] [49m[0mL'interaction  [32mmodals.js[39m [0m[0m ont correctement été exporté.[0m[0m[0m
[42m[30m🔔2025-05-10T13:06:40.836Z [🟢 SOFT NOTIFY]  guildBanAdd.js,guildBanRemove.js,guildMemberAdd.js,guildMemberRemove.js,interactionCreate.js,messageCreate.js,messageDelete.js,messageUpdate.js,ready.js[39m[49m
[104m2025-05-10T13:06:40.558Z [CLIENT DISCORD] [49m[0m✅ Données rechargées depuis config.json : [object Object][0m
[45m2025-05-10T13:06:40.558Z [DEBUG] Hi !![49m
[104m2025-05-10T13:06:40.558Z [CLIENT DISCORD] [49m[0m[42m[30mChargement du fichier index.js[39m[49m[0m
[41m[30m🔔2025-05-10T13:06:40.840Z [🔴 CRITICAL NOTIFY]  Hey![39m[49m
[104m2025-05-10T13:06:40.558Z [CLIENT DISCORD] [49m[0m[42m[30mChargement des informations du package.[39m[49m[0m
[0m[42m[30m[39m[49m [46m[PACKAGE][49m [32mAuth. : François 🌺[39m[0m
[0m[32m[39m [46m[PACKAGE][49m [32mDepd. : @discordjs/voice, axios, chalk, discord-html-transcripts, discord.js, dotenv, fs, play-dl, yt-search, ytdl-core, ytdl-core-discord[39m[0m
[0m[32m[39m [46m[PACKAGE][49m [32mDesc. : The official bot of LSSD.[39m[0m
[0m[32m[39m [46m[PACKAGE][49m [32mLisc. : ISC[39m[0m
[0m[32m[39m [46m[PACKAGE][49m [32mMain. : index.js[39m[0m
[0m[32m[39m [46m[PACKAGE][49m [32mName. : catherine[39m[0m
[0m[32m[39m [46m[PACKAGE][49m [32mScrp. : [object Object][39m[0m
[0m[32m[39m [46m[PACKAGE][49m [32mVers. : 1.2.1 - 1.2.09scho[39m[0m
[0m[32m[39m [46m[PACKAGE][49m [32mPatch Note. : **[PN_13-03-2025]** La version 1.2.01sc modifie les messages shift et patch la commande /clear.,[39m[0m
[0m[32m**[PN_14-03-2025]** La version 1.2.05sch modifie la commande /help pour ajouter des commandes spéciales.,[39m[0m
[0m[32m**[PN_19-03-2025]** La version 1.2.1 (1.2.09scho) patch la commande /openservice et modifie la commande /userinfo, ajoutant des informations.[39m[0m
[0m[32m[39m[0m
[104m2025-05-10T13:06:40.558Z [CLIENT DISCORD] [49m[0m[34m==============================[39m[0m
[104m2025-05-10T13:06:40.558Z [CLIENT DISCORD] [49m[0m[32m🚀 Démarrage du bot...[39m[0m
[104m2025-05-10T13:06:40.558Z [CLIENT DISCORD] [49m[0m[33m🔗 Connexion à Discord API...[39m[0m
[104m2025-05-10T13:06:40.558Z [CLIENT DISCORD] [49m[0m[36m✅ Bot RP en ligne ! Connect111é en tant que Catherine#8045[39m[0m
[104m2025-05-10T13:06:40.558Z [CLIENT DISCORD] [49m[0m[34m==============================[39m[0m
[0m[34m[39m[0m
[104m2025-05-10T13:06:40.558Z [CLIENT DISCORD] [49m[0m🤖 Connecté en tant que Catherine#8045[0m
[104m2025-05-10T13:06:40.558Z [CLIENT DISCORD] [49m[0mGuild récupéré :  Florida Highway Patrol | Palm Bay RP[0m
[104m2025-05-10T13:06:40.558Z [CLIENT DISCORD] [49m[0mCommandes existantes :  tabsdiv, tabs, createreport, div, role, checklog, viewdata, cleardata, requestroleinit, bypass, register, music, info, pex, openservice, infoshift, recruit, help, ban, ticket, shutdown, userinfo, send, clear, kick, warn, mute, rename, shift, promote[0m
[43m2025-05-10T13:06:40.558Z [WARN] ⚠️ Commandes déjà enregistrées pour ce serveur.[49m
[42m[30m🔔2025-05-10T13:06:42.220Z [🟢 SOFT NOTIFY]  Arguments passés : [33mAucun[39m[30m[39m[49m
[42m[30m🔔2025-05-10T13:06:42.220Z [🟢 SOFT NOTIFY]  Aucun mode de lancement spécifié.[39m[49m
[104m2025-05-10T13:06:40.558Z [CLIENT DISCORD] [49m[0m[BUTTON] francois.piano a exécuté l'interaction bouton close_def dans 1370748252751663226[0m
[42m[30m🔔2025-05-10T13:06:44.776Z [🟢 SOFT NOTIFY]  🗑️ [ACTION BUTTON] : Ticket supprimé avec succès.[39m[49m
[104m2025-05-10T13:06:40.558Z [CLIENT DISCORD] [49m[0m[94m[MESSAGE_SENT][39m [32mfrancois.piano[39m [0m[0ma envoyé[0m[0m [32m# Patch Note Bot[39m[0m
[0m[32m-# v1.4 - Ticket Patch[39m[0m
[0m[32m[39m[0m
[0m[32mPour palier aux suppression de channel (!!!!!!!!), vous retrouverez dans <#1342566050742403253> la retranscription de channel.[39m[0m
[0m[32mTélécharger le fichier et ouvrez le dans Chrome.[39m[0m
[0m[32m[39m[0m
[0m[32mBise :)[39m [0m[0mdans[0m[0m [32mbots-implements[39m[0m
[104m2025-05-10T13:06:40.558Z [CLIENT DISCORD] [49m[0m[94m[MESSAGE_SENT][39m [32mmathiieeuu[39m [0m[0ma envoyé[0m[0m [32mC’est bon là ?[39m [0m[0mdans[0m[0m [32mmoderator-only[39m[0m
[104m2025-05-10T13:06:40.558Z [CLIENT DISCORD] [49m[0m[94m[MESSAGE_SENT][39m [32mnatael_mds[39m [0m[0ma envoyé[0m[0m [32mLe sirènes dépendaient de la génération du système ELS et c’est bien plus réaliste, immersif, et divers[39m [0m[0mdans[0m[0m [32m💬-discussion-hrp[39m[0m
[104m2025-05-10T13:06:40.558Z [CLIENT DISCORD] [49m[0m[94m[MESSAGE_SENT][39m [32mfrancois.piano[39m [0m[0ma envoyé[0m[0m [32mmoi oui en tout cas[39m [0m[0mdans[0m[0m [32mmoderator-only[39m[0m
