[2025-10-09T10:07:24.438Z] 2025-10-09 12:07:24 [CLIENT DISCORD] Les modules [32mloggers[39m ont correctement été exportés.
[2025-10-09T10:07:24.439Z] 2025-10-09 12:07:24 [DEBUG] 📦 Checking version from local...
[2025-10-09T10:07:24.439Z] 2025-10-09 12:07:24 [CLIENT DISCORD] 📦 Nom : catherine
[2025-10-09T10:07:24.439Z] 2025-10-09 12:07:24 [CLIENT DISCORD] 🕒 Version locale : 2.3.2
[2025-10-09T10:07:24.439Z] 2025-10-09 12:07:24 [DEBUG] 🌐 Checking version from GitHub...
[2025-10-09T10:07:24.462Z] [EVENT] 2025-10-09 12:07:24 [📅 EVENT NOTIFY] Chargé : guildBanAdd
[2025-10-09T10:07:24.464Z] [EVENT] 2025-10-09 12:07:24 [📅 EVENT NOTIFY] Chargé : guildBanRemove
[2025-10-09T10:07:24.465Z] [EVENT] 2025-10-09 12:07:24 [📅 EVENT NOTIFY] Chargé : guildMemberAdd
[2025-10-09T10:07:24.465Z] [EVENT] 2025-10-09 12:07:24 [📅 EVENT NOTIFY] Chargé : guildMemberRemove
[2025-10-09T10:07:24.467Z] 2025-10-09 12:07:24 [CLIENT DISCORD] Les modules  [32mutils.js[39m [0m ont correctement été exporté.[0m
[2025-10-09T10:07:24.671Z] 2025-10-09 12:07:24 [CLIENT DISCORD] L'interaction  [32mbuttons.js[39m [0m ont correctement été exporté.[0m
[2025-10-09T10:07:24.784Z] 2025-10-09 12:07:24 [CLIENT DISCORD] L'interaction  [32mmodals.js[39m [0m ont correctement été exporté.[0m
[2025-10-09T10:07:24.784Z] [EVENT] 2025-10-09 12:07:24 [📅 EVENT NOTIFY] Chargé : interactionCreate
[2025-10-09T10:07:24.785Z] [EVENT] 2025-10-09 12:07:24 [📅 EVENT NOTIFY] Chargé : messageCreate
[2025-10-09T10:07:24.785Z] [EVENT] 2025-10-09 12:07:24 [📅 EVENT NOTIFY] Chargé : messageDelete
[2025-10-09T10:07:24.786Z] [EVENT] 2025-10-09 12:07:24 [📅 EVENT NOTIFY] Chargé : messageUpdate
[2025-10-09T10:07:24.792Z] 2025-10-09 12:07:24 [CLIENT DISCORD] Les modules  [32mcommands.js[39m [0m ont correctement été exporté.[0m
[2025-10-09T10:07:24.795Z] [EVENT] 2025-10-09 12:07:24 [📅 EVENT NOTIFY] Chargé : ready
[2025-10-09T10:07:24.795Z] [EVENT] 2025-10-09 12:07:24 [📅 EVENT NOTIFY] Chargé : voiceStateUpdate
[2025-10-09T10:07:24.797Z] [COMMANDS] 2025-10-09 12:07:24 [📌 COMMANDS NOTIFY] Chargée : ban
[2025-10-09T10:07:24.797Z] [COMMANDS] 2025-10-09 12:07:24 [📌 COMMANDS NOTIFY] Chargée : clear
[2025-10-09T10:07:24.798Z] [COMMANDS] 2025-10-09 12:07:24 [📌 COMMANDS NOTIFY] Chargée : createreport
[2025-10-09T10:07:24.798Z] [COMMANDS] 2025-10-09 12:07:24 [📌 COMMANDS NOTIFY] Chargée : div
[2025-10-09T10:07:24.799Z] [COMMANDS] 2025-10-09 12:07:24 [📌 COMMANDS NOTIFY] Chargée : help
[2025-10-09T10:07:24.799Z] [COMMANDS] 2025-10-09 12:07:24 [📌 COMMANDS NOTIFY] Chargée : info
[2025-10-09T10:07:24.799Z] [COMMANDS] 2025-10-09 12:07:24 [📌 COMMANDS NOTIFY] Chargée : infoshift
[2025-10-09T10:07:24.799Z] [COMMANDS] 2025-10-09 12:07:24 [📌 COMMANDS NOTIFY] Chargée : kick
[2025-10-09T10:07:24.800Z] [COMMANDS] 2025-10-09 12:07:24 [📌 COMMANDS NOTIFY] Chargée : mute
[2025-10-09T10:07:24.800Z] [COMMANDS] 2025-10-09 12:07:24 [📌 COMMANDS NOTIFY] Chargée : openservice
[2025-10-09T10:07:24.801Z] [COMMANDS] 2025-10-09 12:07:24 [📌 COMMANDS NOTIFY] Chargée : pex
[2025-10-09T10:07:24.805Z] [COMMANDS] 2025-10-09 12:07:24 [📌 COMMANDS NOTIFY] Chargée : play
[2025-10-09T10:07:24.805Z] [COMMANDS] 2025-10-09 12:07:24 [📌 COMMANDS NOTIFY] Chargée : promote
[2025-10-09T10:07:24.806Z] [COMMANDS] 2025-10-09 12:07:24 [📌 COMMANDS NOTIFY] Chargée : recruit
[2025-10-09T10:07:24.806Z] [COMMANDS] 2025-10-09 12:07:24 [📌 COMMANDS NOTIFY] Chargée : rename
[2025-10-09T10:07:24.806Z] [COMMANDS] 2025-10-09 12:07:24 [📌 COMMANDS NOTIFY] Chargée : role
[2025-10-09T10:07:24.806Z] [COMMANDS] 2025-10-09 12:07:24 [📌 COMMANDS NOTIFY] Chargée : send
[2025-10-09T10:07:24.807Z] [COMMANDS] 2025-10-09 12:07:24 [📌 COMMANDS NOTIFY] Chargée : shift
[2025-10-09T10:07:24.807Z] [COMMANDS] 2025-10-09 12:07:24 [📌 COMMANDS NOTIFY] Chargée : ticket
[2025-10-09T10:07:24.808Z] [COMMANDS] 2025-10-09 12:07:24 [📌 COMMANDS NOTIFY] Chargée : userinfo
[2025-10-09T10:07:24.808Z] [COMMANDS] 2025-10-09 12:07:24 [📌 COMMANDS NOTIFY] Chargée : warn
[2025-10-09T10:07:24.809Z] 2025-10-09 12:07:24 [CLIENT DISCORD] [42m[30mChargement des informations du package.[39m[49m
[42m[30m[39m[49m [46m[PACKAGE][49m [32mAuth. : François 🌸[39m
[32m[39m [46m[PACKAGE][49m [32mDepd. : axios, chalk, cron, discord-html-transcripts, discord-player, discord.js, distube, dotenv, express, express-session, form-data, fs, googleapis, luxon, multer, node-cron, node-fetch, ora, patch, path, pdf-lib, pdfkit, play-dl, readline, rl, uuid[39m
[32m[39m [46m[PACKAGE][49m [32mDesc. : Official Bot Catherine for 911 Community.[39m
[32m[39m [46m[PACKAGE][49m [32mLisc. : ISC[39m
[32m[39m [46m[PACKAGE][49m [32mMain. : index.js[39m
[32m[39m [46m[PACKAGE][49m [32mName. : catherine[39m
[32m[39m [46m[PACKAGE][49m [32mScrp. : {"test":"echo \"Error: no test specified\" && exit 1","start":"node server.js"}[39m
[32m[39m [46m[PACKAGE][49m [32mVers. : 2.3.2[39m
[32m[39m [46m[PACKAGE][49m [32mPatch Note. : **[PN - 07/06]** *Passage 2.0 with new patch (shift, tabs... new commands handler)*[39m
[32m[39m
[2025-10-09T10:07:25.173Z] 2025-10-09 12:07:25 [CLIENT DISCORD] 📦 Nom GitHub : catherine
[2025-10-09T10:07:25.174Z] 2025-10-09 12:07:25 [CLIENT DISCORD] 🕒 Version distante : 2.3.2
[2025-10-09T10:07:25.174Z] [INFO] 2025-10-09 12:07:25 [ℹ️ INFO NOTIFY] ✅ Les versions sont identiques.
[2025-10-09T10:07:25.637Z] 2025-10-09 12:07:25 [DEBUG] 📦 Checking version from local...
[2025-10-09T10:07:25.638Z] 2025-10-09 12:07:25 [CLIENT DISCORD] 📦 Nom : catherine
[2025-10-09T10:07:25.638Z] 2025-10-09 12:07:25 [CLIENT DISCORD] 🕒 Version locale : 2.3.2
[2025-10-09T10:07:25.638Z] 2025-10-09 12:07:25 [DEBUG] 🌐 Checking version from GitHub...
[2025-10-09T10:07:25.839Z] 2025-10-09 12:07:25 [CLIENT DISCORD] 📦 Nom GitHub : catherine
[2025-10-09T10:07:25.839Z] 2025-10-09 12:07:25 [CLIENT DISCORD] 🕒 Version distante : 2.3.2
[2025-10-09T10:07:25.839Z] [INFO] 2025-10-09 12:07:25 [ℹ️ INFO NOTIFY] ✅ Les versions sont identiques.
[2025-10-09T10:07:25.839Z] 2025-10-09 12:07:25 [CLIENT DISCORD] [34m==============================[39m
[2025-10-09T10:07:25.839Z] 2025-10-09 12:07:25 [CLIENT DISCORD] [32m🚀 Démarrage du bot...[39m
[2025-10-09T10:07:25.839Z] 2025-10-09 12:07:25 [CLIENT DISCORD] [33m🔗 Connexion à Discord API...[39m
[2025-10-09T10:07:25.839Z] 2025-10-09 12:07:25 [CLIENT DISCORD] [36m✅ Bot RP en ligne ! Connecté en tant que 293 | Catherine#8045[39m
[2025-10-09T10:07:25.839Z] 2025-10-09 12:07:25 [CLIENT DISCORD] [34m==============================[39m
[34m[39m
[2025-10-09T10:07:25.843Z] 2025-10-09 12:07:25 [CLIENT DISCORD] [player] Initialisation du Player terminée.
[2025-10-09T10:07:25.844Z] 2025-10-09 12:07:25 [CLIENT DISCORD] [player] Extracteurs chargés avec succès.
[2025-10-09T10:07:25.844Z] 2025-10-09 12:07:25 [CLIENT DISCORD] 📥 Serveur trouvé : San Andreas State Police
[2025-10-09T10:07:26.045Z] 2025-10-09 12:07:26 [CLIENT DISCORD] 🔍 Commandes déjà présentes : play, rules, createreport, div, role, info, pex, openservice, infoshift, recruit, help, ban, ticket, shutdown, userinfo, send, clear, kick, warn, mute, rename, shift, promote
[2025-10-09T10:07:26.045Z] 2025-10-09 12:07:26 [WARN] ⚠️ Les commandes sont déjà enregistrées. Lance avec 'debug' pour forcer l'écrasement.
[2025-10-09T10:07:26.046Z] 2025-10-09 12:07:26 [ERROR] ❌ Erreur lors de l'enregistrement des commandes : {}
[2025-10-09T10:07:26.046Z] 2025-10-09 12:07:26 [CLIENT DISCORD] ✅ Bot prêt en tant que 293 | Catherine#8045
[2025-10-09T10:07:26.053Z] 2025-10-09 12:07:26 [CLIENT DISCORD] [Cron] 🕒 Démarrage de la régénération automatique de la hiérarchie (tabs)...
[2025-10-09T10:07:26.054Z] 2025-10-09 12:07:26 [CLIENT DISCORD] [Cron] 🕒 Démarrage de la régénération automatique de la hiérarchie... (div)
[2025-10-09T10:07:26.279Z] 2025-10-09 12:07:26 [WARN] [!] (DIV) Ancien message non trouvé ou déjà supprimé.
[2025-10-09T10:07:26.509Z] 2025-10-09 12:07:26 [WARN] [!] (TABS) Ancien message non trouvé ou déjà supprimé.
[2025-10-09T10:07:27.351Z] 2025-10-09 12:07:27 [CLIENT DISCORD] [✅] Hiérarchie DIV envoyée.
[2025-10-09T10:07:27.352Z] 2025-10-09 12:07:27 [CLIENT DISCORD] [Cron] 🕒 Fin de la régénération automatique de la hiérarchie.
[2025-10-09T10:07:27.742Z] 2025-10-09 12:07:27 [CLIENT DISCORD] [✅] Hiérarchie TABS envoyée.
[2025-10-09T10:07:27.742Z] 2025-10-09 12:07:27 [CLIENT DISCORD] [Cron] 🕒 Fin de la régénération automatique de la hiérarchie.
[2025-10-09T10:11:44.449Z] 2025-10-09 12:11:44 [CLIENT DISCORD] Les modules [32mloggers[39m ont correctement été exportés.
[2025-10-09T10:11:44.450Z] 2025-10-09 12:11:44 [DEBUG] 📦 Checking version from local...
[2025-10-09T10:11:44.450Z] 2025-10-09 12:11:44 [CLIENT DISCORD] 📦 Nom : catherine
[2025-10-09T10:11:44.451Z] 2025-10-09 12:11:44 [CLIENT DISCORD] 🕒 Version locale : 2.3.2
[2025-10-09T10:11:44.451Z] 2025-10-09 12:11:44 [DEBUG] 🌐 Checking version from GitHub...
[2025-10-09T10:11:44.472Z] [EVENT] 2025-10-09 12:11:44 [📅 EVENT NOTIFY] Chargé : guildBanAdd
[2025-10-09T10:11:44.472Z] [EVENT] 2025-10-09 12:11:44 [📅 EVENT NOTIFY] Chargé : guildBanRemove
[2025-10-09T10:11:44.472Z] [EVENT] 2025-10-09 12:11:44 [📅 EVENT NOTIFY] Chargé : guildMemberAdd
[2025-10-09T10:11:44.473Z] [EVENT] 2025-10-09 12:11:44 [📅 EVENT NOTIFY] Chargé : guildMemberRemove
[2025-10-09T10:11:44.473Z] 2025-10-09 12:11:44 [CLIENT DISCORD] Les modules  [32mutils.js[39m [0m ont correctement été exporté.[0m
[2025-10-09T10:11:44.591Z] 2025-10-09 12:11:44 [CLIENT DISCORD] L'interaction  [32mbuttons.js[39m [0m ont correctement été exporté.[0m
[2025-10-09T10:11:44.638Z] 2025-10-09 12:11:44 [CLIENT DISCORD] L'interaction  [32mmodals.js[39m [0m ont correctement été exporté.[0m
[2025-10-09T10:11:44.638Z] [EVENT] 2025-10-09 12:11:44 [📅 EVENT NOTIFY] Chargé : interactionCreate
[2025-10-09T10:11:44.638Z] [EVENT] 2025-10-09 12:11:44 [📅 EVENT NOTIFY] Chargé : messageCreate
[2025-10-09T10:11:44.638Z] [EVENT] 2025-10-09 12:11:44 [📅 EVENT NOTIFY] Chargé : messageDelete
[2025-10-09T10:11:44.639Z] [EVENT] 2025-10-09 12:11:44 [📅 EVENT NOTIFY] Chargé : messageUpdate
[2025-10-09T10:11:44.642Z] 2025-10-09 12:11:44 [CLIENT DISCORD] Les modules  [32mcommands.js[39m [0m ont correctement été exporté.[0m
[2025-10-09T10:11:44.645Z] [EVENT] 2025-10-09 12:11:44 [📅 EVENT NOTIFY] Chargé : ready
[2025-10-09T10:11:44.645Z] [EVENT] 2025-10-09 12:11:44 [📅 EVENT NOTIFY] Chargé : voiceStateUpdate
[2025-10-09T10:11:44.646Z] [COMMANDS] 2025-10-09 12:11:44 [📌 COMMANDS NOTIFY] Chargée : ban
[2025-10-09T10:11:44.646Z] [COMMANDS] 2025-10-09 12:11:44 [📌 COMMANDS NOTIFY] Chargée : clear
[2025-10-09T10:11:44.647Z] [COMMANDS] 2025-10-09 12:11:44 [📌 COMMANDS NOTIFY] Chargée : createreport
[2025-10-09T10:11:44.647Z] [COMMANDS] 2025-10-09 12:11:44 [📌 COMMANDS NOTIFY] Chargée : div
[2025-10-09T10:11:44.647Z] [COMMANDS] 2025-10-09 12:11:44 [📌 COMMANDS NOTIFY] Chargée : help
[2025-10-09T10:11:44.647Z] [COMMANDS] 2025-10-09 12:11:44 [📌 COMMANDS NOTIFY] Chargée : info
[2025-10-09T10:11:44.648Z] [COMMANDS] 2025-10-09 12:11:44 [📌 COMMANDS NOTIFY] Chargée : infoshift
[2025-10-09T10:11:44.648Z] [COMMANDS] 2025-10-09 12:11:44 [📌 COMMANDS NOTIFY] Chargée : kick
[2025-10-09T10:11:44.648Z] [COMMANDS] 2025-10-09 12:11:44 [📌 COMMANDS NOTIFY] Chargée : mute
[2025-10-09T10:11:44.648Z] [COMMANDS] 2025-10-09 12:11:44 [📌 COMMANDS NOTIFY] Chargée : openservice
[2025-10-09T10:11:44.649Z] [COMMANDS] 2025-10-09 12:11:44 [📌 COMMANDS NOTIFY] Chargée : pex
[2025-10-09T10:11:44.653Z] [COMMANDS] 2025-10-09 12:11:44 [📌 COMMANDS NOTIFY] Chargée : play
[2025-10-09T10:11:44.653Z] [COMMANDS] 2025-10-09 12:11:44 [📌 COMMANDS NOTIFY] Chargée : promote
[2025-10-09T10:11:44.653Z] [COMMANDS] 2025-10-09 12:11:44 [📌 COMMANDS NOTIFY] Chargée : recruit
[2025-10-09T10:11:44.653Z] [COMMANDS] 2025-10-09 12:11:44 [📌 COMMANDS NOTIFY] Chargée : rename
[2025-10-09T10:11:44.654Z] [COMMANDS] 2025-10-09 12:11:44 [📌 COMMANDS NOTIFY] Chargée : role
[2025-10-09T10:11:44.654Z] [COMMANDS] 2025-10-09 12:11:44 [📌 COMMANDS NOTIFY] Chargée : send
[2025-10-09T10:11:44.654Z] [COMMANDS] 2025-10-09 12:11:44 [📌 COMMANDS NOTIFY] Chargée : shift
[2025-10-09T10:11:44.655Z] [COMMANDS] 2025-10-09 12:11:44 [📌 COMMANDS NOTIFY] Chargée : ticket
[2025-10-09T10:11:44.655Z] [COMMANDS] 2025-10-09 12:11:44 [📌 COMMANDS NOTIFY] Chargée : userinfo
[2025-10-09T10:11:44.655Z] [COMMANDS] 2025-10-09 12:11:44 [📌 COMMANDS NOTIFY] Chargée : warn
[2025-10-09T10:11:44.656Z] 2025-10-09 12:11:44 [CLIENT DISCORD] [42m[30mChargement des informations du package.[39m[49m
[42m[30m[39m[49m [46m[PACKAGE][49m [32mAuth. : François 🌸[39m
[32m[39m [46m[PACKAGE][49m [32mDepd. : axios, chalk, cron, discord-html-transcripts, discord-player, discord.js, distube, dotenv, express, express-session, form-data, fs, googleapis, luxon, multer, node-cron, node-fetch, ora, patch, path, pdf-lib, pdfkit, play-dl, readline, rl, uuid[39m
[32m[39m [46m[PACKAGE][49m [32mDesc. : Official Bot Catherine for 911 Community.[39m
[32m[39m [46m[PACKAGE][49m [32mLisc. : ISC[39m
[32m[39m [46m[PACKAGE][49m [32mMain. : index.js[39m
[32m[39m [46m[PACKAGE][49m [32mName. : catherine[39m
[32m[39m [46m[PACKAGE][49m [32mScrp. : {"test":"echo \"Error: no test specified\" && exit 1","start":"node server.js"}[39m
[32m[39m [46m[PACKAGE][49m [32mVers. : 2.3.2[39m
[32m[39m [46m[PACKAGE][49m [32mPatch Note. : **[PN - 07/06]** *Passage 2.0 with new patch (shift, tabs... new commands handler)*[39m
[32m[39m
[2025-10-09T10:11:45.001Z] 2025-10-09 12:11:45 [CLIENT DISCORD] 📦 Nom GitHub : catherine
[2025-10-09T10:11:45.001Z] 2025-10-09 12:11:45 [CLIENT DISCORD] 🕒 Version distante : 2.3.2
[2025-10-09T10:11:45.002Z] [INFO] 2025-10-09 12:11:45 [ℹ️ INFO NOTIFY] ✅ Les versions sont identiques.
[2025-10-09T10:11:45.566Z] 2025-10-09 12:11:45 [DEBUG] 📦 Checking version from local...
[2025-10-09T10:11:45.566Z] 2025-10-09 12:11:45 [CLIENT DISCORD] 📦 Nom : catherine
[2025-10-09T10:11:45.567Z] 2025-10-09 12:11:45 [CLIENT DISCORD] 🕒 Version locale : 2.3.2
[2025-10-09T10:11:45.567Z] 2025-10-09 12:11:45 [DEBUG] 🌐 Checking version from GitHub...
[2025-10-09T10:11:45.876Z] 2025-10-09 12:11:45 [CLIENT DISCORD] 📦 Nom GitHub : catherine
[2025-10-09T10:11:45.876Z] 2025-10-09 12:11:45 [CLIENT DISCORD] 🕒 Version distante : 2.3.2
[2025-10-09T10:11:45.877Z] [INFO] 2025-10-09 12:11:45 [ℹ️ INFO NOTIFY] ✅ Les versions sont identiques.
[2025-10-09T10:11:45.877Z] 2025-10-09 12:11:45 [CLIENT DISCORD] [34m==============================[39m
[2025-10-09T10:11:45.877Z] 2025-10-09 12:11:45 [CLIENT DISCORD] [32m🚀 Démarrage du bot...[39m
[2025-10-09T10:11:45.877Z] 2025-10-09 12:11:45 [CLIENT DISCORD] [33m🔗 Connexion à Discord API...[39m
[2025-10-09T10:11:45.877Z] 2025-10-09 12:11:45 [CLIENT DISCORD] [36m✅ Bot RP en ligne ! Connecté en tant que 293 | Catherine#8045[39m
[2025-10-09T10:11:45.878Z] 2025-10-09 12:11:45 [CLIENT DISCORD] [34m==============================[39m
[34m[39m
[2025-10-09T10:11:45.882Z] 2025-10-09 12:11:45 [CLIENT DISCORD] [player] Initialisation du Player terminée.
[2025-10-09T10:11:45.883Z] 2025-10-09 12:11:45 [CLIENT DISCORD] [player] Extracteurs chargés avec succès.
[2025-10-09T10:11:45.883Z] 2025-10-09 12:11:45 [CLIENT DISCORD] 📥 Serveur trouvé : San Andreas State Police
[2025-10-09T10:11:46.054Z] 2025-10-09 12:11:46 [CLIENT DISCORD] 🔍 Commandes déjà présentes : play, rules, createreport, div, role, info, pex, openservice, infoshift, recruit, help, ban, ticket, shutdown, userinfo, send, clear, kick, warn, mute, rename, shift, promote
[2025-10-09T10:11:46.054Z] 2025-10-09 12:11:46 [WARN] ⚠️ Les commandes sont déjà enregistrées. Lance avec 'debug' pour forcer l'écrasement.
[2025-10-09T10:11:46.055Z] 2025-10-09 12:11:46 [ERROR] ❌ Erreur lors de l'enregistrement des commandes : {}
[2025-10-09T10:11:46.055Z] 2025-10-09 12:11:46 [CLIENT DISCORD] ✅ Bot prêt en tant que 293 | Catherine#8045
[2025-10-09T10:11:46.058Z] 2025-10-09 12:11:46 [CLIENT DISCORD] [Cron] 🕒 Démarrage de la régénération automatique de la hiérarchie (tabs)...
[2025-10-09T10:11:46.059Z] 2025-10-09 12:11:46 [CLIENT DISCORD] [Cron] 🕒 Démarrage de la régénération automatique de la hiérarchie... (div)
[2025-10-09T10:11:46.718Z] [NOTIFY] 2025-10-09 12:11:46 [🟢 SOFT NOTIFY] Message DIV supprimé
[2025-10-09T10:11:46.913Z] [NOTIFY] 2025-10-09 12:11:46 [🟢 SOFT NOTIFY] Message TABS supprimé
[2025-10-09T10:11:47.538Z] 2025-10-09 12:11:47 [CLIENT DISCORD] [✅] Hiérarchie DIV envoyée.
[2025-10-09T10:11:47.538Z] 2025-10-09 12:11:47 [CLIENT DISCORD] [Cron] 🕒 Fin de la régénération automatique de la hiérarchie.
[2025-10-09T10:11:47.968Z] 2025-10-09 12:11:47 [CLIENT DISCORD] [✅] Hiérarchie TABS envoyée.
[2025-10-09T10:11:47.968Z] 2025-10-09 12:11:47 [CLIENT DISCORD] [Cron] 🕒 Fin de la régénération automatique de la hiérarchie.
[2025-10-09T19:18:46.704Z] 2025-10-09 21:18:46 [CLIENT DISCORD] Les modules [32mloggers[39m ont correctement été exportés.
[2025-10-09T19:18:46.705Z] 2025-10-09 21:18:46 [DEBUG] 📦 Checking version from local...
[2025-10-09T19:18:46.706Z] 2025-10-09 21:18:46 [CLIENT DISCORD] 📦 Nom : catherine
[2025-10-09T19:18:46.706Z] 2025-10-09 21:18:46 [CLIENT DISCORD] 🕒 Version locale : 2.3.2
[2025-10-09T19:18:46.706Z] 2025-10-09 21:18:46 [DEBUG] 🌐 Checking version from GitHub...
[2025-10-09T19:18:46.727Z] [EVENT] 2025-10-09 21:18:46 [📅 EVENT NOTIFY] Chargé : guildBanAdd
[2025-10-09T19:18:46.728Z] [EVENT] 2025-10-09 21:18:46 [📅 EVENT NOTIFY] Chargé : guildBanRemove
[2025-10-09T19:18:46.728Z] [EVENT] 2025-10-09 21:18:46 [📅 EVENT NOTIFY] Chargé : guildMemberAdd
[2025-10-09T19:18:46.729Z] [EVENT] 2025-10-09 21:18:46 [📅 EVENT NOTIFY] Chargé : guildMemberRemove
[2025-10-09T19:18:46.730Z] 2025-10-09 21:18:46 [CLIENT DISCORD] Les modules  [32mutils.js[39m [0m ont correctement été exporté.[0m
[2025-10-09T19:18:46.902Z] 2025-10-09 21:18:46 [CLIENT DISCORD] L'interaction  [32mbuttons.js[39m [0m ont correctement été exporté.[0m
[2025-10-09T19:18:46.961Z] 2025-10-09 21:18:46 [CLIENT DISCORD] L'interaction  [32mmodals.js[39m [0m ont correctement été exporté.[0m
[2025-10-09T19:18:46.961Z] [EVENT] 2025-10-09 21:18:46 [📅 EVENT NOTIFY] Chargé : interactionCreate
[2025-10-09T19:18:46.961Z] [EVENT] 2025-10-09 21:18:46 [📅 EVENT NOTIFY] Chargé : messageCreate
[2025-10-09T19:18:46.961Z] [EVENT] 2025-10-09 21:18:46 [📅 EVENT NOTIFY] Chargé : messageDelete
[2025-10-09T19:18:46.962Z] [EVENT] 2025-10-09 21:18:46 [📅 EVENT NOTIFY] Chargé : messageUpdate
[2025-10-09T19:18:46.969Z] 2025-10-09 21:18:46 [CLIENT DISCORD] Les modules  [32mcommands.js[39m [0m ont correctement été exporté.[0m
[2025-10-09T19:18:46.972Z] [EVENT] 2025-10-09 21:18:46 [📅 EVENT NOTIFY] Chargé : ready
[2025-10-09T19:18:46.972Z] [EVENT] 2025-10-09 21:18:46 [📅 EVENT NOTIFY] Chargé : voiceStateUpdate
[2025-10-09T19:18:46.973Z] [COMMANDS] 2025-10-09 21:18:46 [📌 COMMANDS NOTIFY] Chargée : ban
[2025-10-09T19:18:46.974Z] [COMMANDS] 2025-10-09 21:18:46 [📌 COMMANDS NOTIFY] Chargée : clear
[2025-10-09T19:18:46.974Z] [COMMANDS] 2025-10-09 21:18:46 [📌 COMMANDS NOTIFY] Chargée : createreport
[2025-10-09T19:18:46.974Z] [COMMANDS] 2025-10-09 21:18:46 [📌 COMMANDS NOTIFY] Chargée : div
[2025-10-09T19:18:46.975Z] [COMMANDS] 2025-10-09 21:18:46 [📌 COMMANDS NOTIFY] Chargée : help
[2025-10-09T19:18:46.975Z] [COMMANDS] 2025-10-09 21:18:46 [📌 COMMANDS NOTIFY] Chargée : info
[2025-10-09T19:18:46.975Z] [COMMANDS] 2025-10-09 21:18:46 [📌 COMMANDS NOTIFY] Chargée : infoshift
[2025-10-09T19:18:46.976Z] [COMMANDS] 2025-10-09 21:18:46 [📌 COMMANDS NOTIFY] Chargée : kick
[2025-10-09T19:18:46.976Z] [COMMANDS] 2025-10-09 21:18:46 [📌 COMMANDS NOTIFY] Chargée : mute
[2025-10-09T19:18:46.977Z] [COMMANDS] 2025-10-09 21:18:46 [📌 COMMANDS NOTIFY] Chargée : openservice
[2025-10-09T19:18:46.977Z] [COMMANDS] 2025-10-09 21:18:46 [📌 COMMANDS NOTIFY] Chargée : pex
[2025-10-09T19:18:46.981Z] [COMMANDS] 2025-10-09 21:18:46 [📌 COMMANDS NOTIFY] Chargée : play
[2025-10-09T19:18:46.982Z] [COMMANDS] 2025-10-09 21:18:46 [📌 COMMANDS NOTIFY] Chargée : promote
[2025-10-09T19:18:46.982Z] [COMMANDS] 2025-10-09 21:18:46 [📌 COMMANDS NOTIFY] Chargée : recruit
[2025-10-09T19:18:46.982Z] [COMMANDS] 2025-10-09 21:18:46 [📌 COMMANDS NOTIFY] Chargée : rename
[2025-10-09T19:18:46.982Z] [COMMANDS] 2025-10-09 21:18:46 [📌 COMMANDS NOTIFY] Chargée : role
[2025-10-09T19:18:46.983Z] [COMMANDS] 2025-10-09 21:18:46 [📌 COMMANDS NOTIFY] Chargée : send
[2025-10-09T19:18:46.983Z] [COMMANDS] 2025-10-09 21:18:46 [📌 COMMANDS NOTIFY] Chargée : shift
[2025-10-09T19:18:46.984Z] [COMMANDS] 2025-10-09 21:18:46 [📌 COMMANDS NOTIFY] Chargée : ticket
[2025-10-09T19:18:46.984Z] [COMMANDS] 2025-10-09 21:18:46 [📌 COMMANDS NOTIFY] Chargée : userinfo
[2025-10-09T19:18:46.984Z] [COMMANDS] 2025-10-09 21:18:46 [📌 COMMANDS NOTIFY] Chargée : warn
[2025-10-09T19:18:46.985Z] 2025-10-09 21:18:46 [CLIENT DISCORD] [42m[30mChargement des informations du package.[39m[49m
[42m[30m[39m[49m [46m[PACKAGE][49m [32mAuth. : François 🌸[39m
[32m[39m [46m[PACKAGE][49m [32mDepd. : axios, chalk, cron, discord-html-transcripts, discord-player, discord.js, distube, dotenv, express, express-session, form-data, fs, googleapis, luxon, multer, node-cron, node-fetch, ora, patch, path, pdf-lib, pdfkit, play-dl, readline, rl, uuid[39m
[32m[39m [46m[PACKAGE][49m [32mDesc. : Official Bot Catherine for 911 Community.[39m
[32m[39m [46m[PACKAGE][49m [32mLisc. : ISC[39m
[32m[39m [46m[PACKAGE][49m [32mMain. : index.js[39m
[32m[39m [46m[PACKAGE][49m [32mName. : catherine[39m
[32m[39m [46m[PACKAGE][49m [32mScrp. : {"test":"echo \"Error: no test specified\" && exit 1","start":"node server.js"}[39m
[32m[39m [46m[PACKAGE][49m [32mVers. : 2.3.2[39m
[32m[39m [46m[PACKAGE][49m [32mPatch Note. : **[PN - 07/06]** *Passage 2.0 with new patch (shift, tabs... new commands handler)*[39m
[32m[39m
[2025-10-09T19:18:47.716Z] 2025-10-09 21:18:47 [CLIENT DISCORD] 📦 Nom GitHub : catherine
[2025-10-09T19:18:47.716Z] 2025-10-09 21:18:47 [CLIENT DISCORD] 🕒 Version distante : 2.3.2
[2025-10-09T19:18:47.717Z] [INFO] 2025-10-09 21:18:47 [ℹ️ INFO NOTIFY] ✅ Les versions sont identiques.
[2025-10-09T19:18:48.774Z] 2025-10-09 21:18:48 [DEBUG] 📦 Checking version from local...
[2025-10-09T19:18:48.774Z] 2025-10-09 21:18:48 [CLIENT DISCORD] 📦 Nom : catherine
[2025-10-09T19:18:48.774Z] 2025-10-09 21:18:48 [CLIENT DISCORD] 🕒 Version locale : 2.3.2
[2025-10-09T19:18:48.774Z] 2025-10-09 21:18:48 [DEBUG] 🌐 Checking version from GitHub...
[2025-10-09T19:18:49.341Z] 2025-10-09 21:18:49 [CLIENT DISCORD] 📦 Nom GitHub : catherine
[2025-10-09T19:18:49.341Z] 2025-10-09 21:18:49 [CLIENT DISCORD] 🕒 Version distante : 2.3.2
[2025-10-09T19:18:49.341Z] [INFO] 2025-10-09 21:18:49 [ℹ️ INFO NOTIFY] ✅ Les versions sont identiques.
[2025-10-09T19:18:49.341Z] 2025-10-09 21:18:49 [CLIENT DISCORD] [34m==============================[39m
[2025-10-09T19:18:49.341Z] 2025-10-09 21:18:49 [CLIENT DISCORD] [32m🚀 Démarrage du bot...[39m
[2025-10-09T19:18:49.341Z] 2025-10-09 21:18:49 [CLIENT DISCORD] [33m🔗 Connexion à Discord API...[39m
[2025-10-09T19:18:49.341Z] 2025-10-09 21:18:49 [CLIENT DISCORD] [36m✅ Bot RP en ligne ! Connecté en tant que 293 | Catherine#8045[39m
[2025-10-09T19:18:49.341Z] 2025-10-09 21:18:49 [CLIENT DISCORD] [34m==============================[39m
[34m[39m
[2025-10-09T19:18:49.345Z] 2025-10-09 21:18:49 [CLIENT DISCORD] [player] Initialisation du Player terminée.
[2025-10-09T19:18:49.346Z] 2025-10-09 21:18:49 [CLIENT DISCORD] [player] Extracteurs chargés avec succès.
[2025-10-09T19:18:49.346Z] 2025-10-09 21:18:49 [CLIENT DISCORD] 📥 Serveur trouvé : San Andreas State Police
[2025-10-09T19:18:49.740Z] 2025-10-09 21:18:49 [CLIENT DISCORD] 🔍 Commandes déjà présentes : play, rules, createreport, div, role, info, pex, openservice, infoshift, recruit, help, ban, ticket, shutdown, userinfo, send, clear, kick, warn, mute, rename, shift, promote
[2025-10-09T19:18:49.740Z] 2025-10-09 21:18:49 [WARN] 🧹 Suppression de toutes les commandes...
[2025-10-09T19:18:49.993Z] 2025-10-09 21:18:49 [CLIENT DISCORD] ✅ Toutes les commandes du serveur San Andreas State Police ont été supprimées.
[2025-10-09T19:18:56.401Z] 2025-10-09 21:18:56 [CLIENT DISCORD] Les modules [32mloggers[39m ont correctement été exportés.
[2025-10-09T19:18:56.401Z] 2025-10-09 21:18:56 [DEBUG] 📦 Checking version from local...
[2025-10-09T19:18:56.401Z] 2025-10-09 21:18:56 [CLIENT DISCORD] 📦 Nom : catherine
[2025-10-09T19:18:56.402Z] 2025-10-09 21:18:56 [CLIENT DISCORD] 🕒 Version locale : 2.3.2
[2025-10-09T19:18:56.402Z] 2025-10-09 21:18:56 [DEBUG] 🌐 Checking version from GitHub...
[2025-10-09T19:18:56.422Z] [EVENT] 2025-10-09 21:18:56 [📅 EVENT NOTIFY] Chargé : guildBanAdd
[2025-10-09T19:18:56.423Z] [EVENT] 2025-10-09 21:18:56 [📅 EVENT NOTIFY] Chargé : guildBanRemove
[2025-10-09T19:18:56.423Z] [EVENT] 2025-10-09 21:18:56 [📅 EVENT NOTIFY] Chargé : guildMemberAdd
[2025-10-09T19:18:56.423Z] [EVENT] 2025-10-09 21:18:56 [📅 EVENT NOTIFY] Chargé : guildMemberRemove
[2025-10-09T19:18:56.424Z] 2025-10-09 21:18:56 [CLIENT DISCORD] Les modules  [32mutils.js[39m [0m ont correctement été exporté.[0m
[2025-10-09T19:18:56.542Z] 2025-10-09 21:18:56 [CLIENT DISCORD] L'interaction  [32mbuttons.js[39m [0m ont correctement été exporté.[0m
[2025-10-09T19:18:56.586Z] 2025-10-09 21:18:56 [CLIENT DISCORD] L'interaction  [32mmodals.js[39m [0m ont correctement été exporté.[0m
[2025-10-09T19:18:56.586Z] [EVENT] 2025-10-09 21:18:56 [📅 EVENT NOTIFY] Chargé : interactionCreate
[2025-10-09T19:18:56.587Z] [EVENT] 2025-10-09 21:18:56 [📅 EVENT NOTIFY] Chargé : messageCreate
[2025-10-09T19:18:56.587Z] [EVENT] 2025-10-09 21:18:56 [📅 EVENT NOTIFY] Chargé : messageDelete
[2025-10-09T19:18:56.587Z] [EVENT] 2025-10-09 21:18:56 [📅 EVENT NOTIFY] Chargé : messageUpdate
[2025-10-09T19:18:56.590Z] 2025-10-09 21:18:56 [CLIENT DISCORD] Les modules  [32mcommands.js[39m [0m ont correctement été exporté.[0m
[2025-10-09T19:18:56.593Z] [EVENT] 2025-10-09 21:18:56 [📅 EVENT NOTIFY] Chargé : ready
[2025-10-09T19:18:56.593Z] [EVENT] 2025-10-09 21:18:56 [📅 EVENT NOTIFY] Chargé : voiceStateUpdate
[2025-10-09T19:18:56.594Z] [COMMANDS] 2025-10-09 21:18:56 [📌 COMMANDS NOTIFY] Chargée : ban
[2025-10-09T19:18:56.594Z] [COMMANDS] 2025-10-09 21:18:56 [📌 COMMANDS NOTIFY] Chargée : clear
[2025-10-09T19:18:56.594Z] [COMMANDS] 2025-10-09 21:18:56 [📌 COMMANDS NOTIFY] Chargée : createreport
[2025-10-09T19:18:56.595Z] [COMMANDS] 2025-10-09 21:18:56 [📌 COMMANDS NOTIFY] Chargée : div
[2025-10-09T19:18:56.595Z] [COMMANDS] 2025-10-09 21:18:56 [📌 COMMANDS NOTIFY] Chargée : help
[2025-10-09T19:18:56.595Z] [COMMANDS] 2025-10-09 21:18:56 [📌 COMMANDS NOTIFY] Chargée : info
[2025-10-09T19:18:56.595Z] [COMMANDS] 2025-10-09 21:18:56 [📌 COMMANDS NOTIFY] Chargée : infoshift
[2025-10-09T19:18:56.596Z] [COMMANDS] 2025-10-09 21:18:56 [📌 COMMANDS NOTIFY] Chargée : kick
[2025-10-09T19:18:56.596Z] [COMMANDS] 2025-10-09 21:18:56 [📌 COMMANDS NOTIFY] Chargée : mute
[2025-10-09T19:18:56.596Z] [COMMANDS] 2025-10-09 21:18:56 [📌 COMMANDS NOTIFY] Chargée : openservice
[2025-10-09T19:18:56.596Z] [COMMANDS] 2025-10-09 21:18:56 [📌 COMMANDS NOTIFY] Chargée : pex
[2025-10-09T19:18:56.599Z] [COMMANDS] 2025-10-09 21:18:56 [📌 COMMANDS NOTIFY] Chargée : play
[2025-10-09T19:18:56.600Z] [COMMANDS] 2025-10-09 21:18:56 [📌 COMMANDS NOTIFY] Chargée : promote
[2025-10-09T19:18:56.600Z] [COMMANDS] 2025-10-09 21:18:56 [📌 COMMANDS NOTIFY] Chargée : recruit
[2025-10-09T19:18:56.600Z] [COMMANDS] 2025-10-09 21:18:56 [📌 COMMANDS NOTIFY] Chargée : rename
[2025-10-09T19:18:56.600Z] [COMMANDS] 2025-10-09 21:18:56 [📌 COMMANDS NOTIFY] Chargée : role
[2025-10-09T19:18:56.601Z] [COMMANDS] 2025-10-09 21:18:56 [📌 COMMANDS NOTIFY] Chargée : send
[2025-10-09T19:18:56.601Z] [COMMANDS] 2025-10-09 21:18:56 [📌 COMMANDS NOTIFY] Chargée : shift
[2025-10-09T19:18:56.601Z] [COMMANDS] 2025-10-09 21:18:56 [📌 COMMANDS NOTIFY] Chargée : ticket
[2025-10-09T19:18:56.602Z] [COMMANDS] 2025-10-09 21:18:56 [📌 COMMANDS NOTIFY] Chargée : userinfo
[2025-10-09T19:18:56.602Z] [COMMANDS] 2025-10-09 21:18:56 [📌 COMMANDS NOTIFY] Chargée : warn
[2025-10-09T19:18:56.603Z] 2025-10-09 21:18:56 [CLIENT DISCORD] [42m[30mChargement des informations du package.[39m[49m
[42m[30m[39m[49m [46m[PACKAGE][49m [32mAuth. : François 🌸[39m
[32m[39m [46m[PACKAGE][49m [32mDepd. : axios, chalk, cron, discord-html-transcripts, discord-player, discord.js, distube, dotenv, express, express-session, form-data, fs, googleapis, luxon, multer, node-cron, node-fetch, ora, patch, path, pdf-lib, pdfkit, play-dl, readline, rl, uuid[39m
[32m[39m [46m[PACKAGE][49m [32mDesc. : Official Bot Catherine for 911 Community.[39m
[32m[39m [46m[PACKAGE][49m [32mLisc. : ISC[39m
[32m[39m [46m[PACKAGE][49m [32mMain. : index.js[39m
[32m[39m [46m[PACKAGE][49m [32mName. : catherine[39m
[32m[39m [46m[PACKAGE][49m [32mScrp. : {"test":"echo \"Error: no test specified\" && exit 1","start":"node server.js"}[39m
[32m[39m [46m[PACKAGE][49m [32mVers. : 2.3.2[39m
[32m[39m [46m[PACKAGE][49m [32mPatch Note. : **[PN - 07/06]** *Passage 2.0 with new patch (shift, tabs... new commands handler)*[39m
[32m[39m
[2025-10-09T19:18:57.277Z] 2025-10-09 21:18:57 [CLIENT DISCORD] 📦 Nom GitHub : catherine
[2025-10-09T19:18:57.277Z] 2025-10-09 21:18:57 [CLIENT DISCORD] 🕒 Version distante : 2.3.2
[2025-10-09T19:18:57.279Z] [INFO] 2025-10-09 21:18:57 [ℹ️ INFO NOTIFY] ✅ Les versions sont identiques.
[2025-10-09T19:19:02.176Z] 2025-10-09 21:19:02 [DEBUG] 📦 Checking version from local...
[2025-10-09T19:19:02.176Z] 2025-10-09 21:19:02 [CLIENT DISCORD] 📦 Nom : catherine
[2025-10-09T19:19:02.176Z] 2025-10-09 21:19:02 [CLIENT DISCORD] 🕒 Version locale : 2.3.2
[2025-10-09T19:19:02.176Z] 2025-10-09 21:19:02 [DEBUG] 🌐 Checking version from GitHub...
[2025-10-09T19:19:02.874Z] 2025-10-09 21:19:02 [CLIENT DISCORD] 📦 Nom GitHub : catherine
[2025-10-09T19:19:02.874Z] 2025-10-09 21:19:02 [CLIENT DISCORD] 🕒 Version distante : 2.3.2
[2025-10-09T19:19:02.874Z] [INFO] 2025-10-09 21:19:02 [ℹ️ INFO NOTIFY] ✅ Les versions sont identiques.
[2025-10-09T19:19:02.874Z] 2025-10-09 21:19:02 [CLIENT DISCORD] [34m==============================[39m
[2025-10-09T19:19:02.875Z] 2025-10-09 21:19:02 [CLIENT DISCORD] [32m🚀 Démarrage du bot...[39m
[2025-10-09T19:19:02.875Z] 2025-10-09 21:19:02 [CLIENT DISCORD] [33m🔗 Connexion à Discord API...[39m
[2025-10-09T19:19:02.875Z] 2025-10-09 21:19:02 [CLIENT DISCORD] [36m✅ Bot RP en ligne ! Connecté en tant que 293 | Catherine#8045[39m
[2025-10-09T19:19:02.875Z] 2025-10-09 21:19:02 [CLIENT DISCORD] [34m==============================[39m
[34m[39m
[2025-10-09T19:19:02.879Z] 2025-10-09 21:19:02 [CLIENT DISCORD] [player] Initialisation du Player terminée.
[2025-10-09T19:19:02.880Z] 2025-10-09 21:19:02 [CLIENT DISCORD] [player] Extracteurs chargés avec succès.
[2025-10-09T19:19:02.880Z] 2025-10-09 21:19:02 [CLIENT DISCORD] 📥 Serveur trouvé : San Andreas State Police
[2025-10-09T19:19:03.205Z] 2025-10-09 21:19:03 [CLIENT DISCORD] 🔍 Commandes déjà présentes : Aucune
[2025-10-09T19:19:03.206Z] 2025-10-09 21:19:03 [CLIENT DISCORD] 📦 Enregistrement de 23 commande(s)...
[2025-10-09T19:19:05.981Z] 2025-10-09 21:19:05 [CLIENT DISCORD] ✅ Commandes enregistrées !
[2025-10-09T19:19:05.981Z] 2025-10-09 21:19:05 [ERROR] ❌ Erreur lors de l'enregistrement des commandes : {}
[2025-10-09T19:19:05.981Z] 2025-10-09 21:19:05 [CLIENT DISCORD] ✅ Bot prêt en tant que 293 | Catherine#8045
[2025-10-09T19:19:05.983Z] 2025-10-09 21:19:05 [CLIENT DISCORD] [Cron] 🕒 Démarrage de la régénération automatique de la hiérarchie (tabs)...
[2025-10-09T19:19:05.983Z] 2025-10-09 21:19:05 [CLIENT DISCORD] [Cron] 🕒 Démarrage de la régénération automatique de la hiérarchie... (div)
[2025-10-09T19:19:06.491Z] 2025-10-09 21:19:06 [WARN] [!] (DIV) Ancien message non trouvé ou déjà supprimé.
[2025-10-09T19:19:07.093Z] 2025-10-09 21:19:07 [WARN] [!] (TABS) Ancien message non trouvé ou déjà supprimé.
[2025-10-09T19:19:07.888Z] 2025-10-09 21:19:07 [CLIENT DISCORD] [✅] Hiérarchie DIV envoyée.
[2025-10-09T19:19:07.888Z] 2025-10-09 21:19:07 [CLIENT DISCORD] [Cron] 🕒 Fin de la régénération automatique de la hiérarchie.
[2025-10-09T19:19:09.822Z] 2025-10-09 21:19:09 [CLIENT DISCORD] [✅] Hiérarchie TABS envoyée.
[2025-10-09T19:19:09.822Z] 2025-10-09 21:19:09 [CLIENT DISCORD] [Cron] 🕒 Fin de la régénération automatique de la hiérarchie.
[2025-10-09T19:19:12.223Z] 2025-10-09 21:19:12 [ERROR] (node:14121) Warning: Supplying "ephemeral" for interaction response options is deprecated. Utilize flags instead.
(Use `node --trace-warnings ...` to show where the warning was created)
[2025-10-09T19:19:54.620Z] 2025-10-09 21:19:54 [CLIENT DISCORD] Les modules [32mloggers[39m ont correctement été exportés.
[2025-10-09T19:19:54.621Z] 2025-10-09 21:19:54 [DEBUG] 📦 Checking version from local...
[2025-10-09T19:19:54.621Z] 2025-10-09 21:19:54 [CLIENT DISCORD] 📦 Nom : catherine
[2025-10-09T19:19:54.621Z] 2025-10-09 21:19:54 [CLIENT DISCORD] 🕒 Version locale : 2.3.2
[2025-10-09T19:19:54.622Z] 2025-10-09 21:19:54 [DEBUG] 🌐 Checking version from GitHub...
[2025-10-09T19:19:54.640Z] [EVENT] 2025-10-09 21:19:54 [📅 EVENT NOTIFY] Chargé : guildBanAdd
[2025-10-09T19:19:54.641Z] [EVENT] 2025-10-09 21:19:54 [📅 EVENT NOTIFY] Chargé : guildBanRemove
[2025-10-09T19:19:54.641Z] [EVENT] 2025-10-09 21:19:54 [📅 EVENT NOTIFY] Chargé : guildMemberAdd
[2025-10-09T19:19:54.641Z] [EVENT] 2025-10-09 21:19:54 [📅 EVENT NOTIFY] Chargé : guildMemberRemove
[2025-10-09T19:19:54.642Z] 2025-10-09 21:19:54 [CLIENT DISCORD] Les modules  [32mutils.js[39m [0m ont correctement été exporté.[0m
[2025-10-09T19:19:54.760Z] 2025-10-09 21:19:54 [CLIENT DISCORD] L'interaction  [32mbuttons.js[39m [0m ont correctement été exporté.[0m
[2025-10-09T19:19:54.802Z] 2025-10-09 21:19:54 [CLIENT DISCORD] L'interaction  [32mmodals.js[39m [0m ont correctement été exporté.[0m
[2025-10-09T19:19:54.802Z] [EVENT] 2025-10-09 21:19:54 [📅 EVENT NOTIFY] Chargé : interactionCreate
[2025-10-09T19:19:54.803Z] [EVENT] 2025-10-09 21:19:54 [📅 EVENT NOTIFY] Chargé : messageCreate
[2025-10-09T19:19:54.803Z] [EVENT] 2025-10-09 21:19:54 [📅 EVENT NOTIFY] Chargé : messageDelete
[2025-10-09T19:19:54.803Z] [EVENT] 2025-10-09 21:19:54 [📅 EVENT NOTIFY] Chargé : messageUpdate
[2025-10-09T19:19:54.808Z] 2025-10-09 21:19:54 [CLIENT DISCORD] Les modules  [32mcommands.js[39m [0m ont correctement été exporté.[0m
[2025-10-09T19:19:54.817Z] [EVENT] 2025-10-09 21:19:54 [📅 EVENT NOTIFY] Chargé : ready
[2025-10-09T19:19:54.818Z] [EVENT] 2025-10-09 21:19:54 [📅 EVENT NOTIFY] Chargé : voiceStateUpdate
[2025-10-09T19:19:54.818Z] [COMMANDS] 2025-10-09 21:19:54 [📌 COMMANDS NOTIFY] Chargée : ban
[2025-10-09T19:19:54.819Z] [COMMANDS] 2025-10-09 21:19:54 [📌 COMMANDS NOTIFY] Chargée : clear
[2025-10-09T19:19:54.819Z] [COMMANDS] 2025-10-09 21:19:54 [📌 COMMANDS NOTIFY] Chargée : createreport
[2025-10-09T19:19:54.819Z] [COMMANDS] 2025-10-09 21:19:54 [📌 COMMANDS NOTIFY] Chargée : div
[2025-10-09T19:19:54.819Z] [COMMANDS] 2025-10-09 21:19:54 [📌 COMMANDS NOTIFY] Chargée : help
[2025-10-09T19:19:54.820Z] [COMMANDS] 2025-10-09 21:19:54 [📌 COMMANDS NOTIFY] Chargée : info
[2025-10-09T19:19:54.820Z] [COMMANDS] 2025-10-09 21:19:54 [📌 COMMANDS NOTIFY] Chargée : infoshift
[2025-10-09T19:19:54.820Z] [COMMANDS] 2025-10-09 21:19:54 [📌 COMMANDS NOTIFY] Chargée : kick
[2025-10-09T19:19:54.820Z] [COMMANDS] 2025-10-09 21:19:54 [📌 COMMANDS NOTIFY] Chargée : mute
[2025-10-09T19:19:54.820Z] [COMMANDS] 2025-10-09 21:19:54 [📌 COMMANDS NOTIFY] Chargée : openservice
[2025-10-09T19:19:54.821Z] [COMMANDS] 2025-10-09 21:19:54 [📌 COMMANDS NOTIFY] Chargée : pex
[2025-10-09T19:19:54.824Z] [COMMANDS] 2025-10-09 21:19:54 [📌 COMMANDS NOTIFY] Chargée : play
[2025-10-09T19:19:54.825Z] [COMMANDS] 2025-10-09 21:19:54 [📌 COMMANDS NOTIFY] Chargée : promote
[2025-10-09T19:19:54.825Z] [COMMANDS] 2025-10-09 21:19:54 [📌 COMMANDS NOTIFY] Chargée : recruit
[2025-10-09T19:19:54.825Z] [COMMANDS] 2025-10-09 21:19:54 [📌 COMMANDS NOTIFY] Chargée : rename
[2025-10-09T19:19:54.825Z] [COMMANDS] 2025-10-09 21:19:54 [📌 COMMANDS NOTIFY] Chargée : role
[2025-10-09T19:19:54.826Z] [COMMANDS] 2025-10-09 21:19:54 [📌 COMMANDS NOTIFY] Chargée : send
[2025-10-09T19:19:54.826Z] [COMMANDS] 2025-10-09 21:19:54 [📌 COMMANDS NOTIFY] Chargée : shift
[2025-10-09T19:19:54.827Z] [COMMANDS] 2025-10-09 21:19:54 [📌 COMMANDS NOTIFY] Chargée : ticket
[2025-10-09T19:19:54.827Z] [COMMANDS] 2025-10-09 21:19:54 [📌 COMMANDS NOTIFY] Chargée : userinfo
[2025-10-09T19:19:54.827Z] [COMMANDS] 2025-10-09 21:19:54 [📌 COMMANDS NOTIFY] Chargée : warn
[2025-10-09T19:19:54.828Z] 2025-10-09 21:19:54 [CLIENT DISCORD] [42m[30mChargement des informations du package.[39m[49m
[42m[30m[39m[49m [46m[PACKAGE][49m [32mAuth. : François 🌸[39m
[32m[39m [46m[PACKAGE][49m [32mDepd. : axios, chalk, cron, discord-html-transcripts, discord-player, discord.js, distube, dotenv, express, express-session, form-data, fs, googleapis, luxon, multer, node-cron, node-fetch, ora, patch, path, pdf-lib, pdfkit, play-dl, readline, rl, uuid[39m
[32m[39m [46m[PACKAGE][49m [32mDesc. : Official Bot Catherine for 911 Community.[39m
[32m[39m [46m[PACKAGE][49m [32mLisc. : ISC[39m
[32m[39m [46m[PACKAGE][49m [32mMain. : index.js[39m
[32m[39m [46m[PACKAGE][49m [32mName. : catherine[39m
[32m[39m [46m[PACKAGE][49m [32mScrp. : {"test":"echo \"Error: no test specified\" && exit 1","start":"node server.js"}[39m
[32m[39m [46m[PACKAGE][49m [32mVers. : 2.3.2[39m
[32m[39m [46m[PACKAGE][49m [32mPatch Note. : **[PN - 07/06]** *Passage 2.0 with new patch (shift, tabs... new commands handler)*[39m
[32m[39m
[2025-10-09T19:19:59.842Z] 2025-10-09 21:19:59 [DEBUG] 📦 Checking version from local...
[2025-10-09T19:19:59.843Z] 2025-10-09 21:19:59 [CLIENT DISCORD] 📦 Nom : catherine
[2025-10-09T19:19:59.843Z] 2025-10-09 21:19:59 [CLIENT DISCORD] 🕒 Version locale : 2.3.2
[2025-10-09T19:19:59.843Z] 2025-10-09 21:19:59 [DEBUG] 🌐 Checking version from GitHub...
[2025-10-09T19:20:00.301Z] 2025-10-09 21:20:00 [CLIENT DISCORD] 📦 Nom GitHub : catherine
[2025-10-09T19:20:00.302Z] 2025-10-09 21:20:00 [CLIENT DISCORD] 🕒 Version distante : 2.3.2
[2025-10-09T19:20:00.304Z] [INFO] 2025-10-09 21:20:00 [ℹ️ INFO NOTIFY] ✅ Les versions sont identiques.
[2025-10-09T19:20:01.302Z] 2025-10-09 21:20:01 [CLIENT DISCORD] 📦 Nom GitHub : catherine
[2025-10-09T19:20:01.303Z] 2025-10-09 21:20:01 [CLIENT DISCORD] 🕒 Version distante : 2.3.2
[2025-10-09T19:20:01.303Z] [INFO] 2025-10-09 21:20:01 [ℹ️ INFO NOTIFY] ✅ Les versions sont identiques.
[2025-10-09T19:20:01.304Z] 2025-10-09 21:20:01 [CLIENT DISCORD] [34m==============================[39m
[2025-10-09T19:20:01.304Z] 2025-10-09 21:20:01 [CLIENT DISCORD] [32m🚀 Démarrage du bot...[39m
[2025-10-09T19:20:01.304Z] 2025-10-09 21:20:01 [CLIENT DISCORD] [33m🔗 Connexion à Discord API...[39m
[2025-10-09T19:20:01.304Z] 2025-10-09 21:20:01 [CLIENT DISCORD] [36m✅ Bot RP en ligne ! Connecté en tant que 293 | Catherine#8045[39m
[2025-10-09T19:20:01.304Z] 2025-10-09 21:20:01 [CLIENT DISCORD] [34m==============================[39m
[34m[39m
[2025-10-09T19:20:01.310Z] 2025-10-09 21:20:01 [CLIENT DISCORD] [player] Initialisation du Player terminée.
[2025-10-09T19:20:01.311Z] 2025-10-09 21:20:01 [CLIENT DISCORD] [player] Extracteurs chargés avec succès.
[2025-10-09T19:20:01.311Z] 2025-10-09 21:20:01 [CLIENT DISCORD] 📥 Serveur trouvé : San Andreas State Police
[2025-10-09T19:20:01.756Z] 2025-10-09 21:20:01 [CLIENT DISCORD] 🔍 Commandes déjà présentes : play, rules, createreport, div, role, info, pex, openservice, infoshift, recruit, help, ban, ticket, shutdown, userinfo, send, clear, kick, warn, mute, rename, shift, promote
[2025-10-09T19:20:01.756Z] 2025-10-09 21:20:01 [WARN] ⚠️ Les commandes sont déjà enregistrées. Lance avec 'debug' pour forcer l'écrasement.
[2025-10-09T19:20:01.756Z] 2025-10-09 21:20:01 [ERROR] ❌ Erreur lors de l'enregistrement des commandes : {}
[2025-10-09T19:20:01.757Z] 2025-10-09 21:20:01 [CLIENT DISCORD] ✅ Bot prêt en tant que 293 | Catherine#8045
[2025-10-09T19:20:01.758Z] 2025-10-09 21:20:01 [CLIENT DISCORD] [Cron] 🕒 Démarrage de la régénération automatique de la hiérarchie (tabs)...
[2025-10-09T19:20:01.758Z] 2025-10-09 21:20:01 [CLIENT DISCORD] [Cron] 🕒 Démarrage de la régénération automatique de la hiérarchie... (div)
[2025-10-09T19:20:03.513Z] [NOTIFY] 2025-10-09 21:20:03 [🟢 SOFT NOTIFY] Message DIV supprimé
[2025-10-09T19:20:04.644Z] [NOTIFY] 2025-10-09 21:20:04 [🟢 SOFT NOTIFY] Message TABS supprimé
[2025-10-09T19:20:05.733Z] 2025-10-09 21:20:05 [CLIENT DISCORD] [✅] Hiérarchie DIV envoyée.
[2025-10-09T19:20:05.733Z] 2025-10-09 21:20:05 [CLIENT DISCORD] [Cron] 🕒 Fin de la régénération automatique de la hiérarchie.
[2025-10-09T19:20:09.742Z] 2025-10-09 21:20:09 [CLIENT DISCORD] [✅] Hiérarchie TABS envoyée.
[2025-10-09T19:20:09.742Z] 2025-10-09 21:20:09 [CLIENT DISCORD] [Cron] 🕒 Fin de la régénération automatique de la hiérarchie.
[2025-10-09T19:20:13.919Z] 2025-10-09 21:20:13 [CLIENT DISCORD] [94m[COMMAND][39m [32mfrancois.piano[39m [0ma exécuté la commande[0m [32mpromote[39m [0mdans[0m [32mmoderator-only[39m
[2025-10-09T19:20:13.919Z] 2025-10-09 21:20:13 [CLIENT DISCORD] [42m✅ Utilisateur 449432156595552257 bypass les permissions.[49m
[2025-10-09T19:20:14.721Z] 2025-10-09 21:20:14 [ERROR] (node:14302) Warning: Supplying "ephemeral" for interaction response options is deprecated. Utilize flags instead.
(Use `node --trace-warnings ...` to show where the warning was created)
[2025-10-09T19:20:33.185Z] 2025-10-09 21:20:33 [CLIENT DISCORD] [94m[COMMAND][39m [32mfrancois.piano[39m [0ma exécuté la commande[0m [32mpromote[39m [0mdans[0m [32mmoderator-only[39m
[2025-10-09T19:20:33.186Z] 2025-10-09 21:20:33 [CLIENT DISCORD] [42m✅ Utilisateur 449432156595552257 bypass les permissions.[49m
[2025-10-09T19:20:50.803Z] 2025-10-09 21:20:50 [CLIENT DISCORD] [94m[COMMAND][39m [32mfrancois.piano[39m [0ma exécuté la commande[0m [32mrole[39m [0mdans[0m [32mmoderator-only[39m
[2025-10-09T19:20:50.804Z] 2025-10-09 21:20:50 [CLIENT DISCORD] [42m✅ Utilisateur 449432156595552257 bypass les permissions.[49m
[2025-10-09T19:21:12.861Z] 2025-10-09 21:21:12 [CLIENT DISCORD] [94m[COMMAND][39m [32mfrancois.piano[39m [0ma exécuté la commande[0m [32mrole[39m [0mdans[0m [32mmoderator-only[39m
[2025-10-09T19:21:12.861Z] 2025-10-09 21:21:12 [CLIENT DISCORD] [42m✅ Utilisateur 449432156595552257 bypass les permissions.[49m
[2025-10-09T19:21:16.095Z] 2025-10-09 21:21:16 [ERROR] Erreur lors de l'exécution de la commande role : {
  "requestBody": {
    "files": [],
    "json": {
      "type": 4,
      "data": {
        "content": "✅ Le rôle **• Hautes Instances Communautaire** a été retiré de mrbobolt.",
        "tts": false,
        "enforce_nonce": false
      }
    }
  },
  "rawError": {
    "message": "Unknown interaction",
    "code": 10062
  },
  "code": 10062,
  "status": 404,
  "method": "POST",
  "url": "https://discord.com/api/v10/interactions/1425926090593140886/aW50ZXJhY3Rpb246MTQyNTkyNjA5MDU5MzE0MDg4Njp4a3ZHY1U2VnhvM3paRE05dFozdTV2ejNUSGtzVUJCTWRQUHUyWVFRcnZuenF1Q291bFB6YVB5ZmhncnpQRTUxWVJnb2tOckJyejN6bDV1dWdsM2JXdWFyUHVhTm5KMXdGaWxFbWlVVzhYR212TXRDQjZqS291MDVabk5HdmZXcg/callback?with_response=false"
}
[2025-10-09T19:21:16.096Z] 2025-10-09 21:21:16 [ERROR] ❌ Stack trace : DiscordAPIError[10062]: Unknown interaction
    at handleErrors (/home/francois/Developpemnt/old_version/DISCORD-BOT-CATHERINE/node_modules/@discordjs/rest/dist/index.js:748:13)
    at process.processTicksAndRejections (node:internal/process/task_queues:105:5)
    at async BurstHandler.runRequest (/home/francois/Developpemnt/old_version/DISCORD-BOT-CATHERINE/node_modules/@discordjs/rest/dist/index.js:852:23)
    at async _REST.request (/home/francois/Developpemnt/old_version/DISCORD-BOT-CATHERINE/node_modules/@discordjs/rest/dist/index.js:1293:22)
    at async ChatInputCommandInteraction.reply (/home/francois/Developpemnt/old_version/DISCORD-BOT-CATHERINE/node_modules/discord.js/src/structures/interfaces/InteractionResponses.js:200:22)
    at async executeCommand (/home/francois/Developpemnt/old_version/DISCORD-BOT-CATHERINE/events/interactionCreate.js:218:9)
    at async Object.execute (/home/francois/Developpemnt/old_version/DISCORD-BOT-CATHERINE/events/interactionCreate.js:105:21)
[2025-10-09T19:21:16.413Z] 2025-10-09 21:21:16 [ERROR] ❌ Erreur critique : {
  "requestBody": {
    "files": [],
    "json": {
      "type": 4,
      "data": {
        "content": "Une erreur est survenue lors de l'exécution de la commande.",
        "tts": false,
        "enforce_nonce": false,
        "flags": 64
      }
    }
  },
  "rawError": {
    "message": "Unknown interaction",
    "code": 10062
  },
  "code": 10062,
  "status": 404,
  "method": "POST",
  "url": "https://discord.com/api/v10/interactions/1425926090593140886/aW50ZXJhY3Rpb246MTQyNTkyNjA5MDU5MzE0MDg4Njp4a3ZHY1U2VnhvM3paRE05dFozdTV2ejNUSGtzVUJCTWRQUHUyWVFRcnZuenF1Q291bFB6YVB5ZmhncnpQRTUxWVJnb2tOckJyejN6bDV1dWdsM2JXdWFyUHVhTm5KMXdGaWxFbWlVVzhYR212TXRDQjZqS291MDVabk5HdmZXcg/callback?with_response=false"
}
[2025-10-09T19:21:26.983Z] 2025-10-09 21:21:26 [CLIENT DISCORD] Les modules [32mloggers[39m ont correctement été exportés.
[2025-10-09T19:21:26.984Z] 2025-10-09 21:21:26 [DEBUG] 📦 Checking version from local...
[2025-10-09T19:21:26.984Z] 2025-10-09 21:21:26 [CLIENT DISCORD] 📦 Nom : catherine
[2025-10-09T19:21:26.984Z] 2025-10-09 21:21:26 [CLIENT DISCORD] 🕒 Version locale : 2.3.2
[2025-10-09T19:21:26.984Z] 2025-10-09 21:21:26 [DEBUG] 🌐 Checking version from GitHub...
[2025-10-09T19:21:27.005Z] [EVENT] 2025-10-09 21:21:27 [📅 EVENT NOTIFY] Chargé : guildBanAdd
[2025-10-09T19:21:27.005Z] [EVENT] 2025-10-09 21:21:27 [📅 EVENT NOTIFY] Chargé : guildBanRemove
[2025-10-09T19:21:27.005Z] [EVENT] 2025-10-09 21:21:27 [📅 EVENT NOTIFY] Chargé : guildMemberAdd
[2025-10-09T19:21:27.006Z] [EVENT] 2025-10-09 21:21:27 [📅 EVENT NOTIFY] Chargé : guildMemberRemove
[2025-10-09T19:21:27.006Z] 2025-10-09 21:21:27 [CLIENT DISCORD] Les modules  [32mutils.js[39m [0m ont correctement été exporté.[0m
[2025-10-09T19:21:27.127Z] 2025-10-09 21:21:27 [CLIENT DISCORD] L'interaction  [32mbuttons.js[39m [0m ont correctement été exporté.[0m
[2025-10-09T19:21:27.174Z] 2025-10-09 21:21:27 [CLIENT DISCORD] L'interaction  [32mmodals.js[39m [0m ont correctement été exporté.[0m
[2025-10-09T19:21:27.174Z] [EVENT] 2025-10-09 21:21:27 [📅 EVENT NOTIFY] Chargé : interactionCreate
[2025-10-09T19:21:27.175Z] [EVENT] 2025-10-09 21:21:27 [📅 EVENT NOTIFY] Chargé : messageCreate
[2025-10-09T19:21:27.175Z] [EVENT] 2025-10-09 21:21:27 [📅 EVENT NOTIFY] Chargé : messageDelete
[2025-10-09T19:21:27.175Z] [EVENT] 2025-10-09 21:21:27 [📅 EVENT NOTIFY] Chargé : messageUpdate
[2025-10-09T19:21:27.178Z] 2025-10-09 21:21:27 [CLIENT DISCORD] Les modules  [32mcommands.js[39m [0m ont correctement été exporté.[0m
[2025-10-09T19:21:27.181Z] [EVENT] 2025-10-09 21:21:27 [📅 EVENT NOTIFY] Chargé : ready
[2025-10-09T19:21:27.181Z] [EVENT] 2025-10-09 21:21:27 [📅 EVENT NOTIFY] Chargé : voiceStateUpdate
[2025-10-09T19:21:27.182Z] [COMMANDS] 2025-10-09 21:21:27 [📌 COMMANDS NOTIFY] Chargée : ban
[2025-10-09T19:21:27.182Z] [COMMANDS] 2025-10-09 21:21:27 [📌 COMMANDS NOTIFY] Chargée : clear
[2025-10-09T19:21:27.182Z] [COMMANDS] 2025-10-09 21:21:27 [📌 COMMANDS NOTIFY] Chargée : createreport
[2025-10-09T19:21:27.183Z] [COMMANDS] 2025-10-09 21:21:27 [📌 COMMANDS NOTIFY] Chargée : div
[2025-10-09T19:21:27.183Z] [COMMANDS] 2025-10-09 21:21:27 [📌 COMMANDS NOTIFY] Chargée : help
[2025-10-09T19:21:27.183Z] [COMMANDS] 2025-10-09 21:21:27 [📌 COMMANDS NOTIFY] Chargée : info
[2025-10-09T19:21:27.183Z] [COMMANDS] 2025-10-09 21:21:27 [📌 COMMANDS NOTIFY] Chargée : infoshift
[2025-10-09T19:21:27.184Z] [COMMANDS] 2025-10-09 21:21:27 [📌 COMMANDS NOTIFY] Chargée : kick
[2025-10-09T19:21:27.184Z] [COMMANDS] 2025-10-09 21:21:27 [📌 COMMANDS NOTIFY] Chargée : mute
[2025-10-09T19:21:27.184Z] [COMMANDS] 2025-10-09 21:21:27 [📌 COMMANDS NOTIFY] Chargée : openservice
[2025-10-09T19:21:27.184Z] [COMMANDS] 2025-10-09 21:21:27 [📌 COMMANDS NOTIFY] Chargée : pex
[2025-10-09T19:21:27.188Z] [COMMANDS] 2025-10-09 21:21:27 [📌 COMMANDS NOTIFY] Chargée : play
[2025-10-09T19:21:27.188Z] [COMMANDS] 2025-10-09 21:21:27 [📌 COMMANDS NOTIFY] Chargée : promote
[2025-10-09T19:21:27.188Z] [COMMANDS] 2025-10-09 21:21:27 [📌 COMMANDS NOTIFY] Chargée : recruit
[2025-10-09T19:21:27.188Z] [COMMANDS] 2025-10-09 21:21:27 [📌 COMMANDS NOTIFY] Chargée : rename
[2025-10-09T19:21:27.188Z] [COMMANDS] 2025-10-09 21:21:27 [📌 COMMANDS NOTIFY] Chargée : role
[2025-10-09T19:21:27.189Z] [COMMANDS] 2025-10-09 21:21:27 [📌 COMMANDS NOTIFY] Chargée : send
[2025-10-09T19:21:27.189Z] [COMMANDS] 2025-10-09 21:21:27 [📌 COMMANDS NOTIFY] Chargée : shift
[2025-10-09T19:21:27.189Z] [COMMANDS] 2025-10-09 21:21:27 [📌 COMMANDS NOTIFY] Chargée : ticket
[2025-10-09T19:21:27.190Z] [COMMANDS] 2025-10-09 21:21:27 [📌 COMMANDS NOTIFY] Chargée : userinfo
[2025-10-09T19:21:27.190Z] [COMMANDS] 2025-10-09 21:21:27 [📌 COMMANDS NOTIFY] Chargée : warn
[2025-10-09T19:21:27.190Z] 2025-10-09 21:21:27 [CLIENT DISCORD] [42m[30mChargement des informations du package.[39m[49m
[42m[30m[39m[49m [46m[PACKAGE][49m [32mAuth. : François 🌸[39m
[32m[39m [46m[PACKAGE][49m [32mDepd. : axios, chalk, cron, discord-html-transcripts, discord-player, discord.js, distube, dotenv, express, express-session, form-data, fs, googleapis, luxon, multer, node-cron, node-fetch, ora, patch, path, pdf-lib, pdfkit, play-dl, readline, rl, uuid[39m
[32m[39m [46m[PACKAGE][49m [32mDesc. : Official Bot Catherine for 911 Community.[39m
[32m[39m [46m[PACKAGE][49m [32mLisc. : ISC[39m
[32m[39m [46m[PACKAGE][49m [32mMain. : index.js[39m
[32m[39m [46m[PACKAGE][49m [32mName. : catherine[39m
[32m[39m [46m[PACKAGE][49m [32mScrp. : {"test":"echo \"Error: no test specified\" && exit 1","start":"node server.js"}[39m
[32m[39m [46m[PACKAGE][49m [32mVers. : 2.3.2[39m
[32m[39m [46m[PACKAGE][49m [32mPatch Note. : **[PN - 07/06]** *Passage 2.0 with new patch (shift, tabs... new commands handler)*[39m
[32m[39m
[2025-10-09T19:21:27.558Z] 2025-10-09 21:21:27 [CLIENT DISCORD] 📦 Nom GitHub : catherine
[2025-10-09T19:21:27.558Z] 2025-10-09 21:21:27 [CLIENT DISCORD] 🕒 Version distante : 2.3.2
[2025-10-09T19:21:27.560Z] [INFO] 2025-10-09 21:21:27 [ℹ️ INFO NOTIFY] ✅ Les versions sont identiques.
[2025-10-09T19:21:30.051Z] 2025-10-09 21:21:30 [DEBUG] 📦 Checking version from local...
[2025-10-09T19:21:30.051Z] 2025-10-09 21:21:30 [CLIENT DISCORD] 📦 Nom : catherine
[2025-10-09T19:21:30.051Z] 2025-10-09 21:21:30 [CLIENT DISCORD] 🕒 Version locale : 2.3.2
[2025-10-09T19:21:30.052Z] 2025-10-09 21:21:30 [DEBUG] 🌐 Checking version from GitHub...
[2025-10-09T19:21:31.101Z] 2025-10-09 21:21:31 [CLIENT DISCORD] 📦 Nom GitHub : catherine
[2025-10-09T19:21:31.102Z] 2025-10-09 21:21:31 [CLIENT DISCORD] 🕒 Version distante : 2.3.2
[2025-10-09T19:21:31.102Z] [INFO] 2025-10-09 21:21:31 [ℹ️ INFO NOTIFY] ✅ Les versions sont identiques.
[2025-10-09T19:21:31.102Z] 2025-10-09 21:21:31 [CLIENT DISCORD] [34m==============================[39m
[2025-10-09T19:21:31.102Z] 2025-10-09 21:21:31 [CLIENT DISCORD] [32m🚀 Démarrage du bot...[39m
[2025-10-09T19:21:31.102Z] 2025-10-09 21:21:31 [CLIENT DISCORD] [33m🔗 Connexion à Discord API...[39m
[2025-10-09T19:21:31.103Z] 2025-10-09 21:21:31 [CLIENT DISCORD] [36m✅ Bot RP en ligne ! Connecté en tant que 293 | Catherine#8045[39m
[2025-10-09T19:21:31.103Z] 2025-10-09 21:21:31 [CLIENT DISCORD] [34m==============================[39m
[34m[39m
[2025-10-09T19:21:31.107Z] 2025-10-09 21:21:31 [CLIENT DISCORD] [player] Initialisation du Player terminée.
[2025-10-09T19:21:31.108Z] 2025-10-09 21:21:31 [CLIENT DISCORD] [player] Extracteurs chargés avec succès.
[2025-10-09T19:21:31.108Z] 2025-10-09 21:21:31 [CLIENT DISCORD] 📥 Serveur trouvé : San Andreas State Police
[2025-10-09T19:21:32.545Z] 2025-10-09 21:21:32 [CLIENT DISCORD] 🔍 Commandes déjà présentes : play, rules, createreport, div, role, info, pex, openservice, infoshift, recruit, help, ban, ticket, shutdown, userinfo, send, clear, kick, warn, mute, rename, shift, promote
[2025-10-09T19:21:32.545Z] 2025-10-09 21:21:32 [WARN] ⚠️ Les commandes sont déjà enregistrées. Lance avec 'debug' pour forcer l'écrasement.
[2025-10-09T19:21:32.545Z] 2025-10-09 21:21:32 [ERROR] ❌ Erreur lors de l'enregistrement des commandes : {}
[2025-10-09T19:21:32.545Z] 2025-10-09 21:21:32 [CLIENT DISCORD] ✅ Bot prêt en tant que 293 | Catherine#8045
[2025-10-09T19:21:32.547Z] 2025-10-09 21:21:32 [CLIENT DISCORD] [Cron] 🕒 Démarrage de la régénération automatique de la hiérarchie (tabs)...
[2025-10-09T19:21:32.547Z] 2025-10-09 21:21:32 [CLIENT DISCORD] [Cron] 🕒 Démarrage de la régénération automatique de la hiérarchie... (div)
[2025-10-09T19:21:36.794Z] [NOTIFY] 2025-10-09 21:21:36 [🟢 SOFT NOTIFY] Message DIV supprimé
[2025-10-09T19:21:37.112Z] [NOTIFY] 2025-10-09 21:21:37 [🟢 SOFT NOTIFY] Message TABS supprimé
[2025-10-09T19:21:41.179Z] 2025-10-09 21:21:41 [CLIENT DISCORD] [✅] Hiérarchie DIV envoyée.
[2025-10-09T19:21:41.179Z] 2025-10-09 21:21:41 [CLIENT DISCORD] [Cron] 🕒 Fin de la régénération automatique de la hiérarchie.
[2025-10-09T19:21:43.539Z] 2025-10-09 21:21:43 [CLIENT DISCORD] [✅] Hiérarchie TABS envoyée.
[2025-10-09T19:21:43.539Z] 2025-10-09 21:21:43 [CLIENT DISCORD] [Cron] 🕒 Fin de la régénération automatique de la hiérarchie.
[2025-10-09T19:24:20.294Z] 2025-10-09 21:24:20 [CLIENT DISCORD] Les modules [32mloggers[39m ont correctement été exportés.
[2025-10-09T19:24:20.294Z] 2025-10-09 21:24:20 [DEBUG] 📦 Checking version from local...
[2025-10-09T19:24:20.295Z] 2025-10-09 21:24:20 [CLIENT DISCORD] 📦 Nom : catherine
[2025-10-09T19:24:20.295Z] 2025-10-09 21:24:20 [CLIENT DISCORD] 🕒 Version locale : 2.3.2
[2025-10-09T19:24:20.295Z] 2025-10-09 21:24:20 [DEBUG] 🌐 Checking version from GitHub...
[2025-10-09T19:24:20.316Z] [EVENT] 2025-10-09 21:24:20 [📅 EVENT NOTIFY] Chargé : guildBanAdd
[2025-10-09T19:24:20.317Z] [EVENT] 2025-10-09 21:24:20 [📅 EVENT NOTIFY] Chargé : guildBanRemove
[2025-10-09T19:24:20.317Z] [EVENT] 2025-10-09 21:24:20 [📅 EVENT NOTIFY] Chargé : guildMemberAdd
[2025-10-09T19:24:20.317Z] [EVENT] 2025-10-09 21:24:20 [📅 EVENT NOTIFY] Chargé : guildMemberRemove
[2025-10-09T19:24:20.318Z] 2025-10-09 21:24:20 [CLIENT DISCORD] Les modules  [32mutils.js[39m [0m ont correctement été exporté.[0m
[2025-10-09T19:24:20.435Z] 2025-10-09 21:24:20 [CLIENT DISCORD] L'interaction  [32mbuttons.js[39m [0m ont correctement été exporté.[0m
[2025-10-09T19:24:20.486Z] 2025-10-09 21:24:20 [CLIENT DISCORD] L'interaction  [32mmodals.js[39m [0m ont correctement été exporté.[0m
[2025-10-09T19:24:20.486Z] [EVENT] 2025-10-09 21:24:20 [📅 EVENT NOTIFY] Chargé : interactionCreate
[2025-10-09T19:24:20.487Z] [EVENT] 2025-10-09 21:24:20 [📅 EVENT NOTIFY] Chargé : messageCreate
[2025-10-09T19:24:20.487Z] [EVENT] 2025-10-09 21:24:20 [📅 EVENT NOTIFY] Chargé : messageDelete
[2025-10-09T19:24:20.487Z] [EVENT] 2025-10-09 21:24:20 [📅 EVENT NOTIFY] Chargé : messageUpdate
[2025-10-09T19:24:20.490Z] 2025-10-09 21:24:20 [CLIENT DISCORD] Les modules  [32mcommands.js[39m [0m ont correctement été exporté.[0m
[2025-10-09T19:24:20.493Z] [EVENT] 2025-10-09 21:24:20 [📅 EVENT NOTIFY] Chargé : ready
[2025-10-09T19:24:20.493Z] [EVENT] 2025-10-09 21:24:20 [📅 EVENT NOTIFY] Chargé : voiceStateUpdate
[2025-10-09T19:24:20.494Z] [COMMANDS] 2025-10-09 21:24:20 [📌 COMMANDS NOTIFY] Chargée : ban
[2025-10-09T19:24:20.494Z] [COMMANDS] 2025-10-09 21:24:20 [📌 COMMANDS NOTIFY] Chargée : clear
[2025-10-09T19:24:20.495Z] [COMMANDS] 2025-10-09 21:24:20 [📌 COMMANDS NOTIFY] Chargée : createreport
[2025-10-09T19:24:20.495Z] [COMMANDS] 2025-10-09 21:24:20 [📌 COMMANDS NOTIFY] Chargée : div
[2025-10-09T19:24:20.495Z] [COMMANDS] 2025-10-09 21:24:20 [📌 COMMANDS NOTIFY] Chargée : help
[2025-10-09T19:24:20.495Z] [COMMANDS] 2025-10-09 21:24:20 [📌 COMMANDS NOTIFY] Chargée : info
[2025-10-09T19:24:20.496Z] [COMMANDS] 2025-10-09 21:24:20 [📌 COMMANDS NOTIFY] Chargée : infoshift
[2025-10-09T19:24:20.496Z] [COMMANDS] 2025-10-09 21:24:20 [📌 COMMANDS NOTIFY] Chargée : kick
[2025-10-09T19:24:20.496Z] [COMMANDS] 2025-10-09 21:24:20 [📌 COMMANDS NOTIFY] Chargée : mute
[2025-10-09T19:24:20.496Z] [COMMANDS] 2025-10-09 21:24:20 [📌 COMMANDS NOTIFY] Chargée : openservice
[2025-10-09T19:24:20.497Z] [COMMANDS] 2025-10-09 21:24:20 [📌 COMMANDS NOTIFY] Chargée : pex
[2025-10-09T19:24:20.500Z] [COMMANDS] 2025-10-09 21:24:20 [📌 COMMANDS NOTIFY] Chargée : play
[2025-10-09T19:24:20.500Z] [COMMANDS] 2025-10-09 21:24:20 [📌 COMMANDS NOTIFY] Chargée : promote
[2025-10-09T19:24:20.500Z] [COMMANDS] 2025-10-09 21:24:20 [📌 COMMANDS NOTIFY] Chargée : recruit
[2025-10-09T19:24:20.501Z] [COMMANDS] 2025-10-09 21:24:20 [📌 COMMANDS NOTIFY] Chargée : rename
[2025-10-09T19:24:20.501Z] [COMMANDS] 2025-10-09 21:24:20 [📌 COMMANDS NOTIFY] Chargée : role
[2025-10-09T19:24:20.501Z] [COMMANDS] 2025-10-09 21:24:20 [📌 COMMANDS NOTIFY] Chargée : send
[2025-10-09T19:24:20.501Z] [COMMANDS] 2025-10-09 21:24:20 [📌 COMMANDS NOTIFY] Chargée : shift
[2025-10-09T19:24:20.502Z] [COMMANDS] 2025-10-09 21:24:20 [📌 COMMANDS NOTIFY] Chargée : ticket
[2025-10-09T19:24:20.502Z] [COMMANDS] 2025-10-09 21:24:20 [📌 COMMANDS NOTIFY] Chargée : userinfo
[2025-10-09T19:24:20.502Z] [COMMANDS] 2025-10-09 21:24:20 [📌 COMMANDS NOTIFY] Chargée : warn
[2025-10-09T19:24:20.503Z] 2025-10-09 21:24:20 [CLIENT DISCORD] [42m[30mChargement des informations du package.[39m[49m
[42m[30m[39m[49m [46m[PACKAGE][49m [32mAuth. : François 🌸[39m
[32m[39m [46m[PACKAGE][49m [32mDepd. : axios, chalk, cron, discord-html-transcripts, discord-player, discord.js, distube, dotenv, express, express-session, form-data, fs, googleapis, luxon, multer, node-cron, node-fetch, ora, patch, path, pdf-lib, pdfkit, play-dl, readline, rl, uuid[39m
[32m[39m [46m[PACKAGE][49m [32mDesc. : Official Bot Catherine for 911 Community.[39m
[32m[39m [46m[PACKAGE][49m [32mLisc. : ISC[39m
[32m[39m [46m[PACKAGE][49m [32mMain. : index.js[39m
[32m[39m [46m[PACKAGE][49m [32mName. : catherine[39m
[32m[39m [46m[PACKAGE][49m [32mScrp. : {"test":"echo \"Error: no test specified\" && exit 1","start":"node server.js"}[39m
[32m[39m [46m[PACKAGE][49m [32mVers. : 2.3.2[39m
[32m[39m [46m[PACKAGE][49m [32mPatch Note. : **[PN - 07/06]** *Passage 2.0 with new patch (shift, tabs... new commands handler)*[39m
[32m[39m
[2025-10-09T19:24:21.305Z] 2025-10-09 21:24:21 [CLIENT DISCORD] 📦 Nom GitHub : catherine
[2025-10-09T19:24:21.305Z] 2025-10-09 21:24:21 [CLIENT DISCORD] 🕒 Version distante : 2.3.2
[2025-10-09T19:24:21.307Z] [INFO] 2025-10-09 21:24:21 [ℹ️ INFO NOTIFY] ✅ Les versions sont identiques.
[2025-10-09T19:24:23.501Z] 2025-10-09 21:24:23 [DEBUG] 📦 Checking version from local...
[2025-10-09T19:24:23.501Z] 2025-10-09 21:24:23 [CLIENT DISCORD] 📦 Nom : catherine
[2025-10-09T19:24:23.501Z] 2025-10-09 21:24:23 [CLIENT DISCORD] 🕒 Version locale : 2.3.2
[2025-10-09T19:24:23.501Z] 2025-10-09 21:24:23 [DEBUG] 🌐 Checking version from GitHub...
[2025-10-09T19:24:23.869Z] 2025-10-09 21:24:23 [CLIENT DISCORD] 📦 Nom GitHub : catherine
[2025-10-09T19:24:23.870Z] 2025-10-09 21:24:23 [CLIENT DISCORD] 🕒 Version distante : 2.3.2
[2025-10-09T19:24:23.870Z] [INFO] 2025-10-09 21:24:23 [ℹ️ INFO NOTIFY] ✅ Les versions sont identiques.
[2025-10-09T19:24:23.870Z] 2025-10-09 21:24:23 [CLIENT DISCORD] [34m==============================[39m
[2025-10-09T19:24:23.870Z] 2025-10-09 21:24:23 [CLIENT DISCORD] [32m🚀 Démarrage du bot...[39m
[2025-10-09T19:24:23.870Z] 2025-10-09 21:24:23 [CLIENT DISCORD] [33m🔗 Connexion à Discord API...[39m
[2025-10-09T19:24:23.870Z] 2025-10-09 21:24:23 [CLIENT DISCORD] [36m✅ Bot RP en ligne ! Connecté en tant que 293 | Catherine#8045[39m
[2025-10-09T19:24:23.870Z] 2025-10-09 21:24:23 [CLIENT DISCORD] [34m==============================[39m
[34m[39m
[2025-10-09T19:24:23.873Z] 2025-10-09 21:24:23 [CLIENT DISCORD] [player] Initialisation du Player terminée.
[2025-10-09T19:24:23.874Z] 2025-10-09 21:24:23 [CLIENT DISCORD] [player] Extracteurs chargés avec succès.
[2025-10-09T19:24:23.874Z] 2025-10-09 21:24:23 [CLIENT DISCORD] 📥 Serveur trouvé : San Andreas State Police
[2025-10-09T19:24:24.148Z] 2025-10-09 21:24:24 [CLIENT DISCORD] 🔍 Commandes déjà présentes : play, rules, createreport, div, role, info, pex, openservice, infoshift, recruit, help, ban, ticket, shutdown, userinfo, send, clear, kick, warn, mute, rename, shift, promote
[2025-10-09T19:24:24.149Z] 2025-10-09 21:24:24 [WARN] ⚠️ Les commandes sont déjà enregistrées. Lance avec 'debug' pour forcer l'écrasement.
[2025-10-09T19:24:24.150Z] 2025-10-09 21:24:24 [ERROR] ❌ Erreur lors de l'enregistrement des commandes : {}
[2025-10-09T19:24:24.150Z] 2025-10-09 21:24:24 [CLIENT DISCORD] ✅ Bot prêt en tant que 293 | Catherine#8045
[2025-10-09T19:24:24.153Z] 2025-10-09 21:24:24 [CLIENT DISCORD] [Cron] 🕒 Démarrage de la régénération automatique de la hiérarchie (tabs)...
[2025-10-09T19:24:24.153Z] 2025-10-09 21:24:24 [CLIENT DISCORD] [Cron] 🕒 Démarrage de la régénération automatique de la hiérarchie... (div)
[2025-10-09T19:24:25.182Z] [NOTIFY] 2025-10-09 21:24:25 [🟢 SOFT NOTIFY] Message DIV supprimé
[2025-10-09T19:24:26.446Z] [NOTIFY] 2025-10-09 21:24:26 [🟢 SOFT NOTIFY] Message TABS supprimé
[2025-10-09T19:24:28.568Z] 2025-10-09 21:24:28 [CLIENT DISCORD] [✅] Hiérarchie DIV envoyée.
[2025-10-09T19:24:28.568Z] 2025-10-09 21:24:28 [CLIENT DISCORD] [Cron] 🕒 Fin de la régénération automatique de la hiérarchie.
[2025-10-09T19:24:28.889Z] 2025-10-09 21:24:28 [CLIENT DISCORD] [✅] Hiérarchie TABS envoyée.
[2025-10-09T19:24:28.889Z] 2025-10-09 21:24:28 [CLIENT DISCORD] [Cron] 🕒 Fin de la régénération automatique de la hiérarchie.
[2025-10-09T19:24:53.837Z] 2025-10-09 21:24:53 [CLIENT DISCORD] Les modules [32mloggers[39m ont correctement été exportés.
[2025-10-09T19:24:53.838Z] 2025-10-09 21:24:53 [DEBUG] 📦 Checking version from local...
[2025-10-09T19:24:53.838Z] 2025-10-09 21:24:53 [CLIENT DISCORD] 📦 Nom : catherine
[2025-10-09T19:24:53.838Z] 2025-10-09 21:24:53 [CLIENT DISCORD] 🕒 Version locale : 2.3.2
[2025-10-09T19:24:53.838Z] 2025-10-09 21:24:53 [DEBUG] 🌐 Checking version from GitHub...
[2025-10-09T19:24:53.859Z] [EVENT] 2025-10-09 21:24:53 [📅 EVENT NOTIFY] Chargé : guildBanAdd
[2025-10-09T19:24:53.860Z] [EVENT] 2025-10-09 21:24:53 [📅 EVENT NOTIFY] Chargé : guildBanRemove
[2025-10-09T19:24:53.860Z] [EVENT] 2025-10-09 21:24:53 [📅 EVENT NOTIFY] Chargé : guildMemberAdd
[2025-10-09T19:24:53.860Z] [EVENT] 2025-10-09 21:24:53 [📅 EVENT NOTIFY] Chargé : guildMemberRemove
[2025-10-09T19:24:53.861Z] 2025-10-09 21:24:53 [CLIENT DISCORD] Les modules  [32mutils.js[39m [0m ont correctement été exporté.[0m
[2025-10-09T19:24:53.978Z] 2025-10-09 21:24:53 [CLIENT DISCORD] L'interaction  [32mbuttons.js[39m [0m ont correctement été exporté.[0m
[2025-10-09T19:24:54.021Z] 2025-10-09 21:24:54 [CLIENT DISCORD] L'interaction  [32mmodals.js[39m [0m ont correctement été exporté.[0m
[2025-10-09T19:24:54.021Z] [EVENT] 2025-10-09 21:24:54 [📅 EVENT NOTIFY] Chargé : interactionCreate
[2025-10-09T19:24:54.021Z] [EVENT] 2025-10-09 21:24:54 [📅 EVENT NOTIFY] Chargé : messageCreate
[2025-10-09T19:24:54.021Z] [EVENT] 2025-10-09 21:24:54 [📅 EVENT NOTIFY] Chargé : messageDelete
[2025-10-09T19:24:54.022Z] [EVENT] 2025-10-09 21:24:54 [📅 EVENT NOTIFY] Chargé : messageUpdate
[2025-10-09T19:24:54.030Z] 2025-10-09 21:24:54 [CLIENT DISCORD] Les modules  [32mcommands.js[39m [0m ont correctement été exporté.[0m
[2025-10-09T19:24:54.033Z] [EVENT] 2025-10-09 21:24:54 [📅 EVENT NOTIFY] Chargé : ready
[2025-10-09T19:24:54.033Z] [EVENT] 2025-10-09 21:24:54 [📅 EVENT NOTIFY] Chargé : voiceStateUpdate
[2025-10-09T19:24:54.034Z] [COMMANDS] 2025-10-09 21:24:54 [📌 COMMANDS NOTIFY] Chargée : ban
[2025-10-09T19:24:54.034Z] [COMMANDS] 2025-10-09 21:24:54 [📌 COMMANDS NOTIFY] Chargée : clear
[2025-10-09T19:24:54.035Z] [COMMANDS] 2025-10-09 21:24:54 [📌 COMMANDS NOTIFY] Chargée : createreport
[2025-10-09T19:24:54.035Z] [COMMANDS] 2025-10-09 21:24:54 [📌 COMMANDS NOTIFY] Chargée : div
[2025-10-09T19:24:54.035Z] [COMMANDS] 2025-10-09 21:24:54 [📌 COMMANDS NOTIFY] Chargée : help
[2025-10-09T19:24:54.036Z] [COMMANDS] 2025-10-09 21:24:54 [📌 COMMANDS NOTIFY] Chargée : info
[2025-10-09T19:24:54.036Z] [COMMANDS] 2025-10-09 21:24:54 [📌 COMMANDS NOTIFY] Chargée : infoshift
[2025-10-09T19:24:54.036Z] [COMMANDS] 2025-10-09 21:24:54 [📌 COMMANDS NOTIFY] Chargée : kick
[2025-10-09T19:24:54.036Z] [COMMANDS] 2025-10-09 21:24:54 [📌 COMMANDS NOTIFY] Chargée : mute
[2025-10-09T19:24:54.037Z] [COMMANDS] 2025-10-09 21:24:54 [📌 COMMANDS NOTIFY] Chargée : openservice
[2025-10-09T19:24:54.037Z] [COMMANDS] 2025-10-09 21:24:54 [📌 COMMANDS NOTIFY] Chargée : pex
[2025-10-09T19:24:54.040Z] [COMMANDS] 2025-10-09 21:24:54 [📌 COMMANDS NOTIFY] Chargée : play
[2025-10-09T19:24:54.041Z] [COMMANDS] 2025-10-09 21:24:54 [📌 COMMANDS NOTIFY] Chargée : promote
[2025-10-09T19:24:54.041Z] [COMMANDS] 2025-10-09 21:24:54 [📌 COMMANDS NOTIFY] Chargée : recruit
[2025-10-09T19:24:54.041Z] [COMMANDS] 2025-10-09 21:24:54 [📌 COMMANDS NOTIFY] Chargée : rename
[2025-10-09T19:24:54.041Z] [COMMANDS] 2025-10-09 21:24:54 [📌 COMMANDS NOTIFY] Chargée : role
[2025-10-09T19:24:54.042Z] [COMMANDS] 2025-10-09 21:24:54 [📌 COMMANDS NOTIFY] Chargée : send
[2025-10-09T19:24:54.042Z] [COMMANDS] 2025-10-09 21:24:54 [📌 COMMANDS NOTIFY] Chargée : shift
[2025-10-09T19:24:54.042Z] [COMMANDS] 2025-10-09 21:24:54 [📌 COMMANDS NOTIFY] Chargée : ticket
[2025-10-09T19:24:54.043Z] [COMMANDS] 2025-10-09 21:24:54 [📌 COMMANDS NOTIFY] Chargée : userinfo
[2025-10-09T19:24:54.043Z] [COMMANDS] 2025-10-09 21:24:54 [📌 COMMANDS NOTIFY] Chargée : warn
[2025-10-09T19:24:54.044Z] 2025-10-09 21:24:54 [CLIENT DISCORD] [42m[30mChargement des informations du package.[39m[49m
[42m[30m[39m[49m [46m[PACKAGE][49m [32mAuth. : François 🌸[39m
[32m[39m [46m[PACKAGE][49m [32mDepd. : axios, chalk, cron, discord-html-transcripts, discord-player, discord.js, distube, dotenv, express, express-session, form-data, fs, googleapis, luxon, multer, node-cron, node-fetch, ora, patch, path, pdf-lib, pdfkit, play-dl, readline, rl, uuid[39m
[32m[39m [46m[PACKAGE][49m [32mDesc. : Official Bot Catherine for 911 Community.[39m
[32m[39m [46m[PACKAGE][49m [32mLisc. : ISC[39m
[32m[39m [46m[PACKAGE][49m [32mMain. : index.js[39m
[32m[39m [46m[PACKAGE][49m [32mName. : catherine[39m
[32m[39m [46m[PACKAGE][49m [32mScrp. : {"test":"echo \"Error: no test specified\" && exit 1","start":"node server.js"}[39m
[32m[39m [46m[PACKAGE][49m [32mVers. : 2.3.2[39m
[32m[39m [46m[PACKAGE][49m [32mPatch Note. : **[PN - 07/06]** *Passage 2.0 with new patch (shift, tabs... new commands handler)*[39m
[32m[39m
[2025-10-09T19:24:55.446Z] 2025-10-09 21:24:55 [CLIENT DISCORD] 📦 Nom GitHub : catherine
[2025-10-09T19:24:55.447Z] 2025-10-09 21:24:55 [CLIENT DISCORD] 🕒 Version distante : 2.3.2
[2025-10-09T19:24:55.449Z] [INFO] 2025-10-09 21:24:55 [ℹ️ INFO NOTIFY] ✅ Les versions sont identiques.
[2025-10-09T19:24:56.504Z] 2025-10-09 21:24:56 [DEBUG] 📦 Checking version from local...
[2025-10-09T19:24:56.504Z] 2025-10-09 21:24:56 [CLIENT DISCORD] 📦 Nom : catherine
[2025-10-09T19:24:56.504Z] 2025-10-09 21:24:56 [CLIENT DISCORD] 🕒 Version locale : 2.3.2
[2025-10-09T19:24:56.504Z] 2025-10-09 21:24:56 [DEBUG] 🌐 Checking version from GitHub...
[2025-10-09T19:24:56.933Z] 2025-10-09 21:24:56 [CLIENT DISCORD] 📦 Nom GitHub : catherine
[2025-10-09T19:24:56.933Z] 2025-10-09 21:24:56 [CLIENT DISCORD] 🕒 Version distante : 2.3.2
[2025-10-09T19:24:56.933Z] [INFO] 2025-10-09 21:24:56 [ℹ️ INFO NOTIFY] ✅ Les versions sont identiques.
[2025-10-09T19:24:56.933Z] 2025-10-09 21:24:56 [CLIENT DISCORD] [34m==============================[39m
[2025-10-09T19:24:56.934Z] 2025-10-09 21:24:56 [CLIENT DISCORD] [32m🚀 Démarrage du bot...[39m
[2025-10-09T19:24:56.934Z] 2025-10-09 21:24:56 [CLIENT DISCORD] [33m🔗 Connexion à Discord API...[39m
[2025-10-09T19:24:56.934Z] 2025-10-09 21:24:56 [CLIENT DISCORD] [36m✅ Bot RP en ligne ! Connecté en tant que 293 | Catherine#8045[39m
[2025-10-09T19:24:56.934Z] 2025-10-09 21:24:56 [CLIENT DISCORD] [34m==============================[39m
[34m[39m
[2025-10-09T19:24:56.939Z] 2025-10-09 21:24:56 [CLIENT DISCORD] [player] Initialisation du Player terminée.
[2025-10-09T19:24:56.939Z] 2025-10-09 21:24:56 [CLIENT DISCORD] [player] Extracteurs chargés avec succès.
[2025-10-09T19:24:56.940Z] 2025-10-09 21:24:56 [CLIENT DISCORD] 📥 Serveur trouvé : San Andreas State Police
[2025-10-09T19:24:57.212Z] 2025-10-09 21:24:57 [CLIENT DISCORD] 🔍 Commandes déjà présentes : play, rules, createreport, div, role, info, pex, openservice, infoshift, recruit, help, ban, ticket, shutdown, userinfo, send, clear, kick, warn, mute, rename, shift, promote
[2025-10-09T19:24:57.212Z] 2025-10-09 21:24:57 [WARN] ⚠️ Les commandes sont déjà enregistrées. Lance avec 'debug' pour forcer l'écrasement.
[2025-10-09T19:24:57.213Z] 2025-10-09 21:24:57 [ERROR] ❌ Erreur lors de l'enregistrement des commandes : {}
[2025-10-09T19:24:57.213Z] 2025-10-09 21:24:57 [CLIENT DISCORD] ✅ Bot prêt en tant que 293 | Catherine#8045
[2025-10-09T19:24:57.214Z] 2025-10-09 21:24:57 [CLIENT DISCORD] [Cron] 🕒 Démarrage de la régénération automatique de la hiérarchie (tabs)...
[2025-10-09T19:24:57.214Z] 2025-10-09 21:24:57 [CLIENT DISCORD] [Cron] 🕒 Démarrage de la régénération automatique de la hiérarchie... (div)
[2025-10-09T19:24:58.255Z] [NOTIFY] 2025-10-09 21:24:58 [🟢 SOFT NOTIFY] Message DIV supprimé
[2025-10-09T19:25:00.770Z] [NOTIFY] 2025-10-09 21:25:00 [🟢 SOFT NOTIFY] Message TABS supprimé
[2025-10-09T19:25:00.771Z] 2025-10-09 21:25:00 [CLIENT DISCORD] [✅] Hiérarchie DIV envoyée.
[2025-10-09T19:25:00.771Z] 2025-10-09 21:25:00 [CLIENT DISCORD] [Cron] 🕒 Fin de la régénération automatique de la hiérarchie.
[2025-10-09T19:25:02.943Z] 2025-10-09 21:25:02 [CLIENT DISCORD] [✅] Hiérarchie TABS envoyée.
[2025-10-09T19:25:02.943Z] 2025-10-09 21:25:02 [CLIENT DISCORD] [Cron] 🕒 Fin de la régénération automatique de la hiérarchie.
[2025-10-09T19:25:21.789Z] 2025-10-09 21:25:21 [CLIENT DISCORD] [32m[MEMBER ADD] astro8935 est arrivé à 09/10/2025, 21:25:21[39m
