[2025-07-14T03:00:00.134Z] 2025-07-14 05:00:00 [CLIENT DISCORD] [32m🌙 Tâches de la nuit exécutées ![39m
[2025-07-14T03:00:00.162Z] 2025-07-14 05:00:00 [DEBUG] 📦 Checking version from local...
[2025-07-14T03:00:00.166Z] 2025-07-14 05:00:00 [CLIENT DISCORD] 📦 Nom : catherine
[2025-07-14T03:00:00.168Z] 2025-07-14 05:00:00 [CLIENT DISCORD] 🕒 Version locale : 2.1.2
[2025-07-14T03:00:00.170Z] 2025-07-14 05:00:00 [DEBUG] 🌐 Checking version from GitHub...
[2025-07-14T03:00:00.180Z] 2025-07-14 05:00:00 [WARN] [REBOOT] Attention, Catherine redémarre (checker les logs). Instruction reboot.js
[2025-07-14T03:00:07.660Z] 2025-07-14 05:00:07 [CLIENT DISCORD] Les modules [32mloggers[39m ont correctement été exportés.
[2025-07-14T03:00:07.702Z] [EVENT] 2025-07-14 05:00:07 [📅 EVENT NOTIFY] Chargé : guildBanAdd
[2025-07-14T03:00:07.704Z] [EVENT] 2025-07-14 05:00:07 [📅 EVENT NOTIFY] Chargé : guildBanRemove
[2025-07-14T03:00:07.705Z] [EVENT] 2025-07-14 05:00:07 [📅 EVENT NOTIFY] Chargé : guildMemberAdd
[2025-07-14T03:00:07.708Z] [EVENT] 2025-07-14 05:00:07 [📅 EVENT NOTIFY] Chargé : guildMemberRemove
[2025-07-14T03:00:07.712Z] 2025-07-14 05:00:07 [CLIENT DISCORD] Les modules  [32mutils.js[39m [0m ont correctement été exporté.[0m
[2025-07-14T03:00:08.473Z] 2025-07-14 05:00:08 [CLIENT DISCORD] L'interaction  [32mbuttons.js[39m [0m ont correctement été exporté.[0m
[2025-07-14T03:00:08.782Z] 2025-07-14 05:00:08 [CLIENT DISCORD] L'interaction  [32mmodals.js[39m [0m ont correctement été exporté.[0m
[2025-07-14T03:00:08.784Z] [EVENT] 2025-07-14 05:00:08 [📅 EVENT NOTIFY] Chargé : interactionCreate
[2025-07-14T03:00:08.787Z] [EVENT] 2025-07-14 05:00:08 [📅 EVENT NOTIFY] Chargé : messageCreate
[2025-07-14T03:00:08.790Z] [EVENT] 2025-07-14 05:00:08 [📅 EVENT NOTIFY] Chargé : messageDelete
[2025-07-14T03:00:08.793Z] [EVENT] 2025-07-14 05:00:08 [📅 EVENT NOTIFY] Chargé : messageUpdate
[2025-07-14T03:00:08.816Z] 2025-07-14 05:00:08 [CLIENT DISCORD] Les modules  [32mcommands.js[39m [0m ont correctement été exporté.[0m
[2025-07-14T03:00:08.839Z] [EVENT] 2025-07-14 05:00:08 [📅 EVENT NOTIFY] Chargé : ready
[2025-07-14T03:00:08.840Z] [EVENT] 2025-07-14 05:00:08 [📅 EVENT NOTIFY] Chargé : voiceStateUpdate
[2025-07-14T03:00:08.848Z] [COMMANDS] 2025-07-14 05:00:08 [📌 COMMANDS NOTIFY] Chargée : ban
[2025-07-14T03:00:08.850Z] [COMMANDS] 2025-07-14 05:00:08 [📌 COMMANDS NOTIFY] Chargée : clear
[2025-07-14T03:00:08.853Z] [COMMANDS] 2025-07-14 05:00:08 [📌 COMMANDS NOTIFY] Chargée : createreport
[2025-07-14T03:00:08.855Z] [COMMANDS] 2025-07-14 05:00:08 [📌 COMMANDS NOTIFY] Chargée : div
[2025-07-14T03:00:08.857Z] [COMMANDS] 2025-07-14 05:00:08 [📌 COMMANDS NOTIFY] Chargée : help
[2025-07-14T03:00:08.860Z] [COMMANDS] 2025-07-14 05:00:08 [📌 COMMANDS NOTIFY] Chargée : info
[2025-07-14T03:00:08.862Z] [COMMANDS] 2025-07-14 05:00:08 [📌 COMMANDS NOTIFY] Chargée : infoshift
[2025-07-14T03:00:08.864Z] [COMMANDS] 2025-07-14 05:00:08 [📌 COMMANDS NOTIFY] Chargée : kick
[2025-07-14T03:00:08.867Z] [COMMANDS] 2025-07-14 05:00:08 [📌 COMMANDS NOTIFY] Chargée : mute
[2025-07-14T03:00:08.869Z] [COMMANDS] 2025-07-14 05:00:08 [📌 COMMANDS NOTIFY] Chargée : openservice
[2025-07-14T03:00:08.872Z] [COMMANDS] 2025-07-14 05:00:08 [📌 COMMANDS NOTIFY] Chargée : pex
[2025-07-14T03:00:08.915Z] [COMMANDS] 2025-07-14 05:00:08 [📌 COMMANDS NOTIFY] Chargée : play
[2025-07-14T03:00:08.917Z] [COMMANDS] 2025-07-14 05:00:08 [📌 COMMANDS NOTIFY] Chargée : promote
[2025-07-14T03:00:08.919Z] [COMMANDS] 2025-07-14 05:00:08 [📌 COMMANDS NOTIFY] Chargée : recruit
[2025-07-14T03:00:08.920Z] [COMMANDS] 2025-07-14 05:00:08 [📌 COMMANDS NOTIFY] Chargée : rename
[2025-07-14T03:00:08.923Z] [COMMANDS] 2025-07-14 05:00:08 [📌 COMMANDS NOTIFY] Chargée : role
[2025-07-14T03:00:08.924Z] [COMMANDS] 2025-07-14 05:00:08 [📌 COMMANDS NOTIFY] Chargée : send
[2025-07-14T03:00:08.927Z] [COMMANDS] 2025-07-14 05:00:08 [📌 COMMANDS NOTIFY] Chargée : shift
[2025-07-14T03:00:08.929Z] [COMMANDS] 2025-07-14 05:00:08 [📌 COMMANDS NOTIFY] Chargée : ticket
[2025-07-14T03:00:08.932Z] [COMMANDS] 2025-07-14 05:00:08 [📌 COMMANDS NOTIFY] Chargée : userinfo
[2025-07-14T03:00:08.934Z] [COMMANDS] 2025-07-14 05:00:08 [📌 COMMANDS NOTIFY] Chargée : warn
[2025-07-14T03:00:08.941Z] 2025-07-14 05:00:08 [CLIENT DISCORD] [42m[30mChargement des informations du package.[39m[49m
[42m[30m[39m[49m [46m[PACKAGE][49m [32mAuth. : François 🌸[39m
[32m[39m [46m[PACKAGE][49m [32mDepd. : axios, chalk, cron, discord-html-transcripts, discord-player, discord.js, distube, dotenv, express, express-session, form-data, fs, googleapis, luxon, node-cron, node-fetch, ora, patch, path, pdf-lib, pdfkit, play-dl, readline, rl, uuid[39m
[32m[39m [46m[PACKAGE][49m [32mDesc. : Official Bot Catherine for 911 Community.[39m
[32m[39m [46m[PACKAGE][49m [32mLisc. : ISC[39m
[32m[39m [46m[PACKAGE][49m [32mMain. : index.js[39m
[32m[39m [46m[PACKAGE][49m [32mName. : catherine[39m
[32m[39m [46m[PACKAGE][49m [32mScrp. : {"test":"echo \"Error: no test specified\" && exit 1","start":"node server.js"}[39m
[32m[39m [46m[PACKAGE][49m [32mVers. : 2.1.2[39m
[32m[39m [46m[PACKAGE][49m [32mPatch Note. : **[PN - 07/06]** *Passage 2.0 with new patch (shift, tabs... new commands handler)*[39m
[32m[39m
[2025-07-14T03:00:10.067Z] 2025-07-14 05:00:10 [DEBUG] 📦 Checking version from local...
[2025-07-14T03:00:10.069Z] 2025-07-14 05:00:10 [CLIENT DISCORD] 📦 Nom : catherine
[2025-07-14T03:00:10.070Z] 2025-07-14 05:00:10 [CLIENT DISCORD] 🕒 Version locale : 2.1.2
[2025-07-14T03:00:10.071Z] 2025-07-14 05:00:10 [DEBUG] 🌐 Checking version from GitHub...
[2025-07-14T03:00:10.291Z] 2025-07-14 05:00:10 [CLIENT DISCORD] 📦 Nom GitHub : catherine
[2025-07-14T03:00:10.292Z] 2025-07-14 05:00:10 [CLIENT DISCORD] 🕒 Version distante : 2.1.2
[2025-07-14T03:00:10.293Z] [INFO] 2025-07-14 05:00:10 [ℹ️ INFO NOTIFY] ✅ Les versions sont identiques.
[2025-07-14T03:00:10.295Z] 2025-07-14 05:00:10 [CLIENT DISCORD] [34m==============================[39m
[2025-07-14T03:00:10.296Z] 2025-07-14 05:00:10 [CLIENT DISCORD] [32m🚀 Démarrage du bot...[39m
[2025-07-14T03:00:10.297Z] 2025-07-14 05:00:10 [CLIENT DISCORD] [33m🔗 Connexion à Discord API...[39m
[2025-07-14T03:00:10.298Z] 2025-07-14 05:00:10 [CLIENT DISCORD] [36m✅ Bot RP en ligne ! Connecté en tant que 293 | Catherine#8045[39m
[2025-07-14T03:00:10.299Z] 2025-07-14 05:00:10 [CLIENT DISCORD] [34m==============================[39m
[34m[39m
[2025-07-14T03:00:10.313Z] 2025-07-14 05:00:10 [CLIENT DISCORD] [player] Initialisation du Player terminée.
[2025-07-14T03:00:10.317Z] 2025-07-14 05:00:10 [CLIENT DISCORD] [player] Extracteurs chargés avec succès.
[2025-07-14T03:00:10.318Z] 2025-07-14 05:00:10 [CLIENT DISCORD] 📥 Serveur trouvé : Georgia State Police (GSP)
[2025-07-14T03:00:10.653Z] 2025-07-14 05:00:10 [CLIENT DISCORD] 🔍 Commandes déjà présentes : play, rules, createreport, div, role, info, pex, openservice, infoshift, recruit, help, ban, ticket, shutdown, userinfo, send, clear, kick, warn, mute, rename, shift, promote
[2025-07-14T03:00:10.654Z] 2025-07-14 05:00:10 [WARN] ⚠️ Les commandes sont déjà enregistrées. Lance avec 'debug' pour forcer l'écrasement.
[2025-07-14T03:00:10.654Z] 2025-07-14 05:00:10 [CLIENT DISCORD] 🎮 Statut et activité mis à jour.
[2025-07-14T03:00:10.655Z] 2025-07-14 05:00:10 [CLIENT DISCORD] 📌 Mode de lancement : [33mAucun[39m
[2025-07-14T03:00:10.655Z] 2025-07-14 05:00:10 [CLIENT DISCORD] ✅ Bot prêt en tant que 293 | Catherine#8045
[2025-07-14T06:00:00.177Z] 2025-07-14 08:00:00 [CLIENT DISCORD] [32m🌅 Tâches du matin exécutées ![39m
[2025-07-14T06:00:00.214Z] 2025-07-14 08:00:00 [CLIENT DISCORD] [Cron] 🕒 Démarrage de la régénération automatique de la hiérarchie (tabs)...
[2025-07-14T06:00:00.222Z] 2025-07-14 08:00:00 [CLIENT DISCORD] [Cron] 🕒 Démarrage de la régénération automatique de la hiérarchie... (div)
[2025-07-14T06:00:00.226Z] 2025-07-14 08:00:00 [CLIENT DISCORD] 🔍 Vérification des règles...
[2025-07-14T06:00:00.243Z] 2025-07-14 08:00:00 [DEBUG] 📦 Checking version from local...
[2025-07-14T06:00:00.246Z] 2025-07-14 08:00:00 [CLIENT DISCORD] 📦 Nom : catherine
[2025-07-14T06:00:00.246Z] 2025-07-14 08:00:00 [CLIENT DISCORD] 🕒 Version locale : 2.1.2
[2025-07-14T06:00:00.247Z] 2025-07-14 08:00:00 [DEBUG] 🌐 Checking version from GitHub...
[2025-07-14T06:00:00.326Z] 2025-07-14 08:00:00 [CLIENT DISCORD] ✅ rules_1.txt inchangé, pas de mise à jour.
[2025-07-14T06:00:00.329Z] 2025-07-14 08:00:00 [CLIENT DISCORD] ✅ rules_2.txt inchangé, pas de mise à jour.
[2025-07-14T06:00:00.330Z] 2025-07-14 08:00:00 [CLIENT DISCORD] ✅ Vérification des règles terminée.
[2025-07-14T06:00:00.413Z] 2025-07-14 08:00:00 [CLIENT DISCORD] [EXPORT] access.json mis à jour avec 13 exécutif(s), 3 superviseur(s) et 2 commandement(s)
[2025-07-14T06:00:00.563Z] 2025-07-14 08:00:00 [CLIENT DISCORD] 📦 Nom GitHub : catherine
[2025-07-14T06:00:00.564Z] 2025-07-14 08:00:00 [CLIENT DISCORD] 🕒 Version distante : 2.1.2
[2025-07-14T06:00:00.566Z] [INFO] 2025-07-14 08:00:00 [ℹ️ INFO NOTIFY] ✅ Les versions sont identiques.
[2025-07-14T06:00:00.606Z] 2025-07-14 08:00:00 [WARN] [!] (DIV) Ancien message non trouvé ou déjà supprimé.
[2025-07-14T06:00:00.838Z] 2025-07-14 08:00:00 [WARN] [!] (TABS) Ancien message non trouvé ou déjà supprimé.
[2025-07-14T06:00:04.817Z] 2025-07-14 08:00:04 [CLIENT DISCORD] [✅] Hiérarchie DIV envoyée.
[2025-07-14T06:00:04.819Z] 2025-07-14 08:00:04 [CLIENT DISCORD] [Cron] 🕒 Fin de la régénération automatique de la hiérarchie.
[2025-07-14T06:00:05.244Z] 2025-07-14 08:00:05 [CLIENT DISCORD] [✅] Hiérarchie TABS envoyée.
[2025-07-14T06:00:05.245Z] 2025-07-14 08:00:05 [CLIENT DISCORD] [Cron] 🕒 Fin de la régénération automatique de la hiérarchie.
[2025-07-14T14:00:00.139Z] 2025-07-14 16:00:00 [CLIENT DISCORD] [32m🌇 Tâches du soir exécutées ![39m
[2025-07-14T14:00:00.156Z] 2025-07-14 16:00:00 [CLIENT DISCORD] [Cron] 🕒 Démarrage de la régénération automatique de la hiérarchie (tabs)...
[2025-07-14T14:00:00.160Z] 2025-07-14 16:00:00 [CLIENT DISCORD] [Cron] 🕒 Démarrage de la régénération automatique de la hiérarchie... (div)
[2025-07-14T14:00:00.161Z] 2025-07-14 16:00:00 [CLIENT DISCORD] 🔍 Vérification des règles...
[2025-07-14T14:00:00.176Z] 2025-07-14 16:00:00 [DEBUG] 📦 Checking version from local...
[2025-07-14T14:00:00.179Z] 2025-07-14 16:00:00 [CLIENT DISCORD] 📦 Nom : catherine
[2025-07-14T14:00:00.180Z] 2025-07-14 16:00:00 [CLIENT DISCORD] 🕒 Version locale : 2.1.2
[2025-07-14T14:00:00.180Z] 2025-07-14 16:00:00 [DEBUG] 🌐 Checking version from GitHub...
[2025-07-14T14:00:00.293Z] 2025-07-14 16:00:00 [CLIENT DISCORD] ✅ rules_1.txt inchangé, pas de mise à jour.
[2025-07-14T14:00:00.295Z] 2025-07-14 16:00:00 [CLIENT DISCORD] ✅ rules_2.txt inchangé, pas de mise à jour.
[2025-07-14T14:00:00.296Z] 2025-07-14 16:00:00 [CLIENT DISCORD] ✅ Vérification des règles terminée.
[2025-07-14T14:00:00.328Z] 2025-07-14 16:00:00 [CLIENT DISCORD] [EXPORT] access.json mis à jour avec 13 exécutif(s), 3 superviseur(s) et 2 commandement(s)
[2025-07-14T14:00:00.581Z] 2025-07-14 16:00:00 [CLIENT DISCORD] 📦 Nom GitHub : catherine
[2025-07-14T14:00:00.581Z] 2025-07-14 16:00:00 [CLIENT DISCORD] 🕒 Version distante : 2.1.2
[2025-07-14T14:00:00.582Z] [INFO] 2025-07-14 16:00:00 [ℹ️ INFO NOTIFY] ✅ Les versions sont identiques.
[2025-07-14T14:00:00.718Z] [NOTIFY] 2025-07-14 16:00:00 [🟢 SOFT NOTIFY] Message DIV supprimé
[2025-07-14T14:00:00.932Z] [NOTIFY] 2025-07-14 16:00:00 [🟢 SOFT NOTIFY] Message TABS supprimé
[2025-07-14T14:00:01.112Z] 2025-07-14 16:00:01 [CLIENT DISCORD] ✅ Données écrites dans config.json
[2025-07-14T14:00:01.855Z] 2025-07-14 16:00:01 [CLIENT DISCORD] [✅] Hiérarchie DIV envoyée.
[2025-07-14T14:00:01.858Z] 2025-07-14 16:00:01 [CLIENT DISCORD] [Cron] 🕒 Fin de la régénération automatique de la hiérarchie.
[2025-07-14T14:00:02.238Z] 2025-07-14 16:00:02 [CLIENT DISCORD] [✅] Hiérarchie TABS envoyée.
[2025-07-14T14:00:02.240Z] 2025-07-14 16:00:02 [CLIENT DISCORD] [Cron] 🕒 Fin de la régénération automatique de la hiérarchie.
