[2025-08-01T03:00:00.158Z] 2025-08-01 05:00:00 [CLIENT DISCORD] [32m🌙 Tâches de la nuit exécutées ![39m
[2025-08-01T03:00:00.198Z] 2025-08-01 05:00:00 [DEBUG] 📦 Checking version from local...
[2025-08-01T03:00:00.199Z] 2025-08-01 05:00:00 [CLIENT DISCORD] 📦 Nom : catherine
[2025-08-01T03:00:00.200Z] 2025-08-01 05:00:00 [CLIENT DISCORD] 🕒 Version locale : 2.1.2
[2025-08-01T03:00:00.201Z] 2025-08-01 05:00:00 [DEBUG] 🌐 Checking version from GitHub...
[2025-08-01T03:00:00.238Z] 2025-08-01 05:00:00 [WARN] [REBOOT] Attention, Catherine redémarre (checker les logs). Instruction reboot.js
[2025-08-01T03:00:08.579Z] 2025-08-01 05:00:08 [CLIENT DISCORD] Les modules [32mloggers[39m ont correctement été exportés.
[2025-08-01T03:00:08.630Z] [EVENT] 2025-08-01 05:00:08 [📅 EVENT NOTIFY] Chargé : guildBanAdd
[2025-08-01T03:00:08.632Z] [EVENT] 2025-08-01 05:00:08 [📅 EVENT NOTIFY] Chargé : guildBanRemove
[2025-08-01T03:00:08.634Z] [EVENT] 2025-08-01 05:00:08 [📅 EVENT NOTIFY] Chargé : guildMemberAdd
[2025-08-01T03:00:08.636Z] [EVENT] 2025-08-01 05:00:08 [📅 EVENT NOTIFY] Chargé : guildMemberRemove
[2025-08-01T03:00:08.640Z] 2025-08-01 05:00:08 [CLIENT DISCORD] Les modules  [32mutils.js[39m [0m ont correctement été exporté.[0m
[2025-08-01T03:00:09.679Z] 2025-08-01 05:00:09 [CLIENT DISCORD] L'interaction  [32mbuttons.js[39m [0m ont correctement été exporté.[0m
[2025-08-01T03:00:10.137Z] 2025-08-01 05:00:10 [CLIENT DISCORD] L'interaction  [32mmodals.js[39m [0m ont correctement été exporté.[0m
[2025-08-01T03:00:10.139Z] [EVENT] 2025-08-01 05:00:10 [📅 EVENT NOTIFY] Chargé : interactionCreate
[2025-08-01T03:00:10.142Z] [EVENT] 2025-08-01 05:00:10 [📅 EVENT NOTIFY] Chargé : messageCreate
[2025-08-01T03:00:10.143Z] [EVENT] 2025-08-01 05:00:10 [📅 EVENT NOTIFY] Chargé : messageDelete
[2025-08-01T03:00:10.144Z] [EVENT] 2025-08-01 05:00:10 [📅 EVENT NOTIFY] Chargé : messageUpdate
[2025-08-01T03:00:10.177Z] 2025-08-01 05:00:10 [CLIENT DISCORD] Les modules  [32mcommands.js[39m [0m ont correctement été exporté.[0m
[2025-08-01T03:00:10.198Z] [EVENT] 2025-08-01 05:00:10 [📅 EVENT NOTIFY] Chargé : ready
[2025-08-01T03:00:10.199Z] [EVENT] 2025-08-01 05:00:10 [📅 EVENT NOTIFY] Chargé : voiceStateUpdate
[2025-08-01T03:00:10.206Z] [COMMANDS] 2025-08-01 05:00:10 [📌 COMMANDS NOTIFY] Chargée : ban
[2025-08-01T03:00:10.208Z] [COMMANDS] 2025-08-01 05:00:10 [📌 COMMANDS NOTIFY] Chargée : clear
[2025-08-01T03:00:10.210Z] [COMMANDS] 2025-08-01 05:00:10 [📌 COMMANDS NOTIFY] Chargée : createreport
[2025-08-01T03:00:10.212Z] [COMMANDS] 2025-08-01 05:00:10 [📌 COMMANDS NOTIFY] Chargée : div
[2025-08-01T03:00:10.214Z] [COMMANDS] 2025-08-01 05:00:10 [📌 COMMANDS NOTIFY] Chargée : help
[2025-08-01T03:00:10.216Z] [COMMANDS] 2025-08-01 05:00:10 [📌 COMMANDS NOTIFY] Chargée : info
[2025-08-01T03:00:10.219Z] [COMMANDS] 2025-08-01 05:00:10 [📌 COMMANDS NOTIFY] Chargée : infoshift
[2025-08-01T03:00:10.221Z] [COMMANDS] 2025-08-01 05:00:10 [📌 COMMANDS NOTIFY] Chargée : kick
[2025-08-01T03:00:10.223Z] [COMMANDS] 2025-08-01 05:00:10 [📌 COMMANDS NOTIFY] Chargée : mute
[2025-08-01T03:00:10.225Z] [COMMANDS] 2025-08-01 05:00:10 [📌 COMMANDS NOTIFY] Chargée : openservice
[2025-08-01T03:00:10.227Z] [COMMANDS] 2025-08-01 05:00:10 [📌 COMMANDS NOTIFY] Chargée : pex
[2025-08-01T03:00:10.248Z] [COMMANDS] 2025-08-01 05:00:10 [📌 COMMANDS NOTIFY] Chargée : play
[2025-08-01T03:00:10.249Z] [COMMANDS] 2025-08-01 05:00:10 [📌 COMMANDS NOTIFY] Chargée : promote
[2025-08-01T03:00:10.251Z] [COMMANDS] 2025-08-01 05:00:10 [📌 COMMANDS NOTIFY] Chargée : recruit
[2025-08-01T03:00:10.253Z] [COMMANDS] 2025-08-01 05:00:10 [📌 COMMANDS NOTIFY] Chargée : rename
[2025-08-01T03:00:10.254Z] [COMMANDS] 2025-08-01 05:00:10 [📌 COMMANDS NOTIFY] Chargée : role
[2025-08-01T03:00:10.256Z] [COMMANDS] 2025-08-01 05:00:10 [📌 COMMANDS NOTIFY] Chargée : send
[2025-08-01T03:00:10.259Z] [COMMANDS] 2025-08-01 05:00:10 [📌 COMMANDS NOTIFY] Chargée : shift
[2025-08-01T03:00:10.263Z] [COMMANDS] 2025-08-01 05:00:10 [📌 COMMANDS NOTIFY] Chargée : ticket
[2025-08-01T03:00:10.266Z] [COMMANDS] 2025-08-01 05:00:10 [📌 COMMANDS NOTIFY] Chargée : userinfo
[2025-08-01T03:00:10.269Z] [COMMANDS] 2025-08-01 05:00:10 [📌 COMMANDS NOTIFY] Chargée : warn
[2025-08-01T03:00:10.274Z] 2025-08-01 05:00:10 [CLIENT DISCORD] [42m[30mChargement des informations du package.[39m[49m
[42m[30m[39m[49m [46m[PACKAGE][49m [32mAuth. : François 🌸[39m
[32m[39m [46m[PACKAGE][49m [32mDepd. : axios, chalk, cron, discord-html-transcripts, discord-player, discord.js, distube, dotenv, express, express-session, form-data, fs, googleapis, luxon, node-cron, node-fetch, ora, patch, path, pdf-lib, pdfkit, play-dl, readline, rl, uuid[39m
[32m[39m [46m[PACKAGE][49m [32mDesc. : Official Bot Catherine for 911 Community.[39m
[32m[39m [46m[PACKAGE][49m [32mLisc. : ISC[39m
[32m[39m [46m[PACKAGE][49m [32mMain. : index.js[39m
[32m[39m [46m[PACKAGE][49m [32mName. : catherine[39m
[32m[39m [46m[PACKAGE][49m [32mScrp. : {"test":"echo \"Error: no test specified\" && exit 1","start":"node server.js"}[39m
[32m[39m [46m[PACKAGE][49m [32mVers. : 2.1.2[39m
[32m[39m [46m[PACKAGE][49m [32mPatch Note. : **[PN - 07/06]** *Passage 2.0 with new patch (shift, tabs... new commands handler)*[39m
[32m[39m
[2025-08-01T03:00:11.359Z] 2025-08-01 05:00:11 [DEBUG] 📦 Checking version from local...
[2025-08-01T03:00:11.360Z] 2025-08-01 05:00:11 [CLIENT DISCORD] 📦 Nom : catherine
[2025-08-01T03:00:11.361Z] 2025-08-01 05:00:11 [CLIENT DISCORD] 🕒 Version locale : 2.1.2
[2025-08-01T03:00:11.362Z] 2025-08-01 05:00:11 [DEBUG] 🌐 Checking version from GitHub...
[2025-08-01T03:00:11.620Z] 2025-08-01 05:00:11 [CLIENT DISCORD] 📦 Nom GitHub : catherine
[2025-08-01T03:00:11.621Z] 2025-08-01 05:00:11 [CLIENT DISCORD] 🕒 Version distante : 2.1.2
[2025-08-01T03:00:11.622Z] [INFO] 2025-08-01 05:00:11 [ℹ️ INFO NOTIFY] ✅ Les versions sont identiques.
[2025-08-01T03:00:11.623Z] 2025-08-01 05:00:11 [CLIENT DISCORD] [34m==============================[39m
[2025-08-01T03:00:11.624Z] 2025-08-01 05:00:11 [CLIENT DISCORD] [32m🚀 Démarrage du bot...[39m
[2025-08-01T03:00:11.625Z] 2025-08-01 05:00:11 [CLIENT DISCORD] [33m🔗 Connexion à Discord API...[39m
[2025-08-01T03:00:11.626Z] 2025-08-01 05:00:11 [CLIENT DISCORD] [36m✅ Bot RP en ligne ! Connecté en tant que 293 | Catherine#8045[39m
[2025-08-01T03:00:11.628Z] 2025-08-01 05:00:11 [CLIENT DISCORD] [34m==============================[39m
[34m[39m
[2025-08-01T03:00:11.638Z] 2025-08-01 05:00:11 [CLIENT DISCORD] [player] Initialisation du Player terminée.
[2025-08-01T03:00:11.643Z] 2025-08-01 05:00:11 [CLIENT DISCORD] [player] Extracteurs chargés avec succès.
[2025-08-01T03:00:11.644Z] 2025-08-01 05:00:11 [CLIENT DISCORD] 📥 Serveur trouvé : Georgia State Police (GSP)
[2025-08-01T03:00:11.821Z] 2025-08-01 05:00:11 [CLIENT DISCORD] 🔍 Commandes déjà présentes : play, rules, createreport, div, role, info, pex, openservice, infoshift, recruit, help, ban, ticket, shutdown, userinfo, send, clear, kick, warn, mute, rename, shift, promote
[2025-08-01T03:00:11.824Z] 2025-08-01 05:00:11 [WARN] ⚠️ Les commandes sont déjà enregistrées. Lance avec 'debug' pour forcer l'écrasement.
[2025-08-01T03:00:11.826Z] 2025-08-01 05:00:11 [CLIENT DISCORD] 🎮 Statut et activité mis à jour.
[2025-08-01T03:00:11.828Z] 2025-08-01 05:00:11 [CLIENT DISCORD] 📌 Mode de lancement : [33mAucun[39m
[2025-08-01T03:00:11.829Z] 2025-08-01 05:00:11 [CLIENT DISCORD] ✅ Bot prêt en tant que 293 | Catherine#8045
[2025-08-01T06:00:00.197Z] 2025-08-01 08:00:00 [CLIENT DISCORD] [32m🌅 Tâches du matin exécutées ![39m
[2025-08-01T06:00:00.235Z] 2025-08-01 08:00:00 [CLIENT DISCORD] [Cron] 🕒 Démarrage de la régénération automatique de la hiérarchie (tabs)...
[2025-08-01T06:00:00.246Z] 2025-08-01 08:00:00 [CLIENT DISCORD] [Cron] 🕒 Démarrage de la régénération automatique de la hiérarchie... (div)
[2025-08-01T06:00:00.252Z] 2025-08-01 08:00:00 [CLIENT DISCORD] 🔍 Vérification des règles...
[2025-08-01T06:00:00.283Z] 2025-08-01 08:00:00 [DEBUG] 📦 Checking version from local...
[2025-08-01T06:00:00.287Z] 2025-08-01 08:00:00 [CLIENT DISCORD] 📦 Nom : catherine
[2025-08-01T06:00:00.288Z] 2025-08-01 08:00:00 [CLIENT DISCORD] 🕒 Version locale : 2.1.2
[2025-08-01T06:00:00.289Z] 2025-08-01 08:00:00 [DEBUG] 🌐 Checking version from GitHub...
[2025-08-01T06:00:00.418Z] 2025-08-01 08:00:00 [CLIENT DISCORD] ✅ rules_1.txt inchangé, pas de mise à jour.
[2025-08-01T06:00:00.428Z] 2025-08-01 08:00:00 [CLIENT DISCORD] ✅ rules_2.txt inchangé, pas de mise à jour.
[2025-08-01T06:00:00.429Z] 2025-08-01 08:00:00 [CLIENT DISCORD] ✅ Vérification des règles terminée.
[2025-08-01T06:00:00.496Z] 2025-08-01 08:00:00 [CLIENT DISCORD] [EXPORT] access.json mis à jour avec 13 exécutif(s), 3 superviseur(s) et 2 commandement(s)
[2025-08-01T06:00:00.726Z] 2025-08-01 08:00:00 [CLIENT DISCORD] 📦 Nom GitHub : catherine
[2025-08-01T06:00:00.727Z] 2025-08-01 08:00:00 [CLIENT DISCORD] 🕒 Version distante : 2.1.2
[2025-08-01T06:00:00.729Z] [INFO] 2025-08-01 08:00:00 [ℹ️ INFO NOTIFY] ✅ Les versions sont identiques.
[2025-08-01T06:00:01.004Z] [NOTIFY] 2025-08-01 08:00:01 [🟢 SOFT NOTIFY] Message DIV supprimé
[2025-08-01T06:00:01.205Z] [NOTIFY] 2025-08-01 08:00:01 [🟢 SOFT NOTIFY] Message TABS supprimé
[2025-08-01T06:00:04.057Z] 2025-08-01 08:00:04 [CLIENT DISCORD] [✅] Hiérarchie DIV envoyée.
[2025-08-01T06:00:04.065Z] 2025-08-01 08:00:04 [CLIENT DISCORD] [Cron] 🕒 Fin de la régénération automatique de la hiérarchie.
[2025-08-01T06:00:04.621Z] 2025-08-01 08:00:04 [CLIENT DISCORD] [✅] Hiérarchie TABS envoyée.
[2025-08-01T06:00:04.625Z] 2025-08-01 08:00:04 [CLIENT DISCORD] [Cron] 🕒 Fin de la régénération automatique de la hiérarchie.
[2025-08-01T14:00:00.190Z] 2025-08-01 16:00:00 [CLIENT DISCORD] [32m🌇 Tâches du soir exécutées ![39m
[2025-08-01T14:00:00.205Z] 2025-08-01 16:00:00 [CLIENT DISCORD] [Cron] 🕒 Démarrage de la régénération automatique de la hiérarchie (tabs)...
[2025-08-01T14:00:00.210Z] 2025-08-01 16:00:00 [CLIENT DISCORD] [Cron] 🕒 Démarrage de la régénération automatique de la hiérarchie... (div)
[2025-08-01T14:00:00.212Z] 2025-08-01 16:00:00 [CLIENT DISCORD] 🔍 Vérification des règles...
[2025-08-01T14:00:00.225Z] 2025-08-01 16:00:00 [DEBUG] 📦 Checking version from local...
[2025-08-01T14:00:00.229Z] 2025-08-01 16:00:00 [CLIENT DISCORD] 📦 Nom : catherine
[2025-08-01T14:00:00.230Z] 2025-08-01 16:00:00 [CLIENT DISCORD] 🕒 Version locale : 2.1.2
[2025-08-01T14:00:00.232Z] 2025-08-01 16:00:00 [DEBUG] 🌐 Checking version from GitHub...
[2025-08-01T14:00:00.367Z] 2025-08-01 16:00:00 [CLIENT DISCORD] ✅ rules_1.txt inchangé, pas de mise à jour.
[2025-08-01T14:00:00.368Z] 2025-08-01 16:00:00 [CLIENT DISCORD] ✅ rules_2.txt inchangé, pas de mise à jour.
[2025-08-01T14:00:00.369Z] 2025-08-01 16:00:00 [CLIENT DISCORD] ✅ Vérification des règles terminée.
[2025-08-01T14:00:00.437Z] 2025-08-01 16:00:00 [CLIENT DISCORD] [EXPORT] access.json mis à jour avec 13 exécutif(s), 3 superviseur(s) et 2 commandement(s)
[2025-08-01T14:00:00.631Z] 2025-08-01 16:00:00 [CLIENT DISCORD] 📦 Nom GitHub : catherine
[2025-08-01T14:00:00.632Z] 2025-08-01 16:00:00 [CLIENT DISCORD] 🕒 Version distante : 2.1.2
[2025-08-01T14:00:00.633Z] [INFO] 2025-08-01 16:00:00 [ℹ️ INFO NOTIFY] ✅ Les versions sont identiques.
[2025-08-01T14:00:00.746Z] [NOTIFY] 2025-08-01 16:00:00 [🟢 SOFT NOTIFY] Message DIV supprimé
[2025-08-01T14:00:00.961Z] [NOTIFY] 2025-08-01 16:00:00 [🟢 SOFT NOTIFY] Message TABS supprimé
[2025-08-01T14:00:03.029Z] 2025-08-01 16:00:03 [CLIENT DISCORD] [✅] Hiérarchie DIV envoyée.
[2025-08-01T14:00:03.030Z] 2025-08-01 16:00:03 [CLIENT DISCORD] [Cron] 🕒 Fin de la régénération automatique de la hiérarchie.
[2025-08-01T14:00:03.286Z] 2025-08-01 16:00:03 [CLIENT DISCORD] [✅] Hiérarchie TABS envoyée.
[2025-08-01T14:00:03.292Z] 2025-08-01 16:00:03 [CLIENT DISCORD] [Cron] 🕒 Fin de la régénération automatique de la hiérarchie.
[2025-08-01T22:00:00.500Z] 2025-08-02 00:00:00 [CLIENT DISCORD] [94m[MESSAGE_SENT][39m [32m66atshina.enid[39m [0ma envoyé[0m [32mhttps://tenor.com/view/the-rookie-chenford-tim-bradford-lucy-chen-romantashas-gif-12649527947164975370[39m [0mdans[0m [32m💬-discussion[39m
