[2025-07-15T03:00:00.123Z] 2025-07-15 05:00:00 [CLIENT DISCORD] [32m🌙 Tâches de la nuit exécutées ![39m
[2025-07-15T03:00:00.152Z] 2025-07-15 05:00:00 [DEBUG] 📦 Checking version from local...
[2025-07-15T03:00:00.155Z] 2025-07-15 05:00:00 [CLIENT DISCORD] 📦 Nom : catherine
[2025-07-15T03:00:00.156Z] 2025-07-15 05:00:00 [CLIENT DISCORD] 🕒 Version locale : 2.1.2
[2025-07-15T03:00:00.157Z] 2025-07-15 05:00:00 [DEBUG] 🌐 Checking version from GitHub...
[2025-07-15T03:00:00.163Z] 2025-07-15 05:00:00 [WARN] [REBOOT] Attention, Catherine redémarre (checker les logs). Instruction reboot.js
[2025-07-15T03:00:08.480Z] 2025-07-15 05:00:08 [CLIENT DISCORD] Les modules [32mloggers[39m ont correctement été exportés.
[2025-07-15T03:00:08.510Z] [EVENT] 2025-07-15 05:00:08 [📅 EVENT NOTIFY] Chargé : guildBanAdd
[2025-07-15T03:00:08.512Z] [EVENT] 2025-07-15 05:00:08 [📅 EVENT NOTIFY] Chargé : guildBanRemove
[2025-07-15T03:00:08.513Z] [EVENT] 2025-07-15 05:00:08 [📅 EVENT NOTIFY] Chargé : guildMemberAdd
[2025-07-15T03:00:08.514Z] [EVENT] 2025-07-15 05:00:08 [📅 EVENT NOTIFY] Chargé : guildMemberRemove
[2025-07-15T03:00:08.516Z] 2025-07-15 05:00:08 [CLIENT DISCORD] Les modules  [32mutils.js[39m [0m ont correctement été exporté.[0m
[2025-07-15T03:00:09.286Z] 2025-07-15 05:00:09 [CLIENT DISCORD] L'interaction  [32mbuttons.js[39m [0m ont correctement été exporté.[0m
[2025-07-15T03:00:09.510Z] 2025-07-15 05:00:09 [CLIENT DISCORD] L'interaction  [32mmodals.js[39m [0m ont correctement été exporté.[0m
[2025-07-15T03:00:09.512Z] [EVENT] 2025-07-15 05:00:09 [📅 EVENT NOTIFY] Chargé : interactionCreate
[2025-07-15T03:00:09.513Z] [EVENT] 2025-07-15 05:00:09 [📅 EVENT NOTIFY] Chargé : messageCreate
[2025-07-15T03:00:09.515Z] [EVENT] 2025-07-15 05:00:09 [📅 EVENT NOTIFY] Chargé : messageDelete
[2025-07-15T03:00:09.517Z] [EVENT] 2025-07-15 05:00:09 [📅 EVENT NOTIFY] Chargé : messageUpdate
[2025-07-15T03:00:09.529Z] 2025-07-15 05:00:09 [CLIENT DISCORD] Les modules  [32mcommands.js[39m [0m ont correctement été exporté.[0m
[2025-07-15T03:00:09.542Z] [EVENT] 2025-07-15 05:00:09 [📅 EVENT NOTIFY] Chargé : ready
[2025-07-15T03:00:09.543Z] [EVENT] 2025-07-15 05:00:09 [📅 EVENT NOTIFY] Chargé : voiceStateUpdate
[2025-07-15T03:00:09.549Z] [COMMANDS] 2025-07-15 05:00:09 [📌 COMMANDS NOTIFY] Chargée : ban
[2025-07-15T03:00:09.551Z] [COMMANDS] 2025-07-15 05:00:09 [📌 COMMANDS NOTIFY] Chargée : clear
[2025-07-15T03:00:09.552Z] [COMMANDS] 2025-07-15 05:00:09 [📌 COMMANDS NOTIFY] Chargée : createreport
[2025-07-15T03:00:09.554Z] [COMMANDS] 2025-07-15 05:00:09 [📌 COMMANDS NOTIFY] Chargée : div
[2025-07-15T03:00:09.555Z] [COMMANDS] 2025-07-15 05:00:09 [📌 COMMANDS NOTIFY] Chargée : help
[2025-07-15T03:00:09.557Z] [COMMANDS] 2025-07-15 05:00:09 [📌 COMMANDS NOTIFY] Chargée : info
[2025-07-15T03:00:09.558Z] [COMMANDS] 2025-07-15 05:00:09 [📌 COMMANDS NOTIFY] Chargée : infoshift
[2025-07-15T03:00:09.560Z] [COMMANDS] 2025-07-15 05:00:09 [📌 COMMANDS NOTIFY] Chargée : kick
[2025-07-15T03:00:09.562Z] [COMMANDS] 2025-07-15 05:00:09 [📌 COMMANDS NOTIFY] Chargée : mute
[2025-07-15T03:00:09.563Z] [COMMANDS] 2025-07-15 05:00:09 [📌 COMMANDS NOTIFY] Chargée : openservice
[2025-07-15T03:00:09.565Z] [COMMANDS] 2025-07-15 05:00:09 [📌 COMMANDS NOTIFY] Chargée : pex
[2025-07-15T03:00:09.590Z] [COMMANDS] 2025-07-15 05:00:09 [📌 COMMANDS NOTIFY] Chargée : play
[2025-07-15T03:00:09.591Z] [COMMANDS] 2025-07-15 05:00:09 [📌 COMMANDS NOTIFY] Chargée : promote
[2025-07-15T03:00:09.593Z] [COMMANDS] 2025-07-15 05:00:09 [📌 COMMANDS NOTIFY] Chargée : recruit
[2025-07-15T03:00:09.594Z] [COMMANDS] 2025-07-15 05:00:09 [📌 COMMANDS NOTIFY] Chargée : rename
[2025-07-15T03:00:09.596Z] [COMMANDS] 2025-07-15 05:00:09 [📌 COMMANDS NOTIFY] Chargée : role
[2025-07-15T03:00:09.597Z] [COMMANDS] 2025-07-15 05:00:09 [📌 COMMANDS NOTIFY] Chargée : send
[2025-07-15T03:00:09.599Z] [COMMANDS] 2025-07-15 05:00:09 [📌 COMMANDS NOTIFY] Chargée : shift
[2025-07-15T03:00:09.601Z] [COMMANDS] 2025-07-15 05:00:09 [📌 COMMANDS NOTIFY] Chargée : ticket
[2025-07-15T03:00:09.603Z] [COMMANDS] 2025-07-15 05:00:09 [📌 COMMANDS NOTIFY] Chargée : userinfo
[2025-07-15T03:00:09.605Z] [COMMANDS] 2025-07-15 05:00:09 [📌 COMMANDS NOTIFY] Chargée : warn
[2025-07-15T03:00:09.621Z] 2025-07-15 05:00:09 [CLIENT DISCORD] [42m[30mChargement des informations du package.[39m[49m
[42m[30m[39m[49m [46m[PACKAGE][49m [32mAuth. : François 🌸[39m
[32m[39m [46m[PACKAGE][49m [32mDepd. : axios, chalk, cron, discord-html-transcripts, discord-player, discord.js, distube, dotenv, express, express-session, form-data, fs, googleapis, luxon, node-cron, node-fetch, ora, patch, path, pdf-lib, pdfkit, play-dl, readline, rl, uuid[39m
[32m[39m [46m[PACKAGE][49m [32mDesc. : Official Bot Catherine for 911 Community.[39m
[32m[39m [46m[PACKAGE][49m [32mLisc. : ISC[39m
[32m[39m [46m[PACKAGE][49m [32mMain. : index.js[39m
[32m[39m [46m[PACKAGE][49m [32mName. : catherine[39m
[32m[39m [46m[PACKAGE][49m [32mScrp. : {"test":"echo \"Error: no test specified\" && exit 1","start":"node server.js"}[39m
[32m[39m [46m[PACKAGE][49m [32mVers. : 2.1.2[39m
[32m[39m [46m[PACKAGE][49m [32mPatch Note. : **[PN - 07/06]** *Passage 2.0 with new patch (shift, tabs... new commands handler)*[39m
[32m[39m
[2025-07-15T03:00:10.638Z] 2025-07-15 05:00:10 [DEBUG] 📦 Checking version from local...
[2025-07-15T03:00:10.639Z] 2025-07-15 05:00:10 [CLIENT DISCORD] 📦 Nom : catherine
[2025-07-15T03:00:10.639Z] 2025-07-15 05:00:10 [CLIENT DISCORD] 🕒 Version locale : 2.1.2
[2025-07-15T03:00:10.640Z] 2025-07-15 05:00:10 [DEBUG] 🌐 Checking version from GitHub...
[2025-07-15T03:00:10.851Z] 2025-07-15 05:00:10 [CLIENT DISCORD] 📦 Nom GitHub : catherine
[2025-07-15T03:00:10.851Z] 2025-07-15 05:00:10 [CLIENT DISCORD] 🕒 Version distante : 2.1.2
[2025-07-15T03:00:10.852Z] [INFO] 2025-07-15 05:00:10 [ℹ️ INFO NOTIFY] ✅ Les versions sont identiques.
[2025-07-15T03:00:10.852Z] 2025-07-15 05:00:10 [CLIENT DISCORD] [34m==============================[39m
[2025-07-15T03:00:10.852Z] 2025-07-15 05:00:10 [CLIENT DISCORD] [32m🚀 Démarrage du bot...[39m
[2025-07-15T03:00:10.853Z] 2025-07-15 05:00:10 [CLIENT DISCORD] [33m🔗 Connexion à Discord API...[39m
[2025-07-15T03:00:10.853Z] 2025-07-15 05:00:10 [CLIENT DISCORD] [36m✅ Bot RP en ligne ! Connecté en tant que 293 | Catherine#8045[39m
[2025-07-15T03:00:10.853Z] 2025-07-15 05:00:10 [CLIENT DISCORD] [34m==============================[39m
[34m[39m
[2025-07-15T03:00:10.862Z] 2025-07-15 05:00:10 [CLIENT DISCORD] [player] Initialisation du Player terminée.
[2025-07-15T03:00:10.866Z] 2025-07-15 05:00:10 [CLIENT DISCORD] [player] Extracteurs chargés avec succès.
[2025-07-15T03:00:10.866Z] 2025-07-15 05:00:10 [CLIENT DISCORD] 📥 Serveur trouvé : Georgia State Police (GSP)
[2025-07-15T03:00:11.077Z] 2025-07-15 05:00:11 [CLIENT DISCORD] 🔍 Commandes déjà présentes : play, rules, createreport, div, role, info, pex, openservice, infoshift, recruit, help, ban, ticket, shutdown, userinfo, send, clear, kick, warn, mute, rename, shift, promote
[2025-07-15T03:00:11.078Z] 2025-07-15 05:00:11 [WARN] ⚠️ Les commandes sont déjà enregistrées. Lance avec 'debug' pour forcer l'écrasement.
[2025-07-15T03:00:11.079Z] 2025-07-15 05:00:11 [CLIENT DISCORD] 🎮 Statut et activité mis à jour.
[2025-07-15T03:00:11.079Z] 2025-07-15 05:00:11 [CLIENT DISCORD] 📌 Mode de lancement : [33mAucun[39m
[2025-07-15T03:00:11.079Z] 2025-07-15 05:00:11 [CLIENT DISCORD] ✅ Bot prêt en tant que 293 | Catherine#8045
[2025-07-15T03:49:46.068Z] 2025-07-15 05:49:46 [CLIENT DISCORD] [31m[MEMBER REMOVE] .elyassss est parti à 7/15/2025, 3:49:46 AM[39m
[2025-07-15T05:37:30.341Z] 2025-07-15 07:37:30 [CLIENT DISCORD] [94m[COMMAND][39m [32mfrancois.piano[39m [0ma exécuté la commande[0m [32mticket[39m [0mdans[0m [32m👥recruit-wilson-nemesis[39m
[2025-07-15T05:37:30.347Z] 2025-07-15 07:37:30 [CLIENT DISCORD] [42m✅ Utilisateur 449432156595552257 bypass les permissions.[49m
[2025-07-15T05:37:30.366Z] 2025-07-15 07:37:30 [CLIENT DISCORD] 🛑 Fermeture de ticket demandée !
[2025-07-15T05:37:30.407Z] 2025-07-15 07:37:30 [ERROR] (node:9170) Warning: Supplying "ephemeral" for interaction response options is deprecated. Utilize flags instead.
(Use `node --trace-warnings ...` to show where the warning was created)
[2025-07-15T05:37:30.410Z] 2025-07-15 07:37:30 [CLIENT DISCORD] ✅ Fichier ticket.json enregistré avec succès !
[2025-07-15T05:37:32.840Z] 2025-07-15 07:37:32 [CLIENT DISCORD] [BUTTON] francois.piano a exécuté l'interaction bouton close_def dans 1392513965807894669
[2025-07-15T05:37:33.188Z] 2025-07-15 07:37:33 [ERROR] (node:9170) ExperimentalWarning: buffer.File is an experimental feature and might change at any time
[2025-07-15T05:37:33.688Z] 2025-07-15 07:37:33 [CLIENT DISCORD] ✅ Fichier ticket.json enregistré avec succès !
[2025-07-15T05:37:33.914Z] [NOTIFY] 2025-07-15 07:37:33 [🟢 SOFT NOTIFY] 🗑️ [ACTION BUTTON] : Ticket supprimé avec succès.
[2025-07-15T06:00:00.060Z] 2025-07-15 08:00:00 [CLIENT DISCORD] [32m🌅 Tâches du matin exécutées ![39m
[2025-07-15T06:00:00.064Z] 2025-07-15 08:00:00 [CLIENT DISCORD] [Cron] 🕒 Démarrage de la régénération automatique de la hiérarchie (tabs)...
[2025-07-15T06:00:00.067Z] 2025-07-15 08:00:00 [CLIENT DISCORD] [Cron] 🕒 Démarrage de la régénération automatique de la hiérarchie... (div)
[2025-07-15T06:00:00.070Z] 2025-07-15 08:00:00 [CLIENT DISCORD] 🔍 Vérification des règles...
[2025-07-15T06:00:00.075Z] 2025-07-15 08:00:00 [DEBUG] 📦 Checking version from local...
[2025-07-15T06:00:00.076Z] 2025-07-15 08:00:00 [CLIENT DISCORD] 📦 Nom : catherine
[2025-07-15T06:00:00.078Z] 2025-07-15 08:00:00 [CLIENT DISCORD] 🕒 Version locale : 2.1.2
[2025-07-15T06:00:00.079Z] 2025-07-15 08:00:00 [DEBUG] 🌐 Checking version from GitHub...
[2025-07-15T06:00:00.102Z] 2025-07-15 08:00:00 [CLIENT DISCORD] ✅ rules_1.txt inchangé, pas de mise à jour.
[2025-07-15T06:00:00.103Z] 2025-07-15 08:00:00 [CLIENT DISCORD] ✅ rules_2.txt inchangé, pas de mise à jour.
[2025-07-15T06:00:00.103Z] 2025-07-15 08:00:00 [CLIENT DISCORD] ✅ Vérification des règles terminée.
[2025-07-15T06:00:00.218Z] 2025-07-15 08:00:00 [CLIENT DISCORD] [EXPORT] access.json mis à jour avec 13 exécutif(s), 3 superviseur(s) et 2 commandement(s)
[2025-07-15T06:00:00.335Z] 2025-07-15 08:00:00 [CLIENT DISCORD] 📦 Nom GitHub : catherine
[2025-07-15T06:00:00.337Z] 2025-07-15 08:00:00 [CLIENT DISCORD] 🕒 Version distante : 2.1.2
[2025-07-15T06:00:00.338Z] [INFO] 2025-07-15 08:00:00 [ℹ️ INFO NOTIFY] ✅ Les versions sont identiques.
[2025-07-15T06:00:00.720Z] [NOTIFY] 2025-07-15 08:00:00 [🟢 SOFT NOTIFY] Message DIV supprimé
[2025-07-15T06:00:00.927Z] [NOTIFY] 2025-07-15 08:00:00 [🟢 SOFT NOTIFY] Message TABS supprimé
[2025-07-15T06:00:01.650Z] 2025-07-15 08:00:01 [CLIENT DISCORD] [✅] Hiérarchie DIV envoyée.
[2025-07-15T06:00:01.653Z] 2025-07-15 08:00:01 [CLIENT DISCORD] [Cron] 🕒 Fin de la régénération automatique de la hiérarchie.
[2025-07-15T06:00:01.987Z] 2025-07-15 08:00:01 [CLIENT DISCORD] [✅] Hiérarchie TABS envoyée.
[2025-07-15T06:00:01.989Z] 2025-07-15 08:00:01 [CLIENT DISCORD] [Cron] 🕒 Fin de la régénération automatique de la hiérarchie.
[2025-07-15T11:05:48.742Z] 2025-07-15 13:05:48 [CLIENT DISCORD] [31m[MEMBER REMOVE] yujiroo213 est parti à 7/15/2025, 11:05:48 AM[39m
[2025-07-15T14:00:00.123Z] 2025-07-15 16:00:00 [CLIENT DISCORD] [32m🌇 Tâches du soir exécutées ![39m
[2025-07-15T14:00:00.132Z] 2025-07-15 16:00:00 [CLIENT DISCORD] [Cron] 🕒 Démarrage de la régénération automatique de la hiérarchie (tabs)...
[2025-07-15T14:00:00.134Z] 2025-07-15 16:00:00 [CLIENT DISCORD] [Cron] 🕒 Démarrage de la régénération automatique de la hiérarchie... (div)
[2025-07-15T14:00:00.136Z] 2025-07-15 16:00:00 [CLIENT DISCORD] 🔍 Vérification des règles...
[2025-07-15T14:00:00.156Z] 2025-07-15 16:00:00 [DEBUG] 📦 Checking version from local...
[2025-07-15T14:00:00.159Z] 2025-07-15 16:00:00 [CLIENT DISCORD] 📦 Nom : catherine
[2025-07-15T14:00:00.160Z] 2025-07-15 16:00:00 [CLIENT DISCORD] 🕒 Version locale : 2.1.2
[2025-07-15T14:00:00.161Z] 2025-07-15 16:00:00 [DEBUG] 🌐 Checking version from GitHub...
[2025-07-15T14:00:00.187Z] 2025-07-15 16:00:00 [CLIENT DISCORD] ✅ rules_1.txt inchangé, pas de mise à jour.
[2025-07-15T14:00:00.188Z] 2025-07-15 16:00:00 [CLIENT DISCORD] ✅ rules_2.txt inchangé, pas de mise à jour.
[2025-07-15T14:00:00.189Z] 2025-07-15 16:00:00 [CLIENT DISCORD] ✅ Vérification des règles terminée.
[2025-07-15T14:00:00.275Z] 2025-07-15 16:00:00 [CLIENT DISCORD] [EXPORT] access.json mis à jour avec 13 exécutif(s), 3 superviseur(s) et 2 commandement(s)
[2025-07-15T14:00:00.419Z] 2025-07-15 16:00:00 [CLIENT DISCORD] 📦 Nom GitHub : catherine
[2025-07-15T14:00:00.420Z] 2025-07-15 16:00:00 [CLIENT DISCORD] 🕒 Version distante : 2.1.2
[2025-07-15T14:00:00.420Z] [INFO] 2025-07-15 16:00:00 [ℹ️ INFO NOTIFY] ✅ Les versions sont identiques.
[2025-07-15T14:00:00.573Z] 2025-07-15 16:00:00 [CLIENT DISCORD] ✅ Données écrites dans config.json
[2025-07-15T14:00:00.680Z] [NOTIFY] 2025-07-15 16:00:00 [🟢 SOFT NOTIFY] Message DIV supprimé
[2025-07-15T14:00:01.037Z] [NOTIFY] 2025-07-15 16:00:01 [🟢 SOFT NOTIFY] Message TABS supprimé
[2025-07-15T14:00:01.430Z] 2025-07-15 16:00:01 [CLIENT DISCORD] [✅] Hiérarchie DIV envoyée.
[2025-07-15T14:00:01.433Z] 2025-07-15 16:00:01 [CLIENT DISCORD] [Cron] 🕒 Fin de la régénération automatique de la hiérarchie.
[2025-07-15T14:00:02.522Z] 2025-07-15 16:00:02 [CLIENT DISCORD] [✅] Hiérarchie TABS envoyée.
[2025-07-15T14:00:02.525Z] 2025-07-15 16:00:02 [CLIENT DISCORD] [Cron] 🕒 Fin de la régénération automatique de la hiérarchie.
[2025-07-15T23:27:43.924Z] 2025-07-16 01:27:43 [CLIENT DISCORD] [31m[MEMBER REMOVE] da_mocles est parti à 7/15/2025, 11:27:43 PM[39m
