[2025-08-28T03:00:00.185Z] 2025-08-28 05:00:00 [CLIENT DISCORD] [32m🌙 Tâches de la nuit exécutées ![39m
[2025-08-28T03:00:00.235Z] 2025-08-28 05:00:00 [DEBUG] 📦 Checking version from local...
[2025-08-28T03:00:00.238Z] 2025-08-28 05:00:00 [CLIENT DISCORD] 📦 Nom : catherine
[2025-08-28T03:00:00.239Z] 2025-08-28 05:00:00 [CLIENT DISCORD] 🕒 Version locale : 2.1.2
[2025-08-28T03:00:00.240Z] 2025-08-28 05:00:00 [DEBUG] 🌐 Checking version from GitHub...
[2025-08-28T03:00:00.306Z] 2025-08-28 05:00:00 [WARN] [REBOOT] Attention, Catherine redémarre (checker les logs). Instruction reboot.js
[2025-08-28T03:00:09.023Z] 2025-08-28 05:00:08 [CLIENT DISCORD] Les modules [32mloggers[39m ont correctement été exportés.
[2025-08-28T03:00:09.074Z] [EVENT] 2025-08-28 05:00:09 [📅 EVENT NOTIFY] Chargé : guildBanAdd
[2025-08-28T03:00:09.076Z] [EVENT] 2025-08-28 05:00:09 [📅 EVENT NOTIFY] Chargé : guildBanRemove
[2025-08-28T03:00:09.078Z] [EVENT] 2025-08-28 05:00:09 [📅 EVENT NOTIFY] Chargé : guildMemberAdd
[2025-08-28T03:00:09.080Z] [EVENT] 2025-08-28 05:00:09 [📅 EVENT NOTIFY] Chargé : guildMemberRemove
[2025-08-28T03:00:09.084Z] 2025-08-28 05:00:09 [CLIENT DISCORD] Les modules  [32mutils.js[39m [0m ont correctement été exporté.[0m
[2025-08-28T03:00:10.258Z] 2025-08-28 05:00:10 [CLIENT DISCORD] L'interaction  [32mbuttons.js[39m [0m ont correctement été exporté.[0m
[2025-08-28T03:00:10.408Z] 2025-08-28 05:00:10 [CLIENT DISCORD] L'interaction  [32mmodals.js[39m [0m ont correctement été exporté.[0m
[2025-08-28T03:00:10.409Z] [EVENT] 2025-08-28 05:00:10 [📅 EVENT NOTIFY] Chargé : interactionCreate
[2025-08-28T03:00:10.411Z] [EVENT] 2025-08-28 05:00:10 [📅 EVENT NOTIFY] Chargé : messageCreate
[2025-08-28T03:00:10.411Z] [EVENT] 2025-08-28 05:00:10 [📅 EVENT NOTIFY] Chargé : messageDelete
[2025-08-28T03:00:10.413Z] [EVENT] 2025-08-28 05:00:10 [📅 EVENT NOTIFY] Chargé : messageUpdate
[2025-08-28T03:00:10.423Z] 2025-08-28 05:00:10 [CLIENT DISCORD] Les modules  [32mcommands.js[39m [0m ont correctement été exporté.[0m
[2025-08-28T03:00:10.438Z] [EVENT] 2025-08-28 05:00:10 [📅 EVENT NOTIFY] Chargé : ready
[2025-08-28T03:00:10.438Z] [EVENT] 2025-08-28 05:00:10 [📅 EVENT NOTIFY] Chargé : voiceStateUpdate
[2025-08-28T03:00:10.443Z] [COMMANDS] 2025-08-28 05:00:10 [📌 COMMANDS NOTIFY] Chargée : ban
[2025-08-28T03:00:10.443Z] [COMMANDS] 2025-08-28 05:00:10 [📌 COMMANDS NOTIFY] Chargée : clear
[2025-08-28T03:00:10.445Z] [COMMANDS] 2025-08-28 05:00:10 [📌 COMMANDS NOTIFY] Chargée : createreport
[2025-08-28T03:00:10.446Z] [COMMANDS] 2025-08-28 05:00:10 [📌 COMMANDS NOTIFY] Chargée : div
[2025-08-28T03:00:10.447Z] [COMMANDS] 2025-08-28 05:00:10 [📌 COMMANDS NOTIFY] Chargée : help
[2025-08-28T03:00:10.448Z] [COMMANDS] 2025-08-28 05:00:10 [📌 COMMANDS NOTIFY] Chargée : info
[2025-08-28T03:00:10.450Z] [COMMANDS] 2025-08-28 05:00:10 [📌 COMMANDS NOTIFY] Chargée : infoshift
[2025-08-28T03:00:10.451Z] [COMMANDS] 2025-08-28 05:00:10 [📌 COMMANDS NOTIFY] Chargée : kick
[2025-08-28T03:00:10.453Z] [COMMANDS] 2025-08-28 05:00:10 [📌 COMMANDS NOTIFY] Chargée : mute
[2025-08-28T03:00:10.454Z] [COMMANDS] 2025-08-28 05:00:10 [📌 COMMANDS NOTIFY] Chargée : openservice
[2025-08-28T03:00:10.455Z] [COMMANDS] 2025-08-28 05:00:10 [📌 COMMANDS NOTIFY] Chargée : pex
[2025-08-28T03:00:10.463Z] [COMMANDS] 2025-08-28 05:00:10 [📌 COMMANDS NOTIFY] Chargée : play
[2025-08-28T03:00:10.464Z] [COMMANDS] 2025-08-28 05:00:10 [📌 COMMANDS NOTIFY] Chargée : promote
[2025-08-28T03:00:10.465Z] [COMMANDS] 2025-08-28 05:00:10 [📌 COMMANDS NOTIFY] Chargée : recruit
[2025-08-28T03:00:10.466Z] [COMMANDS] 2025-08-28 05:00:10 [📌 COMMANDS NOTIFY] Chargée : rename
[2025-08-28T03:00:10.467Z] [COMMANDS] 2025-08-28 05:00:10 [📌 COMMANDS NOTIFY] Chargée : role
[2025-08-28T03:00:10.468Z] [COMMANDS] 2025-08-28 05:00:10 [📌 COMMANDS NOTIFY] Chargée : send
[2025-08-28T03:00:10.469Z] [COMMANDS] 2025-08-28 05:00:10 [📌 COMMANDS NOTIFY] Chargée : shift
[2025-08-28T03:00:10.471Z] [COMMANDS] 2025-08-28 05:00:10 [📌 COMMANDS NOTIFY] Chargée : ticket
[2025-08-28T03:00:10.472Z] [COMMANDS] 2025-08-28 05:00:10 [📌 COMMANDS NOTIFY] Chargée : userinfo
[2025-08-28T03:00:10.473Z] [COMMANDS] 2025-08-28 05:00:10 [📌 COMMANDS NOTIFY] Chargée : warn
[2025-08-28T03:00:10.477Z] 2025-08-28 05:00:10 [CLIENT DISCORD] [42m[30mChargement des informations du package.[39m[49m
[42m[30m[39m[49m [46m[PACKAGE][49m [32mAuth. : François 🌸[39m
[32m[39m [46m[PACKAGE][49m [32mDepd. : axios, chalk, cron, discord-html-transcripts, discord-player, discord.js, distube, dotenv, express, express-session, form-data, fs, googleapis, luxon, node-cron, node-fetch, ora, patch, path, pdf-lib, pdfkit, play-dl, readline, rl, uuid[39m
[32m[39m [46m[PACKAGE][49m [32mDesc. : Official Bot Catherine for 911 Community.[39m
[32m[39m [46m[PACKAGE][49m [32mLisc. : ISC[39m
[32m[39m [46m[PACKAGE][49m [32mMain. : index.js[39m
[32m[39m [46m[PACKAGE][49m [32mName. : catherine[39m
[32m[39m [46m[PACKAGE][49m [32mScrp. : {"test":"echo \"Error: no test specified\" && exit 1","start":"node server.js"}[39m
[32m[39m [46m[PACKAGE][49m [32mVers. : 2.1.2[39m
[32m[39m [46m[PACKAGE][49m [32mPatch Note. : **[PN - 07/06]** *Passage 2.0 with new patch (shift, tabs... new commands handler)*[39m
[32m[39m
[2025-08-28T03:00:16.933Z] 2025-08-28 05:00:16 [DEBUG] 📦 Checking version from local...
[2025-08-28T03:00:16.935Z] 2025-08-28 05:00:16 [CLIENT DISCORD] 📦 Nom : catherine
[2025-08-28T03:00:16.936Z] 2025-08-28 05:00:16 [CLIENT DISCORD] 🕒 Version locale : 2.1.2
[2025-08-28T03:00:16.937Z] 2025-08-28 05:00:16 [DEBUG] 🌐 Checking version from GitHub...
[2025-08-28T03:00:17.187Z] 2025-08-28 05:00:17 [CLIENT DISCORD] 📦 Nom GitHub : catherine
[2025-08-28T03:00:17.189Z] 2025-08-28 05:00:17 [CLIENT DISCORD] 🕒 Version distante : 2.1.2
[2025-08-28T03:00:17.190Z] [INFO] 2025-08-28 05:00:17 [ℹ️ INFO NOTIFY] ✅ Les versions sont identiques.
[2025-08-28T03:00:17.191Z] 2025-08-28 05:00:17 [CLIENT DISCORD] [34m==============================[39m
[2025-08-28T03:00:17.192Z] 2025-08-28 05:00:17 [CLIENT DISCORD] [32m🚀 Démarrage du bot...[39m
[2025-08-28T03:00:17.194Z] 2025-08-28 05:00:17 [CLIENT DISCORD] [33m🔗 Connexion à Discord API...[39m
[2025-08-28T03:00:17.195Z] 2025-08-28 05:00:17 [CLIENT DISCORD] [36m✅ Bot RP en ligne ! Connecté en tant que 293 | Catherine#8045[39m
[2025-08-28T03:00:17.196Z] 2025-08-28 05:00:17 [CLIENT DISCORD] [34m==============================[39m
[34m[39m
[2025-08-28T03:00:17.207Z] 2025-08-28 05:00:17 [CLIENT DISCORD] [player] Initialisation du Player terminée.
[2025-08-28T03:00:17.211Z] 2025-08-28 05:00:17 [CLIENT DISCORD] [player] Extracteurs chargés avec succès.
[2025-08-28T03:00:17.212Z] 2025-08-28 05:00:17 [CLIENT DISCORD] 📥 Serveur trouvé : Georgia State Police (GSP)
[2025-08-28T03:00:17.466Z] 2025-08-28 05:00:17 [CLIENT DISCORD] 🔍 Commandes déjà présentes : play, rules, createreport, div, role, info, pex, openservice, infoshift, recruit, help, ban, ticket, shutdown, userinfo, send, clear, kick, warn, mute, rename, shift, promote
[2025-08-28T03:00:17.468Z] 2025-08-28 05:00:17 [WARN] ⚠️ Les commandes sont déjà enregistrées. Lance avec 'debug' pour forcer l'écrasement.
[2025-08-28T03:00:17.470Z] 2025-08-28 05:00:17 [CLIENT DISCORD] 🎮 Statut et activité mis à jour.
[2025-08-28T03:00:17.471Z] 2025-08-28 05:00:17 [CLIENT DISCORD] 📌 Mode de lancement : [33mAucun[39m
[2025-08-28T03:00:17.472Z] 2025-08-28 05:00:17 [CLIENT DISCORD] ✅ Bot prêt en tant que 293 | Catherine#8045
[2025-08-28T06:00:00.185Z] 2025-08-28 08:00:00 [CLIENT DISCORD] [32m🌅 Tâches du matin exécutées ![39m
[2025-08-28T06:00:00.222Z] 2025-08-28 08:00:00 [CLIENT DISCORD] [Cron] 🕒 Démarrage de la régénération automatique de la hiérarchie (tabs)...
[2025-08-28T06:00:00.233Z] 2025-08-28 08:00:00 [CLIENT DISCORD] [Cron] 🕒 Démarrage de la régénération automatique de la hiérarchie... (div)
[2025-08-28T06:00:00.240Z] 2025-08-28 08:00:00 [CLIENT DISCORD] 🔍 Vérification des règles...
[2025-08-28T06:00:00.257Z] 2025-08-28 08:00:00 [DEBUG] 📦 Checking version from local...
[2025-08-28T06:00:00.259Z] 2025-08-28 08:00:00 [CLIENT DISCORD] 📦 Nom : catherine
[2025-08-28T06:00:00.259Z] 2025-08-28 08:00:00 [CLIENT DISCORD] 🕒 Version locale : 2.1.2
[2025-08-28T06:00:00.260Z] 2025-08-28 08:00:00 [DEBUG] 🌐 Checking version from GitHub...
[2025-08-28T06:00:00.339Z] 2025-08-28 08:00:00 [CLIENT DISCORD] ✅ rules_1.txt inchangé, pas de mise à jour.
[2025-08-28T06:00:00.341Z] 2025-08-28 08:00:00 [CLIENT DISCORD] ✅ rules_2.txt inchangé, pas de mise à jour.
[2025-08-28T06:00:00.343Z] 2025-08-28 08:00:00 [CLIENT DISCORD] ✅ Vérification des règles terminée.
[2025-08-28T06:00:00.420Z] 2025-08-28 08:00:00 [CLIENT DISCORD] [EXPORT] access.json mis à jour avec 13 exécutif(s), 3 superviseur(s) et 2 commandement(s)
[2025-08-28T06:00:00.598Z] 2025-08-28 08:00:00 [CLIENT DISCORD] 📦 Nom GitHub : catherine
[2025-08-28T06:00:00.600Z] 2025-08-28 08:00:00 [CLIENT DISCORD] 🕒 Version distante : 2.1.2
[2025-08-28T06:00:00.602Z] [INFO] 2025-08-28 08:00:00 [ℹ️ INFO NOTIFY] ✅ Les versions sont identiques.
[2025-08-28T06:00:00.877Z] [NOTIFY] 2025-08-28 08:00:00 [🟢 SOFT NOTIFY] Message DIV supprimé
[2025-08-28T06:00:01.196Z] [NOTIFY] 2025-08-28 08:00:01 [🟢 SOFT NOTIFY] Message TABS supprimé
[2025-08-28T06:00:02.107Z] 2025-08-28 08:00:02 [CLIENT DISCORD] [✅] Hiérarchie DIV envoyée.
[2025-08-28T06:00:02.141Z] 2025-08-28 08:00:02 [CLIENT DISCORD] [Cron] 🕒 Fin de la régénération automatique de la hiérarchie.
[2025-08-28T06:00:02.462Z] 2025-08-28 08:00:02 [CLIENT DISCORD] [✅] Hiérarchie TABS envoyée.
[2025-08-28T06:00:02.464Z] 2025-08-28 08:00:02 [CLIENT DISCORD] [Cron] 🕒 Fin de la régénération automatique de la hiérarchie.
[2025-08-28T14:00:00.145Z] 2025-08-28 16:00:00 [CLIENT DISCORD] [32m🌇 Tâches du soir exécutées ![39m
[2025-08-28T14:00:00.163Z] 2025-08-28 16:00:00 [CLIENT DISCORD] [Cron] 🕒 Démarrage de la régénération automatique de la hiérarchie (tabs)...
[2025-08-28T14:00:00.170Z] 2025-08-28 16:00:00 [CLIENT DISCORD] [Cron] 🕒 Démarrage de la régénération automatique de la hiérarchie... (div)
[2025-08-28T14:00:00.171Z] 2025-08-28 16:00:00 [CLIENT DISCORD] 🔍 Vérification des règles...
[2025-08-28T14:00:00.182Z] 2025-08-28 16:00:00 [DEBUG] 📦 Checking version from local...
[2025-08-28T14:00:00.185Z] 2025-08-28 16:00:00 [CLIENT DISCORD] 📦 Nom : catherine
[2025-08-28T14:00:00.186Z] 2025-08-28 16:00:00 [CLIENT DISCORD] 🕒 Version locale : 2.1.2
[2025-08-28T14:00:00.186Z] 2025-08-28 16:00:00 [DEBUG] 🌐 Checking version from GitHub...
[2025-08-28T14:00:00.232Z] 2025-08-28 16:00:00 [CLIENT DISCORD] ✅ rules_1.txt inchangé, pas de mise à jour.
[2025-08-28T14:00:00.234Z] 2025-08-28 16:00:00 [CLIENT DISCORD] ✅ rules_2.txt inchangé, pas de mise à jour.
[2025-08-28T14:00:00.236Z] 2025-08-28 16:00:00 [CLIENT DISCORD] ✅ Vérification des règles terminée.
[2025-08-28T14:00:00.309Z] 2025-08-28 16:00:00 [CLIENT DISCORD] [EXPORT] access.json mis à jour avec 13 exécutif(s), 3 superviseur(s) et 2 commandement(s)
[2025-08-28T14:00:00.517Z] 2025-08-28 16:00:00 [CLIENT DISCORD] 📦 Nom GitHub : catherine
[2025-08-28T14:00:00.517Z] 2025-08-28 16:00:00 [CLIENT DISCORD] 🕒 Version distante : 2.1.2
[2025-08-28T14:00:00.518Z] [INFO] 2025-08-28 16:00:00 [ℹ️ INFO NOTIFY] ✅ Les versions sont identiques.
[2025-08-28T14:00:00.585Z] [NOTIFY] 2025-08-28 16:00:00 [🟢 SOFT NOTIFY] Message DIV supprimé
[2025-08-28T14:00:00.794Z] [NOTIFY] 2025-08-28 16:00:00 [🟢 SOFT NOTIFY] Message TABS supprimé
[2025-08-28T14:00:01.943Z] 2025-08-28 16:00:01 [CLIENT DISCORD] [✅] Hiérarchie DIV envoyée.
[2025-08-28T14:00:01.946Z] 2025-08-28 16:00:01 [CLIENT DISCORD] [Cron] 🕒 Fin de la régénération automatique de la hiérarchie.
[2025-08-28T14:00:02.319Z] 2025-08-28 16:00:02 [CLIENT DISCORD] [✅] Hiérarchie TABS envoyée.
[2025-08-28T14:00:02.322Z] 2025-08-28 16:00:02 [CLIENT DISCORD] [Cron] 🕒 Fin de la régénération automatique de la hiérarchie.
