[2025-07-20T03:00:00.166Z] 2025-07-20 05:00:00 [CLIENT DISCORD] [32m🌙 Tâches de la nuit exécutées ![39m
[2025-07-20T03:00:00.207Z] 2025-07-20 05:00:00 [DEBUG] 📦 Checking version from local...
[2025-07-20T03:00:00.210Z] 2025-07-20 05:00:00 [CLIENT DISCORD] 📦 Nom : catherine
[2025-07-20T03:00:00.211Z] 2025-07-20 05:00:00 [CLIENT DISCORD] 🕒 Version locale : 2.1.2
[2025-07-20T03:00:00.212Z] 2025-07-20 05:00:00 [DEBUG] 🌐 Checking version from GitHub...
[2025-07-20T03:00:00.241Z] 2025-07-20 05:00:00 [WARN] [REBOOT] Attention, Catherine redémarre (checker les logs). Instruction reboot.js
[2025-07-20T03:00:08.584Z] 2025-07-20 05:00:08 [CLIENT DISCORD] Les modules [32mloggers[39m ont correctement été exportés.
[2025-07-20T03:00:08.619Z] [EVENT] 2025-07-20 05:00:08 [📅 EVENT NOTIFY] Chargé : guildBanAdd
[2025-07-20T03:00:08.620Z] [EVENT] 2025-07-20 05:00:08 [📅 EVENT NOTIFY] Chargé : guildBanRemove
[2025-07-20T03:00:08.622Z] [EVENT] 2025-07-20 05:00:08 [📅 EVENT NOTIFY] Chargé : guildMemberAdd
[2025-07-20T03:00:08.623Z] [EVENT] 2025-07-20 05:00:08 [📅 EVENT NOTIFY] Chargé : guildMemberRemove
[2025-07-20T03:00:08.627Z] 2025-07-20 05:00:08 [CLIENT DISCORD] Les modules  [32mutils.js[39m [0m ont correctement été exporté.[0m
[2025-07-20T03:00:09.604Z] 2025-07-20 05:00:09 [CLIENT DISCORD] L'interaction  [32mbuttons.js[39m [0m ont correctement été exporté.[0m
[2025-07-20T03:00:10.019Z] 2025-07-20 05:00:10 [CLIENT DISCORD] L'interaction  [32mmodals.js[39m [0m ont correctement été exporté.[0m
[2025-07-20T03:00:10.020Z] [EVENT] 2025-07-20 05:00:10 [📅 EVENT NOTIFY] Chargé : interactionCreate
[2025-07-20T03:00:10.023Z] [EVENT] 2025-07-20 05:00:10 [📅 EVENT NOTIFY] Chargé : messageCreate
[2025-07-20T03:00:10.025Z] [EVENT] 2025-07-20 05:00:10 [📅 EVENT NOTIFY] Chargé : messageDelete
[2025-07-20T03:00:10.026Z] [EVENT] 2025-07-20 05:00:10 [📅 EVENT NOTIFY] Chargé : messageUpdate
[2025-07-20T03:00:10.058Z] 2025-07-20 05:00:10 [CLIENT DISCORD] Les modules  [32mcommands.js[39m [0m ont correctement été exporté.[0m
[2025-07-20T03:00:10.084Z] [EVENT] 2025-07-20 05:00:10 [📅 EVENT NOTIFY] Chargé : ready
[2025-07-20T03:00:10.085Z] [EVENT] 2025-07-20 05:00:10 [📅 EVENT NOTIFY] Chargé : voiceStateUpdate
[2025-07-20T03:00:10.094Z] [COMMANDS] 2025-07-20 05:00:10 [📌 COMMANDS NOTIFY] Chargée : ban
[2025-07-20T03:00:10.095Z] [COMMANDS] 2025-07-20 05:00:10 [📌 COMMANDS NOTIFY] Chargée : clear
[2025-07-20T03:00:10.097Z] [COMMANDS] 2025-07-20 05:00:10 [📌 COMMANDS NOTIFY] Chargée : createreport
[2025-07-20T03:00:10.100Z] [COMMANDS] 2025-07-20 05:00:10 [📌 COMMANDS NOTIFY] Chargée : div
[2025-07-20T03:00:10.102Z] [COMMANDS] 2025-07-20 05:00:10 [📌 COMMANDS NOTIFY] Chargée : help
[2025-07-20T03:00:10.104Z] [COMMANDS] 2025-07-20 05:00:10 [📌 COMMANDS NOTIFY] Chargée : info
[2025-07-20T03:00:10.107Z] [COMMANDS] 2025-07-20 05:00:10 [📌 COMMANDS NOTIFY] Chargée : infoshift
[2025-07-20T03:00:10.108Z] [COMMANDS] 2025-07-20 05:00:10 [📌 COMMANDS NOTIFY] Chargée : kick
[2025-07-20T03:00:10.111Z] [COMMANDS] 2025-07-20 05:00:10 [📌 COMMANDS NOTIFY] Chargée : mute
[2025-07-20T03:00:10.113Z] [COMMANDS] 2025-07-20 05:00:10 [📌 COMMANDS NOTIFY] Chargée : openservice
[2025-07-20T03:00:10.116Z] [COMMANDS] 2025-07-20 05:00:10 [📌 COMMANDS NOTIFY] Chargée : pex
[2025-07-20T03:00:10.176Z] [COMMANDS] 2025-07-20 05:00:10 [📌 COMMANDS NOTIFY] Chargée : play
[2025-07-20T03:00:10.177Z] [COMMANDS] 2025-07-20 05:00:10 [📌 COMMANDS NOTIFY] Chargée : promote
[2025-07-20T03:00:10.179Z] [COMMANDS] 2025-07-20 05:00:10 [📌 COMMANDS NOTIFY] Chargée : recruit
[2025-07-20T03:00:10.181Z] [COMMANDS] 2025-07-20 05:00:10 [📌 COMMANDS NOTIFY] Chargée : rename
[2025-07-20T03:00:10.182Z] [COMMANDS] 2025-07-20 05:00:10 [📌 COMMANDS NOTIFY] Chargée : role
[2025-07-20T03:00:10.183Z] [COMMANDS] 2025-07-20 05:00:10 [📌 COMMANDS NOTIFY] Chargée : send
[2025-07-20T03:00:10.185Z] [COMMANDS] 2025-07-20 05:00:10 [📌 COMMANDS NOTIFY] Chargée : shift
[2025-07-20T03:00:10.187Z] [COMMANDS] 2025-07-20 05:00:10 [📌 COMMANDS NOTIFY] Chargée : ticket
[2025-07-20T03:00:10.187Z] [COMMANDS] 2025-07-20 05:00:10 [📌 COMMANDS NOTIFY] Chargée : userinfo
[2025-07-20T03:00:10.189Z] [COMMANDS] 2025-07-20 05:00:10 [📌 COMMANDS NOTIFY] Chargée : warn
[2025-07-20T03:00:10.193Z] 2025-07-20 05:00:10 [CLIENT DISCORD] [42m[30mChargement des informations du package.[39m[49m
[42m[30m[39m[49m [46m[PACKAGE][49m [32mAuth. : François 🌸[39m
[32m[39m [46m[PACKAGE][49m [32mDepd. : axios, chalk, cron, discord-html-transcripts, discord-player, discord.js, distube, dotenv, express, express-session, form-data, fs, googleapis, luxon, node-cron, node-fetch, ora, patch, path, pdf-lib, pdfkit, play-dl, readline, rl, uuid[39m
[32m[39m [46m[PACKAGE][49m [32mDesc. : Official Bot Catherine for 911 Community.[39m
[32m[39m [46m[PACKAGE][49m [32mLisc. : ISC[39m
[32m[39m [46m[PACKAGE][49m [32mMain. : index.js[39m
[32m[39m [46m[PACKAGE][49m [32mName. : catherine[39m
[32m[39m [46m[PACKAGE][49m [32mScrp. : {"test":"echo \"Error: no test specified\" && exit 1","start":"node server.js"}[39m
[32m[39m [46m[PACKAGE][49m [32mVers. : 2.1.2[39m
[32m[39m [46m[PACKAGE][49m [32mPatch Note. : **[PN - 07/06]** *Passage 2.0 with new patch (shift, tabs... new commands handler)*[39m
[32m[39m
[2025-07-20T03:00:11.038Z] 2025-07-20 05:00:11 [DEBUG] 📦 Checking version from local...
[2025-07-20T03:00:11.039Z] 2025-07-20 05:00:11 [CLIENT DISCORD] 📦 Nom : catherine
[2025-07-20T03:00:11.040Z] 2025-07-20 05:00:11 [CLIENT DISCORD] 🕒 Version locale : 2.1.2
[2025-07-20T03:00:11.041Z] 2025-07-20 05:00:11 [DEBUG] 🌐 Checking version from GitHub...
[2025-07-20T03:00:11.257Z] 2025-07-20 05:00:11 [CLIENT DISCORD] 📦 Nom GitHub : catherine
[2025-07-20T03:00:11.258Z] 2025-07-20 05:00:11 [CLIENT DISCORD] 🕒 Version distante : 2.1.2
[2025-07-20T03:00:11.258Z] [INFO] 2025-07-20 05:00:11 [ℹ️ INFO NOTIFY] ✅ Les versions sont identiques.
[2025-07-20T03:00:11.259Z] 2025-07-20 05:00:11 [CLIENT DISCORD] [34m==============================[39m
[2025-07-20T03:00:11.259Z] 2025-07-20 05:00:11 [CLIENT DISCORD] [32m🚀 Démarrage du bot...[39m
[2025-07-20T03:00:11.259Z] 2025-07-20 05:00:11 [CLIENT DISCORD] [33m🔗 Connexion à Discord API...[39m
[2025-07-20T03:00:11.259Z] 2025-07-20 05:00:11 [CLIENT DISCORD] [36m✅ Bot RP en ligne ! Connecté en tant que 293 | Catherine#8045[39m
[2025-07-20T03:00:11.260Z] 2025-07-20 05:00:11 [CLIENT DISCORD] [34m==============================[39m
[34m[39m
[2025-07-20T03:00:11.268Z] 2025-07-20 05:00:11 [CLIENT DISCORD] [player] Initialisation du Player terminée.
[2025-07-20T03:00:11.272Z] 2025-07-20 05:00:11 [CLIENT DISCORD] [player] Extracteurs chargés avec succès.
[2025-07-20T03:00:11.272Z] 2025-07-20 05:00:11 [CLIENT DISCORD] 📥 Serveur trouvé : Georgia State Police (GSP)
[2025-07-20T03:00:11.462Z] 2025-07-20 05:00:11 [CLIENT DISCORD] 🔍 Commandes déjà présentes : play, rules, createreport, div, role, info, pex, openservice, infoshift, recruit, help, ban, ticket, shutdown, userinfo, send, clear, kick, warn, mute, rename, shift, promote
[2025-07-20T03:00:11.464Z] 2025-07-20 05:00:11 [WARN] ⚠️ Les commandes sont déjà enregistrées. Lance avec 'debug' pour forcer l'écrasement.
[2025-07-20T03:00:11.466Z] 2025-07-20 05:00:11 [CLIENT DISCORD] 🎮 Statut et activité mis à jour.
[2025-07-20T03:00:11.467Z] 2025-07-20 05:00:11 [CLIENT DISCORD] 📌 Mode de lancement : [33mAucun[39m
[2025-07-20T03:00:11.468Z] 2025-07-20 05:00:11 [CLIENT DISCORD] ✅ Bot prêt en tant que 293 | Catherine#8045
[2025-07-20T06:00:00.182Z] 2025-07-20 08:00:00 [CLIENT DISCORD] [32m🌅 Tâches du matin exécutées ![39m
[2025-07-20T06:00:00.220Z] 2025-07-20 08:00:00 [CLIENT DISCORD] [Cron] 🕒 Démarrage de la régénération automatique de la hiérarchie (tabs)...
[2025-07-20T06:00:00.228Z] 2025-07-20 08:00:00 [CLIENT DISCORD] [Cron] 🕒 Démarrage de la régénération automatique de la hiérarchie... (div)
[2025-07-20T06:00:00.233Z] 2025-07-20 08:00:00 [CLIENT DISCORD] 🔍 Vérification des règles...
[2025-07-20T06:00:00.251Z] 2025-07-20 08:00:00 [DEBUG] 📦 Checking version from local...
[2025-07-20T06:00:00.253Z] 2025-07-20 08:00:00 [CLIENT DISCORD] 📦 Nom : catherine
[2025-07-20T06:00:00.254Z] 2025-07-20 08:00:00 [CLIENT DISCORD] 🕒 Version locale : 2.1.2
[2025-07-20T06:00:00.255Z] 2025-07-20 08:00:00 [DEBUG] 🌐 Checking version from GitHub...
[2025-07-20T06:00:00.352Z] 2025-07-20 08:00:00 [CLIENT DISCORD] ✅ rules_1.txt inchangé, pas de mise à jour.
[2025-07-20T06:00:00.356Z] 2025-07-20 08:00:00 [CLIENT DISCORD] ✅ rules_2.txt inchangé, pas de mise à jour.
[2025-07-20T06:00:00.361Z] 2025-07-20 08:00:00 [CLIENT DISCORD] ✅ Vérification des règles terminée.
[2025-07-20T06:00:00.421Z] 2025-07-20 08:00:00 [CLIENT DISCORD] [EXPORT] access.json mis à jour avec 13 exécutif(s), 3 superviseur(s) et 2 commandement(s)
[2025-07-20T06:00:00.590Z] 2025-07-20 08:00:00 [CLIENT DISCORD] 📦 Nom GitHub : catherine
[2025-07-20T06:00:00.591Z] 2025-07-20 08:00:00 [CLIENT DISCORD] 🕒 Version distante : 2.1.2
[2025-07-20T06:00:00.593Z] [INFO] 2025-07-20 08:00:00 [ℹ️ INFO NOTIFY] ✅ Les versions sont identiques.
[2025-07-20T06:00:00.923Z] [NOTIFY] 2025-07-20 08:00:00 [🟢 SOFT NOTIFY] Message DIV supprimé
[2025-07-20T06:00:01.200Z] [NOTIFY] 2025-07-20 08:00:01 [🟢 SOFT NOTIFY] Message TABS supprimé
[2025-07-20T06:00:02.277Z] 2025-07-20 08:00:02 [CLIENT DISCORD] [✅] Hiérarchie DIV envoyée.
[2025-07-20T06:00:02.278Z] 2025-07-20 08:00:02 [CLIENT DISCORD] [Cron] 🕒 Fin de la régénération automatique de la hiérarchie.
[2025-07-20T06:00:02.715Z] 2025-07-20 08:00:02 [CLIENT DISCORD] [✅] Hiérarchie TABS envoyée.
[2025-07-20T06:00:02.720Z] 2025-07-20 08:00:02 [CLIENT DISCORD] [Cron] 🕒 Fin de la régénération automatique de la hiérarchie.
[2025-07-20T08:30:50.867Z] 2025-07-20 10:30:50 [CLIENT DISCORD] [94m[MESSAGE_SENT][39m [32m.darkodin92[39m [0ma envoyé[0m [32mSalut l'équipe quoi de neuf[39m [0mdans[0m [32m💬-discussion-hrp[39m
[2025-07-20T11:15:26.973Z] 2025-07-20 13:15:26 [CLIENT DISCORD] Message privé reçu, prompt : https://discord.gg/jBwGYJCQ5s
[2025-07-20T11:15:27.042Z] 2025-07-20 13:15:27 [ERROR] Erreur avec le serveur IA : {
  "cause": {
    "errno": -111,
    "code": "ECONNREFUSED",
    "syscall": "connect",
    "address": "::1",
    "port": 5000
  }
}
[2025-07-20T11:15:27.608Z] 2025-07-20 13:15:27 [CLIENT DISCORD] [94m[MESSAGE_SENT][39m [32mfrancois.piano[39m [0ma envoyé[0m [32mhttps://discord.gg/jBwGYJCQ5s[39m [0mdans[0m [32mundefined[39m
[2025-07-20T14:00:00.162Z] 2025-07-20 16:00:00 [CLIENT DISCORD] [32m🌇 Tâches du soir exécutées ![39m
[2025-07-20T14:00:00.180Z] 2025-07-20 16:00:00 [CLIENT DISCORD] [Cron] 🕒 Démarrage de la régénération automatique de la hiérarchie (tabs)...
[2025-07-20T14:00:00.184Z] 2025-07-20 16:00:00 [CLIENT DISCORD] [Cron] 🕒 Démarrage de la régénération automatique de la hiérarchie... (div)
[2025-07-20T14:00:00.187Z] 2025-07-20 16:00:00 [CLIENT DISCORD] 🔍 Vérification des règles...
[2025-07-20T14:00:00.206Z] 2025-07-20 16:00:00 [DEBUG] 📦 Checking version from local...
[2025-07-20T14:00:00.208Z] 2025-07-20 16:00:00 [CLIENT DISCORD] 📦 Nom : catherine
[2025-07-20T14:00:00.209Z] 2025-07-20 16:00:00 [CLIENT DISCORD] 🕒 Version locale : 2.1.2
[2025-07-20T14:00:00.212Z] 2025-07-20 16:00:00 [DEBUG] 🌐 Checking version from GitHub...
[2025-07-20T14:00:00.340Z] 2025-07-20 16:00:00 [CLIENT DISCORD] ✅ rules_1.txt inchangé, pas de mise à jour.
[2025-07-20T14:00:00.342Z] 2025-07-20 16:00:00 [CLIENT DISCORD] ✅ rules_2.txt inchangé, pas de mise à jour.
[2025-07-20T14:00:00.343Z] 2025-07-20 16:00:00 [CLIENT DISCORD] ✅ Vérification des règles terminée.
[2025-07-20T14:00:00.366Z] 2025-07-20 16:00:00 [CLIENT DISCORD] [EXPORT] access.json mis à jour avec 13 exécutif(s), 3 superviseur(s) et 2 commandement(s)
[2025-07-20T14:00:00.598Z] 2025-07-20 16:00:00 [CLIENT DISCORD] 📦 Nom GitHub : catherine
[2025-07-20T14:00:00.599Z] 2025-07-20 16:00:00 [CLIENT DISCORD] 🕒 Version distante : 2.1.2
[2025-07-20T14:00:00.601Z] [INFO] 2025-07-20 16:00:00 [ℹ️ INFO NOTIFY] ✅ Les versions sont identiques.
[2025-07-20T14:00:00.669Z] [NOTIFY] 2025-07-20 16:00:00 [🟢 SOFT NOTIFY] Message DIV supprimé
[2025-07-20T14:00:01.181Z] [NOTIFY] 2025-07-20 16:00:01 [🟢 SOFT NOTIFY] Message TABS supprimé
[2025-07-20T14:00:01.538Z] 2025-07-20 16:00:01 [CLIENT DISCORD] ✅ Données écrites dans config.json
[2025-07-20T14:00:02.277Z] 2025-07-20 16:00:02 [CLIENT DISCORD] [✅] Hiérarchie DIV envoyée.
[2025-07-20T14:00:02.284Z] 2025-07-20 16:00:02 [CLIENT DISCORD] [Cron] 🕒 Fin de la régénération automatique de la hiérarchie.
[2025-07-20T14:00:02.660Z] 2025-07-20 16:00:02 [CLIENT DISCORD] [✅] Hiérarchie TABS envoyée.
[2025-07-20T14:00:02.662Z] 2025-07-20 16:00:02 [CLIENT DISCORD] [Cron] 🕒 Fin de la régénération automatique de la hiérarchie.
[2025-07-20T17:01:15.072Z] 2025-07-20 19:01:15 [CLIENT DISCORD] [94m[MESSAGE_SENT][39m [32m66atshina.enid[39m [0ma envoyé[0m [32msalut je suis retourné sur un ancien serv rp[39m [0mdans[0m [32m💬-discussion-hrp[39m
[2025-07-20T17:12:15.534Z] 2025-07-20 19:12:15 [CLIENT DISCORD] [94m[MESSAGE_SENT][39m [32mfrancois.piano[39m [0ma envoyé[0m [32mça joue à ready or not[39m [0mdans[0m [32m💬-discussion-hrp[39m
[2025-07-20T20:31:52.490Z] 2025-07-20 22:31:52 [CLIENT DISCORD] [94m[MESSAGE_SENT][39m [32mkeegan_rp[39m [0ma envoyé[0m [32mQuand je rentre, oui, s'tu veux bébou[39m [0mdans[0m [32m💬-discussion-hrp[39m
[2025-07-20T20:31:58.217Z] 2025-07-20 22:31:58 [CLIENT DISCORD] [94m[MESSAGE_SENT][39m [32mkeegan_rp[39m [0ma envoyé[0m [32mD'ici fin août, quoi[39m [0mdans[0m [32m💬-discussion-hrp[39m
