[2025-09-22T03:00:00.148Z] 2025-09-22 05:00:00 [CLIENT DISCORD] [32m🌙 Tâches de la nuit exécutées ![39m
[2025-09-22T03:00:00.182Z] 2025-09-22 05:00:00 [DEBUG] 📦 Checking version from local...
[2025-09-22T03:00:00.184Z] 2025-09-22 05:00:00 [CLIENT DISCORD] 📦 Nom : catherine
[2025-09-22T03:00:00.185Z] 2025-09-22 05:00:00 [CLIENT DISCORD] 🕒 Version locale : 2.2
[2025-09-22T03:00:00.185Z] 2025-09-22 05:00:00 [DEBUG] 🌐 Checking version from GitHub...
[2025-09-22T03:00:00.212Z] 2025-09-22 05:00:00 [WARN] [REBOOT] Attention, Catherine redémarre (checker les logs). Instruction reboot.js
[2025-09-22T03:00:08.609Z] 2025-09-22 05:00:08 [CLIENT DISCORD] Les modules [32mloggers[39m ont correctement été exportés.
[2025-09-22T03:00:08.653Z] [EVENT] 2025-09-22 05:00:08 [📅 EVENT NOTIFY] Chargé : guildBanAdd
[2025-09-22T03:00:08.655Z] [EVENT] 2025-09-22 05:00:08 [📅 EVENT NOTIFY] Chargé : guildBanRemove
[2025-09-22T03:00:08.656Z] [EVENT] 2025-09-22 05:00:08 [📅 EVENT NOTIFY] Chargé : guildMemberAdd
[2025-09-22T03:00:08.658Z] [EVENT] 2025-09-22 05:00:08 [📅 EVENT NOTIFY] Chargé : guildMemberRemove
[2025-09-22T03:00:08.663Z] 2025-09-22 05:00:08 [CLIENT DISCORD] Les modules  [32mutils.js[39m [0m ont correctement été exporté.[0m
[2025-09-22T03:00:09.771Z] 2025-09-22 05:00:09 [CLIENT DISCORD] L'interaction  [32mbuttons.js[39m [0m ont correctement été exporté.[0m
[2025-09-22T03:00:09.907Z] 2025-09-22 05:00:09 [CLIENT DISCORD] L'interaction  [32mmodals.js[39m [0m ont correctement été exporté.[0m
[2025-09-22T03:00:09.907Z] [EVENT] 2025-09-22 05:00:09 [📅 EVENT NOTIFY] Chargé : interactionCreate
[2025-09-22T03:00:09.908Z] [EVENT] 2025-09-22 05:00:09 [📅 EVENT NOTIFY] Chargé : messageCreate
[2025-09-22T03:00:09.909Z] [EVENT] 2025-09-22 05:00:09 [📅 EVENT NOTIFY] Chargé : messageDelete
[2025-09-22T03:00:09.910Z] [EVENT] 2025-09-22 05:00:09 [📅 EVENT NOTIFY] Chargé : messageUpdate
[2025-09-22T03:00:09.920Z] 2025-09-22 05:00:09 [CLIENT DISCORD] Les modules  [32mcommands.js[39m [0m ont correctement été exporté.[0m
[2025-09-22T03:00:09.930Z] [EVENT] 2025-09-22 05:00:09 [📅 EVENT NOTIFY] Chargé : ready
[2025-09-22T03:00:09.931Z] [EVENT] 2025-09-22 05:00:09 [📅 EVENT NOTIFY] Chargé : voiceStateUpdate
[2025-09-22T03:00:09.934Z] [COMMANDS] 2025-09-22 05:00:09 [📌 COMMANDS NOTIFY] Chargée : ban
[2025-09-22T03:00:09.935Z] [COMMANDS] 2025-09-22 05:00:09 [📌 COMMANDS NOTIFY] Chargée : clear
[2025-09-22T03:00:09.937Z] [COMMANDS] 2025-09-22 05:00:09 [📌 COMMANDS NOTIFY] Chargée : createreport
[2025-09-22T03:00:09.938Z] [COMMANDS] 2025-09-22 05:00:09 [📌 COMMANDS NOTIFY] Chargée : div
[2025-09-22T03:00:09.939Z] [COMMANDS] 2025-09-22 05:00:09 [📌 COMMANDS NOTIFY] Chargée : help
[2025-09-22T03:00:09.940Z] [COMMANDS] 2025-09-22 05:00:09 [📌 COMMANDS NOTIFY] Chargée : info
[2025-09-22T03:00:09.941Z] [COMMANDS] 2025-09-22 05:00:09 [📌 COMMANDS NOTIFY] Chargée : infoshift
[2025-09-22T03:00:09.942Z] [COMMANDS] 2025-09-22 05:00:09 [📌 COMMANDS NOTIFY] Chargée : kick
[2025-09-22T03:00:09.943Z] [COMMANDS] 2025-09-22 05:00:09 [📌 COMMANDS NOTIFY] Chargée : mute
[2025-09-22T03:00:09.944Z] [COMMANDS] 2025-09-22 05:00:09 [📌 COMMANDS NOTIFY] Chargée : openservice
[2025-09-22T03:00:09.946Z] [COMMANDS] 2025-09-22 05:00:09 [📌 COMMANDS NOTIFY] Chargée : pex
[2025-09-22T03:00:09.967Z] [COMMANDS] 2025-09-22 05:00:09 [📌 COMMANDS NOTIFY] Chargée : play
[2025-09-22T03:00:09.969Z] [COMMANDS] 2025-09-22 05:00:09 [📌 COMMANDS NOTIFY] Chargée : promote
[2025-09-22T03:00:09.970Z] [COMMANDS] 2025-09-22 05:00:09 [📌 COMMANDS NOTIFY] Chargée : recruit
[2025-09-22T03:00:09.972Z] [COMMANDS] 2025-09-22 05:00:09 [📌 COMMANDS NOTIFY] Chargée : rename
[2025-09-22T03:00:09.974Z] [COMMANDS] 2025-09-22 05:00:09 [📌 COMMANDS NOTIFY] Chargée : role
[2025-09-22T03:00:09.977Z] [COMMANDS] 2025-09-22 05:00:09 [📌 COMMANDS NOTIFY] Chargée : send
[2025-09-22T03:00:09.980Z] [COMMANDS] 2025-09-22 05:00:09 [📌 COMMANDS NOTIFY] Chargée : shift
[2025-09-22T03:00:09.990Z] [COMMANDS] 2025-09-22 05:00:09 [📌 COMMANDS NOTIFY] Chargée : ticket
[2025-09-22T03:00:09.994Z] [COMMANDS] 2025-09-22 05:00:09 [📌 COMMANDS NOTIFY] Chargée : userinfo
[2025-09-22T03:00:09.997Z] [COMMANDS] 2025-09-22 05:00:09 [📌 COMMANDS NOTIFY] Chargée : warn
[2025-09-22T03:00:10.003Z] 2025-09-22 05:00:10 [CLIENT DISCORD] [42m[30mChargement des informations du package.[39m[49m
[42m[30m[39m[49m [46m[PACKAGE][49m [32mAuth. : François 🌸[39m
[32m[39m [46m[PACKAGE][49m [32mDepd. : axios, chalk, cron, discord-html-transcripts, discord-player, discord.js, distube, dotenv, express, express-session, form-data, fs, googleapis, luxon, node-cron, node-fetch, ora, patch, path, pdf-lib, pdfkit, play-dl, readline, rl, uuid[39m
[32m[39m [46m[PACKAGE][49m [32mDesc. : Official Bot Catherine for 911 Community.[39m
[32m[39m [46m[PACKAGE][49m [32mLisc. : ISC[39m
[32m[39m [46m[PACKAGE][49m [32mMain. : index.js[39m
[32m[39m [46m[PACKAGE][49m [32mName. : catherine[39m
[32m[39m [46m[PACKAGE][49m [32mScrp. : {"test":"echo \"Error: no test specified\" && exit 1","start":"node server.js"}[39m
[32m[39m [46m[PACKAGE][49m [32mVers. : 2.2[39m
[32m[39m [46m[PACKAGE][49m [32mPatch Note. : **[PN - 07/06]** *Passage 2.0 with new patch (shift, tabs... new commands handler)*[39m
[32m[39m
[2025-09-22T03:00:11.061Z] 2025-09-22 05:00:11 [DEBUG] 📦 Checking version from local...
[2025-09-22T03:00:11.062Z] 2025-09-22 05:00:11 [CLIENT DISCORD] 📦 Nom : catherine
[2025-09-22T03:00:11.063Z] 2025-09-22 05:00:11 [CLIENT DISCORD] 🕒 Version locale : 2.2
[2025-09-22T03:00:11.064Z] 2025-09-22 05:00:11 [DEBUG] 🌐 Checking version from GitHub...
[2025-09-22T03:00:11.069Z] 2025-09-22 05:00:11 [ERROR] (node:404806) DeprecationWarning: The ready event has been renamed to clientReady to distinguish it from the gateway READY event and will only emit under that name in v15. Please use clientReady instead.
(Use `node --trace-deprecation ...` to show where the warning was created)
[2025-09-22T03:00:11.315Z] 2025-09-22 05:00:11 [CLIENT DISCORD] 📦 Nom GitHub : catherine
[2025-09-22T03:00:11.316Z] 2025-09-22 05:00:11 [CLIENT DISCORD] 🕒 Version distante : 2.2
[2025-09-22T03:00:11.318Z] [INFO] 2025-09-22 05:00:11 [ℹ️ INFO NOTIFY] ✅ Les versions sont identiques.
[2025-09-22T03:00:11.319Z] 2025-09-22 05:00:11 [CLIENT DISCORD] [34m==============================[39m
[2025-09-22T03:00:11.320Z] 2025-09-22 05:00:11 [CLIENT DISCORD] [32m🚀 Démarrage du bot...[39m
[2025-09-22T03:00:11.321Z] 2025-09-22 05:00:11 [CLIENT DISCORD] [33m🔗 Connexion à Discord API...[39m
[2025-09-22T03:00:11.322Z] 2025-09-22 05:00:11 [CLIENT DISCORD] [36m✅ Bot RP en ligne ! Connecté en tant que 293 | Catherine#8045[39m
[2025-09-22T03:00:11.323Z] 2025-09-22 05:00:11 [CLIENT DISCORD] [34m==============================[39m
[34m[39m
[2025-09-22T03:00:11.333Z] 2025-09-22 05:00:11 [CLIENT DISCORD] [player] Initialisation du Player terminée.
[2025-09-22T03:00:11.337Z] 2025-09-22 05:00:11 [CLIENT DISCORD] [player] Extracteurs chargés avec succès.
[2025-09-22T03:00:11.338Z] 2025-09-22 05:00:11 [CLIENT DISCORD] 📥 Serveur trouvé : Los Santos Sheriff Department
[2025-09-22T03:00:11.636Z] 2025-09-22 05:00:11 [CLIENT DISCORD] 🔍 Commandes déjà présentes : play, rules, createreport, div, role, info, pex, openservice, infoshift, recruit, help, ban, ticket, shutdown, userinfo, send, clear, kick, warn, mute, rename, shift, promote
[2025-09-22T03:00:11.639Z] 2025-09-22 05:00:11 [WARN] ⚠️ Les commandes sont déjà enregistrées. Lance avec 'debug' pour forcer l'écrasement.
[2025-09-22T03:00:11.640Z] 2025-09-22 05:00:11 [CLIENT DISCORD] 🎮 Statut et activité mis à jour.
[2025-09-22T03:00:11.642Z] 2025-09-22 05:00:11 [CLIENT DISCORD] 📌 Mode de lancement : [33mAucun[39m
[2025-09-22T03:00:11.643Z] 2025-09-22 05:00:11 [CLIENT DISCORD] ✅ Bot prêt en tant que 293 | Catherine#8045
[2025-09-22T06:00:00.129Z] 2025-09-22 08:00:00 [CLIENT DISCORD] [32m🌅 Tâches du matin exécutées ![39m
[2025-09-22T06:00:00.156Z] 2025-09-22 08:00:00 [CLIENT DISCORD] [Cron] 🕒 Démarrage de la régénération automatique de la hiérarchie (tabs)...
[2025-09-22T06:00:00.165Z] 2025-09-22 08:00:00 [CLIENT DISCORD] [Cron] 🕒 Démarrage de la régénération automatique de la hiérarchie... (div)
[2025-09-22T06:00:00.169Z] 2025-09-22 08:00:00 [CLIENT DISCORD] 🔍 Vérification des règles...
[2025-09-22T06:00:00.183Z] 2025-09-22 08:00:00 [DEBUG] 📦 Checking version from local...
[2025-09-22T06:00:00.186Z] 2025-09-22 08:00:00 [CLIENT DISCORD] 📦 Nom : catherine
[2025-09-22T06:00:00.187Z] 2025-09-22 08:00:00 [CLIENT DISCORD] 🕒 Version locale : 2.2
[2025-09-22T06:00:00.188Z] 2025-09-22 08:00:00 [DEBUG] 🌐 Checking version from GitHub...
[2025-09-22T06:00:00.233Z] 2025-09-22 08:00:00 [CLIENT DISCORD] ✅ rules_1.txt inchangé, pas de mise à jour.
[2025-09-22T06:00:00.235Z] 2025-09-22 08:00:00 [CLIENT DISCORD] ✅ rules_2.txt inchangé, pas de mise à jour.
[2025-09-22T06:00:00.236Z] 2025-09-22 08:00:00 [CLIENT DISCORD] ✅ Vérification des règles terminée.
[2025-09-22T06:00:00.322Z] 2025-09-22 08:00:00 [CLIENT DISCORD] [EXPORT] access.json mis à jour avec 13 exécutif(s), 2 superviseur(s) et 3 commandement(s)
[2025-09-22T06:00:00.474Z] 2025-09-22 08:00:00 [CLIENT DISCORD] 📦 Nom GitHub : catherine
[2025-09-22T06:00:00.475Z] 2025-09-22 08:00:00 [CLIENT DISCORD] 🕒 Version distante : 2.2
[2025-09-22T06:00:00.476Z] [INFO] 2025-09-22 08:00:00 [ℹ️ INFO NOTIFY] ✅ Les versions sont identiques.
[2025-09-22T06:00:00.746Z] [NOTIFY] 2025-09-22 08:00:00 [🟢 SOFT NOTIFY] Message DIV supprimé
[2025-09-22T06:00:01.041Z] [NOTIFY] 2025-09-22 08:00:01 [🟢 SOFT NOTIFY] Message TABS supprimé
[2025-09-22T06:00:02.036Z] 2025-09-22 08:00:02 [CLIENT DISCORD] [✅] Hiérarchie DIV envoyée.
[2025-09-22T06:00:02.053Z] 2025-09-22 08:00:02 [CLIENT DISCORD] [Cron] 🕒 Fin de la régénération automatique de la hiérarchie.
[2025-09-22T06:00:02.543Z] 2025-09-22 08:00:02 [CLIENT DISCORD] [✅] Hiérarchie TABS envoyée.
[2025-09-22T06:00:02.549Z] 2025-09-22 08:00:02 [CLIENT DISCORD] [Cron] 🕒 Fin de la régénération automatique de la hiérarchie.
[2025-09-22T07:55:32.072Z] 2025-09-22 09:55:32 [CLIENT DISCORD] [94m[MESSAGE_SENT][39m [32mfrancois.piano[39m [0ma envoyé[0m [32mdésolé mdrr[39m [0mdans[0m [32m💬-discussion[39m
[2025-09-22T08:55:06.504Z] 2025-09-22 10:55:06 [CLIENT DISCORD] 📩 Affichage du modal : report_modal
[2025-09-22T08:55:06.688Z] 2025-09-22 10:55:06 [CLIENT DISCORD] [BUTTON] francois.piano a exécuté l'interaction bouton report dans 1252239174610718782
[2025-09-22T08:55:11.062Z] 2025-09-22 10:55:11 [CLIENT DISCORD] 📩 Affichage du modal : complaint_modal
[2025-09-22T08:55:11.229Z] 2025-09-22 10:55:11 [CLIENT DISCORD] [BUTTON] francois.piano a exécuté l'interaction bouton plainte dans 1252239174610718782
[2025-09-22T08:55:25.916Z] 2025-09-22 10:55:25 [CLIENT DISCORD] 📩 Affichage du modal : recruit_modal
[2025-09-22T08:55:26.098Z] 2025-09-22 10:55:26 [CLIENT DISCORD] [BUTTON] francois.piano a exécuté l'interaction bouton recruit dans 1252239174610718782
[2025-09-22T08:56:01.596Z] 2025-09-22 10:56:01 [CLIENT DISCORD] [BUTTON] francois.piano a exécuté l'interaction bouton rulescheck dans 1252234244760141874
[2025-09-22T14:00:00.132Z] 2025-09-22 16:00:00 [CLIENT DISCORD] [32m🌇 Tâches du soir exécutées ![39m
[2025-09-22T14:00:00.149Z] 2025-09-22 16:00:00 [CLIENT DISCORD] [Cron] 🕒 Démarrage de la régénération automatique de la hiérarchie (tabs)...
[2025-09-22T14:00:00.152Z] 2025-09-22 16:00:00 [CLIENT DISCORD] [Cron] 🕒 Démarrage de la régénération automatique de la hiérarchie... (div)
[2025-09-22T14:00:00.154Z] 2025-09-22 16:00:00 [CLIENT DISCORD] 🔍 Vérification des règles...
[2025-09-22T14:00:00.170Z] 2025-09-22 16:00:00 [DEBUG] 📦 Checking version from local...
[2025-09-22T14:00:00.173Z] 2025-09-22 16:00:00 [CLIENT DISCORD] 📦 Nom : catherine
[2025-09-22T14:00:00.174Z] 2025-09-22 16:00:00 [CLIENT DISCORD] 🕒 Version locale : 2.2
[2025-09-22T14:00:00.179Z] 2025-09-22 16:00:00 [DEBUG] 🌐 Checking version from GitHub...
[2025-09-22T14:00:00.254Z] 2025-09-22 16:00:00 [CLIENT DISCORD] ✅ rules_1.txt inchangé, pas de mise à jour.
[2025-09-22T14:00:00.256Z] 2025-09-22 16:00:00 [CLIENT DISCORD] ✅ rules_2.txt inchangé, pas de mise à jour.
[2025-09-22T14:00:00.257Z] 2025-09-22 16:00:00 [CLIENT DISCORD] ✅ Vérification des règles terminée.
[2025-09-22T14:00:00.296Z] 2025-09-22 16:00:00 [CLIENT DISCORD] [EXPORT] access.json mis à jour avec 13 exécutif(s), 2 superviseur(s) et 3 commandement(s)
[2025-09-22T14:00:00.491Z] [NOTIFY] 2025-09-22 16:00:00 [🟢 SOFT NOTIFY] Message DIV supprimé
[2025-09-22T14:00:00.695Z] 2025-09-22 16:00:00 [CLIENT DISCORD] 📦 Nom GitHub : catherine
[2025-09-22T14:00:00.695Z] 2025-09-22 16:00:00 [CLIENT DISCORD] 🕒 Version distante : 2.2
[2025-09-22T14:00:00.696Z] [INFO] 2025-09-22 16:00:00 [ℹ️ INFO NOTIFY] ✅ Les versions sont identiques.
[2025-09-22T14:00:00.798Z] [NOTIFY] 2025-09-22 16:00:00 [🟢 SOFT NOTIFY] Message TABS supprimé
[2025-09-22T14:00:01.237Z] 2025-09-22 16:00:01 [CLIENT DISCORD] ✅ Données écrites dans config.json
[2025-09-22T14:00:01.768Z] 2025-09-22 16:00:01 [CLIENT DISCORD] [✅] Hiérarchie DIV envoyée.
[2025-09-22T14:00:01.769Z] 2025-09-22 16:00:01 [CLIENT DISCORD] [Cron] 🕒 Fin de la régénération automatique de la hiérarchie.
[2025-09-22T14:00:02.339Z] 2025-09-22 16:00:02 [CLIENT DISCORD] [✅] Hiérarchie TABS envoyée.
[2025-09-22T14:00:02.341Z] 2025-09-22 16:00:02 [CLIENT DISCORD] [Cron] 🕒 Fin de la régénération automatique de la hiérarchie.
[2025-09-22T14:14:38.726Z] 2025-09-22 16:14:38 [CLIENT DISCORD] 🔵 Interaction détectée : no
[2025-09-22T14:14:38.727Z] 2025-09-22 16:14:38 [CLIENT DISCORD] 🟢 clientData trouvé : {
  "messageId": "1419684665563938918",
  "participants": {
    "yes": [],
    "no": [],
    "maybe": []
  }
}
[2025-09-22T14:14:38.730Z] 2025-09-22 16:14:38 [CLIENT DISCORD] 📌 ID du message enregistré : 1419684665563938918
[2025-09-22T14:14:38.731Z] 2025-09-22 16:14:38 [CLIENT DISCORD] 📌 ID du message de l'interaction : 1419684665563938918
[2025-09-22T14:14:38.732Z] 2025-09-22 16:14:38 [CLIENT DISCORD] 🟢 Avant modification des participants : {
  "yes": [],
  "no": [],
  "maybe": []
}
[2025-09-22T14:14:38.734Z] 2025-09-22 16:14:38 [CLIENT DISCORD] 🟢 Après modification des participants : {
  "yes": [],
  "no": [
    "7271-C | Rory Crowner"
  ],
  "maybe": []
}
[2025-09-22T14:14:38.738Z] 2025-09-22 16:14:38 [CLIENT DISCORD] 🟢 Embed mis à jour : {
  "title": "Qui sera présent ce soir ?",
  "description": "Veuillez indiquer votre présence en appuyant sur un bouton ci-dessous.",
  "color": 44678,
  "fields": [
    {
      "name": "✅ Oui",
      "value": "Aucun",
      "inline": true
    },
    {
      "name": "❌ Non",
      "value": "`7271-C | Rory Crowner`",
      "inline": true
    },
    {
      "name": "🤔 Peut-être",
      "value": "Aucun",
      "inline": true
    }
  ]
}
[2025-09-22T14:14:39.170Z] 2025-09-22 16:14:39 [CLIENT DISCORD] [BUTTON] rory.p71 a exécuté l'interaction bouton no dans 1347963262892904469
[2025-09-22T15:02:31.869Z] 2025-09-22 17:02:31 [CLIENT DISCORD] [94m[MESSAGE_SENT][39m [32mkeegan_rp[39m [0ma envoyé[0m [32mNan mais c'est pas grave, tu seras châtié[39m [0mdans[0m [32m💬-discussion[39m
[2025-09-22T15:06:15.971Z] 2025-09-22 17:06:15 [CLIENT DISCORD] [94m[MESSAGE_SENT][39m [32mfrancois.piano[39m [0ma envoyé[0m [32mje comprends[39m [0mdans[0m [32m💬-discussion[39m
[2025-09-22T15:06:19.882Z] 2025-09-22 17:06:19 [CLIENT DISCORD] 🔵 Interaction détectée : no
[2025-09-22T15:06:19.883Z] 2025-09-22 17:06:19 [CLIENT DISCORD] 🟢 clientData trouvé : {
  "messageId": "1419684665563938918",
  "participants": {
    "yes": [],
    "no": [
      "7271-C | Rory Crowner"
    ],
    "maybe": []
  }
}
[2025-09-22T15:06:19.887Z] 2025-09-22 17:06:19 [CLIENT DISCORD] 📌 ID du message enregistré : 1419684665563938918
[2025-09-22T15:06:19.888Z] 2025-09-22 17:06:19 [CLIENT DISCORD] 📌 ID du message de l'interaction : 1419684665563938918
[2025-09-22T15:06:19.889Z] 2025-09-22 17:06:19 [CLIENT DISCORD] 🟢 Avant modification des participants : {
  "yes": [],
  "no": [
    "7271-C | Rory Crowner"
  ],
  "maybe": []
}
[2025-09-22T15:06:19.892Z] 2025-09-22 17:06:19 [CLIENT DISCORD] 🟢 Après modification des participants : {
  "yes": [],
  "no": [
    "7271-C | Rory Crowner",
    "4893-LT | Sean Lennon"
  ],
  "maybe": []
}
[2025-09-22T15:06:19.895Z] 2025-09-22 17:06:19 [CLIENT DISCORD] 🟢 Embed mis à jour : {
  "title": "Qui sera présent ce soir ?",
  "description": "Veuillez indiquer votre présence en appuyant sur un bouton ci-dessous.",
  "color": 44678,
  "fields": [
    {
      "name": "✅ Oui",
      "value": "Aucun",
      "inline": true
    },
    {
      "name": "❌ Non",
      "value": "`7271-C | Rory Crowner`, `4893-LT | Sean Lennon`",
      "inline": true
    },
    {
      "name": "🤔 Peut-être",
      "value": "Aucun",
      "inline": true
    }
  ]
}
[2025-09-22T15:06:20.489Z] 2025-09-22 17:06:20 [CLIENT DISCORD] [BUTTON] francois.piano a exécuté l'interaction bouton no dans 1347963262892904469
[2025-09-22T15:12:58.730Z] 2025-09-22 17:12:58 [CLIENT DISCORD] 🔵 Interaction détectée : maybe
[2025-09-22T15:12:58.731Z] 2025-09-22 17:12:58 [CLIENT DISCORD] 🟢 clientData trouvé : {
  "messageId": "1419684665563938918",
  "participants": {
    "yes": [],
    "no": [
      "7271-C | Rory Crowner",
      "4893-LT | Sean Lennon"
    ],
    "maybe": []
  }
}
[2025-09-22T15:12:58.736Z] 2025-09-22 17:12:58 [CLIENT DISCORD] 📌 ID du message enregistré : 1419684665563938918
[2025-09-22T15:12:58.737Z] 2025-09-22 17:12:58 [CLIENT DISCORD] 📌 ID du message de l'interaction : 1419684665563938918
[2025-09-22T15:12:58.738Z] 2025-09-22 17:12:58 [CLIENT DISCORD] 🟢 Avant modification des participants : {
  "yes": [],
  "no": [
    "7271-C | Rory Crowner",
    "4893-LT | Sean Lennon"
  ],
  "maybe": []
}
[2025-09-22T15:12:58.741Z] 2025-09-22 17:12:58 [CLIENT DISCORD] 🟢 Après modification des participants : {
  "yes": [],
  "no": [
    "7271-C | Rory Crowner"
  ],
  "maybe": [
    "4893-LT | Sean Lennon"
  ]
}
[2025-09-22T15:12:58.745Z] 2025-09-22 17:12:58 [CLIENT DISCORD] 🟢 Embed mis à jour : {
  "title": "Qui sera présent ce soir ?",
  "description": "Veuillez indiquer votre présence en appuyant sur un bouton ci-dessous.",
  "color": 44678,
  "fields": [
    {
      "name": "✅ Oui",
      "value": "Aucun",
      "inline": true
    },
    {
      "name": "❌ Non",
      "value": "`7271-C | Rory Crowner`",
      "inline": true
    },
    {
      "name": "🤔 Peut-être",
      "value": "`4893-LT | Sean Lennon`",
      "inline": true
    }
  ]
}
[2025-09-22T15:12:59.154Z] 2025-09-22 17:12:59 [CLIENT DISCORD] [BUTTON] francois.piano a exécuté l'interaction bouton maybe dans 1347963262892904469
[2025-09-22T15:13:00.474Z] 2025-09-22 17:13:00 [CLIENT DISCORD] 🔵 Interaction détectée : no
[2025-09-22T15:13:00.474Z] 2025-09-22 17:13:00 [CLIENT DISCORD] 🟢 clientData trouvé : {
  "messageId": "1419684665563938918",
  "participants": {
    "yes": [],
    "no": [
      "7271-C | Rory Crowner"
    ],
    "maybe": [
      "4893-LT | Sean Lennon"
    ]
  }
}
[2025-09-22T15:13:00.479Z] 2025-09-22 17:13:00 [CLIENT DISCORD] 📌 ID du message enregistré : 1419684665563938918
[2025-09-22T15:13:00.479Z] 2025-09-22 17:13:00 [CLIENT DISCORD] 📌 ID du message de l'interaction : 1419684665563938918
[2025-09-22T15:13:00.480Z] 2025-09-22 17:13:00 [CLIENT DISCORD] 🟢 Avant modification des participants : {
  "yes": [],
  "no": [
    "7271-C | Rory Crowner"
  ],
  "maybe": [
    "4893-LT | Sean Lennon"
  ]
}
[2025-09-22T15:13:00.480Z] 2025-09-22 17:13:00 [CLIENT DISCORD] 🟢 Après modification des participants : {
  "yes": [],
  "no": [
    "7271-C | Rory Crowner",
    "4893-LT | Sean Lennon"
  ],
  "maybe": []
}
[2025-09-22T15:13:00.481Z] 2025-09-22 17:13:00 [CLIENT DISCORD] 🟢 Embed mis à jour : {
  "title": "Qui sera présent ce soir ?",
  "description": "Veuillez indiquer votre présence en appuyant sur un bouton ci-dessous.",
  "color": 44678,
  "fields": [
    {
      "name": "✅ Oui",
      "value": "Aucun",
      "inline": true
    },
    {
      "name": "❌ Non",
      "value": "`7271-C | Rory Crowner`, `4893-LT | Sean Lennon`",
      "inline": true
    },
    {
      "name": "🤔 Peut-être",
      "value": "Aucun",
      "inline": true
    }
  ]
}
[2025-09-22T15:13:00.908Z] 2025-09-22 17:13:00 [CLIENT DISCORD] [BUTTON] francois.piano a exécuté l'interaction bouton no dans 1347963262892904469
[2025-09-22T19:14:28.720Z] 2025-09-22 21:14:28 [CLIENT DISCORD] [94m[MESSAGE_SENT][39m [32mkeegan_rp[39m [0ma envoyé[0m [32mJ'vais prochainement voc avec un WL pour voir ce qu'ils valent et ce qu'ils veulent[39m [0mdans[0m [32m💬-discussion[39m
[2025-09-22T19:14:44.403Z] 2025-09-22 21:14:44 [CLIENT DISCORD] [94m[MESSAGE_SENT][39m [32mkeegan_rp[39m [0ma envoyé[0m [32mEt surtout poser nos questions habituelles : RP réaliste ou RP ouin ouin ?[39m [0mdans[0m [32m💬-discussion[39m
[2025-09-22T19:16:27.266Z] 2025-09-22 21:16:27 [CLIENT DISCORD] [94m[MESSAGE_SENT][39m [32mkeegan_rp[39m [0ma envoyé[0m [32mMais jcrois qu'ils ont déjà une police d'état, au pire, on pourrait monter un autre projet gouvernemental ? <@449432156595552257>[39m [0mdans[0m [32m💬-discussion[39m
[2025-09-22T19:16:47.543Z] 2025-09-22 21:16:47 [CLIENT DISCORD] [94m[MESSAGE_SENT][39m [32mfrancois.piano[39m [0ma envoyé[0m [32mRP Réaliste[39m [0mdans[0m [32m💬-discussion[39m
[2025-09-22T19:17:04.250Z] 2025-09-22 21:17:04 [CLIENT DISCORD] [94m[MESSAGE_SENT][39m [32mkeegan_rp[39m [0ma envoyé[0m [32mNan mais oui, mais c'était pas une question pour nous mais pour eux[39m [0mdans[0m [32m💬-discussion[39m
[2025-09-22T19:17:24.871Z] 2025-09-22 21:17:24 [CLIENT DISCORD] [94m[MESSAGE_SENT][39m [32mfrancois.piano[39m [0ma envoyé[0m [32mnon LSSD, je n'ai pas envie de me relancer dans l'intégralité des procédures[39m
[32mJe veux qu'on puisse prendre le Lore LASD[39m [0mdans[0m [32m💬-discussion[39m
[2025-09-22T19:17:42.845Z] 2025-09-22 21:17:42 [CLIENT DISCORD] [94m[MESSAGE_SENT][39m [32mkeegan_rp[39m [0ma envoyé[0m [32mJe verrais ce qu'ils ont avec eux[39m [0mdans[0m [32m💬-discussion[39m
[2025-09-22T19:19:15.100Z] 2025-09-22 21:19:15 [CLIENT DISCORD] [94m[MESSAGE_SENT][39m [32mfrancois.piano[39m [0ma envoyé[0m [32ms'ils ont besoin qu'il m'envoie un MP et montre leur nos docs[39m [0mdans[0m [32m💬-discussion[39m
[2025-09-22T19:19:17.036Z] 2025-09-22 21:19:17 [CLIENT DISCORD] [94m[MESSAGE_SENT][39m [32mfrancois.piano[39m [0ma envoyé[0m [32met les tiens[39m [0mdans[0m [32m💬-discussion[39m
[2025-09-22T19:24:15.520Z] 2025-09-22 21:24:15 [CLIENT DISCORD] [94m[MESSAGE_SENT][39m [32mkeegan_rp[39m [0ma envoyé[0m [32mJ'apprends à l'oreillette qu'un deuxième modérateur a été viré sans raison légitime du serveur d'où l'on vient. S'ils savaient les joueurs qui vont partir et le(s) modo(s) aussi...[39m [0mdans[0m [32m💬-discussion[39m
[2025-09-22T19:25:13.491Z] 2025-09-22 21:25:13 [CLIENT DISCORD] [94m[MESSAGE_SENT][39m [32mkeegan_rp[39m [0ma envoyé[0m [32m<@449432156595552257> À tout moment toi et tes gars, vous vous faites ban sans raison[39m [0mdans[0m [32m💬-discussion[39m
[2025-09-22T19:41:16.358Z] 2025-09-22 21:41:16 [CLIENT DISCORD] [94m[MESSAGE_SENT][39m [32mkeegan_rp[39m [0ma envoyé[0m [32mhttps://docs.google.com/document/d/1QpWrzx7tHp2qLsDSSCsKuVwh8K4_Nxgcceefr7xbraE/edit?usp=drivesdk[39m [0mdans[0m [32m💬-discussion[39m
[2025-09-22T20:55:15.007Z] 2025-09-22 22:55:15 [CLIENT DISCORD] Message 1419789163170893854 enregistré dans cache.json
[2025-09-22T20:55:20.759Z] 2025-09-22 22:55:20 [CLIENT DISCORD] [BUTTON] francois.piano a exécuté l'interaction bouton claim dans 1383552275556991178
[2025-09-22T21:16:32.735Z] 2025-09-22 23:16:32 [CLIENT DISCORD] [94m[MESSAGE_SENT][39m [32mkeegan_rp[39m [0ma envoyé[0m [32mSuper[39m [0mdans[0m [32m💬-discussion[39m
[2025-09-22T21:16:43.364Z] 2025-09-22 23:16:43 [CLIENT DISCORD] [94m[MESSAGE_SENT][39m [32mkeegan_rp[39m [0ma envoyé[0m [32mJe ne suis donc plus civil[39m [0mdans[0m [32m💬-discussion[39m
[2025-09-22T22:39:56.288Z] 2025-09-23 00:39:56 [CLIENT DISCORD] [94m[MESSAGE_SENT][39m [32mkeegan_rp[39m [0ma envoyé[0m [32mDemain je fais un montage.[39m [0mdans[0m [32m💬-discussion[39m
