[2025-08-23T03:00:00.204Z] 2025-08-23 05:00:00 [CLIENT DISCORD] [32m🌙 Tâches de la nuit exécutées ![39m
[2025-08-23T03:00:00.245Z] 2025-08-23 05:00:00 [DEBUG] 📦 Checking version from local...
[2025-08-23T03:00:00.248Z] 2025-08-23 05:00:00 [CLIENT DISCORD] 📦 Nom : catherine
[2025-08-23T03:00:00.249Z] 2025-08-23 05:00:00 [CLIENT DISCORD] 🕒 Version locale : 2.1.2
[2025-08-23T03:00:00.250Z] 2025-08-23 05:00:00 [DEBUG] 🌐 Checking version from GitHub...
[2025-08-23T03:00:00.316Z] 2025-08-23 05:00:00 [WARN] [REBOOT] Attention, Catherine redémarre (checker les logs). Instruction reboot.js
[2025-08-23T03:00:09.256Z] 2025-08-23 05:00:09 [CLIENT DISCORD] Les modules [32mloggers[39m ont correctement été exportés.
[2025-08-23T03:00:09.291Z] [EVENT] 2025-08-23 05:00:09 [📅 EVENT NOTIFY] Chargé : guildBanAdd
[2025-08-23T03:00:09.293Z] [EVENT] 2025-08-23 05:00:09 [📅 EVENT NOTIFY] Chargé : guildBanRemove
[2025-08-23T03:00:09.295Z] [EVENT] 2025-08-23 05:00:09 [📅 EVENT NOTIFY] Chargé : guildMemberAdd
[2025-08-23T03:00:09.298Z] [EVENT] 2025-08-23 05:00:09 [📅 EVENT NOTIFY] Chargé : guildMemberRemove
[2025-08-23T03:00:09.303Z] 2025-08-23 05:00:09 [CLIENT DISCORD] Les modules  [32mutils.js[39m [0m ont correctement été exporté.[0m
[2025-08-23T03:00:10.365Z] 2025-08-23 05:00:10 [CLIENT DISCORD] L'interaction  [32mbuttons.js[39m [0m ont correctement été exporté.[0m
[2025-08-23T03:00:10.761Z] 2025-08-23 05:00:10 [CLIENT DISCORD] L'interaction  [32mmodals.js[39m [0m ont correctement été exporté.[0m
[2025-08-23T03:00:10.762Z] [EVENT] 2025-08-23 05:00:10 [📅 EVENT NOTIFY] Chargé : interactionCreate
[2025-08-23T03:00:10.764Z] [EVENT] 2025-08-23 05:00:10 [📅 EVENT NOTIFY] Chargé : messageCreate
[2025-08-23T03:00:10.767Z] [EVENT] 2025-08-23 05:00:10 [📅 EVENT NOTIFY] Chargé : messageDelete
[2025-08-23T03:00:10.768Z] [EVENT] 2025-08-23 05:00:10 [📅 EVENT NOTIFY] Chargé : messageUpdate
[2025-08-23T03:00:10.790Z] 2025-08-23 05:00:10 [CLIENT DISCORD] Les modules  [32mcommands.js[39m [0m ont correctement été exporté.[0m
[2025-08-23T03:00:10.813Z] [EVENT] 2025-08-23 05:00:10 [📅 EVENT NOTIFY] Chargé : ready
[2025-08-23T03:00:10.814Z] [EVENT] 2025-08-23 05:00:10 [📅 EVENT NOTIFY] Chargé : voiceStateUpdate
[2025-08-23T03:00:10.821Z] [COMMANDS] 2025-08-23 05:00:10 [📌 COMMANDS NOTIFY] Chargée : ban
[2025-08-23T03:00:10.822Z] [COMMANDS] 2025-08-23 05:00:10 [📌 COMMANDS NOTIFY] Chargée : clear
[2025-08-23T03:00:10.824Z] [COMMANDS] 2025-08-23 05:00:10 [📌 COMMANDS NOTIFY] Chargée : createreport
[2025-08-23T03:00:10.826Z] [COMMANDS] 2025-08-23 05:00:10 [📌 COMMANDS NOTIFY] Chargée : div
[2025-08-23T03:00:10.828Z] [COMMANDS] 2025-08-23 05:00:10 [📌 COMMANDS NOTIFY] Chargée : help
[2025-08-23T03:00:10.830Z] [COMMANDS] 2025-08-23 05:00:10 [📌 COMMANDS NOTIFY] Chargée : info
[2025-08-23T03:00:10.832Z] [COMMANDS] 2025-08-23 05:00:10 [📌 COMMANDS NOTIFY] Chargée : infoshift
[2025-08-23T03:00:10.833Z] [COMMANDS] 2025-08-23 05:00:10 [📌 COMMANDS NOTIFY] Chargée : kick
[2025-08-23T03:00:10.835Z] [COMMANDS] 2025-08-23 05:00:10 [📌 COMMANDS NOTIFY] Chargée : mute
[2025-08-23T03:00:10.837Z] [COMMANDS] 2025-08-23 05:00:10 [📌 COMMANDS NOTIFY] Chargée : openservice
[2025-08-23T03:00:10.839Z] [COMMANDS] 2025-08-23 05:00:10 [📌 COMMANDS NOTIFY] Chargée : pex
[2025-08-23T03:00:10.853Z] [COMMANDS] 2025-08-23 05:00:10 [📌 COMMANDS NOTIFY] Chargée : play
[2025-08-23T03:00:10.855Z] [COMMANDS] 2025-08-23 05:00:10 [📌 COMMANDS NOTIFY] Chargée : promote
[2025-08-23T03:00:10.856Z] [COMMANDS] 2025-08-23 05:00:10 [📌 COMMANDS NOTIFY] Chargée : recruit
[2025-08-23T03:00:10.857Z] [COMMANDS] 2025-08-23 05:00:10 [📌 COMMANDS NOTIFY] Chargée : rename
[2025-08-23T03:00:10.858Z] [COMMANDS] 2025-08-23 05:00:10 [📌 COMMANDS NOTIFY] Chargée : role
[2025-08-23T03:00:10.860Z] [COMMANDS] 2025-08-23 05:00:10 [📌 COMMANDS NOTIFY] Chargée : send
[2025-08-23T03:00:10.862Z] [COMMANDS] 2025-08-23 05:00:10 [📌 COMMANDS NOTIFY] Chargée : shift
[2025-08-23T03:00:10.866Z] [COMMANDS] 2025-08-23 05:00:10 [📌 COMMANDS NOTIFY] Chargée : ticket
[2025-08-23T03:00:10.868Z] [COMMANDS] 2025-08-23 05:00:10 [📌 COMMANDS NOTIFY] Chargée : userinfo
[2025-08-23T03:00:10.869Z] [COMMANDS] 2025-08-23 05:00:10 [📌 COMMANDS NOTIFY] Chargée : warn
[2025-08-23T03:00:10.875Z] 2025-08-23 05:00:10 [CLIENT DISCORD] [42m[30mChargement des informations du package.[39m[49m
[42m[30m[39m[49m [46m[PACKAGE][49m [32mAuth. : François 🌸[39m
[32m[39m [46m[PACKAGE][49m [32mDepd. : axios, chalk, cron, discord-html-transcripts, discord-player, discord.js, distube, dotenv, express, express-session, form-data, fs, googleapis, luxon, node-cron, node-fetch, ora, patch, path, pdf-lib, pdfkit, play-dl, readline, rl, uuid[39m
[32m[39m [46m[PACKAGE][49m [32mDesc. : Official Bot Catherine for 911 Community.[39m
[32m[39m [46m[PACKAGE][49m [32mLisc. : ISC[39m
[32m[39m [46m[PACKAGE][49m [32mMain. : index.js[39m
[32m[39m [46m[PACKAGE][49m [32mName. : catherine[39m
[32m[39m [46m[PACKAGE][49m [32mScrp. : {"test":"echo \"Error: no test specified\" && exit 1","start":"node server.js"}[39m
[32m[39m [46m[PACKAGE][49m [32mVers. : 2.1.2[39m
[32m[39m [46m[PACKAGE][49m [32mPatch Note. : **[PN - 07/06]** *Passage 2.0 with new patch (shift, tabs... new commands handler)*[39m
[32m[39m
[2025-08-23T03:00:11.774Z] 2025-08-23 05:00:11 [DEBUG] 📦 Checking version from local...
[2025-08-23T03:00:11.775Z] 2025-08-23 05:00:11 [CLIENT DISCORD] 📦 Nom : catherine
[2025-08-23T03:00:11.775Z] 2025-08-23 05:00:11 [CLIENT DISCORD] 🕒 Version locale : 2.1.2
[2025-08-23T03:00:11.775Z] 2025-08-23 05:00:11 [DEBUG] 🌐 Checking version from GitHub...
[2025-08-23T03:00:12.105Z] 2025-08-23 05:00:12 [CLIENT DISCORD] 📦 Nom GitHub : catherine
[2025-08-23T03:00:12.106Z] 2025-08-23 05:00:12 [CLIENT DISCORD] 🕒 Version distante : 2.1.2
[2025-08-23T03:00:12.108Z] [INFO] 2025-08-23 05:00:12 [ℹ️ INFO NOTIFY] ✅ Les versions sont identiques.
[2025-08-23T03:00:12.108Z] 2025-08-23 05:00:12 [CLIENT DISCORD] [34m==============================[39m
[2025-08-23T03:00:12.109Z] 2025-08-23 05:00:12 [CLIENT DISCORD] [32m🚀 Démarrage du bot...[39m
[2025-08-23T03:00:12.109Z] 2025-08-23 05:00:12 [CLIENT DISCORD] [33m🔗 Connexion à Discord API...[39m
[2025-08-23T03:00:12.109Z] 2025-08-23 05:00:12 [CLIENT DISCORD] [36m✅ Bot RP en ligne ! Connecté en tant que 293 | Catherine#8045[39m
[2025-08-23T03:00:12.109Z] 2025-08-23 05:00:12 [CLIENT DISCORD] [34m==============================[39m
[34m[39m
[2025-08-23T03:00:12.123Z] 2025-08-23 05:00:12 [CLIENT DISCORD] [player] Initialisation du Player terminée.
[2025-08-23T03:00:12.129Z] 2025-08-23 05:00:12 [CLIENT DISCORD] [player] Extracteurs chargés avec succès.
[2025-08-23T03:00:12.129Z] 2025-08-23 05:00:12 [CLIENT DISCORD] 📥 Serveur trouvé : Georgia State Police (GSP)
[2025-08-23T03:00:12.381Z] 2025-08-23 05:00:12 [CLIENT DISCORD] 🔍 Commandes déjà présentes : play, rules, createreport, div, role, info, pex, openservice, infoshift, recruit, help, ban, ticket, shutdown, userinfo, send, clear, kick, warn, mute, rename, shift, promote
[2025-08-23T03:00:12.382Z] 2025-08-23 05:00:12 [WARN] ⚠️ Les commandes sont déjà enregistrées. Lance avec 'debug' pour forcer l'écrasement.
[2025-08-23T03:00:12.383Z] 2025-08-23 05:00:12 [CLIENT DISCORD] 🎮 Statut et activité mis à jour.
[2025-08-23T03:00:12.383Z] 2025-08-23 05:00:12 [CLIENT DISCORD] 📌 Mode de lancement : [33mAucun[39m
[2025-08-23T03:00:12.383Z] 2025-08-23 05:00:12 [CLIENT DISCORD] ✅ Bot prêt en tant que 293 | Catherine#8045
[2025-08-23T06:00:00.184Z] 2025-08-23 08:00:00 [CLIENT DISCORD] [32m🌅 Tâches du matin exécutées ![39m
[2025-08-23T06:00:00.266Z] 2025-08-23 08:00:00 [CLIENT DISCORD] [Cron] 🕒 Démarrage de la régénération automatique de la hiérarchie (tabs)...
[2025-08-23T06:00:00.273Z] 2025-08-23 08:00:00 [CLIENT DISCORD] [Cron] 🕒 Démarrage de la régénération automatique de la hiérarchie... (div)
[2025-08-23T06:00:00.278Z] 2025-08-23 08:00:00 [CLIENT DISCORD] 🔍 Vérification des règles...
[2025-08-23T06:00:00.293Z] 2025-08-23 08:00:00 [DEBUG] 📦 Checking version from local...
[2025-08-23T06:00:00.295Z] 2025-08-23 08:00:00 [CLIENT DISCORD] 📦 Nom : catherine
[2025-08-23T06:00:00.296Z] 2025-08-23 08:00:00 [CLIENT DISCORD] 🕒 Version locale : 2.1.2
[2025-08-23T06:00:00.296Z] 2025-08-23 08:00:00 [DEBUG] 🌐 Checking version from GitHub...
[2025-08-23T06:00:00.344Z] 2025-08-23 08:00:00 [CLIENT DISCORD] ✅ rules_1.txt inchangé, pas de mise à jour.
[2025-08-23T06:00:00.345Z] 2025-08-23 08:00:00 [CLIENT DISCORD] ✅ rules_2.txt inchangé, pas de mise à jour.
[2025-08-23T06:00:00.346Z] 2025-08-23 08:00:00 [CLIENT DISCORD] ✅ Vérification des règles terminée.
[2025-08-23T06:00:00.451Z] 2025-08-23 08:00:00 [CLIENT DISCORD] [EXPORT] access.json mis à jour avec 13 exécutif(s), 3 superviseur(s) et 2 commandement(s)
[2025-08-23T06:00:00.562Z] 2025-08-23 08:00:00 [CLIENT DISCORD] 📦 Nom GitHub : catherine
[2025-08-23T06:00:00.563Z] 2025-08-23 08:00:00 [CLIENT DISCORD] 🕒 Version distante : 2.1.2
[2025-08-23T06:00:00.565Z] [INFO] 2025-08-23 08:00:00 [ℹ️ INFO NOTIFY] ✅ Les versions sont identiques.
[2025-08-23T06:00:01.020Z] [NOTIFY] 2025-08-23 08:00:01 [🟢 SOFT NOTIFY] Message DIV supprimé
[2025-08-23T06:00:01.272Z] [NOTIFY] 2025-08-23 08:00:01 [🟢 SOFT NOTIFY] Message TABS supprimé
[2025-08-23T06:00:04.605Z] 2025-08-23 08:00:04 [CLIENT DISCORD] [✅] Hiérarchie DIV envoyée.
[2025-08-23T06:00:04.608Z] 2025-08-23 08:00:04 [CLIENT DISCORD] [Cron] 🕒 Fin de la régénération automatique de la hiérarchie.
[2025-08-23T06:00:05.053Z] 2025-08-23 08:00:05 [CLIENT DISCORD] [✅] Hiérarchie TABS envoyée.
[2025-08-23T06:00:05.056Z] 2025-08-23 08:00:05 [CLIENT DISCORD] [Cron] 🕒 Fin de la régénération automatique de la hiérarchie.
[2025-08-23T14:00:00.122Z] 2025-08-23 16:00:00 [CLIENT DISCORD] [32m🌇 Tâches du soir exécutées ![39m
[2025-08-23T14:00:00.125Z] 2025-08-23 16:00:00 [CLIENT DISCORD] [Cron] 🕒 Démarrage de la régénération automatique de la hiérarchie (tabs)...
[2025-08-23T14:00:00.128Z] 2025-08-23 16:00:00 [CLIENT DISCORD] [Cron] 🕒 Démarrage de la régénération automatique de la hiérarchie... (div)
[2025-08-23T14:00:00.129Z] 2025-08-23 16:00:00 [CLIENT DISCORD] 🔍 Vérification des règles...
[2025-08-23T14:00:00.138Z] 2025-08-23 16:00:00 [DEBUG] 📦 Checking version from local...
[2025-08-23T14:00:00.139Z] 2025-08-23 16:00:00 [CLIENT DISCORD] 📦 Nom : catherine
[2025-08-23T14:00:00.139Z] 2025-08-23 16:00:00 [CLIENT DISCORD] 🕒 Version locale : 2.1.2
[2025-08-23T14:00:00.140Z] 2025-08-23 16:00:00 [DEBUG] 🌐 Checking version from GitHub...
[2025-08-23T14:00:00.174Z] 2025-08-23 16:00:00 [CLIENT DISCORD] ✅ rules_1.txt inchangé, pas de mise à jour.
[2025-08-23T14:00:00.175Z] 2025-08-23 16:00:00 [CLIENT DISCORD] ✅ rules_2.txt inchangé, pas de mise à jour.
[2025-08-23T14:00:00.177Z] 2025-08-23 16:00:00 [CLIENT DISCORD] ✅ Vérification des règles terminée.
[2025-08-23T14:00:00.244Z] 2025-08-23 16:00:00 [CLIENT DISCORD] [EXPORT] access.json mis à jour avec 13 exécutif(s), 3 superviseur(s) et 2 commandement(s)
[2025-08-23T14:00:00.442Z] 2025-08-23 16:00:00 [CLIENT DISCORD] 📦 Nom GitHub : catherine
[2025-08-23T14:00:00.443Z] 2025-08-23 16:00:00 [CLIENT DISCORD] 🕒 Version distante : 2.1.2
[2025-08-23T14:00:00.443Z] [INFO] 2025-08-23 16:00:00 [ℹ️ INFO NOTIFY] ✅ Les versions sont identiques.
[2025-08-23T14:00:00.454Z] [NOTIFY] 2025-08-23 16:00:00 [🟢 SOFT NOTIFY] Message DIV supprimé
[2025-08-23T14:00:00.778Z] [NOTIFY] 2025-08-23 16:00:00 [🟢 SOFT NOTIFY] Message TABS supprimé
[2025-08-23T14:00:02.550Z] 2025-08-23 16:00:02 [CLIENT DISCORD] [✅] Hiérarchie DIV envoyée.
[2025-08-23T14:00:02.560Z] 2025-08-23 16:00:02 [CLIENT DISCORD] [Cron] 🕒 Fin de la régénération automatique de la hiérarchie.
[2025-08-23T14:00:02.998Z] 2025-08-23 16:00:02 [CLIENT DISCORD] [✅] Hiérarchie TABS envoyée.
[2025-08-23T14:00:03.001Z] 2025-08-23 16:00:02 [CLIENT DISCORD] [Cron] 🕒 Fin de la régénération automatique de la hiérarchie.
