[2025-08-11T03:00:00.157Z] 2025-08-11 05:00:00 [CLIENT DISCORD] [32m🌙 Tâches de la nuit exécutées ![39m
[2025-08-11T03:00:00.190Z] 2025-08-11 05:00:00 [DEBUG] 📦 Checking version from local...
[2025-08-11T03:00:00.194Z] 2025-08-11 05:00:00 [CLIENT DISCORD] 📦 Nom : catherine
[2025-08-11T03:00:00.195Z] 2025-08-11 05:00:00 [CLIENT DISCORD] 🕒 Version locale : 2.1.2
[2025-08-11T03:00:00.196Z] 2025-08-11 05:00:00 [DEBUG] 🌐 Checking version from GitHub...
[2025-08-11T03:00:00.211Z] 2025-08-11 05:00:00 [WARN] [REBOOT] Attention, Catherine redémarre (checker les logs). Instruction reboot.js
[2025-08-11T03:00:09.009Z] 2025-08-11 05:00:08 [CLIENT DISCORD] Les modules [32mloggers[39m ont correctement été exportés.
[2025-08-11T03:00:09.043Z] [EVENT] 2025-08-11 05:00:09 [📅 EVENT NOTIFY] Chargé : guildBanAdd
[2025-08-11T03:00:09.045Z] [EVENT] 2025-08-11 05:00:09 [📅 EVENT NOTIFY] Chargé : guildBanRemove
[2025-08-11T03:00:09.046Z] [EVENT] 2025-08-11 05:00:09 [📅 EVENT NOTIFY] Chargé : guildMemberAdd
[2025-08-11T03:00:09.048Z] [EVENT] 2025-08-11 05:00:09 [📅 EVENT NOTIFY] Chargé : guildMemberRemove
[2025-08-11T03:00:09.051Z] 2025-08-11 05:00:09 [CLIENT DISCORD] Les modules  [32mutils.js[39m [0m ont correctement été exporté.[0m
[2025-08-11T03:00:10.194Z] 2025-08-11 05:00:10 [CLIENT DISCORD] L'interaction  [32mbuttons.js[39m [0m ont correctement été exporté.[0m
[2025-08-11T03:00:10.452Z] 2025-08-11 05:00:10 [CLIENT DISCORD] L'interaction  [32mmodals.js[39m [0m ont correctement été exporté.[0m
[2025-08-11T03:00:10.454Z] [EVENT] 2025-08-11 05:00:10 [📅 EVENT NOTIFY] Chargé : interactionCreate
[2025-08-11T03:00:10.456Z] [EVENT] 2025-08-11 05:00:10 [📅 EVENT NOTIFY] Chargé : messageCreate
[2025-08-11T03:00:10.458Z] [EVENT] 2025-08-11 05:00:10 [📅 EVENT NOTIFY] Chargé : messageDelete
[2025-08-11T03:00:10.460Z] [EVENT] 2025-08-11 05:00:10 [📅 EVENT NOTIFY] Chargé : messageUpdate
[2025-08-11T03:00:10.491Z] 2025-08-11 05:00:10 [CLIENT DISCORD] Les modules  [32mcommands.js[39m [0m ont correctement été exporté.[0m
[2025-08-11T03:00:10.514Z] [EVENT] 2025-08-11 05:00:10 [📅 EVENT NOTIFY] Chargé : ready
[2025-08-11T03:00:10.516Z] [EVENT] 2025-08-11 05:00:10 [📅 EVENT NOTIFY] Chargé : voiceStateUpdate
[2025-08-11T03:00:10.522Z] [COMMANDS] 2025-08-11 05:00:10 [📌 COMMANDS NOTIFY] Chargée : ban
[2025-08-11T03:00:10.524Z] [COMMANDS] 2025-08-11 05:00:10 [📌 COMMANDS NOTIFY] Chargée : clear
[2025-08-11T03:00:10.526Z] [COMMANDS] 2025-08-11 05:00:10 [📌 COMMANDS NOTIFY] Chargée : createreport
[2025-08-11T03:00:10.527Z] [COMMANDS] 2025-08-11 05:00:10 [📌 COMMANDS NOTIFY] Chargée : div
[2025-08-11T03:00:10.529Z] [COMMANDS] 2025-08-11 05:00:10 [📌 COMMANDS NOTIFY] Chargée : help
[2025-08-11T03:00:10.531Z] [COMMANDS] 2025-08-11 05:00:10 [📌 COMMANDS NOTIFY] Chargée : info
[2025-08-11T03:00:10.532Z] [COMMANDS] 2025-08-11 05:00:10 [📌 COMMANDS NOTIFY] Chargée : infoshift
[2025-08-11T03:00:10.534Z] [COMMANDS] 2025-08-11 05:00:10 [📌 COMMANDS NOTIFY] Chargée : kick
[2025-08-11T03:00:10.536Z] [COMMANDS] 2025-08-11 05:00:10 [📌 COMMANDS NOTIFY] Chargée : mute
[2025-08-11T03:00:10.537Z] [COMMANDS] 2025-08-11 05:00:10 [📌 COMMANDS NOTIFY] Chargée : openservice
[2025-08-11T03:00:10.539Z] [COMMANDS] 2025-08-11 05:00:10 [📌 COMMANDS NOTIFY] Chargée : pex
[2025-08-11T03:00:10.557Z] [COMMANDS] 2025-08-11 05:00:10 [📌 COMMANDS NOTIFY] Chargée : play
[2025-08-11T03:00:10.558Z] [COMMANDS] 2025-08-11 05:00:10 [📌 COMMANDS NOTIFY] Chargée : promote
[2025-08-11T03:00:10.561Z] [COMMANDS] 2025-08-11 05:00:10 [📌 COMMANDS NOTIFY] Chargée : recruit
[2025-08-11T03:00:10.562Z] [COMMANDS] 2025-08-11 05:00:10 [📌 COMMANDS NOTIFY] Chargée : rename
[2025-08-11T03:00:10.564Z] [COMMANDS] 2025-08-11 05:00:10 [📌 COMMANDS NOTIFY] Chargée : role
[2025-08-11T03:00:10.565Z] [COMMANDS] 2025-08-11 05:00:10 [📌 COMMANDS NOTIFY] Chargée : send
[2025-08-11T03:00:10.567Z] [COMMANDS] 2025-08-11 05:00:10 [📌 COMMANDS NOTIFY] Chargée : shift
[2025-08-11T03:00:10.570Z] [COMMANDS] 2025-08-11 05:00:10 [📌 COMMANDS NOTIFY] Chargée : ticket
[2025-08-11T03:00:10.572Z] [COMMANDS] 2025-08-11 05:00:10 [📌 COMMANDS NOTIFY] Chargée : userinfo
[2025-08-11T03:00:10.573Z] [COMMANDS] 2025-08-11 05:00:10 [📌 COMMANDS NOTIFY] Chargée : warn
[2025-08-11T03:00:10.578Z] 2025-08-11 05:00:10 [CLIENT DISCORD] [42m[30mChargement des informations du package.[39m[49m
[42m[30m[39m[49m [46m[PACKAGE][49m [32mAuth. : François 🌸[39m
[32m[39m [46m[PACKAGE][49m [32mDepd. : axios, chalk, cron, discord-html-transcripts, discord-player, discord.js, distube, dotenv, express, express-session, form-data, fs, googleapis, luxon, node-cron, node-fetch, ora, patch, path, pdf-lib, pdfkit, play-dl, readline, rl, uuid[39m
[32m[39m [46m[PACKAGE][49m [32mDesc. : Official Bot Catherine for 911 Community.[39m
[32m[39m [46m[PACKAGE][49m [32mLisc. : ISC[39m
[32m[39m [46m[PACKAGE][49m [32mMain. : index.js[39m
[32m[39m [46m[PACKAGE][49m [32mName. : catherine[39m
[32m[39m [46m[PACKAGE][49m [32mScrp. : {"test":"echo \"Error: no test specified\" && exit 1","start":"node server.js"}[39m
[32m[39m [46m[PACKAGE][49m [32mVers. : 2.1.2[39m
[32m[39m [46m[PACKAGE][49m [32mPatch Note. : **[PN - 07/06]** *Passage 2.0 with new patch (shift, tabs... new commands handler)*[39m
[32m[39m
[2025-08-11T03:00:11.535Z] 2025-08-11 05:00:11 [DEBUG] 📦 Checking version from local...
[2025-08-11T03:00:11.536Z] 2025-08-11 05:00:11 [CLIENT DISCORD] 📦 Nom : catherine
[2025-08-11T03:00:11.537Z] 2025-08-11 05:00:11 [CLIENT DISCORD] 🕒 Version locale : 2.1.2
[2025-08-11T03:00:11.538Z] 2025-08-11 05:00:11 [DEBUG] 🌐 Checking version from GitHub...
[2025-08-11T03:00:11.784Z] 2025-08-11 05:00:11 [CLIENT DISCORD] 📦 Nom GitHub : catherine
[2025-08-11T03:00:11.785Z] 2025-08-11 05:00:11 [CLIENT DISCORD] 🕒 Version distante : 2.1.2
[2025-08-11T03:00:11.786Z] [INFO] 2025-08-11 05:00:11 [ℹ️ INFO NOTIFY] ✅ Les versions sont identiques.
[2025-08-11T03:00:11.787Z] 2025-08-11 05:00:11 [CLIENT DISCORD] [34m==============================[39m
[2025-08-11T03:00:11.788Z] 2025-08-11 05:00:11 [CLIENT DISCORD] [32m🚀 Démarrage du bot...[39m
[2025-08-11T03:00:11.789Z] 2025-08-11 05:00:11 [CLIENT DISCORD] [33m🔗 Connexion à Discord API...[39m
[2025-08-11T03:00:11.790Z] 2025-08-11 05:00:11 [CLIENT DISCORD] [36m✅ Bot RP en ligne ! Connecté en tant que 293 | Catherine#8045[39m
[2025-08-11T03:00:11.792Z] 2025-08-11 05:00:11 [CLIENT DISCORD] [34m==============================[39m
[34m[39m
[2025-08-11T03:00:11.801Z] 2025-08-11 05:00:11 [CLIENT DISCORD] [player] Initialisation du Player terminée.
[2025-08-11T03:00:11.805Z] 2025-08-11 05:00:11 [CLIENT DISCORD] [player] Extracteurs chargés avec succès.
[2025-08-11T03:00:11.806Z] 2025-08-11 05:00:11 [CLIENT DISCORD] 📥 Serveur trouvé : Georgia State Police (GSP)
[2025-08-11T03:00:12.023Z] 2025-08-11 05:00:12 [CLIENT DISCORD] 🔍 Commandes déjà présentes : play, rules, createreport, div, role, info, pex, openservice, infoshift, recruit, help, ban, ticket, shutdown, userinfo, send, clear, kick, warn, mute, rename, shift, promote
[2025-08-11T03:00:12.024Z] 2025-08-11 05:00:12 [WARN] ⚠️ Les commandes sont déjà enregistrées. Lance avec 'debug' pour forcer l'écrasement.
[2025-08-11T03:00:12.024Z] 2025-08-11 05:00:12 [CLIENT DISCORD] 🎮 Statut et activité mis à jour.
[2025-08-11T03:00:12.024Z] 2025-08-11 05:00:12 [CLIENT DISCORD] 📌 Mode de lancement : [33mAucun[39m
[2025-08-11T03:00:12.025Z] 2025-08-11 05:00:12 [CLIENT DISCORD] ✅ Bot prêt en tant que 293 | Catherine#8045
[2025-08-11T06:00:00.167Z] 2025-08-11 08:00:00 [CLIENT DISCORD] [32m🌅 Tâches du matin exécutées ![39m
[2025-08-11T06:00:00.207Z] 2025-08-11 08:00:00 [CLIENT DISCORD] [Cron] 🕒 Démarrage de la régénération automatique de la hiérarchie (tabs)...
[2025-08-11T06:00:00.214Z] 2025-08-11 08:00:00 [CLIENT DISCORD] [Cron] 🕒 Démarrage de la régénération automatique de la hiérarchie... (div)
[2025-08-11T06:00:00.217Z] 2025-08-11 08:00:00 [CLIENT DISCORD] 🔍 Vérification des règles...
[2025-08-11T06:00:00.235Z] 2025-08-11 08:00:00 [DEBUG] 📦 Checking version from local...
[2025-08-11T06:00:00.238Z] 2025-08-11 08:00:00 [CLIENT DISCORD] 📦 Nom : catherine
[2025-08-11T06:00:00.238Z] 2025-08-11 08:00:00 [CLIENT DISCORD] 🕒 Version locale : 2.1.2
[2025-08-11T06:00:00.239Z] 2025-08-11 08:00:00 [DEBUG] 🌐 Checking version from GitHub...
[2025-08-11T06:00:00.333Z] 2025-08-11 08:00:00 [CLIENT DISCORD] ✅ rules_1.txt inchangé, pas de mise à jour.
[2025-08-11T06:00:00.335Z] 2025-08-11 08:00:00 [CLIENT DISCORD] ✅ rules_2.txt inchangé, pas de mise à jour.
[2025-08-11T06:00:00.336Z] 2025-08-11 08:00:00 [CLIENT DISCORD] ✅ Vérification des règles terminée.
[2025-08-11T06:00:00.439Z] 2025-08-11 08:00:00 [CLIENT DISCORD] [EXPORT] access.json mis à jour avec 13 exécutif(s), 3 superviseur(s) et 2 commandement(s)
[2025-08-11T06:00:00.757Z] 2025-08-11 08:00:00 [CLIENT DISCORD] 📦 Nom GitHub : catherine
[2025-08-11T06:00:00.758Z] 2025-08-11 08:00:00 [CLIENT DISCORD] 🕒 Version distante : 2.1.2
[2025-08-11T06:00:00.760Z] [INFO] 2025-08-11 08:00:00 [ℹ️ INFO NOTIFY] ✅ Les versions sont identiques.
[2025-08-11T06:00:00.880Z] [NOTIFY] 2025-08-11 08:00:00 [🟢 SOFT NOTIFY] Message DIV supprimé
[2025-08-11T06:00:01.299Z] [NOTIFY] 2025-08-11 08:00:01 [🟢 SOFT NOTIFY] Message TABS supprimé
[2025-08-11T06:00:04.773Z] 2025-08-11 08:00:04 [CLIENT DISCORD] [✅] Hiérarchie DIV envoyée.
[2025-08-11T06:00:04.776Z] 2025-08-11 08:00:04 [CLIENT DISCORD] [Cron] 🕒 Fin de la régénération automatique de la hiérarchie.
[2025-08-11T06:00:05.369Z] 2025-08-11 08:00:05 [CLIENT DISCORD] [✅] Hiérarchie TABS envoyée.
[2025-08-11T06:00:05.369Z] 2025-08-11 08:00:05 [CLIENT DISCORD] [Cron] 🕒 Fin de la régénération automatique de la hiérarchie.
[2025-08-11T14:00:00.147Z] 2025-08-11 16:00:00 [CLIENT DISCORD] [32m🌇 Tâches du soir exécutées ![39m
[2025-08-11T14:00:00.167Z] 2025-08-11 16:00:00 [CLIENT DISCORD] [Cron] 🕒 Démarrage de la régénération automatique de la hiérarchie (tabs)...
[2025-08-11T14:00:00.170Z] 2025-08-11 16:00:00 [CLIENT DISCORD] [Cron] 🕒 Démarrage de la régénération automatique de la hiérarchie... (div)
[2025-08-11T14:00:00.171Z] 2025-08-11 16:00:00 [CLIENT DISCORD] 🔍 Vérification des règles...
[2025-08-11T14:00:00.180Z] 2025-08-11 16:00:00 [DEBUG] 📦 Checking version from local...
[2025-08-11T14:00:00.183Z] 2025-08-11 16:00:00 [CLIENT DISCORD] 📦 Nom : catherine
[2025-08-11T14:00:00.187Z] 2025-08-11 16:00:00 [CLIENT DISCORD] 🕒 Version locale : 2.1.2
[2025-08-11T14:00:00.187Z] 2025-08-11 16:00:00 [DEBUG] 🌐 Checking version from GitHub...
[2025-08-11T14:00:00.236Z] 2025-08-11 16:00:00 [CLIENT DISCORD] ✅ rules_1.txt inchangé, pas de mise à jour.
[2025-08-11T14:00:00.237Z] 2025-08-11 16:00:00 [CLIENT DISCORD] ✅ rules_2.txt inchangé, pas de mise à jour.
[2025-08-11T14:00:00.237Z] 2025-08-11 16:00:00 [CLIENT DISCORD] ✅ Vérification des règles terminée.
[2025-08-11T14:00:00.308Z] 2025-08-11 16:00:00 [CLIENT DISCORD] [EXPORT] access.json mis à jour avec 13 exécutif(s), 3 superviseur(s) et 2 commandement(s)
[2025-08-11T14:00:00.509Z] 2025-08-11 16:00:00 [CLIENT DISCORD] 📦 Nom GitHub : catherine
[2025-08-11T14:00:00.511Z] 2025-08-11 16:00:00 [CLIENT DISCORD] 🕒 Version distante : 2.1.2
[2025-08-11T14:00:00.512Z] [INFO] 2025-08-11 16:00:00 [ℹ️ INFO NOTIFY] ✅ Les versions sont identiques.
[2025-08-11T14:00:00.603Z] [NOTIFY] 2025-08-11 16:00:00 [🟢 SOFT NOTIFY] Message DIV supprimé
[2025-08-11T14:00:00.883Z] [NOTIFY] 2025-08-11 16:00:00 [🟢 SOFT NOTIFY] Message TABS supprimé
[2025-08-11T14:00:02.003Z] 2025-08-11 16:00:02 [CLIENT DISCORD] [✅] Hiérarchie DIV envoyée.
[2025-08-11T14:00:02.007Z] 2025-08-11 16:00:02 [CLIENT DISCORD] [Cron] 🕒 Fin de la régénération automatique de la hiérarchie.
[2025-08-11T14:00:02.336Z] 2025-08-11 16:00:02 [CLIENT DISCORD] [✅] Hiérarchie TABS envoyée.
[2025-08-11T14:00:02.341Z] 2025-08-11 16:00:02 [CLIENT DISCORD] [Cron] 🕒 Fin de la régénération automatique de la hiérarchie.
