[2025-07-21T03:00:00.126Z] 2025-07-21 05:00:00 [CLIENT DISCORD] [32m🌙 Tâches de la nuit exécutées ![39m
[2025-07-21T03:00:00.158Z] 2025-07-21 05:00:00 [DEBUG] 📦 Checking version from local...
[2025-07-21T03:00:00.160Z] 2025-07-21 05:00:00 [CLIENT DISCORD] 📦 Nom : catherine
[2025-07-21T03:00:00.162Z] 2025-07-21 05:00:00 [CLIENT DISCORD] 🕒 Version locale : 2.1.2
[2025-07-21T03:00:00.163Z] 2025-07-21 05:00:00 [DEBUG] 🌐 Checking version from GitHub...
[2025-07-21T03:00:00.169Z] 2025-07-21 05:00:00 [WARN] [REBOOT] Attention, Catherine redémarre (checker les logs). Instruction reboot.js
[2025-07-21T03:00:09.509Z] 2025-07-21 05:00:09 [CLIENT DISCORD] Les modules [32mloggers[39m ont correctement été exportés.
[2025-07-21T03:00:09.545Z] [EVENT] 2025-07-21 05:00:09 [📅 EVENT NOTIFY] Chargé : guildBanAdd
[2025-07-21T03:00:09.547Z] [EVENT] 2025-07-21 05:00:09 [📅 EVENT NOTIFY] Chargé : guildBanRemove
[2025-07-21T03:00:09.549Z] [EVENT] 2025-07-21 05:00:09 [📅 EVENT NOTIFY] Chargé : guildMemberAdd
[2025-07-21T03:00:09.551Z] [EVENT] 2025-07-21 05:00:09 [📅 EVENT NOTIFY] Chargé : guildMemberRemove
[2025-07-21T03:00:09.555Z] 2025-07-21 05:00:09 [CLIENT DISCORD] Les modules  [32mutils.js[39m [0m ont correctement été exporté.[0m
[2025-07-21T03:00:10.548Z] 2025-07-21 05:00:10 [CLIENT DISCORD] L'interaction  [32mbuttons.js[39m [0m ont correctement été exporté.[0m
[2025-07-21T03:00:10.703Z] 2025-07-21 05:00:10 [CLIENT DISCORD] L'interaction  [32mmodals.js[39m [0m ont correctement été exporté.[0m
[2025-07-21T03:00:10.706Z] [EVENT] 2025-07-21 05:00:10 [📅 EVENT NOTIFY] Chargé : interactionCreate
[2025-07-21T03:00:10.709Z] [EVENT] 2025-07-21 05:00:10 [📅 EVENT NOTIFY] Chargé : messageCreate
[2025-07-21T03:00:10.712Z] [EVENT] 2025-07-21 05:00:10 [📅 EVENT NOTIFY] Chargé : messageDelete
[2025-07-21T03:00:10.714Z] [EVENT] 2025-07-21 05:00:10 [📅 EVENT NOTIFY] Chargé : messageUpdate
[2025-07-21T03:00:10.751Z] 2025-07-21 05:00:10 [CLIENT DISCORD] Les modules  [32mcommands.js[39m [0m ont correctement été exporté.[0m
[2025-07-21T03:00:10.780Z] [EVENT] 2025-07-21 05:00:10 [📅 EVENT NOTIFY] Chargé : ready
[2025-07-21T03:00:10.782Z] [EVENT] 2025-07-21 05:00:10 [📅 EVENT NOTIFY] Chargé : voiceStateUpdate
[2025-07-21T03:00:10.789Z] [COMMANDS] 2025-07-21 05:00:10 [📌 COMMANDS NOTIFY] Chargée : ban
[2025-07-21T03:00:10.791Z] [COMMANDS] 2025-07-21 05:00:10 [📌 COMMANDS NOTIFY] Chargée : clear
[2025-07-21T03:00:10.794Z] [COMMANDS] 2025-07-21 05:00:10 [📌 COMMANDS NOTIFY] Chargée : createreport
[2025-07-21T03:00:10.797Z] [COMMANDS] 2025-07-21 05:00:10 [📌 COMMANDS NOTIFY] Chargée : div
[2025-07-21T03:00:10.799Z] [COMMANDS] 2025-07-21 05:00:10 [📌 COMMANDS NOTIFY] Chargée : help
[2025-07-21T03:00:10.801Z] [COMMANDS] 2025-07-21 05:00:10 [📌 COMMANDS NOTIFY] Chargée : info
[2025-07-21T03:00:10.804Z] [COMMANDS] 2025-07-21 05:00:10 [📌 COMMANDS NOTIFY] Chargée : infoshift
[2025-07-21T03:00:10.806Z] [COMMANDS] 2025-07-21 05:00:10 [📌 COMMANDS NOTIFY] Chargée : kick
[2025-07-21T03:00:10.809Z] [COMMANDS] 2025-07-21 05:00:10 [📌 COMMANDS NOTIFY] Chargée : mute
[2025-07-21T03:00:10.813Z] [COMMANDS] 2025-07-21 05:00:10 [📌 COMMANDS NOTIFY] Chargée : openservice
[2025-07-21T03:00:10.816Z] [COMMANDS] 2025-07-21 05:00:10 [📌 COMMANDS NOTIFY] Chargée : pex
[2025-07-21T03:00:10.866Z] [COMMANDS] 2025-07-21 05:00:10 [📌 COMMANDS NOTIFY] Chargée : play
[2025-07-21T03:00:10.868Z] [COMMANDS] 2025-07-21 05:00:10 [📌 COMMANDS NOTIFY] Chargée : promote
[2025-07-21T03:00:10.870Z] [COMMANDS] 2025-07-21 05:00:10 [📌 COMMANDS NOTIFY] Chargée : recruit
[2025-07-21T03:00:10.872Z] [COMMANDS] 2025-07-21 05:00:10 [📌 COMMANDS NOTIFY] Chargée : rename
[2025-07-21T03:00:10.874Z] [COMMANDS] 2025-07-21 05:00:10 [📌 COMMANDS NOTIFY] Chargée : role
[2025-07-21T03:00:10.876Z] [COMMANDS] 2025-07-21 05:00:10 [📌 COMMANDS NOTIFY] Chargée : send
[2025-07-21T03:00:10.879Z] [COMMANDS] 2025-07-21 05:00:10 [📌 COMMANDS NOTIFY] Chargée : shift
[2025-07-21T03:00:10.884Z] [COMMANDS] 2025-07-21 05:00:10 [📌 COMMANDS NOTIFY] Chargée : ticket
[2025-07-21T03:00:10.887Z] [COMMANDS] 2025-07-21 05:00:10 [📌 COMMANDS NOTIFY] Chargée : userinfo
[2025-07-21T03:00:10.889Z] [COMMANDS] 2025-07-21 05:00:10 [📌 COMMANDS NOTIFY] Chargée : warn
[2025-07-21T03:00:10.896Z] 2025-07-21 05:00:10 [CLIENT DISCORD] [42m[30mChargement des informations du package.[39m[49m
[42m[30m[39m[49m [46m[PACKAGE][49m [32mAuth. : François 🌸[39m
[32m[39m [46m[PACKAGE][49m [32mDepd. : axios, chalk, cron, discord-html-transcripts, discord-player, discord.js, distube, dotenv, express, express-session, form-data, fs, googleapis, luxon, node-cron, node-fetch, ora, patch, path, pdf-lib, pdfkit, play-dl, readline, rl, uuid[39m
[32m[39m [46m[PACKAGE][49m [32mDesc. : Official Bot Catherine for 911 Community.[39m
[32m[39m [46m[PACKAGE][49m [32mLisc. : ISC[39m
[32m[39m [46m[PACKAGE][49m [32mMain. : index.js[39m
[32m[39m [46m[PACKAGE][49m [32mName. : catherine[39m
[32m[39m [46m[PACKAGE][49m [32mScrp. : {"test":"echo \"Error: no test specified\" && exit 1","start":"node server.js"}[39m
[32m[39m [46m[PACKAGE][49m [32mVers. : 2.1.2[39m
[32m[39m [46m[PACKAGE][49m [32mPatch Note. : **[PN - 07/06]** *Passage 2.0 with new patch (shift, tabs... new commands handler)*[39m
[32m[39m
[2025-07-21T03:00:11.718Z] 2025-07-21 05:00:11 [DEBUG] 📦 Checking version from local...
[2025-07-21T03:00:11.719Z] 2025-07-21 05:00:11 [CLIENT DISCORD] 📦 Nom : catherine
[2025-07-21T03:00:11.719Z] 2025-07-21 05:00:11 [CLIENT DISCORD] 🕒 Version locale : 2.1.2
[2025-07-21T03:00:11.719Z] 2025-07-21 05:00:11 [DEBUG] 🌐 Checking version from GitHub...
[2025-07-21T03:00:11.933Z] 2025-07-21 05:00:11 [CLIENT DISCORD] 📦 Nom GitHub : catherine
[2025-07-21T03:00:11.934Z] 2025-07-21 05:00:11 [CLIENT DISCORD] 🕒 Version distante : 2.1.2
[2025-07-21T03:00:11.934Z] [INFO] 2025-07-21 05:00:11 [ℹ️ INFO NOTIFY] ✅ Les versions sont identiques.
[2025-07-21T03:00:11.934Z] 2025-07-21 05:00:11 [CLIENT DISCORD] [34m==============================[39m
[2025-07-21T03:00:11.934Z] 2025-07-21 05:00:11 [CLIENT DISCORD] [32m🚀 Démarrage du bot...[39m
[2025-07-21T03:00:11.934Z] 2025-07-21 05:00:11 [CLIENT DISCORD] [33m🔗 Connexion à Discord API...[39m
[2025-07-21T03:00:11.935Z] 2025-07-21 05:00:11 [CLIENT DISCORD] [36m✅ Bot RP en ligne ! Connecté en tant que 293 | Catherine#8045[39m
[2025-07-21T03:00:11.935Z] 2025-07-21 05:00:11 [CLIENT DISCORD] [34m==============================[39m
[34m[39m
[2025-07-21T03:00:11.944Z] 2025-07-21 05:00:11 [CLIENT DISCORD] [player] Initialisation du Player terminée.
[2025-07-21T03:00:11.947Z] 2025-07-21 05:00:11 [CLIENT DISCORD] [player] Extracteurs chargés avec succès.
[2025-07-21T03:00:11.948Z] 2025-07-21 05:00:11 [CLIENT DISCORD] 📥 Serveur trouvé : Georgia State Police (GSP)
[2025-07-21T03:00:12.121Z] 2025-07-21 05:00:12 [CLIENT DISCORD] 🔍 Commandes déjà présentes : play, rules, createreport, div, role, info, pex, openservice, infoshift, recruit, help, ban, ticket, shutdown, userinfo, send, clear, kick, warn, mute, rename, shift, promote
[2025-07-21T03:00:12.122Z] 2025-07-21 05:00:12 [WARN] ⚠️ Les commandes sont déjà enregistrées. Lance avec 'debug' pour forcer l'écrasement.
[2025-07-21T03:00:12.123Z] 2025-07-21 05:00:12 [CLIENT DISCORD] 🎮 Statut et activité mis à jour.
[2025-07-21T03:00:12.123Z] 2025-07-21 05:00:12 [CLIENT DISCORD] 📌 Mode de lancement : [33mAucun[39m
[2025-07-21T03:00:12.123Z] 2025-07-21 05:00:12 [CLIENT DISCORD] ✅ Bot prêt en tant que 293 | Catherine#8045
[2025-07-21T06:00:00.164Z] 2025-07-21 08:00:00 [CLIENT DISCORD] [32m🌅 Tâches du matin exécutées ![39m
[2025-07-21T06:00:00.206Z] 2025-07-21 08:00:00 [CLIENT DISCORD] [Cron] 🕒 Démarrage de la régénération automatique de la hiérarchie (tabs)...
[2025-07-21T06:00:00.218Z] 2025-07-21 08:00:00 [CLIENT DISCORD] [Cron] 🕒 Démarrage de la régénération automatique de la hiérarchie... (div)
[2025-07-21T06:00:00.224Z] 2025-07-21 08:00:00 [CLIENT DISCORD] 🔍 Vérification des règles...
[2025-07-21T06:00:00.247Z] 2025-07-21 08:00:00 [DEBUG] 📦 Checking version from local...
[2025-07-21T06:00:00.248Z] 2025-07-21 08:00:00 [CLIENT DISCORD] 📦 Nom : catherine
[2025-07-21T06:00:00.249Z] 2025-07-21 08:00:00 [CLIENT DISCORD] 🕒 Version locale : 2.1.2
[2025-07-21T06:00:00.249Z] 2025-07-21 08:00:00 [DEBUG] 🌐 Checking version from GitHub...
[2025-07-21T06:00:00.352Z] 2025-07-21 08:00:00 [CLIENT DISCORD] ✅ rules_1.txt inchangé, pas de mise à jour.
[2025-07-21T06:00:00.354Z] 2025-07-21 08:00:00 [CLIENT DISCORD] ✅ rules_2.txt inchangé, pas de mise à jour.
[2025-07-21T06:00:00.356Z] 2025-07-21 08:00:00 [CLIENT DISCORD] ✅ Vérification des règles terminée.
[2025-07-21T06:00:00.425Z] 2025-07-21 08:00:00 [CLIENT DISCORD] [EXPORT] access.json mis à jour avec 13 exécutif(s), 3 superviseur(s) et 2 commandement(s)
[2025-07-21T06:00:00.591Z] 2025-07-21 08:00:00 [CLIENT DISCORD] 📦 Nom GitHub : catherine
[2025-07-21T06:00:00.592Z] 2025-07-21 08:00:00 [CLIENT DISCORD] 🕒 Version distante : 2.1.2
[2025-07-21T06:00:00.593Z] [INFO] 2025-07-21 08:00:00 [ℹ️ INFO NOTIFY] ✅ Les versions sont identiques.
[2025-07-21T06:00:01.012Z] [NOTIFY] 2025-07-21 08:00:01 [🟢 SOFT NOTIFY] Message DIV supprimé
[2025-07-21T06:00:01.327Z] [NOTIFY] 2025-07-21 08:00:01 [🟢 SOFT NOTIFY] Message TABS supprimé
[2025-07-21T06:00:02.703Z] 2025-07-21 08:00:02 [CLIENT DISCORD] [✅] Hiérarchie DIV envoyée.
[2025-07-21T06:00:02.705Z] 2025-07-21 08:00:02 [CLIENT DISCORD] [Cron] 🕒 Fin de la régénération automatique de la hiérarchie.
[2025-07-21T06:00:03.338Z] 2025-07-21 08:00:03 [CLIENT DISCORD] [✅] Hiérarchie TABS envoyée.
[2025-07-21T06:00:03.341Z] 2025-07-21 08:00:03 [CLIENT DISCORD] [Cron] 🕒 Fin de la régénération automatique de la hiérarchie.
[2025-07-21T14:00:00.109Z] 2025-07-21 16:00:00 [CLIENT DISCORD] [32m🌇 Tâches du soir exécutées ![39m
[2025-07-21T14:00:00.114Z] 2025-07-21 16:00:00 [CLIENT DISCORD] [Cron] 🕒 Démarrage de la régénération automatique de la hiérarchie (tabs)...
[2025-07-21T14:00:00.116Z] 2025-07-21 16:00:00 [CLIENT DISCORD] [Cron] 🕒 Démarrage de la régénération automatique de la hiérarchie... (div)
[2025-07-21T14:00:00.116Z] 2025-07-21 16:00:00 [CLIENT DISCORD] 🔍 Vérification des règles...
[2025-07-21T14:00:00.123Z] 2025-07-21 16:00:00 [DEBUG] 📦 Checking version from local...
[2025-07-21T14:00:00.124Z] 2025-07-21 16:00:00 [CLIENT DISCORD] 📦 Nom : catherine
[2025-07-21T14:00:00.124Z] 2025-07-21 16:00:00 [CLIENT DISCORD] 🕒 Version locale : 2.1.2
[2025-07-21T14:00:00.124Z] 2025-07-21 16:00:00 [DEBUG] 🌐 Checking version from GitHub...
[2025-07-21T14:00:00.155Z] 2025-07-21 16:00:00 [CLIENT DISCORD] ✅ rules_1.txt inchangé, pas de mise à jour.
[2025-07-21T14:00:00.156Z] 2025-07-21 16:00:00 [CLIENT DISCORD] ✅ rules_2.txt inchangé, pas de mise à jour.
[2025-07-21T14:00:00.157Z] 2025-07-21 16:00:00 [CLIENT DISCORD] ✅ Vérification des règles terminée.
[2025-07-21T14:00:00.236Z] 2025-07-21 16:00:00 [CLIENT DISCORD] [EXPORT] access.json mis à jour avec 13 exécutif(s), 3 superviseur(s) et 2 commandement(s)
[2025-07-21T14:00:00.429Z] 2025-07-21 16:00:00 [CLIENT DISCORD] 📦 Nom GitHub : catherine
[2025-07-21T14:00:00.431Z] 2025-07-21 16:00:00 [CLIENT DISCORD] 🕒 Version distante : 2.1.2
[2025-07-21T14:00:00.432Z] [INFO] 2025-07-21 16:00:00 [ℹ️ INFO NOTIFY] ✅ Les versions sont identiques.
[2025-07-21T14:00:00.795Z] 2025-07-21 16:00:00 [CLIENT DISCORD] ✅ Données écrites dans config.json
[2025-07-21T14:00:01.088Z] [NOTIFY] 2025-07-21 16:00:01 [🟢 SOFT NOTIFY] Message DIV supprimé
[2025-07-21T14:00:01.303Z] [NOTIFY] 2025-07-21 16:00:01 [🟢 SOFT NOTIFY] Message TABS supprimé
[2025-07-21T14:00:01.874Z] 2025-07-21 16:00:01 [CLIENT DISCORD] [✅] Hiérarchie DIV envoyée.
[2025-07-21T14:00:01.881Z] 2025-07-21 16:00:01 [CLIENT DISCORD] [Cron] 🕒 Fin de la régénération automatique de la hiérarchie.
[2025-07-21T14:00:02.290Z] 2025-07-21 16:00:02 [CLIENT DISCORD] [✅] Hiérarchie TABS envoyée.
[2025-07-21T14:00:02.291Z] 2025-07-21 16:00:02 [CLIENT DISCORD] [Cron] 🕒 Fin de la régénération automatique de la hiérarchie.
[2025-07-21T17:33:04.743Z] 2025-07-21 19:33:04 [CLIENT DISCORD] 🔵 Interaction détectée : maybe
[2025-07-21T17:33:04.750Z] 2025-07-21 19:33:04 [CLIENT DISCORD] 🟢 clientData trouvé : {
  "messageId": "1396854228345032938",
  "participants": {
    "yes": [],
    "no": [],
    "maybe": []
  }
}
[2025-07-21T17:33:04.751Z] 2025-07-21 19:33:04 [CLIENT DISCORD] 📌 ID du message enregistré : 1396854228345032938
[2025-07-21T17:33:04.751Z] 2025-07-21 19:33:04 [CLIENT DISCORD] 📌 ID du message de l'interaction : 1396854228345032938
[2025-07-21T17:33:04.752Z] 2025-07-21 19:33:04 [CLIENT DISCORD] 🟢 Avant modification des participants : {
  "yes": [],
  "no": [],
  "maybe": []
}
[2025-07-21T17:33:04.752Z] 2025-07-21 19:33:04 [CLIENT DISCORD] 🟢 Après modification des participants : {
  "yes": [],
  "no": [],
  "maybe": [
    "993 | Sean Lennon"
  ]
}
[2025-07-21T17:33:04.754Z] 2025-07-21 19:33:04 [CLIENT DISCORD] 🟢 Embed mis à jour : {
  "title": "Qui sera présent ce soir ?",
  "description": "Veuillez indiquer votre présence en appuyant sur un bouton ci-dessous.",
  "color": 44678,
  "fields": [
    {
      "name": "✅ Oui",
      "value": "Aucun",
      "inline": true
    },
    {
      "name": "❌ Non",
      "value": "Aucun",
      "inline": true
    },
    {
      "name": "🤔 Peut-être",
      "value": "`993 | Sean Lennon`",
      "inline": true
    }
  ]
}
[2025-07-21T17:33:05.229Z] 2025-07-21 19:33:05 [CLIENT DISCORD] [BUTTON] francois.piano a exécuté l'interaction bouton maybe dans 1347963262892904469
