[2025-08-12T03:00:00.189Z] 2025-08-12 05:00:00 [CLIENT DISCORD] [32m🌙 Tâches de la nuit exécutées ![39m
[2025-08-12T03:00:00.242Z] 2025-08-12 05:00:00 [DEBUG] 📦 Checking version from local...
[2025-08-12T03:00:00.244Z] 2025-08-12 05:00:00 [CLIENT DISCORD] 📦 Nom : catherine
[2025-08-12T03:00:00.245Z] 2025-08-12 05:00:00 [CLIENT DISCORD] 🕒 Version locale : 2.1.2
[2025-08-12T03:00:00.246Z] 2025-08-12 05:00:00 [DEBUG] 🌐 Checking version from GitHub...
[2025-08-12T03:00:00.293Z] 2025-08-12 05:00:00 [WARN] [REBOOT] Attention, Catherine redémarre (checker les logs). Instruction reboot.js
[2025-08-12T03:00:09.383Z] 2025-08-12 05:00:09 [CLIENT DISCORD] Les modules [32mloggers[39m ont correctement été exportés.
[2025-08-12T03:00:09.425Z] [EVENT] 2025-08-12 05:00:09 [📅 EVENT NOTIFY] Chargé : guildBanAdd
[2025-08-12T03:00:09.427Z] [EVENT] 2025-08-12 05:00:09 [📅 EVENT NOTIFY] Chargé : guildBanRemove
[2025-08-12T03:00:09.429Z] [EVENT] 2025-08-12 05:00:09 [📅 EVENT NOTIFY] Chargé : guildMemberAdd
[2025-08-12T03:00:09.431Z] [EVENT] 2025-08-12 05:00:09 [📅 EVENT NOTIFY] Chargé : guildMemberRemove
[2025-08-12T03:00:09.436Z] 2025-08-12 05:00:09 [CLIENT DISCORD] Les modules  [32mutils.js[39m [0m ont correctement été exporté.[0m
[2025-08-12T03:00:10.681Z] 2025-08-12 05:00:10 [CLIENT DISCORD] L'interaction  [32mbuttons.js[39m [0m ont correctement été exporté.[0m
[2025-08-12T03:00:11.113Z] 2025-08-12 05:00:11 [CLIENT DISCORD] L'interaction  [32mmodals.js[39m [0m ont correctement été exporté.[0m
[2025-08-12T03:00:11.113Z] [EVENT] 2025-08-12 05:00:11 [📅 EVENT NOTIFY] Chargé : interactionCreate
[2025-08-12T03:00:11.116Z] [EVENT] 2025-08-12 05:00:11 [📅 EVENT NOTIFY] Chargé : messageCreate
[2025-08-12T03:00:11.119Z] [EVENT] 2025-08-12 05:00:11 [📅 EVENT NOTIFY] Chargé : messageDelete
[2025-08-12T03:00:11.120Z] [EVENT] 2025-08-12 05:00:11 [📅 EVENT NOTIFY] Chargé : messageUpdate
[2025-08-12T03:00:11.145Z] 2025-08-12 05:00:11 [CLIENT DISCORD] Les modules  [32mcommands.js[39m [0m ont correctement été exporté.[0m
[2025-08-12T03:00:11.190Z] [EVENT] 2025-08-12 05:00:11 [📅 EVENT NOTIFY] Chargé : ready
[2025-08-12T03:00:11.191Z] [EVENT] 2025-08-12 05:00:11 [📅 EVENT NOTIFY] Chargé : voiceStateUpdate
[2025-08-12T03:00:11.201Z] [COMMANDS] 2025-08-12 05:00:11 [📌 COMMANDS NOTIFY] Chargée : ban
[2025-08-12T03:00:11.202Z] [COMMANDS] 2025-08-12 05:00:11 [📌 COMMANDS NOTIFY] Chargée : clear
[2025-08-12T03:00:11.206Z] [COMMANDS] 2025-08-12 05:00:11 [📌 COMMANDS NOTIFY] Chargée : createreport
[2025-08-12T03:00:11.210Z] [COMMANDS] 2025-08-12 05:00:11 [📌 COMMANDS NOTIFY] Chargée : div
[2025-08-12T03:00:11.214Z] [COMMANDS] 2025-08-12 05:00:11 [📌 COMMANDS NOTIFY] Chargée : help
[2025-08-12T03:00:11.216Z] [COMMANDS] 2025-08-12 05:00:11 [📌 COMMANDS NOTIFY] Chargée : info
[2025-08-12T03:00:11.219Z] [COMMANDS] 2025-08-12 05:00:11 [📌 COMMANDS NOTIFY] Chargée : infoshift
[2025-08-12T03:00:11.222Z] [COMMANDS] 2025-08-12 05:00:11 [📌 COMMANDS NOTIFY] Chargée : kick
[2025-08-12T03:00:11.224Z] [COMMANDS] 2025-08-12 05:00:11 [📌 COMMANDS NOTIFY] Chargée : mute
[2025-08-12T03:00:11.227Z] [COMMANDS] 2025-08-12 05:00:11 [📌 COMMANDS NOTIFY] Chargée : openservice
[2025-08-12T03:00:11.231Z] [COMMANDS] 2025-08-12 05:00:11 [📌 COMMANDS NOTIFY] Chargée : pex
[2025-08-12T03:00:11.258Z] [COMMANDS] 2025-08-12 05:00:11 [📌 COMMANDS NOTIFY] Chargée : play
[2025-08-12T03:00:11.262Z] [COMMANDS] 2025-08-12 05:00:11 [📌 COMMANDS NOTIFY] Chargée : promote
[2025-08-12T03:00:11.268Z] [COMMANDS] 2025-08-12 05:00:11 [📌 COMMANDS NOTIFY] Chargée : recruit
[2025-08-12T03:00:11.270Z] [COMMANDS] 2025-08-12 05:00:11 [📌 COMMANDS NOTIFY] Chargée : rename
[2025-08-12T03:00:11.273Z] [COMMANDS] 2025-08-12 05:00:11 [📌 COMMANDS NOTIFY] Chargée : role
[2025-08-12T03:00:11.275Z] [COMMANDS] 2025-08-12 05:00:11 [📌 COMMANDS NOTIFY] Chargée : send
[2025-08-12T03:00:11.278Z] [COMMANDS] 2025-08-12 05:00:11 [📌 COMMANDS NOTIFY] Chargée : shift
[2025-08-12T03:00:11.285Z] [COMMANDS] 2025-08-12 05:00:11 [📌 COMMANDS NOTIFY] Chargée : ticket
[2025-08-12T03:00:11.288Z] [COMMANDS] 2025-08-12 05:00:11 [📌 COMMANDS NOTIFY] Chargée : userinfo
[2025-08-12T03:00:11.291Z] [COMMANDS] 2025-08-12 05:00:11 [📌 COMMANDS NOTIFY] Chargée : warn
[2025-08-12T03:00:11.297Z] 2025-08-12 05:00:11 [CLIENT DISCORD] [42m[30mChargement des informations du package.[39m[49m
[42m[30m[39m[49m [46m[PACKAGE][49m [32mAuth. : François 🌸[39m
[32m[39m [46m[PACKAGE][49m [32mDepd. : axios, chalk, cron, discord-html-transcripts, discord-player, discord.js, distube, dotenv, express, express-session, form-data, fs, googleapis, luxon, node-cron, node-fetch, ora, patch, path, pdf-lib, pdfkit, play-dl, readline, rl, uuid[39m
[32m[39m [46m[PACKAGE][49m [32mDesc. : Official Bot Catherine for 911 Community.[39m
[32m[39m [46m[PACKAGE][49m [32mLisc. : ISC[39m
[32m[39m [46m[PACKAGE][49m [32mMain. : index.js[39m
[32m[39m [46m[PACKAGE][49m [32mName. : catherine[39m
[32m[39m [46m[PACKAGE][49m [32mScrp. : {"test":"echo \"Error: no test specified\" && exit 1","start":"node server.js"}[39m
[32m[39m [46m[PACKAGE][49m [32mVers. : 2.1.2[39m
[32m[39m [46m[PACKAGE][49m [32mPatch Note. : **[PN - 07/06]** *Passage 2.0 with new patch (shift, tabs... new commands handler)*[39m
[32m[39m
[2025-08-12T03:00:12.238Z] 2025-08-12 05:00:12 [DEBUG] 📦 Checking version from local...
[2025-08-12T03:00:12.239Z] 2025-08-12 05:00:12 [CLIENT DISCORD] 📦 Nom : catherine
[2025-08-12T03:00:12.240Z] 2025-08-12 05:00:12 [CLIENT DISCORD] 🕒 Version locale : 2.1.2
[2025-08-12T03:00:12.241Z] 2025-08-12 05:00:12 [DEBUG] 🌐 Checking version from GitHub...
[2025-08-12T03:00:12.523Z] 2025-08-12 05:00:12 [CLIENT DISCORD] 📦 Nom GitHub : catherine
[2025-08-12T03:00:12.524Z] 2025-08-12 05:00:12 [CLIENT DISCORD] 🕒 Version distante : 2.1.2
[2025-08-12T03:00:12.525Z] [INFO] 2025-08-12 05:00:12 [ℹ️ INFO NOTIFY] ✅ Les versions sont identiques.
[2025-08-12T03:00:12.526Z] 2025-08-12 05:00:12 [CLIENT DISCORD] [34m==============================[39m
[2025-08-12T03:00:12.527Z] 2025-08-12 05:00:12 [CLIENT DISCORD] [32m🚀 Démarrage du bot...[39m
[2025-08-12T03:00:12.528Z] 2025-08-12 05:00:12 [CLIENT DISCORD] [33m🔗 Connexion à Discord API...[39m
[2025-08-12T03:00:12.529Z] 2025-08-12 05:00:12 [CLIENT DISCORD] [36m✅ Bot RP en ligne ! Connecté en tant que 293 | Catherine#8045[39m
[2025-08-12T03:00:12.531Z] 2025-08-12 05:00:12 [CLIENT DISCORD] [34m==============================[39m
[34m[39m
[2025-08-12T03:00:12.553Z] 2025-08-12 05:00:12 [CLIENT DISCORD] [player] Initialisation du Player terminée.
[2025-08-12T03:00:12.557Z] 2025-08-12 05:00:12 [CLIENT DISCORD] [player] Extracteurs chargés avec succès.
[2025-08-12T03:00:12.558Z] 2025-08-12 05:00:12 [CLIENT DISCORD] 📥 Serveur trouvé : Georgia State Police (GSP)
[2025-08-12T03:00:12.763Z] 2025-08-12 05:00:12 [CLIENT DISCORD] 🔍 Commandes déjà présentes : play, rules, createreport, div, role, info, pex, openservice, infoshift, recruit, help, ban, ticket, shutdown, userinfo, send, clear, kick, warn, mute, rename, shift, promote
[2025-08-12T03:00:12.764Z] 2025-08-12 05:00:12 [WARN] ⚠️ Les commandes sont déjà enregistrées. Lance avec 'debug' pour forcer l'écrasement.
[2025-08-12T03:00:12.764Z] 2025-08-12 05:00:12 [CLIENT DISCORD] 🎮 Statut et activité mis à jour.
[2025-08-12T03:00:12.764Z] 2025-08-12 05:00:12 [CLIENT DISCORD] 📌 Mode de lancement : [33mAucun[39m
[2025-08-12T03:00:12.765Z] 2025-08-12 05:00:12 [CLIENT DISCORD] ✅ Bot prêt en tant que 293 | Catherine#8045
[2025-08-12T06:00:00.211Z] 2025-08-12 08:00:00 [CLIENT DISCORD] [32m🌅 Tâches du matin exécutées ![39m
[2025-08-12T06:00:00.253Z] 2025-08-12 08:00:00 [CLIENT DISCORD] [Cron] 🕒 Démarrage de la régénération automatique de la hiérarchie (tabs)...
[2025-08-12T06:00:00.263Z] 2025-08-12 08:00:00 [CLIENT DISCORD] [Cron] 🕒 Démarrage de la régénération automatique de la hiérarchie... (div)
[2025-08-12T06:00:00.270Z] 2025-08-12 08:00:00 [CLIENT DISCORD] 🔍 Vérification des règles...
[2025-08-12T06:00:00.288Z] 2025-08-12 08:00:00 [DEBUG] 📦 Checking version from local...
[2025-08-12T06:00:00.291Z] 2025-08-12 08:00:00 [CLIENT DISCORD] 📦 Nom : catherine
[2025-08-12T06:00:00.292Z] 2025-08-12 08:00:00 [CLIENT DISCORD] 🕒 Version locale : 2.1.2
[2025-08-12T06:00:00.293Z] 2025-08-12 08:00:00 [DEBUG] 🌐 Checking version from GitHub...
[2025-08-12T06:00:00.412Z] 2025-08-12 08:00:00 [CLIENT DISCORD] ✅ rules_1.txt inchangé, pas de mise à jour.
[2025-08-12T06:00:00.416Z] 2025-08-12 08:00:00 [CLIENT DISCORD] ✅ rules_2.txt inchangé, pas de mise à jour.
[2025-08-12T06:00:00.418Z] 2025-08-12 08:00:00 [CLIENT DISCORD] ✅ Vérification des règles terminée.
[2025-08-12T06:00:00.507Z] 2025-08-12 08:00:00 [CLIENT DISCORD] [EXPORT] access.json mis à jour avec 13 exécutif(s), 3 superviseur(s) et 2 commandement(s)
[2025-08-12T06:00:00.661Z] 2025-08-12 08:00:00 [CLIENT DISCORD] 📦 Nom GitHub : catherine
[2025-08-12T06:00:00.662Z] 2025-08-12 08:00:00 [CLIENT DISCORD] 🕒 Version distante : 2.1.2
[2025-08-12T06:00:00.664Z] [INFO] 2025-08-12 08:00:00 [ℹ️ INFO NOTIFY] ✅ Les versions sont identiques.
[2025-08-12T06:00:01.017Z] [NOTIFY] 2025-08-12 08:00:01 [🟢 SOFT NOTIFY] Message DIV supprimé
[2025-08-12T06:00:01.217Z] [NOTIFY] 2025-08-12 08:00:01 [🟢 SOFT NOTIFY] Message TABS supprimé
[2025-08-12T06:00:02.318Z] 2025-08-12 08:00:02 [CLIENT DISCORD] [✅] Hiérarchie DIV envoyée.
[2025-08-12T06:00:02.325Z] 2025-08-12 08:00:02 [CLIENT DISCORD] [Cron] 🕒 Fin de la régénération automatique de la hiérarchie.
[2025-08-12T06:00:02.706Z] 2025-08-12 08:00:02 [CLIENT DISCORD] [✅] Hiérarchie TABS envoyée.
[2025-08-12T06:00:02.711Z] 2025-08-12 08:00:02 [CLIENT DISCORD] [Cron] 🕒 Fin de la régénération automatique de la hiérarchie.
[2025-08-12T14:00:00.133Z] 2025-08-12 16:00:00 [CLIENT DISCORD] [32m🌇 Tâches du soir exécutées ![39m
[2025-08-12T14:00:00.153Z] 2025-08-12 16:00:00 [CLIENT DISCORD] [Cron] 🕒 Démarrage de la régénération automatique de la hiérarchie (tabs)...
[2025-08-12T14:00:00.159Z] 2025-08-12 16:00:00 [CLIENT DISCORD] [Cron] 🕒 Démarrage de la régénération automatique de la hiérarchie... (div)
[2025-08-12T14:00:00.162Z] 2025-08-12 16:00:00 [CLIENT DISCORD] 🔍 Vérification des règles...
[2025-08-12T14:00:00.172Z] 2025-08-12 16:00:00 [DEBUG] 📦 Checking version from local...
[2025-08-12T14:00:00.175Z] 2025-08-12 16:00:00 [CLIENT DISCORD] 📦 Nom : catherine
[2025-08-12T14:00:00.175Z] 2025-08-12 16:00:00 [CLIENT DISCORD] 🕒 Version locale : 2.1.2
[2025-08-12T14:00:00.175Z] 2025-08-12 16:00:00 [DEBUG] 🌐 Checking version from GitHub...
[2025-08-12T14:00:00.226Z] 2025-08-12 16:00:00 [CLIENT DISCORD] ✅ rules_1.txt inchangé, pas de mise à jour.
[2025-08-12T14:00:00.228Z] 2025-08-12 16:00:00 [CLIENT DISCORD] ✅ rules_2.txt inchangé, pas de mise à jour.
[2025-08-12T14:00:00.228Z] 2025-08-12 16:00:00 [CLIENT DISCORD] ✅ Vérification des règles terminée.
[2025-08-12T14:00:00.305Z] 2025-08-12 16:00:00 [CLIENT DISCORD] [EXPORT] access.json mis à jour avec 13 exécutif(s), 3 superviseur(s) et 2 commandement(s)
[2025-08-12T14:00:00.486Z] 2025-08-12 16:00:00 [CLIENT DISCORD] 📦 Nom GitHub : catherine
[2025-08-12T14:00:00.487Z] 2025-08-12 16:00:00 [CLIENT DISCORD] 🕒 Version distante : 2.1.2
[2025-08-12T14:00:00.488Z] [INFO] 2025-08-12 16:00:00 [ℹ️ INFO NOTIFY] ✅ Les versions sont identiques.
[2025-08-12T14:00:00.598Z] [NOTIFY] 2025-08-12 16:00:00 [🟢 SOFT NOTIFY] Message DIV supprimé
[2025-08-12T14:00:00.836Z] [NOTIFY] 2025-08-12 16:00:00 [🟢 SOFT NOTIFY] Message TABS supprimé
[2025-08-12T14:00:02.590Z] 2025-08-12 16:00:02 [CLIENT DISCORD] [✅] Hiérarchie DIV envoyée.
[2025-08-12T14:00:02.592Z] 2025-08-12 16:00:02 [CLIENT DISCORD] [Cron] 🕒 Fin de la régénération automatique de la hiérarchie.
[2025-08-12T14:00:02.837Z] 2025-08-12 16:00:02 [CLIENT DISCORD] [✅] Hiérarchie TABS envoyée.
[2025-08-12T14:00:02.845Z] 2025-08-12 16:00:02 [CLIENT DISCORD] [Cron] 🕒 Fin de la régénération automatique de la hiérarchie.
