[2025-09-12T03:00:00.124Z] 2025-09-12 05:00:00 [CLIENT DISCORD] [32m🌙 Tâches de la nuit exécutées ![39m
[2025-09-12T03:00:00.152Z] 2025-09-12 05:00:00 [DEBUG] 📦 Checking version from local...
[2025-09-12T03:00:00.154Z] 2025-09-12 05:00:00 [CLIENT DISCORD] 📦 Nom : catherine
[2025-09-12T03:00:00.155Z] 2025-09-12 05:00:00 [CLIENT DISCORD] 🕒 Version locale : 2.2
[2025-09-12T03:00:00.156Z] 2025-09-12 05:00:00 [DEBUG] 🌐 Checking version from GitHub...
[2025-09-12T03:00:00.162Z] 2025-09-12 05:00:00 [WARN] [REBOOT] Attention, Catherine redémarre (checker les logs). Instruction reboot.js
[2025-09-12T03:00:07.972Z] 2025-09-12 05:00:07 [CLIENT DISCORD] Les modules [32mloggers[39m ont correctement été exportés.
[2025-09-12T03:00:08.009Z] [EVENT] 2025-09-12 05:00:08 [📅 EVENT NOTIFY] Chargé : guildBanAdd
[2025-09-12T03:00:08.011Z] [EVENT] 2025-09-12 05:00:08 [📅 EVENT NOTIFY] Chargé : guildBanRemove
[2025-09-12T03:00:08.013Z] [EVENT] 2025-09-12 05:00:08 [📅 EVENT NOTIFY] Chargé : guildMemberAdd
[2025-09-12T03:00:08.014Z] [EVENT] 2025-09-12 05:00:08 [📅 EVENT NOTIFY] Chargé : guildMemberRemove
[2025-09-12T03:00:08.017Z] 2025-09-12 05:00:08 [CLIENT DISCORD] Les modules  [32mutils.js[39m [0m ont correctement été exporté.[0m
[2025-09-12T03:00:08.616Z] 2025-09-12 05:00:08 [CLIENT DISCORD] L'interaction  [32mbuttons.js[39m [0m ont correctement été exporté.[0m
[2025-09-12T03:00:08.913Z] 2025-09-12 05:00:08 [CLIENT DISCORD] L'interaction  [32mmodals.js[39m [0m ont correctement été exporté.[0m
[2025-09-12T03:00:08.914Z] [EVENT] 2025-09-12 05:00:08 [📅 EVENT NOTIFY] Chargé : interactionCreate
[2025-09-12T03:00:08.915Z] [EVENT] 2025-09-12 05:00:08 [📅 EVENT NOTIFY] Chargé : messageCreate
[2025-09-12T03:00:08.915Z] [EVENT] 2025-09-12 05:00:08 [📅 EVENT NOTIFY] Chargé : messageDelete
[2025-09-12T03:00:08.916Z] [EVENT] 2025-09-12 05:00:08 [📅 EVENT NOTIFY] Chargé : messageUpdate
[2025-09-12T03:00:08.936Z] 2025-09-12 05:00:08 [CLIENT DISCORD] Les modules  [32mcommands.js[39m [0m ont correctement été exporté.[0m
[2025-09-12T03:00:08.956Z] [EVENT] 2025-09-12 05:00:08 [📅 EVENT NOTIFY] Chargé : ready
[2025-09-12T03:00:08.957Z] [EVENT] 2025-09-12 05:00:08 [📅 EVENT NOTIFY] Chargé : voiceStateUpdate
[2025-09-12T03:00:08.963Z] [COMMANDS] 2025-09-12 05:00:08 [📌 COMMANDS NOTIFY] Chargée : ban
[2025-09-12T03:00:08.965Z] [COMMANDS] 2025-09-12 05:00:08 [📌 COMMANDS NOTIFY] Chargée : clear
[2025-09-12T03:00:08.968Z] [COMMANDS] 2025-09-12 05:00:08 [📌 COMMANDS NOTIFY] Chargée : createreport
[2025-09-12T03:00:08.970Z] [COMMANDS] 2025-09-12 05:00:08 [📌 COMMANDS NOTIFY] Chargée : div
[2025-09-12T03:00:08.972Z] [COMMANDS] 2025-09-12 05:00:08 [📌 COMMANDS NOTIFY] Chargée : help
[2025-09-12T03:00:08.974Z] [COMMANDS] 2025-09-12 05:00:08 [📌 COMMANDS NOTIFY] Chargée : info
[2025-09-12T03:00:08.977Z] [COMMANDS] 2025-09-12 05:00:08 [📌 COMMANDS NOTIFY] Chargée : infoshift
[2025-09-12T03:00:08.979Z] [COMMANDS] 2025-09-12 05:00:08 [📌 COMMANDS NOTIFY] Chargée : kick
[2025-09-12T03:00:08.981Z] [COMMANDS] 2025-09-12 05:00:08 [📌 COMMANDS NOTIFY] Chargée : mute
[2025-09-12T03:00:08.983Z] [COMMANDS] 2025-09-12 05:00:08 [📌 COMMANDS NOTIFY] Chargée : openservice
[2025-09-12T03:00:08.985Z] [COMMANDS] 2025-09-12 05:00:08 [📌 COMMANDS NOTIFY] Chargée : pex
[2025-09-12T03:00:09.001Z] [COMMANDS] 2025-09-12 05:00:09 [📌 COMMANDS NOTIFY] Chargée : play
[2025-09-12T03:00:09.003Z] [COMMANDS] 2025-09-12 05:00:09 [📌 COMMANDS NOTIFY] Chargée : promote
[2025-09-12T03:00:09.005Z] [COMMANDS] 2025-09-12 05:00:09 [📌 COMMANDS NOTIFY] Chargée : recruit
[2025-09-12T03:00:09.007Z] [COMMANDS] 2025-09-12 05:00:09 [📌 COMMANDS NOTIFY] Chargée : rename
[2025-09-12T03:00:09.008Z] [COMMANDS] 2025-09-12 05:00:09 [📌 COMMANDS NOTIFY] Chargée : role
[2025-09-12T03:00:09.009Z] [COMMANDS] 2025-09-12 05:00:09 [📌 COMMANDS NOTIFY] Chargée : send
[2025-09-12T03:00:09.011Z] [COMMANDS] 2025-09-12 05:00:09 [📌 COMMANDS NOTIFY] Chargée : shift
[2025-09-12T03:00:09.016Z] [COMMANDS] 2025-09-12 05:00:09 [📌 COMMANDS NOTIFY] Chargée : ticket
[2025-09-12T03:00:09.019Z] [COMMANDS] 2025-09-12 05:00:09 [📌 COMMANDS NOTIFY] Chargée : userinfo
[2025-09-12T03:00:09.021Z] [COMMANDS] 2025-09-12 05:00:09 [📌 COMMANDS NOTIFY] Chargée : warn
[2025-09-12T03:00:09.026Z] 2025-09-12 05:00:09 [CLIENT DISCORD] [42m[30mChargement des informations du package.[39m[49m
[42m[30m[39m[49m [46m[PACKAGE][49m [32mAuth. : François 🌸[39m
[32m[39m [46m[PACKAGE][49m [32mDepd. : axios, chalk, cron, discord-html-transcripts, discord-player, discord.js, distube, dotenv, express, express-session, form-data, fs, googleapis, luxon, node-cron, node-fetch, ora, patch, path, pdf-lib, pdfkit, play-dl, readline, rl, uuid[39m
[32m[39m [46m[PACKAGE][49m [32mDesc. : Official Bot Catherine for 911 Community.[39m
[32m[39m [46m[PACKAGE][49m [32mLisc. : ISC[39m
[32m[39m [46m[PACKAGE][49m [32mMain. : index.js[39m
[32m[39m [46m[PACKAGE][49m [32mName. : catherine[39m
[32m[39m [46m[PACKAGE][49m [32mScrp. : {"test":"echo \"Error: no test specified\" && exit 1","start":"node server.js"}[39m
[32m[39m [46m[PACKAGE][49m [32mVers. : 2.2[39m
[32m[39m [46m[PACKAGE][49m [32mPatch Note. : **[PN - 07/06]** *Passage 2.0 with new patch (shift, tabs... new commands handler)*[39m
[32m[39m
[2025-09-12T03:00:10.365Z] 2025-09-12 05:00:10 [DEBUG] 📦 Checking version from local...
[2025-09-12T03:00:10.366Z] 2025-09-12 05:00:10 [CLIENT DISCORD] 📦 Nom : catherine
[2025-09-12T03:00:10.367Z] 2025-09-12 05:00:10 [CLIENT DISCORD] 🕒 Version locale : 2.2
[2025-09-12T03:00:10.369Z] 2025-09-12 05:00:10 [DEBUG] 🌐 Checking version from GitHub...
[2025-09-12T03:00:10.375Z] 2025-09-12 05:00:10 [ERROR] (node:359109) DeprecationWarning: The ready event has been renamed to clientReady to distinguish it from the gateway READY event and will only emit under that name in v15. Please use clientReady instead.
(Use `node --trace-deprecation ...` to show where the warning was created)
[2025-09-12T03:00:10.601Z] 2025-09-12 05:00:10 [CLIENT DISCORD] 📦 Nom GitHub : catherine
[2025-09-12T03:00:10.602Z] 2025-09-12 05:00:10 [CLIENT DISCORD] 🕒 Version distante : 2.1.2
[2025-09-12T03:00:10.603Z] 2025-09-12 05:00:10 [WARN] ⚠️ Les versions diffèrent : locale (2.2) ≠ distante (2.1.2)
[2025-09-12T03:00:10.604Z] 2025-09-12 05:00:10 [CLIENT DISCORD] [34m==============================[39m
[2025-09-12T03:00:10.605Z] 2025-09-12 05:00:10 [CLIENT DISCORD] [32m🚀 Démarrage du bot...[39m
[2025-09-12T03:00:10.606Z] 2025-09-12 05:00:10 [CLIENT DISCORD] [33m🔗 Connexion à Discord API...[39m
[2025-09-12T03:00:10.608Z] 2025-09-12 05:00:10 [CLIENT DISCORD] [36m✅ Bot RP en ligne ! Connecté en tant que 293 | Catherine#8045[39m
[2025-09-12T03:00:10.609Z] 2025-09-12 05:00:10 [CLIENT DISCORD] [34m==============================[39m
[34m[39m
[2025-09-12T03:00:10.620Z] 2025-09-12 05:00:10 [CLIENT DISCORD] [player] Initialisation du Player terminée.
[2025-09-12T03:00:10.624Z] 2025-09-12 05:00:10 [CLIENT DISCORD] [player] Extracteurs chargés avec succès.
[2025-09-12T03:00:10.625Z] 2025-09-12 05:00:10 [CLIENT DISCORD] 📥 Serveur trouvé : Los Santos Sheriff Department
[2025-09-12T03:00:10.814Z] 2025-09-12 05:00:10 [CLIENT DISCORD] 🔍 Commandes déjà présentes : play, rules, createreport, div, role, info, pex, openservice, infoshift, recruit, help, ban, ticket, shutdown, userinfo, send, clear, kick, warn, mute, rename, shift, promote
[2025-09-12T03:00:10.815Z] 2025-09-12 05:00:10 [WARN] ⚠️ Les commandes sont déjà enregistrées. Lance avec 'debug' pour forcer l'écrasement.
[2025-09-12T03:00:10.815Z] 2025-09-12 05:00:10 [CLIENT DISCORD] 🎮 Statut et activité mis à jour.
[2025-09-12T03:00:10.815Z] 2025-09-12 05:00:10 [CLIENT DISCORD] 📌 Mode de lancement : [33mAucun[39m
[2025-09-12T03:00:10.816Z] 2025-09-12 05:00:10 [CLIENT DISCORD] ✅ Bot prêt en tant que 293 | Catherine#8045
[2025-09-12T06:00:00.130Z] 2025-09-12 08:00:00 [CLIENT DISCORD] [32m🌅 Tâches du matin exécutées ![39m
[2025-09-12T06:00:00.153Z] 2025-09-12 08:00:00 [CLIENT DISCORD] [Cron] 🕒 Démarrage de la régénération automatique de la hiérarchie (tabs)...
[2025-09-12T06:00:00.160Z] 2025-09-12 08:00:00 [CLIENT DISCORD] [Cron] 🕒 Démarrage de la régénération automatique de la hiérarchie... (div)
[2025-09-12T06:00:00.164Z] 2025-09-12 08:00:00 [CLIENT DISCORD] 🔍 Vérification des règles...
[2025-09-12T06:00:00.175Z] 2025-09-12 08:00:00 [DEBUG] 📦 Checking version from local...
[2025-09-12T06:00:00.177Z] 2025-09-12 08:00:00 [CLIENT DISCORD] 📦 Nom : catherine
[2025-09-12T06:00:00.178Z] 2025-09-12 08:00:00 [CLIENT DISCORD] 🕒 Version locale : 2.2
[2025-09-12T06:00:00.179Z] 2025-09-12 08:00:00 [DEBUG] 🌐 Checking version from GitHub...
[2025-09-12T06:00:00.223Z] 2025-09-12 08:00:00 [CLIENT DISCORD] ✅ rules_1.txt inchangé, pas de mise à jour.
[2025-09-12T06:00:00.226Z] 2025-09-12 08:00:00 [CLIENT DISCORD] ✅ rules_2.txt inchangé, pas de mise à jour.
[2025-09-12T06:00:00.227Z] 2025-09-12 08:00:00 [CLIENT DISCORD] ✅ Vérification des règles terminée.
[2025-09-12T06:00:00.305Z] 2025-09-12 08:00:00 [CLIENT DISCORD] [EXPORT] access.json mis à jour avec 13 exécutif(s), 2 superviseur(s) et 2 commandement(s)
[2025-09-12T06:00:00.498Z] 2025-09-12 08:00:00 [CLIENT DISCORD] 📦 Nom GitHub : catherine
[2025-09-12T06:00:00.499Z] 2025-09-12 08:00:00 [CLIENT DISCORD] 🕒 Version distante : 2.1.2
[2025-09-12T06:00:00.503Z] 2025-09-12 08:00:00 [WARN] ⚠️ Les versions diffèrent : locale (2.2) ≠ distante (2.1.2)
[2025-09-12T06:00:00.798Z] [NOTIFY] 2025-09-12 08:00:00 [🟢 SOFT NOTIFY] Message DIV supprimé
[2025-09-12T06:00:00.981Z] [NOTIFY] 2025-09-12 08:00:00 [🟢 SOFT NOTIFY] Message TABS supprimé
[2025-09-12T06:00:01.810Z] 2025-09-12 08:00:01 [CLIENT DISCORD] [✅] Hiérarchie DIV envoyée.
[2025-09-12T06:00:01.811Z] 2025-09-12 08:00:01 [CLIENT DISCORD] [Cron] 🕒 Fin de la régénération automatique de la hiérarchie.
[2025-09-12T06:00:02.140Z] 2025-09-12 08:00:02 [CLIENT DISCORD] [✅] Hiérarchie TABS envoyée.
[2025-09-12T06:00:02.141Z] 2025-09-12 08:00:02 [CLIENT DISCORD] [Cron] 🕒 Fin de la régénération automatique de la hiérarchie.
[2025-09-12T06:36:32.173Z] 2025-09-12 08:36:32 [ERROR] (node:359109) Warning: Supplying "ephemeral" for interaction response options is deprecated. Utilize flags instead.
[2025-09-12T06:36:32.419Z] 2025-09-12 08:36:32 [ERROR] Erreur dans executeButtons/executeModal: {}
[2025-09-12T07:29:32.930Z] 2025-09-12 09:29:32 [CLIENT DISCORD] [94m[MESSAGE_SENT][39m [32mfrancois.piano[39m [0ma envoyé[0m [32mBonjour Capitaine.[39m
[32m[39m
[32mUne enquête a été ouverte par mon département.[39m
[32m[39m
[32mBonne fin de journée.[39m
[32m[39m
[32mLt. Lennon, *Detective Division*[39m [0mdans[0m [32mRapport (1), 10/09/2025[39m
[2025-09-12T07:45:46.627Z] 2025-09-12 09:45:46 [CLIENT DISCORD] [94m[MESSAGE_SENT][39m [32mfrancois.piano[39m [0ma envoyé[0m [32mPouvez vous me rejoindre un rapport conforme svp.[39m [0mdans[0m [32mRapport (1), 10/09/2025[39m
[2025-09-12T07:55:54.059Z] 2025-09-12 09:55:54 [CLIENT DISCORD] [94m[COMMAND][39m [32mfrancois.piano[39m [0ma exécuté la commande[0m [32mcreatereport[39m [0mdans[0m [32mRapport (1), 10/09/2025[39m
[2025-09-12T07:55:54.060Z] 2025-09-12 09:55:54 [CLIENT DISCORD] [42m✅ Utilisateur 449432156595552257 bypass les permissions.[49m
[2025-09-12T13:31:20.369Z] 2025-09-12 15:31:20 [CLIENT DISCORD] [94m[MESSAGE_SENT][39m [32mrory.p71[39m [0ma envoyé[0m [32mJean Pichon a un mandat d'arrêt contre lui, il ne faut pas s'attendre à ce qu'il se présente ou alors le fasse sans violence au bureau.[39m [0mdans[0m [32mcase-jean-pichon[39m
[2025-09-12T14:00:00.116Z] 2025-09-12 16:00:00 [CLIENT DISCORD] [32m🌇 Tâches du soir exécutées ![39m
[2025-09-12T14:00:00.117Z] 2025-09-12 16:00:00 [CLIENT DISCORD] [Cron] 🕒 Démarrage de la régénération automatique de la hiérarchie (tabs)...
[2025-09-12T14:00:00.119Z] 2025-09-12 16:00:00 [CLIENT DISCORD] [Cron] 🕒 Démarrage de la régénération automatique de la hiérarchie... (div)
[2025-09-12T14:00:00.120Z] 2025-09-12 16:00:00 [CLIENT DISCORD] 🔍 Vérification des règles...
[2025-09-12T14:00:00.133Z] 2025-09-12 16:00:00 [DEBUG] 📦 Checking version from local...
[2025-09-12T14:00:00.135Z] 2025-09-12 16:00:00 [CLIENT DISCORD] 📦 Nom : catherine
[2025-09-12T14:00:00.135Z] 2025-09-12 16:00:00 [CLIENT DISCORD] 🕒 Version locale : 2.2
[2025-09-12T14:00:00.136Z] 2025-09-12 16:00:00 [DEBUG] 🌐 Checking version from GitHub...
[2025-09-12T14:00:00.171Z] 2025-09-12 16:00:00 [CLIENT DISCORD] ✅ rules_1.txt inchangé, pas de mise à jour.
[2025-09-12T14:00:00.175Z] 2025-09-12 16:00:00 [CLIENT DISCORD] ✅ rules_2.txt inchangé, pas de mise à jour.
[2025-09-12T14:00:00.177Z] 2025-09-12 16:00:00 [CLIENT DISCORD] ✅ Vérification des règles terminée.
[2025-09-12T14:00:00.270Z] 2025-09-12 16:00:00 [CLIENT DISCORD] [EXPORT] access.json mis à jour avec 13 exécutif(s), 2 superviseur(s) et 2 commandement(s)
[2025-09-12T14:00:00.410Z] [NOTIFY] 2025-09-12 16:00:00 [🟢 SOFT NOTIFY] Message DIV supprimé
[2025-09-12T14:00:00.437Z] 2025-09-12 16:00:00 [CLIENT DISCORD] 📦 Nom GitHub : catherine
[2025-09-12T14:00:00.439Z] 2025-09-12 16:00:00 [CLIENT DISCORD] 🕒 Version distante : 2.1.2
[2025-09-12T14:00:00.440Z] 2025-09-12 16:00:00 [WARN] ⚠️ Les versions diffèrent : locale (2.2) ≠ distante (2.1.2)
[2025-09-12T14:00:00.680Z] 2025-09-12 16:00:00 [CLIENT DISCORD] ✅ Données écrites dans config.json
[2025-09-12T14:00:00.864Z] [NOTIFY] 2025-09-12 16:00:00 [🟢 SOFT NOTIFY] Message TABS supprimé
[2025-09-12T14:00:01.656Z] 2025-09-12 16:00:01 [CLIENT DISCORD] [✅] Hiérarchie DIV envoyée.
[2025-09-12T14:00:01.660Z] 2025-09-12 16:00:01 [CLIENT DISCORD] [Cron] 🕒 Fin de la régénération automatique de la hiérarchie.
[2025-09-12T14:00:01.929Z] 2025-09-12 16:00:01 [CLIENT DISCORD] [✅] Hiérarchie TABS envoyée.
[2025-09-12T14:00:01.932Z] 2025-09-12 16:00:01 [CLIENT DISCORD] [Cron] 🕒 Fin de la régénération automatique de la hiérarchie.
[2025-09-12T14:39:14.949Z] 2025-09-12 16:39:14 [CLIENT DISCORD] [94m[MESSAGE_SENT][39m [32mrory.p71[39m [0ma envoyé[0m [32mhttps://docs.google.com/document/d/1eKwrGBrx9BlvpNSTs9fCTXthFzS-Zek2Q1QNAgiMOqU/edit?usp=sharing[39m [0mdans[0m [32mRapport (1), 10/09/2025[39m
[2025-09-12T14:39:55.325Z] 2025-09-12 16:39:55 [ERROR] [31mErreur lors de la récupération des logs d'audit :[39m {
  "requestBody": {},
  "rawError": {
    "message": "Invalid Form Body",
    "code": 50035,
    "errors": {
      "action_type": {
        "_errors": [
          {
            "code": "NUMBER_TYPE_COERCE",
            "message": "Value \"MESSAGE_DELETE\" is not int32."
          }
        ]
      }
    }
  },
  "code": 50035,
  "status": 400,
  "method": "GET",
  "url": "https://discord.com/api/v10/guilds/1252231195312259073/audit-logs?limit=1&action_type=MESSAGE_DELETE"
}
[2025-09-12T14:39:55.336Z] 2025-09-12 16:39:55 [CLIENT DISCORD] [94m[MESSAGE_REMOVE][39m [32mrory.p71[39m [0m→ supprimé par[0m [32mInconnu[39m [0mdans[0m [32mRapport (1), 10/09/2025[39m
[2025-09-12T14:39:57.454Z] 2025-09-12 16:39:57 [CLIENT DISCORD] [94m[MESSAGE_SENT][39m [32mrory.p71[39m [0ma envoyé[0m [32mhttps://docs.google.com/document/d/1eKwrGBrx9BlvpNSTs9fCTXthFzS-Zek2Q1QNAgiMOqU/edit?usp=sharing[39m [0mdans[0m [32mRapport (1), 10/09/2025[39m
[2025-09-12T14:40:00.383Z] 2025-09-12 16:40:00 [ERROR] [31mErreur lors de la récupération des logs d'audit :[39m {
  "requestBody": {},
  "rawError": {
    "message": "Invalid Form Body",
    "code": 50035,
    "errors": {
      "action_type": {
        "_errors": [
          {
            "code": "NUMBER_TYPE_COERCE",
            "message": "Value \"MESSAGE_DELETE\" is not int32."
          }
        ]
      }
    }
  },
  "code": 50035,
  "status": 400,
  "method": "GET",
  "url": "https://discord.com/api/v10/guilds/1252231195312259073/audit-logs?limit=1&action_type=MESSAGE_DELETE"
}
[2025-09-12T14:40:00.393Z] 2025-09-12 16:40:00 [CLIENT DISCORD] [94m[MESSAGE_REMOVE][39m [32mrory.p71[39m [0m→ supprimé par[0m [32mInconnu[39m [0mdans[0m [32mRapport (1), 10/09/2025[39m
[2025-09-12T14:40:16.167Z] 2025-09-12 16:40:16 [CLIENT DISCORD] [94m[MESSAGE_SENT][39m [32mrory.p71[39m [0ma envoyé[0m [32mhttps://docs.google.com/document/d/1eKwrGBrx9BlvpNSTs9fCTXthFzS-Zek2Q1QNAgiMOqU/edit?usp=sharing[39m [0mdans[0m [32mRapport (1), 10/09/2025[39m
[2025-09-12T14:40:33.663Z] 2025-09-12 16:40:33 [CLIENT DISCORD] [94m[MESSAGE_SENT][39m [32mrory.p71[39m [0ma envoyé[0m [32mhttps://docs.google.com/document/d/1eKwrGBrx9BlvpNSTs9fCTXthFzS-Zek2Q1QNAgiMOqU/edit?usp=sharing[39m [0mdans[0m [32mcase-jean-pichon[39m
[2025-09-12T14:48:32.256Z] 2025-09-12 16:48:32 [CLIENT DISCORD] 🔵 Interaction détectée : no
[2025-09-12T14:48:32.256Z] 2025-09-12 16:48:32 [CLIENT DISCORD] 🟢 clientData trouvé : {
  "messageId": "1416060785330880554",
  "participants": {
    "yes": [],
    "no": [],
    "maybe": []
  }
}
[2025-09-12T14:48:32.257Z] 2025-09-12 16:48:32 [CLIENT DISCORD] 📌 ID du message enregistré : 1416060785330880554
[2025-09-12T14:48:32.257Z] 2025-09-12 16:48:32 [CLIENT DISCORD] 📌 ID du message de l'interaction : 1416060785330880554
[2025-09-12T14:48:32.257Z] 2025-09-12 16:48:32 [CLIENT DISCORD] 🟢 Avant modification des participants : {
  "yes": [],
  "no": [],
  "maybe": []
}
[2025-09-12T14:48:32.263Z] 2025-09-12 16:48:32 [CLIENT DISCORD] 🟢 Après modification des participants : {
  "yes": [],
  "no": [
    "218 | Erica Sanchez"
  ],
  "maybe": []
}
[2025-09-12T14:48:32.267Z] 2025-09-12 16:48:32 [CLIENT DISCORD] 🟢 Embed mis à jour : {
  "title": "Qui sera présent ce soir ?",
  "description": "Veuillez indiquer votre présence en appuyant sur un bouton ci-dessous.",
  "color": 44678,
  "fields": [
    {
      "name": "✅ Oui",
      "value": "Aucun",
      "inline": true
    },
    {
      "name": "❌ Non",
      "value": "`218 | Erica Sanchez`",
      "inline": true
    },
    {
      "name": "🤔 Peut-être",
      "value": "Aucun",
      "inline": true
    }
  ]
}
[2025-09-12T14:48:32.705Z] 2025-09-12 16:48:32 [CLIENT DISCORD] [BUTTON] matharcane a exécuté l'interaction bouton no dans 1347963262892904469
[2025-09-12T15:57:17.147Z] 2025-09-12 17:57:17 [CLIENT DISCORD] [94m[COMMAND][39m [32mfrancois.piano[39m [0ma exécuté la commande[0m [32mshift[39m [0mdans[0m [32m📠-radio[39m
[2025-09-12T15:57:17.149Z] 2025-09-12 17:57:17 [CLIENT DISCORD] [42m✅ Utilisateur 449432156595552257 bypass les permissions.[49m
[2025-09-12T15:57:17.684Z] 2025-09-12 17:57:17 [WARN] [updateEmbed] Nouveau message envoyé : Unknown Message
[2025-09-12T16:18:16.027Z] 2025-09-12 18:18:16 [CLIENT DISCORD] Writing shiftVehDyn: {
  "Normal": {
    "Crown Victoria 2003": 1,
    "Crown Victoria 2010": 1,
    "Charger 2014": 1,
    "Charger 2016": 2,
    "Charger 2020": 2,
    "FPIU 2013": 2,
    "FPIU 2016": 3,
    "FPIU 2020": 4,
    "Taurus 2016": 2,
    "Tahoe 2020": 2,
    "F-150": 1,
    "F-250": 1
  },
  "Slicktop": {
    "Crown Victoria 2010": 1,
    "Charger 2014": 1,
    "Charger 2016": 1,
    "Charger 2020": 1,
    "FPIU 2013": 1,
    "FPIU 2016": 1,
    "FPIU 2020": 2,
    "FPIU 2025": 1,
    "Taurus 2016": 1,
    "Tahoe 2020": 1,
    "F-150": 1
  },
  "Unmarked": {
    "Crown Victoria 2010": 1,
    "Charger 2014": 1,
    "Charger 2016": 1,
    "Charger 2020": 1,
    "FPIU 2013": 1,
    "FPIU 2020": 1,
    "Taurus 2016": 1,
    "Tahoe 2020": 1,
    "F-150": 1,
    "F-250": 1
  },
  "Admin": {
    "FPIU 2016": 1
  }
}
[2025-09-12T16:18:16.043Z] 2025-09-12 18:18:16 [CLIENT DISCORD] Writing shiftUser: {}
[2025-09-12T16:18:16.044Z] 2025-09-12 18:18:16 [CLIENT DISCORD] Writing shiftFile: {
  "449432156595552257": {
    "service du 2025-05-23": [
      "0h 0m 12s",
      "0h 0m 4s",
      "0h 1m 42s",
      "0h 0m 9s",
      "0h 0m 2s"
    ],
    "service du 2025-06-06": [
      "0h 1m 37s",
      "0h 0m 27s",
      "0h 0m 8s"
    ],
    "service du 2025-06-14": [
      "0h 0m 11s"
    ],
    "service du 2025-09-09": [
      "0h 0m 52s",
      "0h 0m 21s",
      "0h 0m 10s"
    ],
    "service du 2025-09-10": [
      "0h 0m 10s",
      "0h 0m 10s",
      "0h 1m 19s",
      "0h 0m 11s",
      "0h 0m 4s"
    ],
    "service du 2025-09-12": [
      "0h 20m 58s"
    ]
  },
  "433966775240097792": {
    "service du 2025-05-23": [
      "0h 1m 18s"
    ]
  }
}
[2025-09-12T16:18:16.643Z] 2025-09-12 18:18:16 [CLIENT DISCORD] [BUTTON] francois.piano a exécuté l'interaction bouton end_shift_449432156595552257 dans 1344736680137199675
