[2026-01-03T04:00:00.010Z] 2026-01-03 05:00:00 [CLIENT DISCORD] [32m🌙 Tâches de la nuit exécutées ![39m
[2026-01-03T04:00:00.011Z] 2026-01-03 05:00:00 [DEBUG] 📦 Checking version from local...
[2026-01-03T04:00:00.011Z] 2026-01-03 05:00:00 [CLIENT DISCORD] 📦 Nom : catherine
[2026-01-03T04:00:00.011Z] 2026-01-03 05:00:00 [CLIENT DISCORD] 🕒 Version locale : 2.3.5
[2026-01-03T04:00:00.011Z] 2026-01-03 05:00:00 [DEBUG] 🌐 Checking version from GitHub...
[2026-01-03T04:00:00.013Z] 2026-01-03 05:00:00 [WARN] [REBOOT] Attention, Catherine redémarre (checker les logs). Instruction reboot.js
[2026-01-03T04:00:00.019Z] 2026-01-03 05:00:00 [CLIENT DISCORD] [32m🌙 Tâches de la nuit exécutées ![39m
[2026-01-03T04:00:00.021Z] 2026-01-03 05:00:00 [DEBUG] 📦 Checking version from local...
[2026-01-03T04:00:00.023Z] 2026-01-03 05:00:00 [CLIENT DISCORD] 📦 Nom : catherine
[2026-01-03T04:00:00.024Z] 2026-01-03 05:00:00 [CLIENT DISCORD] 🕒 Version locale : 2.3.5
[2026-01-03T04:00:00.025Z] 2026-01-03 05:00:00 [DEBUG] 🌐 Checking version from GitHub...
[2026-01-03T04:00:00.028Z] 2026-01-03 05:00:00 [WARN] [REBOOT] Attention, Catherine redémarre (checker les logs). Instruction reboot.js
[2026-01-03T04:00:06.250Z] 2026-01-03 05:00:06 [CLIENT DISCORD] Les modules [32mloggers[39m ont correctement été exportés.
[2026-01-03T04:00:06.250Z] 2026-01-03 05:00:06 [DEBUG] 📦 Checking version from local...
[2026-01-03T04:00:06.251Z] 2026-01-03 05:00:06 [CLIENT DISCORD] 📦 Nom : catherine
[2026-01-03T04:00:06.251Z] 2026-01-03 05:00:06 [CLIENT DISCORD] 🕒 Version locale : 2.3.5
[2026-01-03T04:00:06.251Z] 2026-01-03 05:00:06 [DEBUG] 🌐 Checking version from GitHub...
[2026-01-03T04:00:06.254Z] 2026-01-03 05:00:06 [CLIENT DISCORD] Les modules [32mloggers[39m ont correctement été exportés.
[2026-01-03T04:00:06.257Z] 2026-01-03 05:00:06 [DEBUG] 📦 Checking version from local...
[2026-01-03T04:00:06.258Z] 2026-01-03 05:00:06 [CLIENT DISCORD] 📦 Nom : catherine
[2026-01-03T04:00:06.259Z] 2026-01-03 05:00:06 [CLIENT DISCORD] 🕒 Version locale : 2.3.5
[2026-01-03T04:00:06.260Z] 2026-01-03 05:00:06 [DEBUG] 🌐 Checking version from GitHub...
[2026-01-03T04:00:06.272Z] [EVENT] 2026-01-03 05:00:06 [📅 EVENT NOTIFY] Chargé : guildBanAdd
[2026-01-03T04:00:06.273Z] [EVENT] 2026-01-03 05:00:06 [📅 EVENT NOTIFY] Chargé : guildBanRemove
[2026-01-03T04:00:06.273Z] [EVENT] 2026-01-03 05:00:06 [📅 EVENT NOTIFY] Chargé : guildMemberAdd
[2026-01-03T04:00:06.273Z] [EVENT] 2026-01-03 05:00:06 [📅 EVENT NOTIFY] Chargé : guildMemberRemove
[2026-01-03T04:00:06.274Z] 2026-01-03 05:00:06 [CLIENT DISCORD] Les modules  [32mutils.js[39m [0m ont correctement été exporté.[0m
[2026-01-03T04:00:06.282Z] [EVENT] 2026-01-03 05:00:06 [📅 EVENT NOTIFY] Chargé : guildBanAdd
[2026-01-03T04:00:06.284Z] [EVENT] 2026-01-03 05:00:06 [📅 EVENT NOTIFY] Chargé : guildBanRemove
[2026-01-03T04:00:06.285Z] [EVENT] 2026-01-03 05:00:06 [📅 EVENT NOTIFY] Chargé : guildMemberAdd
[2026-01-03T04:00:06.286Z] [EVENT] 2026-01-03 05:00:06 [📅 EVENT NOTIFY] Chargé : guildMemberRemove
[2026-01-03T04:00:06.287Z] 2026-01-03 05:00:06 [CLIENT DISCORD] Les modules  [32mutils.js[39m [0m ont correctement été exporté.[0m
[2026-01-03T04:00:06.402Z] 2026-01-03 05:00:06 [CLIENT DISCORD] L'interaction  [32mbuttons.js[39m [0m ont correctement été exporté.[0m
[2026-01-03T04:00:06.455Z] 2026-01-03 05:00:06 [CLIENT DISCORD] L'interaction  [32mbuttons.js[39m [0m ont correctement été exporté.[0m
[2026-01-03T04:00:06.456Z] 2026-01-03 05:00:06 [CLIENT DISCORD] L'interaction  [32mmodals.js[39m [0m ont correctement été exporté.[0m
[2026-01-03T04:00:06.457Z] [EVENT] 2026-01-03 05:00:06 [📅 EVENT NOTIFY] Chargé : interactionCreate
[2026-01-03T04:00:06.457Z] [EVENT] 2026-01-03 05:00:06 [📅 EVENT NOTIFY] Chargé : messageCreate
[2026-01-03T04:00:06.457Z] [EVENT] 2026-01-03 05:00:06 [📅 EVENT NOTIFY] Chargé : messageDelete
[2026-01-03T04:00:06.457Z] [EVENT] 2026-01-03 05:00:06 [📅 EVENT NOTIFY] Chargé : messageUpdate
[2026-01-03T04:00:06.461Z] 2026-01-03 05:00:06 [CLIENT DISCORD] Les modules  [32mcommands.js[39m [0m ont correctement été exporté.[0m
[2026-01-03T04:00:06.464Z] [EVENT] 2026-01-03 05:00:06 [📅 EVENT NOTIFY] Chargé : ready
[2026-01-03T04:00:06.464Z] [EVENT] 2026-01-03 05:00:06 [📅 EVENT NOTIFY] Chargé : voiceStateUpdate
[2026-01-03T04:00:06.465Z] [COMMANDS] 2026-01-03 05:00:06 [📌 COMMANDS NOTIFY] Chargée : ban
[2026-01-03T04:00:06.465Z] [COMMANDS] 2026-01-03 05:00:06 [📌 COMMANDS NOTIFY] Chargée : clear
[2026-01-03T04:00:06.465Z] [COMMANDS] 2026-01-03 05:00:06 [📌 COMMANDS NOTIFY] Chargée : commander
[2026-01-03T04:00:06.466Z] [COMMANDS] 2026-01-03 05:00:06 [📌 COMMANDS NOTIFY] Chargée : createreport
[2026-01-03T04:00:06.466Z] [COMMANDS] 2026-01-03 05:00:06 [📌 COMMANDS NOTIFY] Chargée : div
[2026-01-03T04:00:06.466Z] [COMMANDS] 2026-01-03 05:00:06 [📌 COMMANDS NOTIFY] Chargée : help
[2026-01-03T04:00:06.466Z] [COMMANDS] 2026-01-03 05:00:06 [📌 COMMANDS NOTIFY] Chargée : info
[2026-01-03T04:00:06.467Z] [COMMANDS] 2026-01-03 05:00:06 [📌 COMMANDS NOTIFY] Chargée : infoshift
[2026-01-03T04:00:06.467Z] [COMMANDS] 2026-01-03 05:00:06 [📌 COMMANDS NOTIFY] Chargée : kick
[2026-01-03T04:00:06.467Z] [COMMANDS] 2026-01-03 05:00:06 [📌 COMMANDS NOTIFY] Chargée : mute
[2026-01-03T04:00:06.467Z] [COMMANDS] 2026-01-03 05:00:06 [📌 COMMANDS NOTIFY] Chargée : openservice
[2026-01-03T04:00:06.468Z] [COMMANDS] 2026-01-03 05:00:06 [📌 COMMANDS NOTIFY] Chargée : pex
[2026-01-03T04:00:06.471Z] [COMMANDS] 2026-01-03 05:00:06 [📌 COMMANDS NOTIFY] Chargée : play
[2026-01-03T04:00:06.471Z] [COMMANDS] 2026-01-03 05:00:06 [📌 COMMANDS NOTIFY] Chargée : promote
[2026-01-03T04:00:06.471Z] [COMMANDS] 2026-01-03 05:00:06 [📌 COMMANDS NOTIFY] Chargée : recruit
[2026-01-03T04:00:06.471Z] [COMMANDS] 2026-01-03 05:00:06 [📌 COMMANDS NOTIFY] Chargée : rename
[2026-01-03T04:00:06.472Z] [COMMANDS] 2026-01-03 05:00:06 [📌 COMMANDS NOTIFY] Chargée : role
[2026-01-03T04:00:06.472Z] [COMMANDS] 2026-01-03 05:00:06 [📌 COMMANDS NOTIFY] Chargée : send
[2026-01-03T04:00:06.472Z] [COMMANDS] 2026-01-03 05:00:06 [📌 COMMANDS NOTIFY] Chargée : shift
[2026-01-03T04:00:06.473Z] [COMMANDS] 2026-01-03 05:00:06 [📌 COMMANDS NOTIFY] Chargée : ticket
[2026-01-03T04:00:06.473Z] [COMMANDS] 2026-01-03 05:00:06 [📌 COMMANDS NOTIFY] Chargée : userinfo
[2026-01-03T04:00:06.473Z] [COMMANDS] 2026-01-03 05:00:06 [📌 COMMANDS NOTIFY] Chargée : warn
[2026-01-03T04:00:06.474Z] 2026-01-03 05:00:06 [CLIENT DISCORD] [42m[30mChargement des informations du package.[39m[49m
[42m[30m[39m[49m [46m[PACKAGE][49m [32mAuth. : François 🌸[39m
[32m[39m [46m[PACKAGE][49m [32mDepd. : axios, chalk, cron, discord-html-transcripts, discord-player, discord.js, distube, dotenv, express, express-session, form-data, fs, googleapis, luxon, multer, node-cron, node-fetch, ora, patch, path, pdf-lib, pdfkit, play-dl, readline, rl, uuid[39m
[32m[39m [46m[PACKAGE][49m [32mDesc. : Official Bot Catherine for 911 Community.[39m
[32m[39m [46m[PACKAGE][49m [32mLisc. : ISC[39m
[32m[39m [46m[PACKAGE][49m [32mMain. : index.js[39m
[32m[39m [46m[PACKAGE][49m [32mName. : catherine[39m
[32m[39m [46m[PACKAGE][49m [32mScrp. : {"test":"echo \"Error: no test specified\" && exit 1","start":"node server.js"}[39m
[32m[39m [46m[PACKAGE][49m [32mVers. : 2.3.5[39m
[32m[39m [46m[PACKAGE][49m [32mPatch Note. : **[PN - 07/06]** *Passage 2.0 with new patch (shift, tabs... new commands handler)*[39m
[32m[39m
[2026-01-03T04:00:06.505Z] 2026-01-03 05:00:06 [CLIENT DISCORD] L'interaction  [32mmodals.js[39m [0m ont correctement été exporté.[0m
[2026-01-03T04:00:06.506Z] [EVENT] 2026-01-03 05:00:06 [📅 EVENT NOTIFY] Chargé : interactionCreate
[2026-01-03T04:00:06.507Z] [EVENT] 2026-01-03 05:00:06 [📅 EVENT NOTIFY] Chargé : messageCreate
[2026-01-03T04:00:06.508Z] [EVENT] 2026-01-03 05:00:06 [📅 EVENT NOTIFY] Chargé : messageDelete
[2026-01-03T04:00:06.509Z] [EVENT] 2026-01-03 05:00:06 [📅 EVENT NOTIFY] Chargé : messageUpdate
[2026-01-03T04:00:06.513Z] 2026-01-03 05:00:06 [CLIENT DISCORD] Les modules  [32mcommands.js[39m [0m ont correctement été exporté.[0m
[2026-01-03T04:00:06.516Z] [EVENT] 2026-01-03 05:00:06 [📅 EVENT NOTIFY] Chargé : ready
[2026-01-03T04:00:06.516Z] [EVENT] 2026-01-03 05:00:06 [📅 EVENT NOTIFY] Chargé : voiceStateUpdate
[2026-01-03T04:00:06.518Z] [COMMANDS] 2026-01-03 05:00:06 [📌 COMMANDS NOTIFY] Chargée : ban
[2026-01-03T04:00:06.519Z] [COMMANDS] 2026-01-03 05:00:06 [📌 COMMANDS NOTIFY] Chargée : clear
[2026-01-03T04:00:06.520Z] [COMMANDS] 2026-01-03 05:00:06 [📌 COMMANDS NOTIFY] Chargée : commander
[2026-01-03T04:00:06.521Z] [COMMANDS] 2026-01-03 05:00:06 [📌 COMMANDS NOTIFY] Chargée : createreport
[2026-01-03T04:00:06.522Z] [COMMANDS] 2026-01-03 05:00:06 [📌 COMMANDS NOTIFY] Chargée : div
[2026-01-03T04:00:06.523Z] [COMMANDS] 2026-01-03 05:00:06 [📌 COMMANDS NOTIFY] Chargée : help
[2026-01-03T04:00:06.523Z] [COMMANDS] 2026-01-03 05:00:06 [📌 COMMANDS NOTIFY] Chargée : info
[2026-01-03T04:00:06.524Z] [COMMANDS] 2026-01-03 05:00:06 [📌 COMMANDS NOTIFY] Chargée : infoshift
[2026-01-03T04:00:06.525Z] [COMMANDS] 2026-01-03 05:00:06 [📌 COMMANDS NOTIFY] Chargée : kick
[2026-01-03T04:00:06.526Z] [COMMANDS] 2026-01-03 05:00:06 [📌 COMMANDS NOTIFY] Chargée : mute
[2026-01-03T04:00:06.527Z] [COMMANDS] 2026-01-03 05:00:06 [📌 COMMANDS NOTIFY] Chargée : openservice
[2026-01-03T04:00:06.528Z] [COMMANDS] 2026-01-03 05:00:06 [📌 COMMANDS NOTIFY] Chargée : pex
[2026-01-03T04:00:06.532Z] [COMMANDS] 2026-01-03 05:00:06 [📌 COMMANDS NOTIFY] Chargée : play
[2026-01-03T04:00:06.534Z] [COMMANDS] 2026-01-03 05:00:06 [📌 COMMANDS NOTIFY] Chargée : promote
[2026-01-03T04:00:06.535Z] [COMMANDS] 2026-01-03 05:00:06 [📌 COMMANDS NOTIFY] Chargée : recruit
[2026-01-03T04:00:06.536Z] [COMMANDS] 2026-01-03 05:00:06 [📌 COMMANDS NOTIFY] Chargée : rename
[2026-01-03T04:00:06.537Z] [COMMANDS] 2026-01-03 05:00:06 [📌 COMMANDS NOTIFY] Chargée : role
[2026-01-03T04:00:06.538Z] [COMMANDS] 2026-01-03 05:00:06 [📌 COMMANDS NOTIFY] Chargée : send
[2026-01-03T04:00:06.539Z] [COMMANDS] 2026-01-03 05:00:06 [📌 COMMANDS NOTIFY] Chargée : shift
[2026-01-03T04:00:06.540Z] [COMMANDS] 2026-01-03 05:00:06 [📌 COMMANDS NOTIFY] Chargée : ticket
[2026-01-03T04:00:06.541Z] [COMMANDS] 2026-01-03 05:00:06 [📌 COMMANDS NOTIFY] Chargée : userinfo
[2026-01-03T04:00:06.542Z] [COMMANDS] 2026-01-03 05:00:06 [📌 COMMANDS NOTIFY] Chargée : warn
[2026-01-03T04:00:06.545Z] 2026-01-03 05:00:06 [CLIENT DISCORD] [42m[30mChargement des informations du package.[39m[49m
[42m[30m[39m[49m [46m[PACKAGE][49m [32mAuth. : François 🌸[39m
[32m[39m [46m[PACKAGE][49m [32mDepd. : axios, chalk, cron, discord-html-transcripts, discord-player, discord.js, distube, dotenv, express, express-session, form-data, fs, googleapis, luxon, multer, node-cron, node-fetch, ora, patch, path, pdf-lib, pdfkit, play-dl, readline, rl, uuid[39m
[32m[39m [46m[PACKAGE][49m [32mDesc. : Official Bot Catherine for 911 Community.[39m
[32m[39m [46m[PACKAGE][49m [32mLisc. : ISC[39m
[32m[39m [46m[PACKAGE][49m [32mMain. : index.js[39m
[32m[39m [46m[PACKAGE][49m [32mName. : catherine[39m
[32m[39m [46m[PACKAGE][49m [32mScrp. : {"test":"echo \"Error: no test specified\" && exit 1","start":"node server.js"}[39m
[32m[39m [46m[PACKAGE][49m [32mVers. : 2.3.5[39m
[32m[39m [46m[PACKAGE][49m [32mPatch Note. : **[PN - 07/06]** *Passage 2.0 with new patch (shift, tabs... new commands handler)*[39m
[32m[39m
[2026-01-03T04:00:06.754Z] 2026-01-03 05:00:06 [CLIENT DISCORD] 📦 Nom GitHub : catherine
[2026-01-03T04:00:06.754Z] 2026-01-03 05:00:06 [CLIENT DISCORD] 🕒 Version distante : 2.3.5
[2026-01-03T04:00:06.756Z] [INFO] 2026-01-03 05:00:06 [ℹ️ INFO NOTIFY] ✅ Les versions sont identiques.
[2026-01-03T04:00:06.824Z] 2026-01-03 05:00:06 [CLIENT DISCORD] 📦 Nom GitHub : catherine
[2026-01-03T04:00:06.825Z] 2026-01-03 05:00:06 [CLIENT DISCORD] 🕒 Version distante : 2.3.5
[2026-01-03T04:00:06.826Z] [INFO] 2026-01-03 05:00:06 [ℹ️ INFO NOTIFY] ✅ Les versions sont identiques.
[2026-01-03T04:00:07.459Z] 2026-01-03 05:00:07 [DEBUG] 📦 Checking version from local...
[2026-01-03T04:00:07.460Z] 2026-01-03 05:00:07 [CLIENT DISCORD] 📦 Nom : catherine
[2026-01-03T04:00:07.461Z] 2026-01-03 05:00:07 [CLIENT DISCORD] 🕒 Version locale : 2.3.5
[2026-01-03T04:00:07.461Z] 2026-01-03 05:00:07 [DEBUG] 🌐 Checking version from GitHub...
[2026-01-03T04:00:07.472Z] 2026-01-03 05:00:07 [DEBUG] 📦 Checking version from local...
[2026-01-03T04:00:07.472Z] 2026-01-03 05:00:07 [CLIENT DISCORD] 📦 Nom : catherine
[2026-01-03T04:00:07.472Z] 2026-01-03 05:00:07 [CLIENT DISCORD] 🕒 Version locale : 2.3.5
[2026-01-03T04:00:07.472Z] 2026-01-03 05:00:07 [DEBUG] 🌐 Checking version from GitHub...
[2026-01-03T04:00:07.636Z] 2026-01-03 05:00:07 [CLIENT DISCORD] 📦 Nom GitHub : catherine
[2026-01-03T04:00:07.637Z] 2026-01-03 05:00:07 [CLIENT DISCORD] 🕒 Version distante : 2.3.5
[2026-01-03T04:00:07.638Z] [INFO] 2026-01-03 05:00:07 [ℹ️ INFO NOTIFY] ✅ Les versions sont identiques.
[2026-01-03T04:00:07.639Z] 2026-01-03 05:00:07 [CLIENT DISCORD] [34m==============================[39m
[2026-01-03T04:00:07.639Z] 2026-01-03 05:00:07 [CLIENT DISCORD] [32m🚀 Démarrage du bot...[39m
[2026-01-03T04:00:07.640Z] 2026-01-03 05:00:07 [CLIENT DISCORD] [33m🔗 Connexion à Discord API...[39m
[2026-01-03T04:00:07.641Z] 2026-01-03 05:00:07 [CLIENT DISCORD] [36m✅ Bot RP en ligne ! Connecté en tant que 293 | Catherine#8045[39m
[2026-01-03T04:00:07.642Z] 2026-01-03 05:00:07 [CLIENT DISCORD] [34m==============================[39m
[34m[39m
[2026-01-03T04:00:07.647Z] 2026-01-03 05:00:07 [CLIENT DISCORD] [player] Initialisation du Player terminée.
[2026-01-03T04:00:07.649Z] 2026-01-03 05:00:07 [CLIENT DISCORD] [player] Extracteurs chargés avec succès.
[2026-01-03T04:00:07.649Z] 2026-01-03 05:00:07 [CLIENT DISCORD] 📥 Serveur trouvé : Broward County Sheriff Office
[2026-01-03T04:00:07.830Z] 2026-01-03 05:00:07 [CLIENT DISCORD] 📦 Nom GitHub : catherine
[2026-01-03T04:00:07.831Z] 2026-01-03 05:00:07 [CLIENT DISCORD] 🕒 Version distante : 2.3.5
[2026-01-03T04:00:07.831Z] [INFO] 2026-01-03 05:00:07 [ℹ️ INFO NOTIFY] ✅ Les versions sont identiques.
[2026-01-03T04:00:07.832Z] 2026-01-03 05:00:07 [CLIENT DISCORD] [34m==============================[39m
[2026-01-03T04:00:07.832Z] 2026-01-03 05:00:07 [CLIENT DISCORD] [32m🚀 Démarrage du bot...[39m
[2026-01-03T04:00:07.832Z] 2026-01-03 05:00:07 [CLIENT DISCORD] [33m🔗 Connexion à Discord API...[39m
[2026-01-03T04:00:07.832Z] 2026-01-03 05:00:07 [CLIENT DISCORD] [36m✅ Bot RP en ligne ! Connecté en tant que 293 | Catherine#8045[39m
[2026-01-03T04:00:07.832Z] 2026-01-03 05:00:07 [CLIENT DISCORD] [34m==============================[39m
[34m[39m
[2026-01-03T04:00:07.837Z] 2026-01-03 05:00:07 [CLIENT DISCORD] [player] Initialisation du Player terminée.
[2026-01-03T04:00:07.837Z] 2026-01-03 05:00:07 [CLIENT DISCORD] [player] Extracteurs chargés avec succès.
[2026-01-03T04:00:07.838Z] 2026-01-03 05:00:07 [CLIENT DISCORD] 📥 Serveur trouvé : Broward County Sheriff Office
[2026-01-03T04:00:07.913Z] 2026-01-03 05:00:07 [CLIENT DISCORD] 🔍 Commandes déjà présentes : commander, play, rules, createreport, div, role, info, pex, openservice, infoshift, recruit, help, ban, ticket, shutdown, userinfo, send, clear, kick, warn, mute, rename, shift, promote
[2026-01-03T04:00:07.916Z] 2026-01-03 05:00:07 [WARN] ⚠️ Les commandes sont déjà enregistrées. Lance avec 'debug' pour forcer l'écrasement.
[2026-01-03T04:00:07.918Z] 2026-01-03 05:00:07 [ERROR] ❌ Erreur lors de l'enregistrement des commandes : {}
[2026-01-03T04:00:07.919Z] 2026-01-03 05:00:07 [CLIENT DISCORD] ✅ Bot prêt en tant que 293 | Catherine#8045
[2026-01-03T04:00:07.921Z] 2026-01-03 05:00:07 [CLIENT DISCORD] [Cron] 🕒 Démarrage de la régénération automatique de la hiérarchie (tabs)...
[2026-01-03T04:00:07.922Z] 2026-01-03 05:00:07 [CLIENT DISCORD] [Cron] 🕒 Démarrage de la régénération automatique de la hiérarchie... (DIV)
[2026-01-03T04:00:08.056Z] 2026-01-03 05:00:08 [CLIENT DISCORD] 🔍 Commandes déjà présentes : commander, play, rules, createreport, div, role, info, pex, openservice, infoshift, recruit, help, ban, ticket, shutdown, userinfo, send, clear, kick, warn, mute, rename, shift, promote
[2026-01-03T04:00:08.056Z] 2026-01-03 05:00:08 [WARN] ⚠️ Les commandes sont déjà enregistrées. Lance avec 'debug' pour forcer l'écrasement.
[2026-01-03T04:00:08.056Z] 2026-01-03 05:00:08 [ERROR] ❌ Erreur lors de l'enregistrement des commandes : {}
[2026-01-03T04:00:08.056Z] 2026-01-03 05:00:08 [CLIENT DISCORD] ✅ Bot prêt en tant que 293 | Catherine#8045
[2026-01-03T04:00:08.058Z] 2026-01-03 05:00:08 [CLIENT DISCORD] [Cron] 🕒 Démarrage de la régénération automatique de la hiérarchie (tabs)...
[2026-01-03T04:00:08.058Z] 2026-01-03 05:00:08 [CLIENT DISCORD] [Cron] 🕒 Démarrage de la régénération automatique de la hiérarchie... (DIV)
[2026-01-03T04:00:08.602Z] 2026-01-03 05:00:08 [WARN] [!] (DIV) Ancien message non trouvé ou déjà supprimé.
[2026-01-03T04:00:08.883Z] [NOTIFY] 2026-01-03 05:00:08 [🟢 SOFT NOTIFY] Message TABS supprimé
[2026-01-03T04:00:08.965Z] 2026-01-03 05:00:08 [WARN] [!] (TABS) Ancien message non trouvé ou déjà supprimé.
[2026-01-03T04:00:09.618Z] 2026-01-03 05:00:09 [CLIENT DISCORD] [✅] Hiérarchie DIV envoyée.
[2026-01-03T04:00:09.618Z] 2026-01-03 05:00:09 [CLIENT DISCORD] [Cron] 🕒 Fin de la régénération automatique de la hiérarchie.
[2026-01-03T04:00:10.084Z] 2026-01-03 05:00:10 [CLIENT DISCORD] [✅] Hiérarchie TABS envoyée.
[2026-01-03T04:00:10.086Z] 2026-01-03 05:00:10 [CLIENT DISCORD] [Cron] 🕒 Fin de la régénération automatique de la hiérarchie.
[2026-01-03T04:00:14.017Z] 2026-01-03 05:00:14 [CLIENT DISCORD] [✅] Hiérarchie DIV envoyée.
[2026-01-03T04:00:14.019Z] 2026-01-03 05:00:14 [CLIENT DISCORD] [Cron] 🕒 Fin de la régénération automatique de la hiérarchie.
[2026-01-03T04:00:14.100Z] 2026-01-03 05:00:14 [CLIENT DISCORD] [✅] Hiérarchie TABS envoyée.
[2026-01-03T04:00:14.101Z] 2026-01-03 05:00:14 [CLIENT DISCORD] [Cron] 🕒 Fin de la régénération automatique de la hiérarchie.
[2026-01-03T07:00:00.022Z] 2026-01-03 08:00:00 [CLIENT DISCORD] [32m🌅 Tâches du matin exécutées ![39m
[2026-01-03T07:00:00.022Z] 2026-01-03 08:00:00 [CLIENT DISCORD] [32m🌅 Tâches du matin exécutées ![39m
[2026-01-03T07:00:00.025Z] 2026-01-03 08:00:00 [CLIENT DISCORD] [Cron] 🕒 Démarrage de la régénération automatique de la hiérarchie (tabs)...
[2026-01-03T07:00:00.025Z] 2026-01-03 08:00:00 [CLIENT DISCORD] [Cron] 🕒 Démarrage de la régénération automatique de la hiérarchie (tabs)...
[2026-01-03T07:00:00.026Z] 2026-01-03 08:00:00 [CLIENT DISCORD] [Cron] 🕒 Démarrage de la régénération automatique de la hiérarchie... (DIV)
[2026-01-03T07:00:00.026Z] 2026-01-03 08:00:00 [CLIENT DISCORD] [Cron] 🕒 Démarrage de la régénération automatique de la hiérarchie... (DIV)
[2026-01-03T07:00:00.028Z] 2026-01-03 08:00:00 [CLIENT DISCORD] 🔍 Vérification des règles...
[2026-01-03T07:00:00.028Z] 2026-01-03 08:00:00 [CLIENT DISCORD] 🔍 Vérification des règles...
[2026-01-03T07:00:00.028Z] 2026-01-03 08:00:00 [DEBUG] 📦 Checking version from local...
[2026-01-03T07:00:00.029Z] 2026-01-03 08:00:00 [CLIENT DISCORD] 📦 Nom : catherine
[2026-01-03T07:00:00.029Z] 2026-01-03 08:00:00 [CLIENT DISCORD] 🕒 Version locale : 2.3.5
[2026-01-03T07:00:00.029Z] 2026-01-03 08:00:00 [DEBUG] 🌐 Checking version from GitHub...
[2026-01-03T07:00:00.029Z] 2026-01-03 08:00:00 [DEBUG] 📦 Checking version from local...
[2026-01-03T07:00:00.030Z] 2026-01-03 08:00:00 [CLIENT DISCORD] 📦 Nom : catherine
[2026-01-03T07:00:00.031Z] 2026-01-03 08:00:00 [CLIENT DISCORD] 🕒 Version locale : 2.3.5
[2026-01-03T07:00:00.032Z] 2026-01-03 08:00:00 [CLIENT DISCORD] ✅ rules_1.txt inchangé, pas de mise à jour.
[2026-01-03T07:00:00.033Z] 2026-01-03 08:00:00 [DEBUG] 🌐 Checking version from GitHub...
[2026-01-03T07:00:00.033Z] 2026-01-03 08:00:00 [CLIENT DISCORD] ✅ rules_2.txt inchangé, pas de mise à jour.
[2026-01-03T07:00:00.034Z] 2026-01-03 08:00:00 [CLIENT DISCORD] ✅ Vérification des règles terminée.
[2026-01-03T07:00:00.036Z] 2026-01-03 08:00:00 [CLIENT DISCORD] ✅ rules_1.txt inchangé, pas de mise à jour.
[2026-01-03T07:00:00.037Z] 2026-01-03 08:00:00 [CLIENT DISCORD] ✅ rules_2.txt inchangé, pas de mise à jour.
[2026-01-03T07:00:00.038Z] 2026-01-03 08:00:00 [CLIENT DISCORD] ✅ Vérification des règles terminée.
[2026-01-03T07:00:00.164Z] 2026-01-03 08:00:00 [CLIENT DISCORD] [EXPORT] access.json mis à jour avec 13 exécutif(s), 3 superviseur(s) et 4 commandement(s)
[2026-01-03T07:00:00.197Z] 2026-01-03 08:00:00 [CLIENT DISCORD] [EXPORT] access.json mis à jour avec 13 exécutif(s), 3 superviseur(s) et 4 commandement(s)
[2026-01-03T07:00:00.400Z] 2026-01-03 08:00:00 [CLIENT DISCORD] 📦 Nom GitHub : catherine
[2026-01-03T07:00:00.402Z] 2026-01-03 08:00:00 [CLIENT DISCORD] 🕒 Version distante : 2.3.5
[2026-01-03T07:00:00.403Z] [INFO] 2026-01-03 08:00:00 [ℹ️ INFO NOTIFY] ✅ Les versions sont identiques.
[2026-01-03T07:00:00.403Z] 2026-01-03 08:00:00 [CLIENT DISCORD] 📦 Nom GitHub : catherine
[2026-01-03T07:00:00.405Z] 2026-01-03 08:00:00 [CLIENT DISCORD] 🕒 Version distante : 2.3.5
[2026-01-03T07:00:00.405Z] [INFO] 2026-01-03 08:00:00 [ℹ️ INFO NOTIFY] ✅ Les versions sont identiques.
[2026-01-03T07:00:00.798Z] [NOTIFY] 2026-01-03 08:00:00 [🟢 SOFT NOTIFY] Message TABS supprimé
[2026-01-03T07:00:00.802Z] [NOTIFY] 2026-01-03 08:00:00 [🟢 SOFT NOTIFY] Message TABS supprimé
[2026-01-03T07:00:02.209Z] 2026-01-03 08:00:02 [CLIENT DISCORD] [✅] Hiérarchie DIV envoyée.
[2026-01-03T07:00:02.211Z] 2026-01-03 08:00:02 [CLIENT DISCORD] [Cron] 🕒 Fin de la régénération automatique de la hiérarchie.
[2026-01-03T07:00:02.549Z] 2026-01-03 08:00:02 [CLIENT DISCORD] [✅] Hiérarchie DIV envoyée.
[2026-01-03T07:00:02.550Z] 2026-01-03 08:00:02 [CLIENT DISCORD] [Cron] 🕒 Fin de la régénération automatique de la hiérarchie.
[2026-01-03T07:00:02.667Z] 2026-01-03 08:00:02 [CLIENT DISCORD] [✅] Hiérarchie TABS envoyée.
[2026-01-03T07:00:02.669Z] 2026-01-03 08:00:02 [CLIENT DISCORD] [Cron] 🕒 Fin de la régénération automatique de la hiérarchie.
[2026-01-03T07:00:08.489Z] 2026-01-03 08:00:08 [CLIENT DISCORD] [✅] Hiérarchie TABS envoyée.
[2026-01-03T07:00:08.489Z] 2026-01-03 08:00:08 [CLIENT DISCORD] [Cron] 🕒 Fin de la régénération automatique de la hiérarchie.
[2026-01-03T13:21:08.761Z] 2026-01-03 14:21:08 [CLIENT DISCORD] Les modules [32mloggers[39m ont correctement été exportés.
[2026-01-03T13:21:08.762Z] 2026-01-03 14:21:08 [DEBUG] 📦 Checking version from local...
[2026-01-03T13:21:08.762Z] 2026-01-03 14:21:08 [CLIENT DISCORD] 📦 Nom : catherine
[2026-01-03T13:21:08.763Z] 2026-01-03 14:21:08 [CLIENT DISCORD] 🕒 Version locale : 2.3.5
[2026-01-03T13:21:08.763Z] 2026-01-03 14:21:08 [DEBUG] 🌐 Checking version from GitHub...
[2026-01-03T13:21:08.783Z] [EVENT] 2026-01-03 14:21:08 [📅 EVENT NOTIFY] Chargé : guildBanAdd
[2026-01-03T13:21:08.783Z] [EVENT] 2026-01-03 14:21:08 [📅 EVENT NOTIFY] Chargé : guildBanRemove
[2026-01-03T13:21:08.784Z] [EVENT] 2026-01-03 14:21:08 [📅 EVENT NOTIFY] Chargé : guildMemberAdd
[2026-01-03T13:21:08.784Z] [EVENT] 2026-01-03 14:21:08 [📅 EVENT NOTIFY] Chargé : guildMemberRemove
[2026-01-03T13:21:08.785Z] 2026-01-03 14:21:08 [CLIENT DISCORD] Les modules  [32mutils.js[39m [0m ont correctement été exporté.[0m
[2026-01-03T13:21:08.906Z] 2026-01-03 14:21:08 [CLIENT DISCORD] L'interaction  [32mbuttons.js[39m [0m ont correctement été exporté.[0m
[2026-01-03T13:21:08.952Z] 2026-01-03 14:21:08 [CLIENT DISCORD] L'interaction  [32mmodals.js[39m [0m ont correctement été exporté.[0m
[2026-01-03T13:21:08.952Z] [EVENT] 2026-01-03 14:21:08 [📅 EVENT NOTIFY] Chargé : interactionCreate
[2026-01-03T13:21:08.953Z] [EVENT] 2026-01-03 14:21:08 [📅 EVENT NOTIFY] Chargé : messageCreate
[2026-01-03T13:21:08.953Z] [EVENT] 2026-01-03 14:21:08 [📅 EVENT NOTIFY] Chargé : messageDelete
[2026-01-03T13:21:08.953Z] [EVENT] 2026-01-03 14:21:08 [📅 EVENT NOTIFY] Chargé : messageUpdate
[2026-01-03T13:21:08.957Z] 2026-01-03 14:21:08 [CLIENT DISCORD] Les modules  [32mcommands.js[39m [0m ont correctement été exporté.[0m
[2026-01-03T13:21:08.959Z] [EVENT] 2026-01-03 14:21:08 [📅 EVENT NOTIFY] Chargé : ready
[2026-01-03T13:21:08.960Z] [EVENT] 2026-01-03 14:21:08 [📅 EVENT NOTIFY] Chargé : voiceStateUpdate
[2026-01-03T13:21:08.962Z] [COMMANDS] 2026-01-03 14:21:08 [📌 COMMANDS NOTIFY] Chargée : ban
[2026-01-03T13:21:08.962Z] [COMMANDS] 2026-01-03 14:21:08 [📌 COMMANDS NOTIFY] Chargée : clear
[2026-01-03T13:21:08.963Z] [COMMANDS] 2026-01-03 14:21:08 [📌 COMMANDS NOTIFY] Chargée : commander
[2026-01-03T13:21:08.963Z] [COMMANDS] 2026-01-03 14:21:08 [📌 COMMANDS NOTIFY] Chargée : createreport
[2026-01-03T13:21:08.963Z] [COMMANDS] 2026-01-03 14:21:08 [📌 COMMANDS NOTIFY] Chargée : div
[2026-01-03T13:21:08.964Z] [COMMANDS] 2026-01-03 14:21:08 [📌 COMMANDS NOTIFY] Chargée : help
[2026-01-03T13:21:08.964Z] [COMMANDS] 2026-01-03 14:21:08 [📌 COMMANDS NOTIFY] Chargée : info
[2026-01-03T13:21:08.964Z] [COMMANDS] 2026-01-03 14:21:08 [📌 COMMANDS NOTIFY] Chargée : infoshift
[2026-01-03T13:21:08.964Z] [COMMANDS] 2026-01-03 14:21:08 [📌 COMMANDS NOTIFY] Chargée : kick
[2026-01-03T13:21:08.965Z] [COMMANDS] 2026-01-03 14:21:08 [📌 COMMANDS NOTIFY] Chargée : mute
[2026-01-03T13:21:08.965Z] [COMMANDS] 2026-01-03 14:21:08 [📌 COMMANDS NOTIFY] Chargée : openservice
[2026-01-03T13:21:08.965Z] [COMMANDS] 2026-01-03 14:21:08 [📌 COMMANDS NOTIFY] Chargée : pex
[2026-01-03T13:21:08.968Z] [COMMANDS] 2026-01-03 14:21:08 [📌 COMMANDS NOTIFY] Chargée : play
[2026-01-03T13:21:08.969Z] [COMMANDS] 2026-01-03 14:21:08 [📌 COMMANDS NOTIFY] Chargée : promote
[2026-01-03T13:21:08.969Z] [COMMANDS] 2026-01-03 14:21:08 [📌 COMMANDS NOTIFY] Chargée : recruit
[2026-01-03T13:21:08.969Z] [COMMANDS] 2026-01-03 14:21:08 [📌 COMMANDS NOTIFY] Chargée : rename
[2026-01-03T13:21:08.969Z] [COMMANDS] 2026-01-03 14:21:08 [📌 COMMANDS NOTIFY] Chargée : role
[2026-01-03T13:21:08.970Z] [COMMANDS] 2026-01-03 14:21:08 [📌 COMMANDS NOTIFY] Chargée : send
[2026-01-03T13:21:08.970Z] [COMMANDS] 2026-01-03 14:21:08 [📌 COMMANDS NOTIFY] Chargée : shift
[2026-01-03T13:21:08.970Z] [COMMANDS] 2026-01-03 14:21:08 [📌 COMMANDS NOTIFY] Chargée : ticket
[2026-01-03T13:21:08.971Z] [COMMANDS] 2026-01-03 14:21:08 [📌 COMMANDS NOTIFY] Chargée : userinfo
[2026-01-03T13:21:08.971Z] [COMMANDS] 2026-01-03 14:21:08 [📌 COMMANDS NOTIFY] Chargée : warn
[2026-01-03T13:21:08.972Z] 2026-01-03 14:21:08 [CLIENT DISCORD] [42m[30mChargement des informations du package.[39m[49m
[42m[30m[39m[49m [46m[PACKAGE][49m [32mAuth. : François 🌸[39m
[32m[39m [46m[PACKAGE][49m [32mDepd. : axios, chalk, cron, discord-html-transcripts, discord-player, discord.js, distube, dotenv, express, express-session, form-data, fs, googleapis, luxon, multer, node-cron, node-fetch, ora, patch, path, pdf-lib, pdfkit, play-dl, readline, rl, uuid[39m
[32m[39m [46m[PACKAGE][49m [32mDesc. : Official Bot Catherine for 911 Community.[39m
[32m[39m [46m[PACKAGE][49m [32mLisc. : ISC[39m
[32m[39m [46m[PACKAGE][49m [32mMain. : index.js[39m
[32m[39m [46m[PACKAGE][49m [32mName. : catherine[39m
[32m[39m [46m[PACKAGE][49m [32mScrp. : {"test":"echo \"Error: no test specified\" && exit 1","start":"node server.js"}[39m
[32m[39m [46m[PACKAGE][49m [32mVers. : 2.3.5[39m
[32m[39m [46m[PACKAGE][49m [32mPatch Note. : **[PN - 07/06]** *Passage 2.0 with new patch (shift, tabs... new commands handler)*[39m
[32m[39m
[2026-01-03T13:21:09.568Z] 2026-01-03 14:21:09 [CLIENT DISCORD] 📦 Nom GitHub : catherine
[2026-01-03T13:21:09.569Z] 2026-01-03 14:21:09 [CLIENT DISCORD] 🕒 Version distante : 2.3.5
[2026-01-03T13:21:09.570Z] [INFO] 2026-01-03 14:21:09 [ℹ️ INFO NOTIFY] ✅ Les versions sont identiques.
[2026-01-03T13:21:12.230Z] 2026-01-03 14:21:12 [DEBUG] 📦 Checking version from local...
[2026-01-03T13:21:12.231Z] 2026-01-03 14:21:12 [CLIENT DISCORD] 📦 Nom : catherine
[2026-01-03T13:21:12.231Z] 2026-01-03 14:21:12 [CLIENT DISCORD] 🕒 Version locale : 2.3.5
[2026-01-03T13:21:12.232Z] 2026-01-03 14:21:12 [DEBUG] 🌐 Checking version from GitHub...
[2026-01-03T13:21:12.886Z] 2026-01-03 14:21:12 [CLIENT DISCORD] 📦 Nom GitHub : catherine
[2026-01-03T13:21:12.888Z] 2026-01-03 14:21:12 [CLIENT DISCORD] 🕒 Version distante : 2.3.5
[2026-01-03T13:21:12.889Z] [INFO] 2026-01-03 14:21:12 [ℹ️ INFO NOTIFY] ✅ Les versions sont identiques.
[2026-01-03T13:21:12.890Z] 2026-01-03 14:21:12 [CLIENT DISCORD] [34m==============================[39m
[2026-01-03T13:21:12.891Z] 2026-01-03 14:21:12 [CLIENT DISCORD] [32m🚀 Démarrage du bot...[39m
[2026-01-03T13:21:12.892Z] 2026-01-03 14:21:12 [CLIENT DISCORD] [33m🔗 Connexion à Discord API...[39m
[2026-01-03T13:21:12.892Z] 2026-01-03 14:21:12 [CLIENT DISCORD] [36m✅ Bot RP en ligne ! Connecté en tant que 293 | Catherine#8045[39m
[2026-01-03T13:21:12.893Z] 2026-01-03 14:21:12 [CLIENT DISCORD] [34m==============================[39m
[34m[39m
[2026-01-03T13:21:12.898Z] 2026-01-03 14:21:12 [CLIENT DISCORD] [player] Initialisation du Player terminée.
[2026-01-03T13:21:12.900Z] 2026-01-03 14:21:12 [CLIENT DISCORD] [player] Extracteurs chargés avec succès.
[2026-01-03T13:21:12.900Z] 2026-01-03 14:21:12 [CLIENT DISCORD] 📥 Serveur trouvé : Broward County Sheriff Office
[2026-01-03T13:21:13.531Z] 2026-01-03 14:21:13 [CLIENT DISCORD] 🔍 Commandes déjà présentes : commander, play, rules, createreport, div, role, info, pex, openservice, infoshift, recruit, help, ban, ticket, shutdown, userinfo, send, clear, kick, warn, mute, rename, shift, promote
[2026-01-03T13:21:13.533Z] 2026-01-03 14:21:13 [WARN] ⚠️ Les commandes sont déjà enregistrées. Lance avec 'debug' pour forcer l'écrasement.
[2026-01-03T13:21:13.534Z] 2026-01-03 14:21:13 [ERROR] ❌ Erreur lors de l'enregistrement des commandes : {}
[2026-01-03T13:21:13.535Z] 2026-01-03 14:21:13 [CLIENT DISCORD] ✅ Bot prêt en tant que 293 | Catherine#8045
[2026-01-03T13:21:13.538Z] 2026-01-03 14:21:13 [CLIENT DISCORD] [Cron] 🕒 Démarrage de la régénération automatique de la hiérarchie (tabs)...
[2026-01-03T13:21:13.539Z] 2026-01-03 14:21:13 [CLIENT DISCORD] [Cron] 🕒 Démarrage de la régénération automatique de la hiérarchie... (DIV)
[2026-01-03T13:21:13.880Z] 2026-01-03 14:21:13 [WARN] [!] (DIV) Ancien message non trouvé ou déjà supprimé.
[2026-01-03T13:21:14.820Z] [NOTIFY] 2026-01-03 14:21:14 [🟢 SOFT NOTIFY] Message TABS supprimé
[2026-01-03T13:21:15.837Z] 2026-01-03 14:21:15 [CLIENT DISCORD] [✅] Hiérarchie DIV envoyée.
[2026-01-03T13:21:15.839Z] 2026-01-03 14:21:15 [CLIENT DISCORD] [Cron] 🕒 Fin de la régénération automatique de la hiérarchie.
[2026-01-03T13:21:16.213Z] 2026-01-03 14:21:16 [CLIENT DISCORD] [✅] Hiérarchie TABS envoyée.
[2026-01-03T13:21:16.214Z] 2026-01-03 14:21:16 [CLIENT DISCORD] [Cron] 🕒 Fin de la régénération automatique de la hiérarchie.
[2026-01-03T14:07:51.848Z] 2026-01-03 15:07:51 [CLIENT DISCORD] [94m[MESSAGE_SENT][39m [32m.darkodin92[39m [0ma envoyé[0m [32mPour information <@449432156595552257> ce soir le <@1021090086756036648> partira en patrouille avec moi, ensuite merci de reporté sont évaluations des différents volumes à la semaine prochaine, pour toute question rapprocher vous de mon bureau [39m
[32m[39m
[32mSheriff Rodriguez Dasilva.[39m [0mdans[0m [32mprobation-j-martin[39m
[2026-01-03T14:09:26.666Z] 2026-01-03 15:09:26 [CLIENT DISCORD] [94m[MESSAGE_SENT][39m [32mfrancois.piano[39m [0ma envoyé[0m [32mBonjour Sheriff.[39m
[32m[39m
[32mL'évualutation est déjà prévue pour la semaine prochaine, comme susmentionné dans le message ci-dessus.[39m
[32m[39m
[32mJe souhaite, dans la journée, voir le Bleu pour lui présenter l'intranet, ce qui n'a vraissemblablement pas été fait lors de son intégration.[39m
[32m[39m
[32mBien à vous.[39m
[32m[39m
[32mLt. Sean Lennon.[39m [0mdans[0m [32mprobation-j-martin[39m
[2026-01-03T14:29:47.576Z] 2026-01-03 15:29:47 [CLIENT DISCORD] [94m[MESSAGE_SENT][39m [32mfrancois.piano[39m [0ma envoyé[0m [32m[yo](https://google.fr)[39m [0mdans[0m [32m📠-radio[39m
[2026-01-03T14:29:50.239Z] 2026-01-03 15:29:50 [ERROR] [31mErreur lors de la récupération des logs d'audit :[39m {
  "requestBody": {},
  "rawError": {
    "message": "Invalid Form Body",
    "code": 50035,
    "errors": {
      "action_type": {
        "_errors": [
          {
            "code": "NUMBER_TYPE_COERCE",
            "message": "Value \"MESSAGE_DELETE\" is not int32."
          }
        ]
      }
    }
  },
  "code": 50035,
  "status": 400,
  "method": "GET",
  "url": "https://discord.com/api/v10/guilds/1252231195312259073/audit-logs?limit=1&action_type=MESSAGE_DELETE"
}
[2026-01-03T14:29:50.261Z] 2026-01-03 15:29:50 [CLIENT DISCORD] [94m[MESSAGE_REMOVE][39m [32mfrancois.piano[39m [0m→ supprimé par[0m [32mInconnu[39m [0mdans[0m [32m📠-radio[39m
[2026-01-03T14:34:56.012Z] 2026-01-03 15:34:56 [CLIENT DISCORD] [94m[MESSAGE_SENT][39m [32mfrancois.piano[39m [0ma envoyé[0m [32m# <:BC:1457013641550233827> Official statement from the Sandy Shore Station, the Watch Commandement[39m
[32m> ## *Broward County Sheriff Office*[39m
[32m*<@&1259234502866108456>*[39m
[32m[39m
[32mBonjour,[39m
[32m[39m
[32mD'après plusieurs retours du <@&1342563267910045749>, le Commandement a pris la décision de :[39m
[32m[39m
[32m> - Créer des **Sous-Volume** du [P.A.R.S.](https://docs.google.com/document/d/1Zxyx0Vo6oOOpu-nJ8xz0K1qLOuFp_hR6dT7WlTRcHzY/edit?usp=sharing) que vous retrouverez dans le Volume 1 du PARS dans le Chapitre ***Lien Utile***. [39m
[32m-# Si vous n'arrivez pas à ouvrir, signalez le moi en MP. [39m
[32m> - Créer **deux Annexes** du [P.A.R.S.](https://docs.google.com/document/d/1Zxyx0Vo6oOOpu-nJ8xz0K1qLOuFp_hR6dT7WlTRcHzY/edit?usp=sharing)  que vous retrouverez également dans le V1-C3 du PARS résumant les informations présentes dans <#1345385505990246451> et <#1343604832929316977>.[39m
[32m[39m
[32m> - Créer (comme susmentionné ci-dessus) un PARS allégé servant de "Guide du Deputy" résumant l'extrème MINIMUM à savoir, également dans le V1-C3.[39m
[32m[39m
[32m-# <@449432156595552257>, Assistant ...[39m [0mdans[0m [32m📢-annonce[39m
[2026-01-03T15:00:00.022Z] 2026-01-03 16:00:00 [CLIENT DISCORD] [32m🌇 Tâches du soir exécutées ![39m
[2026-01-03T15:00:00.024Z] 2026-01-03 16:00:00 [CLIENT DISCORD] [Cron] 🕒 Démarrage de la régénération automatique de la hiérarchie (tabs)...
[2026-01-03T15:00:00.026Z] 2026-01-03 16:00:00 [CLIENT DISCORD] [Cron] 🕒 Démarrage de la régénération automatique de la hiérarchie... (DIV)
[2026-01-03T15:00:00.027Z] 2026-01-03 16:00:00 [CLIENT DISCORD] 🔍 Vérification des règles...
[2026-01-03T15:00:00.029Z] 2026-01-03 16:00:00 [DEBUG] 📦 Checking version from local...
[2026-01-03T15:00:00.030Z] 2026-01-03 16:00:00 [CLIENT DISCORD] 📦 Nom : catherine
[2026-01-03T15:00:00.031Z] 2026-01-03 16:00:00 [CLIENT DISCORD] 🕒 Version locale : 2.3.5
[2026-01-03T15:00:00.032Z] 2026-01-03 16:00:00 [DEBUG] 🌐 Checking version from GitHub...
[2026-01-03T15:00:00.036Z] 2026-01-03 16:00:00 [CLIENT DISCORD] ✅ rules_1.txt inchangé, pas de mise à jour.
[2026-01-03T15:00:00.038Z] 2026-01-03 16:00:00 [CLIENT DISCORD] ✅ rules_2.txt inchangé, pas de mise à jour.
[2026-01-03T15:00:00.039Z] 2026-01-03 16:00:00 [CLIENT DISCORD] ✅ Vérification des règles terminée.
[2026-01-03T15:00:00.203Z] 2026-01-03 16:00:00 [CLIENT DISCORD] [EXPORT] access.json mis à jour avec 13 exécutif(s), 3 superviseur(s) et 4 commandement(s)
[2026-01-03T15:00:00.372Z] 2026-01-03 16:00:00 [CLIENT DISCORD] 📦 Nom GitHub : catherine
[2026-01-03T15:00:00.374Z] 2026-01-03 16:00:00 [CLIENT DISCORD] 🕒 Version distante : 2.3.5
[2026-01-03T15:00:00.375Z] [INFO] 2026-01-03 16:00:00 [ℹ️ INFO NOTIFY] ✅ Les versions sont identiques.
[2026-01-03T15:00:00.799Z] [NOTIFY] 2026-01-03 16:00:00 [🟢 SOFT NOTIFY] Message TABS supprimé
[2026-01-03T15:00:00.899Z] 2026-01-03 16:00:00 [CLIENT DISCORD] ✅ Données écrites dans config.json
[2026-01-03T15:00:04.164Z] 2026-01-03 16:00:04 [CLIENT DISCORD] [✅] Hiérarchie DIV envoyée.
[2026-01-03T15:00:04.166Z] 2026-01-03 16:00:04 [CLIENT DISCORD] [Cron] 🕒 Fin de la régénération automatique de la hiérarchie.
[2026-01-03T15:00:04.542Z] 2026-01-03 16:00:04 [CLIENT DISCORD] [✅] Hiérarchie TABS envoyée.
[2026-01-03T15:00:04.544Z] 2026-01-03 16:00:04 [CLIENT DISCORD] [Cron] 🕒 Fin de la régénération automatique de la hiérarchie.
[2026-01-03T15:00:12.665Z] 2026-01-03 16:00:12 [CLIENT DISCORD] 🔵 Interaction détectée : yes
[2026-01-03T15:00:12.666Z] 2026-01-03 16:00:12 [CLIENT DISCORD] 🟢 clientData trouvé : {
  "messageId": "1457025713696669736",
  "participants": {
    "yes": [],
    "no": [],
    "maybe": []
  }
}
[2026-01-03T15:00:12.673Z] 2026-01-03 16:00:12 [CLIENT DISCORD] 📌 ID du message enregistré : 1457025713696669736
[2026-01-03T15:00:12.674Z] 2026-01-03 16:00:12 [CLIENT DISCORD] 📌 ID du message de l'interaction : 1457025713696669736
[2026-01-03T15:00:12.675Z] 2026-01-03 16:00:12 [CLIENT DISCORD] 🟢 Avant modification des participants : {
  "yes": [],
  "no": [],
  "maybe": []
}
[2026-01-03T15:00:12.679Z] 2026-01-03 16:00:12 [CLIENT DISCORD] 🟢 Après modification des participants : {
  "yes": [
    "244-FTO | Erica Sanchez"
  ],
  "no": [],
  "maybe": []
}
[2026-01-03T15:00:12.685Z] 2026-01-03 16:00:12 [CLIENT DISCORD] 🟢 Embed mis à jour : {
  "title": "Qui sera présent ce soir ?",
  "description": "Veuillez indiquer votre présence en appuyant sur un bouton ci-dessous.",
  "color": 44678,
  "fields": [
    {
      "name": "✅ Oui",
      "value": "`244-FTO | Erica Sanchez`",
      "inline": true
    },
    {
      "name": "❌ Non",
      "value": "Aucun",
      "inline": true
    },
    {
      "name": "🤔 Peut-être",
      "value": "Aucun",
      "inline": true
    }
  ]
}
[2026-01-03T15:00:15.090Z] 2026-01-03 16:00:15 [CLIENT DISCORD] [BUTTON] matharcane a exécuté l'interaction bouton yes dans 1347963262892904469
[2026-01-03T15:00:46.119Z] 2026-01-03 16:00:46 [CLIENT DISCORD] [94m[MESSAGE_SENT][39m [32mkhalil35[39m [0ma envoyé[0m [32mhttps://docs.google.com/document/d/1eGLcAzUBI4mcC3UwbeLloONP58SWqOShUw15CTjO9wk/edit?usp=sharingtiens[39m [0mdans[0m [32mSA-GOV/INTER_REPORT_02_01[39m
[2026-01-03T15:09:03.719Z] 2026-01-03 16:09:03 [CLIENT DISCORD] 🔵 Interaction détectée : yes
[2026-01-03T15:09:03.721Z] 2026-01-03 16:09:03 [CLIENT DISCORD] 🟢 clientData trouvé : {
  "messageId": "1457025713696669736",
  "participants": {
    "yes": [
      "244-FTO | Erica Sanchez"
    ],
    "no": [],
    "maybe": []
  }
}
[2026-01-03T15:09:03.728Z] 2026-01-03 16:09:03 [CLIENT DISCORD] 📌 ID du message enregistré : 1457025713696669736
[2026-01-03T15:09:03.728Z] 2026-01-03 16:09:03 [CLIENT DISCORD] 📌 ID du message de l'interaction : 1457025713696669736
[2026-01-03T15:09:03.729Z] 2026-01-03 16:09:03 [CLIENT DISCORD] 🟢 Avant modification des participants : {
  "yes": [
    "244-FTO | Erica Sanchez"
  ],
  "no": [],
  "maybe": []
}
[2026-01-03T15:09:03.733Z] 2026-01-03 16:09:03 [CLIENT DISCORD] 🟢 Après modification des participants : {
  "yes": [
    "244-FTO | Erica Sanchez",
    "CAR-1 | Rodriguez DaSilva"
  ],
  "no": [],
  "maybe": []
}
[2026-01-03T15:09:03.739Z] 2026-01-03 16:09:03 [CLIENT DISCORD] 🟢 Embed mis à jour : {
  "title": "Qui sera présent ce soir ?",
  "description": "Veuillez indiquer votre présence en appuyant sur un bouton ci-dessous.",
  "color": 44678,
  "fields": [
    {
      "name": "✅ Oui",
      "value": "`244-FTO | Erica Sanchez`, `CAR-1 | Rodriguez DaSilva`",
      "inline": true
    },
    {
      "name": "❌ Non",
      "value": "Aucun",
      "inline": true
    },
    {
      "name": "🤔 Peut-être",
      "value": "Aucun",
      "inline": true
    }
  ]
}
[2026-01-03T15:09:04.917Z] 2026-01-03 16:09:04 [CLIENT DISCORD] [BUTTON] .darkodin92 a exécuté l'interaction bouton yes dans 1347963262892904469
[2026-01-03T15:09:23.290Z] 2026-01-03 16:09:23 [CLIENT DISCORD] 🔵 Interaction détectée : yes
[2026-01-03T15:09:23.292Z] 2026-01-03 16:09:23 [CLIENT DISCORD] 🟢 clientData trouvé : {
  "messageId": "1457025713696669736",
  "participants": {
    "yes": [
      "244-FTO | Erica Sanchez",
      "CAR-1 | Rodriguez DaSilva"
    ],
    "no": [],
    "maybe": []
  }
}
[2026-01-03T15:09:23.300Z] 2026-01-03 16:09:23 [CLIENT DISCORD] 📌 ID du message enregistré : 1457025713696669736
[2026-01-03T15:09:23.300Z] 2026-01-03 16:09:23 [CLIENT DISCORD] 📌 ID du message de l'interaction : 1457025713696669736
[2026-01-03T15:09:23.301Z] 2026-01-03 16:09:23 [CLIENT DISCORD] 🟢 Avant modification des participants : {
  "yes": [
    "244-FTO | Erica Sanchez",
    "CAR-1 | Rodriguez DaSilva"
  ],
  "no": [],
  "maybe": []
}
[2026-01-03T15:09:23.306Z] 2026-01-03 16:09:23 [CLIENT DISCORD] 🟢 Après modification des participants : {
  "yes": [
    "244-FTO | Erica Sanchez",
    "CAR-1 | Rodriguez DaSilva",
    "862-SGT | Matthew Lewis"
  ],
  "no": [],
  "maybe": []
}
[2026-01-03T15:09:23.311Z] 2026-01-03 16:09:23 [CLIENT DISCORD] 🟢 Embed mis à jour : {
  "title": "Qui sera présent ce soir ?",
  "description": "Veuillez indiquer votre présence en appuyant sur un bouton ci-dessous.",
  "color": 44678,
  "fields": [
    {
      "name": "✅ Oui",
      "value": "`244-FTO | Erica Sanchez`, `CAR-1 | Rodriguez DaSilva`, `862-SGT | Matthew Lewis`",
      "inline": true
    },
    {
      "name": "❌ Non",
      "value": "Aucun",
      "inline": true
    },
    {
      "name": "🤔 Peut-être",
      "value": "Aucun",
      "inline": true
    }
  ]
}
[2026-01-03T15:09:24.743Z] 2026-01-03 16:09:24 [CLIENT DISCORD] [BUTTON] lewis024371 a exécuté l'interaction bouton yes dans 1347963262892904469
[2026-01-03T15:43:00.121Z] 2026-01-03 16:43:00 [CLIENT DISCORD] [94m[MESSAGE_SENT][39m [32mlewis024371[39m [0ma envoyé[0m [32m<@978315768271880272>[39m [0mdans[0m [32mSA-GOV/INTER_REPORT_02_01[39m
[2026-01-03T15:44:42.318Z] 2026-01-03 16:44:42 [CLIENT DISCORD] [94m[MESSAGE_SENT][39m [32mkhalil35[39m [0ma envoyé[0m [32mhttps://docs.google.com/document/d/1eGLcAzUBI4mcC3UwbeLloONP58SWqOShUw15CTjO9wk/edit?usp=sharing[39m [0mdans[0m [32mSA-GOV/INTER_REPORT_02_01[39m
[2026-01-03T15:44:57.165Z] 2026-01-03 16:44:57 [CLIENT DISCORD] [94m[MESSAGE_SENT][39m [32mkhalil35[39m [0ma envoyé[0m [32mc est good[39m [0mdans[0m [32mSA-GOV/INTER_REPORT_02_01[39m
[2026-01-03T16:39:30.801Z] 2026-01-03 17:39:30 [CLIENT DISCORD] [94m[MESSAGE_SENT][39m [32mfrancois.piano[39m [0ma envoyé[0m [32m<@1021090086756036648>[39m [0mdans[0m [32mprobation-j-martin[39m
[2026-01-03T16:42:51.812Z] 2026-01-03 17:42:51 [CLIENT DISCORD] [94m[MESSAGE_SENT][39m [32mjames62_[39m [0ma envoyé[0m [32mBonjour déjà !!!![39m [0mdans[0m [32mprobation-j-martin[39m
[2026-01-03T16:43:14.753Z] 2026-01-03 17:43:14 [CLIENT DISCORD] [94m[MESSAGE_SENT][39m [32mfrancois.piano[39m [0ma envoyé[0m [32mVous aurez un bonjour quand vous accuerais la réception des messages.[39m [0mdans[0m [32mprobation-j-martin[39m
[2026-01-03T16:43:21.713Z] 2026-01-03 17:43:21 [CLIENT DISCORD] [MESSAGE UPDATED] francois.piano a modifié un message dans #probation-j-martin: "Vous aurez un bonjour quand vous accuerais la réception des messages." → "Vous aurez un bonjour quand vous accuerez la réception des messages."
[2026-01-03T16:43:26.889Z] 2026-01-03 17:43:26 [CLIENT DISCORD] [MESSAGE UPDATED] francois.piano a modifié un message dans #probation-j-martin: "Vous aurez un bonjour quand vous accuerez la réception des messages." → "Vous aurez un bonjour quand vous accuserez la réception des messages."
[2026-01-03T16:45:52.360Z] 2026-01-03 17:45:52 [CLIENT DISCORD] [94m[MESSAGE_SENT][39m [32mjames62_[39m [0ma envoyé[0m [32mPremière choses , nous avons pas élevé les porc ensemble donc le respect c’est pour tout le monde !!! Et deuxième choses je reçois pas le notification je pense comme la 3/4 des personnes ici ! J’ai était occupé aujourd’hui donc j’ai pas eu le temps de regardé vos message , je serais peut être disponible ce soir je vous tien au jus 😉[39m [0mdans[0m [32mprobation-j-martin[39m
[2026-01-03T16:46:16.100Z] 2026-01-03 17:46:16 [CLIENT DISCORD] [MESSAGE UPDATED] james62_ a modifié un message dans #probation-j-martin: "Première choses , nous avons pas élevé les porc ensemble donc le respect c’est pour tout le monde !!! Et deuxième choses je reçois pas le notification je pense comme la 3/4 des personnes ici ! J’ai était occupé aujourd’hui donc j’ai pas eu le temps de regardé vos message , je serais peut être disponible ce soir je vous tien au jus 😉" → "Première choses , nous avons pas élevé les porc ensemble donc le respect c’est pour tout le monde !!! Et deuxième choses je reçois pas les notification je pense comme la 3/4 des personnes ici ! J’ai était occupé aujourd’hui donc j’ai pas eu le temps de regardé vos message , je serais peut être disponible ce soir je vous tien au jus 😉"
[2026-01-03T16:47:56.461Z] 2026-01-03 17:47:56 [CLIENT DISCORD] [94m[MESSAGE_SENT][39m [32mfrancois.piano[39m [0ma envoyé[0m [32m<@1021090086756036648>,[39m
[32m[39m
[32mNous allons mettre une chose au clair immédiatement.[39m
[32m[39m
[32mLe respect ne se négocie pas et ne dépend ni de vos notifications, ni de votre emploi du temps, ni de votre humeur. Vous êtes **Bleu**, vous êtes **mentionné**, vous **accusez réception**. C’est la base, ici comme ailleurs.[39m
[32m[39m
[32mSi l’intranet n’a pas été consulté depuis votre intégration, c’est précisément pour corriger ce genre de lacunes que je souhaite vous voir **aujourd’hui**. Ce n’est ni une option, ni une faveur.[39m
[32m[39m
[32mQuant au ton employé, je vous invite fortement à le réévaluer. Vous vous adressez à un **Lieutenant**, pas à un collègue de patrouille. À l’avenir, vous réfléchirez avant de répondre, et vous répondrez avant qu’on ait à vous relancer.[39m
[32m[39m
[32mVous me confirmez **clairement** votre disponibilité en vocal intranet ce soir.[39m
[32mSans détour. Sans commentaire inutile.[39m
[32m[39m
[32m-# Lt. Sean Lennon[39m
[32m-# Assistant Chief – Sandy Shore Station[39m
[32m-# Commander, Criminal Investigation Bureau[39m
[32m-# Head of Internal Investigation Affairs[39m [0mdans[0m [32mprobation-j-martin[39m
[2026-01-03T17:01:38.402Z] 2026-01-03 18:01:38 [CLIENT DISCORD] [94m[MESSAGE_SENT][39m [32mfrancois.piano[39m [0ma envoyé[0m [32m📥 Rodriguez DaSilva Mailbox[39m [0mdans[0m [32m📥-mail[39m
[2026-01-03T17:01:39.834Z] 2026-01-03 18:01:39 [CLIENT DISCORD] [94m[MESSAGE_SENT][39m [32mfrancois.piano[39m [0ma envoyé[0m [32m📥 For <@978315768271880272> [39m
[32m```diff[39m
[32m+ rodriguez.dasilva@bcso-sa-gov.us[39m
[32m+ Shf. DaSilva[39m
[32m```[39m
[32m[39m
[32m📤 From <@449432156595552257> [39m
[32m```diff[39m
[32m+ sean.lennon@bcso-sa-gov.us[39m
[32m+ Lt. Sean Lennon[39m
[32m```[39m
[32m[39m
[32m`OBJET` : **Concernant James Martin**[39m
[32m[39m
[32mMes Respects.[39m
[32m[39m
[32m> Je tiens à vous faire part de l'insolence flagrante qu'à fait preuve le Probatoire Martin dans son espace réservé <#1455230232800923781>. [39m
[32m[39m
[32m> Pour l'instant, aucune mesure ne sera prise, j'en aviserais cependant mon collègue Crowner.[39m
[32m[39m
[32m> Je vous laisserais voir mon mail envoyé dans l'espace de M. Martin. D'autre part, je tiens à m'entretenir avec lui pour lui présenter l'intranet, ce qui était convenu depuis hier.[39m
[32m[39m
[32mJe vous remercie de votre confiance.[39m
[32m[39m
[32mCordialement,[39m
[32m[39m
[32m-# <@449432156595552257>, <:ltn_ye:1448020700794327282>Assistant Chief of Harmony Station,[39m
[32m-# 🇺🇸 Lieutenant of Broward County Sheriff Office,[39m
[32m-# <:LSSDemblem:815757431430447114>  Commander of Detective Division,[39m
[32m-# <:SASRP:1193606253872685098> Head of Internal Investigation Affairs.[39m [0mdans[0m [32m📥 Rodriguez DaSilva Mailbox[39m
[2026-01-03T17:01:53.290Z] 2026-01-03 18:01:53 [CLIENT DISCORD] [MESSAGE UPDATED] francois.piano a modifié un message dans #📥 Rodriguez DaSilva Mailbox: "📥 For <@978315768271880272> 
```diff
+ rodriguez.dasilva@bcso-sa-gov.us
+ Shf. DaSilva
```

📤 From <@449432156595552257> 
```diff
+ sean.lennon@bcso-sa-gov.us
+ Lt. Sean Lennon
```

`OBJET` : **Concernant James Martin**

Mes Respects.

> Je tiens à vous faire part de l'insolence flagrante qu'à fait preuve le Probatoire Martin dans son espace réservé <#1455230232800923781>. 

> Pour l'instant, aucune mesure ne sera prise, j'en aviserais cependant mon collègue Crowner.

> Je vous laisserais voir mon mail envoyé dans l'espace de M. Martin. D'autre part, je tiens à m'entretenir avec lui pour lui présenter l'intranet, ce qui était convenu depuis hier.

Je vous remercie de votre confiance.

Cordialement,

-# <@449432156595552257>, <:ltn_ye:1448020700794327282>Assistant Chief of Harmony Station,
-# 🇺🇸 Lieutenant of Broward County Sheriff Office,
-# <:LSSDemblem:815757431430447114>  Commander of Detective Division,
-# <:SASRP:1193606253872685098> Head of Internal Investigation Affairs." → "📥 For <@767703415413014579>  
```diff
+ rodriguez.dasilva@bcso-sa-gov.us
+ Shf. DaSilva
```

📤 From <@449432156595552257> 
```diff
+ sean.lennon@bcso-sa-gov.us
+ Lt. Sean Lennon
```

`OBJET` : **Concernant James Martin**

Mes Respects.

> Je tiens à vous faire part de l'insolence flagrante qu'à fait preuve le Probatoire Martin dans son espace réservé <#1455230232800923781>. 

> Pour l'instant, aucune mesure ne sera prise, j'en aviserais cependant mon collègue Crowner.

> Je vous laisserais voir mon mail envoyé dans l'espace de M. Martin. D'autre part, je tiens à m'entretenir avec lui pour lui présenter l'intranet, ce qui était convenu depuis hier.

Je vous remercie de votre confiance.

Cordialement,

-# <@449432156595552257>, <:ltn_ye:1448020700794327282>Assistant Chief of Harmony Station,
-# 🇺🇸 Lieutenant of Broward County Sheriff Office,
-# <:LSSDemblem:815757431430447114>  Commander of Detective Division,
-# <:SASRP:1193606253872685098> Head of Internal Investigation Affairs."
[2026-01-03T17:02:00.750Z] 2026-01-03 18:02:00 [CLIENT DISCORD] [94m[MESSAGE_SENT][39m [32mfrancois.piano[39m [0ma envoyé[0m [32m*Aucun contenu*[39m [0mdans[0m [32m📥 Rodriguez DaSilva Mailbox[39m
[2026-01-03T17:02:05.228Z] 2026-01-03 18:02:05 [CLIENT DISCORD] [94m[MESSAGE_SENT][39m [32mfrancois.piano[39m [0ma envoyé[0m [32m<@767703415413014579>[39m [0mdans[0m [32m📥 Rodriguez DaSilva Mailbox[39m
[2026-01-03T17:05:25.919Z] 2026-01-03 18:05:25 [ERROR] [31mErreur lors de la récupération des logs d'audit :[39m {
  "requestBody": {},
  "rawError": {
    "message": "Invalid Form Body",
    "code": 50035,
    "errors": {
      "action_type": {
        "_errors": [
          {
            "code": "NUMBER_TYPE_COERCE",
            "message": "Value \"MESSAGE_DELETE\" is not int32."
          }
        ]
      }
    }
  },
  "code": 50035,
  "status": 400,
  "method": "GET",
  "url": "https://discord.com/api/v10/guilds/1252231195312259073/audit-logs?limit=1&action_type=MESSAGE_DELETE"
}
[2026-01-03T17:05:25.936Z] 2026-01-03 18:05:25 [CLIENT DISCORD] [94m[MESSAGE_REMOVE][39m [32mfrancois.piano[39m [0m→ supprimé par[0m [32mInconnu[39m [0mdans[0m [32m📥-mail[39m
[2026-01-03T17:07:03.809Z] 2026-01-03 18:07:03 [CLIENT DISCORD] [94m[MESSAGE_SENT][39m [32mfrancois.piano[39m [0ma envoyé[0m [32mMaster Deputy.[39m
[32m[39m
[32mJ'ai pris en compte votre rapport.[39m
[32m[39m
[32mJe clôs l'affaire.[39m
[32m[39m
[32mLt. Lennon[39m [0mdans[0m [32mSA-GOV/INTER_REPORT_02_01[39m
[2026-01-03T17:07:13.231Z] 2026-01-03 18:07:13 [CLIENT DISCORD] 🔵 Interaction détectée : yes
[2026-01-03T17:07:13.234Z] 2026-01-03 18:07:13 [CLIENT DISCORD] 🟢 clientData trouvé : {
  "messageId": "1457025713696669736",
  "participants": {
    "yes": [
      "244-FTO | Erica Sanchez",
      "CAR-1 | Rodriguez DaSilva",
      "862-SGT | Matthew Lewis"
    ],
    "no": [],
    "maybe": []
  }
}
[2026-01-03T17:07:13.242Z] 2026-01-03 18:07:13 [CLIENT DISCORD] 📌 ID du message enregistré : 1457025713696669736
[2026-01-03T17:07:13.243Z] 2026-01-03 18:07:13 [CLIENT DISCORD] 📌 ID du message de l'interaction : 1457025713696669736
[2026-01-03T17:07:13.243Z] 2026-01-03 18:07:13 [CLIENT DISCORD] 🟢 Avant modification des participants : {
  "yes": [
    "244-FTO | Erica Sanchez",
    "CAR-1 | Rodriguez DaSilva",
    "862-SGT | Matthew Lewis"
  ],
  "no": [],
  "maybe": []
}
[2026-01-03T17:07:13.249Z] 2026-01-03 18:07:13 [CLIENT DISCORD] 🟢 Après modification des participants : {
  "yes": [
    "244-FTO | Erica Sanchez",
    "CAR-1 | Rodriguez DaSilva",
    "862-SGT | Matthew Lewis",
    "893-LT | Sean Lennon"
  ],
  "no": [],
  "maybe": []
}
[2026-01-03T17:07:13.256Z] 2026-01-03 18:07:13 [CLIENT DISCORD] 🟢 Embed mis à jour : {
  "title": "Qui sera présent ce soir ?",
  "description": "Veuillez indiquer votre présence en appuyant sur un bouton ci-dessous.",
  "color": 44678,
  "fields": [
    {
      "name": "✅ Oui",
      "value": "`244-FTO | Erica Sanchez`, `CAR-1 | Rodriguez DaSilva`, `862-SGT | Matthew Lewis`, `893-LT | Sean Lennon`",
      "inline": true
    },
    {
      "name": "❌ Non",
      "value": "Aucun",
      "inline": true
    },
    {
      "name": "🤔 Peut-être",
      "value": "Aucun",
      "inline": true
    }
  ]
}
[2026-01-03T17:07:15.181Z] 2026-01-03 18:07:15 [CLIENT DISCORD] [BUTTON] francois.piano a exécuté l'interaction bouton yes dans 1347963262892904469
[2026-01-03T17:07:26.030Z] 2026-01-03 18:07:26 [CLIENT DISCORD] [94m[MESSAGE_SENT][39m [32mfrancois.piano[39m [0ma envoyé[0m [32m<a:Happy:1344371526178312354>[39m [0mdans[0m [32mPrésents - 03/01/2026[39m
[2026-01-03T17:08:56.247Z] 2026-01-03 18:08:56 [CLIENT DISCORD] [94m[MESSAGE_SENT][39m [32mlewis024371[39m [0ma envoyé[0m [32mhttps://cdn.discordapp.com/attachments/1266047228338896946/1374977034006302760/togif-25.gif[39m [0mdans[0m [32mPrésents - 03/01/2026[39m
[2026-01-03T17:09:18.358Z] 2026-01-03 18:09:18 [CLIENT DISCORD] [94m[MESSAGE_SENT][39m [32mfrancois.piano[39m [0ma envoyé[0m [32mnique ta race 😂[39m [0mdans[0m [32mPrésents - 03/01/2026[39m
[2026-01-03T17:09:27.779Z] 2026-01-03 18:09:27 [CLIENT DISCORD] [94m[MESSAGE_SENT][39m [32mlewis024371[39m [0ma envoyé[0m [32mhttps://cdn.discordapp.com/attachments/565672718293401653/1321147766805631129/cat_armor_wiki.gif[39m [0mdans[0m [32mPrésents - 03/01/2026[39m
[2026-01-03T17:09:34.230Z] 2026-01-03 18:09:34 [CLIENT DISCORD] [94m[MESSAGE_SENT][39m [32mfrancois.piano[39m [0ma envoyé[0m [32mhttps://tenor.com/view/toes-singing-gif-15863509251128272294[39m [0mdans[0m [32mPrésents - 03/01/2026[39m
[2026-01-03T17:09:38.435Z] 2026-01-03 18:09:38 [CLIENT DISCORD] [94m[MESSAGE_SENT][39m [32mlewis024371[39m [0ma envoyé[0m [32mhttps://cdn.discordapp.com/attachments/1057014178226909194/1285691247889088564/asfawf.gif[39m [0mdans[0m [32mPrésents - 03/01/2026[39m
[2026-01-03T17:10:35.258Z] 2026-01-03 18:10:35 [CLIENT DISCORD] [94m[MESSAGE_SENT][39m [32mfrancois.piano[39m [0ma envoyé[0m [32mhttps://tenor.com/view/ils-sont-partout-marine-le-pen-gif-13046184[39m [0mdans[0m [32mPrésents - 03/01/2026[39m
[2026-01-03T17:14:22.999Z] 2026-01-03 18:14:22 [CLIENT DISCORD] [94m[MESSAGE_SENT][39m [32mrory.p71[39m [0ma envoyé[0m [32m*je précise que ce canal est un canal purement RP, utilitaire et professionnel, et que les discussions amicales se font dans les salons prévus hrp.*[39m [0mdans[0m [32mprobation-j-martin[39m
[2026-01-03T18:05:12.841Z] 2026-01-03 19:05:12 [CLIENT DISCORD] [94m[MESSAGE_SENT][39m [32mlewis024371[39m [0ma envoyé[0m [32mressemblance avec <@767703415413014579> /10 ?[39m [0mdans[0m [32m💬-discussion-hrp[39m
[2026-01-03T18:05:36.905Z] 2026-01-03 19:05:36 [CLIENT DISCORD] [94m[MESSAGE_SENT][39m [32moctavio1633[39m [0ma envoyé[0m [32mces le sheriff qui lui resssembnle[39m [0mdans[0m [32m💬-discussion-hrp[39m
[2026-01-03T18:08:39.287Z] 2026-01-03 19:08:39 [CLIENT DISCORD] [94m[MESSAGE_SENT][39m [32m.darkodin92[39m [0ma envoyé[0m [32m@130-DPT | James Martin,[39m
[32m[39m
[32mVous êtes convoqué à un entretien disciplinaire ce soir 23h30, cette entretien sera animée par moi même, en cas d'absence merci de me prévenir 2h avant l'entretien en cas de refus ou absence injustifié de votre part des sanctions lourd seront prise.    [39m
[32m[39m
[32m[39m
[32m[39m
[32mSHERIFF. Rodriguez Dasilva[39m [0mdans[0m [32mprobation-j-martin[39m
[2026-01-03T18:08:53.931Z] 2026-01-03 19:08:53 [CLIENT DISCORD] [MESSAGE UPDATED] .darkodin92 a modifié un message dans #probation-j-martin: "@130-DPT | James Martin,

Vous êtes convoqué à un entretien disciplinaire ce soir 23h30, cette entretien sera animée par moi même, en cas d'absence merci de me prévenir 2h avant l'entretien en cas de refus ou absence injustifié de votre part des sanctions lourd seront prise.    



SHERIFF. Rodriguez Dasilva" → "<@1021090086756036648> 

Vous êtes convoqué à un entretien disciplinaire ce soir 23h30, cette entretien sera animée par moi même, en cas d'absence merci de me prévenir 2h avant l'entretien en cas de refus ou absence injustifié de votre part des sanctions lourd seront prise.    



SHERIFF. Rodriguez Dasilva"
[2026-01-03T18:09:08.062Z] 2026-01-03 19:09:08 [CLIENT DISCORD] [94m[MESSAGE_SENT][39m [32mlewis024371[39m [0ma envoyé[0m [32m<@767703415413014579>[39m [0mdans[0m [32m💬-discussion-hrp[39m
[2026-01-03T18:09:46.156Z] 2026-01-03 19:09:46 [CLIENT DISCORD] [94m[MESSAGE_SENT][39m [32mmatharcane[39m [0ma envoyé[0m [32m1000000000000000000000000000/10[39m [0mdans[0m [32m💬-discussion-hrp[39m
[2026-01-03T18:10:19.130Z] 2026-01-03 19:10:19 [CLIENT DISCORD] [94m[MESSAGE_SENT][39m [32mmatharcane[39m [0ma envoyé[0m [32mil est pas chauve sur le serv 🤣[39m [0mdans[0m [32m💬-discussion-hrp[39m
[2026-01-03T18:27:24.475Z] 2026-01-03 19:27:24 [CLIENT DISCORD] [103m[31m[BAN ADD][39m[49m [31mjames62_[39m [0ma été banni à[0m [32m03/01/2026, 19:27:24[39m
[2026-01-03T18:27:24.491Z] 2026-01-03 19:27:24 [CLIENT DISCORD] [31m[MEMBER REMOVE] james62_ / 1021090086756036648 est parti à 03/01/2026, 19:27:24[39m
[2026-01-03T18:27:29.081Z] 2026-01-03 19:27:29 [CLIENT DISCORD] [94m[MESSAGE_SENT][39m [32m.darkodin92[39m [0ma envoyé[0m [32m<@449432156595552257> <@794334752165330964>   Bonjour, je vous annonce mettre fin à la formation du Trianer Martin et a sont expulsion du service.[39m [0mdans[0m [32mprobation-j-martin[39m
[2026-01-03T18:28:02.059Z] 2026-01-03 19:28:02 [CLIENT DISCORD] [94m[MESSAGE_SENT][39m [32m.darkodin92[39m [0ma envoyé[0m [32mil a etait Ban par moi[39m [0mdans[0m [32m🛫-bienvenue[39m
[2026-01-03T18:28:05.537Z] 2026-01-03 19:28:05 [CLIENT DISCORD] [94m[MESSAGE_SENT][39m [32mfrancois.piano[39m [0ma envoyé[0m [32mOuch.[39m [0mdans[0m [32mprobation-j-martin[39m
[2026-01-03T18:28:11.373Z] 2026-01-03 19:28:11 [CLIENT DISCORD] [94m[MESSAGE_SENT][39m [32mfrancois.piano[39m [0ma envoyé[0m [32mJ'aimerais qu'on en parle.[39m [0mdans[0m [32mprobation-j-martin[39m
[2026-01-03T18:28:31.240Z] 2026-01-03 19:28:31 [CLIENT DISCORD] [94m[COMMAND][39m [32mfrancois.piano[39m [0ma exécuté la commande[0m [32mticket[39m [0mdans[0m [32mprobation-j-martin[39m
[2026-01-03T18:28:31.242Z] 2026-01-03 19:28:31 [CLIENT DISCORD] [42m✅ Utilisateur 449432156595552257 bypass les permissions.[49m
[2026-01-03T18:28:31.755Z] 2026-01-03 19:28:31 [CLIENT DISCORD] ✅ Fichier ticket.json enregistré avec succès !
[2026-01-03T18:28:32.058Z] 2026-01-03 19:28:32 [CLIENT DISCORD] [TICKET] Ticket ID 1455230232800923781 verrouillé par francois.piano
[2026-01-03T18:28:32.062Z] 2026-01-03 19:28:32 [ERROR] (node:121120) Warning: Supplying "ephemeral" for interaction response options is deprecated. Utilize flags instead.
(Use `node --trace-warnings ...` to show where the warning was created)
[2026-01-03T18:38:43.285Z] 2026-01-03 19:38:43 [CLIENT DISCORD] [94m[MESSAGE_SENT][39m [32mrory.p71[39m [0ma envoyé[0m [32m<@767703415413014579> toc toc je peux entrer dans le bureau ?[39m [0mdans[0m [32m⭐ Sheriff[39m
[2026-01-03T18:48:31.262Z] 2026-01-03 19:48:31 [CLIENT DISCORD] [MESSAGE UPDATED] francois.piano a modifié un message dans #📥 Rodriguez DaSilva Mailbox: "📥 For <@767703415413014579>  
```diff
+ rodriguez.dasilva@bcso-sa-gov.us
+ Shf. DaSilva
```

📤 From <@449432156595552257> 
```diff
+ sean.lennon@bcso-sa-gov.us
+ Lt. Sean Lennon
```

`OBJET` : **Concernant James Martin**

Mes Respects.

> Je tiens à vous faire part de l'insolence flagrante qu'à fait preuve le Probatoire Martin dans son espace réservé <#1455230232800923781>. 

> Pour l'instant, aucune mesure ne sera prise, j'en aviserais cependant mon collègue Crowner.

> Je vous laisserais voir mon mail envoyé dans l'espace de M. Martin. D'autre part, je tiens à m'entretenir avec lui pour lui présenter l'intranet, ce qui était convenu depuis hier.

Je vous remercie de votre confiance.

Cordialement,

-# <@449432156595552257>, <:ltn_ye:1448020700794327282>Assistant Chief of Harmony Station,
-# 🇺🇸 Lieutenant of Broward County Sheriff Office,
-# <:LSSDemblem:815757431430447114>  Commander of Detective Division,
-# <:SASRP:1193606253872685098> Head of Internal Investigation Affairs." → "📥 To <@767703415413014579>  
```diff
+ rodriguez.dasilva@bcso-sa-gov.us
+ Shf. DaSilva
```

📤 From <@449432156595552257> 
```diff
+ sean.lennon@bcso-sa-gov.us
+ Lt. Sean Lennon
```

`OBJET` : **Concernant James Martin**

Mes Respects.

> Je tiens à vous faire part de l'insolence flagrante qu'à fait preuve le Probatoire Martin dans son espace réservé <#1455230232800923781>. 

> Pour l'instant, aucune mesure ne sera prise, j'en aviserais cependant mon collègue Crowner.

> Je vous laisserais voir mon mail envoyé dans l'espace de M. Martin. D'autre part, je tiens à m'entretenir avec lui pour lui présenter l'intranet, ce qui était convenu depuis hier.

Je vous remercie de votre confiance.

Cordialement,

-# <@449432156595552257>, <:ltn_ye:1448020700794327282>Assistant Chief of Harmony Station,
-# 🇺🇸 Lieutenant of Broward County Sheriff Office,
-# <:LSSDemblem:815757431430447114>  Commander of Detective Division,
-# <:SASRP:1193606253872685098> Head of Internal Investigation Affairs."
[2026-01-03T18:51:05.579Z] 2026-01-03 19:51:05 [CLIENT DISCORD] [94m[MESSAGE_SENT][39m [32mlewis024371[39m [0ma envoyé[0m [32mhttps://docs.google.com/document/d/1Z6CwPC3xgiRP4db1ll2HSira8bsj3-fRRyYreo9ShBM/edit?usp=sharing[39m [0mdans[0m [32mFL-GOV/INTER_REPORT_03_01[39m
[2026-01-03T18:51:37.734Z] 2026-01-03 19:51:37 [CLIENT DISCORD] [94m[MESSAGE_SENT][39m [32moctavio1633[39m [0ma envoyé[0m [32mAKENA DIXON refus d’op à bord d’une voiture rouge, 10-50, je l’ai emmener à l’hosto, nouveau refus d’op, il s’est enfuit [39m
[32m[39m
[32mType Eu, cheveux court, vêtu de noir[39m [0mdans[0m [32m💬-discussion-rp[39m
[2026-01-03T18:51:41.522Z] 2026-01-03 19:51:41 [CLIENT DISCORD] [94m[MESSAGE_SENT][39m [32mfrancois.piano[39m [0ma envoyé[0m [32mSA-GOV/INTER_REPORT_03_01[39m [0mdans[0m [32mFL-GOV/INTER_REPORT_03_01[39m
[2026-01-03T18:51:43.263Z] 2026-01-03 19:51:43 [CLIENT DISCORD] [94m[MESSAGE_SENT][39m [32mlewis024371[39m [0ma envoyé[0m [32m*Aucun contenu*[39m [0mdans[0m [32mSA-GOV/INTER_REPORT_03_01[39m
[2026-01-03T18:51:50.944Z] 2026-01-03 19:51:50 [CLIENT DISCORD] [94m[MESSAGE_SENT][39m [32mlewis024371[39m [0ma envoyé[0m [32m*Aucun contenu*[39m [0mdans[0m [32mSA-GOV/INTER_REPORT_03_01[39m
[2026-01-03T18:51:54.014Z] 2026-01-03 19:51:54 [CLIENT DISCORD] [94m[MESSAGE_SENT][39m [32mlewis024371[39m [0ma envoyé[0m [32m*Aucun contenu*[39m [0mdans[0m [32mSA-GOV/INTER_REPORT_03_01[39m
[2026-01-03T18:51:56.575Z] 2026-01-03 19:51:56 [CLIENT DISCORD] [94m[MESSAGE_SENT][39m [32mlewis024371[39m [0ma envoyé[0m [32m*Aucun contenu*[39m [0mdans[0m [32mSA-GOV/INTER_REPORT_03_01[39m
[2026-01-03T18:52:01.284Z] 2026-01-03 19:52:01 [ERROR] [31mErreur lors de la récupération des logs d'audit :[39m {
  "requestBody": {},
  "rawError": {
    "message": "Invalid Form Body",
    "code": 50035,
    "errors": {
      "action_type": {
        "_errors": [
          {
            "code": "NUMBER_TYPE_COERCE",
            "message": "Value \"MESSAGE_DELETE\" is not int32."
          }
        ]
      }
    }
  },
  "code": 50035,
  "status": 400,
  "method": "GET",
  "url": "https://discord.com/api/v10/guilds/1252231195312259073/audit-logs?limit=1&action_type=MESSAGE_DELETE"
}
[2026-01-03T18:52:01.302Z] 2026-01-03 19:52:01 [CLIENT DISCORD] [94m[MESSAGE_REMOVE][39m [32mlewis024371[39m [0m→ supprimé par[0m [32mInconnu[39m [0mdans[0m [32mSA-GOV/INTER_REPORT_03_01[39m
[2026-01-03T18:52:06.510Z] 2026-01-03 19:52:06 [CLIENT DISCORD] [94m[MESSAGE_SENT][39m [32mlewis024371[39m [0ma envoyé[0m [32m*Aucun contenu*[39m [0mdans[0m [32mSA-GOV/INTER_REPORT_03_01[39m
[2026-01-03T18:53:23.207Z] 2026-01-03 19:53:23 [ERROR] [31mErreur lors de la récupération des logs d'audit :[39m {
  "requestBody": {},
  "rawError": {
    "message": "Invalid Form Body",
    "code": 50035,
    "errors": {
      "action_type": {
        "_errors": [
          {
            "code": "NUMBER_TYPE_COERCE",
            "message": "Value \"MESSAGE_DELETE\" is not int32."
          }
        ]
      }
    }
  },
  "code": 50035,
  "status": 400,
  "method": "GET",
  "url": "https://discord.com/api/v10/guilds/1252231195312259073/audit-logs?limit=1&action_type=MESSAGE_DELETE"
}
[2026-01-03T18:53:23.224Z] 2026-01-03 19:53:23 [CLIENT DISCORD] [94m[MESSAGE_REMOVE][39m [32mlewis024371[39m [0m→ supprimé par[0m [32mInconnu[39m [0mdans[0m [32mSA-GOV/INTER_REPORT_02_01[39m
[2026-01-03T18:53:48.703Z] 2026-01-03 19:53:48 [CLIENT DISCORD] [94m[MESSAGE_SENT][39m [32mlewis024371[39m [0ma envoyé[0m [32m*Aucun contenu*[39m [0mdans[0m [32m💬-discussion-rp[39m
[2026-01-03T19:01:32.984Z] 2026-01-03 20:01:32 [CLIENT DISCORD] [94m[MESSAGE_SENT][39m [32mrory.p71[39m [0ma envoyé[0m [32m*Aucun contenu*[39m [0mdans[0m [32m💬-discussion-hrp[39m
[2026-01-03T19:01:46.909Z] 2026-01-03 20:01:46 [CLIENT DISCORD] [94m[MESSAGE_SENT][39m [32mlewis024371[39m [0ma envoyé[0m [32mbahahahahahahah[39m [0mdans[0m [32m💬-discussion-hrp[39m
[2026-01-03T19:02:05.342Z] 2026-01-03 20:02:05 [CLIENT DISCORD] [94m[MESSAGE_SENT][39m [32mrory.p71[39m [0ma envoyé[0m [32m*Aucun contenu*[39m [0mdans[0m [32m💬-discussion-hrp[39m
[2026-01-03T19:02:16.811Z] 2026-01-03 20:02:16 [CLIENT DISCORD] [94m[MESSAGE_SENT][39m [32mlewis024371[39m [0ma envoyé[0m [32m*Aucun contenu*[39m [0mdans[0m [32m💬-discussion-hrp[39m
[2026-01-03T19:02:30.122Z] 2026-01-03 20:02:30 [CLIENT DISCORD] [94m[MESSAGE_SENT][39m [32mrory.p71[39m [0ma envoyé[0m [32m*Aucun contenu*[39m [0mdans[0m [32m💬-discussion-hrp[39m
[2026-01-03T19:02:38.415Z] 2026-01-03 20:02:38 [CLIENT DISCORD] [94m[MESSAGE_SENT][39m [32mlewis024371[39m [0ma envoyé[0m [32m*Aucun contenu*[39m [0mdans[0m [32m💬-discussion-hrp[39m
[2026-01-03T19:02:49.986Z] 2026-01-03 20:02:49 [CLIENT DISCORD] [94m[MESSAGE_SENT][39m [32mrory.p71[39m [0ma envoyé[0m [32m*Aucun contenu*[39m [0mdans[0m [32m💬-discussion-hrp[39m
[2026-01-03T19:02:58.486Z] 2026-01-03 20:02:58 [CLIENT DISCORD] [94m[MESSAGE_SENT][39m [32mlewis024371[39m [0ma envoyé[0m [32m*Aucun contenu*[39m [0mdans[0m [32m💬-discussion-hrp[39m
[2026-01-03T19:04:06.583Z] 2026-01-03 20:04:06 [CLIENT DISCORD] [94m[MESSAGE_SENT][39m [32mrory.p71[39m [0ma envoyé[0m [32m*Aucun contenu*[39m [0mdans[0m [32m💬-discussion-hrp[39m
[2026-01-03T19:04:15.492Z] 2026-01-03 20:04:15 [CLIENT DISCORD] [94m[MESSAGE_SENT][39m [32mlewis024371[39m [0ma envoyé[0m [32mhttps://tenor.com/view/rukocord-gif-19001241[39m [0mdans[0m [32m💬-discussion-hrp[39m
[2026-01-03T19:04:44.265Z] 2026-01-03 20:04:44 [CLIENT DISCORD] [94m[MESSAGE_SENT][39m [32mrory.p71[39m [0ma envoyé[0m [32mhttps://tenor.com/view/screaming-cat-browthy-gif-27553989[39m [0mdans[0m [32m💬-discussion-hrp[39m
[2026-01-03T19:07:08.240Z] 2026-01-03 20:07:08 [CLIENT DISCORD] [31m[MEMBER REMOVE] ougarixtest / 1244624845187190917 est parti à 03/01/2026, 20:07:08[39m
[2026-01-03T19:07:28.106Z] 2026-01-03 20:07:28 [CLIENT DISCORD] [31m[MEMBER REMOVE] timoty0710 / 838037203761496104 est parti à 03/01/2026, 20:07:28[39m
[2026-01-03T19:07:30.153Z] 2026-01-03 20:07:30 [CLIENT DISCORD] [ACTION BUTTON] cmd of command /ticket has been used.
[2026-01-03T19:07:30.157Z] 2026-01-03 20:07:30 [CLIENT DISCORD] ✅ Fichier config.json enregistré avec succès !
[2026-01-03T19:07:30.769Z] 2026-01-03 20:07:30 [DEBUG] [NEW TICKET CREATE]
[2026-01-03T19:07:30.772Z] 2026-01-03 20:07:30 [CLIENT DISCORD] [ACTION BUTTON] New channel created
[2026-01-03T19:07:30.775Z] 2026-01-03 20:07:30 [CLIENT DISCORD] ✅ Fichier ticket.json enregistré avec succès !
[2026-01-03T19:07:32.115Z] 2026-01-03 20:07:32 [CLIENT DISCORD] [BUTTON] rory.p71 a exécuté l'interaction bouton cmd dans 1252239174610718782
[2026-01-03T19:07:44.592Z] 2026-01-03 20:07:44 [CLIENT DISCORD] [94m[MESSAGE_SENT][39m [32mrory.p71[39m [0ma envoyé[0m [32m(un ménage est fait)[39m [0mdans[0m [32m💬-discussion-hrp[39m
[2026-01-03T19:15:59.804Z] 2026-01-03 20:15:59 [CLIENT DISCORD] [94m[MESSAGE_SENT][39m [32mrory.p71[39m [0ma envoyé[0m [32m||<@&1271893900344299692>||[39m
[32m[39m
[32m**Statut d'activité**[39m
[32m[39m
[32mBonsoir,[39m
[32mSi vous avez étés ajoutés à ce groupe mail c'est que cela fait un moment que nous ne vous avons pas croisé dans nos rangs. Nous nous demandons de donner suite à ce message pour nous informer de vos intention quant à la continuation de vos activités avec nous (reprendre ou pas, possiblement dans plusieurs mois). Si nous ne constatons pas de réponse dans quelques jours, nous terminerons vos contrats et accès aux services en lignes.[39m
[32m[39m
[32m<:Captain:1451908612157866004>  Capitaine Crowner,[39m
[32m-# Broward County Sheriff's Office SA[39m
[32m-# Head of the La Mesa Station[39m [0mdans[0m [32m🔰-cmd-roryp71[39m
[2026-01-03T19:18:54.081Z] 2026-01-03 20:18:54 [CLIENT DISCORD] [32m[MEMBER ADD] gameurddf / 884119221569716275 est arrivé à 03/01/2026, 20:18:54[39m
[2026-01-03T19:19:06.064Z] 2026-01-03 20:19:06 [CLIENT DISCORD] [94m[MESSAGE_SENT][39m [32mgameurddf[39m [0ma envoyé[0m [32m*Aucun contenu*[39m [0mdans[0m [32mmoderator-only[39m
[2026-01-03T19:19:58.389Z] 2026-01-03 20:19:58 [CLIENT DISCORD] [31m[MEMBER REMOVE] _aurel / 146640978873155584 est parti à 03/01/2026, 20:19:58[39m
[2026-01-03T19:25:42.555Z] 2026-01-03 20:25:42 [CLIENT DISCORD] [94m[MESSAGE_SENT][39m [32mfrancois.piano[39m [0ma envoyé[0m [32m# <:BC:1457013641550233827> Official statement from the Commandement of La Mesa Station, Lieutenant Lennon[39m
[32m# <:BC:1457013641550233827> Official notice of the Watch Commandement[39m
[32m[39m
[32m> ## **ANNONCE OFFICIELLE • SUPERVISION**[39m
[32m> ## *Broward County Sheriff Office*[39m
[32m*À l'attention du corps de supervision,*[39m
[32m[39m
[32mCher confrère du corps de supervision,[39m
[32m[39m
[32m> Je vous convoque pour une réunion officielle. Le Commandement sera présent. [39m
[32m[39m
[32m*N'oubliez de rester proches des Troopers et des Caporaux, n'oubliez pas que vous êtes la première ligne, et que vous êtes également la première marque de respect.*[39m
[32m[39m
[32mJe vous remercie.[39m
[32m[39m
[32m|| <@&1342563302043025408>   ||[39m
[32m[39m
[32m-# <@449432156595552257>, Assistant Chief of La Mesa Station,[39m
[32m-# 🇺🇸 Lieutenant of Los Santos Sheriff Department,[39m
[32m-# <:BC:1457013641550233827>  Commander of BCSO Detective Division,[39m
[32m-# <:BCSO:1238448088520196227>  Lieutenant of Internal Investigation Affairs.[39m
[32m[39m
[32m-# <@794334752165330964>, Chief of La Mesa Station,[39m
[32m-# 🇺🇸 Captain of Los Santos Sheriff Department,[39m [0mdans[0m [32m🪖-supervision[39m
[2026-01-03T19:28:41.763Z] 2026-01-03 20:28:41 [CLIENT DISCORD] [94m[MESSAGE_SENT][39m [32mfrancois.piano[39m [0ma envoyé[0m [32m📥 For <@1195085032281346151> [39m
[32m```diff[39m
[32m+ erica.sanchez@bcso-sa-gov.us[39m
[32m+ Cpl. Erica Sanchez[39m
[32m```[39m
[32m[39m
[32m📤 From <@449432156595552257> [39m
[32m```diff[39m
[32m+ sean.lennon@bcso-sa-gov.us[39m
[32m+ Lt. Sean Lennon[39m
[32m```[39m
[32m[39m
[32m`OBJET` : **Ordre de Convocation Officielle**[39m
[32m[39m
[32mMadame Sanchez,[39m
[32m[39m
[32m> Serait-ce possible de vous voir dans mon bureau d'ici quelques minutes ?[39m
[32m[39m
[32mCordialement,[39m
[32m[39m
[32m-# <@449432156595552257>, <:ltn_ye:1448020700794327282>Assistant Chief of Harmony Station,[39m
[32m-# 🇺🇸 Lieutenant of Broward County Sheriff Office,[39m
[32m-# <:LSSDemblem:815757431430447114>  Commander of Detective Division,[39m
[32m-# <:SASRP:1193606253872685098> Head of Internal Investigation Affairs.[39m [0mdans[0m [32m📥 Erica Sanchez MailBox[39m
[2026-01-03T19:29:12.075Z] 2026-01-03 20:29:12 [CLIENT DISCORD] [94m[MESSAGE_SENT][39m [32mfrancois.piano[39m [0ma envoyé[0m [32m|| réunion Discord envisagé ||[39m [0mdans[0m [32m🪖-supervision[39m
[2026-01-03T19:33:57.564Z] 2026-01-03 20:33:57 [CLIENT DISCORD] [94m[MESSAGE_SENT][39m [32mmatharcane[39m [0ma envoyé[0m [32mBonsoir, oui tout à fait Lieutenant.[39m [0mdans[0m [32m📥 Erica Sanchez MailBox[39m
[2026-01-03T19:34:13.734Z] 2026-01-03 20:34:13 [CLIENT DISCORD] [94m[MESSAGE_SENT][39m [32mfrancois.piano[39m [0ma envoyé[0m [32mJ'arrive normalement d'ici 5 miniutes[39m [0mdans[0m [32m📥 Erica Sanchez MailBox[39m
[2026-01-03T19:34:35.956Z] 2026-01-03 20:34:35 [CLIENT DISCORD] [94m[MESSAGE_SENT][39m [32mmatharcane[39m [0ma envoyé[0m [32mTrès bien j'attendrai devant votre bureau.[39m [0mdans[0m [32m📥 Erica Sanchez MailBox[39m
[2026-01-03T19:39:42.663Z] 2026-01-03 20:39:42 [CLIENT DISCORD] [94m[MESSAGE_SENT][39m [32mmatharcane[39m [0ma envoyé[0m [32m<@194731603673481216> et tu suis ce qu'on te dis après[39m [0mdans[0m [32m📜 Rappel sur les raports[39m
[2026-01-03T19:45:38.893Z] 2026-01-03 20:45:38 [CLIENT DISCORD] [94m[MESSAGE_SENT][39m [32m.darkodin92[39m [0ma envoyé[0m [32m*Aucun contenu*[39m [0mdans[0m [32mmoderator-only[39m
[2026-01-03T19:47:09.314Z] 2026-01-03 20:47:09 [CLIENT DISCORD] [94m[MESSAGE_SENT][39m [32mfrancois.piano[39m [0ma envoyé[0m [32mj'adore[39m [0mdans[0m [32m🌆-photos-hrp[39m
[2026-01-03T19:47:11.770Z] 2026-01-03 20:47:11 [CLIENT DISCORD] [94m[MESSAGE_SENT][39m [32mfrancois.piano[39m [0ma envoyé[0m [32mCe souvenir[39m [0mdans[0m [32m🌆-photos-hrp[39m
[2026-01-03T21:12:38.115Z] 2026-01-03 22:12:38 [CLIENT DISCORD] [94m[MESSAGE_SENT][39m [32m.darkodin92[39m [0ma envoyé[0m [32m@everyone besoin renfort suspect en fuite dans l'hopital potentiellement armé et dangereux .[39m [0mdans[0m [32m💬-discussion-rp[39m
[2026-01-03T21:13:03.706Z] 2026-01-03 22:13:03 [CLIENT DISCORD] [94m[MESSAGE_SENT][39m [32moctavio1633[39m [0ma envoyé[0m [32mJ’arrive dans 5min[39m [0mdans[0m [32m💬-discussion-rp[39m
[2026-01-03T21:42:39.528Z] 2026-01-03 22:42:39 [CLIENT DISCORD] [94m[MESSAGE_SENT][39m [32m.darkodin92[39m [0ma envoyé[0m [32mattendez encore 5min[39m [0mdans[0m [32m🗯 Général RP[39m
[2026-01-03T21:42:55.192Z] 2026-01-03 22:42:55 [CLIENT DISCORD] [94m[MESSAGE_SENT][39m [32m.darkodin92[39m [0ma envoyé[0m [32mle serve va reouvrir bientot[39m [0mdans[0m [32m🗯 Général RP[39m
[2026-01-03T21:45:23.673Z] 2026-01-03 22:45:23 [CLIENT DISCORD] [94m[MESSAGE_SENT][39m [32m.darkodin92[39m [0ma envoyé[0m [32mcesr ouvert[39m [0mdans[0m [32m🗯 Général RP[39m
[2026-01-03T22:22:53.092Z] 2026-01-03 23:22:53 [CLIENT DISCORD] [94m[MESSAGE_SENT][39m [32mmatharcane[39m [0ma envoyé[0m [32mPour contacter le dépanneur faites le 555-9717 @everyone[39m [0mdans[0m [32m💬-discussion-rp[39m
[2026-01-03T22:42:01.307Z] 2026-01-03 23:42:01 [CLIENT DISCORD] [94m[MESSAGE_SENT][39m [32mfrancois.piano[39m [0ma envoyé[0m [32mNom du type arrêté : Akena Dixsone[39m [0mdans[0m [32m💬-discussion-rp[39m
[2026-01-03T23:37:23.786Z] 2026-01-04 00:37:23 [CLIENT DISCORD] [94m[MESSAGE_SENT][39m [32mmatharcane[39m [0ma envoyé[0m [32m244-FTO Erica Sanchez et 228-SGT Marcus Ortez: https://docs.google.com/document/d/1D2A8Am7MCCCXw74XTHkno5dnhKf_tzrmVCkJ3VOSSD8/edit?tab=t.0[39m [0mdans[0m [32mSA-GOV/INTER_REPORT_03_01[39m
