[2026-01-06T04:00:00.038Z] 2026-01-06 05:00:00 [CLIENT DISCORD] [32m🌙 Tâches de la nuit exécutées ![39m
[2026-01-06T04:00:00.040Z] 2026-01-06 05:00:00 [DEBUG] 📦 Checking version from local...
[2026-01-06T04:00:00.041Z] 2026-01-06 05:00:00 [CLIENT DISCORD] 📦 Nom : catherine
[2026-01-06T04:00:00.042Z] 2026-01-06 05:00:00 [CLIENT DISCORD] 🕒 Version locale : 2.3.5
[2026-01-06T04:00:00.043Z] 2026-01-06 05:00:00 [DEBUG] 🌐 Checking version from GitHub...
[2026-01-06T04:00:00.045Z] 2026-01-06 05:00:00 [WARN] [REBOOT] Attention, Catherine redémarre (checker les logs). Instruction reboot.js
[2026-01-06T04:00:06.324Z] 2026-01-06 05:00:06 [CLIENT DISCORD] Les modules [32mloggers[39m ont correctement été exportés.
[2026-01-06T04:00:06.325Z] 2026-01-06 05:00:06 [DEBUG] 📦 Checking version from local...
[2026-01-06T04:00:06.326Z] 2026-01-06 05:00:06 [CLIENT DISCORD] 📦 Nom : catherine
[2026-01-06T04:00:06.327Z] 2026-01-06 05:00:06 [CLIENT DISCORD] 🕒 Version locale : 2.3.5
[2026-01-06T04:00:06.328Z] 2026-01-06 05:00:06 [DEBUG] 🌐 Checking version from GitHub...
[2026-01-06T04:00:06.350Z] [EVENT] 2026-01-06 05:00:06 [📅 EVENT NOTIFY] Chargé : guildBanAdd
[2026-01-06T04:00:06.351Z] [EVENT] 2026-01-06 05:00:06 [📅 EVENT NOTIFY] Chargé : guildBanRemove
[2026-01-06T04:00:06.352Z] [EVENT] 2026-01-06 05:00:06 [📅 EVENT NOTIFY] Chargé : guildMemberAdd
[2026-01-06T04:00:06.353Z] [EVENT] 2026-01-06 05:00:06 [📅 EVENT NOTIFY] Chargé : guildMemberRemove
[2026-01-06T04:00:06.354Z] 2026-01-06 05:00:06 [CLIENT DISCORD] Les modules  [32mutils.js[39m [0m ont correctement été exporté.[0m
[2026-01-06T04:00:06.476Z] 2026-01-06 05:00:06 [CLIENT DISCORD] L'interaction  [32mbuttons.js[39m [0m ont correctement été exporté.[0m
[2026-01-06T04:00:06.526Z] 2026-01-06 05:00:06 [CLIENT DISCORD] L'interaction  [32mmodals.js[39m [0m ont correctement été exporté.[0m
[2026-01-06T04:00:06.526Z] [EVENT] 2026-01-06 05:00:06 [📅 EVENT NOTIFY] Chargé : interactionCreate
[2026-01-06T04:00:06.527Z] [EVENT] 2026-01-06 05:00:06 [📅 EVENT NOTIFY] Chargé : messageCreate
[2026-01-06T04:00:06.528Z] [EVENT] 2026-01-06 05:00:06 [📅 EVENT NOTIFY] Chargé : messageDelete
[2026-01-06T04:00:06.529Z] [EVENT] 2026-01-06 05:00:06 [📅 EVENT NOTIFY] Chargé : messageUpdate
[2026-01-06T04:00:06.534Z] 2026-01-06 05:00:06 [CLIENT DISCORD] Les modules  [32mcommands.js[39m [0m ont correctement été exporté.[0m
[2026-01-06T04:00:06.537Z] [EVENT] 2026-01-06 05:00:06 [📅 EVENT NOTIFY] Chargé : ready
[2026-01-06T04:00:06.538Z] [EVENT] 2026-01-06 05:00:06 [📅 EVENT NOTIFY] Chargé : voiceStateUpdate
[2026-01-06T04:00:06.540Z] [COMMANDS] 2026-01-06 05:00:06 [📌 COMMANDS NOTIFY] Chargée : ban
[2026-01-06T04:00:06.541Z] [COMMANDS] 2026-01-06 05:00:06 [📌 COMMANDS NOTIFY] Chargée : clear
[2026-01-06T04:00:06.543Z] [COMMANDS] 2026-01-06 05:00:06 [📌 COMMANDS NOTIFY] Chargée : commander
[2026-01-06T04:00:06.543Z] [COMMANDS] 2026-01-06 05:00:06 [📌 COMMANDS NOTIFY] Chargée : createreport
[2026-01-06T04:00:06.544Z] [COMMANDS] 2026-01-06 05:00:06 [📌 COMMANDS NOTIFY] Chargée : div
[2026-01-06T04:00:06.545Z] [COMMANDS] 2026-01-06 05:00:06 [📌 COMMANDS NOTIFY] Chargée : help
[2026-01-06T04:00:06.546Z] [COMMANDS] 2026-01-06 05:00:06 [📌 COMMANDS NOTIFY] Chargée : info
[2026-01-06T04:00:06.547Z] [COMMANDS] 2026-01-06 05:00:06 [📌 COMMANDS NOTIFY] Chargée : infoshift
[2026-01-06T04:00:06.548Z] [COMMANDS] 2026-01-06 05:00:06 [📌 COMMANDS NOTIFY] Chargée : kick
[2026-01-06T04:00:06.548Z] [COMMANDS] 2026-01-06 05:00:06 [📌 COMMANDS NOTIFY] Chargée : mute
[2026-01-06T04:00:06.549Z] [COMMANDS] 2026-01-06 05:00:06 [📌 COMMANDS NOTIFY] Chargée : openservice
[2026-01-06T04:00:06.550Z] [COMMANDS] 2026-01-06 05:00:06 [📌 COMMANDS NOTIFY] Chargée : pex
[2026-01-06T04:00:06.554Z] [COMMANDS] 2026-01-06 05:00:06 [📌 COMMANDS NOTIFY] Chargée : play
[2026-01-06T04:00:06.554Z] [COMMANDS] 2026-01-06 05:00:06 [📌 COMMANDS NOTIFY] Chargée : promote
[2026-01-06T04:00:06.555Z] [COMMANDS] 2026-01-06 05:00:06 [📌 COMMANDS NOTIFY] Chargée : recruit
[2026-01-06T04:00:06.556Z] [COMMANDS] 2026-01-06 05:00:06 [📌 COMMANDS NOTIFY] Chargée : rename
[2026-01-06T04:00:06.556Z] [COMMANDS] 2026-01-06 05:00:06 [📌 COMMANDS NOTIFY] Chargée : role
[2026-01-06T04:00:06.557Z] [COMMANDS] 2026-01-06 05:00:06 [📌 COMMANDS NOTIFY] Chargée : send
[2026-01-06T04:00:06.558Z] [COMMANDS] 2026-01-06 05:00:06 [📌 COMMANDS NOTIFY] Chargée : shift
[2026-01-06T04:00:06.559Z] [COMMANDS] 2026-01-06 05:00:06 [📌 COMMANDS NOTIFY] Chargée : ticket
[2026-01-06T04:00:06.560Z] [COMMANDS] 2026-01-06 05:00:06 [📌 COMMANDS NOTIFY] Chargée : userinfo
[2026-01-06T04:00:06.561Z] [COMMANDS] 2026-01-06 05:00:06 [📌 COMMANDS NOTIFY] Chargée : warn
[2026-01-06T04:00:06.563Z] 2026-01-06 05:00:06 [CLIENT DISCORD] [42m[30mChargement des informations du package.[39m[49m
[42m[30m[39m[49m [46m[PACKAGE][49m [32mAuth. : François 🌸[39m
[32m[39m [46m[PACKAGE][49m [32mDepd. : axios, chalk, cron, discord-html-transcripts, discord-player, discord.js, distube, dotenv, express, express-session, form-data, fs, googleapis, luxon, multer, node-cron, node-fetch, ora, patch, path, pdf-lib, pdfkit, play-dl, readline, rl, uuid[39m
[32m[39m [46m[PACKAGE][49m [32mDesc. : Official Bot Catherine for 911 Community.[39m
[32m[39m [46m[PACKAGE][49m [32mLisc. : ISC[39m
[32m[39m [46m[PACKAGE][49m [32mMain. : index.js[39m
[32m[39m [46m[PACKAGE][49m [32mName. : catherine[39m
[32m[39m [46m[PACKAGE][49m [32mScrp. : {"test":"echo \"Error: no test specified\" && exit 1","start":"node server.js"}[39m
[32m[39m [46m[PACKAGE][49m [32mVers. : 2.3.5[39m
[32m[39m [46m[PACKAGE][49m [32mPatch Note. : **[PN - 07/06]** *Passage 2.0 with new patch (shift, tabs... new commands handler)*[39m
[32m[39m
[2026-01-06T04:00:07.064Z] 2026-01-06 05:00:07 [CLIENT DISCORD] 📦 Nom GitHub : catherine
[2026-01-06T04:00:07.066Z] 2026-01-06 05:00:07 [CLIENT DISCORD] 🕒 Version distante : 2.3.5
[2026-01-06T04:00:07.068Z] [INFO] 2026-01-06 05:00:07 [ℹ️ INFO NOTIFY] ✅ Les versions sont identiques.
[2026-01-06T04:00:07.555Z] 2026-01-06 05:00:07 [DEBUG] 📦 Checking version from local...
[2026-01-06T04:00:07.556Z] 2026-01-06 05:00:07 [CLIENT DISCORD] 📦 Nom : catherine
[2026-01-06T04:00:07.557Z] 2026-01-06 05:00:07 [CLIENT DISCORD] 🕒 Version locale : 2.3.5
[2026-01-06T04:00:07.558Z] 2026-01-06 05:00:07 [DEBUG] 🌐 Checking version from GitHub...
[2026-01-06T04:00:07.843Z] 2026-01-06 05:00:07 [CLIENT DISCORD] 📦 Nom GitHub : catherine
[2026-01-06T04:00:07.844Z] 2026-01-06 05:00:07 [CLIENT DISCORD] 🕒 Version distante : 2.3.5
[2026-01-06T04:00:07.845Z] [INFO] 2026-01-06 05:00:07 [ℹ️ INFO NOTIFY] ✅ Les versions sont identiques.
[2026-01-06T04:00:07.847Z] 2026-01-06 05:00:07 [CLIENT DISCORD] [34m==============================[39m
[2026-01-06T04:00:07.847Z] 2026-01-06 05:00:07 [CLIENT DISCORD] [32m🚀 Démarrage du bot...[39m
[2026-01-06T04:00:07.848Z] 2026-01-06 05:00:07 [CLIENT DISCORD] [33m🔗 Connexion à Discord API...[39m
[2026-01-06T04:00:07.849Z] 2026-01-06 05:00:07 [CLIENT DISCORD] [36m✅ Bot RP en ligne ! Connecté en tant que 293 | Catherine#8045[39m
[2026-01-06T04:00:07.849Z] 2026-01-06 05:00:07 [CLIENT DISCORD] [34m==============================[39m
[34m[39m
[2026-01-06T04:00:07.854Z] 2026-01-06 05:00:07 [CLIENT DISCORD] [player] Initialisation du Player terminée.
[2026-01-06T04:00:07.855Z] 2026-01-06 05:00:07 [CLIENT DISCORD] [player] Extracteurs chargés avec succès.
[2026-01-06T04:00:07.856Z] 2026-01-06 05:00:07 [CLIENT DISCORD] 📥 Serveur trouvé : Broward County Sheriff Office
[2026-01-06T04:00:08.180Z] 2026-01-06 05:00:08 [CLIENT DISCORD] 🔍 Commandes déjà présentes : commander, play, rules, createreport, div, role, info, pex, openservice, infoshift, recruit, help, ban, ticket, shutdown, userinfo, send, clear, kick, warn, mute, rename, shift, promote
[2026-01-06T04:00:08.181Z] 2026-01-06 05:00:08 [WARN] ⚠️ Les commandes sont déjà enregistrées. Lance avec 'debug' pour forcer l'écrasement.
[2026-01-06T04:00:08.183Z] 2026-01-06 05:00:08 [ERROR] ❌ Erreur lors de l'enregistrement des commandes : {}
[2026-01-06T04:00:08.183Z] 2026-01-06 05:00:08 [CLIENT DISCORD] ✅ Bot prêt en tant que 293 | Catherine#8045
[2026-01-06T04:00:08.186Z] 2026-01-06 05:00:08 [CLIENT DISCORD] [Cron] 🕒 Démarrage de la régénération automatique de la hiérarchie (tabs)...
[2026-01-06T04:00:08.187Z] 2026-01-06 05:00:08 [CLIENT DISCORD] [Cron] 🕒 Démarrage de la régénération automatique de la hiérarchie... (DIV)
[2026-01-06T04:00:09.303Z] [NOTIFY] 2026-01-06 05:00:09 [🟢 SOFT NOTIFY] Message TABS supprimé
[2026-01-06T04:00:09.754Z] 2026-01-06 05:00:09 [CLIENT DISCORD] [✅] Hiérarchie DIV envoyée.
[2026-01-06T04:00:09.756Z] 2026-01-06 05:00:09 [CLIENT DISCORD] [Cron] 🕒 Fin de la régénération automatique de la hiérarchie.
[2026-01-06T04:00:10.116Z] 2026-01-06 05:00:10 [CLIENT DISCORD] [✅] Hiérarchie TABS envoyée.
[2026-01-06T04:00:10.118Z] 2026-01-06 05:00:10 [CLIENT DISCORD] [Cron] 🕒 Fin de la régénération automatique de la hiérarchie.
[2026-01-06T07:00:00.009Z] 2026-01-06 08:00:00 [CLIENT DISCORD] [32m🌅 Tâches du matin exécutées ![39m
[2026-01-06T07:00:00.011Z] 2026-01-06 08:00:00 [CLIENT DISCORD] [Cron] 🕒 Démarrage de la régénération automatique de la hiérarchie (tabs)...
[2026-01-06T07:00:00.012Z] 2026-01-06 08:00:00 [CLIENT DISCORD] [Cron] 🕒 Démarrage de la régénération automatique de la hiérarchie... (DIV)
[2026-01-06T07:00:00.013Z] 2026-01-06 08:00:00 [CLIENT DISCORD] 🔍 Vérification des règles...
[2026-01-06T07:00:00.015Z] 2026-01-06 08:00:00 [DEBUG] 📦 Checking version from local...
[2026-01-06T07:00:00.016Z] 2026-01-06 08:00:00 [CLIENT DISCORD] 📦 Nom : catherine
[2026-01-06T07:00:00.017Z] 2026-01-06 08:00:00 [CLIENT DISCORD] 🕒 Version locale : 2.3.5
[2026-01-06T07:00:00.018Z] 2026-01-06 08:00:00 [DEBUG] 🌐 Checking version from GitHub...
[2026-01-06T07:00:00.022Z] 2026-01-06 08:00:00 [CLIENT DISCORD] ✅ rules_1.txt inchangé, pas de mise à jour.
[2026-01-06T07:00:00.023Z] 2026-01-06 08:00:00 [CLIENT DISCORD] ✅ rules_2.txt inchangé, pas de mise à jour.
[2026-01-06T07:00:00.024Z] 2026-01-06 08:00:00 [CLIENT DISCORD] ✅ Vérification des règles terminée.
[2026-01-06T07:00:00.152Z] 2026-01-06 08:00:00 [CLIENT DISCORD] [EXPORT] access.json mis à jour avec 12 exécutif(s), 3 superviseur(s) et 4 commandement(s)
[2026-01-06T07:00:00.488Z] 2026-01-06 08:00:00 [CLIENT DISCORD] 📦 Nom GitHub : catherine
[2026-01-06T07:00:00.490Z] 2026-01-06 08:00:00 [CLIENT DISCORD] 🕒 Version distante : 2.3.5
[2026-01-06T07:00:00.492Z] [INFO] 2026-01-06 08:00:00 [ℹ️ INFO NOTIFY] ✅ Les versions sont identiques.
[2026-01-06T07:00:00.924Z] [NOTIFY] 2026-01-06 08:00:00 [🟢 SOFT NOTIFY] Message TABS supprimé
[2026-01-06T07:00:02.375Z] 2026-01-06 08:00:02 [CLIENT DISCORD] [✅] Hiérarchie DIV envoyée.
[2026-01-06T07:00:02.377Z] 2026-01-06 08:00:02 [CLIENT DISCORD] [Cron] 🕒 Fin de la régénération automatique de la hiérarchie.
[2026-01-06T07:00:02.718Z] 2026-01-06 08:00:02 [CLIENT DISCORD] [✅] Hiérarchie TABS envoyée.
[2026-01-06T07:00:02.720Z] 2026-01-06 08:00:02 [CLIENT DISCORD] [Cron] 🕒 Fin de la régénération automatique de la hiérarchie.
[2026-01-06T12:13:15.127Z] 2026-01-06 13:13:15 [CLIENT DISCORD] [31m[MEMBER REMOVE] sadmicka / 248739383908368385 est parti à 06/01/2026, 13:13:15[39m
[2026-01-06T15:00:00.009Z] 2026-01-06 16:00:00 [CLIENT DISCORD] [32m🌇 Tâches du soir exécutées ![39m
[2026-01-06T15:00:00.011Z] 2026-01-06 16:00:00 [CLIENT DISCORD] [Cron] 🕒 Démarrage de la régénération automatique de la hiérarchie (tabs)...
[2026-01-06T15:00:00.013Z] 2026-01-06 16:00:00 [CLIENT DISCORD] [Cron] 🕒 Démarrage de la régénération automatique de la hiérarchie... (DIV)
[2026-01-06T15:00:00.014Z] 2026-01-06 16:00:00 [CLIENT DISCORD] 🔍 Vérification des règles...
[2026-01-06T15:00:00.015Z] 2026-01-06 16:00:00 [DEBUG] 📦 Checking version from local...
[2026-01-06T15:00:00.016Z] 2026-01-06 16:00:00 [CLIENT DISCORD] 📦 Nom : catherine
[2026-01-06T15:00:00.017Z] 2026-01-06 16:00:00 [CLIENT DISCORD] 🕒 Version locale : 2.3.5
[2026-01-06T15:00:00.018Z] 2026-01-06 16:00:00 [DEBUG] 🌐 Checking version from GitHub...
[2026-01-06T15:00:00.022Z] 2026-01-06 16:00:00 [CLIENT DISCORD] ✅ rules_1.txt inchangé, pas de mise à jour.
[2026-01-06T15:00:00.024Z] 2026-01-06 16:00:00 [CLIENT DISCORD] ✅ rules_2.txt inchangé, pas de mise à jour.
[2026-01-06T15:00:00.025Z] 2026-01-06 16:00:00 [CLIENT DISCORD] ✅ Vérification des règles terminée.
[2026-01-06T15:00:00.150Z] 2026-01-06 16:00:00 [CLIENT DISCORD] [EXPORT] access.json mis à jour avec 12 exécutif(s), 2 superviseur(s) et 4 commandement(s)
[2026-01-06T15:00:00.313Z] 2026-01-06 16:00:00 [CLIENT DISCORD] 📦 Nom GitHub : catherine
[2026-01-06T15:00:00.315Z] 2026-01-06 16:00:00 [CLIENT DISCORD] 🕒 Version distante : 2.3.5
[2026-01-06T15:00:00.317Z] [INFO] 2026-01-06 16:00:00 [ℹ️ INFO NOTIFY] ✅ Les versions sont identiques.
[2026-01-06T15:00:00.917Z] [NOTIFY] 2026-01-06 16:00:00 [🟢 SOFT NOTIFY] Message TABS supprimé
[2026-01-06T15:00:00.920Z] 2026-01-06 16:00:00 [CLIENT DISCORD] ✅ Données écrites dans config.json
[2026-01-06T15:00:02.351Z] 2026-01-06 16:00:02 [CLIENT DISCORD] [✅] Hiérarchie DIV envoyée.
[2026-01-06T15:00:02.352Z] 2026-01-06 16:00:02 [CLIENT DISCORD] [Cron] 🕒 Fin de la régénération automatique de la hiérarchie.
[2026-01-06T15:00:03.169Z] 2026-01-06 16:00:03 [CLIENT DISCORD] [✅] Hiérarchie TABS envoyée.
[2026-01-06T15:00:03.171Z] 2026-01-06 16:00:03 [CLIENT DISCORD] [Cron] 🕒 Fin de la régénération automatique de la hiérarchie.
[2026-01-06T15:00:07.472Z] 2026-01-06 16:00:07 [CLIENT DISCORD] 🔵 Interaction détectée : maybe
[2026-01-06T15:00:07.473Z] 2026-01-06 16:00:07 [CLIENT DISCORD] 🟢 clientData trouvé : {
  "messageId": "1458112876886626375",
  "participants": {
    "yes": [],
    "no": [],
    "maybe": []
  }
}
[2026-01-06T15:00:07.480Z] 2026-01-06 16:00:07 [CLIENT DISCORD] 📌 ID du message enregistré : 1458112876886626375
[2026-01-06T15:00:07.480Z] 2026-01-06 16:00:07 [CLIENT DISCORD] 📌 ID du message de l'interaction : 1458112876886626375
[2026-01-06T15:00:07.481Z] 2026-01-06 16:00:07 [CLIENT DISCORD] 🟢 Avant modification des participants : {
  "yes": [],
  "no": [],
  "maybe": []
}
[2026-01-06T15:00:07.485Z] 2026-01-06 16:00:07 [CLIENT DISCORD] 🟢 Après modification des participants : {
  "yes": [],
  "no": [],
  "maybe": [
    "244-FTO | Erica Sanchez"
  ]
}
[2026-01-06T15:00:07.490Z] 2026-01-06 16:00:07 [CLIENT DISCORD] 🟢 Embed mis à jour : {
  "title": "Qui sera présent ce soir ?",
  "description": "Veuillez indiquer votre présence en appuyant sur un bouton ci-dessous.",
  "color": 44678,
  "fields": [
    {
      "name": "✅ Oui",
      "value": "Aucun",
      "inline": true
    },
    {
      "name": "❌ Non",
      "value": "Aucun",
      "inline": true
    },
    {
      "name": "🤔 Peut-être",
      "value": "`244-FTO | Erica Sanchez`",
      "inline": true
    }
  ]
}
[2026-01-06T15:00:08.068Z] 2026-01-06 16:00:08 [CLIENT DISCORD] [BUTTON] matharcane a exécuté l'interaction bouton maybe dans 1347963262892904469
[2026-01-06T15:01:23.348Z] 2026-01-06 16:01:23 [CLIENT DISCORD] 🔵 Interaction détectée : no
[2026-01-06T15:01:23.349Z] 2026-01-06 16:01:23 [CLIENT DISCORD] 🟢 clientData trouvé : {
  "messageId": "1458112876886626375",
  "participants": {
    "yes": [],
    "no": [],
    "maybe": [
      "244-FTO | Erica Sanchez"
    ]
  }
}
[2026-01-06T15:01:23.356Z] 2026-01-06 16:01:23 [CLIENT DISCORD] 📌 ID du message enregistré : 1458112876886626375
[2026-01-06T15:01:23.357Z] 2026-01-06 16:01:23 [CLIENT DISCORD] 📌 ID du message de l'interaction : 1457750489025216626
[2026-01-06T15:01:23.357Z] 2026-01-06 16:01:23 [CLIENT DISCORD] 🔴 Le message de l'interaction ne correspond pas !
[2026-01-06T15:01:23.358Z] 2026-01-06 16:01:23 [CLIENT DISCORD] [BUTTON] mrbobolt a exécuté l'interaction bouton no dans 1347963262892904469
[2026-01-06T15:01:32.975Z] 2026-01-06 16:01:32 [CLIENT DISCORD] 🔵 Interaction détectée : no
[2026-01-06T15:01:32.976Z] 2026-01-06 16:01:32 [CLIENT DISCORD] 🟢 clientData trouvé : {
  "messageId": "1458112876886626375",
  "participants": {
    "yes": [],
    "no": [],
    "maybe": [
      "244-FTO | Erica Sanchez"
    ]
  }
}
[2026-01-06T15:01:32.983Z] 2026-01-06 16:01:32 [CLIENT DISCORD] 📌 ID du message enregistré : 1458112876886626375
[2026-01-06T15:01:32.983Z] 2026-01-06 16:01:32 [CLIENT DISCORD] 📌 ID du message de l'interaction : 1458112876886626375
[2026-01-06T15:01:32.984Z] 2026-01-06 16:01:32 [CLIENT DISCORD] 🟢 Avant modification des participants : {
  "yes": [],
  "no": [],
  "maybe": [
    "244-FTO | Erica Sanchez"
  ]
}
[2026-01-06T15:01:32.988Z] 2026-01-06 16:01:32 [CLIENT DISCORD] 🟢 Après modification des participants : {
  "yes": [],
  "no": [
    "CAR-2 | Marc Wheeler"
  ],
  "maybe": [
    "244-FTO | Erica Sanchez"
  ]
}
[2026-01-06T15:01:32.994Z] 2026-01-06 16:01:32 [CLIENT DISCORD] 🟢 Embed mis à jour : {
  "title": "Qui sera présent ce soir ?",
  "description": "Veuillez indiquer votre présence en appuyant sur un bouton ci-dessous.",
  "color": 44678,
  "fields": [
    {
      "name": "✅ Oui",
      "value": "Aucun",
      "inline": true
    },
    {
      "name": "❌ Non",
      "value": "`CAR-2 | Marc Wheeler`",
      "inline": true
    },
    {
      "name": "🤔 Peut-être",
      "value": "`244-FTO | Erica Sanchez`",
      "inline": true
    }
  ]
}
[2026-01-06T15:01:33.794Z] 2026-01-06 16:01:33 [CLIENT DISCORD] [BUTTON] mrbobolt a exécuté l'interaction bouton no dans 1347963262892904469
[2026-01-06T15:01:36.351Z] 2026-01-06 16:01:36 [CLIENT DISCORD] 🔵 Interaction détectée : no
[2026-01-06T15:01:36.353Z] 2026-01-06 16:01:36 [CLIENT DISCORD] 🟢 clientData trouvé : {
  "messageId": "1458112876886626375",
  "participants": {
    "yes": [],
    "no": [
      "CAR-2 | Marc Wheeler"
    ],
    "maybe": [
      "244-FTO | Erica Sanchez"
    ]
  }
}
[2026-01-06T15:01:36.361Z] 2026-01-06 16:01:36 [CLIENT DISCORD] 📌 ID du message enregistré : 1458112876886626375
[2026-01-06T15:01:36.361Z] 2026-01-06 16:01:36 [CLIENT DISCORD] 📌 ID du message de l'interaction : 1457750489025216626
[2026-01-06T15:01:36.362Z] 2026-01-06 16:01:36 [CLIENT DISCORD] 🔴 Le message de l'interaction ne correspond pas !
[2026-01-06T15:01:36.363Z] 2026-01-06 16:01:36 [CLIENT DISCORD] [BUTTON] mrbobolt a exécuté l'interaction bouton no dans 1347963262892904469
[2026-01-06T15:05:15.283Z] 2026-01-06 16:05:15 [CLIENT DISCORD] 🔵 Interaction détectée : yes
[2026-01-06T15:05:15.286Z] 2026-01-06 16:05:15 [CLIENT DISCORD] 🟢 clientData trouvé : {
  "messageId": "1458112876886626375",
  "participants": {
    "yes": [],
    "no": [
      "CAR-2 | Marc Wheeler"
    ],
    "maybe": [
      "244-FTO | Erica Sanchez"
    ]
  }
}
[2026-01-06T15:05:15.295Z] 2026-01-06 16:05:15 [CLIENT DISCORD] 📌 ID du message enregistré : 1458112876886626375
[2026-01-06T15:05:15.296Z] 2026-01-06 16:05:15 [CLIENT DISCORD] 📌 ID du message de l'interaction : 1458112876886626375
[2026-01-06T15:05:15.296Z] 2026-01-06 16:05:15 [CLIENT DISCORD] 🟢 Avant modification des participants : {
  "yes": [],
  "no": [
    "CAR-2 | Marc Wheeler"
  ],
  "maybe": [
    "244-FTO | Erica Sanchez"
  ]
}
[2026-01-06T15:05:15.302Z] 2026-01-06 16:05:15 [CLIENT DISCORD] 🟢 Après modification des participants : {
  "yes": [
    "893-LT | Sean Lennon"
  ],
  "no": [
    "CAR-2 | Marc Wheeler"
  ],
  "maybe": [
    "244-FTO | Erica Sanchez"
  ]
}
[2026-01-06T15:05:15.308Z] 2026-01-06 16:05:15 [CLIENT DISCORD] 🟢 Embed mis à jour : {
  "title": "Qui sera présent ce soir ?",
  "description": "Veuillez indiquer votre présence en appuyant sur un bouton ci-dessous.",
  "color": 44678,
  "fields": [
    {
      "name": "✅ Oui",
      "value": "`893-LT | Sean Lennon`",
      "inline": true
    },
    {
      "name": "❌ Non",
      "value": "`CAR-2 | Marc Wheeler`",
      "inline": true
    },
    {
      "name": "🤔 Peut-être",
      "value": "`244-FTO | Erica Sanchez`",
      "inline": true
    }
  ]
}
[2026-01-06T15:05:17.024Z] 2026-01-06 16:05:17 [CLIENT DISCORD] [BUTTON] francois.piano a exécuté l'interaction bouton yes dans 1347963262892904469
[2026-01-06T15:46:17.484Z] 2026-01-06 16:46:17 [CLIENT DISCORD] 🔵 Interaction détectée : maybe
[2026-01-06T15:46:17.485Z] 2026-01-06 16:46:17 [CLIENT DISCORD] 🟢 clientData trouvé : {
  "messageId": "1458112876886626375",
  "participants": {
    "yes": [
      "893-LT | Sean Lennon"
    ],
    "no": [
      "CAR-2 | Marc Wheeler"
    ],
    "maybe": [
      "244-FTO | Erica Sanchez"
    ]
  }
}
[2026-01-06T15:46:17.493Z] 2026-01-06 16:46:17 [CLIENT DISCORD] 📌 ID du message enregistré : 1458112876886626375
[2026-01-06T15:46:17.493Z] 2026-01-06 16:46:17 [CLIENT DISCORD] 📌 ID du message de l'interaction : 1458112876886626375
[2026-01-06T15:46:17.494Z] 2026-01-06 16:46:17 [CLIENT DISCORD] 🟢 Avant modification des participants : {
  "yes": [
    "893-LT | Sean Lennon"
  ],
  "no": [
    "CAR-2 | Marc Wheeler"
  ],
  "maybe": [
    "244-FTO | Erica Sanchez"
  ]
}
[2026-01-06T15:46:17.500Z] 2026-01-06 16:46:17 [CLIENT DISCORD] 🟢 Après modification des participants : {
  "yes": [
    "893-LT | Sean Lennon"
  ],
  "no": [
    "CAR-2 | Marc Wheeler"
  ],
  "maybe": [
    "244-FTO | Erica Sanchez",
    "CAR-1 | Rodriguez DaSilva"
  ]
}
[2026-01-06T15:46:17.507Z] 2026-01-06 16:46:17 [CLIENT DISCORD] 🟢 Embed mis à jour : {
  "title": "Qui sera présent ce soir ?",
  "description": "Veuillez indiquer votre présence en appuyant sur un bouton ci-dessous.",
  "color": 44678,
  "fields": [
    {
      "name": "✅ Oui",
      "value": "`893-LT | Sean Lennon`",
      "inline": true
    },
    {
      "name": "❌ Non",
      "value": "`CAR-2 | Marc Wheeler`",
      "inline": true
    },
    {
      "name": "🤔 Peut-être",
      "value": "`244-FTO | Erica Sanchez`, `CAR-1 | Rodriguez DaSilva`",
      "inline": true
    }
  ]
}
[2026-01-06T15:46:18.613Z] 2026-01-06 16:46:18 [CLIENT DISCORD] [BUTTON] .darkodin92 a exécuté l'interaction bouton maybe dans 1347963262892904469
[2026-01-06T17:14:36.984Z] 2026-01-06 18:14:36 [CLIENT DISCORD] 🔵 Interaction détectée : maybe
[2026-01-06T17:14:36.985Z] 2026-01-06 18:14:36 [CLIENT DISCORD] 🟢 clientData trouvé : {
  "messageId": "1458112876886626375",
  "participants": {
    "yes": [
      "893-LT | Sean Lennon"
    ],
    "no": [
      "CAR-2 | Marc Wheeler"
    ],
    "maybe": [
      "244-FTO | Erica Sanchez",
      "CAR-1 | Rodriguez DaSilva"
    ]
  }
}
[2026-01-06T17:14:37.028Z] 2026-01-06 18:14:37 [CLIENT DISCORD] 📌 ID du message enregistré : 1458112876886626375
[2026-01-06T17:14:37.029Z] 2026-01-06 18:14:37 [CLIENT DISCORD] 📌 ID du message de l'interaction : 1458112876886626375
[2026-01-06T17:14:37.029Z] 2026-01-06 18:14:37 [CLIENT DISCORD] 🟢 Avant modification des participants : {
  "yes": [
    "893-LT | Sean Lennon"
  ],
  "no": [
    "CAR-2 | Marc Wheeler"
  ],
  "maybe": [
    "244-FTO | Erica Sanchez",
    "CAR-1 | Rodriguez DaSilva"
  ]
}
[2026-01-06T17:14:37.036Z] 2026-01-06 18:14:37 [CLIENT DISCORD] 🟢 Après modification des participants : {
  "yes": [],
  "no": [
    "CAR-2 | Marc Wheeler"
  ],
  "maybe": [
    "244-FTO | Erica Sanchez",
    "CAR-1 | Rodriguez DaSilva",
    "893-LT | Sean Lennon"
  ]
}
[2026-01-06T17:14:37.043Z] 2026-01-06 18:14:37 [CLIENT DISCORD] 🟢 Embed mis à jour : {
  "title": "Qui sera présent ce soir ?",
  "description": "Veuillez indiquer votre présence en appuyant sur un bouton ci-dessous.",
  "color": 44678,
  "fields": [
    {
      "name": "✅ Oui",
      "value": "Aucun",
      "inline": true
    },
    {
      "name": "❌ Non",
      "value": "`CAR-2 | Marc Wheeler`",
      "inline": true
    },
    {
      "name": "🤔 Peut-être",
      "value": "`244-FTO | Erica Sanchez`, `CAR-1 | Rodriguez DaSilva`, `893-LT | Sean Lennon`",
      "inline": true
    }
  ]
}
[2026-01-06T17:14:37.910Z] 2026-01-06 18:14:37 [CLIENT DISCORD] [BUTTON] francois.piano a exécuté l'interaction bouton maybe dans 1347963262892904469
[2026-01-06T17:17:29.531Z] 2026-01-06 18:17:29 [CLIENT DISCORD] Ticket ID 1455230232800923781 a été archivé dans la console.
[2026-01-06T17:17:29.532Z] 2026-01-06 18:17:29 [CLIENT DISCORD] [BUTTON] francois.piano a exécuté l'interaction bouton close_but dans 1455230232800923781
[2026-01-06T17:17:29.535Z] 2026-01-06 18:17:29 [ERROR] (node:258635) Warning: Supplying "ephemeral" for interaction response options is deprecated. Utilize flags instead.
(Use `node --trace-warnings ...` to show where the warning was created)
[2026-01-06T17:17:29.537Z] 2026-01-06 18:17:29 [CLIENT DISCORD] ✅ Fichier ticket.json enregistré avec succès !
[2026-01-06T18:05:16.412Z] 2026-01-06 19:05:16 [CLIENT DISCORD] 🔵 Interaction détectée : maybe
[2026-01-06T18:05:16.414Z] 2026-01-06 19:05:16 [CLIENT DISCORD] 🟢 clientData trouvé : {
  "messageId": "1458112876886626375",
  "participants": {
    "yes": [],
    "no": [
      "CAR-2 | Marc Wheeler"
    ],
    "maybe": [
      "244-FTO | Erica Sanchez",
      "CAR-1 | Rodriguez DaSilva",
      "893-LT | Sean Lennon"
    ]
  }
}
[2026-01-06T18:05:16.423Z] 2026-01-06 19:05:16 [CLIENT DISCORD] 📌 ID du message enregistré : 1458112876886626375
[2026-01-06T18:05:16.424Z] 2026-01-06 19:05:16 [CLIENT DISCORD] 📌 ID du message de l'interaction : 1458112876886626375
[2026-01-06T18:05:16.425Z] 2026-01-06 19:05:16 [CLIENT DISCORD] 🟢 Avant modification des participants : {
  "yes": [],
  "no": [
    "CAR-2 | Marc Wheeler"
  ],
  "maybe": [
    "244-FTO | Erica Sanchez",
    "CAR-1 | Rodriguez DaSilva",
    "893-LT | Sean Lennon"
  ]
}
[2026-01-06T18:05:16.432Z] 2026-01-06 19:05:16 [CLIENT DISCORD] 🟢 Après modification des participants : {
  "yes": [],
  "no": [
    "CAR-2 | Marc Wheeler"
  ],
  "maybe": [
    "244-FTO | Erica Sanchez",
    "CAR-1 | Rodriguez DaSilva",
    "893-LT | Sean Lennon",
    "215-DPT | James Garcia"
  ]
}
[2026-01-06T18:05:16.438Z] 2026-01-06 19:05:16 [CLIENT DISCORD] 🟢 Embed mis à jour : {
  "title": "Qui sera présent ce soir ?",
  "description": "Veuillez indiquer votre présence en appuyant sur un bouton ci-dessous.",
  "color": 44678,
  "fields": [
    {
      "name": "✅ Oui",
      "value": "Aucun",
      "inline": true
    },
    {
      "name": "❌ Non",
      "value": "`CAR-2 | Marc Wheeler`",
      "inline": true
    },
    {
      "name": "🤔 Peut-être",
      "value": "`244-FTO | Erica Sanchez`, `CAR-1 | Rodriguez DaSilva`, `893-LT | Sean Lennon`, `215-DPT | James Garcia`",
      "inline": true
    }
  ]
}
[2026-01-06T18:05:17.245Z] 2026-01-06 19:05:17 [CLIENT DISCORD] [BUTTON] khalil35 a exécuté l'interaction bouton maybe dans 1347963262892904469
[2026-01-06T18:22:33.979Z] 2026-01-06 19:22:33 [CLIENT DISCORD] 🔵 Interaction détectée : yes
[2026-01-06T18:22:33.980Z] 2026-01-06 19:22:33 [CLIENT DISCORD] 🟢 clientData trouvé : {
  "messageId": "1458112876886626375",
  "participants": {
    "yes": [],
    "no": [
      "CAR-2 | Marc Wheeler"
    ],
    "maybe": [
      "244-FTO | Erica Sanchez",
      "CAR-1 | Rodriguez DaSilva",
      "893-LT | Sean Lennon",
      "215-DPT | James Garcia"
    ]
  }
}
[2026-01-06T18:22:33.989Z] 2026-01-06 19:22:33 [CLIENT DISCORD] 📌 ID du message enregistré : 1458112876886626375
[2026-01-06T18:22:33.990Z] 2026-01-06 19:22:33 [CLIENT DISCORD] 📌 ID du message de l'interaction : 1457750489025216626
[2026-01-06T18:22:33.991Z] 2026-01-06 19:22:33 [CLIENT DISCORD] 🔴 Le message de l'interaction ne correspond pas !
[2026-01-06T18:22:33.991Z] 2026-01-06 19:22:33 [CLIENT DISCORD] [BUTTON] .darkodin92 a exécuté l'interaction bouton yes dans 1347963262892904469
